#
# There is insufficient memory for the Java Runtime Environment to continue.
# Native memory allocation (malloc) failed to allocate 1072336 bytes for Chunk::new
# Possible reasons:
#   The system is out of physical RAM or swap space
#   The process is running with CompressedOops enabled, and the Java Heap may be blocking the growth of the native heap
# Possible solutions:
#   Reduce memory load on the system
#   Increase physical memory or swap space
#   Check if swap backing store is full
#   Decrease Java heap size (-Xmx/-Xms)
#   Decrease number of Java threads
#   Decrease Java thread stack sizes (-Xss)
#   Set larger code cache with -XX:ReservedCodeCacheSize=
#   JVM is running with Unscaled Compressed Oops mode in which the Java heap is
#     placed in the first 4GB address space. The Java Heap base address is the
#     maximum limit for the native heap growth. Please use -XX:HeapBaseMinAddress
#     to set the Java Heap base and to place the Java Heap above 4GB virtual address.
# This output file may be truncated or incomplete.
#
#  Out of Memory Error (./src/hotspot/share/memory/arena.cpp:197), pid=3080, tid=8400
#
# JRE version: OpenJDK Runtime Environment (11.0.11+9) (build 11.0.11+9-b60-7590822)
# Java VM: OpenJDK 64-Bit Server VM (11.0.11+9-b60-7590822, mixed mode, tiered, compressed oops, g1 gc, windows-amd64)
# No core dump will be written. Minidumps are not enabled by default on client versions of Windows
#

---------------  S U M M A R Y ------------

Command Line: --add-opens=java.base/java.util=ALL-UNNAMED --add-opens=java.base/java.lang=ALL-UNNAMED --add-opens=java.base/java.lang.invoke=ALL-UNNAMED --add-opens=java.base/java.util=ALL-UNNAMED --add-opens=java.prefs/java.util.prefs=ALL-UNNAMED --add-opens=java.prefs/java.util.prefs=ALL-UNNAMED --add-opens=java.base/java.nio.charset=ALL-UNNAMED --add-opens=java.base/java.net=ALL-UNNAMED --add-opens=java.base/java.util.concurrent.atomic=ALL-UNNAMED -Xmx2048m -Dfile.encoding=UTF-8 -Duser.country=RU -Duser.language=ru -Duser.variant org.gradle.launcher.daemon.bootstrap.GradleDaemon 7.2

Host: Intel(R) Core(TM) i7-1065G7 CPU @ 1.30GHz, 8 cores, 7G,  Windows 10 , 64 bit Build 18362 (10.0.18362.329)
Time: Wed May 18 17:14:47 2022 Caiaaiay Acey (ceia) elapsed time: 7.197268 seconds (0d 0h 0m 7s)

---------------  T H R E A D  ---------------

Current thread (0x000001f4d1d6c000):  JavaThread "C2 CompilerThread1" daemon [_thread_in_native, id=8400, stack(0x0000006b07400000,0x0000006b07500000)]


Current CompileTask:
C2:   7197 7873       4       org.gradle.internal.reflect.ClassInspector::inspectClass (179 bytes)

Stack: [0x0000006b07400000,0x0000006b07500000]
Native frames: (J=compiled Java code, j=interpreted, Vv=VM code, C=native code)
V  [jvm.dll+0x5f214a]
V  [jvm.dll+0x726fb5]
V  [jvm.dll+0x7285cd]
V  [jvm.dll+0x728c83]
V  [jvm.dll+0x243278]
V  [jvm.dll+0xbc53c]
V  [jvm.dll+0xbca3c]
V  [jvm.dll+0x353e7d]
V  [jvm.dll+0x19875c]
V  [jvm.dll+0x1fc2ee]
V  [jvm.dll+0x1fb3d4]
V  [jvm.dll+0x183d6c]
V  [jvm.dll+0x209a57]
V  [jvm.dll+0x2082a1]
V  [jvm.dll+0x6ef58f]
V  [jvm.dll+0x6e80b5]
V  [jvm.dll+0x5f1036]
C  [ucrtbase.dll+0x20e72]
C  [KERNEL32.DLL+0x17bd4]
C  [ntdll.dll+0x6ced1]


---------------  P R O C E S S  ---------------

Threads class SMR info:
_java_thread_list=0x000001f4d9e5c870, length=124, elements={
0x000001f4b6cff800, 0x000001f4d1199800, 0x000001f4d119b000, 0x000001f4d11b6800,
0x000001f4d11ba000, 0x000001f4d11bb000, 0x000001f4d11bd000, 0x000001f4d11be800,
0x000001f4d1b04800, 0x000001f4d1c7d800, 0x000001f4d1d6c000, 0x000001f4d1fd2000,
0x000001f4d2bc9800, 0x000001f4d398a000, 0x000001f4d41ab800, 0x000001f4d3aa6000,
0x000001f4d3c95800, 0x000001f4d3bca800, 0x000001f4d3fb6800, 0x000001f4d3f76000,
0x000001f4d3faf800, 0x000001f4d3fac800, 0x000001f4d3fae000, 0x000001f4d3fb0800,
0x000001f4d3fb1000, 0x000001f4d3faf000, 0x000001f4d3fb2000, 0x000001f4d3fb3000,
0x000001f4d3fad000, 0x000001f4d5c35800, 0x000001f4d5c37000, 0x000001f4d5c36000,
0x000001f4d5c38800, 0x000001f4d5c33000, 0x000001f4d5c3c800, 0x000001f4d5c41000,
0x000001f4d5c3b000, 0x000001f4d5c3e800, 0x000001f4d5c40000, 0x000001f4d5c3d800,
0x000001f4d5c3c000, 0x000001f4d5c3f000, 0x000001f4d90b9800, 0x000001f4d90b7000,
0x000001f4d90b8000, 0x000001f4d90b8800, 0x000001f4d90ba800, 0x000001f4d90b6800,
0x000001f4d90be800, 0x000001f4d90c1000, 0x000001f4d90bd800, 0x000001f4d90bf800,
0x000001f4d90bc000, 0x000001f4d90bd000, 0x000001f4d90bb000, 0x000001f4d90c2800,
0x000001f4d90c3800, 0x000001f4d90c1800, 0x000001f4d90c4000, 0x000001f4d90c5000,
0x000001f4d90c0000, 0x000001f4d7268000, 0x000001f4d7267800, 0x000001f4d7266000,
0x000001f4d726c800, 0x000001f4d726a000, 0x000001f4d7266800, 0x000001f4d726a800,
0x000001f4d726e000, 0x000001f4d726f000, 0x000001f4d726d000, 0x000001f4d7269000,
0x000001f4d726f800, 0x000001f4d7270800, 0x000001f4d7271000, 0x000001f4d726b800,
0x000001f4d7272000, 0x000001f4d7273800, 0x000001f4d7273000, 0x000001f4d7274800,
0x000001f4d8e37800, 0x000001f4d8e36000, 0x000001f4d8e38800, 0x000001f4d8e36800,
0x000001f4d8e39000, 0x000001f4d8e35000, 0x000001f4d8e3a000, 0x000001f4d8e34800,
0x000001f4d8e3b000, 0x000001f4d9670000, 0x000001f4d9671000, 0x000001f4d966f800,
0x000001f4d9674000, 0x000001f4d9675000, 0x000001f4d9676800, 0x000001f4d9676000,
0x000001f4d9677800, 0x000001f4d9671800, 0x000001f4d9678800, 0x000001f4d9672800,
0x000001f4d9679000, 0x000001f4d9673800, 0x000001f4d967a000, 0x000001f4d967a800,
0x000001f4d967b800, 0x000001f4d967c800, 0x000001f4d967d000, 0x000001f4d967e000,
0x000001f4d940e000, 0x000001f4d9414800, 0x000001f4d9413000, 0x000001f4d9410800,
0x000001f4d9412000, 0x000001f4d9414000, 0x000001f4d940f000, 0x000001f4d9415800,
0x000001f4d9411800, 0x000001f4d940f800, 0x000001f4d9417000, 0x000001f4d9418000,
0x000001f4d9418800, 0x000001f4d9419800, 0x000001f4d941a800, 0x000001f4d941b000
}

Java Threads: ( => current thread )
  0x000001f4b6cff800 JavaThread "main" [_thread_blocked, id=11344, stack(0x0000006b06300000,0x0000006b06400000)]
  0x000001f4d1199800 JavaThread "Reference Handler" daemon [_thread_blocked, id=6628, stack(0x0000006b06a00000,0x0000006b06b00000)]
  0x000001f4d119b000 JavaThread "Finalizer" daemon [_thread_blocked, id=3200, stack(0x0000006b06b00000,0x0000006b06c00000)]
  0x000001f4d11b6800 JavaThread "Signal Dispatcher" daemon [_thread_blocked, id=11352, stack(0x0000006b06c00000,0x0000006b06d00000)]
  0x000001f4d11ba000 JavaThread "Attach Listener" daemon [_thread_blocked, id=2368, stack(0x0000006b06d00000,0x0000006b06e00000)]
  0x000001f4d11bb000 JavaThread "Service Thread" daemon [_thread_blocked, id=1152, stack(0x0000006b06e00000,0x0000006b06f00000)]
  0x000001f4d11bd000 JavaThread "C2 CompilerThread0" daemon [_thread_in_native, id=8800, stack(0x0000006b06f00000,0x0000006b07000000)]
  0x000001f4d11be800 JavaThread "C1 CompilerThread0" daemon [_thread_in_native, id=8464, stack(0x0000006b07000000,0x0000006b07100000)]
  0x000001f4d1b04800 JavaThread "Sweeper thread" daemon [_thread_blocked, id=6136, stack(0x0000006b07100000,0x0000006b07200000)]
  0x000001f4d1c7d800 JavaThread "Common-Cleaner" daemon [_thread_blocked, id=9544, stack(0x0000006b07200000,0x0000006b07300000)]
=>0x000001f4d1d6c000 JavaThread "C2 CompilerThread1" daemon [_thread_in_native, id=8400, stack(0x0000006b07400000,0x0000006b07500000)]
  0x000001f4d1fd2000 JavaThread "C2 CompilerThread2" daemon [_thread_in_native, id=8376, stack(0x0000006b07500000,0x0000006b07600000)]
  0x000001f4d2bc9800 JavaThread "Daemon health stats" [_thread_blocked, id=2324, stack(0x0000006b07800000,0x0000006b07900000)]
  0x000001f4d398a000 JavaThread "Incoming local TCP Connector on port 54257" [_thread_in_native, id=9052, stack(0x0000006b07900000,0x0000006b07a00000)]
  0x000001f4d41ab800 JavaThread "Daemon periodic checks" [_thread_blocked, id=4932, stack(0x0000006b07a00000,0x0000006b07b00000)]
  0x000001f4d3aa6000 JavaThread "Daemon" [_thread_blocked, id=5892, stack(0x0000006b07b00000,0x0000006b07c00000)]
  0x000001f4d3c95800 JavaThread "Handler for socket connection from /127.0.0.1:54257 to /127.0.0.1:54258" [_thread_in_native, id=4868, stack(0x0000006b07c00000,0x0000006b07d00000)]
  0x000001f4d3bca800 JavaThread "Cancel handler" [_thread_blocked, id=2584, stack(0x0000006b07d00000,0x0000006b07e00000)]
  0x000001f4d3fb6800 JavaThread "Daemon worker" [_thread_in_Java, id=3012, stack(0x0000006b07e00000,0x0000006b07f00000)]
  0x000001f4d3f76000 JavaThread "Asynchronous log dispatcher for DefaultDaemonConnection: socket connection from /127.0.0.1:54257 to /127.0.0.1:54258" [_thread_blocked, id=7144, stack(0x0000006b07f00000,0x0000006b08000000)]
  0x000001f4d3faf800 JavaThread "Stdin handler" [_thread_blocked, id=1852, stack(0x0000006b08000000,0x0000006b08100000)]
  0x000001f4d3fac800 JavaThread "Daemon client event forwarder" [_thread_blocked, id=5316, stack(0x0000006b08100000,0x0000006b08200000)]
  0x000001f4d3fae000 JavaThread "Cache worker for journal cache (D:\ProgramsfilesD\Android\Sdk\caches\journal-1)" [_thread_blocked, id=7196, stack(0x0000006b08700000,0x0000006b08800000)]
  0x000001f4d3fb0800 JavaThread "File lock request listener" [_thread_in_native, id=10136, stack(0x0000006b08800000,0x0000006b08900000)]
  0x000001f4d3fb1000 JavaThread "Cache worker for file hash cache (D:\ProgramsfilesD\Android\Sdk\caches\7.2\fileHashes)" [_thread_blocked, id=1428, stack(0x0000006b08900000,0x0000006b08a00000)]
  0x000001f4d3faf000 JavaThread "Cache worker for file hash cache (D:\NotesApp\.gradle\7.2\fileHashes)" [_thread_blocked, id=2132, stack(0x0000006b08b00000,0x0000006b08c00000)]
  0x000001f4d3fb2000 JavaThread "File watcher server" daemon [_thread_in_native, id=2728, stack(0x0000006b08c00000,0x0000006b08d00000)]
  0x000001f4d3fb3000 JavaThread "File watcher consumer" daemon [_thread_blocked, id=3036, stack(0x0000006b08d00000,0x0000006b08e00000)]
  0x000001f4d3fad000 JavaThread "Cache worker for checksums cache (D:\NotesApp\.gradle\checksums)" [_thread_blocked, id=2012, stack(0x0000006b08e00000,0x0000006b08f00000)]
  0x000001f4d5c35800 JavaThread "Cache worker for cache directory md-supplier (D:\ProgramsfilesD\Android\Sdk\caches\7.2\md-supplier)" [_thread_blocked, id=736, stack(0x0000006b08f00000,0x0000006b09000000)]
  0x000001f4d5c37000 JavaThread "Cache worker for cache directory md-rule (D:\ProgramsfilesD\Android\Sdk\caches\7.2\md-rule)" [_thread_blocked, id=7728, stack(0x0000006b09000000,0x0000006b09100000)]
  0x000001f4d5c36000 JavaThread "Cache worker for execution history cache (D:\ProgramsfilesD\Android\Sdk\caches\7.2\executionHistory)" [_thread_blocked, id=12232, stack(0x0000006b09100000,0x0000006b09200000)]
  0x000001f4d5c38800 JavaThread "jar transforms" [_thread_blocked, id=6804, stack(0x0000006b09200000,0x0000006b09300000)]
  0x000001f4d5c33000 JavaThread "Cache worker for file content cache (D:\ProgramsfilesD\Android\Sdk\caches\7.2\fileContent)" [_thread_blocked, id=7372, stack(0x0000006b09300000,0x0000006b09400000)]
  0x000001f4d5c3c800 JavaThread "jar transforms Thread 2" [_thread_blocked, id=10276, stack(0x0000006b09400000,0x0000006b09500000)]
  0x000001f4d5c41000 JavaThread "Cache worker for dependencies-accessors (D:\NotesApp\.gradle\7.2\dependencies-accessors)" [_thread_blocked, id=8248, stack(0x0000006b09500000,0x0000006b09600000)]
  0x000001f4d5c3b000 JavaThread "jar transforms Thread 3" [_thread_blocked, id=1464, stack(0x0000006b09600000,0x0000006b09700000)]
  0x000001f4d5c3e800 JavaThread "Cache worker for Build Output Cleanup Cache (D:\NotesApp\.gradle\buildOutputCleanup)" [_thread_blocked, id=5880, stack(0x0000006b09700000,0x0000006b09800000)]
  0x000001f4d5c40000 JavaThread "Unconstrained build operations" [_thread_blocked, id=7248, stack(0x0000006b09800000,0x0000006b09900000)]
  0x000001f4d5c3d800 JavaThread "Unconstrained build operations Thread 2" [_thread_blocked, id=1224, stack(0x0000006b09900000,0x0000006b09a00000)]
  0x000001f4d5c3c000 JavaThread "Unconstrained build operations Thread 3" [_thread_blocked, id=11060, stack(0x0000006b09a00000,0x0000006b09b00000)]
  0x000001f4d5c3f000 JavaThread "Unconstrained build operations Thread 4" [_thread_blocked, id=10372, stack(0x0000006b09b00000,0x0000006b09c00000)]
  0x000001f4d90b9800 JavaThread "Unconstrained build operations Thread 5" [_thread_blocked, id=3196, stack(0x0000006b09c00000,0x0000006b09d00000)]
  0x000001f4d90b7000 JavaThread "Unconstrained build operations Thread 6" [_thread_blocked, id=1372, stack(0x0000006b09d00000,0x0000006b09e00000)]
  0x000001f4d90b8000 JavaThread "Unconstrained build operations Thread 7" [_thread_blocked, id=11576, stack(0x0000006b09e00000,0x0000006b09f00000)]
  0x000001f4d90b8800 JavaThread "Unconstrained build operations Thread 8" [_thread_blocked, id=5156, stack(0x0000006b09f00000,0x0000006b0a000000)]
  0x000001f4d90ba800 JavaThread "Unconstrained build operations Thread 9" [_thread_blocked, id=11272, stack(0x0000006b0a000000,0x0000006b0a100000)]
  0x000001f4d90b6800 JavaThread "Unconstrained build operations Thread 10" [_thread_blocked, id=604, stack(0x0000006b0a100000,0x0000006b0a200000)]
  0x000001f4d90be800 JavaThread "Unconstrained build operations Thread 11" [_thread_blocked, id=11616, stack(0x0000006b0a200000,0x0000006b0a300000)]
  0x000001f4d90c1000 JavaThread "Unconstrained build operations Thread 12" [_thread_blocked, id=9536, stack(0x0000006b0a300000,0x0000006b0a400000)]
  0x000001f4d90bd800 JavaThread "Unconstrained build operations Thread 13" [_thread_blocked, id=1724, stack(0x0000006b0a400000,0x0000006b0a500000)]
  0x000001f4d90bf800 JavaThread "Unconstrained build operations Thread 14" [_thread_blocked, id=12004, stack(0x0000006b0a500000,0x0000006b0a600000)]
  0x000001f4d90bc000 JavaThread "Unconstrained build operations Thread 15" [_thread_blocked, id=2596, stack(0x0000006b0a600000,0x0000006b0a700000)]
  0x000001f4d90bd000 JavaThread "Unconstrained build operations Thread 16" [_thread_blocked, id=11808, stack(0x0000006b0a700000,0x0000006b0a800000)]
  0x000001f4d90bb000 JavaThread "Unconstrained build operations Thread 17" [_thread_blocked, id=4660, stack(0x0000006b0a800000,0x0000006b0a900000)]
  0x000001f4d90c2800 JavaThread "Unconstrained build operations Thread 18" [_thread_blocked, id=10944, stack(0x0000006b0a900000,0x0000006b0aa00000)]
  0x000001f4d90c3800 JavaThread "Unconstrained build operations Thread 19" [_thread_blocked, id=6928, stack(0x0000006b0aa00000,0x0000006b0ab00000)]
  0x000001f4d90c1800 JavaThread "Unconstrained build operations Thread 20" [_thread_blocked, id=1452, stack(0x0000006b0ab00000,0x0000006b0ac00000)]
  0x000001f4d90c4000 JavaThread "Unconstrained build operations Thread 21" [_thread_blocked, id=10880, stack(0x0000006b0ac00000,0x0000006b0ad00000)]
  0x000001f4d90c5000 JavaThread "Unconstrained build operations Thread 22" [_thread_blocked, id=1444, stack(0x0000006b0ad00000,0x0000006b0ae00000)]
  0x000001f4d90c0000 JavaThread "Unconstrained build operations Thread 23" [_thread_blocked, id=12084, stack(0x0000006b0ae00000,0x0000006b0af00000)]
  0x000001f4d7268000 JavaThread "Unconstrained build operations Thread 24" [_thread_blocked, id=3332, stack(0x0000006b0af00000,0x0000006b0b000000)]
  0x000001f4d7267800 JavaThread "Unconstrained build operations Thread 25" [_thread_blocked, id=8716, stack(0x0000006b0b000000,0x0000006b0b100000)]
  0x000001f4d7266000 JavaThread "Unconstrained build operations Thread 26" [_thread_blocked, id=8148, stack(0x0000006b0b100000,0x0000006b0b200000)]
  0x000001f4d726c800 JavaThread "Unconstrained build operations Thread 27" [_thread_blocked, id=988, stack(0x0000006b0b200000,0x0000006b0b300000)]
  0x000001f4d726a000 JavaThread "Unconstrained build operations Thread 28" [_thread_blocked, id=9480, stack(0x0000006b0b300000,0x0000006b0b400000)]
  0x000001f4d7266800 JavaThread "Unconstrained build operations Thread 29" [_thread_blocked, id=8860, stack(0x0000006b0b400000,0x0000006b0b500000)]
  0x000001f4d726a800 JavaThread "Unconstrained build operations Thread 30" [_thread_blocked, id=9300, stack(0x0000006b0b500000,0x0000006b0b600000)]
  0x000001f4d726e000 JavaThread "Unconstrained build operations Thread 31" [_thread_blocked, id=6088, stack(0x0000006b0b600000,0x0000006b0b700000)]
  0x000001f4d726f000 JavaThread "Unconstrained build operations Thread 32" [_thread_blocked, id=9944, stack(0x0000006b0b700000,0x0000006b0b800000)]
  0x000001f4d726d000 JavaThread "Unconstrained build operations Thread 33" [_thread_blocked, id=2832, stack(0x0000006b0b800000,0x0000006b0b900000)]
  0x000001f4d7269000 JavaThread "Unconstrained build operations Thread 34" [_thread_blocked, id=10092, stack(0x0000006b0b900000,0x0000006b0ba00000)]
  0x000001f4d726f800 JavaThread "Unconstrained build operations Thread 35" [_thread_blocked, id=9528, stack(0x0000006b0ba00000,0x0000006b0bb00000)]
  0x000001f4d7270800 JavaThread "Unconstrained build operations Thread 36" [_thread_blocked, id=2944, stack(0x0000006b0bb00000,0x0000006b0bc00000)]
  0x000001f4d7271000 JavaThread "Unconstrained build operations Thread 37" [_thread_blocked, id=7660, stack(0x0000006b0bc00000,0x0000006b0bd00000)]
  0x000001f4d726b800 JavaThread "Unconstrained build operations Thread 38" [_thread_blocked, id=8556, stack(0x0000006b0bd00000,0x0000006b0be00000)]
  0x000001f4d7272000 JavaThread "Unconstrained build operations Thread 39" [_thread_blocked, id=3360, stack(0x0000006b0be00000,0x0000006b0bf00000)]
  0x000001f4d7273800 JavaThread "Unconstrained build operations Thread 40" [_thread_blocked, id=5196, stack(0x0000006b0bf00000,0x0000006b0c000000)]
  0x000001f4d7273000 JavaThread "Unconstrained build operations Thread 41" [_thread_blocked, id=9608, stack(0x0000006b0c000000,0x0000006b0c100000)]
  0x000001f4d7274800 JavaThread "Unconstrained build operations Thread 42" [_thread_blocked, id=5900, stack(0x0000006b0c100000,0x0000006b0c200000)]
  0x000001f4d8e37800 JavaThread "Unconstrained build operations Thread 43" [_thread_blocked, id=11832, stack(0x0000006b0c200000,0x0000006b0c300000)]
  0x000001f4d8e36000 JavaThread "Unconstrained build operations Thread 44" [_thread_blocked, id=5912, stack(0x0000006b0c300000,0x0000006b0c400000)]
  0x000001f4d8e38800 JavaThread "Unconstrained build operations Thread 45" [_thread_blocked, id=4396, stack(0x0000006b0c400000,0x0000006b0c500000)]
  0x000001f4d8e36800 JavaThread "Unconstrained build operations Thread 46" [_thread_blocked, id=4328, stack(0x0000006b0c500000,0x0000006b0c600000)]
  0x000001f4d8e39000 JavaThread "Unconstrained build operations Thread 47" [_thread_blocked, id=7224, stack(0x0000006b0c600000,0x0000006b0c700000)]
  0x000001f4d8e35000 JavaThread "Unconstrained build operations Thread 48" [_thread_blocked, id=3284, stack(0x0000006b0c700000,0x0000006b0c800000)]
  0x000001f4d8e3a000 JavaThread "Unconstrained build operations Thread 49" [_thread_blocked, id=10460, stack(0x0000006b0c800000,0x0000006b0c900000)]
  0x000001f4d8e34800 JavaThread "Unconstrained build operations Thread 50" [_thread_blocked, id=8224, stack(0x0000006b0c900000,0x0000006b0ca00000)]
  0x000001f4d8e3b000 JavaThread "Unconstrained build operations Thread 51" [_thread_blocked, id=11276, stack(0x0000006b0ca00000,0x0000006b0cb00000)]
  0x000001f4d9670000 JavaThread "Unconstrained build operations Thread 52" [_thread_blocked, id=10872, stack(0x0000006b0cb00000,0x0000006b0cc00000)]
  0x000001f4d9671000 JavaThread "Unconstrained build operations Thread 53" [_thread_blocked, id=1544, stack(0x0000006b0cc00000,0x0000006b0cd00000)]
  0x000001f4d966f800 JavaThread "Unconstrained build operations Thread 54" [_thread_blocked, id=5552, stack(0x0000006b0cd00000,0x0000006b0ce00000)]
  0x000001f4d9674000 JavaThread "Unconstrained build operations Thread 55" [_thread_blocked, id=4924, stack(0x0000006b0ce00000,0x0000006b0cf00000)]
  0x000001f4d9675000 JavaThread "Unconstrained build operations Thread 56" [_thread_blocked, id=2168, stack(0x0000006b0cf00000,0x0000006b0d000000)]
  0x000001f4d9676800 JavaThread "Unconstrained build operations Thread 57" [_thread_blocked, id=11124, stack(0x0000006b0d000000,0x0000006b0d100000)]
  0x000001f4d9676000 JavaThread "Unconstrained build operations Thread 58" [_thread_blocked, id=6240, stack(0x0000006b0d100000,0x0000006b0d200000)]
  0x000001f4d9677800 JavaThread "Unconstrained build operations Thread 59" [_thread_blocked, id=3432, stack(0x0000006b0d200000,0x0000006b0d300000)]
  0x000001f4d9671800 JavaThread "Unconstrained build operations Thread 60" [_thread_blocked, id=1256, stack(0x0000006b0d300000,0x0000006b0d400000)]
  0x000001f4d9678800 JavaThread "Unconstrained build operations Thread 61" [_thread_blocked, id=9704, stack(0x0000006b0d400000,0x0000006b0d500000)]
  0x000001f4d9672800 JavaThread "Unconstrained build operations Thread 62" [_thread_blocked, id=4988, stack(0x0000006b0d500000,0x0000006b0d600000)]
  0x000001f4d9679000 JavaThread "Unconstrained build operations Thread 63" [_thread_blocked, id=9776, stack(0x0000006b0d600000,0x0000006b0d700000)]
  0x000001f4d9673800 JavaThread "Unconstrained build operations Thread 64" [_thread_blocked, id=1488, stack(0x0000006b0d700000,0x0000006b0d800000)]
  0x000001f4d967a000 JavaThread "Unconstrained build operations Thread 65" [_thread_blocked, id=7636, stack(0x0000006b0d800000,0x0000006b0d900000)]
  0x000001f4d967a800 JavaThread "Unconstrained build operations Thread 66" [_thread_blocked, id=9164, stack(0x0000006b0d900000,0x0000006b0da00000)]
  0x000001f4d967b800 JavaThread "Unconstrained build operations Thread 67" [_thread_blocked, id=11160, stack(0x0000006b0da00000,0x0000006b0db00000)]
  0x000001f4d967c800 JavaThread "Unconstrained build operations Thread 68" [_thread_blocked, id=7740, stack(0x0000006b0db00000,0x0000006b0dc00000)]
  0x000001f4d967d000 JavaThread "Unconstrained build operations Thread 69" [_thread_blocked, id=11412, stack(0x0000006b0dc00000,0x0000006b0dd00000)]
  0x000001f4d967e000 JavaThread "Unconstrained build operations Thread 70" [_thread_blocked, id=6060, stack(0x0000006b0dd00000,0x0000006b0de00000)]
  0x000001f4d940e000 JavaThread "Unconstrained build operations Thread 71" [_thread_blocked, id=9568, stack(0x0000006b0de00000,0x0000006b0df00000)]
  0x000001f4d9414800 JavaThread "Unconstrained build operations Thread 72" [_thread_blocked, id=7176, stack(0x0000006b0df00000,0x0000006b0e000000)]
  0x000001f4d9413000 JavaThread "Unconstrained build operations Thread 73" [_thread_blocked, id=11296, stack(0x0000006b0e000000,0x0000006b0e100000)]
  0x000001f4d9410800 JavaThread "Unconstrained build operations Thread 74" [_thread_blocked, id=11316, stack(0x0000006b0e100000,0x0000006b0e200000)]
  0x000001f4d9412000 JavaThread "Unconstrained build operations Thread 75" [_thread_blocked, id=6608, stack(0x0000006b0e200000,0x0000006b0e300000)]
  0x000001f4d9414000 JavaThread "Unconstrained build operations Thread 76" [_thread_blocked, id=2856, stack(0x0000006b0e300000,0x0000006b0e400000)]
  0x000001f4d940f000 JavaThread "Unconstrained build operations Thread 77" [_thread_blocked, id=3988, stack(0x0000006b0e400000,0x0000006b0e500000)]
  0x000001f4d9415800 JavaThread "Unconstrained build operations Thread 78" [_thread_blocked, id=5164, stack(0x0000006b0e500000,0x0000006b0e600000)]
  0x000001f4d9411800 JavaThread "Unconstrained build operations Thread 79" [_thread_blocked, id=1596, stack(0x0000006b0e600000,0x0000006b0e700000)]
  0x000001f4d940f800 JavaThread "Unconstrained build operations Thread 80" [_thread_blocked, id=1700, stack(0x0000006b0e700000,0x0000006b0e800000)]
  0x000001f4d9417000 JavaThread "jar transforms Thread 4" [_thread_blocked, id=11840, stack(0x0000006b0e800000,0x0000006b0e900000)]
  0x000001f4d9418000 JavaThread "jar transforms Thread 5" [_thread_blocked, id=9548, stack(0x0000006b0e900000,0x0000006b0ea00000)]
  0x000001f4d9418800 JavaThread "jar transforms Thread 6" [_thread_blocked, id=3436, stack(0x0000006b0ea00000,0x0000006b0eb00000)]
  0x000001f4d9419800 JavaThread "jar transforms Thread 7" [_thread_blocked, id=2140, stack(0x0000006b0eb00000,0x0000006b0ec00000)]
  0x000001f4d941a800 JavaThread "jar transforms Thread 8" [_thread_blocked, id=4584, stack(0x0000006b0ec00000,0x0000006b0ed00000)]
  0x000001f4d941b000 JavaThread "Memory manager" [_thread_blocked, id=12108, stack(0x0000006b0ed00000,0x0000006b0ee00000)]

Other Threads:
  0x000001f4d1195000 VMThread "VM Thread" [stack: 0x0000006b06900000,0x0000006b06a00000] [id=4928]
  0x000001f4d1cb8800 WatcherThread [stack: 0x0000006b07300000,0x0000006b07400000] [id=11680]
  0x000001f4b6d1a000 GCTaskThread "GC Thread#0" [stack: 0x0000006b06400000,0x0000006b06500000] [id=9500]
  0x000001f4d293f800 GCTaskThread "GC Thread#1" [stack: 0x0000006b07600000,0x0000006b07700000] [id=1832]
  0x000001f4d2a16000 GCTaskThread "GC Thread#2" [stack: 0x0000006b07700000,0x0000006b07800000] [id=9104]
  0x000001f4d3062000 GCTaskThread "GC Thread#3" [stack: 0x0000006b08200000,0x0000006b08300000] [id=10464]
  0x000001f4d3062800 GCTaskThread "GC Thread#4" [stack: 0x0000006b08300000,0x0000006b08400000] [id=1588]
  0x000001f4d44ca000 GCTaskThread "GC Thread#5" [stack: 0x0000006b08400000,0x0000006b08500000] [id=3356]
  0x000001f4d3167800 GCTaskThread "GC Thread#6" [stack: 0x0000006b08500000,0x0000006b08600000] [id=11932]
  0x000001f4d3168000 GCTaskThread "GC Thread#7" [stack: 0x0000006b08600000,0x0000006b08700000] [id=3220]
  0x000001f4b6d4d000 ConcurrentGCThread "G1 Main Marker" [stack: 0x0000006b06500000,0x0000006b06600000] [id=8448]
  0x000001f4b6d4e000 ConcurrentGCThread "G1 Conc#0" [stack: 0x0000006b06600000,0x0000006b06700000] [id=6336]
  0x000001f4d3ca6800 ConcurrentGCThread "G1 Conc#1" [stack: 0x0000006b08a00000,0x0000006b08b00000] [id=1508]
  0x000001f4d0fe4800 ConcurrentGCThread "G1 Refine#0" [stack: 0x0000006b06700000,0x0000006b06800000] [id=7180]
  0x000001f4d0fe5000 ConcurrentGCThread "G1 Young RemSet Sampling" [stack: 0x0000006b06800000,0x0000006b06900000] [id=4196]

Threads with active compile tasks:
C2 CompilerThread0   7206 7839 %     4       org.gradle.internal.instantiation.generator.AbstractClassGenerator::inspectType @ 107 (560 bytes)
C2 CompilerThread1   7206 7873       4       org.gradle.internal.reflect.ClassInspector::inspectClass (179 bytes)
C2 CompilerThread2   7206 7916       4       java.lang.Class::annotationData (44 bytes)

VM state:not at safepoint (normal execution)

VM Mutex/Monitor currently owned by a thread: None

Heap address: 0x0000000080000000, size: 2048 MB, Compressed Oops mode: 32-bit
Narrow klass base: 0x0000000000000000, Narrow klass shift: 3
Compressed class space size: 1073741824 Address: 0x0000000100000000

Heap:
 garbage-first heap   total 225280K, used 140535K [0x0000000080000000, 0x0000000100000000)
  region size 1024K, 79 young (80896K), 11 survivors (11264K)
 Metaspace       used 82124K, capacity 84089K, committed 84172K, reserved 1122304K
  class space    used 10696K, capacity 11408K, committed 11468K, reserved 1048576K
Heap Regions: E=young(eden), S=young(survivor), O=old, HS=humongous(starts), HC=humongous(continues), CS=collection set, F=free, A=archive, TAMS=top-at-mark-start (previous, next)
|   0|0x0000000080000000, 0x0000000080100000, 0x0000000080100000|100%| O|  |TAMS 0x0000000080100000, 0x0000000080000000| Untracked 
|   1|0x0000000080100000, 0x0000000080200000, 0x0000000080200000|100%| O|  |TAMS 0x0000000080200000, 0x0000000080100000| Untracked 
|   2|0x0000000080200000, 0x0000000080300000, 0x0000000080300000|100%| O|  |TAMS 0x0000000080300000, 0x0000000080200000| Untracked 
|   3|0x0000000080300000, 0x0000000080400000, 0x0000000080400000|100%|HS|  |TAMS 0x0000000080400000, 0x0000000080300000| Complete 
|   4|0x0000000080400000, 0x0000000080500000, 0x0000000080500000|100%|HC|  |TAMS 0x0000000080500000, 0x0000000080400000| Complete 
|   5|0x0000000080500000, 0x0000000080600000, 0x0000000080600000|100%|HC|  |TAMS 0x0000000080600000, 0x0000000080500000| Complete 
|   6|0x0000000080600000, 0x0000000080700000, 0x0000000080700000|100%| O|  |TAMS 0x0000000080700000, 0x0000000080600000| Untracked 
|   7|0x0000000080700000, 0x0000000080800000, 0x0000000080800000|100%| O|  |TAMS 0x0000000080800000, 0x0000000080700000| Untracked 
|   8|0x0000000080800000, 0x0000000080900000, 0x0000000080900000|100%| O|  |TAMS 0x0000000080900000, 0x0000000080800000| Untracked 
|   9|0x0000000080900000, 0x0000000080a00000, 0x0000000080a00000|100%| O|  |TAMS 0x0000000080a00000, 0x0000000080900000| Untracked 
|  10|0x0000000080a00000, 0x0000000080b00000, 0x0000000080b00000|100%| O|  |TAMS 0x0000000080b00000, 0x0000000080a00000| Untracked 
|  11|0x0000000080b00000, 0x0000000080c00000, 0x0000000080c00000|100%| O|  |TAMS 0x0000000080c00000, 0x0000000080b00000| Untracked 
|  12|0x0000000080c00000, 0x0000000080d00000, 0x0000000080d00000|100%| O|  |TAMS 0x0000000080d00000, 0x0000000080c00000| Untracked 
|  13|0x0000000080d00000, 0x0000000080e00000, 0x0000000080e00000|100%| O|  |TAMS 0x0000000080e00000, 0x0000000080d00000| Untracked 
|  14|0x0000000080e00000, 0x0000000080f00000, 0x0000000080f00000|100%| O|  |TAMS 0x0000000080f00000, 0x0000000080e00000| Untracked 
|  15|0x0000000080f00000, 0x0000000081000000, 0x0000000081000000|100%| O|  |TAMS 0x0000000081000000, 0x0000000080f00000| Untracked 
|  16|0x0000000081000000, 0x0000000081100000, 0x0000000081100000|100%| O|  |TAMS 0x0000000081100000, 0x0000000081000000| Untracked 
|  17|0x0000000081100000, 0x0000000081200000, 0x0000000081200000|100%|HS|  |TAMS 0x0000000081200000, 0x0000000081100000| Complete 
|  18|0x0000000081200000, 0x0000000081300000, 0x0000000081300000|100%| O|  |TAMS 0x0000000081300000, 0x0000000081200000| Untracked 
|  19|0x0000000081300000, 0x0000000081400000, 0x0000000081400000|100%| O|  |TAMS 0x0000000081400000, 0x0000000081300000| Untracked 
|  20|0x0000000081400000, 0x0000000081500000, 0x0000000081500000|100%| O|  |TAMS 0x0000000081500000, 0x0000000081400000| Untracked 
|  21|0x0000000081500000, 0x0000000081600000, 0x0000000081600000|100%| O|  |TAMS 0x0000000081600000, 0x0000000081500000| Untracked 
|  22|0x0000000081600000, 0x0000000081700000, 0x0000000081700000|100%| O|  |TAMS 0x0000000081700000, 0x0000000081600000| Untracked 
|  23|0x0000000081700000, 0x0000000081800000, 0x0000000081800000|100%| O|  |TAMS 0x0000000081800000, 0x0000000081700000| Untracked 
|  24|0x0000000081800000, 0x0000000081900000, 0x0000000081900000|100%|HS|  |TAMS 0x0000000081900000, 0x0000000081800000| Complete 
|  25|0x0000000081900000, 0x0000000081a00000, 0x0000000081a00000|100%|HS|  |TAMS 0x0000000081a00000, 0x0000000081900000| Complete 
|  26|0x0000000081a00000, 0x0000000081b00000, 0x0000000081b00000|100%|HS|  |TAMS 0x0000000081b00000, 0x0000000081a00000| Complete 
|  27|0x0000000081b00000, 0x0000000081c00000, 0x0000000081c00000|100%|HS|  |TAMS 0x0000000081c00000, 0x0000000081b00000| Complete 
|  28|0x0000000081c00000, 0x0000000081d00000, 0x0000000081d00000|100%|HC|  |TAMS 0x0000000081d00000, 0x0000000081c00000| Complete 
|  29|0x0000000081d00000, 0x0000000081e00000, 0x0000000081e00000|100%|HC|  |TAMS 0x0000000081e00000, 0x0000000081d00000| Complete 
|  30|0x0000000081e00000, 0x0000000081f00000, 0x0000000081f00000|100%|HS|  |TAMS 0x0000000081f00000, 0x0000000081e00000| Complete 
|  31|0x0000000081f00000, 0x0000000082000000, 0x0000000082000000|100%|HC|  |TAMS 0x0000000082000000, 0x0000000081f00000| Complete 
|  32|0x0000000082000000, 0x0000000082100000, 0x0000000082100000|100%| O|  |TAMS 0x0000000082100000, 0x0000000082000000| Untracked 
|  33|0x0000000082100000, 0x0000000082200000, 0x0000000082200000|100%| O|  |TAMS 0x0000000082200000, 0x0000000082100000| Untracked 
|  34|0x0000000082200000, 0x0000000082300000, 0x0000000082300000|100%| O|  |TAMS 0x0000000082300000, 0x0000000082200000| Untracked 
|  35|0x0000000082300000, 0x0000000082400000, 0x0000000082400000|100%| O|  |TAMS 0x0000000082400000, 0x0000000082300000| Untracked 
|  36|0x0000000082400000, 0x0000000082500000, 0x0000000082500000|100%| O|  |TAMS 0x0000000082500000, 0x0000000082400000| Untracked 
|  37|0x0000000082500000, 0x0000000082600000, 0x0000000082600000|100%| O|  |TAMS 0x0000000082600000, 0x0000000082500000| Untracked 
|  38|0x0000000082600000, 0x0000000082700000, 0x0000000082700000|100%| O|  |TAMS 0x0000000082700000, 0x0000000082600000| Untracked 
|  39|0x0000000082700000, 0x0000000082800000, 0x0000000082800000|100%| O|  |TAMS 0x0000000082800000, 0x0000000082700000| Untracked 
|  40|0x0000000082800000, 0x0000000082900000, 0x0000000082900000|100%| O|  |TAMS 0x0000000082900000, 0x0000000082800000| Untracked 
|  41|0x0000000082900000, 0x0000000082a00000, 0x0000000082a00000|100%| O|  |TAMS 0x0000000082a00000, 0x0000000082900000| Untracked 
|  42|0x0000000082a00000, 0x0000000082b00000, 0x0000000082b00000|100%| O|  |TAMS 0x0000000082b00000, 0x0000000082a00000| Untracked 
|  43|0x0000000082b00000, 0x0000000082c00000, 0x0000000082c00000|100%| O|  |TAMS 0x0000000082c00000, 0x0000000082b00000| Untracked 
|  44|0x0000000082c00000, 0x0000000082d00000, 0x0000000082d00000|100%| O|  |TAMS 0x0000000082d00000, 0x0000000082c00000| Untracked 
|  45|0x0000000082d00000, 0x0000000082e00000, 0x0000000082e00000|100%| O|  |TAMS 0x0000000082e00000, 0x0000000082d00000| Untracked 
|  46|0x0000000082e00000, 0x0000000082f00000, 0x0000000082f00000|100%| O|  |TAMS 0x0000000082f00000, 0x0000000082e00000| Untracked 
|  47|0x0000000082f00000, 0x0000000083000000, 0x0000000083000000|100%| O|  |TAMS 0x0000000083000000, 0x0000000082f00000| Untracked 
|  48|0x0000000083000000, 0x0000000083100000, 0x0000000083100000|100%| O|  |TAMS 0x0000000083100000, 0x0000000083000000| Untracked 
|  49|0x0000000083100000, 0x0000000083200000, 0x0000000083200000|100%| O|  |TAMS 0x0000000083200000, 0x0000000083100000| Untracked 
|  50|0x0000000083200000, 0x0000000083300000, 0x0000000083300000|100%| O|  |TAMS 0x0000000083300000, 0x0000000083200000| Untracked 
|  51|0x0000000083300000, 0x0000000083400000, 0x0000000083400000|100%| O|  |TAMS 0x0000000083400000, 0x0000000083300000| Untracked 
|  52|0x0000000083400000, 0x0000000083500000, 0x0000000083500000|100%| O|  |TAMS 0x000000008345c600, 0x0000000083400000| Untracked 
|  53|0x0000000083500000, 0x0000000083600000, 0x0000000083600000|100%| O|  |TAMS 0x0000000083500000, 0x0000000083500000| Untracked 
|  54|0x0000000083600000, 0x0000000083700000, 0x0000000083700000|100%| O|  |TAMS 0x0000000083600000, 0x0000000083600000| Untracked 
|  55|0x0000000083700000, 0x0000000083800000, 0x0000000083800000|100%| O|  |TAMS 0x0000000083700000, 0x0000000083700000| Untracked 
|  56|0x0000000083800000, 0x0000000083900000, 0x0000000083900000|100%| O|  |TAMS 0x0000000083800000, 0x0000000083800000| Untracked 
|  57|0x0000000083900000, 0x0000000083a00000, 0x0000000083a00000|100%| O|  |TAMS 0x0000000083900000, 0x0000000083900000| Untracked 
|  58|0x0000000083a00000, 0x0000000083b00000, 0x0000000083b00000|100%| O|  |TAMS 0x0000000083a00000, 0x0000000083a00000| Untracked 
|  59|0x0000000083b00000, 0x0000000083b95600, 0x0000000083c00000| 58%| O|  |TAMS 0x0000000083b00000, 0x0000000083b00000| Untracked 
|  60|0x0000000083c00000, 0x0000000083c00000, 0x0000000083d00000|  0%| F|  |TAMS 0x0000000083c00000, 0x0000000083c00000| Untracked 
|  61|0x0000000083d00000, 0x0000000083d00000, 0x0000000083e00000|  0%| F|  |TAMS 0x0000000083d00000, 0x0000000083d00000| Untracked 
|  62|0x0000000083e00000, 0x0000000083e00000, 0x0000000083f00000|  0%| F|  |TAMS 0x0000000083e00000, 0x0000000083e00000| Untracked 
|  63|0x0000000083f00000, 0x0000000083f00000, 0x0000000084000000|  0%| F|  |TAMS 0x0000000083f00000, 0x0000000083f00000| Untracked 
|  64|0x0000000084000000, 0x0000000084000000, 0x0000000084100000|  0%| F|  |TAMS 0x0000000084000000, 0x0000000084000000| Untracked 
|  65|0x0000000084100000, 0x0000000084100000, 0x0000000084200000|  0%| F|  |TAMS 0x0000000084100000, 0x0000000084100000| Untracked 
|  66|0x0000000084200000, 0x0000000084200000, 0x0000000084300000|  0%| F|  |TAMS 0x0000000084200000, 0x0000000084200000| Untracked 
|  67|0x0000000084300000, 0x0000000084300000, 0x0000000084400000|  0%| F|  |TAMS 0x0000000084300000, 0x0000000084300000| Untracked 
|  68|0x0000000084400000, 0x0000000084400000, 0x0000000084500000|  0%| F|  |TAMS 0x0000000084400000, 0x0000000084400000| Untracked 
|  69|0x0000000084500000, 0x0000000084500000, 0x0000000084600000|  0%| F|  |TAMS 0x0000000084500000, 0x0000000084500000| Untracked 
|  70|0x0000000084600000, 0x0000000084600000, 0x0000000084700000|  0%| F|  |TAMS 0x0000000084600000, 0x0000000084600000| Untracked 
|  71|0x0000000084700000, 0x0000000084700000, 0x0000000084800000|  0%| F|  |TAMS 0x0000000084700000, 0x0000000084700000| Untracked 
|  72|0x0000000084800000, 0x0000000084800000, 0x0000000084900000|  0%| F|  |TAMS 0x0000000084800000, 0x0000000084800000| Untracked 
|  73|0x0000000084900000, 0x0000000084900000, 0x0000000084a00000|  0%| F|  |TAMS 0x0000000084900000, 0x0000000084900000| Untracked 
|  74|0x0000000084a00000, 0x0000000084a00000, 0x0000000084b00000|  0%| F|  |TAMS 0x0000000084a00000, 0x0000000084a00000| Untracked 
|  75|0x0000000084b00000, 0x0000000084b00000, 0x0000000084c00000|  0%| F|  |TAMS 0x0000000084b00000, 0x0000000084b00000| Untracked 
|  76|0x0000000084c00000, 0x0000000084c00000, 0x0000000084d00000|  0%| F|  |TAMS 0x0000000084c00000, 0x0000000084c00000| Untracked 
|  77|0x0000000084d00000, 0x0000000084d00000, 0x0000000084e00000|  0%| F|  |TAMS 0x0000000084d00000, 0x0000000084d00000| Untracked 
|  78|0x0000000084e00000, 0x0000000084e00000, 0x0000000084f00000|  0%| F|  |TAMS 0x0000000084e00000, 0x0000000084e00000| Untracked 
|  79|0x0000000084f00000, 0x0000000084f00000, 0x0000000085000000|  0%| F|  |TAMS 0x0000000084f00000, 0x0000000084f00000| Untracked 
|  80|0x0000000085000000, 0x0000000085000000, 0x0000000085100000|  0%| F|  |TAMS 0x0000000085000000, 0x0000000085000000| Untracked 
|  81|0x0000000085100000, 0x0000000085100000, 0x0000000085200000|  0%| F|  |TAMS 0x0000000085100000, 0x0000000085100000| Untracked 
|  82|0x0000000085200000, 0x0000000085200000, 0x0000000085300000|  0%| F|  |TAMS 0x0000000085200000, 0x0000000085200000| Untracked 
|  83|0x0000000085300000, 0x0000000085300000, 0x0000000085400000|  0%| F|  |TAMS 0x0000000085300000, 0x0000000085300000| Untracked 
|  84|0x0000000085400000, 0x0000000085400000, 0x0000000085500000|  0%| F|  |TAMS 0x0000000085400000, 0x0000000085400000| Untracked 
|  85|0x0000000085500000, 0x0000000085500000, 0x0000000085600000|  0%| F|  |TAMS 0x0000000085500000, 0x0000000085500000| Untracked 
|  86|0x0000000085600000, 0x0000000085600000, 0x0000000085700000|  0%| F|  |TAMS 0x0000000085600000, 0x0000000085600000| Untracked 
|  87|0x0000000085700000, 0x0000000085700000, 0x0000000085800000|  0%| F|  |TAMS 0x0000000085700000, 0x0000000085700000| Untracked 
|  88|0x0000000085800000, 0x0000000085800000, 0x0000000085900000|  0%| F|  |TAMS 0x0000000085800000, 0x0000000085800000| Untracked 
|  89|0x0000000085900000, 0x0000000085900000, 0x0000000085a00000|  0%| F|  |TAMS 0x0000000085900000, 0x0000000085900000| Untracked 
|  90|0x0000000085a00000, 0x0000000085aa8978, 0x0000000085b00000| 65%| S|CS|TAMS 0x0000000085a00000, 0x0000000085a00000| Complete 
|  91|0x0000000085b00000, 0x0000000085c00000, 0x0000000085c00000|100%| S|CS|TAMS 0x0000000085b00000, 0x0000000085b00000| Complete 
|  92|0x0000000085c00000, 0x0000000085d00000, 0x0000000085d00000|100%| S|CS|TAMS 0x0000000085c00000, 0x0000000085c00000| Complete 
|  93|0x0000000085d00000, 0x0000000085d00000, 0x0000000085e00000|  0%| F|  |TAMS 0x0000000085d00000, 0x0000000085d00000| Untracked 
|  94|0x0000000085e00000, 0x0000000085e00000, 0x0000000085f00000|  0%| F|  |TAMS 0x0000000085e00000, 0x0000000085e00000| Untracked 
|  95|0x0000000085f00000, 0x0000000085f00000, 0x0000000086000000|  0%| F|  |TAMS 0x0000000085f00000, 0x0000000085f00000| Untracked 
|  96|0x0000000086000000, 0x0000000086000000, 0x0000000086100000|  0%| F|  |TAMS 0x0000000086000000, 0x0000000086000000| Untracked 
|  97|0x0000000086100000, 0x0000000086100000, 0x0000000086200000|  0%| F|  |TAMS 0x0000000086100000, 0x0000000086100000| Untracked 
|  98|0x0000000086200000, 0x0000000086200000, 0x0000000086300000|  0%| F|  |TAMS 0x0000000086200000, 0x0000000086200000| Untracked 
|  99|0x0000000086300000, 0x0000000086300000, 0x0000000086400000|  0%| F|  |TAMS 0x0000000086300000, 0x0000000086300000| Untracked 
| 100|0x0000000086400000, 0x0000000086500000, 0x0000000086500000|100%| S|CS|TAMS 0x0000000086400000, 0x0000000086400000| Complete 
| 101|0x0000000086500000, 0x0000000086600000, 0x0000000086600000|100%| S|CS|TAMS 0x0000000086500000, 0x0000000086500000| Complete 
| 102|0x0000000086600000, 0x0000000086700000, 0x0000000086700000|100%| S|CS|TAMS 0x0000000086600000, 0x0000000086600000| Complete 
| 103|0x0000000086700000, 0x0000000086800000, 0x0000000086800000|100%| S|CS|TAMS 0x0000000086700000, 0x0000000086700000| Complete 
| 104|0x0000000086800000, 0x0000000086900000, 0x0000000086900000|100%| S|CS|TAMS 0x0000000086800000, 0x0000000086800000| Complete 
| 105|0x0000000086900000, 0x0000000086a00000, 0x0000000086a00000|100%| S|CS|TAMS 0x0000000086900000, 0x0000000086900000| Complete 
| 106|0x0000000086a00000, 0x0000000086b00000, 0x0000000086b00000|100%| S|CS|TAMS 0x0000000086a00000, 0x0000000086a00000| Complete 
| 107|0x0000000086b00000, 0x0000000086c00000, 0x0000000086c00000|100%| S|CS|TAMS 0x0000000086b00000, 0x0000000086b00000| Complete 
| 108|0x0000000086c00000, 0x0000000086c00000, 0x0000000086d00000|  0%| F|  |TAMS 0x0000000086c00000, 0x0000000086c00000| Untracked 
| 109|0x0000000086d00000, 0x0000000086d00000, 0x0000000086e00000|  0%| F|  |TAMS 0x0000000086d00000, 0x0000000086d00000| Untracked 
| 110|0x0000000086e00000, 0x0000000086e00000, 0x0000000086f00000|  0%| F|  |TAMS 0x0000000086e00000, 0x0000000086e00000| Untracked 
| 111|0x0000000086f00000, 0x0000000086f00000, 0x0000000087000000|  0%| F|  |TAMS 0x0000000086f00000, 0x0000000086f00000| Untracked 
| 112|0x0000000087000000, 0x0000000087000000, 0x0000000087100000|  0%| F|  |TAMS 0x0000000087000000, 0x0000000087000000| Untracked 
| 113|0x0000000087100000, 0x0000000087100000, 0x0000000087200000|  0%| F|  |TAMS 0x0000000087100000, 0x0000000087100000| Untracked 
| 114|0x0000000087200000, 0x0000000087200000, 0x0000000087300000|  0%| F|  |TAMS 0x0000000087200000, 0x0000000087200000| Untracked 
| 115|0x0000000087300000, 0x0000000087300000, 0x0000000087400000|  0%| F|  |TAMS 0x0000000087300000, 0x0000000087300000| Untracked 
| 116|0x0000000087400000, 0x0000000087400000, 0x0000000087500000|  0%| F|  |TAMS 0x0000000087400000, 0x0000000087400000| Untracked 
| 117|0x0000000087500000, 0x0000000087500000, 0x0000000087600000|  0%| F|  |TAMS 0x0000000087500000, 0x0000000087500000| Untracked 
| 118|0x0000000087600000, 0x0000000087600000, 0x0000000087700000|  0%| F|  |TAMS 0x0000000087600000, 0x0000000087600000| Untracked 
| 119|0x0000000087700000, 0x0000000087700000, 0x0000000087800000|  0%| F|  |TAMS 0x0000000087700000, 0x0000000087700000| Untracked 
| 120|0x0000000087800000, 0x0000000087800000, 0x0000000087900000|  0%| F|  |TAMS 0x0000000087800000, 0x0000000087800000| Untracked 
| 121|0x0000000087900000, 0x0000000087900000, 0x0000000087a00000|  0%| F|  |TAMS 0x0000000087900000, 0x0000000087900000| Untracked 
| 122|0x0000000087a00000, 0x0000000087a00000, 0x0000000087b00000|  0%| F|  |TAMS 0x0000000087a00000, 0x0000000087a00000| Untracked 
| 123|0x0000000087b00000, 0x0000000087b00000, 0x0000000087c00000|  0%| F|  |TAMS 0x0000000087b00000, 0x0000000087b00000| Untracked 
| 124|0x0000000087c00000, 0x0000000087c00000, 0x0000000087d00000|  0%| F|  |TAMS 0x0000000087c00000, 0x0000000087c00000| Untracked 
| 125|0x0000000087d00000, 0x0000000087d00000, 0x0000000087e00000|  0%| F|  |TAMS 0x0000000087d00000, 0x0000000087d00000| Untracked 
| 126|0x0000000087e00000, 0x0000000087e00000, 0x0000000087f00000|  0%| F|  |TAMS 0x0000000087e00000, 0x0000000087e00000| Untracked 
| 127|0x0000000087f00000, 0x0000000087f00000, 0x0000000088000000|  0%| F|  |TAMS 0x0000000087f00000, 0x0000000087f00000| Untracked 
| 128|0x0000000088000000, 0x0000000088000000, 0x0000000088100000|  0%| F|  |TAMS 0x0000000088000000, 0x0000000088000000| Untracked 
| 129|0x0000000088100000, 0x0000000088100000, 0x0000000088200000|  0%| F|  |TAMS 0x0000000088100000, 0x0000000088100000| Untracked 
| 130|0x0000000088200000, 0x0000000088200000, 0x0000000088300000|  0%| F|  |TAMS 0x0000000088200000, 0x0000000088200000| Untracked 
| 131|0x0000000088300000, 0x0000000088300000, 0x0000000088400000|  0%| F|  |TAMS 0x0000000088300000, 0x0000000088300000| Untracked 
| 132|0x0000000088400000, 0x0000000088400000, 0x0000000088500000|  0%| F|  |TAMS 0x0000000088400000, 0x0000000088400000| Untracked 
| 133|0x0000000088500000, 0x0000000088500000, 0x0000000088600000|  0%| F|  |TAMS 0x0000000088500000, 0x0000000088500000| Untracked 
| 134|0x0000000088600000, 0x0000000088600000, 0x0000000088700000|  0%| F|  |TAMS 0x0000000088600000, 0x0000000088600000| Untracked 
| 135|0x0000000088700000, 0x0000000088700000, 0x0000000088800000|  0%| F|  |TAMS 0x0000000088700000, 0x0000000088700000| Untracked 
| 136|0x0000000088800000, 0x0000000088800000, 0x0000000088900000|  0%| F|  |TAMS 0x0000000088800000, 0x0000000088800000| Untracked 
| 137|0x0000000088900000, 0x0000000088900000, 0x0000000088a00000|  0%| F|  |TAMS 0x0000000088900000, 0x0000000088900000| Untracked 
| 138|0x0000000088a00000, 0x0000000088a00000, 0x0000000088b00000|  0%| F|  |TAMS 0x0000000088a00000, 0x0000000088a00000| Untracked 
| 139|0x0000000088b00000, 0x0000000088b00000, 0x0000000088c00000|  0%| F|  |TAMS 0x0000000088b00000, 0x0000000088b00000| Untracked 
| 140|0x0000000088c00000, 0x0000000088c00000, 0x0000000088d00000|  0%| F|  |TAMS 0x0000000088c00000, 0x0000000088c00000| Untracked 
| 141|0x0000000088d00000, 0x0000000088d00000, 0x0000000088e00000|  0%| F|  |TAMS 0x0000000088d00000, 0x0000000088d00000| Untracked 
| 142|0x0000000088e00000, 0x0000000088e00000, 0x0000000088f00000|  0%| F|  |TAMS 0x0000000088e00000, 0x0000000088e00000| Untracked 
| 143|0x0000000088f00000, 0x0000000088f00000, 0x0000000089000000|  0%| F|  |TAMS 0x0000000088f00000, 0x0000000088f00000| Untracked 
| 144|0x0000000089000000, 0x0000000089000000, 0x0000000089100000|  0%| F|  |TAMS 0x0000000089000000, 0x0000000089000000| Untracked 
| 145|0x0000000089100000, 0x0000000089100000, 0x0000000089200000|  0%| F|  |TAMS 0x0000000089100000, 0x0000000089100000| Untracked 
| 146|0x0000000089200000, 0x0000000089200000, 0x0000000089300000|  0%| F|  |TAMS 0x0000000089200000, 0x0000000089200000| Untracked 
| 147|0x0000000089300000, 0x0000000089300000, 0x0000000089400000|  0%| F|  |TAMS 0x0000000089300000, 0x0000000089300000| Untracked 
| 148|0x0000000089400000, 0x0000000089400000, 0x0000000089500000|  0%| F|  |TAMS 0x0000000089400000, 0x0000000089400000| Untracked 
| 149|0x0000000089500000, 0x0000000089500000, 0x0000000089600000|  0%| F|  |TAMS 0x0000000089500000, 0x0000000089500000| Untracked 
| 150|0x0000000089600000, 0x0000000089600000, 0x0000000089700000|  0%| F|  |TAMS 0x0000000089600000, 0x0000000089600000| Untracked 
| 151|0x0000000089700000, 0x0000000089700000, 0x0000000089800000|  0%| F|  |TAMS 0x0000000089700000, 0x0000000089700000| Untracked 
| 152|0x0000000089800000, 0x0000000089880800, 0x0000000089900000| 50%| E|  |TAMS 0x0000000089800000, 0x0000000089800000| Complete 
| 153|0x0000000089900000, 0x0000000089a00000, 0x0000000089a00000|100%| E|CS|TAMS 0x0000000089900000, 0x0000000089900000| Complete 
| 154|0x0000000089a00000, 0x0000000089b00000, 0x0000000089b00000|100%| E|CS|TAMS 0x0000000089a00000, 0x0000000089a00000| Complete 
| 155|0x0000000089b00000, 0x0000000089c00000, 0x0000000089c00000|100%| E|CS|TAMS 0x0000000089b00000, 0x0000000089b00000| Complete 
| 156|0x0000000089c00000, 0x0000000089d00000, 0x0000000089d00000|100%| E|CS|TAMS 0x0000000089c00000, 0x0000000089c00000| Complete 
| 157|0x0000000089d00000, 0x0000000089e00000, 0x0000000089e00000|100%| E|CS|TAMS 0x0000000089d00000, 0x0000000089d00000| Complete 
| 158|0x0000000089e00000, 0x0000000089f00000, 0x0000000089f00000|100%| E|CS|TAMS 0x0000000089e00000, 0x0000000089e00000| Complete 
| 159|0x0000000089f00000, 0x000000008a000000, 0x000000008a000000|100%| E|CS|TAMS 0x0000000089f00000, 0x0000000089f00000| Complete 
| 160|0x000000008a000000, 0x000000008a100000, 0x000000008a100000|100%| E|CS|TAMS 0x000000008a000000, 0x000000008a000000| Complete 
| 161|0x000000008a100000, 0x000000008a200000, 0x000000008a200000|100%| E|CS|TAMS 0x000000008a100000, 0x000000008a100000| Complete 
| 162|0x000000008a200000, 0x000000008a300000, 0x000000008a300000|100%| E|CS|TAMS 0x000000008a200000, 0x000000008a200000| Complete 
| 163|0x000000008a300000, 0x000000008a400000, 0x000000008a400000|100%| E|CS|TAMS 0x000000008a300000, 0x000000008a300000| Complete 
| 164|0x000000008a400000, 0x000000008a500000, 0x000000008a500000|100%| E|CS|TAMS 0x000000008a400000, 0x000000008a400000| Complete 
| 165|0x000000008a500000, 0x000000008a600000, 0x000000008a600000|100%| E|CS|TAMS 0x000000008a500000, 0x000000008a500000| Complete 
| 166|0x000000008a600000, 0x000000008a700000, 0x000000008a700000|100%| E|CS|TAMS 0x000000008a600000, 0x000000008a600000| Complete 
| 167|0x000000008a700000, 0x000000008a800000, 0x000000008a800000|100%| E|CS|TAMS 0x000000008a700000, 0x000000008a700000| Complete 
| 168|0x000000008a800000, 0x000000008a900000, 0x000000008a900000|100%| E|CS|TAMS 0x000000008a800000, 0x000000008a800000| Complete 
| 169|0x000000008a900000, 0x000000008aa00000, 0x000000008aa00000|100%| E|CS|TAMS 0x000000008a900000, 0x000000008a900000| Complete 
| 170|0x000000008aa00000, 0x000000008ab00000, 0x000000008ab00000|100%| E|CS|TAMS 0x000000008aa00000, 0x000000008aa00000| Complete 
| 171|0x000000008ab00000, 0x000000008ac00000, 0x000000008ac00000|100%| E|CS|TAMS 0x000000008ab00000, 0x000000008ab00000| Complete 
| 172|0x000000008ac00000, 0x000000008ad00000, 0x000000008ad00000|100%| E|CS|TAMS 0x000000008ac00000, 0x000000008ac00000| Complete 
| 173|0x000000008ad00000, 0x000000008ae00000, 0x000000008ae00000|100%| E|CS|TAMS 0x000000008ad00000, 0x000000008ad00000| Complete 
| 174|0x000000008ae00000, 0x000000008af00000, 0x000000008af00000|100%| E|CS|TAMS 0x000000008ae00000, 0x000000008ae00000| Complete 
| 175|0x000000008af00000, 0x000000008b000000, 0x000000008b000000|100%| E|CS|TAMS 0x000000008af00000, 0x000000008af00000| Complete 
| 176|0x000000008b000000, 0x000000008b100000, 0x000000008b100000|100%| E|CS|TAMS 0x000000008b000000, 0x000000008b000000| Complete 
| 177|0x000000008b100000, 0x000000008b200000, 0x000000008b200000|100%| E|CS|TAMS 0x000000008b100000, 0x000000008b100000| Complete 
| 178|0x000000008b200000, 0x000000008b300000, 0x000000008b300000|100%| E|CS|TAMS 0x000000008b200000, 0x000000008b200000| Complete 
| 179|0x000000008b300000, 0x000000008b400000, 0x000000008b400000|100%| E|CS|TAMS 0x000000008b300000, 0x000000008b300000| Complete 
| 180|0x000000008b400000, 0x000000008b500000, 0x000000008b500000|100%| E|CS|TAMS 0x000000008b400000, 0x000000008b400000| Complete 
| 181|0x000000008b500000, 0x000000008b600000, 0x000000008b600000|100%| E|CS|TAMS 0x000000008b500000, 0x000000008b500000| Complete 
| 182|0x000000008b600000, 0x000000008b700000, 0x000000008b700000|100%| E|CS|TAMS 0x000000008b600000, 0x000000008b600000| Complete 
| 183|0x000000008b700000, 0x000000008b800000, 0x000000008b800000|100%| E|CS|TAMS 0x000000008b700000, 0x000000008b700000| Complete 
| 184|0x000000008b800000, 0x000000008b900000, 0x000000008b900000|100%| E|CS|TAMS 0x000000008b800000, 0x000000008b800000| Complete 
| 185|0x000000008b900000, 0x000000008ba00000, 0x000000008ba00000|100%| E|CS|TAMS 0x000000008b900000, 0x000000008b900000| Complete 
| 186|0x000000008ba00000, 0x000000008bb00000, 0x000000008bb00000|100%| E|CS|TAMS 0x000000008ba00000, 0x000000008ba00000| Complete 
| 187|0x000000008bb00000, 0x000000008bc00000, 0x000000008bc00000|100%| E|CS|TAMS 0x000000008bb00000, 0x000000008bb00000| Complete 
| 188|0x000000008bc00000, 0x000000008bd00000, 0x000000008bd00000|100%| E|CS|TAMS 0x000000008bc00000, 0x000000008bc00000| Complete 
| 189|0x000000008bd00000, 0x000000008be00000, 0x000000008be00000|100%| E|CS|TAMS 0x000000008bd00000, 0x000000008bd00000| Complete 
| 190|0x000000008be00000, 0x000000008bf00000, 0x000000008bf00000|100%| E|CS|TAMS 0x000000008be00000, 0x000000008be00000| Complete 
| 191|0x000000008bf00000, 0x000000008c000000, 0x000000008c000000|100%| E|CS|TAMS 0x000000008bf00000, 0x000000008bf00000| Complete 
| 192|0x000000008c000000, 0x000000008c100000, 0x000000008c100000|100%| E|CS|TAMS 0x000000008c000000, 0x000000008c000000| Complete 
| 193|0x000000008c100000, 0x000000008c200000, 0x000000008c200000|100%| E|CS|TAMS 0x000000008c100000, 0x000000008c100000| Complete 
| 194|0x000000008c200000, 0x000000008c300000, 0x000000008c300000|100%| E|CS|TAMS 0x000000008c200000, 0x000000008c200000| Complete 
| 195|0x000000008c300000, 0x000000008c400000, 0x000000008c400000|100%| E|CS|TAMS 0x000000008c300000, 0x000000008c300000| Complete 
| 196|0x000000008c400000, 0x000000008c500000, 0x000000008c500000|100%| E|CS|TAMS 0x000000008c400000, 0x000000008c400000| Complete 
| 197|0x000000008c500000, 0x000000008c600000, 0x000000008c600000|100%| E|CS|TAMS 0x000000008c500000, 0x000000008c500000| Complete 
| 198|0x000000008c600000, 0x000000008c700000, 0x000000008c700000|100%| E|CS|TAMS 0x000000008c600000, 0x000000008c600000| Complete 
| 199|0x000000008c700000, 0x000000008c800000, 0x000000008c800000|100%| E|CS|TAMS 0x000000008c700000, 0x000000008c700000| Complete 
| 200|0x000000008c800000, 0x000000008c900000, 0x000000008c900000|100%| E|CS|TAMS 0x000000008c800000, 0x000000008c800000| Complete 
| 201|0x000000008c900000, 0x000000008ca00000, 0x000000008ca00000|100%| E|CS|TAMS 0x000000008c900000, 0x000000008c900000| Complete 
| 202|0x000000008ca00000, 0x000000008cb00000, 0x000000008cb00000|100%| E|CS|TAMS 0x000000008ca00000, 0x000000008ca00000| Complete 
| 203|0x000000008cb00000, 0x000000008cc00000, 0x000000008cc00000|100%| E|CS|TAMS 0x000000008cb00000, 0x000000008cb00000| Complete 
| 204|0x000000008cc00000, 0x000000008cd00000, 0x000000008cd00000|100%| E|CS|TAMS 0x000000008cc00000, 0x000000008cc00000| Complete 
| 205|0x000000008cd00000, 0x000000008ce00000, 0x000000008ce00000|100%| E|CS|TAMS 0x000000008cd00000, 0x000000008cd00000| Complete 
| 206|0x000000008ce00000, 0x000000008cf00000, 0x000000008cf00000|100%| E|CS|TAMS 0x000000008ce00000, 0x000000008ce00000| Complete 
| 207|0x000000008cf00000, 0x000000008d000000, 0x000000008d000000|100%| E|CS|TAMS 0x000000008cf00000, 0x000000008cf00000| Complete 
| 208|0x000000008d000000, 0x000000008d100000, 0x000000008d100000|100%| E|CS|TAMS 0x000000008d000000, 0x000000008d000000| Complete 
| 209|0x000000008d100000, 0x000000008d200000, 0x000000008d200000|100%| E|CS|TAMS 0x000000008d100000, 0x000000008d100000| Complete 
| 210|0x000000008d200000, 0x000000008d300000, 0x000000008d300000|100%| E|CS|TAMS 0x000000008d200000, 0x000000008d200000| Complete 
| 211|0x000000008d300000, 0x000000008d400000, 0x000000008d400000|100%| E|CS|TAMS 0x000000008d300000, 0x000000008d300000| Complete 
| 212|0x000000008d400000, 0x000000008d500000, 0x000000008d500000|100%| E|CS|TAMS 0x000000008d400000, 0x000000008d400000| Complete 
| 213|0x000000008d500000, 0x000000008d600000, 0x000000008d600000|100%| E|CS|TAMS 0x000000008d500000, 0x000000008d500000| Complete 
| 214|0x000000008d600000, 0x000000008d700000, 0x000000008d700000|100%| E|CS|TAMS 0x000000008d600000, 0x000000008d600000| Complete 
| 215|0x000000008d700000, 0x000000008d800000, 0x000000008d800000|100%| E|CS|TAMS 0x000000008d700000, 0x000000008d700000| Complete 
| 216|0x000000008d800000, 0x000000008d900000, 0x000000008d900000|100%| E|CS|TAMS 0x000000008d800000, 0x000000008d800000| Complete 
| 217|0x000000008d900000, 0x000000008da00000, 0x000000008da00000|100%| E|CS|TAMS 0x000000008d900000, 0x000000008d900000| Complete 
| 218|0x000000008da00000, 0x000000008db00000, 0x000000008db00000|100%| E|CS|TAMS 0x000000008da00000, 0x000000008da00000| Complete 
| 219|0x000000008db00000, 0x000000008dc00000, 0x000000008dc00000|100%| E|CS|TAMS 0x000000008db00000, 0x000000008db00000| Complete 

Card table byte_map: [0x000001f4c9f30000,0x000001f4ca330000] _byte_map_base: 0x000001f4c9b30000

Marking Bits (Prev, Next): (CMBitMap*) 0x000001f4b6d43f80, (CMBitMap*) 0x000001f4b6d43f48
 Prev Bits: [0x000001f4cc730000, 0x000001f4ce730000)
 Next Bits: [0x000001f4ca730000, 0x000001f4cc730000)

Polling page: 0x000001f4b4ba0000

Metaspace:

Usage:
  Non-class:     71.04 MB capacity,    69.77 MB ( 98%) used,     1.07 MB (  2%) free+waste,   205.00 KB ( <1%) overhead. 
      Class:     11.14 MB capacity,    10.45 MB ( 94%) used,   616.77 KB (  5%) free+waste,    94.75 KB ( <1%) overhead. 
       Both:     82.18 MB capacity,    80.21 MB ( 98%) used,     1.67 MB (  2%) free+waste,   299.75 KB ( <1%) overhead. 

Virtual space:
  Non-class space:       72.00 MB reserved,      71.25 MB ( 99%) committed 
      Class space:        1.00 GB reserved,      11.20 MB (  1%) committed 
             Both:        1.07 GB reserved,      82.45 MB (  8%) committed 

Chunk freelists:
   Non-Class:  23.00 KB
       Class:  16.00 KB
        Both:  39.00 KB

MaxMetaspaceSize: 17179869184.00 GB
CompressedClassSpaceSize: 1.00 GB

CodeHeap 'non-profiled nmethods': size=120000Kb used=5200Kb max_used=5200Kb free=114799Kb
 bounds [0x000001f4c22c0000, 0x000001f4c27e0000, 0x000001f4c97f0000]
CodeHeap 'profiled nmethods': size=120000Kb used=17281Kb max_used=17281Kb free=102719Kb
 bounds [0x000001f4bad90000, 0x000001f4bbe80000, 0x000001f4c22c0000]
CodeHeap 'non-nmethods': size=5760Kb used=2286Kb max_used=2345Kb free=3473Kb
 bounds [0x000001f4ba7f0000, 0x000001f4baa60000, 0x000001f4bad90000]
 total_blobs=8870 nmethods=7998 adapters=782
 compilation: enabled
              stopped_count=0, restarted_count=0
 full_count=0

Compilation events (20 events):
Event: 7.172 Thread 0x000001f4d11be800 7993   !   3       org.gradle.api.internal.DefaultMutationGuard$2::execute (67 bytes)
Event: 7.173 Thread 0x000001f4d11be800 nmethod 7993 0x000001f4bbe5e390 code [0x000001f4bbe5e640, 0x000001f4bbe5f308]
Event: 7.175 Thread 0x000001f4d11be800 7994       3       org.gradle.api.internal.provider.DefaultProperty::value (7 bytes)
Event: 7.175 Thread 0x000001f4d11be800 nmethod 7994 0x000001f4bbe5f810 code [0x000001f4bbe5f9c0, 0x000001f4bbe5fb68]
Event: 7.177 Thread 0x000001f4d11be800 7995       1       org.gradle.api.internal.provider.TransformBackedProvider::getType (2 bytes)
Event: 7.177 Thread 0x000001f4d11be800 nmethod 7995 0x000001f4c27d3710 code [0x000001f4c27d38c0, 0x000001f4c27d3978]
Event: 7.178 Thread 0x000001f4d11be800 7996       2       sun.reflect.generics.parser.SignatureParser::parseClassTypeSignature (118 bytes)
Event: 7.178 Thread 0x000001f4d11be800 nmethod 7996 0x000001f4bbe5fc10 code [0x000001f4bbe5ff20, 0x000001f4bbe609b8]
Event: 7.178 Thread 0x000001f4d11be800 7997       3       org.gradle.internal.instantiation.generator.AsmBackedClassGenerator$ClassBuilderImpl::includeNotInheritedAnnotations (127 bytes)
Event: 7.179 Thread 0x000001f4d11be800 nmethod 7997 0x000001f4bbe61010 code [0x000001f4bbe61380, 0x000001f4bbe62808]
Event: 7.179 Thread 0x000001f4d11be800 7998       3       org.gradle.internal.instantiation.generator.AsmBackedClassGenerator$ClassBuilderImpl::generateInitMethod (47 bytes)
Event: 7.179 Thread 0x000001f4d11be800 nmethod 7998 0x000001f4bbe62f90 code [0x000001f4bbe631a0, 0x000001f4bbe63658]
Event: 7.180 Thread 0x000001f4d11be800 7999       3       java.util.IdentityHashMap::get (60 bytes)
Event: 7.180 Thread 0x000001f4d11be800 nmethod 7999 0x000001f4bbe63810 code [0x000001f4bbe63a00, 0x000001f4bbe63e48]
Event: 7.180 Thread 0x000001f4d11be800 8001       3       groovy.lang.MetaClassImpl::getMetaProperty (45 bytes)
Event: 7.180 Thread 0x000001f4d11be800 nmethod 8001 0x000001f4bbe64090 code [0x000001f4bbe64280, 0x000001f4bbe64758]
Event: 7.180 Thread 0x000001f4d11be800 8000       1       org.gradle.api.internal.project.DefaultProject::getAsDynamicObject (5 bytes)
Event: 7.180 Thread 0x000001f4d11be800 nmethod 8000 0x000001f4c27d3a10 code [0x000001f4c27d3bc0, 0x000001f4c27d3c78]
Event: 7.185 Thread 0x000001f4d11be800 8002       1       kotlin.collections.EmptyList::getSize (2 bytes)
Event: 7.185 Thread 0x000001f4d11be800 nmethod 8002 0x000001f4c27d3d10 code [0x000001f4c27d3ec0, 0x000001f4c27d3f78]

GC Heap History (20 events):
Event: 1.466 GC heap before
{Heap before GC invocations=3 (full 0):
 garbage-first heap   total 129024K, used 33148K [0x0000000080000000, 0x0000000100000000)
  region size 1024K, 24 young (24576K), 7 survivors (7168K)
 Metaspace       used 20644K, capacity 21079K, committed 21248K, reserved 1067008K
  class space    used 2537K, capacity 2693K, committed 2816K, reserved 1048576K
}
Event: 1.470 GC heap after
{Heap after GC invocations=4 (full 0):
 garbage-first heap   total 129024K, used 17745K [0x0000000080000000, 0x0000000100000000)
  region size 1024K, 5 young (5120K), 5 survivors (5120K)
 Metaspace       used 20644K, capacity 21079K, committed 21248K, reserved 1067008K
  class space    used 2537K, capacity 2693K, committed 2816K, reserved 1048576K
}
Event: 1.844 GC heap before
{Heap before GC invocations=5 (full 0):
 garbage-first heap   total 129024K, used 66897K [0x0000000080000000, 0x0000000100000000)
  region size 1024K, 54 young (55296K), 5 survivors (5120K)
 Metaspace       used 25901K, capacity 26576K, committed 26752K, reserved 1073152K
  class space    used 3386K, capacity 3617K, committed 3712K, reserved 1048576K
}
Event: 1.848 GC heap after
{Heap after GC invocations=6 (full 0):
 garbage-first heap   total 155648K, used 19750K [0x0000000080000000, 0x0000000100000000)
  region size 1024K, 3 young (3072K), 3 survivors (3072K)
 Metaspace       used 25901K, capacity 26576K, committed 26752K, reserved 1073152K
  class space    used 3386K, capacity 3617K, committed 3712K, reserved 1048576K
}
Event: 2.401 GC heap before
{Heap before GC invocations=6 (full 0):
 garbage-first heap   total 155648K, used 81190K [0x0000000080000000, 0x0000000100000000)
  region size 1024K, 64 young (65536K), 3 survivors (3072K)
 Metaspace       used 35044K, capacity 35785K, committed 35840K, reserved 1081344K
  class space    used 4561K, capacity 4863K, committed 4864K, reserved 1048576K
}
Event: 2.408 GC heap after
{Heap after GC invocations=7 (full 0):
 garbage-first heap   total 155648K, used 23241K [0x0000000080000000, 0x0000000100000000)
  region size 1024K, 7 young (7168K), 7 survivors (7168K)
 Metaspace       used 35044K, capacity 35785K, committed 35840K, reserved 1081344K
  class space    used 4561K, capacity 4863K, committed 4864K, reserved 1048576K
}
Event: 2.930 GC heap before
{Heap before GC invocations=8 (full 0):
 garbage-first heap   total 155648K, used 93897K [0x0000000080000000, 0x0000000100000000)
  region size 1024K, 74 young (75776K), 7 survivors (7168K)
 Metaspace       used 39843K, capacity 40940K, committed 41164K, reserved 1085440K
  class space    used 5100K, capacity 5469K, committed 5580K, reserved 1048576K
}
Event: 2.937 GC heap after
{Heap after GC invocations=9 (full 0):
 garbage-first heap   total 155648K, used 28494K [0x0000000080000000, 0x0000000100000000)
  region size 1024K, 9 young (9216K), 9 survivors (9216K)
 Metaspace       used 39843K, capacity 40940K, committed 41164K, reserved 1085440K
  class space    used 5100K, capacity 5469K, committed 5580K, reserved 1048576K
}
Event: 3.520 GC heap before
{Heap before GC invocations=9 (full 0):
 garbage-first heap   total 155648K, used 108366K [0x0000000080000000, 0x0000000100000000)
  region size 1024K, 87 young (89088K), 9 survivors (9216K)
 Metaspace       used 46805K, capacity 48066K, committed 48332K, reserved 1091584K
  class space    used 6040K, capacity 6475K, committed 6604K, reserved 1048576K
}
Event: 3.528 GC heap after
{Heap after GC invocations=10 (full 0):
 garbage-first heap   total 155648K, used 31392K [0x0000000080000000, 0x0000000100000000)
  region size 1024K, 9 young (9216K), 9 survivors (9216K)
 Metaspace       used 46805K, capacity 48066K, committed 48332K, reserved 1091584K
  class space    used 6040K, capacity 6475K, committed 6604K, reserved 1048576K
}
Event: 4.088 GC heap before
{Heap before GC invocations=10 (full 0):
 garbage-first heap   total 155648K, used 119456K [0x0000000080000000, 0x0000000100000000)
  region size 1024K, 87 young (89088K), 9 survivors (9216K)
 Metaspace       used 50143K, capacity 51587K, committed 51788K, reserved 1093632K
  class space    used 6407K, capacity 6860K, committed 6988K, reserved 1048576K
}
Event: 4.098 GC heap after
{Heap after GC invocations=11 (full 0):
 garbage-first heap   total 187392K, used 52762K [0x0000000080000000, 0x0000000100000000)
  region size 1024K, 11 young (11264K), 11 survivors (11264K)
 Metaspace       used 50143K, capacity 51587K, committed 51788K, reserved 1093632K
  class space    used 6407K, capacity 6860K, committed 6988K, reserved 1048576K
}
Event: 4.661 GC heap before
{Heap before GC invocations=11 (full 0):
 garbage-first heap   total 187392K, used 111130K [0x0000000080000000, 0x0000000100000000)
  region size 1024K, 69 young (70656K), 11 survivors (11264K)
 Metaspace       used 58586K, capacity 60178K, committed 60236K, reserved 1101824K
  class space    used 7460K, capacity 7993K, committed 8012K, reserved 1048576K
}
Event: 4.673 GC heap after
{Heap after GC invocations=12 (full 0):
 garbage-first heap   total 187392K, used 56504K [0x0000000080000000, 0x0000000100000000)
  region size 1024K, 3 young (3072K), 3 survivors (3072K)
 Metaspace       used 58586K, capacity 60178K, committed 60236K, reserved 1101824K
  class space    used 7460K, capacity 7993K, committed 8012K, reserved 1048576K
}
Event: 5.410 GC heap before
{Heap before GC invocations=13 (full 0):
 garbage-first heap   total 187392K, used 130232K [0x0000000080000000, 0x0000000100000000)
  region size 1024K, 75 young (76800K), 3 survivors (3072K)
 Metaspace       used 65488K, capacity 67198K, committed 67276K, reserved 1107968K
  class space    used 8324K, capacity 8892K, committed 8908K, reserved 1048576K
}
Event: 5.418 GC heap after
{Heap after GC invocations=14 (full 0):
 garbage-first heap   total 187392K, used 60872K [0x0000000080000000, 0x0000000100000000)
  region size 1024K, 8 young (8192K), 8 survivors (8192K)
 Metaspace       used 65488K, capacity 67198K, committed 67276K, reserved 1107968K
  class space    used 8324K, capacity 8892K, committed 8908K, reserved 1048576K
}
Event: 5.863 GC heap before
{Heap before GC invocations=14 (full 0):
 garbage-first heap   total 187392K, used 134600K [0x0000000080000000, 0x0000000100000000)
  region size 1024K, 80 young (81920K), 8 survivors (8192K)
 Metaspace       used 68385K, capacity 70063K, committed 70220K, reserved 1110016K
  class space    used 8666K, capacity 9264K, committed 9292K, reserved 1048576K
}
Event: 5.870 GC heap after
{Heap after GC invocations=15 (full 0):
 garbage-first heap   total 187392K, used 66208K [0x0000000080000000, 0x0000000100000000)
  region size 1024K, 10 young (10240K), 10 survivors (10240K)
 Metaspace       used 68385K, capacity 70063K, committed 70220K, reserved 1110016K
  class space    used 8666K, capacity 9264K, committed 9292K, reserved 1048576K
}
Event: 6.626 GC heap before
{Heap before GC invocations=15 (full 0):
 garbage-first heap   total 187392K, used 139936K [0x0000000080000000, 0x0000000100000000)
  region size 1024K, 82 young (83968K), 10 survivors (10240K)
 Metaspace       used 76473K, capacity 78268K, committed 78412K, reserved 1118208K
  class space    used 9897K, capacity 10538K, committed 10572K, reserved 1048576K
}
Event: 6.635 GC heap after
{Heap after GC invocations=16 (full 0):
 garbage-first heap   total 225280K, used 71927K [0x0000000080000000, 0x0000000100000000)
  region size 1024K, 11 young (11264K), 11 survivors (11264K)
 Metaspace       used 76473K, capacity 78268K, committed 78412K, reserved 1118208K
  class space    used 9897K, capacity 10538K, committed 10572K, reserved 1048576K
}

Deoptimization events (20 events):
Event: 7.016 Thread 0x000001f4d3fb6800 DEOPT PACKING pc=0x000001f4bb9731c4 sp=0x0000006b07ef7c00
Event: 7.016 Thread 0x000001f4d3fb6800 DEOPT UNPACKING pc=0x000001f4ba817c0e sp=0x0000006b07ef7038 mode 0
Event: 7.016 Thread 0x000001f4d3fb6800 DEOPT PACKING pc=0x000001f4bb9732cc sp=0x0000006b07ef7c70
Event: 7.016 Thread 0x000001f4d3fb6800 DEOPT UNPACKING pc=0x000001f4ba817c0e sp=0x0000006b07ef7110 mode 0
Event: 7.016 Thread 0x000001f4d3fb6800 DEOPT PACKING pc=0x000001f4bb57fefc sp=0x0000006b07ef7ce0
Event: 7.016 Thread 0x000001f4d3fb6800 DEOPT UNPACKING pc=0x000001f4ba817c0e sp=0x0000006b07ef70e0 mode 0
Event: 7.016 Thread 0x000001f4d3fb6800 Uncommon trap: trap_request=0xfffffff4 fr.pc=0x000001f4c2776474 relative=0x0000000000002174
Event: 7.016 Thread 0x000001f4d3fb6800 Uncommon trap: reason=null_check action=make_not_entrant pc=0x000001f4c2776474 method=sun.reflect.generics.visitor.Reifier.reifyTypeArguments([Lsun/reflect/generics/tree/TypeArgument;)[Ljava/lang/reflect/Type; @ 29 c2
Event: 7.016 Thread 0x000001f4d3fb6800 DEOPT PACKING pc=0x000001f4c2776474 sp=0x0000006b07ef7d60
Event: 7.016 Thread 0x000001f4d3fb6800 DEOPT UNPACKING pc=0x000001f4ba7f83af sp=0x0000006b07ef7ca8 mode 2
Event: 7.020 Thread 0x000001f4d3fb6800 Uncommon trap: trap_request=0xffffff4d fr.pc=0x000001f4c255e6fc relative=0x00000000000006fc
Event: 7.020 Thread 0x000001f4d3fb6800 Uncommon trap: reason=unstable_if action=reinterpret pc=0x000001f4c255e6fc method=java.util.HashMap.putVal(ILjava/lang/Object;Ljava/lang/Object;ZZ)Ljava/lang/Object; @ 109 c2
Event: 7.020 Thread 0x000001f4d3fb6800 DEOPT PACKING pc=0x000001f4c255e6fc sp=0x0000006b07ef7c60
Event: 7.020 Thread 0x000001f4d3fb6800 DEOPT UNPACKING pc=0x000001f4ba7f83af sp=0x0000006b07ef7b78 mode 2
Event: 7.020 Thread 0x000001f4d3fb6800 Uncommon trap: trap_request=0xffffff4d fr.pc=0x000001f4c243a5ec relative=0x000000000000066c
Event: 7.020 Thread 0x000001f4d3fb6800 Uncommon trap: reason=unstable_if action=reinterpret pc=0x000001f4c243a5ec method=java.util.HashMap.putVal(ILjava/lang/Object;Ljava/lang/Object;ZZ)Ljava/lang/Object; @ 109 c2
Event: 7.020 Thread 0x000001f4d3fb6800 DEOPT PACKING pc=0x000001f4c243a5ec sp=0x0000006b07ef7bb0
Event: 7.020 Thread 0x000001f4d3fb6800 DEOPT UNPACKING pc=0x000001f4ba7f83af sp=0x0000006b07ef7b68 mode 2
Event: 7.149 Thread 0x000001f4d3fb6800 DEOPT PACKING pc=0x000001f4bb9c2173 sp=0x0000006b07ef8670
Event: 7.149 Thread 0x000001f4d3fb6800 DEOPT UNPACKING pc=0x000001f4ba817c0e sp=0x0000006b07ef7c38 mode 0

Classes redefined (0 events):
No events

Internal exceptions (20 events):
Event: 6.423 Thread 0x000001f4d3fb6800 Exception <a 'java/lang/ClassNotFoundException'{0x000000008864ac40}: groovy/xml/slurpersupport/GPathResultBeanInfo> (0x000000008864ac40) thrown at [./src/hotspot/share/classfile/systemDictionary.cpp, line 231]
Event: 6.424 Thread 0x000001f4d3fb6800 Exception <a 'java/lang/ClassNotFoundException'{0x0000000088672078}: groovy/xml/slurpersupport/GPathResultCustomizer> (0x0000000088672078) thrown at [./src/hotspot/share/classfile/systemDictionary.cpp, line 231]
Event: 6.424 Thread 0x000001f4d3fb6800 Exception <a 'java/lang/ClassNotFoundException'{0x00000000886a8598}: groovy/xml/slurpersupport/NodeChildCustomizer> (0x00000000886a8598) thrown at [./src/hotspot/share/classfile/systemDictionary.cpp, line 231]
Event: 6.428 Thread 0x000001f4d3fb6800 Exception <a 'java/lang/ClassNotFoundException'{0x00000000885bc6c8}: groovy/xml/slurpersupport/AttributesBeanInfo> (0x00000000885bc6c8) thrown at [./src/hotspot/share/classfile/systemDictionary.cpp, line 231]
Event: 6.428 Thread 0x000001f4d3fb6800 Exception <a 'java/lang/ClassNotFoundException'{0x00000000885e3808}: groovy/xml/slurpersupport/NodeChildrenBeanInfo> (0x00000000885e3808) thrown at [./src/hotspot/share/classfile/systemDictionary.cpp, line 231]
Event: 6.429 Thread 0x000001f4d3fb6800 Exception <a 'java/lang/ClassNotFoundException'{0x000000008840abb0}: groovy/xml/slurpersupport/NodeChildrenCustomizer> (0x000000008840abb0) thrown at [./src/hotspot/share/classfile/systemDictionary.cpp, line 231]
Event: 6.429 Thread 0x000001f4d3fb6800 Exception <a 'java/lang/ClassNotFoundException'{0x0000000088437c00}: groovy/xml/slurpersupport/AttributesCustomizer> (0x0000000088437c00) thrown at [./src/hotspot/share/classfile/systemDictionary.cpp, line 231]
Event: 6.432 Thread 0x000001f4d3fb6800 Exception <a 'java/lang/ClassNotFoundException'{0x0000000088331628}: groovy/xml/slurpersupport/AttributeBeanInfo> (0x0000000088331628) thrown at [./src/hotspot/share/classfile/systemDictionary.cpp, line 231]
Event: 6.433 Thread 0x000001f4d3fb6800 Exception <a 'java/lang/ClassNotFoundException'{0x0000000088357b58}: groovy/xml/slurpersupport/AttributeCustomizer> (0x0000000088357b58) thrown at [./src/hotspot/share/classfile/systemDictionary.cpp, line 231]
Event: 6.738 Thread 0x000001f4d3fb6800 Exception <a 'sun/nio/fs/WindowsException'{0x000000008d15cf68}> (0x000000008d15cf68) thrown at [./src/hotspot/share/prims/jni.cpp, line 615]
Event: 6.738 Thread 0x000001f4d3fb6800 Exception <a 'sun/nio/fs/WindowsException'{0x000000008d15d330}> (0x000000008d15d330) thrown at [./src/hotspot/share/prims/jni.cpp, line 615]
Event: 6.803 Thread 0x000001f4d3fb6800 Exception <a 'java/lang/NullPointerException'{0x000000008c636eb0}> (0x000000008c636eb0) thrown at [./src/hotspot/share/interpreter/linkResolver.cpp, line 1440]
Event: 6.865 Thread 0x000001f4d3fb6800 Implicit null exception at 0x000001f4c2639247 to 0x000001f4c263b13c
Event: 6.956 Thread 0x000001f4d3fb6800 Exception <a 'java/lang/NoSuchMethodError'{0x000000008b4f5748}: 'int java.lang.invoke.DirectMethodHandle$Holder.invokeStatic(java.lang.Object, java.lang.Object, int, java.lang.Object)'> (0x000000008b4f5748) thrown at [./src/hotspot/share/interpreter/linkResolver.cpp, line 773]
Event: 6.956 Thread 0x000001f4d3fb6800 Exception <a 'java/lang/NoSuchMethodError'{0x000000008b4fc5f0}: 'java.lang.Object java.lang.invoke.Invokers$Holder.linkToTargetMethod(java.lang.Object, int, java.lang.Object)'> (0x000000008b4fc5f0) thrown at [./src/hotspot/share/interpreter/linkResolver.cpp, line 773]
Event: 6.972 Thread 0x000001f4d3fb6800 Exception <a 'sun/nio/fs/WindowsException'{0x000000008b20cbe0}> (0x000000008b20cbe0) thrown at [./src/hotspot/share/prims/jni.cpp, line 615]
Event: 6.972 Thread 0x000001f4d3fb6800 Exception <a 'sun/nio/fs/WindowsException'{0x000000008b20df38}> (0x000000008b20df38) thrown at [./src/hotspot/share/prims/jni.cpp, line 615]
Event: 6.972 Thread 0x000001f4d3fb6800 Exception <a 'sun/nio/fs/WindowsException'{0x000000008b20f2c8}> (0x000000008b20f2c8) thrown at [./src/hotspot/share/prims/jni.cpp, line 615]
Event: 6.972 Thread 0x000001f4d3fb6800 Exception <a 'sun/nio/fs/WindowsException'{0x000000008b210658}> (0x000000008b210658) thrown at [./src/hotspot/share/prims/jni.cpp, line 615]
Event: 7.016 Thread 0x000001f4d3fb6800 Implicit null exception at 0x000001f4c2774e85 to 0x000001f4c277644c

Events (20 events):
Event: 7.182 loading class org/jetbrains/kotlin/config/ApiVersion$Companion
Event: 7.182 loading class org/jetbrains/kotlin/config/ApiVersion$Companion done
Event: 7.183 loading class org/jetbrains/kotlin/config/MavenComparableVersion
Event: 7.183 loading class org/jetbrains/kotlin/config/MavenComparableVersion done
Event: 7.183 loading class org/jetbrains/kotlin/config/MavenComparableVersion$Item
Event: 7.183 loading class org/jetbrains/kotlin/config/MavenComparableVersion$Item done
Event: 7.183 loading class org/jetbrains/kotlin/config/MavenComparableVersion$ListItem
Event: 7.183 loading class org/jetbrains/kotlin/config/MavenComparableVersion$ListItem done
Event: 7.184 loading class org/jetbrains/kotlin/config/MavenComparableVersion$IntegerItem
Event: 7.184 loading class org/jetbrains/kotlin/config/MavenComparableVersion$IntegerItem done
Event: 7.185 loading class org/jetbrains/kotlin/gradle/plugin/statistics/KotlinBuildStatHandler$report$1
Event: 7.185 loading class org/jetbrains/kotlin/gradle/plugin/statistics/KotlinBuildStatHandler$report$1 done
Event: 7.185 loading class org/jetbrains/kotlin/gradle/plugin/mpp/KotlinCompilationsKt$sam$java_util_concurrent_Callable$0
Event: 7.185 loading class org/jetbrains/kotlin/gradle/plugin/mpp/KotlinCompilationsKt$sam$java_util_concurrent_Callable$0 done
Event: 7.185 loading class org/jetbrains/kotlin/gradle/tasks/FilteringSourceRootsContainer$getFilteredSourceRootsFrom$1
Event: 7.185 loading class org/jetbrains/kotlin/gradle/tasks/FilteringSourceRootsContainer$getFilteredSourceRootsFrom$1 done
Event: 7.186 loading class org/jetbrains/kotlin/gradle/tasks/FilteringSourceRootsContainer$sam$org_gradle_api_specs_Spec$0
Event: 7.186 loading class org/jetbrains/kotlin/gradle/tasks/FilteringSourceRootsContainer$sam$org_gradle_api_specs_Spec$0 done
Event: 7.186 loading class org/jetbrains/kotlin/gradle/plugin/mpp/KotlinCompilationsKt$addSourcesToKotlinCompileTask$configureAction$1
Event: 7.186 loading class org/jetbrains/kotlin/gradle/plugin/mpp/KotlinCompilationsKt$addSourcesToKotlinCompileTask$configureAction$1 done


Dynamic libraries:
0x00007ff651a20000 - 0x00007ff651a2a000 	D:\Program Files\Android\jre\bin\java.exe
0x00007ffb4e6c0000 - 0x00007ffb4e8b0000 	C:\Windows\SYSTEM32\ntdll.dll
0x00007ffb4d4e0000 - 0x00007ffb4d592000 	C:\Windows\System32\KERNEL32.DLL
0x00007ffb4bfd0000 - 0x00007ffb4c273000 	C:\Windows\System32\KERNELBASE.dll
0x00007ffb4c560000 - 0x00007ffb4c65a000 	C:\Windows\System32\ucrtbase.dll
0x00007ffb47ab0000 - 0x00007ffb47ac9000 	D:\Program Files\Android\jre\bin\jli.dll
0x00007ffb47ad0000 - 0x00007ffb47ae7000 	D:\Program Files\Android\jre\bin\VCRUNTIME140.dll
0x00007ffb4da10000 - 0x00007ffb4dba4000 	C:\Windows\System32\USER32.dll
0x00007ffb4bf50000 - 0x00007ffb4bf71000 	C:\Windows\System32\win32u.dll
0x00007ffb38480000 - 0x00007ffb38705000 	C:\Windows\WinSxS\amd64_microsoft.windows.common-controls_6595b64144ccf1df_6.0.18362.535_none_e6c3b34713100821\COMCTL32.dll
0x00007ffb4dcd0000 - 0x00007ffb4dcf6000 	C:\Windows\System32\GDI32.dll
0x00007ffb4e620000 - 0x00007ffb4e6be000 	C:\Windows\System32\msvcrt.dll
0x00007ffb4c280000 - 0x00007ffb4c414000 	C:\Windows\System32\gdi32full.dll
0x00007ffb4e070000 - 0x00007ffb4e3a6000 	C:\Windows\System32\combase.dll
0x00007ffb4c420000 - 0x00007ffb4c4be000 	C:\Windows\System32\msvcp_win.dll
0x00007ffb4df50000 - 0x00007ffb4e070000 	C:\Windows\System32\RPCRT4.dll
0x00007ffb4c4c0000 - 0x00007ffb4c540000 	C:\Windows\System32\bcryptPrimitives.dll
0x00007ffb4d610000 - 0x00007ffb4d63e000 	C:\Windows\System32\IMM32.DLL
0x00007ffb3ad00000 - 0x00007ffb3ad9d000 	D:\Program Files\Android\jre\bin\msvcp140.dll
0x00007ffb1c500000 - 0x00007ffb1cfd5000 	D:\Program Files\Android\jre\bin\server\jvm.dll
0x00007ffb4dbb0000 - 0x00007ffb4dc53000 	C:\Windows\System32\ADVAPI32.dll
0x00007ffb4dd00000 - 0x00007ffb4dd97000 	C:\Windows\System32\sechost.dll
0x00007ffb4dc60000 - 0x00007ffb4dc68000 	C:\Windows\System32\PSAPI.DLL
0x00007ffb47be0000 - 0x00007ffb47be9000 	C:\Windows\SYSTEM32\WSOCK32.dll
0x00007ffb451d0000 - 0x00007ffb451da000 	C:\Windows\SYSTEM32\VERSION.dll
0x00007ffb4e500000 - 0x00007ffb4e56f000 	C:\Windows\System32\WS2_32.dll
0x00007ffb491e0000 - 0x00007ffb49204000 	C:\Windows\SYSTEM32\WINMM.dll
0x00007ffb490d0000 - 0x00007ffb490fd000 	C:\Windows\SYSTEM32\WINMMBASE.dll
0x00007ffb4bf80000 - 0x00007ffb4bfca000 	C:\Windows\System32\cfgmgr32.dll
0x00007ffb4b5e0000 - 0x00007ffb4b5f1000 	C:\Windows\System32\kernel.appcore.dll
0x00007ffb47bc0000 - 0x00007ffb47bd1000 	D:\Program Files\Android\jre\bin\verify.dll
0x00007ffb49ef0000 - 0x00007ffb4a0e4000 	C:\Windows\SYSTEM32\DBGHELP.DLL
0x00007ffb35c10000 - 0x00007ffb35c3a000 	C:\Windows\SYSTEM32\dbgcore.DLL
0x00007ffb47b90000 - 0x00007ffb47bb9000 	D:\Program Files\Android\jre\bin\java.dll
0x00007ffb47b80000 - 0x00007ffb47b8b000 	D:\Program Files\Android\jre\bin\jimage.dll
0x00007ffb46a50000 - 0x00007ffb46a68000 	D:\Program Files\Android\jre\bin\zip.dll
0x00007ffb4c7b0000 - 0x00007ffb4ce95000 	C:\Windows\System32\SHELL32.dll
0x00007ffb4e570000 - 0x00007ffb4e619000 	C:\Windows\System32\shcore.dll
0x00007ffb4b690000 - 0x00007ffb4be0f000 	C:\Windows\System32\windows.storage.dll
0x00007ffb4b650000 - 0x00007ffb4b66f000 	C:\Windows\System32\profapi.dll
0x00007ffb4b600000 - 0x00007ffb4b64a000 	C:\Windows\System32\powrprof.dll
0x00007ffb4b5d0000 - 0x00007ffb4b5e0000 	C:\Windows\System32\UMPDC.dll
0x00007ffb4d480000 - 0x00007ffb4d4d2000 	C:\Windows\System32\shlwapi.dll
0x00007ffb4c540000 - 0x00007ffb4c557000 	C:\Windows\System32\cryptsp.dll
0x00007ffb464d0000 - 0x00007ffb464ea000 	D:\Program Files\Android\jre\bin\net.dll
0x00007ffb3ba00000 - 0x00007ffb3baf0000 	C:\Windows\SYSTEM32\WINHTTP.dll
0x00007ffb4ae40000 - 0x00007ffb4aea7000 	C:\Windows\system32\mswsock.dll
0x00007ffb464b0000 - 0x00007ffb464c4000 	D:\Program Files\Android\jre\bin\nio.dll
0x00007ffb43ef0000 - 0x00007ffb43f17000 	D:\ProgramsfilesD\Android\Sdk\native\e1d6ef7f7dcc3fd88c89a11ec53ec762bb8ba0a96d01ffa2cd45eb1d1d8dd5c5\windows-amd64\native-platform.dll
0x00007ffb36a00000 - 0x00007ffb36b44000 	D:\ProgramsfilesD\Android\Sdk\native\5664cfc778a61ccfe75a443a1ab52a65af34e5dc3c78e0209fed803814484fcb\windows-amd64\native-platform-file-events.dll
0x00007ffb47b30000 - 0x00007ffb47b3a000 	D:\Program Files\Android\jre\bin\management.dll
0x00007ffb45ec0000 - 0x00007ffb45ecd000 	D:\Program Files\Android\jre\bin\management_ext.dll
0x00007ffb4a9b0000 - 0x00007ffb4a9e3000 	C:\Windows\system32\rsaenh.dll
0x00007ffb4bf20000 - 0x00007ffb4bf46000 	C:\Windows\System32\bcrypt.dll
0x00007ffb4b4c0000 - 0x00007ffb4b4e5000 	C:\Windows\SYSTEM32\USERENV.dll
0x00007ffb4b010000 - 0x00007ffb4b01c000 	C:\Windows\SYSTEM32\CRYPTBASE.dll
0x00007ffb4ab50000 - 0x00007ffb4ab8a000 	C:\Windows\SYSTEM32\IPHLPAPI.DLL
0x00007ffb4d310000 - 0x00007ffb4d318000 	C:\Windows\System32\NSI.dll
0x00007ffb43b40000 - 0x00007ffb43b56000 	C:\Windows\SYSTEM32\dhcpcsvc6.DLL
0x00007ffb44240000 - 0x00007ffb4425c000 	C:\Windows\SYSTEM32\dhcpcsvc.DLL
0x00007ffb4ab90000 - 0x00007ffb4ac5a000 	C:\Windows\SYSTEM32\DNSAPI.dll

dbghelp: loaded successfully - version: 4.0.5 - missing functions: none
symbol engine: initialized successfully - sym options: 0x614 - pdb path: .;D:\Program Files\Android\jre\bin;C:\Windows\SYSTEM32;C:\Windows\WinSxS\amd64_microsoft.windows.common-controls_6595b64144ccf1df_6.0.18362.535_none_e6c3b34713100821;D:\Program Files\Android\jre\bin\server;D:\ProgramsfilesD\Android\Sdk\native\e1d6ef7f7dcc3fd88c89a11ec53ec762bb8ba0a96d01ffa2cd45eb1d1d8dd5c5\windows-amd64;D:\ProgramsfilesD\Android\Sdk\native\5664cfc778a61ccfe75a443a1ab52a65af34e5dc3c78e0209fed803814484fcb\windows-amd64

VM Arguments:
jvm_args: --add-opens=java.base/java.util=ALL-UNNAMED --add-opens=java.base/java.lang=ALL-UNNAMED --add-opens=java.base/java.lang.invoke=ALL-UNNAMED --add-opens=java.base/java.util=ALL-UNNAMED --add-opens=java.prefs/java.util.prefs=ALL-UNNAMED --add-opens=java.prefs/java.util.prefs=ALL-UNNAMED --add-opens=java.base/java.nio.charset=ALL-UNNAMED --add-opens=java.base/java.net=ALL-UNNAMED --add-opens=java.base/java.util.concurrent.atomic=ALL-UNNAMED -Xmx2048m -Dfile.encoding=UTF-8 -Duser.country=RU -Duser.language=ru -Duser.variant 
java_command: org.gradle.launcher.daemon.bootstrap.GradleDaemon 7.2
java_class_path (initial): D:\ProgramsfilesD\Android\Sdk\wrapper\dists\gradle-7.2-bin\2dnblmf4td7x66yl1d74lt32g\gradle-7.2\lib\gradle-launcher-7.2.jar
Launcher Type: SUN_STANDARD

[Global flags]
     intx CICompilerCount                          = 4                                         {product} {ergonomic}
     uint ConcGCThreads                            = 2                                         {product} {ergonomic}
     uint G1ConcRefinementThreads                  = 8                                         {product} {ergonomic}
   size_t G1HeapRegionSize                         = 1048576                                   {product} {ergonomic}
    uintx GCDrainStackTargetSize                   = 64                                        {product} {ergonomic}
   size_t InitialHeapSize                          = 132120576                                 {product} {ergonomic}
   size_t MarkStackSize                            = 4194304                                   {product} {ergonomic}
   size_t MaxHeapSize                              = 2147483648                                {product} {command line}
   size_t MaxNewSize                               = 1287651328                                {product} {ergonomic}
   size_t MinHeapDeltaBytes                        = 1048576                                   {product} {ergonomic}
    uintx NonNMethodCodeHeapSize                   = 5836300                                {pd product} {ergonomic}
    uintx NonProfiledCodeHeapSize                  = 122910970                              {pd product} {ergonomic}
    uintx ProfiledCodeHeapSize                     = 122910970                              {pd product} {ergonomic}
    uintx ReservedCodeCacheSize                    = 251658240                              {pd product} {ergonomic}
     bool SegmentedCodeCache                       = true                                      {product} {ergonomic}
     bool UseCompressedClassPointers               = true                                 {lp64_product} {ergonomic}
     bool UseCompressedOops                        = true                                 {lp64_product} {ergonomic}
     bool UseG1GC                                  = true                                      {product} {ergonomic}
     bool UseLargePagesIndividualAllocation        = false                                  {pd product} {ergonomic}

Logging:
Log output configuration:
 #0: stdout all=warning uptime,level,tags
 #1: stderr all=off uptime,level,tags

Environment Variables:
JAVA_HOME=D:\Program Files\Java
PATH=C:\PROGRA~2\Borland\CBUILD~1\Bin;C:\PROGRA~2\Borland\CBUILD~1\Projects\Bpl;C:\Program Files\Common Files\Oracle\Java\javapath;C:\Windows\system32;C:\Windows;C:\Windows\System32\Wbem;C:\Windows\System32\WindowsPowerShell\v1.0\;C:\Program Files (x86)\NVIDIA Corporation\PhysX\Common;C:\Program Files\NVIDIA Corporation\NVIDIA NvDLISR;C:\Program Files\Microsoft\Web Platform Installer\;C:\Program Files (x86)\Microsoft ASP.NET\ASP.NET Web Pages\v1.0\;C:\Program Files\Microsoft SQL Server\110\Tools\Binn\;C:\Program Files\Git\cmd;C:\Users\asus\AppData\Local\Programs\Python\Python310\Scripts\;C:\Users\asus\AppData\Local\Programs\Python\Python310\;C:\Users\asus\AppData\Local\Microsoft\WindowsApps;;D:\Program Files\JetBrains\IntelliJ IDEA Community Edition 2020.3\bin;
USERNAME=asus
OS=Windows_NT
PROCESSOR_IDENTIFIER=Intel64 Family 6 Model 126 Stepping 5, GenuineIntel



---------------  S Y S T E M  ---------------

OS: Windows 10 , 64 bit Build 18362 (10.0.18362.329)
OS uptime: 0 days 2:02 hours

CPU:total 8 (initial active 8) (4 cores per cpu, 2 threads per core) family 6 model 126 stepping 5 microcode 0x96, cmov, cx8, fxsr, mmx, sse, sse2, sse3, ssse3, sse4.1, sse4.2, popcnt, avx, avx2, aes, clmul, erms, 3dnowpref, lzcnt, ht, tsc, tscinvbit, bmi1, bmi2, adx, evex, sha, fma

Memory: 4k page, system-wide physical 7997M (485M free)
TotalPageFile size 7997M (AvailPageFile size 5M)
current process WorkingSet (physical memory assigned to process): 478M, peak: 479M
current process commit charge ("private bytes"): 520M, peak: 521M

vm_info: OpenJDK 64-Bit Server VM (11.0.11+9-b60-7590822) for windows-amd64 JRE (11.0.11+9-b60-7590822), built on Jul 29 2021 21:43:44 by "builder" with MS VC++ 14.0 (VS2015)

END.
