#
# There is insufficient memory for the Java Runtime Environment to continue.
# Native memory allocation (mmap) failed to map 42991616 bytes for Failed to commit area from 0x000000008ca00000 to 0x000000008f300000 of length 42991616.
# Possible reasons:
#   The system is out of physical RAM or swap space
#   The process is running with CompressedOops enabled, and the Java Heap may be blocking the growth of the native heap
# Possible solutions:
#   Reduce memory load on the system
#   Increase physical memory or swap space
#   Check if swap backing store is full
#   Decrease Java heap size (-Xmx/-Xms)
#   Decrease number of Java threads
#   Decrease Java thread stack sizes (-Xss)
#   Set larger code cache with -XX:ReservedCodeCacheSize=
#   JVM is running with Unscaled Compressed Oops mode in which the Java heap is
#     placed in the first 4GB address space. The Java Heap base address is the
#     maximum limit for the native heap growth. Please use -XX:HeapBaseMinAddress
#     to set the Java Heap base and to place the Java Heap above 4GB virtual address.
# This output file may be truncated or incomplete.
#
#  Out of Memory Error (./src/hotspot/os/windows/os_windows.cpp:3301), pid=10100, tid=3984
#
# JRE version: OpenJDK Runtime Environment (11.0.11+9) (build 11.0.11+9-b60-7590822)
# Java VM: OpenJDK 64-Bit Server VM (11.0.11+9-b60-7590822, mixed mode, tiered, compressed oops, g1 gc, windows-amd64)
# No core dump will be written. Minidumps are not enabled by default on client versions of Windows
#

---------------  S U M M A R Y ------------

Command Line: --add-opens=java.base/java.util=ALL-UNNAMED --add-opens=java.base/java.lang=ALL-UNNAMED --add-opens=java.base/java.lang.invoke=ALL-UNNAMED --add-opens=java.base/java.util=ALL-UNNAMED --add-opens=java.prefs/java.util.prefs=ALL-UNNAMED --add-opens=java.prefs/java.util.prefs=ALL-UNNAMED --add-opens=java.base/java.nio.charset=ALL-UNNAMED --add-opens=java.base/java.net=ALL-UNNAMED --add-opens=java.base/java.util.concurrent.atomic=ALL-UNNAMED -Xmx2048m -Dfile.encoding=UTF-8 -Duser.country=RU -Duser.language=ru -Duser.variant org.gradle.launcher.daemon.bootstrap.GradleDaemon 7.2

Host: Intel(R) Core(TM) i7-1065G7 CPU @ 1.30GHz, 8 cores, 7G,  Windows 10 , 64 bit Build 18362 (10.0.18362.329)
Time: Fri May 20 16:16:41 2022 Caiaaiay Acey (ceia) elapsed time: 29.005021 seconds (0d 0h 0m 29s)

---------------  T H R E A D  ---------------

Current thread (0x00000206718b0800):  VMThread "VM Thread" [stack: 0x0000009ccc900000,0x0000009ccca00000] [id=3984]

Stack: [0x0000009ccc900000,0x0000009ccca00000]
[error occurred during error reporting (printing stack bounds), id 0xc0000005, EXCEPTION_ACCESS_VIOLATION (0xc0000005) at pc=0x000002065af310e7]

Native frames: (J=compiled Java code, j=interpreted, Vv=VM code, C=native code)
V  [jvm.dll+0x5f214a]
V  [jvm.dll+0x726fb5]
V  [jvm.dll+0x7285cd]
V  [jvm.dll+0x728be5]
V  [jvm.dll+0x728b9b]
V  [jvm.dll+0x5f14e8]
V  [jvm.dll+0x5f1c78]
C  [ntdll.dll+0xa11ff]
C  [ntdll.dll+0x6a289]
C  [ntdll.dll+0x9fe6e]
C  0x000002065af310e7

VM_Operation (0x0000009cd5dfd5e0): G1CollectForAllocation, mode: safepoint, requested by thread 0x00000206748e1800


---------------  P R O C E S S  ---------------

Threads class SMR info:
_java_thread_list=0x0000020677b697a0, length=140, elements={
0x0000020657439000, 0x00000206718b4800, 0x00000206718b5800, 0x00000206718d4800,
0x00000206721e0800, 0x00000206721e2800, 0x00000206721e5800, 0x00000206721e8800,
0x000002067223b800, 0x000002067223e000, 0x000002067223a000, 0x0000020672239800,
0x000002067223b000, 0x000002067223c800, 0x000002067223d800, 0x0000020672240000,
0x000002067223f000, 0x0000020673d39800, 0x0000020673d3a000, 0x0000020673d38800,
0x0000020673d3b000, 0x0000020673d3b800, 0x0000020673d3c800, 0x0000020673d3d800,
0x0000020673d37800, 0x0000020673d3e000, 0x0000020673d41800, 0x0000020673d44000,
0x0000020673d42800, 0x0000020673d40000, 0x0000020673d40800, 0x0000020673d44800,
0x0000020673d46800, 0x0000020675fed800, 0x0000020675fef000, 0x0000020675feb800,
0x0000020675fec800, 0x0000020675fee000, 0x0000020675fef800, 0x0000020675ff0800,
0x0000020675feb000, 0x0000020675ff2000, 0x0000020675ff4800, 0x0000020675ff3000,
0x0000020675ff4000, 0x0000020675ff5800, 0x0000020675ff6800, 0x0000020675ff7000,
0x0000020675ff1800, 0x0000020675ff8000, 0x0000020675ff9800, 0x0000020675ff8800,
0x0000020678c01000, 0x0000020678c03800, 0x0000020678c05000, 0x0000020678c06000,
0x0000020678c07000, 0x0000020678c03000, 0x0000020678c07800, 0x0000020678c02000,
0x0000020678c0a000, 0x0000020678c08800, 0x0000020678c09800, 0x0000020678c04800,
0x0000020678c10000, 0x0000020678c0b000, 0x0000020678c0f000, 0x0000020678c0c000,
0x0000020678c0c800, 0x0000020678c0d800, 0x0000020678c0e000, 0x000002067782f000,
0x000002067782c800, 0x0000020677832800, 0x000002067782d800, 0x000002067782e000,
0x0000020677833000, 0x0000020677831800, 0x0000020677834000, 0x0000020677830800,
0x0000020677834800, 0x0000020677835800, 0x0000020677830000, 0x0000020677836800,
0x0000020677837000, 0x0000020677838000, 0x0000020677839000, 0x0000020677839800,
0x000002067783b800, 0x000002067783a800, 0x0000020677bfa800, 0x0000020677bfb800,
0x0000020677bfa000, 0x0000020677bf7800, 0x0000020677bfc000, 0x0000020677bf6800,
0x0000020677bf9000, 0x0000020677bfe000, 0x0000020677bfd000, 0x0000020677bf8000,
0x0000020677c01000, 0x0000020677c02000, 0x0000020677c03800, 0x0000020677bfe800,
0x0000020677c04800, 0x0000020677c05000, 0x0000020677c03000, 0x0000020677bff800,
0x0000020677c00800, 0x00000206777dd000, 0x00000206777dc000, 0x00000206777d9000,
0x00000206777de000, 0x00000206777d8000, 0x00000206777de800, 0x00000206777d9800,
0x00000206777e0800, 0x00000206777da800, 0x00000206777e1000, 0x00000206777df800,
0x00000206777db800, 0x000002067971c000, 0x00000206777e2000, 0x00000206777e2800,
0x00000206777e5000, 0x00000206777e4800, 0x00000206777e6000, 0x00000206777e7000,
0x000002067db98000, 0x000002067db94000, 0x000002067db93800, 0x000002067db95000,
0x000002067db96800, 0x0000020675fd3000, 0x000002067db97800, 0x000002067db92800,
0x000002067db99000, 0x00000206748e0000, 0x00000206748e2800, 0x00000206748e1800
}

Java Threads: ( => current thread )
  0x0000020657439000 JavaThread "main" [_thread_blocked, id=6392, stack(0x0000009ccc300000,0x0000009ccc400000)]
  0x00000206718b4800 JavaThread "Reference Handler" daemon [_thread_blocked, id=2740, stack(0x0000009ccca00000,0x0000009cccb00000)]
  0x00000206718b5800 JavaThread "Finalizer" daemon [_thread_blocked, id=2932, stack(0x0000009cccb00000,0x0000009cccc00000)]
  0x00000206718d4800 JavaThread "Signal Dispatcher" daemon [_thread_blocked, id=2800, stack(0x0000009cccc00000,0x0000009cccd00000)]
  0x00000206721e0800 JavaThread "Attach Listener" daemon [_thread_blocked, id=752, stack(0x0000009cccd00000,0x0000009ccce00000)]
  0x00000206721e2800 JavaThread "Service Thread" daemon [_thread_blocked, id=6756, stack(0x0000009ccce00000,0x0000009cccf00000)]
  0x00000206721e5800 JavaThread "C2 CompilerThread0" daemon [_thread_in_native, id=12040, stack(0x0000009cccf00000,0x0000009ccd000000)]
  0x00000206721e8800 JavaThread "C1 CompilerThread0" daemon [_thread_blocked, id=11344, stack(0x0000009ccd000000,0x0000009ccd100000)]
  0x000002067223b800 JavaThread "Sweeper thread" daemon [_thread_blocked, id=11464, stack(0x0000009ccd100000,0x0000009ccd200000)]
  0x000002067223e000 JavaThread "Common-Cleaner" daemon [_thread_blocked, id=11888, stack(0x0000009ccd200000,0x0000009ccd300000)]
  0x000002067223a000 JavaThread "Daemon health stats" [_thread_blocked, id=4148, stack(0x0000009ccd800000,0x0000009ccd900000)]
  0x0000020672239800 JavaThread "Incoming local TCP Connector on port 62982" [_thread_in_native, id=9092, stack(0x0000009ccd500000,0x0000009ccd600000)]
  0x000002067223b000 JavaThread "Daemon periodic checks" [_thread_blocked, id=9900, stack(0x0000009ccd900000,0x0000009ccda00000)]
  0x000002067223c800 JavaThread "Daemon" [_thread_blocked, id=6088, stack(0x0000009ccda00000,0x0000009ccdb00000)]
  0x000002067223d800 JavaThread "Handler for socket connection from /127.0.0.1:62982 to /127.0.0.1:62983" [_thread_in_native, id=8996, stack(0x0000009ccdb00000,0x0000009ccdc00000)]
  0x0000020672240000 JavaThread "Cancel handler" [_thread_blocked, id=11004, stack(0x0000009ccdc00000,0x0000009ccdd00000)]
  0x000002067223f000 JavaThread "Daemon worker" [_thread_blocked, id=10624, stack(0x0000009ccdd00000,0x0000009ccde00000)]
  0x0000020673d39800 JavaThread "Asynchronous log dispatcher for DefaultDaemonConnection: socket connection from /127.0.0.1:62982 to /127.0.0.1:62983" [_thread_blocked, id=10788, stack(0x0000009ccde00000,0x0000009ccdf00000)]
  0x0000020673d3a000 JavaThread "Stdin handler" [_thread_blocked, id=11976, stack(0x0000009ccdf00000,0x0000009cce000000)]
  0x0000020673d38800 JavaThread "Daemon client event forwarder" [_thread_blocked, id=11280, stack(0x0000009cce000000,0x0000009cce100000)]
  0x0000020673d3b000 JavaThread "Cache worker for journal cache (D:\ProgramsfilesD\Android\Sdk\caches\journal-1)" [_thread_blocked, id=11212, stack(0x0000009cce100000,0x0000009cce200000)]
  0x0000020673d3b800 JavaThread "File lock request listener" [_thread_in_native, id=7756, stack(0x0000009cce200000,0x0000009cce300000)]
  0x0000020673d3c800 JavaThread "Cache worker for file hash cache (D:\ProgramsfilesD\Android\Sdk\caches\7.2\fileHashes)" [_thread_blocked, id=1248, stack(0x0000009cce300000,0x0000009cce400000)]
  0x0000020673d3d800 JavaThread "Cache worker for file hash cache (D:\NotesApp\.gradle\7.2\fileHashes)" [_thread_blocked, id=7948, stack(0x0000009ccea00000,0x0000009cceb00000)]
  0x0000020673d37800 JavaThread "File watcher server" daemon [_thread_blocked, id=10604, stack(0x0000009cceb00000,0x0000009ccec00000)]
  0x0000020673d3e000 JavaThread "File watcher consumer" daemon [_thread_blocked, id=3776, stack(0x0000009ccec00000,0x0000009cced00000)]
  0x0000020673d41800 JavaThread "Cache worker for checksums cache (D:\NotesApp\.gradle\checksums)" [_thread_blocked, id=8684, stack(0x0000009cced00000,0x0000009ccee00000)]
  0x0000020673d44000 JavaThread "Cache worker for cache directory md-supplier (D:\ProgramsfilesD\Android\Sdk\caches\7.2\md-supplier)" [_thread_blocked, id=8132, stack(0x0000009ccee00000,0x0000009ccef00000)]
  0x0000020673d42800 JavaThread "Cache worker for cache directory md-rule (D:\ProgramsfilesD\Android\Sdk\caches\7.2\md-rule)" [_thread_blocked, id=9956, stack(0x0000009ccf000000,0x0000009ccf100000)]
  0x0000020673d40000 JavaThread "Cache worker for execution history cache (D:\ProgramsfilesD\Android\Sdk\caches\7.2\executionHistory)" [_thread_blocked, id=11964, stack(0x0000009ccf100000,0x0000009ccf200000)]
  0x0000020673d40800 JavaThread "jar transforms" [_thread_blocked, id=3100, stack(0x0000009ccf200000,0x0000009ccf300000)]
  0x0000020673d44800 JavaThread "Cache worker for file content cache (D:\ProgramsfilesD\Android\Sdk\caches\7.2\fileContent)" [_thread_blocked, id=9624, stack(0x0000009ccf300000,0x0000009ccf400000)]
  0x0000020673d46800 JavaThread "jar transforms Thread 2" [_thread_blocked, id=2272, stack(0x0000009ccf400000,0x0000009ccf500000)]
  0x0000020675fed800 JavaThread "Cache worker for dependencies-accessors (D:\NotesApp\.gradle\7.2\dependencies-accessors)" [_thread_blocked, id=904, stack(0x0000009ccf500000,0x0000009ccf600000)]
  0x0000020675fef000 JavaThread "jar transforms Thread 3" [_thread_blocked, id=6748, stack(0x0000009ccf600000,0x0000009ccf700000)]
  0x0000020675feb800 JavaThread "Cache worker for Build Output Cleanup Cache (D:\NotesApp\.gradle\buildOutputCleanup)" [_thread_blocked, id=2044, stack(0x0000009ccf700000,0x0000009ccf800000)]
  0x0000020675fec800 JavaThread "Unconstrained build operations" [_thread_blocked, id=6276, stack(0x0000009ccf800000,0x0000009ccf900000)]
  0x0000020675fee000 JavaThread "Unconstrained build operations Thread 2" [_thread_blocked, id=2624, stack(0x0000009ccf900000,0x0000009ccfa00000)]
  0x0000020675fef800 JavaThread "Unconstrained build operations Thread 3" [_thread_blocked, id=7372, stack(0x0000009ccfa00000,0x0000009ccfb00000)]
  0x0000020675ff0800 JavaThread "Unconstrained build operations Thread 4" [_thread_blocked, id=3180, stack(0x0000009ccfb00000,0x0000009ccfc00000)]
  0x0000020675feb000 JavaThread "Unconstrained build operations Thread 5" [_thread_blocked, id=7556, stack(0x0000009ccfc00000,0x0000009ccfd00000)]
  0x0000020675ff2000 JavaThread "Unconstrained build operations Thread 6" [_thread_blocked, id=2000, stack(0x0000009ccfd00000,0x0000009ccfe00000)]
  0x0000020675ff4800 JavaThread "Unconstrained build operations Thread 7" [_thread_blocked, id=11056, stack(0x0000009ccfe00000,0x0000009ccff00000)]
  0x0000020675ff3000 JavaThread "Unconstrained build operations Thread 8" [_thread_blocked, id=1256, stack(0x0000009ccff00000,0x0000009cd0000000)]
  0x0000020675ff4000 JavaThread "Unconstrained build operations Thread 9" [_thread_blocked, id=8568, stack(0x0000009cd0000000,0x0000009cd0100000)]
  0x0000020675ff5800 JavaThread "Unconstrained build operations Thread 10" [_thread_blocked, id=804, stack(0x0000009cd0100000,0x0000009cd0200000)]
  0x0000020675ff6800 JavaThread "Unconstrained build operations Thread 11" [_thread_blocked, id=9408, stack(0x0000009cd0200000,0x0000009cd0300000)]
  0x0000020675ff7000 JavaThread "Unconstrained build operations Thread 12" [_thread_blocked, id=8460, stack(0x0000009cd0300000,0x0000009cd0400000)]
  0x0000020675ff1800 JavaThread "Unconstrained build operations Thread 13" [_thread_blocked, id=7752, stack(0x0000009cd0400000,0x0000009cd0500000)]
  0x0000020675ff8000 JavaThread "Unconstrained build operations Thread 14" [_thread_blocked, id=1780, stack(0x0000009cd0500000,0x0000009cd0600000)]
  0x0000020675ff9800 JavaThread "Unconstrained build operations Thread 15" [_thread_blocked, id=11488, stack(0x0000009cd0600000,0x0000009cd0700000)]
  0x0000020675ff8800 JavaThread "Unconstrained build operations Thread 16" [_thread_blocked, id=7800, stack(0x0000009cd0700000,0x0000009cd0800000)]
  0x0000020678c01000 JavaThread "Unconstrained build operations Thread 17" [_thread_blocked, id=7788, stack(0x0000009cd0800000,0x0000009cd0900000)]
  0x0000020678c03800 JavaThread "Unconstrained build operations Thread 18" [_thread_blocked, id=1940, stack(0x0000009cd0900000,0x0000009cd0a00000)]
  0x0000020678c05000 JavaThread "Unconstrained build operations Thread 19" [_thread_blocked, id=8600, stack(0x0000009cd0a00000,0x0000009cd0b00000)]
  0x0000020678c06000 JavaThread "Unconstrained build operations Thread 20" [_thread_blocked, id=12136, stack(0x0000009cd0b00000,0x0000009cd0c00000)]
  0x0000020678c07000 JavaThread "Unconstrained build operations Thread 21" [_thread_blocked, id=12180, stack(0x0000009cd0c00000,0x0000009cd0d00000)]
  0x0000020678c03000 JavaThread "Unconstrained build operations Thread 22" [_thread_blocked, id=11180, stack(0x0000009cd0d00000,0x0000009cd0e00000)]
  0x0000020678c07800 JavaThread "Unconstrained build operations Thread 23" [_thread_blocked, id=1200, stack(0x0000009cd0e00000,0x0000009cd0f00000)]
  0x0000020678c02000 JavaThread "Unconstrained build operations Thread 24" [_thread_blocked, id=5656, stack(0x0000009cd0f00000,0x0000009cd1000000)]
  0x0000020678c0a000 JavaThread "Unconstrained build operations Thread 25" [_thread_blocked, id=7256, stack(0x0000009cd1000000,0x0000009cd1100000)]
  0x0000020678c08800 JavaThread "Unconstrained build operations Thread 26" [_thread_blocked, id=3964, stack(0x0000009cd1100000,0x0000009cd1200000)]
  0x0000020678c09800 JavaThread "Unconstrained build operations Thread 27" [_thread_blocked, id=11104, stack(0x0000009cd1200000,0x0000009cd1300000)]
  0x0000020678c04800 JavaThread "Unconstrained build operations Thread 28" [_thread_blocked, id=12284, stack(0x0000009cd1300000,0x0000009cd1400000)]
  0x0000020678c10000 JavaThread "Unconstrained build operations Thread 29" [_thread_blocked, id=10432, stack(0x0000009cd1400000,0x0000009cd1500000)]
  0x0000020678c0b000 JavaThread "Unconstrained build operations Thread 30" [_thread_blocked, id=5364, stack(0x0000009cd1500000,0x0000009cd1600000)]
  0x0000020678c0f000 JavaThread "Unconstrained build operations Thread 31" [_thread_blocked, id=9964, stack(0x0000009cd1600000,0x0000009cd1700000)]
  0x0000020678c0c000 JavaThread "Unconstrained build operations Thread 32" [_thread_blocked, id=10724, stack(0x0000009cd1700000,0x0000009cd1800000)]
  0x0000020678c0c800 JavaThread "Unconstrained build operations Thread 33" [_thread_blocked, id=10396, stack(0x0000009cd1800000,0x0000009cd1900000)]
  0x0000020678c0d800 JavaThread "Unconstrained build operations Thread 34" [_thread_blocked, id=11252, stack(0x0000009cd1900000,0x0000009cd1a00000)]
  0x0000020678c0e000 JavaThread "Unconstrained build operations Thread 35" [_thread_blocked, id=5520, stack(0x0000009cd1a00000,0x0000009cd1b00000)]
  0x000002067782f000 JavaThread "Unconstrained build operations Thread 36" [_thread_blocked, id=5528, stack(0x0000009cd1b00000,0x0000009cd1c00000)]
  0x000002067782c800 JavaThread "Unconstrained build operations Thread 37" [_thread_blocked, id=3872, stack(0x0000009cd1c00000,0x0000009cd1d00000)]
  0x0000020677832800 JavaThread "Unconstrained build operations Thread 38" [_thread_blocked, id=11336, stack(0x0000009cd1d00000,0x0000009cd1e00000)]
  0x000002067782d800 JavaThread "Unconstrained build operations Thread 39" [_thread_blocked, id=11108, stack(0x0000009cd1e00000,0x0000009cd1f00000)]
  0x000002067782e000 JavaThread "Unconstrained build operations Thread 40" [_thread_blocked, id=11860, stack(0x0000009cd1f00000,0x0000009cd2000000)]
  0x0000020677833000 JavaThread "Unconstrained build operations Thread 41" [_thread_blocked, id=9116, stack(0x0000009cd2000000,0x0000009cd2100000)]
  0x0000020677831800 JavaThread "Unconstrained build operations Thread 42" [_thread_blocked, id=7536, stack(0x0000009cd2100000,0x0000009cd2200000)]
  0x0000020677834000 JavaThread "Unconstrained build operations Thread 43" [_thread_blocked, id=7952, stack(0x0000009cd2200000,0x0000009cd2300000)]
  0x0000020677830800 JavaThread "Unconstrained build operations Thread 44" [_thread_blocked, id=3856, stack(0x0000009cd2300000,0x0000009cd2400000)]
  0x0000020677834800 JavaThread "Unconstrained build operations Thread 45" [_thread_blocked, id=11856, stack(0x0000009cd2400000,0x0000009cd2500000)]
  0x0000020677835800 JavaThread "Unconstrained build operations Thread 46" [_thread_blocked, id=11684, stack(0x0000009cd2500000,0x0000009cd2600000)]
  0x0000020677830000 JavaThread "Unconstrained build operations Thread 47" [_thread_blocked, id=12100, stack(0x0000009cd2600000,0x0000009cd2700000)]
  0x0000020677836800 JavaThread "Unconstrained build operations Thread 48" [_thread_blocked, id=3412, stack(0x0000009cd2700000,0x0000009cd2800000)]
  0x0000020677837000 JavaThread "Unconstrained build operations Thread 49" [_thread_blocked, id=7100, stack(0x0000009cd2800000,0x0000009cd2900000)]
  0x0000020677838000 JavaThread "Unconstrained build operations Thread 50" [_thread_blocked, id=4828, stack(0x0000009cd2900000,0x0000009cd2a00000)]
  0x0000020677839000 JavaThread "Unconstrained build operations Thread 51" [_thread_blocked, id=10876, stack(0x0000009cd2a00000,0x0000009cd2b00000)]
  0x0000020677839800 JavaThread "Unconstrained build operations Thread 52" [_thread_blocked, id=260, stack(0x0000009cd2b00000,0x0000009cd2c00000)]
  0x000002067783b800 JavaThread "Unconstrained build operations Thread 53" [_thread_blocked, id=11324, stack(0x0000009cd2c00000,0x0000009cd2d00000)]
  0x000002067783a800 JavaThread "Unconstrained build operations Thread 54" [_thread_blocked, id=11896, stack(0x0000009cd2d00000,0x0000009cd2e00000)]
  0x0000020677bfa800 JavaThread "Unconstrained build operations Thread 55" [_thread_blocked, id=540, stack(0x0000009cd2e00000,0x0000009cd2f00000)]
  0x0000020677bfb800 JavaThread "Unconstrained build operations Thread 56" [_thread_blocked, id=11248, stack(0x0000009cd2f00000,0x0000009cd3000000)]
  0x0000020677bfa000 JavaThread "Unconstrained build operations Thread 57" [_thread_blocked, id=4932, stack(0x0000009cd3000000,0x0000009cd3100000)]
  0x0000020677bf7800 JavaThread "Unconstrained build operations Thread 58" [_thread_blocked, id=4388, stack(0x0000009cd3100000,0x0000009cd3200000)]
  0x0000020677bfc000 JavaThread "Unconstrained build operations Thread 59" [_thread_blocked, id=1008, stack(0x0000009cd3200000,0x0000009cd3300000)]
  0x0000020677bf6800 JavaThread "Unconstrained build operations Thread 60" [_thread_blocked, id=8844, stack(0x0000009cd3300000,0x0000009cd3400000)]
  0x0000020677bf9000 JavaThread "Unconstrained build operations Thread 61" [_thread_blocked, id=8892, stack(0x0000009cd3400000,0x0000009cd3500000)]
  0x0000020677bfe000 JavaThread "Unconstrained build operations Thread 62" [_thread_blocked, id=10536, stack(0x0000009cd3500000,0x0000009cd3600000)]
  0x0000020677bfd000 JavaThread "Unconstrained build operations Thread 63" [_thread_blocked, id=8796, stack(0x0000009cd3600000,0x0000009cd3700000)]
  0x0000020677bf8000 JavaThread "Unconstrained build operations Thread 64" [_thread_blocked, id=6700, stack(0x0000009cd3700000,0x0000009cd3800000)]
  0x0000020677c01000 JavaThread "Unconstrained build operations Thread 65" [_thread_blocked, id=3880, stack(0x0000009cd3800000,0x0000009cd3900000)]
  0x0000020677c02000 JavaThread "Unconstrained build operations Thread 66" [_thread_blocked, id=7548, stack(0x0000009cd3900000,0x0000009cd3a00000)]
  0x0000020677c03800 JavaThread "Unconstrained build operations Thread 67" [_thread_blocked, id=6544, stack(0x0000009cd3a00000,0x0000009cd3b00000)]
  0x0000020677bfe800 JavaThread "Unconstrained build operations Thread 68" [_thread_blocked, id=8348, stack(0x0000009cd3b00000,0x0000009cd3c00000)]
  0x0000020677c04800 JavaThread "Unconstrained build operations Thread 69" [_thread_blocked, id=6076, stack(0x0000009cd3c00000,0x0000009cd3d00000)]
  0x0000020677c05000 JavaThread "Unconstrained build operations Thread 70" [_thread_blocked, id=7420, stack(0x0000009cd3d00000,0x0000009cd3e00000)]
  0x0000020677c03000 JavaThread "Unconstrained build operations Thread 71" [_thread_blocked, id=2616, stack(0x0000009cd3e00000,0x0000009cd3f00000)]
  0x0000020677bff800 JavaThread "Unconstrained build operations Thread 72" [_thread_blocked, id=3552, stack(0x0000009cd3f00000,0x0000009cd4000000)]
  0x0000020677c00800 JavaThread "Unconstrained build operations Thread 73" [_thread_blocked, id=5652, stack(0x0000009cd4000000,0x0000009cd4100000)]
  0x00000206777dd000 JavaThread "Unconstrained build operations Thread 74" [_thread_blocked, id=10684, stack(0x0000009cd4100000,0x0000009cd4200000)]
  0x00000206777dc000 JavaThread "Unconstrained build operations Thread 75" [_thread_blocked, id=1420, stack(0x0000009cd4200000,0x0000009cd4300000)]
  0x00000206777d9000 JavaThread "Unconstrained build operations Thread 76" [_thread_blocked, id=2708, stack(0x0000009cd4300000,0x0000009cd4400000)]
  0x00000206777de000 JavaThread "Unconstrained build operations Thread 77" [_thread_blocked, id=5888, stack(0x0000009cd4400000,0x0000009cd4500000)]
  0x00000206777d8000 JavaThread "Unconstrained build operations Thread 78" [_thread_blocked, id=2040, stack(0x0000009cd4500000,0x0000009cd4600000)]
  0x00000206777de800 JavaThread "Unconstrained build operations Thread 79" [_thread_blocked, id=8640, stack(0x0000009cd4600000,0x0000009cd4700000)]
  0x00000206777d9800 JavaThread "Unconstrained build operations Thread 80" [_thread_blocked, id=6796, stack(0x0000009cd4700000,0x0000009cd4800000)]
  0x00000206777e0800 JavaThread "jar transforms Thread 4" [_thread_blocked, id=5304, stack(0x0000009cd4800000,0x0000009cd4900000)]
  0x00000206777da800 JavaThread "jar transforms Thread 5" [_thread_blocked, id=9244, stack(0x0000009cd4900000,0x0000009cd4a00000)]
  0x00000206777e1000 JavaThread "jar transforms Thread 6" [_thread_blocked, id=9988, stack(0x0000009cd4a00000,0x0000009cd4b00000)]
  0x00000206777df800 JavaThread "jar transforms Thread 7" [_thread_blocked, id=2520, stack(0x0000009cd4b00000,0x0000009cd4c00000)]
  0x00000206777db800 JavaThread "jar transforms Thread 8" [_thread_blocked, id=10988, stack(0x0000009cd4c00000,0x0000009cd4d00000)]
  0x000002067971c000 JavaThread "C2 CompilerThread1" daemon [_thread_in_native, id=5632, stack(0x0000009ccd400000,0x0000009ccd500000)]
  0x00000206777e2000 JavaThread "Memory manager" [_thread_blocked, id=10940, stack(0x0000009cd4d00000,0x0000009cd4e00000)]
  0x00000206777e2800 JavaThread "build event listener" [_thread_blocked, id=12032, stack(0x0000009cd4e00000,0x0000009cd4f00000)]
  0x00000206777e5000 JavaThread "Execution worker for ':'" [_thread_blocked, id=10232, stack(0x0000009cd4f00000,0x0000009cd5000000)]
  0x00000206777e4800 JavaThread "Execution worker for ':' Thread 2" [_thread_blocked, id=2528, stack(0x0000009cd5000000,0x0000009cd5100000)]
  0x00000206777e6000 JavaThread "Execution worker for ':' Thread 3" [_thread_blocked, id=6760, stack(0x0000009cd5100000,0x0000009cd5200000)]
  0x00000206777e7000 JavaThread "Execution worker for ':' Thread 4" [_thread_blocked, id=2940, stack(0x0000009cd5200000,0x0000009cd5300000)]
  0x000002067db98000 JavaThread "Execution worker for ':' Thread 5" [_thread_blocked, id=10808, stack(0x0000009cd5300000,0x0000009cd5400000)]
  0x000002067db94000 JavaThread "Execution worker for ':' Thread 6" [_thread_blocked, id=12064, stack(0x0000009cd5400000,0x0000009cd5500000)]
  0x000002067db93800 JavaThread "Execution worker for ':' Thread 7" [_thread_blocked, id=6688, stack(0x0000009cd5500000,0x0000009cd5600000)]
  0x000002067db95000 JavaThread "Cache worker for execution history cache (D:\NotesApp\.gradle\7.2\executionHistory)" [_thread_blocked, id=9804, stack(0x0000009cd5600000,0x0000009cd5700000)]
  0x000002067db96800 JavaThread "WorkerExecutor Queue" [_thread_blocked, id=3076, stack(0x0000009cd5700000,0x0000009cd5800000)]
  0x0000020675fd3000 JavaThread "C2 CompilerThread2" daemon [_thread_blocked, id=5284, stack(0x0000009ccef00000,0x0000009ccf000000)]
  0x000002067db97800 JavaThread "pool-3-thread-1" [_thread_blocked, id=9892, stack(0x0000009cd5800000,0x0000009cd5900000)]
  0x000002067db92800 JavaThread "stderr" [_thread_in_native, id=11800, stack(0x0000009cd5900000,0x0000009cd5a00000)]
  0x000002067db99000 JavaThread "stdout" [_thread_in_native, id=5936, stack(0x0000009cd5a00000,0x0000009cd5b00000)]
  0x00000206748e0000 JavaThread "WorkerExecutor Queue Thread 2" [_thread_blocked, id=6800, stack(0x0000009cd5b00000,0x0000009cd5c00000)]
  0x00000206748e2800 JavaThread "WorkerExecutor Queue Thread 3" [_thread_blocked, id=11012, stack(0x0000009cd5c00000,0x0000009cd5d00000)]
  0x00000206748e1800 JavaThread "WorkerExecutor Queue Thread 4" [_thread_blocked, id=3864, stack(0x0000009cd5d00000,0x0000009cd5e00000)]

Other Threads:
=>0x00000206718b0800 VMThread "VM Thread" [stack: 0x0000009ccc900000,0x0000009ccca00000] [id=3984]
  0x00000206723be000 WatcherThread [stack: 0x0000009ccd300000,0x0000009ccd400000] [id=11884]
  0x0000020657453000 GCTaskThread "GC Thread#0" [stack: 0x0000009ccc400000,0x0000009ccc500000] [id=10452]
  0x000002067359e800 GCTaskThread "GC Thread#1" [stack: 0x0000009ccd600000,0x0000009ccd700000] [id=2348]
  0x000002067262d800 GCTaskThread "GC Thread#2" [stack: 0x0000009ccd700000,0x0000009ccd800000] [id=4728]
  0x0000020673d0b800 GCTaskThread "GC Thread#3" [stack: 0x0000009cce400000,0x0000009cce500000] [id=4344]
  0x0000020674e8a800 GCTaskThread "GC Thread#4" [stack: 0x0000009cce500000,0x0000009cce600000] [id=11784]
  0x00000206743aa800 GCTaskThread "GC Thread#5" [stack: 0x0000009cce600000,0x0000009cce700000] [id=10944]
  0x0000020674c96000 GCTaskThread "GC Thread#6" [stack: 0x0000009cce700000,0x0000009cce800000] [id=5984]
  0x000002067459c000 GCTaskThread "GC Thread#7" [stack: 0x0000009cce800000,0x0000009cce900000] [id=10512]
  0x0000020657488000 ConcurrentGCThread "G1 Main Marker" [stack: 0x0000009ccc500000,0x0000009ccc600000] [id=11708]
  0x0000020657489000 ConcurrentGCThread "G1 Conc#0" [stack: 0x0000009ccc600000,0x0000009ccc700000] [id=12268]
  0x000002067332b800 ConcurrentGCThread "G1 Conc#1" [stack: 0x0000009cce900000,0x0000009ccea00000] [id=3996]
  0x000002065750d800 ConcurrentGCThread "G1 Refine#0" [stack: 0x0000009ccc700000,0x0000009ccc800000] [id=11732]
  0x000002067ade9800 ConcurrentGCThread "G1 Refine#1" [stack: 0x0000009cd5e00000,0x0000009cd5f00000] [id=8612]
  0x000002065750e800 ConcurrentGCThread "G1 Young RemSet Sampling" [stack: 0x0000009ccc800000,0x0000009ccc900000] [id=11680]

Threads with active compile tasks:
C2 CompilerThread0  29019 12074       4       com.android.tools.r8.internal.MH0$$Lambda$1176/0x0000000100bc5440::accept (12 bytes)
C2 CompilerThread1  29019 12057 %     4       com.android.tools.r8.dex.r::m @ 64 (2110 bytes)
C2 CompilerThread2  29019 12075       4       com.android.tools.r8.internal.MH0::a (42 bytes)

VM state:at safepoint (normal execution)

VM Mutex/Monitor currently owned by a thread:  ([mutex/lock_event])
[0x0000020657438580] Threads_lock - owner thread: 0x00000206718b0800
[0x0000020657437020] Heap_lock - owner thread: 0x00000206748e1800

Heap address: 0x0000000080000000, size: 2048 MB, Compressed Oops mode: 32-bit
Narrow klass base: 0x0000000000000000, Narrow klass shift: 3
Compressed class space size: 1073741824 Address: 0x0000000100000000

Heap:
 garbage-first heap   total 248832K, used 177338K [0x0000000080000000, 0x0000000100000000)
  region size 1024K, 2 young (2048K), 2 survivors (2048K)
 Metaspace       used 95170K, capacity 97478K, committed 97920K, reserved 1134592K
  class space    used 12262K, capacity 13086K, committed 13184K, reserved 1048576K
Heap Regions: E=young(eden), S=young(survivor), O=old, HS=humongous(starts), HC=humongous(continues), CS=collection set, F=free, A=archive, TAMS=top-at-mark-start (previous, next)
|   0|0x0000000080000000, 0x0000000080100000, 0x0000000080100000|100%| O|  |TAMS 0x0000000080100000, 0x0000000080000000| Untracked 
|   1|0x0000000080100000, 0x0000000080200000, 0x0000000080200000|100%| O|  |TAMS 0x0000000080200000, 0x0000000080100000| Untracked 
|   2|0x0000000080200000, 0x0000000080300000, 0x0000000080300000|100%| O|  |TAMS 0x0000000080300000, 0x0000000080200000| Untracked 
|   3|0x0000000080300000, 0x0000000080400000, 0x0000000080400000|100%|HS|  |TAMS 0x0000000080400000, 0x0000000080300000| Complete 
|   4|0x0000000080400000, 0x0000000080500000, 0x0000000080500000|100%|HC|  |TAMS 0x0000000080500000, 0x0000000080400000| Complete 
|   5|0x0000000080500000, 0x0000000080600000, 0x0000000080600000|100%|HC|  |TAMS 0x0000000080600000, 0x0000000080500000| Complete 
|   6|0x0000000080600000, 0x0000000080700000, 0x0000000080700000|100%| O|  |TAMS 0x0000000080700000, 0x0000000080600000| Untracked 
|   7|0x0000000080700000, 0x0000000080800000, 0x0000000080800000|100%| O|  |TAMS 0x0000000080800000, 0x0000000080700000| Untracked 
|   8|0x0000000080800000, 0x0000000080900000, 0x0000000080900000|100%| O|  |TAMS 0x0000000080900000, 0x0000000080800000| Untracked 
|   9|0x0000000080900000, 0x0000000080a00000, 0x0000000080a00000|100%| O|  |TAMS 0x0000000080a00000, 0x0000000080900000| Untracked 
|  10|0x0000000080a00000, 0x0000000080b00000, 0x0000000080b00000|100%| O|  |TAMS 0x0000000080b00000, 0x0000000080a00000| Untracked 
|  11|0x0000000080b00000, 0x0000000080c00000, 0x0000000080c00000|100%| O|  |TAMS 0x0000000080c00000, 0x0000000080b00000| Complete 
|  12|0x0000000080c00000, 0x0000000080d00000, 0x0000000080d00000|100%| O|  |TAMS 0x0000000080d00000, 0x0000000080c00000| Complete 
|  13|0x0000000080d00000, 0x0000000080e00000, 0x0000000080e00000|100%| O|  |TAMS 0x0000000080e00000, 0x0000000080d00000| Untracked 
|  14|0x0000000080e00000, 0x0000000080f00000, 0x0000000080f00000|100%| O|  |TAMS 0x0000000080f00000, 0x0000000080e00000| Untracked 
|  15|0x0000000080f00000, 0x0000000081000000, 0x0000000081000000|100%|HS|  |TAMS 0x0000000081000000, 0x0000000080f00000| Complete 
|  16|0x0000000081000000, 0x0000000081100000, 0x0000000081100000|100%| O|  |TAMS 0x0000000081100000, 0x0000000081000000| Untracked 
|  17|0x0000000081100000, 0x0000000081200000, 0x0000000081200000|100%| O|  |TAMS 0x0000000081200000, 0x0000000081100000| Untracked 
|  18|0x0000000081200000, 0x0000000081300000, 0x0000000081300000|100%| O|  |TAMS 0x0000000081300000, 0x0000000081200000| Untracked 
|  19|0x0000000081300000, 0x0000000081400000, 0x0000000081400000|100%| O|  |TAMS 0x0000000081400000, 0x0000000081300000| Untracked 
|  20|0x0000000081400000, 0x0000000081500000, 0x0000000081500000|100%| O|  |TAMS 0x0000000081500000, 0x0000000081400000| Untracked 
|  21|0x0000000081500000, 0x0000000081600000, 0x0000000081600000|100%| O|  |TAMS 0x0000000081600000, 0x0000000081500000| Untracked 
|  22|0x0000000081600000, 0x0000000081700000, 0x0000000081700000|100%| O|  |TAMS 0x0000000081700000, 0x0000000081600000| Complete 
|  23|0x0000000081700000, 0x0000000081800000, 0x0000000081800000|100%| O|  |TAMS 0x0000000081800000, 0x0000000081700000| Untracked 
|  24|0x0000000081800000, 0x0000000081900000, 0x0000000081900000|100%|HS|  |TAMS 0x0000000081900000, 0x0000000081800000| Complete 
|  25|0x0000000081900000, 0x0000000081a00000, 0x0000000081a00000|100%|HS|  |TAMS 0x0000000081a00000, 0x0000000081900000| Complete 
|  26|0x0000000081a00000, 0x0000000081b00000, 0x0000000081b00000|100%|HS|  |TAMS 0x0000000081b00000, 0x0000000081a00000| Complete 
|  27|0x0000000081b00000, 0x0000000081c00000, 0x0000000081c00000|100%|HS|  |TAMS 0x0000000081c00000, 0x0000000081b00000| Complete 
|  28|0x0000000081c00000, 0x0000000081d00000, 0x0000000081d00000|100%|HC|  |TAMS 0x0000000081d00000, 0x0000000081c00000| Complete 
|  29|0x0000000081d00000, 0x0000000081e00000, 0x0000000081e00000|100%|HC|  |TAMS 0x0000000081e00000, 0x0000000081d00000| Complete 
|  30|0x0000000081e00000, 0x0000000081f00000, 0x0000000081f00000|100%|HS|  |TAMS 0x0000000081f00000, 0x0000000081e00000| Complete 
|  31|0x0000000081f00000, 0x0000000082000000, 0x0000000082000000|100%|HC|  |TAMS 0x0000000082000000, 0x0000000081f00000| Complete 
|  32|0x0000000082000000, 0x0000000082100000, 0x0000000082100000|100%| O|  |TAMS 0x0000000082100000, 0x0000000082000000| Untracked 
|  33|0x0000000082100000, 0x0000000082200000, 0x0000000082200000|100%| O|  |TAMS 0x0000000082200000, 0x0000000082100000| Untracked 
|  34|0x0000000082200000, 0x0000000082300000, 0x0000000082300000|100%| O|  |TAMS 0x0000000082300000, 0x0000000082200000| Complete 
|  35|0x0000000082300000, 0x0000000082400000, 0x0000000082400000|100%| O|  |TAMS 0x0000000082400000, 0x0000000082300000| Complete 
|  36|0x0000000082400000, 0x0000000082500000, 0x0000000082500000|100%| O|  |TAMS 0x0000000082500000, 0x0000000082400000| Complete 
|  37|0x0000000082500000, 0x0000000082600000, 0x0000000082600000|100%| O|  |TAMS 0x0000000082600000, 0x0000000082500000| Complete 
|  38|0x0000000082600000, 0x0000000082700000, 0x0000000082700000|100%| O|  |TAMS 0x0000000082700000, 0x0000000082600000| Complete 
|  39|0x0000000082700000, 0x0000000082800000, 0x0000000082800000|100%| O|  |TAMS 0x0000000082800000, 0x0000000082700000| Untracked 
|  40|0x0000000082800000, 0x0000000082900000, 0x0000000082900000|100%| O|  |TAMS 0x0000000082900000, 0x0000000082800000| Untracked 
|  41|0x0000000082900000, 0x0000000082a00000, 0x0000000082a00000|100%| O|  |TAMS 0x0000000082a00000, 0x0000000082900000| Untracked 
|  42|0x0000000082a00000, 0x0000000082b00000, 0x0000000082b00000|100%| O|  |TAMS 0x0000000082b00000, 0x0000000082a00000| Untracked 
|  43|0x0000000082b00000, 0x0000000082c00000, 0x0000000082c00000|100%| O|  |TAMS 0x0000000082c00000, 0x0000000082b00000| Untracked 
|  44|0x0000000082c00000, 0x0000000082d00000, 0x0000000082d00000|100%| O|  |TAMS 0x0000000082d00000, 0x0000000082c00000| Untracked 
|  45|0x0000000082d00000, 0x0000000082e00000, 0x0000000082e00000|100%| O|  |TAMS 0x0000000082e00000, 0x0000000082d00000| Untracked 
|  46|0x0000000082e00000, 0x0000000082f00000, 0x0000000082f00000|100%| O|  |TAMS 0x0000000082f00000, 0x0000000082e00000| Untracked 
|  47|0x0000000082f00000, 0x0000000083000000, 0x0000000083000000|100%| O|  |TAMS 0x0000000083000000, 0x0000000082f00000| Untracked 
|  48|0x0000000083000000, 0x0000000083100000, 0x0000000083100000|100%| O|  |TAMS 0x0000000083100000, 0x0000000083000000| Untracked 
|  49|0x0000000083100000, 0x0000000083200000, 0x0000000083200000|100%| O|  |TAMS 0x0000000083200000, 0x0000000083100000| Untracked 
|  50|0x0000000083200000, 0x0000000083300000, 0x0000000083300000|100%| O|  |TAMS 0x0000000083300000, 0x0000000083200000| Complete 
|  51|0x0000000083300000, 0x0000000083400000, 0x0000000083400000|100%| O|  |TAMS 0x0000000083400000, 0x0000000083300000| Untracked 
|  52|0x0000000083400000, 0x0000000083500000, 0x0000000083500000|100%| O|  |TAMS 0x0000000083500000, 0x0000000083400000| Untracked 
|  53|0x0000000083500000, 0x0000000083600000, 0x0000000083600000|100%| O|  |TAMS 0x0000000083600000, 0x0000000083500000| Untracked 
|  54|0x0000000083600000, 0x0000000083700000, 0x0000000083700000|100%| O|  |TAMS 0x0000000083700000, 0x0000000083600000| Untracked 
|  55|0x0000000083700000, 0x0000000083800000, 0x0000000083800000|100%| O|  |TAMS 0x0000000083800000, 0x0000000083700000| Complete 
|  56|0x0000000083800000, 0x0000000083900000, 0x0000000083900000|100%| O|  |TAMS 0x0000000083900000, 0x0000000083800000| Untracked 
|  57|0x0000000083900000, 0x0000000083a00000, 0x0000000083a00000|100%| O|  |TAMS 0x0000000083a00000, 0x0000000083900000| Untracked 
|  58|0x0000000083a00000, 0x0000000083b00000, 0x0000000083b00000|100%| O|  |TAMS 0x0000000083b00000, 0x0000000083a00000| Untracked 
|  59|0x0000000083b00000, 0x0000000083c00000, 0x0000000083c00000|100%| O|  |TAMS 0x0000000083c00000, 0x0000000083b00000| Untracked 
|  60|0x0000000083c00000, 0x0000000083d00000, 0x0000000083d00000|100%| O|  |TAMS 0x0000000083d00000, 0x0000000083c00000| Complete 
|  61|0x0000000083d00000, 0x0000000083e00000, 0x0000000083e00000|100%| O|  |TAMS 0x0000000083e00000, 0x0000000083d00000| Complete 
|  62|0x0000000083e00000, 0x0000000083f00000, 0x0000000083f00000|100%| O|  |TAMS 0x0000000083f00000, 0x0000000083e00000| Complete 
|  63|0x0000000083f00000, 0x0000000084000000, 0x0000000084000000|100%| O|  |TAMS 0x0000000084000000, 0x0000000083f00000| Complete 
|  64|0x0000000084000000, 0x0000000084100000, 0x0000000084100000|100%| O|  |TAMS 0x0000000084100000, 0x0000000084000000| Untracked 
|  65|0x0000000084100000, 0x0000000084200000, 0x0000000084200000|100%| O|  |TAMS 0x0000000084200000, 0x0000000084100000| Untracked 
|  66|0x0000000084200000, 0x0000000084300000, 0x0000000084300000|100%| O|  |TAMS 0x0000000084300000, 0x0000000084200000| Untracked 
|  67|0x0000000084300000, 0x0000000084400000, 0x0000000084400000|100%| O|  |TAMS 0x0000000084400000, 0x0000000084300000| Untracked 
|  68|0x0000000084400000, 0x0000000084500000, 0x0000000084500000|100%| O|  |TAMS 0x0000000084500000, 0x0000000084400000| Complete 
|  69|0x0000000084500000, 0x0000000084600000, 0x0000000084600000|100%| O|  |TAMS 0x0000000084600000, 0x0000000084500000| Complete 
|  70|0x0000000084600000, 0x0000000084700000, 0x0000000084700000|100%| O|  |TAMS 0x0000000084700000, 0x0000000084600000| Untracked 
|  71|0x0000000084700000, 0x0000000084800000, 0x0000000084800000|100%| O|  |TAMS 0x0000000084800000, 0x0000000084700000| Untracked 
|  72|0x0000000084800000, 0x0000000084900000, 0x0000000084900000|100%| O|  |TAMS 0x0000000084900000, 0x0000000084800000| Untracked 
|  73|0x0000000084900000, 0x0000000084a00000, 0x0000000084a00000|100%| O|  |TAMS 0x0000000084a00000, 0x0000000084900000| Untracked 
|  74|0x0000000084a00000, 0x0000000084b00000, 0x0000000084b00000|100%| O|  |TAMS 0x0000000084b00000, 0x0000000084a00000| Untracked 
|  75|0x0000000084b00000, 0x0000000084c00000, 0x0000000084c00000|100%| O|  |TAMS 0x0000000084c00000, 0x0000000084b00000| Untracked 
|  76|0x0000000084c00000, 0x0000000084d00000, 0x0000000084d00000|100%| O|  |TAMS 0x0000000084d00000, 0x0000000084c00000| Untracked 
|  77|0x0000000084d00000, 0x0000000084e00000, 0x0000000084e00000|100%| O|  |TAMS 0x0000000084e00000, 0x0000000084d00000| Untracked 
|  78|0x0000000084e00000, 0x0000000084f00000, 0x0000000084f00000|100%| O|  |TAMS 0x0000000084f00000, 0x0000000084e00000| Complete 
|  79|0x0000000084f00000, 0x0000000085000000, 0x0000000085000000|100%| O|  |TAMS 0x0000000085000000, 0x0000000084f00000| Untracked 
|  80|0x0000000085000000, 0x0000000085100000, 0x0000000085100000|100%| O|  |TAMS 0x0000000085100000, 0x0000000085000000| Untracked 
|  81|0x0000000085100000, 0x0000000085200000, 0x0000000085200000|100%| O|  |TAMS 0x0000000085200000, 0x0000000085100000| Complete 
|  82|0x0000000085200000, 0x0000000085300000, 0x0000000085300000|100%| O|  |TAMS 0x0000000085300000, 0x0000000085200000| Complete 
|  83|0x0000000085300000, 0x0000000085400000, 0x0000000085400000|100%| O|  |TAMS 0x0000000085400000, 0x0000000085300000| Complete 
|  84|0x0000000085400000, 0x0000000085500000, 0x0000000085500000|100%| O|  |TAMS 0x0000000085500000, 0x0000000085400000| Complete 
|  85|0x0000000085500000, 0x0000000085600000, 0x0000000085600000|100%| O|  |TAMS 0x0000000085600000, 0x0000000085500000| Untracked 
|  86|0x0000000085600000, 0x0000000085700000, 0x0000000085700000|100%| O|  |TAMS 0x0000000085700000, 0x0000000085600000| Complete 
|  87|0x0000000085700000, 0x0000000085800000, 0x0000000085800000|100%| O|  |TAMS 0x0000000085800000, 0x0000000085700000| Complete 
|  88|0x0000000085800000, 0x0000000085900000, 0x0000000085900000|100%| O|  |TAMS 0x0000000085900000, 0x0000000085800000| Complete 
|  89|0x0000000085900000, 0x0000000085a00000, 0x0000000085a00000|100%| O|  |TAMS 0x0000000085a00000, 0x0000000085900000| Untracked 
|  90|0x0000000085a00000, 0x0000000085b00000, 0x0000000085b00000|100%| O|  |TAMS 0x0000000085b00000, 0x0000000085a00000| Untracked 
|  91|0x0000000085b00000, 0x0000000085c00000, 0x0000000085c00000|100%| O|  |TAMS 0x0000000085c00000, 0x0000000085b00000| Untracked 
|  92|0x0000000085c00000, 0x0000000085d00000, 0x0000000085d00000|100%| O|  |TAMS 0x0000000085d00000, 0x0000000085c00000| Complete 
|  93|0x0000000085d00000, 0x0000000085e00000, 0x0000000085e00000|100%| O|  |TAMS 0x0000000085e00000, 0x0000000085d00000| Complete 
|  94|0x0000000085e00000, 0x0000000085f00000, 0x0000000085f00000|100%| O|  |TAMS 0x0000000085f00000, 0x0000000085e00000| Untracked 
|  95|0x0000000085f00000, 0x0000000086000000, 0x0000000086000000|100%| O|  |TAMS 0x0000000086000000, 0x0000000085f00000| Untracked 
|  96|0x0000000086000000, 0x0000000086100000, 0x0000000086100000|100%| O|  |TAMS 0x0000000086100000, 0x0000000086000000| Untracked 
|  97|0x0000000086100000, 0x0000000086200000, 0x0000000086200000|100%| O|  |TAMS 0x0000000086200000, 0x0000000086100000| Untracked 
|  98|0x0000000086200000, 0x0000000086300000, 0x0000000086300000|100%| O|  |TAMS 0x0000000086300000, 0x0000000086200000| Untracked 
|  99|0x0000000086300000, 0x0000000086400000, 0x0000000086400000|100%| O|  |TAMS 0x0000000086400000, 0x0000000086300000| Untracked 
| 100|0x0000000086400000, 0x0000000086500000, 0x0000000086500000|100%| O|  |TAMS 0x0000000086500000, 0x0000000086400000| Untracked 
| 101|0x0000000086500000, 0x0000000086600000, 0x0000000086600000|100%|HS|  |TAMS 0x0000000086600000, 0x0000000086500000| Complete 
| 102|0x0000000086600000, 0x0000000086700000, 0x0000000086700000|100%|HS|  |TAMS 0x0000000086700000, 0x0000000086600000| Complete 
| 103|0x0000000086700000, 0x0000000086800000, 0x0000000086800000|100%|HC|  |TAMS 0x0000000086800000, 0x0000000086700000| Complete 
| 104|0x0000000086800000, 0x0000000086900000, 0x0000000086900000|100%|HS|  |TAMS 0x0000000086900000, 0x0000000086800000| Complete 
| 105|0x0000000086900000, 0x0000000086a00000, 0x0000000086a00000|100%|HC|  |TAMS 0x0000000086a00000, 0x0000000086900000| Complete 
| 106|0x0000000086a00000, 0x0000000086b00000, 0x0000000086b00000|100%|HS|  |TAMS 0x0000000086b00000, 0x0000000086a00000| Complete 
| 107|0x0000000086b00000, 0x0000000086c00000, 0x0000000086c00000|100%|HS|  |TAMS 0x0000000086c00000, 0x0000000086b00000| Complete 
| 108|0x0000000086c00000, 0x0000000086d00000, 0x0000000086d00000|100%|HS|  |TAMS 0x0000000086d00000, 0x0000000086c00000| Complete 
| 109|0x0000000086d00000, 0x0000000086e00000, 0x0000000086e00000|100%|HS|  |TAMS 0x0000000086e00000, 0x0000000086d00000| Complete 
| 110|0x0000000086e00000, 0x0000000086f00000, 0x0000000086f00000|100%|HC|  |TAMS 0x0000000086f00000, 0x0000000086e00000| Complete 
| 111|0x0000000086f00000, 0x0000000087000000, 0x0000000087000000|100%|HC|  |TAMS 0x0000000087000000, 0x0000000086f00000| Complete 
| 112|0x0000000087000000, 0x0000000087100000, 0x0000000087100000|100%|HS|  |TAMS 0x0000000087100000, 0x0000000087000000| Complete 
| 113|0x0000000087100000, 0x0000000087200000, 0x0000000087200000|100%|HS|  |TAMS 0x0000000087200000, 0x0000000087100000| Complete 
| 114|0x0000000087200000, 0x0000000087300000, 0x0000000087300000|100%| O|  |TAMS 0x0000000087300000, 0x0000000087200000| Untracked 
| 115|0x0000000087300000, 0x0000000087400000, 0x0000000087400000|100%| O|  |TAMS 0x0000000087400000, 0x0000000087300000| Complete 
| 116|0x0000000087400000, 0x0000000087500000, 0x0000000087500000|100%| O|  |TAMS 0x0000000087500000, 0x0000000087400000| Complete 
| 117|0x0000000087500000, 0x0000000087600000, 0x0000000087600000|100%| O|  |TAMS 0x0000000087600000, 0x0000000087500000| Untracked 
| 118|0x0000000087600000, 0x0000000087700000, 0x0000000087700000|100%|HS|  |TAMS 0x0000000087700000, 0x0000000087600000| Complete 
| 119|0x0000000087700000, 0x0000000087800000, 0x0000000087800000|100%| O|  |TAMS 0x0000000087800000, 0x0000000087700000| Untracked 
| 120|0x0000000087800000, 0x0000000087900000, 0x0000000087900000|100%| O|  |TAMS 0x0000000087900000, 0x0000000087800000| Untracked 
| 121|0x0000000087900000, 0x0000000087a00000, 0x0000000087a00000|100%|HS|  |TAMS 0x0000000087a00000, 0x0000000087900000| Complete 
| 122|0x0000000087a00000, 0x0000000087b00000, 0x0000000087b00000|100%|HC|  |TAMS 0x0000000087b00000, 0x0000000087a00000| Complete 
| 123|0x0000000087b00000, 0x0000000087c00000, 0x0000000087c00000|100%| O|  |TAMS 0x0000000087c00000, 0x0000000087b00000| Untracked 
| 124|0x0000000087c00000, 0x0000000087d00000, 0x0000000087d00000|100%| O|  |TAMS 0x0000000087d00000, 0x0000000087c00000| Untracked 
| 125|0x0000000087d00000, 0x0000000087e00000, 0x0000000087e00000|100%|HS|  |TAMS 0x0000000087e00000, 0x0000000087d00000| Complete 
| 126|0x0000000087e00000, 0x0000000087f00000, 0x0000000087f00000|100%|HC|  |TAMS 0x0000000087f00000, 0x0000000087e00000| Complete 
| 127|0x0000000087f00000, 0x0000000088000000, 0x0000000088000000|100%| O|  |TAMS 0x0000000088000000, 0x0000000087f00000| Untracked 
| 128|0x0000000088000000, 0x0000000088100000, 0x0000000088100000|100%|HS|  |TAMS 0x0000000088100000, 0x0000000088000000| Complete 
| 129|0x0000000088100000, 0x0000000088200000, 0x0000000088200000|100%| O|  |TAMS 0x0000000088200000, 0x0000000088100000| Untracked 
| 130|0x0000000088200000, 0x0000000088300000, 0x0000000088300000|100%|HS|  |TAMS 0x0000000088300000, 0x0000000088200000| Complete 
| 131|0x0000000088300000, 0x0000000088400000, 0x0000000088400000|100%| O|  |TAMS 0x0000000088400000, 0x0000000088300000| Untracked 
| 132|0x0000000088400000, 0x0000000088500000, 0x0000000088500000|100%|HS|  |TAMS 0x0000000088500000, 0x0000000088400000| Complete 
| 133|0x0000000088500000, 0x0000000088600000, 0x0000000088600000|100%| O|  |TAMS 0x0000000088600000, 0x0000000088500000| Complete 
| 134|0x0000000088600000, 0x0000000088700000, 0x0000000088700000|100%| O|  |TAMS 0x0000000088671000, 0x0000000088600000| Complete 
| 135|0x0000000088700000, 0x0000000088800000, 0x0000000088800000|100%|HS|  |TAMS 0x0000000088700000, 0x0000000088700000| Complete 
| 136|0x0000000088800000, 0x0000000088900000, 0x0000000088900000|100%|HS|  |TAMS 0x0000000088900000, 0x0000000088800000| Complete 
| 137|0x0000000088900000, 0x0000000088a00000, 0x0000000088a00000|100%|HC|  |TAMS 0x0000000088a00000, 0x0000000088900000| Complete 
| 138|0x0000000088a00000, 0x0000000088b00000, 0x0000000088b00000|100%|HC|  |TAMS 0x0000000088b00000, 0x0000000088a00000| Complete 
| 139|0x0000000088b00000, 0x0000000088c00000, 0x0000000088c00000|100%|HS|  |TAMS 0x0000000088b00000, 0x0000000088b00000| Complete 
| 140|0x0000000088c00000, 0x0000000088d00000, 0x0000000088d00000|100%|HS|  |TAMS 0x0000000088d00000, 0x0000000088c00000| Complete 
| 141|0x0000000088d00000, 0x0000000088e00000, 0x0000000088e00000|100%| O|  |TAMS 0x0000000088d00000, 0x0000000088d00000| Untracked 
| 142|0x0000000088e00000, 0x0000000088f00000, 0x0000000088f00000|100%|HS|  |TAMS 0x0000000088f00000, 0x0000000088e00000| Complete 
| 143|0x0000000088f00000, 0x0000000089000000, 0x0000000089000000|100%| O|  |TAMS 0x0000000089000000, 0x0000000088f00000| Untracked 
| 144|0x0000000089000000, 0x0000000089100000, 0x0000000089100000|100%| O|  |TAMS 0x0000000089100000, 0x0000000089000000| Complete 
| 145|0x0000000089100000, 0x0000000089200000, 0x0000000089200000|100%| O|  |TAMS 0x0000000089200000, 0x0000000089100000| Untracked 
| 146|0x0000000089200000, 0x0000000089300000, 0x0000000089300000|100%| O|  |TAMS 0x0000000089300000, 0x0000000089200000| Complete 
| 147|0x0000000089300000, 0x0000000089400000, 0x0000000089400000|100%| O|  |TAMS 0x0000000089400000, 0x0000000089300000| Untracked 
| 148|0x0000000089400000, 0x0000000089500000, 0x0000000089500000|100%| O|  |TAMS 0x0000000089500000, 0x0000000089400000| Untracked 
| 149|0x0000000089500000, 0x0000000089600000, 0x0000000089600000|100%| O|  |TAMS 0x0000000089500000, 0x0000000089500000| Untracked 
| 150|0x0000000089600000, 0x0000000089700000, 0x0000000089700000|100%| O|  |TAMS 0x0000000089600000, 0x0000000089600000| Untracked 
| 151|0x0000000089700000, 0x0000000089800000, 0x0000000089800000|100%| O|  |TAMS 0x0000000089700000, 0x0000000089700000| Untracked 
| 152|0x0000000089800000, 0x0000000089900000, 0x0000000089900000|100%| O|  |TAMS 0x0000000089800000, 0x0000000089800000| Untracked 
| 153|0x0000000089900000, 0x0000000089a00000, 0x0000000089a00000|100%| O|  |TAMS 0x0000000089900000, 0x0000000089900000| Untracked 
| 154|0x0000000089a00000, 0x0000000089b00000, 0x0000000089b00000|100%| O|  |TAMS 0x0000000089a00000, 0x0000000089a00000| Untracked 
| 155|0x0000000089b00000, 0x0000000089c00000, 0x0000000089c00000|100%| O|  |TAMS 0x0000000089b00000, 0x0000000089b00000| Untracked 
| 156|0x0000000089c00000, 0x0000000089d00000, 0x0000000089d00000|100%| O|  |TAMS 0x0000000089c00000, 0x0000000089c00000| Untracked 
| 157|0x0000000089d00000, 0x0000000089e00000, 0x0000000089e00000|100%| O|  |TAMS 0x0000000089d00000, 0x0000000089d00000| Untracked 
| 158|0x0000000089e00000, 0x0000000089f00000, 0x0000000089f00000|100%| O|  |TAMS 0x0000000089e00000, 0x0000000089e00000| Untracked 
| 159|0x0000000089f00000, 0x000000008a000000, 0x000000008a000000|100%| O|  |TAMS 0x0000000089f00000, 0x0000000089f00000| Untracked 
| 160|0x000000008a000000, 0x000000008a02e800, 0x000000008a100000| 18%| O|  |TAMS 0x000000008a000000, 0x000000008a000000| Untracked 
| 161|0x000000008a100000, 0x000000008a100000, 0x000000008a200000|  0%| F|  |TAMS 0x000000008a100000, 0x000000008a100000| Untracked 
| 162|0x000000008a200000, 0x000000008a200000, 0x000000008a300000|  0%| F|  |TAMS 0x000000008a200000, 0x000000008a200000| Untracked 
| 163|0x000000008a300000, 0x000000008a300000, 0x000000008a400000|  0%| F|  |TAMS 0x000000008a300000, 0x000000008a300000| Untracked 
| 164|0x000000008a400000, 0x000000008a400000, 0x000000008a500000|  0%| F|  |TAMS 0x000000008a400000, 0x000000008a400000| Untracked 
| 165|0x000000008a500000, 0x000000008a500000, 0x000000008a600000|  0%| F|  |TAMS 0x000000008a500000, 0x000000008a500000| Untracked 
| 166|0x000000008a600000, 0x000000008a600000, 0x000000008a700000|  0%| F|  |TAMS 0x000000008a600000, 0x000000008a600000| Untracked 
| 167|0x000000008a700000, 0x000000008a700000, 0x000000008a800000|  0%| F|  |TAMS 0x000000008a700000, 0x000000008a700000| Untracked 
| 168|0x000000008a800000, 0x000000008a800000, 0x000000008a900000|  0%| F|  |TAMS 0x000000008a800000, 0x000000008a800000| Untracked 
| 169|0x000000008a900000, 0x000000008a900000, 0x000000008aa00000|  0%| F|  |TAMS 0x000000008a900000, 0x000000008a900000| Untracked 
| 170|0x000000008aa00000, 0x000000008aa00000, 0x000000008ab00000|  0%| F|  |TAMS 0x000000008aa00000, 0x000000008aa00000| Untracked 
| 171|0x000000008ab00000, 0x000000008ab00000, 0x000000008ac00000|  0%| F|  |TAMS 0x000000008ab00000, 0x000000008ab00000| Untracked 
| 172|0x000000008ac00000, 0x000000008ac00000, 0x000000008ad00000|  0%| F|  |TAMS 0x000000008ac00000, 0x000000008ac00000| Untracked 
| 173|0x000000008ad00000, 0x000000008ad00000, 0x000000008ae00000|  0%| F|  |TAMS 0x000000008ad00000, 0x000000008ad00000| Untracked 
| 174|0x000000008ae00000, 0x000000008ae00000, 0x000000008af00000|  0%| F|  |TAMS 0x000000008ae00000, 0x000000008ae00000| Untracked 
| 175|0x000000008af00000, 0x000000008af00000, 0x000000008b000000|  0%| F|  |TAMS 0x000000008af00000, 0x000000008af00000| Untracked 
| 176|0x000000008b000000, 0x000000008b000000, 0x000000008b100000|  0%| F|  |TAMS 0x000000008b000000, 0x000000008b000000| Untracked 
| 177|0x000000008b100000, 0x000000008b100000, 0x000000008b200000|  0%| F|  |TAMS 0x000000008b100000, 0x000000008b100000| Untracked 
| 178|0x000000008b200000, 0x000000008b200000, 0x000000008b300000|  0%| F|  |TAMS 0x000000008b200000, 0x000000008b200000| Untracked 
| 179|0x000000008b300000, 0x000000008b400000, 0x000000008b400000|100%| S|CS|TAMS 0x000000008b300000, 0x000000008b300000| Complete 
| 180|0x000000008b400000, 0x000000008b500000, 0x000000008b500000|100%| S|CS|TAMS 0x000000008b400000, 0x000000008b400000| Complete 
| 181|0x000000008b500000, 0x000000008b500000, 0x000000008b600000|  0%| F|  |TAMS 0x000000008b500000, 0x000000008b500000| Untracked 
| 182|0x000000008b600000, 0x000000008b600000, 0x000000008b700000|  0%| F|  |TAMS 0x000000008b600000, 0x000000008b600000| Untracked 
| 183|0x000000008b700000, 0x000000008b700000, 0x000000008b800000|  0%| F|  |TAMS 0x000000008b700000, 0x000000008b700000| Untracked 
| 184|0x000000008b800000, 0x000000008b800000, 0x000000008b900000|  0%| F|  |TAMS 0x000000008b800000, 0x000000008b800000| Untracked 
| 185|0x000000008b900000, 0x000000008b900000, 0x000000008ba00000|  0%| F|  |TAMS 0x000000008b900000, 0x000000008b900000| Untracked 
| 186|0x000000008ba00000, 0x000000008ba00000, 0x000000008bb00000|  0%| F|  |TAMS 0x000000008ba00000, 0x000000008ba00000| Untracked 
| 187|0x000000008bb00000, 0x000000008bb00000, 0x000000008bc00000|  0%| F|  |TAMS 0x000000008bb00000, 0x000000008bb00000| Untracked 
| 188|0x000000008bc00000, 0x000000008bc00000, 0x000000008bd00000|  0%| F|  |TAMS 0x000000008bc00000, 0x000000008bc00000| Untracked 
| 189|0x000000008bd00000, 0x000000008bd00000, 0x000000008be00000|  0%| F|  |TAMS 0x000000008bd00000, 0x000000008bd00000| Untracked 
| 190|0x000000008be00000, 0x000000008be00000, 0x000000008bf00000|  0%| F|  |TAMS 0x000000008be00000, 0x000000008be00000| Untracked 
| 191|0x000000008bf00000, 0x000000008c000000, 0x000000008c000000|100%| O|  |TAMS 0x000000008c000000, 0x000000008bf00000| Untracked 
| 192|0x000000008c000000, 0x000000008c100000, 0x000000008c100000|100%| O|  |TAMS 0x000000008c100000, 0x000000008c000000| Complete 
| 193|0x000000008c100000, 0x000000008c200000, 0x000000008c200000|100%| O|  |TAMS 0x000000008c200000, 0x000000008c100000| Untracked 
| 194|0x000000008c200000, 0x000000008c300000, 0x000000008c300000|100%| O|  |TAMS 0x000000008c300000, 0x000000008c200000| Complete 
| 195|0x000000008c300000, 0x000000008c400000, 0x000000008c400000|100%| O|  |TAMS 0x000000008c400000, 0x000000008c300000| Untracked 
| 196|0x000000008c400000, 0x000000008c500000, 0x000000008c500000|100%| O|  |TAMS 0x000000008c500000, 0x000000008c400000| Untracked 
| 197|0x000000008c500000, 0x000000008c600000, 0x000000008c600000|100%| O|  |TAMS 0x000000008c600000, 0x000000008c500000| Untracked 
| 198|0x000000008c600000, 0x000000008c700000, 0x000000008c700000|100%| O|  |TAMS 0x000000008c700000, 0x000000008c600000| Untracked 
| 199|0x000000008c700000, 0x000000008c800000, 0x000000008c800000|100%| O|  |TAMS 0x000000008c800000, 0x000000008c700000| Untracked 
| 200|0x000000008c800000, 0x000000008c900000, 0x000000008c900000|100%| O|  |TAMS 0x000000008c900000, 0x000000008c800000| Untracked 
| 201|0x000000008c900000, 0x000000008ca00000, 0x000000008ca00000|100%| O|  |TAMS 0x000000008ca00000, 0x000000008c900000| Complete 

Card table byte_map: [0x000002066a660000,0x000002066aa60000] _byte_map_base: 0x000002066a260000

Marking Bits (Prev, Next): (CMBitMap*) 0x000002065747f060, (CMBitMap*) 0x000002065747f028
 Prev Bits: [0x000002066ce60000, 0x000002066ee60000)
 Next Bits: [0x000002066ae60000, 0x000002066ce60000)

Polling page: 0x0000020655240000

Metaspace:

Usage:
  Non-class:     82.41 MB capacity,    80.96 MB ( 98%) used,     1.19 MB (  1%) free+waste,   261.88 KB ( <1%) overhead. 
      Class:     12.78 MB capacity,    11.98 MB ( 94%) used,   706.90 KB (  5%) free+waste,   116.31 KB ( <1%) overhead. 
       Both:     95.19 MB capacity,    92.94 MB ( 98%) used,     1.88 MB (  2%) free+waste,   378.19 KB ( <1%) overhead. 

Virtual space:
  Non-class space:       84.00 MB reserved,      82.75 MB ( 99%) committed 
      Class space:        1.00 GB reserved,      12.88 MB (  1%) committed 
             Both:        1.08 GB reserved,      95.63 MB (  9%) committed 

Chunk freelists:
   Non-Class:  216.00 KB
       Class:  98.00 KB
        Both:  314.00 KB

MaxMetaspaceSize: 17179869184.00 GB
CompressedClassSpaceSize: 1.00 GB

CodeHeap 'non-profiled nmethods': size=120000Kb used=8114Kb max_used=8114Kb free=111885Kb
 bounds [0x0000020662a00000, 0x00000206631f0000, 0x0000020669f30000]
CodeHeap 'profiled nmethods': size=120000Kb used=26112Kb max_used=26112Kb free=93887Kb
 bounds [0x000002065b4d0000, 0x000002065ce60000, 0x0000020662a00000]
CodeHeap 'non-nmethods': size=5760Kb used=2318Kb max_used=2365Kb free=3441Kb
 bounds [0x000002065af30000, 0x000002065b1a0000, 0x000002065b4d0000]
 total_blobs=12849 nmethods=11941 adapters=819
 compilation: enabled
              stopped_count=0, restarted_count=0
 full_count=0

Compilation events (20 events):
Event: 28.900 Thread 0x00000206721e5800 nmethod 12066 0x00000206631e5d10 code [0x00000206631e5ec0, 0x00000206631e6078]
Event: 28.900 Thread 0x00000206721e5800 12067       4       com.android.tools.r8.internal.X41::next (5 bytes)
Event: 28.902 Thread 0x0000020675fd3000 nmethod 12059 0x00000206631e6190 code [0x00000206631e64a0, 0x00000206631e7f38]
Event: 28.903 Thread 0x0000020675fd3000 12068       4       com.android.tools.r8.graph.T0::g (62 bytes)
Event: 28.904 Thread 0x00000206721e5800 nmethod 12067 0x00000206631e8f90 code [0x00000206631e9120, 0x00000206631e9378]
Event: 28.904 Thread 0x00000206721e5800 12069       4       com.android.tools.r8.graph.Y0::equals (37 bytes)
Event: 28.909 Thread 0x00000206721e8800 12070       1       com.android.tools.r8.internal.aZ0::b (6 bytes)
Event: 28.910 Thread 0x00000206721e5800 nmethod 12069 0x00000206631e9490 code [0x00000206631e9640, 0x00000206631e9998]
Event: 28.910 Thread 0x00000206721e8800 nmethod 12070 0x00000206631e9c10 code [0x00000206631e9dc0, 0x00000206631e9e78]
Event: 28.910 Thread 0x00000206721e5800 12071       4       com.android.tools.r8.graph.p0::d (134 bytes)
Event: 28.912 Thread 0x0000020675fd3000 nmethod 12068 0x00000206631e9f10 code [0x00000206631ea0c0, 0x00000206631ea758]
Event: 28.912 Thread 0x0000020675fd3000 12072       4       com.android.tools.r8.graph.Y0::<init> (36 bytes)
Event: 28.915 Thread 0x0000020675fd3000 nmethod 12072 0x00000206631eab90 code [0x00000206631ead20, 0x00000206631eae58]
Event: 28.915 Thread 0x0000020675fd3000 12073       4       com.android.tools.r8.dex.r::l (52 bytes)
Event: 28.924 Thread 0x00000206721e5800 nmethod 12071 0x00000206631eaf10 code [0x00000206631eb100, 0x00000206631eb938]
Event: 28.928 Thread 0x0000020675fd3000 nmethod 12073 0x00000206631ebe90 code [0x00000206631ec060, 0x00000206631ec5f8]
Event: 28.941 Thread 0x00000206721e5800 12074       4       com.android.tools.r8.internal.MH0$$Lambda$1176/0x0000000100bc5440::accept (12 bytes)
Event: 28.941 Thread 0x0000020675fd3000 12075       4       com.android.tools.r8.internal.MH0::a (42 bytes)
Event: 28.941 Thread 0x00000206721e8800 12078       3       com.android.tools.r8.internal.Ib1::d (194 bytes)
Event: 28.942 Thread 0x00000206721e8800 nmethod 12078 0x000002065ce4ec90 code [0x000002065ce4ef20, 0x000002065ce4fbd8]

GC Heap History (20 events):
Event: 24.230 GC heap after
{Heap after GC invocations=20 (full 0):
 garbage-first heap   total 195584K, used 92972K [0x0000000080000000, 0x0000000100000000)
  region size 1024K, 7 young (7168K), 7 survivors (7168K)
 Metaspace       used 87112K, capacity 89374K, committed 89472K, reserved 1126400K
  class space    used 11308K, capacity 12141K, committed 12160K, reserved 1048576K
}
Event: 26.116 GC heap before
{Heap before GC invocations=20 (full 0):
 garbage-first heap   total 195584K, used 156460K [0x0000000080000000, 0x0000000100000000)
  region size 1024K, 70 young (71680K), 7 survivors (7168K)
 Metaspace       used 89375K, capacity 91751K, committed 92032K, reserved 1128448K
  class space    used 11557K, capacity 12380K, committed 12416K, reserved 1048576K
}
Event: 26.131 GC heap after
{Heap after GC invocations=21 (full 0):
 garbage-first heap   total 195584K, used 96821K [0x0000000080000000, 0x0000000100000000)
  region size 1024K, 6 young (6144K), 6 survivors (6144K)
 Metaspace       used 89375K, capacity 91751K, committed 92032K, reserved 1128448K
  class space    used 11557K, capacity 12380K, committed 12416K, reserved 1048576K
}
Event: 26.627 GC heap before
{Heap before GC invocations=21 (full 0):
 garbage-first heap   total 195584K, used 158261K [0x0000000080000000, 0x0000000100000000)
  region size 1024K, 67 young (68608K), 6 survivors (6144K)
 Metaspace       used 91117K, capacity 93452K, committed 93568K, reserved 1130496K
  class space    used 11789K, capacity 12605K, committed 12672K, reserved 1048576K
}
Event: 26.638 GC heap after
{Heap after GC invocations=22 (full 0):
 garbage-first heap   total 195584K, used 99460K [0x0000000080000000, 0x0000000100000000)
  region size 1024K, 5 young (5120K), 5 survivors (5120K)
 Metaspace       used 91117K, capacity 93452K, committed 93568K, reserved 1130496K
  class space    used 11789K, capacity 12605K, committed 12672K, reserved 1048576K
}
Event: 27.290 GC heap before
{Heap before GC invocations=23 (full 0):
 garbage-first heap   total 195584K, used 158852K [0x0000000080000000, 0x0000000100000000)
  region size 1024K, 64 young (65536K), 5 survivors (5120K)
 Metaspace       used 91950K, capacity 94243K, committed 94720K, reserved 1130496K
  class space    used 11827K, capacity 12631K, committed 12800K, reserved 1048576K
}
Event: 27.303 GC heap after
{Heap after GC invocations=24 (full 0):
 garbage-first heap   total 195584K, used 104293K [0x0000000080000000, 0x0000000100000000)
  region size 1024K, 8 young (8192K), 8 survivors (8192K)
 Metaspace       used 91950K, capacity 94243K, committed 94720K, reserved 1130496K
  class space    used 11827K, capacity 12631K, committed 12800K, reserved 1048576K
}
Event: 27.713 GC heap before
{Heap before GC invocations=24 (full 0):
 garbage-first heap   total 195584K, used 157541K [0x0000000080000000, 0x0000000100000000)
  region size 1024K, 62 young (63488K), 8 survivors (8192K)
 Metaspace       used 92339K, capacity 94581K, committed 94976K, reserved 1132544K
  class space    used 11857K, capacity 12673K, committed 12800K, reserved 1048576K
}
Event: 27.727 GC heap after
{Heap after GC invocations=25 (full 0):
 garbage-first heap   total 195584K, used 107152K [0x0000000080000000, 0x0000000100000000)
  region size 1024K, 4 young (4096K), 4 survivors (4096K)
 Metaspace       used 92339K, capacity 94581K, committed 94976K, reserved 1132544K
  class space    used 11857K, capacity 12673K, committed 12800K, reserved 1048576K
}
Event: 28.141 GC heap before
{Heap before GC invocations=26 (full 0):
 garbage-first heap   total 195584K, used 144016K [0x0000000080000000, 0x0000000100000000)
  region size 1024K, 29 young (29696K), 4 survivors (4096K)
 Metaspace       used 94651K, capacity 96937K, committed 97408K, reserved 1134592K
  class space    used 12191K, capacity 13011K, committed 13184K, reserved 1048576K
}
Event: 28.155 GC heap after
{Heap after GC invocations=27 (full 0):
 garbage-first heap   total 195584K, used 127800K [0x0000000080000000, 0x0000000100000000)
  region size 1024K, 8 young (8192K), 8 survivors (8192K)
 Metaspace       used 94651K, capacity 96937K, committed 97408K, reserved 1134592K
  class space    used 12191K, capacity 13011K, committed 13184K, reserved 1048576K
}
Event: 28.431 GC heap before
{Heap before GC invocations=28 (full 0):
 garbage-first heap   total 195584K, used 183096K [0x0000000080000000, 0x0000000100000000)
  region size 1024K, 37 young (37888K), 8 survivors (8192K)
 Metaspace       used 95169K, capacity 97477K, committed 97920K, reserved 1134592K
  class space    used 12262K, capacity 13086K, committed 13184K, reserved 1048576K
}
Event: 28.442 GC heap after
{Heap after GC invocations=29 (full 0):
 garbage-first heap   total 206848K, used 155246K [0x0000000080000000, 0x0000000100000000)
  region size 1024K, 5 young (5120K), 5 survivors (5120K)
 Metaspace       used 95169K, capacity 97477K, committed 97920K, reserved 1134592K
  class space    used 12262K, capacity 13086K, committed 13184K, reserved 1048576K
}
Event: 28.626 GC heap before
{Heap before GC invocations=29 (full 0):
 garbage-first heap   total 206848K, used 172654K [0x0000000080000000, 0x0000000100000000)
  region size 1024K, 23 young (23552K), 5 survivors (5120K)
 Metaspace       used 95169K, capacity 97477K, committed 97920K, reserved 1134592K
  class space    used 12262K, capacity 13086K, committed 13184K, reserved 1048576K
}
Event: 28.638 GC heap after
{Heap after GC invocations=30 (full 0):
 garbage-first heap   total 206848K, used 163268K [0x0000000080000000, 0x0000000100000000)
  region size 1024K, 3 young (3072K), 3 survivors (3072K)
 Metaspace       used 95169K, capacity 97477K, committed 97920K, reserved 1134592K
  class space    used 12262K, capacity 13086K, committed 13184K, reserved 1048576K
}
Event: 28.870 GC heap before
{Heap before GC invocations=30 (full 0):
 garbage-first heap   total 206848K, used 177604K [0x0000000080000000, 0x0000000100000000)
  region size 1024K, 15 young (15360K), 3 survivors (3072K)
 Metaspace       used 95169K, capacity 97477K, committed 97920K, reserved 1134592K
  class space    used 12262K, capacity 13086K, committed 13184K, reserved 1048576K
}
Event: 28.886 GC heap after
{Heap after GC invocations=31 (full 0):
 garbage-first heap   total 206848K, used 170272K [0x0000000080000000, 0x0000000100000000)
  region size 1024K, 2 young (2048K), 2 survivors (2048K)
 Metaspace       used 95169K, capacity 97477K, committed 97920K, reserved 1134592K
  class space    used 12262K, capacity 13086K, committed 13184K, reserved 1048576K
}
Event: 28.928 GC heap before
{Heap before GC invocations=31 (full 0):
 garbage-first heap   total 206848K, used 178464K [0x0000000080000000, 0x0000000100000000)
  region size 1024K, 10 young (10240K), 2 survivors (2048K)
 Metaspace       used 95170K, capacity 97478K, committed 97920K, reserved 1134592K
  class space    used 12262K, capacity 13086K, committed 13184K, reserved 1048576K
}
Event: 28.940 GC heap after
{Heap after GC invocations=32 (full 0):
 garbage-first heap   total 206848K, used 173893K [0x0000000080000000, 0x0000000100000000)
  region size 1024K, 2 young (2048K), 2 survivors (2048K)
 Metaspace       used 95170K, capacity 97478K, committed 97920K, reserved 1134592K
  class space    used 12262K, capacity 13086K, committed 13184K, reserved 1048576K
}
Event: 28.983 GC heap before
{Heap before GC invocations=33 (full 0):
 garbage-first heap   total 206848K, used 182085K [0x0000000080000000, 0x0000000100000000)
  region size 1024K, 10 young (10240K), 2 survivors (2048K)
 Metaspace       used 95170K, capacity 97478K, committed 97920K, reserved 1134592K
  class space    used 12262K, capacity 13086K, committed 13184K, reserved 1048576K
}

Deoptimization events (20 events):
Event: 28.277 Thread 0x00000206748e1800 Uncommon trap: trap_request=0xffffff4d fr.pc=0x00000206631b6dbc relative=0x000000000000011c
Event: 28.277 Thread 0x00000206748e1800 Uncommon trap: reason=unstable_if action=reinterpret pc=0x00000206631b6dbc method=com.android.tools.r8.dex.r.g(I)Lcom/android/tools/r8/internal/sM0; @ 12 c2
Event: 28.277 Thread 0x00000206748e1800 DEOPT PACKING pc=0x00000206631b6dbc sp=0x0000009cd5dfd9e0
Event: 28.277 Thread 0x00000206748e1800 DEOPT UNPACKING pc=0x000002065af383af sp=0x0000009cd5dfd970 mode 2
Event: 28.283 Thread 0x00000206748e1800 Uncommon trap: trap_request=0xffffff4d fr.pc=0x00000206631b4324 relative=0x0000000000000084
Event: 28.284 Thread 0x00000206748e1800 Uncommon trap: reason=unstable_if action=reinterpret pc=0x00000206631b4324 method=com.android.tools.r8.internal.mS0.d(I)Z @ 45 c2
Event: 28.284 Thread 0x00000206748e1800 DEOPT PACKING pc=0x00000206631b4324 sp=0x0000009cd5dfd6f0
Event: 28.284 Thread 0x00000206748e1800 DEOPT UNPACKING pc=0x000002065af383af sp=0x0000009cd5dfd680 mode 2
Event: 28.379 Thread 0x00000206748e1800 Uncommon trap: trap_request=0xffffff4d fr.pc=0x00000206631bc2cc relative=0x0000000000000bcc
Event: 28.379 Thread 0x00000206748e1800 Uncommon trap: reason=unstable_if action=reinterpret pc=0x00000206631bc2cc method=com.android.tools.r8.internal.mS0.d(I)Z @ 45 c2
Event: 28.379 Thread 0x00000206748e1800 DEOPT PACKING pc=0x00000206631bc2cc sp=0x0000009cd5dfd7c0
Event: 28.379 Thread 0x00000206748e1800 DEOPT UNPACKING pc=0x000002065af383af sp=0x0000009cd5dfd6d0 mode 2
Event: 28.379 Thread 0x00000206748e1800 Uncommon trap: trap_request=0xffffff4d fr.pc=0x00000206631b7a30 relative=0x0000000000000090
Event: 28.379 Thread 0x00000206748e1800 Uncommon trap: reason=unstable_if action=reinterpret pc=0x00000206631b7a30 method=com.android.tools.r8.internal.mS0.d(I)Z @ 45 c2
Event: 28.379 Thread 0x00000206748e1800 DEOPT PACKING pc=0x00000206631b7a30 sp=0x0000009cd5dfd790
Event: 28.379 Thread 0x00000206748e1800 DEOPT UNPACKING pc=0x000002065af383af sp=0x0000009cd5dfd6c8 mode 2
Event: 28.406 Thread 0x00000206748e1800 Uncommon trap: trap_request=0xffffff4d fr.pc=0x00000206631b3750 relative=0x0000000000000230
Event: 28.406 Thread 0x00000206748e1800 Uncommon trap: reason=unstable_if action=reinterpret pc=0x00000206631b3750 method=com.android.tools.r8.graph.W0.a([C)I @ 44 c2
Event: 28.406 Thread 0x00000206748e1800 DEOPT PACKING pc=0x00000206631b3750 sp=0x0000009cd5dfd970
Event: 28.406 Thread 0x00000206748e1800 DEOPT UNPACKING pc=0x000002065af383af sp=0x0000009cd5dfd8f8 mode 2

Classes redefined (0 events):
No events

Internal exceptions (20 events):
Event: 24.558 Thread 0x00000206777e5000 Exception <a 'java/lang/NoSuchMethodError'{0x000000008b94f508}: <clinit>> (0x000000008b94f508) thrown at [./src/hotspot/share/prims/jni.cpp, line 1362]
Event: 24.568 Thread 0x00000206777e5000 Exception <a 'java/lang/NoSuchMethodError'{0x000000008b966850}: <clinit>> (0x000000008b966850) thrown at [./src/hotspot/share/prims/jni.cpp, line 1362]
Event: 24.569 Thread 0x00000206777e5000 Exception <a 'java/lang/NoSuchMethodError'{0x000000008b967d30}: <clinit>> (0x000000008b967d30) thrown at [./src/hotspot/share/prims/jni.cpp, line 1362]
Event: 25.417 Thread 0x00000206777e5000 Exception <a 'sun/nio/fs/WindowsException'{0x0000000089644968}> (0x0000000089644968) thrown at [./src/hotspot/share/prims/jni.cpp, line 615]
Event: 25.417 Thread 0x00000206777e5000 Exception <a 'sun/nio/fs/WindowsException'{0x00000000896457e0}> (0x00000000896457e0) thrown at [./src/hotspot/share/prims/jni.cpp, line 615]
Event: 25.420 Thread 0x00000206777e5000 Exception <a 'sun/nio/fs/WindowsException'{0x0000000089646188}> (0x0000000089646188) thrown at [./src/hotspot/share/prims/jni.cpp, line 615]
Event: 25.421 Thread 0x00000206777e5000 Exception <a 'sun/nio/fs/WindowsException'{0x0000000089646ff8}> (0x0000000089646ff8) thrown at [./src/hotspot/share/prims/jni.cpp, line 615]
Event: 25.494 Thread 0x00000206777e5000 Exception <a 'java/lang/NoSuchMethodError'{0x00000000894029f0}: <clinit>> (0x00000000894029f0) thrown at [./src/hotspot/share/prims/jni.cpp, line 1362]
Event: 25.506 Thread 0x00000206777e5000 Exception <a 'java/lang/NoSuchMethodError'{0x0000000089439890}: <clinit>> (0x0000000089439890) thrown at [./src/hotspot/share/prims/jni.cpp, line 1362]
Event: 25.576 Thread 0x00000206777e5000 Exception <a 'java/lang/NoSuchMethodError'{0x0000000089472898}: <clinit>> (0x0000000089472898) thrown at [./src/hotspot/share/prims/jni.cpp, line 1362]
Event: 25.584 Thread 0x00000206777e5000 Exception <a 'java/lang/NoSuchMethodError'{0x00000000894853f0}: <clinit>> (0x00000000894853f0) thrown at [./src/hotspot/share/prims/jni.cpp, line 1362]
Event: 26.312 Thread 0x0000020677831800 Implicit null exception at 0x00000206630f7ab3 to 0x00000206630f8310
Event: 27.164 Thread 0x000002067db96800 Exception <a 'java/lang/NoSuchMethodError'{0x00000000899e8c30}: 'void java.lang.invoke.DirectMethodHandle$Holder.invokeStatic(java.lang.Object, long)'> (0x00000000899e8c30) thrown at [./src/hotspot/share/interpreter/linkResolver.cpp, line 773]
Event: 27.165 Thread 0x000002067db96800 Exception <a 'java/lang/NoSuchMethodError'{0x00000000899ede48}: 'java.lang.Object java.lang.invoke.DirectMethodHandle$Holder.invokeStatic(java.lang.Object, long)'> (0x00000000899ede48) thrown at [./src/hotspot/share/interpreter/linkResolver.cpp, line 773]
Event: 27.169 Thread 0x000002067db96800 Exception <a 'java/lang/NoSuchMethodError'{0x00000000893190b0}: 'java.lang.Object java.lang.invoke.DirectMethodHandle$Holder.invokeStaticInit(java.lang.Object, java.lang.Object, long, java.lang.Object)'> (0x00000000893190b0) thrown at [./src/hotspot/share/interpreter/linkResolver.cpp, line 773]
Event: 27.170 Thread 0x000002067db96800 Exception <a 'java/lang/NoSuchMethodError'{0x000000008931f248}: 'java.lang.Object java.lang.invoke.DirectMethodHandle$Holder.invokeStatic(java.lang.Object, java.lang.Object, long)'> (0x000000008931f248) thrown at [./src/hotspot/share/interpreter/linkResolver.cpp, line 773]
Event: 27.170 Thread 0x000002067db96800 Exception <a 'java/lang/NoSuchMethodError'{0x00000000893257c0}: 'java.lang.Object java.lang.invoke.Invokers$Holder.linkToTargetMethod(java.lang.Object, long, java.lang.Object)'> (0x00000000893257c0) thrown at [./src/hotspot/share/interpreter/linkResolver.cpp, line 773]
Event: 27.261 Thread 0x000002067db96800 Exception <a 'java/lang/NoSuchMethodError'{0x00000000888d7c20}: 'int java.lang.invoke.DirectMethodHandle$Holder.invokeSpecialIFC(java.lang.Object, java.lang.Object, java.lang.Object)'> (0x00000000888d7c20) thrown at [./src/hotspot/share/interpreter/linkResolver.cpp, line 773]
Event: 27.846 Thread 0x00000206748e1800 Exception <a 'sun/nio/fs/WindowsException'{0x000000008b45d660}> (0x000000008b45d660) thrown at [./src/hotspot/share/prims/jni.cpp, line 615]
Event: 28.174 Thread 0x00000206748e1800 Exception <a 'java/lang/NoSuchMethodError'{0x000000008bedb4d8}: 'java.lang.Object java.lang.invoke.DirectMethodHandle$Holder.invokeStaticInit(java.lang.Object, java.lang.Object, java.lang.Object, java.lang.Object, java.lang.Object, java.lang.Object, java.lang.Object, java.lang.Object, java.lang.Object, java.lang.Object, java.lang.Object, java.lang.Object, java.lang.Object, java.lang.Object, java.lang.Object, java.lang.Object, java.lang.Object, java.lang.Object, int, java.lang.Object, java.lang.Object)'> (0

Events (20 events):
Event: 28.261 loading class com/android/tools/r8/dex/r done
Event: 28.275 loading class com/android/tools/r8/graph/G
Event: 28.275 loading class com/android/tools/r8/graph/G done
Event: 28.312 Executing VM operation: CGC_Operation
Event: 28.319 Executing VM operation: CGC_Operation done
Event: 28.404 Executing VM operation: CGC_Operation
Event: 28.404 Executing VM operation: CGC_Operation done
Event: 28.431 Executing VM operation: G1CollectForAllocation
Event: 28.442 Executing VM operation: G1CollectForAllocation done
Event: 28.626 Executing VM operation: G1CollectForAllocation
Event: 28.638 Executing VM operation: G1CollectForAllocation done
Event: 28.805 Executing VM operation: CGC_Operation
Event: 28.815 Executing VM operation: CGC_Operation done
Event: 28.870 Executing VM operation: G1CollectForAllocation
Event: 28.886 Executing VM operation: G1CollectForAllocation done
Event: 28.928 Executing VM operation: G1CollectForAllocation
Event: 28.940 Executing VM operation: G1CollectForAllocation done
Event: 28.951 Executing VM operation: CGC_Operation
Event: 28.951 Executing VM operation: CGC_Operation done
Event: 28.983 Executing VM operation: G1CollectForAllocation


Dynamic libraries:
0x00007ff797930000 - 0x00007ff79793a000 	D:\Program Files\Android\jre\bin\java.exe
0x00007ffa79f40000 - 0x00007ffa7a130000 	C:\Windows\SYSTEM32\ntdll.dll
0x00007ffa793e0000 - 0x00007ffa79492000 	C:\Windows\System32\KERNEL32.DLL
0x00007ffa77d50000 - 0x00007ffa77ff3000 	C:\Windows\System32\KERNELBASE.dll
0x00007ffa77b20000 - 0x00007ffa77c1a000 	C:\Windows\System32\ucrtbase.dll
0x00007ffa5ce50000 - 0x00007ffa5ce67000 	D:\Program Files\Android\jre\bin\VCRUNTIME140.dll
0x00007ffa5cae0000 - 0x00007ffa5caf9000 	D:\Program Files\Android\jre\bin\jli.dll
0x00007ffa79090000 - 0x00007ffa79224000 	C:\Windows\System32\USER32.dll
0x00007ffa76f10000 - 0x00007ffa76f31000 	C:\Windows\System32\win32u.dll
0x00007ffa78890000 - 0x00007ffa788b6000 	C:\Windows\System32\GDI32.dll
0x00007ffa63cc0000 - 0x00007ffa63f45000 	C:\Windows\WinSxS\amd64_microsoft.windows.common-controls_6595b64144ccf1df_6.0.18362.535_none_e6c3b34713100821\COMCTL32.dll
0x00007ffa784a0000 - 0x00007ffa7853e000 	C:\Windows\System32\msvcrt.dll
0x00007ffa78030000 - 0x00007ffa78366000 	C:\Windows\System32\combase.dll
0x00007ffa77130000 - 0x00007ffa772c4000 	C:\Windows\System32\gdi32full.dll
0x00007ffa79710000 - 0x00007ffa79830000 	C:\Windows\System32\RPCRT4.dll
0x00007ffa77090000 - 0x00007ffa7712e000 	C:\Windows\System32\msvcp_win.dll
0x00007ffa77c20000 - 0x00007ffa77ca0000 	C:\Windows\System32\bcryptPrimitives.dll
0x00007ffa78540000 - 0x00007ffa7856e000 	C:\Windows\System32\IMM32.DLL
0x00007ffa50c80000 - 0x00007ffa50d1d000 	D:\Program Files\Android\jre\bin\msvcp140.dll
0x00007ffa35290000 - 0x00007ffa35d65000 	D:\Program Files\Android\jre\bin\server\jvm.dll
0x00007ffa79640000 - 0x00007ffa796e3000 	C:\Windows\System32\ADVAPI32.dll
0x00007ffa783f0000 - 0x00007ffa78487000 	C:\Windows\System32\sechost.dll
0x00007ffa798e0000 - 0x00007ffa798e8000 	C:\Windows\System32\PSAPI.DLL
0x00007ffa74a20000 - 0x00007ffa74a44000 	C:\Windows\SYSTEM32\WINMM.dll
0x00007ffa71a30000 - 0x00007ffa71a39000 	C:\Windows\SYSTEM32\WSOCK32.dll
0x00007ffa788c0000 - 0x00007ffa7892f000 	C:\Windows\System32\WS2_32.dll
0x00007ffa70840000 - 0x00007ffa7084a000 	C:\Windows\SYSTEM32\VERSION.dll
0x00007ffa745a0000 - 0x00007ffa745cd000 	C:\Windows\SYSTEM32\winmmbase.dll
0x00007ffa77d00000 - 0x00007ffa77d4a000 	C:\Windows\System32\cfgmgr32.dll
0x00007ffa76e60000 - 0x00007ffa76e71000 	C:\Windows\System32\kernel.appcore.dll
0x00007ffa6fe40000 - 0x00007ffa6fe51000 	D:\Program Files\Android\jre\bin\verify.dll
0x00007ffa75770000 - 0x00007ffa75964000 	C:\Windows\SYSTEM32\DBGHELP.DLL
0x00007ffa60c70000 - 0x00007ffa60c9a000 	C:\Windows\SYSTEM32\dbgcore.DLL
0x00007ffa65570000 - 0x00007ffa65599000 	D:\Program Files\Android\jre\bin\java.dll
0x00007ffa71a20000 - 0x00007ffa71a2b000 	D:\Program Files\Android\jre\bin\jimage.dll
0x00007ffa6ec70000 - 0x00007ffa6ec88000 	D:\Program Files\Android\jre\bin\zip.dll
0x00007ffa78930000 - 0x00007ffa79015000 	C:\Windows\System32\SHELL32.dll
0x00007ffa78780000 - 0x00007ffa78829000 	C:\Windows\System32\shcore.dll
0x00007ffa772f0000 - 0x00007ffa77a6f000 	C:\Windows\System32\windows.storage.dll
0x00007ffa76ed0000 - 0x00007ffa76eef000 	C:\Windows\System32\profapi.dll
0x00007ffa76e80000 - 0x00007ffa76eca000 	C:\Windows\System32\powrprof.dll
0x00007ffa76e50000 - 0x00007ffa76e60000 	C:\Windows\System32\UMPDC.dll
0x00007ffa794a0000 - 0x00007ffa794f2000 	C:\Windows\System32\shlwapi.dll
0x00007ffa772d0000 - 0x00007ffa772e7000 	C:\Windows\System32\cryptsp.dll
0x00007ffa6e560000 - 0x00007ffa6e57a000 	D:\Program Files\Android\jre\bin\net.dll
0x00007ffa67470000 - 0x00007ffa67560000 	C:\Windows\SYSTEM32\WINHTTP.dll
0x00007ffa766c0000 - 0x00007ffa76727000 	C:\Windows\system32\mswsock.dll
0x00007ffa66fe0000 - 0x00007ffa66ff4000 	D:\Program Files\Android\jre\bin\nio.dll
0x00007ffa540d0000 - 0x00007ffa540f7000 	D:\ProgramsfilesD\Android\Sdk\native\e1d6ef7f7dcc3fd88c89a11ec53ec762bb8ba0a96d01ffa2cd45eb1d1d8dd5c5\windows-amd64\native-platform.dll
0x00007ffa4a870000 - 0x00007ffa4a9b4000 	D:\ProgramsfilesD\Android\Sdk\native\5664cfc778a61ccfe75a443a1ab52a65af34e5dc3c78e0209fed803814484fcb\windows-amd64\native-platform-file-events.dll
0x00007ffa6c250000 - 0x00007ffa6c25a000 	D:\Program Files\Android\jre\bin\management.dll
0x00007ffa66f90000 - 0x00007ffa66f9d000 	D:\Program Files\Android\jre\bin\management_ext.dll
0x00007ffa76230000 - 0x00007ffa76263000 	C:\Windows\system32\rsaenh.dll
0x00007ffa78000000 - 0x00007ffa78026000 	C:\Windows\System32\bcrypt.dll
0x00007ffa76d40000 - 0x00007ffa76d65000 	C:\Windows\SYSTEM32\USERENV.dll
0x00007ffa76890000 - 0x00007ffa7689c000 	C:\Windows\SYSTEM32\CRYPTBASE.dll
0x00007ffa763d0000 - 0x00007ffa7640a000 	C:\Windows\SYSTEM32\IPHLPAPI.DLL
0x00007ffa78490000 - 0x00007ffa78498000 	C:\Windows\System32\NSI.dll
0x00007ffa6e9d0000 - 0x00007ffa6e9e6000 	C:\Windows\SYSTEM32\dhcpcsvc6.DLL
0x00007ffa701d0000 - 0x00007ffa701ec000 	C:\Windows\SYSTEM32\dhcpcsvc.DLL
0x00007ffa76410000 - 0x00007ffa764da000 	C:\Windows\SYSTEM32\DNSAPI.dll

dbghelp: loaded successfully - version: 4.0.5 - missing functions: none
symbol engine: initialized successfully - sym options: 0x614 - pdb path: .;D:\Program Files\Android\jre\bin;C:\Windows\SYSTEM32;C:\Windows\WinSxS\amd64_microsoft.windows.common-controls_6595b64144ccf1df_6.0.18362.535_none_e6c3b34713100821;D:\Program Files\Android\jre\bin\server;D:\ProgramsfilesD\Android\Sdk\native\e1d6ef7f7dcc3fd88c89a11ec53ec762bb8ba0a96d01ffa2cd45eb1d1d8dd5c5\windows-amd64;D:\ProgramsfilesD\Android\Sdk\native\5664cfc778a61ccfe75a443a1ab52a65af34e5dc3c78e0209fed803814484fcb\windows-amd64

VM Arguments:
jvm_args: --add-opens=java.base/java.util=ALL-UNNAMED --add-opens=java.base/java.lang=ALL-UNNAMED --add-opens=java.base/java.lang.invoke=ALL-UNNAMED --add-opens=java.base/java.util=ALL-UNNAMED --add-opens=java.prefs/java.util.prefs=ALL-UNNAMED --add-opens=java.prefs/java.util.prefs=ALL-UNNAMED --add-opens=java.base/java.nio.charset=ALL-UNNAMED --add-opens=java.base/java.net=ALL-UNNAMED --add-opens=java.base/java.util.concurrent.atomic=ALL-UNNAMED -Xmx2048m -Dfile.encoding=UTF-8 -Duser.country=RU -Duser.language=ru -Duser.variant 
java_command: org.gradle.launcher.daemon.bootstrap.GradleDaemon 7.2
java_class_path (initial): D:\ProgramsfilesD\Android\Sdk\wrapper\dists\gradle-7.2-bin\2dnblmf4td7x66yl1d74lt32g\gradle-7.2\lib\gradle-launcher-7.2.jar
Launcher Type: SUN_STANDARD

[Global flags]
     intx CICompilerCount                          = 4                                         {product} {ergonomic}
     uint ConcGCThreads                            = 2                                         {product} {ergonomic}
     uint G1ConcRefinementThreads                  = 8                                         {product} {ergonomic}
   size_t G1HeapRegionSize                         = 1048576                                   {product} {ergonomic}
    uintx GCDrainStackTargetSize                   = 64                                        {product} {ergonomic}
   size_t InitialHeapSize                          = 132120576                                 {product} {ergonomic}
   size_t MarkStackSize                            = 4194304                                   {product} {ergonomic}
   size_t MaxHeapSize                              = 2147483648                                {product} {command line}
   size_t MaxNewSize                               = 1287651328                                {product} {ergonomic}
   size_t MinHeapDeltaBytes                        = 1048576                                   {product} {ergonomic}
    uintx NonNMethodCodeHeapSize                   = 5836300                                {pd product} {ergonomic}
    uintx NonProfiledCodeHeapSize                  = 122910970                              {pd product} {ergonomic}
    uintx ProfiledCodeHeapSize                     = 122910970                              {pd product} {ergonomic}
    uintx ReservedCodeCacheSize                    = 251658240                              {pd product} {ergonomic}
     bool SegmentedCodeCache                       = true                                      {product} {ergonomic}
     bool UseCompressedClassPointers               = true                                 {lp64_product} {ergonomic}
     bool UseCompressedOops                        = true                                 {lp64_product} {ergonomic}
     bool UseG1GC                                  = true                                      {product} {ergonomic}
     bool UseLargePagesIndividualAllocation        = false                                  {pd product} {ergonomic}

Logging:
Log output configuration:
 #0: stdout all=warning uptime,level,tags
 #1: stderr all=off uptime,level,tags

Environment Variables:
JAVA_HOME=D:\Program Files\Java
PATH=C:\PROGRA~2\Borland\CBUILD~1\Bin;C:\PROGRA~2\Borland\CBUILD~1\Projects\Bpl;C:\Program Files\Common Files\Oracle\Java\javapath;C:\Windows\system32;C:\Windows;C:\Windows\System32\Wbem;C:\Windows\System32\WindowsPowerShell\v1.0\;C:\Program Files (x86)\NVIDIA Corporation\PhysX\Common;C:\Program Files\NVIDIA Corporation\NVIDIA NvDLISR;C:\Program Files\Microsoft\Web Platform Installer\;C:\Program Files (x86)\Microsoft ASP.NET\ASP.NET Web Pages\v1.0\;C:\Program Files\Microsoft SQL Server\110\Tools\Binn\;C:\Program Files\Git\cmd;C:\Users\asus\AppData\Local\Programs\Python\Python310\Scripts\;C:\Users\asus\AppData\Local\Programs\Python\Python310\;C:\Users\asus\AppData\Local\Microsoft\WindowsApps;;D:\Program Files\JetBrains\IntelliJ IDEA Community Edition 2020.3\bin;
USERNAME=asus
OS=Windows_NT
PROCESSOR_IDENTIFIER=Intel64 Family 6 Model 126 Stepping 5, GenuineIntel



---------------  S Y S T E M  ---------------

OS: Windows 10 , 64 bit Build 18362 (10.0.18362.329)
OS uptime: 0 days 1:49 hours

CPU:total 8 (initial active 8) (4 cores per cpu, 2 threads per core) family 6 model 126 stepping 5 microcode 0x96, cmov, cx8, fxsr, mmx, sse, sse2, sse3, ssse3, sse4.1, sse4.2, popcnt, avx, avx2, aes, clmul, erms, 3dnowpref, lzcnt, ht, tsc, tscinvbit, bmi1, bmi2, adx, evex, sha, fma

Memory: 4k page, system-wide physical 7997M (619M free)
TotalPageFile size 7997M (AvailPageFile size 22M)
current process WorkingSet (physical memory assigned to process): 501M, peak: 503M
current process commit charge ("private bytes"): 541M, peak: 582M

vm_info: OpenJDK 64-Bit Server VM (11.0.11+9-b60-7590822) for windows-amd64 JRE (11.0.11+9-b60-7590822), built on Jul 29 2021 21:43:44 by "builder" with MS VC++ 14.0 (VS2015)

END.
