#
# There is insufficient memory for the Java Runtime Environment to continue.
# Native memory allocation (malloc) failed to allocate 1059376 bytes for Chunk::new
# Possible reasons:
#   The system is out of physical RAM or swap space
#   The process is running with CompressedOops enabled, and the Java Heap may be blocking the growth of the native heap
# Possible solutions:
#   Reduce memory load on the system
#   Increase physical memory or swap space
#   Check if swap backing store is full
#   Decrease Java heap size (-Xmx/-Xms)
#   Decrease number of Java threads
#   Decrease Java thread stack sizes (-Xss)
#   Set larger code cache with -XX:ReservedCodeCacheSize=
#   JVM is running with Unscaled Compressed Oops mode in which the Java heap is
#     placed in the first 4GB address space. The Java Heap base address is the
#     maximum limit for the native heap growth. Please use -XX:HeapBaseMinAddress
#     to set the Java Heap base and to place the Java Heap above 4GB virtual address.
# This output file may be truncated or incomplete.
#
#  Out of Memory Error (./src/hotspot/share/memory/arena.cpp:197), pid=5108, tid=12224
#
# JRE version: OpenJDK Runtime Environment (11.0.11+9) (build 11.0.11+9-b60-7590822)
# Java VM: OpenJDK 64-Bit Server VM (11.0.11+9-b60-7590822, mixed mode, tiered, compressed oops, g1 gc, windows-amd64)
# No core dump will be written. Minidumps are not enabled by default on client versions of Windows
#

---------------  S U M M A R Y ------------

Command Line: --add-opens=java.base/java.util=ALL-UNNAMED --add-opens=java.base/java.lang=ALL-UNNAMED --add-opens=java.base/java.lang.invoke=ALL-UNNAMED --add-opens=java.base/java.util=ALL-UNNAMED --add-opens=java.prefs/java.util.prefs=ALL-UNNAMED --add-opens=java.prefs/java.util.prefs=ALL-UNNAMED --add-opens=java.base/java.nio.charset=ALL-UNNAMED --add-opens=java.base/java.net=ALL-UNNAMED --add-opens=java.base/java.util.concurrent.atomic=ALL-UNNAMED -Xmx2048m -Dfile.encoding=UTF-8 -Duser.country=RU -Duser.language=ru -Duser.variant org.gradle.launcher.daemon.bootstrap.GradleDaemon 7.2

Host: Intel(R) Core(TM) i7-1065G7 CPU @ 1.30GHz, 8 cores, 7G,  Windows 10 , 64 bit Build 18362 (10.0.18362.329)
Time: Tue May 31 15:23:08 2022 Caiaaiay Acey (ceia) elapsed time: 2.715664 seconds (0d 0h 0m 2s)

---------------  T H R E A D  ---------------

Current thread (0x000001602d9f0000):  JavaThread "C2 CompilerThread2" daemon [_thread_in_native, id=12224, stack(0x0000003cc2800000,0x0000003cc2900000)]


Current CompileTask:
C2:   2715 3325       4       java.lang.invoke.MethodType::makeImpl (108 bytes)

Stack: [0x0000003cc2800000,0x0000003cc2900000]
Native frames: (J=compiled Java code, j=interpreted, Vv=VM code, C=native code)
V  [jvm.dll+0x5f214a]
V  [jvm.dll+0x726fb5]
V  [jvm.dll+0x7285cd]
V  [jvm.dll+0x728c83]
V  [jvm.dll+0x243278]
V  [jvm.dll+0xbc53c]
V  [jvm.dll+0xbca3c]
V  [jvm.dll+0x353e3b]
V  [jvm.dll+0x19895c]
V  [jvm.dll+0x1fc2ee]
V  [jvm.dll+0x1fb3d4]
V  [jvm.dll+0x183d6c]
V  [jvm.dll+0x209a57]
V  [jvm.dll+0x2082a1]
V  [jvm.dll+0x6ef58f]
V  [jvm.dll+0x6e80b5]
V  [jvm.dll+0x5f1036]
C  [ucrtbase.dll+0x20e72]
C  [KERNEL32.DLL+0x17bd4]
C  [ntdll.dll+0x6ced1]


---------------  P R O C E S S  ---------------

Threads class SMR info:
_java_thread_list=0x0000016030f06520, length=34, elements={
0x000001601029a000, 0x000001602c7e5800, 0x000001602c7f2000, 0x000001602d16a800,
0x000001602d172000, 0x000001602d173000, 0x000001602c7fc800, 0x000001602c800800,
0x000001602c803800, 0x000001602d2d0800, 0x000001602d3a9000, 0x000001602d9f0000,
0x000001602f3b8000, 0x0000016030a21000, 0x000001602fb41000, 0x000001602f6f7000,
0x000001603027b800, 0x000001602f0c2800, 0x000001602f41a800, 0x00000160300df800,
0x000001602efb7000, 0x000001602f033000, 0x000001602f036000, 0x000001602f037000,
0x000001602f034000, 0x000001602f034800, 0x000001602f039800, 0x000001602f035800,
0x000001602f038000, 0x000001602f038800, 0x000001602f697000, 0x000001602f691800,
0x000001602f698800, 0x000001602f696000
}

Java Threads: ( => current thread )
  0x000001601029a000 JavaThread "main" [_thread_blocked, id=3788, stack(0x0000003cc1600000,0x0000003cc1700000)]
  0x000001602c7e5800 JavaThread "Reference Handler" daemon [_thread_blocked, id=11700, stack(0x0000003cc1d00000,0x0000003cc1e00000)]
  0x000001602c7f2000 JavaThread "Finalizer" daemon [_thread_blocked, id=4132, stack(0x0000003cc1e00000,0x0000003cc1f00000)]
  0x000001602d16a800 JavaThread "Signal Dispatcher" daemon [_thread_blocked, id=11260, stack(0x0000003cc1f00000,0x0000003cc2000000)]
  0x000001602d172000 JavaThread "Attach Listener" daemon [_thread_blocked, id=6716, stack(0x0000003cc2000000,0x0000003cc2100000)]
  0x000001602d173000 JavaThread "Service Thread" daemon [_thread_blocked, id=5812, stack(0x0000003cc2100000,0x0000003cc2200000)]
  0x000001602c7fc800 JavaThread "C2 CompilerThread0" daemon [_thread_in_native, id=9900, stack(0x0000003cc2200000,0x0000003cc2300000)]
  0x000001602c800800 JavaThread "C1 CompilerThread0" daemon [_thread_blocked, id=3120, stack(0x0000003cc2300000,0x0000003cc2400000)]
  0x000001602c803800 JavaThread "Sweeper thread" daemon [_thread_blocked, id=9012, stack(0x0000003cc2400000,0x0000003cc2500000)]
  0x000001602d2d0800 JavaThread "Common-Cleaner" daemon [_thread_blocked, id=8804, stack(0x0000003cc2500000,0x0000003cc2600000)]
  0x000001602d3a9000 JavaThread "C2 CompilerThread1" daemon [_thread_in_native, id=1800, stack(0x0000003cc2700000,0x0000003cc2800000)]
=>0x000001602d9f0000 JavaThread "C2 CompilerThread2" daemon [_thread_in_native, id=12224, stack(0x0000003cc2800000,0x0000003cc2900000)]
  0x000001602f3b8000 JavaThread "Daemon health stats" [_thread_blocked, id=1352, stack(0x0000003cc2b00000,0x0000003cc2c00000)]
  0x0000016030a21000 JavaThread "Incoming local TCP Connector on port 60876" [_thread_in_native, id=5064, stack(0x0000003cc2c00000,0x0000003cc2d00000)]
  0x000001602fb41000 JavaThread "Daemon periodic checks" [_thread_blocked, id=3124, stack(0x0000003cc2d00000,0x0000003cc2e00000)]
  0x000001602f6f7000 JavaThread "Daemon" [_thread_blocked, id=9972, stack(0x0000003cc2e00000,0x0000003cc2f00000)]
  0x000001603027b800 JavaThread "Handler for socket connection from /127.0.0.1:60876 to /127.0.0.1:60877" [_thread_in_native, id=12152, stack(0x0000003cc2f00000,0x0000003cc3000000)]
  0x000001602f0c2800 JavaThread "Cancel handler" [_thread_blocked, id=5260, stack(0x0000003cc3000000,0x0000003cc3100000)]
  0x000001602f41a800 JavaThread "Daemon worker" [_thread_in_vm, id=3828, stack(0x0000003cc3100000,0x0000003cc3200000)]
  0x00000160300df800 JavaThread "Asynchronous log dispatcher for DefaultDaemonConnection: socket connection from /127.0.0.1:60876 to /127.0.0.1:60877" [_thread_blocked, id=10212, stack(0x0000003cc3200000,0x0000003cc3300000)]
  0x000001602efb7000 JavaThread "Stdin handler" [_thread_blocked, id=1040, stack(0x0000003cc3300000,0x0000003cc3400000)]
  0x000001602f033000 JavaThread "Daemon client event forwarder" [_thread_blocked, id=1508, stack(0x0000003cc3400000,0x0000003cc3500000)]
  0x000001602f036000 JavaThread "Cache worker for journal cache (D:\ProgramsfilesD\Android\Sdk\caches\journal-1)" [_thread_blocked, id=6596, stack(0x0000003cc3a00000,0x0000003cc3b00000)]
  0x000001602f037000 JavaThread "File lock request listener" [_thread_in_native, id=2860, stack(0x0000003cc3b00000,0x0000003cc3c00000)]
  0x000001602f034000 JavaThread "Cache worker for file hash cache (D:\ProgramsfilesD\Android\Sdk\caches\7.2\fileHashes)" [_thread_blocked, id=7336, stack(0x0000003cc3c00000,0x0000003cc3d00000)]
  0x000001602f034800 JavaThread "Cache worker for file hash cache (D:\NotesApp\.gradle\7.2\fileHashes)" [_thread_blocked, id=9764, stack(0x0000003cc3e00000,0x0000003cc3f00000)]
  0x000001602f039800 JavaThread "File watcher server" daemon [_thread_in_native, id=7264, stack(0x0000003cc3f00000,0x0000003cc4000000)]
  0x000001602f035800 JavaThread "File watcher consumer" daemon [_thread_blocked, id=7384, stack(0x0000003cc4000000,0x0000003cc4100000)]
  0x000001602f038000 JavaThread "Cache worker for checksums cache (D:\NotesApp\.gradle\checksums)" [_thread_blocked, id=11472, stack(0x0000003cc4100000,0x0000003cc4200000)]
  0x000001602f038800 JavaThread "Cache worker for cache directory md-supplier (D:\ProgramsfilesD\Android\Sdk\caches\7.2\md-supplier)" [_thread_blocked, id=8436, stack(0x0000003cc4200000,0x0000003cc4300000)]
  0x000001602f697000 JavaThread "Cache worker for cache directory md-rule (D:\ProgramsfilesD\Android\Sdk\caches\7.2\md-rule)" [_thread_blocked, id=7672, stack(0x0000003cc4300000,0x0000003cc4400000)]
  0x000001602f691800 JavaThread "Cache worker for execution history cache (D:\ProgramsfilesD\Android\Sdk\caches\7.2\executionHistory)" [_thread_blocked, id=6976, stack(0x0000003cc4400000,0x0000003cc4500000)]
  0x000001602f698800 JavaThread "jar transforms" [_thread_blocked, id=6812, stack(0x0000003cc4500000,0x0000003cc4600000)]
  0x000001602f696000 JavaThread "Cache worker for file content cache (D:\ProgramsfilesD\Android\Sdk\caches\7.2\fileContent)" [_thread_blocked, id=11768, stack(0x0000003cc4600000,0x0000003cc4700000)]

Other Threads:
  0x000001602c7e3800 VMThread "VM Thread" [stack: 0x0000003cc1c00000,0x0000003cc1d00000] [id=128]
  0x000001602d2d2800 WatcherThread [stack: 0x0000003cc2600000,0x0000003cc2700000] [id=10308]
  0x00000160103c6800 GCTaskThread "GC Thread#0" [stack: 0x0000003cc1700000,0x0000003cc1800000] [id=1560]
  0x000001602dada800 GCTaskThread "GC Thread#1" [stack: 0x0000003cc2900000,0x0000003cc2a00000] [id=9556]
  0x000001602e395800 GCTaskThread "GC Thread#2" [stack: 0x0000003cc2a00000,0x0000003cc2b00000] [id=9520]
  0x000001602f02a000 GCTaskThread "GC Thread#3" [stack: 0x0000003cc3500000,0x0000003cc3600000] [id=1316]
  0x000001602f04d800 GCTaskThread "GC Thread#4" [stack: 0x0000003cc3600000,0x0000003cc3700000] [id=8108]
  0x000001603041f800 GCTaskThread "GC Thread#5" [stack: 0x0000003cc3700000,0x0000003cc3800000] [id=7636]
  0x00000160300dc800 GCTaskThread "GC Thread#6" [stack: 0x0000003cc3800000,0x0000003cc3900000] [id=6860]
  0x000001602f27f000 GCTaskThread "GC Thread#7" [stack: 0x0000003cc3900000,0x0000003cc3a00000] [id=11588]
  0x00000160103f9800 ConcurrentGCThread "G1 Main Marker" [stack: 0x0000003cc1800000,0x0000003cc1900000] [id=4588]
  0x00000160103fb000 ConcurrentGCThread "G1 Conc#0" [stack: 0x0000003cc1900000,0x0000003cc1a00000] [id=5540]
  0x00000160304a8000 ConcurrentGCThread "G1 Conc#1" [stack: 0x0000003cc3d00000,0x0000003cc3e00000] [id=6592]
  0x000001602c632800 ConcurrentGCThread "G1 Refine#0" [stack: 0x0000003cc1a00000,0x0000003cc1b00000] [id=7992]
  0x000001601047c000 ConcurrentGCThread "G1 Young RemSet Sampling" [stack: 0x0000003cc1b00000,0x0000003cc1c00000] [id=7704]

Threads with active compile tasks:
C2 CompilerThread0   2722 3429       4       org.codehaus.groovy.reflection.CachedMethod::compareToCachedMethod (160 bytes)
C2 CompilerThread1   2722 3432       4       org.codehaus.groovy.reflection.CachedMethod::compareTo (25 bytes)
C2 CompilerThread2   2722 3325       4       java.lang.invoke.MethodType::makeImpl (108 bytes)

VM state:not at safepoint (normal execution)

VM Mutex/Monitor currently owned by a thread: None

Heap address: 0x0000000080000000, size: 2048 MB, Compressed Oops mode: 32-bit
Narrow klass base: 0x0000000000000000, Narrow klass shift: 3
Compressed class space size: 1073741824 Address: 0x0000000100000000

Heap:
 garbage-first heap   total 129024K, used 75521K [0x0000000080000000, 0x0000000100000000)
  region size 1024K, 58 young (59392K), 7 survivors (7168K)
 Metaspace       used 38778K, capacity 39708K, committed 39884K, reserved 1083392K
  class space    used 4960K, capacity 5313K, committed 5376K, reserved 1048576K
Heap Regions: E=young(eden), S=young(survivor), O=old, HS=humongous(starts), HC=humongous(continues), CS=collection set, F=free, A=archive, TAMS=top-at-mark-start (previous, next)
|   0|0x0000000080000000, 0x0000000080100000, 0x0000000080100000|100%| O|  |TAMS 0x0000000080100000, 0x0000000080000000| Untracked 
|   1|0x0000000080100000, 0x0000000080200000, 0x0000000080200000|100%| O|  |TAMS 0x0000000080200000, 0x0000000080100000| Untracked 
|   2|0x0000000080200000, 0x0000000080300000, 0x0000000080300000|100%| O|  |TAMS 0x0000000080300000, 0x0000000080200000| Untracked 
|   3|0x0000000080300000, 0x0000000080400000, 0x0000000080400000|100%|HS|  |TAMS 0x0000000080400000, 0x0000000080300000| Complete 
|   4|0x0000000080400000, 0x0000000080500000, 0x0000000080500000|100%|HC|  |TAMS 0x0000000080500000, 0x0000000080400000| Complete 
|   5|0x0000000080500000, 0x0000000080600000, 0x0000000080600000|100%|HC|  |TAMS 0x0000000080600000, 0x0000000080500000| Complete 
|   6|0x0000000080600000, 0x0000000080700000, 0x0000000080700000|100%| O|  |TAMS 0x0000000080700000, 0x0000000080600000| Untracked 
|   7|0x0000000080700000, 0x0000000080800000, 0x0000000080800000|100%| O|  |TAMS 0x0000000080800000, 0x0000000080700000| Untracked 
|   8|0x0000000080800000, 0x0000000080900000, 0x0000000080900000|100%| O|  |TAMS 0x0000000080900000, 0x0000000080800000| Untracked 
|   9|0x0000000080900000, 0x0000000080a00000, 0x0000000080a00000|100%| O|  |TAMS 0x0000000080a00000, 0x0000000080900000| Untracked 
|  10|0x0000000080a00000, 0x0000000080b00000, 0x0000000080b00000|100%| O|  |TAMS 0x0000000080b00000, 0x0000000080a00000| Untracked 
|  11|0x0000000080b00000, 0x0000000080c00000, 0x0000000080c00000|100%| O|  |TAMS 0x0000000080c00000, 0x0000000080b00000| Untracked 
|  12|0x0000000080c00000, 0x0000000080d00000, 0x0000000080d00000|100%| O|  |TAMS 0x0000000080d00000, 0x0000000080c00000| Untracked 
|  13|0x0000000080d00000, 0x0000000080e00000, 0x0000000080e00000|100%| O|  |TAMS 0x0000000080e00000, 0x0000000080d00000| Untracked 
|  14|0x0000000080e00000, 0x0000000080f00000, 0x0000000080f00000|100%| O|  |TAMS 0x0000000080f00000, 0x0000000080e00000| Untracked 
|  15|0x0000000080f00000, 0x0000000080f58a00, 0x0000000081000000| 34%| O|  |TAMS 0x0000000080f58a00, 0x0000000080f00000| Untracked 
|  16|0x0000000081000000, 0x0000000081100000, 0x0000000081100000|100%|HS|  |TAMS 0x0000000081000000, 0x0000000081000000| Complete 
|  17|0x0000000081100000, 0x0000000081200000, 0x0000000081200000|100%|HS|  |TAMS 0x0000000081100000, 0x0000000081100000| Complete 
|  18|0x0000000081200000, 0x0000000081300000, 0x0000000081300000|100%|HC|  |TAMS 0x0000000081200000, 0x0000000081200000| Complete 
|  19|0x0000000081300000, 0x0000000081300000, 0x0000000081400000|  0%| F|  |TAMS 0x0000000081300000, 0x0000000081300000| Untracked 
|  20|0x0000000081400000, 0x0000000081400000, 0x0000000081500000|  0%| F|  |TAMS 0x0000000081400000, 0x0000000081400000| Untracked 
|  21|0x0000000081500000, 0x0000000081500000, 0x0000000081600000|  0%| F|  |TAMS 0x0000000081500000, 0x0000000081500000| Untracked 
|  22|0x0000000081600000, 0x0000000081600000, 0x0000000081700000|  0%| F|  |TAMS 0x0000000081600000, 0x0000000081600000| Untracked 
|  23|0x0000000081700000, 0x0000000081700000, 0x0000000081800000|  0%| F|  |TAMS 0x0000000081700000, 0x0000000081700000| Untracked 
|  24|0x0000000081800000, 0x0000000081800000, 0x0000000081900000|  0%| F|  |TAMS 0x0000000081800000, 0x0000000081800000| Untracked 
|  25|0x0000000081900000, 0x0000000081900000, 0x0000000081a00000|  0%| F|  |TAMS 0x0000000081900000, 0x0000000081900000| Untracked 
|  26|0x0000000081a00000, 0x0000000081a00000, 0x0000000081b00000|  0%| F|  |TAMS 0x0000000081a00000, 0x0000000081a00000| Untracked 
|  27|0x0000000081b00000, 0x0000000081b00000, 0x0000000081c00000|  0%| F|  |TAMS 0x0000000081b00000, 0x0000000081b00000| Untracked 
|  28|0x0000000081c00000, 0x0000000081c00000, 0x0000000081d00000|  0%| F|  |TAMS 0x0000000081c00000, 0x0000000081c00000| Untracked 
|  29|0x0000000081d00000, 0x0000000081d00000, 0x0000000081e00000|  0%| F|  |TAMS 0x0000000081d00000, 0x0000000081d00000| Untracked 
|  30|0x0000000081e00000, 0x0000000081e00000, 0x0000000081f00000|  0%| F|  |TAMS 0x0000000081e00000, 0x0000000081e00000| Untracked 
|  31|0x0000000081f00000, 0x0000000081f00000, 0x0000000082000000|  0%| F|  |TAMS 0x0000000081f00000, 0x0000000081f00000| Untracked 
|  32|0x0000000082000000, 0x0000000082000000, 0x0000000082100000|  0%| F|  |TAMS 0x0000000082000000, 0x0000000082000000| Untracked 
|  33|0x0000000082100000, 0x0000000082100000, 0x0000000082200000|  0%| F|  |TAMS 0x0000000082100000, 0x0000000082100000| Untracked 
|  34|0x0000000082200000, 0x0000000082200000, 0x0000000082300000|  0%| F|  |TAMS 0x0000000082200000, 0x0000000082200000| Untracked 
|  35|0x0000000082300000, 0x0000000082300000, 0x0000000082400000|  0%| F|  |TAMS 0x0000000082300000, 0x0000000082300000| Untracked 
|  36|0x0000000082400000, 0x0000000082400000, 0x0000000082500000|  0%| F|  |TAMS 0x0000000082400000, 0x0000000082400000| Untracked 
|  37|0x0000000082500000, 0x0000000082500000, 0x0000000082600000|  0%| F|  |TAMS 0x0000000082500000, 0x0000000082500000| Untracked 
|  38|0x0000000082600000, 0x0000000082600000, 0x0000000082700000|  0%| F|  |TAMS 0x0000000082600000, 0x0000000082600000| Untracked 
|  39|0x0000000082700000, 0x0000000082700000, 0x0000000082800000|  0%| F|  |TAMS 0x0000000082700000, 0x0000000082700000| Untracked 
|  40|0x0000000082800000, 0x0000000082800000, 0x0000000082900000|  0%| F|  |TAMS 0x0000000082800000, 0x0000000082800000| Untracked 
|  41|0x0000000082900000, 0x0000000082900000, 0x0000000082a00000|  0%| F|  |TAMS 0x0000000082900000, 0x0000000082900000| Untracked 
|  42|0x0000000082a00000, 0x0000000082a00000, 0x0000000082b00000|  0%| F|  |TAMS 0x0000000082a00000, 0x0000000082a00000| Untracked 
|  43|0x0000000082b00000, 0x0000000082b00000, 0x0000000082c00000|  0%| F|  |TAMS 0x0000000082b00000, 0x0000000082b00000| Untracked 
|  44|0x0000000082c00000, 0x0000000082c00000, 0x0000000082d00000|  0%| F|  |TAMS 0x0000000082c00000, 0x0000000082c00000| Untracked 
|  45|0x0000000082d00000, 0x0000000082d00000, 0x0000000082e00000|  0%| F|  |TAMS 0x0000000082d00000, 0x0000000082d00000| Untracked 
|  46|0x0000000082e00000, 0x0000000082e00000, 0x0000000082f00000|  0%| F|  |TAMS 0x0000000082e00000, 0x0000000082e00000| Untracked 
|  47|0x0000000082f00000, 0x0000000082f00000, 0x0000000083000000|  0%| F|  |TAMS 0x0000000082f00000, 0x0000000082f00000| Untracked 
|  48|0x0000000083000000, 0x0000000083000000, 0x0000000083100000|  0%| F|  |TAMS 0x0000000083000000, 0x0000000083000000| Untracked 
|  49|0x0000000083100000, 0x0000000083100000, 0x0000000083200000|  0%| F|  |TAMS 0x0000000083100000, 0x0000000083100000| Untracked 
|  50|0x0000000083200000, 0x0000000083200000, 0x0000000083300000|  0%| F|  |TAMS 0x0000000083200000, 0x0000000083200000| Untracked 
|  51|0x0000000083300000, 0x0000000083300000, 0x0000000083400000|  0%| F|  |TAMS 0x0000000083300000, 0x0000000083300000| Untracked 
|  52|0x0000000083400000, 0x0000000083400000, 0x0000000083500000|  0%| F|  |TAMS 0x0000000083400000, 0x0000000083400000| Untracked 
|  53|0x0000000083500000, 0x0000000083500000, 0x0000000083600000|  0%| F|  |TAMS 0x0000000083500000, 0x0000000083500000| Untracked 
|  54|0x0000000083600000, 0x0000000083600000, 0x0000000083700000|  0%| F|  |TAMS 0x0000000083600000, 0x0000000083600000| Untracked 
|  55|0x0000000083700000, 0x0000000083700000, 0x0000000083800000|  0%| F|  |TAMS 0x0000000083700000, 0x0000000083700000| Untracked 
|  56|0x0000000083800000, 0x0000000083800000, 0x0000000083900000|  0%| F|  |TAMS 0x0000000083800000, 0x0000000083800000| Untracked 
|  57|0x0000000083900000, 0x0000000083900000, 0x0000000083a00000|  0%| F|  |TAMS 0x0000000083900000, 0x0000000083900000| Untracked 
|  58|0x0000000083a00000, 0x0000000083a00000, 0x0000000083b00000|  0%| F|  |TAMS 0x0000000083a00000, 0x0000000083a00000| Untracked 
|  59|0x0000000083b00000, 0x0000000083b00000, 0x0000000083c00000|  0%| F|  |TAMS 0x0000000083b00000, 0x0000000083b00000| Untracked 
|  60|0x0000000083c00000, 0x0000000083c00000, 0x0000000083d00000|  0%| F|  |TAMS 0x0000000083c00000, 0x0000000083c00000| Untracked 
|  61|0x0000000083d00000, 0x0000000083d00000, 0x0000000083e00000|  0%| F|  |TAMS 0x0000000083d00000, 0x0000000083d00000| Untracked 
|  62|0x0000000083e00000, 0x0000000083e00000, 0x0000000083f00000|  0%| F|  |TAMS 0x0000000083e00000, 0x0000000083e00000| Untracked 
|  63|0x0000000083f00000, 0x0000000083f00000, 0x0000000084000000|  0%| F|  |TAMS 0x0000000083f00000, 0x0000000083f00000| Untracked 
|  64|0x0000000084000000, 0x0000000084000000, 0x0000000084100000|  0%| F|  |TAMS 0x0000000084000000, 0x0000000084000000| Untracked 
|  65|0x0000000084100000, 0x0000000084100000, 0x0000000084200000|  0%| F|  |TAMS 0x0000000084100000, 0x0000000084100000| Untracked 
|  66|0x0000000084200000, 0x0000000084200000, 0x0000000084300000|  0%| F|  |TAMS 0x0000000084200000, 0x0000000084200000| Untracked 
|  67|0x0000000084300000, 0x0000000084367c30, 0x0000000084400000| 40%| S|CS|TAMS 0x0000000084300000, 0x0000000084300000| Complete 
|  68|0x0000000084400000, 0x0000000084500000, 0x0000000084500000|100%| S|CS|TAMS 0x0000000084400000, 0x0000000084400000| Complete 
|  69|0x0000000084500000, 0x0000000084600000, 0x0000000084600000|100%| S|CS|TAMS 0x0000000084500000, 0x0000000084500000| Complete 
|  70|0x0000000084600000, 0x0000000084700000, 0x0000000084700000|100%| S|CS|TAMS 0x0000000084600000, 0x0000000084600000| Complete 
|  71|0x0000000084700000, 0x0000000084800000, 0x0000000084800000|100%| S|CS|TAMS 0x0000000084700000, 0x0000000084700000| Complete 
|  72|0x0000000084800000, 0x0000000084900000, 0x0000000084900000|100%| S|CS|TAMS 0x0000000084800000, 0x0000000084800000| Complete 
|  73|0x0000000084900000, 0x0000000084a00000, 0x0000000084a00000|100%| S|CS|TAMS 0x0000000084900000, 0x0000000084900000| Complete 
|  74|0x0000000084a00000, 0x0000000084a00000, 0x0000000084b00000|  0%| F|  |TAMS 0x0000000084a00000, 0x0000000084a00000| Untracked 
|  75|0x0000000084b00000, 0x0000000084c00000, 0x0000000084c00000|100%| E|  |TAMS 0x0000000084b00000, 0x0000000084b00000| Complete 
|  76|0x0000000084c00000, 0x0000000084d00000, 0x0000000084d00000|100%| E|CS|TAMS 0x0000000084c00000, 0x0000000084c00000| Complete 
|  77|0x0000000084d00000, 0x0000000084e00000, 0x0000000084e00000|100%| E|CS|TAMS 0x0000000084d00000, 0x0000000084d00000| Complete 
|  78|0x0000000084e00000, 0x0000000084f00000, 0x0000000084f00000|100%| E|CS|TAMS 0x0000000084e00000, 0x0000000084e00000| Complete 
|  79|0x0000000084f00000, 0x0000000085000000, 0x0000000085000000|100%| E|CS|TAMS 0x0000000084f00000, 0x0000000084f00000| Complete 
|  80|0x0000000085000000, 0x0000000085100000, 0x0000000085100000|100%| E|CS|TAMS 0x0000000085000000, 0x0000000085000000| Complete 
|  81|0x0000000085100000, 0x0000000085200000, 0x0000000085200000|100%| E|CS|TAMS 0x0000000085100000, 0x0000000085100000| Complete 
|  82|0x0000000085200000, 0x0000000085300000, 0x0000000085300000|100%| E|CS|TAMS 0x0000000085200000, 0x0000000085200000| Complete 
|  83|0x0000000085300000, 0x0000000085400000, 0x0000000085400000|100%| E|CS|TAMS 0x0000000085300000, 0x0000000085300000| Complete 
|  84|0x0000000085400000, 0x0000000085500000, 0x0000000085500000|100%| E|CS|TAMS 0x0000000085400000, 0x0000000085400000| Complete 
|  85|0x0000000085500000, 0x0000000085600000, 0x0000000085600000|100%| E|CS|TAMS 0x0000000085500000, 0x0000000085500000| Complete 
|  86|0x0000000085600000, 0x0000000085700000, 0x0000000085700000|100%| E|CS|TAMS 0x0000000085600000, 0x0000000085600000| Complete 
|  87|0x0000000085700000, 0x0000000085800000, 0x0000000085800000|100%| E|CS|TAMS 0x0000000085700000, 0x0000000085700000| Complete 
|  88|0x0000000085800000, 0x0000000085900000, 0x0000000085900000|100%| E|CS|TAMS 0x0000000085800000, 0x0000000085800000| Complete 
|  89|0x0000000085900000, 0x0000000085a00000, 0x0000000085a00000|100%| E|  |TAMS 0x0000000085900000, 0x0000000085900000| Complete 
|  90|0x0000000085a00000, 0x0000000085b00000, 0x0000000085b00000|100%| E|CS|TAMS 0x0000000085a00000, 0x0000000085a00000| Complete 
|  91|0x0000000085b00000, 0x0000000085c00000, 0x0000000085c00000|100%| E|CS|TAMS 0x0000000085b00000, 0x0000000085b00000| Complete 
|  92|0x0000000085c00000, 0x0000000085d00000, 0x0000000085d00000|100%| E|CS|TAMS 0x0000000085c00000, 0x0000000085c00000| Complete 
|  93|0x0000000085d00000, 0x0000000085e00000, 0x0000000085e00000|100%| E|CS|TAMS 0x0000000085d00000, 0x0000000085d00000| Complete 
|  94|0x0000000085e00000, 0x0000000085f00000, 0x0000000085f00000|100%| E|CS|TAMS 0x0000000085e00000, 0x0000000085e00000| Complete 
|  95|0x0000000085f00000, 0x0000000086000000, 0x0000000086000000|100%| E|CS|TAMS 0x0000000085f00000, 0x0000000085f00000| Complete 
|  96|0x0000000086000000, 0x0000000086100000, 0x0000000086100000|100%| E|CS|TAMS 0x0000000086000000, 0x0000000086000000| Complete 
|  97|0x0000000086100000, 0x0000000086200000, 0x0000000086200000|100%| E|CS|TAMS 0x0000000086100000, 0x0000000086100000| Complete 
|  98|0x0000000086200000, 0x0000000086300000, 0x0000000086300000|100%| E|CS|TAMS 0x0000000086200000, 0x0000000086200000| Complete 
|  99|0x0000000086300000, 0x0000000086400000, 0x0000000086400000|100%| E|CS|TAMS 0x0000000086300000, 0x0000000086300000| Complete 
| 100|0x0000000086400000, 0x0000000086500000, 0x0000000086500000|100%| E|CS|TAMS 0x0000000086400000, 0x0000000086400000| Complete 
| 101|0x0000000086500000, 0x0000000086600000, 0x0000000086600000|100%| E|CS|TAMS 0x0000000086500000, 0x0000000086500000| Complete 
| 102|0x0000000086600000, 0x0000000086700000, 0x0000000086700000|100%| E|CS|TAMS 0x0000000086600000, 0x0000000086600000| Complete 
| 103|0x0000000086700000, 0x0000000086800000, 0x0000000086800000|100%| E|CS|TAMS 0x0000000086700000, 0x0000000086700000| Complete 
| 104|0x0000000086800000, 0x0000000086900000, 0x0000000086900000|100%| E|CS|TAMS 0x0000000086800000, 0x0000000086800000| Complete 
| 105|0x0000000086900000, 0x0000000086a00000, 0x0000000086a00000|100%| E|CS|TAMS 0x0000000086900000, 0x0000000086900000| Complete 
| 106|0x0000000086a00000, 0x0000000086b00000, 0x0000000086b00000|100%| E|CS|TAMS 0x0000000086a00000, 0x0000000086a00000| Complete 
| 107|0x0000000086b00000, 0x0000000086c00000, 0x0000000086c00000|100%| E|CS|TAMS 0x0000000086b00000, 0x0000000086b00000| Complete 
| 108|0x0000000086c00000, 0x0000000086d00000, 0x0000000086d00000|100%| E|CS|TAMS 0x0000000086c00000, 0x0000000086c00000| Complete 
| 109|0x0000000086d00000, 0x0000000086e00000, 0x0000000086e00000|100%| E|CS|TAMS 0x0000000086d00000, 0x0000000086d00000| Complete 
| 110|0x0000000086e00000, 0x0000000086f00000, 0x0000000086f00000|100%| E|CS|TAMS 0x0000000086e00000, 0x0000000086e00000| Complete 
| 111|0x0000000086f00000, 0x0000000087000000, 0x0000000087000000|100%| E|CS|TAMS 0x0000000086f00000, 0x0000000086f00000| Complete 
| 112|0x0000000087000000, 0x0000000087100000, 0x0000000087100000|100%| E|CS|TAMS 0x0000000087000000, 0x0000000087000000| Complete 
| 113|0x0000000087100000, 0x0000000087200000, 0x0000000087200000|100%| E|CS|TAMS 0x0000000087100000, 0x0000000087100000| Complete 
| 114|0x0000000087200000, 0x0000000087300000, 0x0000000087300000|100%| E|CS|TAMS 0x0000000087200000, 0x0000000087200000| Complete 
| 115|0x0000000087300000, 0x0000000087400000, 0x0000000087400000|100%| E|CS|TAMS 0x0000000087300000, 0x0000000087300000| Complete 
| 116|0x0000000087400000, 0x0000000087500000, 0x0000000087500000|100%| E|CS|TAMS 0x0000000087400000, 0x0000000087400000| Complete 
| 117|0x0000000087500000, 0x0000000087600000, 0x0000000087600000|100%| E|CS|TAMS 0x0000000087500000, 0x0000000087500000| Complete 
| 118|0x0000000087600000, 0x0000000087700000, 0x0000000087700000|100%| E|CS|TAMS 0x0000000087600000, 0x0000000087600000| Complete 
| 119|0x0000000087700000, 0x0000000087800000, 0x0000000087800000|100%| E|CS|TAMS 0x0000000087700000, 0x0000000087700000| Complete 
| 120|0x0000000087800000, 0x0000000087900000, 0x0000000087900000|100%| E|CS|TAMS 0x0000000087800000, 0x0000000087800000| Complete 
| 121|0x0000000087900000, 0x0000000087a00000, 0x0000000087a00000|100%| E|CS|TAMS 0x0000000087900000, 0x0000000087900000| Complete 
| 122|0x0000000087a00000, 0x0000000087b00000, 0x0000000087b00000|100%| E|CS|TAMS 0x0000000087a00000, 0x0000000087a00000| Complete 
| 123|0x0000000087b00000, 0x0000000087c00000, 0x0000000087c00000|100%| E|CS|TAMS 0x0000000087b00000, 0x0000000087b00000| Complete 
| 124|0x0000000087c00000, 0x0000000087d00000, 0x0000000087d00000|100%| E|CS|TAMS 0x0000000087c00000, 0x0000000087c00000| Complete 
| 125|0x0000000087d00000, 0x0000000087e00000, 0x0000000087e00000|100%| E|CS|TAMS 0x0000000087d00000, 0x0000000087d00000| Complete 

Card table byte_map: [0x00000160254e0000,0x00000160258e0000] _byte_map_base: 0x00000160250e0000

Marking Bits (Prev, Next): (CMBitMap*) 0x00000160103f0cd8, (CMBitMap*) 0x00000160103f0d10
 Prev Bits: [0x0000016025ce0000, 0x0000016027ce0000)
 Next Bits: [0x0000016027ce0000, 0x0000016029ce0000)

Polling page: 0x0000016015650000

Metaspace:

Usage:
  Non-class:     33.59 MB capacity,    33.03 MB ( 98%) used,   478.75 KB (  1%) free+waste,    89.06 KB ( <1%) overhead. 
      Class:      5.19 MB capacity,     4.85 MB ( 94%) used,   298.93 KB (  6%) free+waste,    42.94 KB ( <1%) overhead. 
       Both:     38.78 MB capacity,    37.89 MB ( 98%) used,   777.68 KB (  2%) free+waste,   132.00 KB ( <1%) overhead. 

Virtual space:
  Non-class space:       34.00 MB reserved,      33.70 MB (>99%) committed 
      Class space:        1.00 GB reserved,       5.25 MB ( <1%) committed 
             Both:        1.03 GB reserved,      38.95 MB (  4%) committed 

Chunk freelists:
   Non-Class:  49.00 KB
       Class:  31.00 KB
        Both:  80.00 KB

MaxMetaspaceSize: 17179869184.00 GB
CompressedClassSpaceSize: 1.00 GB

CodeHeap 'non-profiled nmethods': size=120000Kb used=1843Kb max_used=1843Kb free=118156Kb
 bounds [0x000001601d140000, 0x000001601d3b0000, 0x0000016024670000]
CodeHeap 'profiled nmethods': size=120000Kb used=7054Kb max_used=7054Kb free=112945Kb
 bounds [0x0000016015c10000, 0x0000016016300000, 0x000001601d140000]
CodeHeap 'non-nmethods': size=5760Kb used=2213Kb max_used=2242Kb free=3546Kb
 bounds [0x0000016015670000, 0x00000160158e0000, 0x0000016015c10000]
 total_blobs=4242 nmethods=3481 adapters=671
 compilation: enabled
              stopped_count=0, restarted_count=0
 full_count=0

Compilation events (20 events):
Event: 2.710 Thread 0x000001602c800800 nmethod 3463 0x00000160162e3090 code [0x00000160162e3280, 0x00000160162e3688]
Event: 2.710 Thread 0x000001602c800800 3465       3       java.util.TimSort::binarySort (223 bytes)
Event: 2.711 Thread 0x000001602c800800 nmethod 3465 0x00000160162e3890 code [0x00000160162e3ac0, 0x00000160162e4578]
Event: 2.711 Thread 0x000001602c800800 3466       3       java.lang.reflect.Type::getTypeName (5 bytes)
Event: 2.711 Thread 0x000001602c800800 nmethod 3466 0x00000160162e4890 code [0x00000160162e4a40, 0x00000160162e4be8]
Event: 2.711 Thread 0x000001602c800800 3467       3       java.lang.reflect.Executable::isSynthetic (8 bytes)
Event: 2.711 Thread 0x000001602c800800 nmethod 3467 0x00000160162e4c90 code [0x00000160162e4e60, 0x00000160162e50c8]
Event: 2.711 Thread 0x000001602c800800 3469       3       java.beans.MethodDescriptor::<init> (48 bytes)
Event: 2.711 Thread 0x000001602c800800 nmethod 3469 0x00000160162e5190 code [0x00000160162e53a0, 0x00000160162e5a18]
Event: 2.711 Thread 0x000001602c800800 3468       3       java.lang.reflect.Modifier::isSynthetic (14 bytes)
Event: 2.711 Thread 0x000001602c800800 nmethod 3468 0x00000160162e5c10 code [0x00000160162e5dc0, 0x00000160162e5ef8]
Event: 2.711 Thread 0x000001602c800800 3470       1       sun.reflect.generics.tree.MethodTypeSignature::getExceptionTypes (5 bytes)
Event: 2.711 Thread 0x000001602c800800 nmethod 3470 0x000001601d30c810 code [0x000001601d30c9c0, 0x000001601d30ca78]
Event: 2.713 Thread 0x000001602c800800 3472       3       sun.reflect.generics.visitor.Reifier::reifyTypeArguments (38 bytes)
Event: 2.713 Thread 0x000001602c800800 nmethod 3472 0x00000160162e5f90 code [0x00000160162e6180, 0x00000160162e6668]
Event: 2.713 Thread 0x000001602c800800 3473       3       com.sun.beans.util.Cache$Kind$Soft::getReferent (5 bytes)
Event: 2.713 Thread 0x000001602c800800 nmethod 3473 0x00000160162e6810 code [0x00000160162e69c0, 0x00000160162e6c58]
Event: 2.713 Thread 0x000001602c800800 3474       3       java.beans.PropertyDescriptor::setClass0 (25 bytes)
Event: 2.713 Thread 0x000001602c800800 nmethod 3474 0x00000160162e6d10 code [0x00000160162e6f60, 0x00000160162e79f8]
Event: 2.715 Thread 0x000001602c800800 3475       1       sun.reflect.generics.reflectiveObjects.LazyReflectiveObjectGenerator::getFactory (5 bytes)

GC Heap History (10 events):
Event: 0.432 GC heap before
{Heap before GC invocations=0 (full 0):
 garbage-first heap   total 129024K, used 30720K [0x0000000080000000, 0x0000000100000000)
  region size 1024K, 24 young (24576K), 0 survivors (0K)
 Metaspace       used 10201K, capacity 10493K, committed 10624K, reserved 1058816K
  class space    used 1071K, capacity 1139K, committed 1152K, reserved 1048576K
}
Event: 0.436 GC heap after
{Heap after GC invocations=1 (full 0):
 garbage-first heap   total 129024K, used 9241K [0x0000000080000000, 0x0000000100000000)
  region size 1024K, 3 young (3072K), 3 survivors (3072K)
 Metaspace       used 10201K, capacity 10493K, committed 10624K, reserved 1058816K
  class space    used 1071K, capacity 1139K, committed 1152K, reserved 1048576K
}
Event: 1.254 GC heap before
{Heap before GC invocations=1 (full 0):
 garbage-first heap   total 129024K, used 82969K [0x0000000080000000, 0x0000000100000000)
  region size 1024K, 75 young (76800K), 3 survivors (3072K)
 Metaspace       used 17543K, capacity 17932K, committed 18176K, reserved 1064960K
  class space    used 2078K, capacity 2219K, committed 2304K, reserved 1048576K
}
Event: 1.259 GC heap after
{Heap after GC invocations=2 (full 0):
 garbage-first heap   total 129024K, used 15817K [0x0000000080000000, 0x0000000100000000)
  region size 1024K, 10 young (10240K), 10 survivors (10240K)
 Metaspace       used 17543K, capacity 17932K, committed 18176K, reserved 1064960K
  class space    used 2078K, capacity 2219K, committed 2304K, reserved 1048576K
}
Event: 1.436 GC heap before
{Heap before GC invocations=2 (full 0):
 garbage-first heap   total 129024K, used 42441K [0x0000000080000000, 0x0000000100000000)
  region size 1024K, 37 young (37888K), 10 survivors (10240K)
 Metaspace       used 20653K, capacity 21079K, committed 21248K, reserved 1067008K
  class space    used 2538K, capacity 2693K, committed 2816K, reserved 1048576K
}
Event: 1.441 GC heap after
{Heap after GC invocations=3 (full 0):
 garbage-first heap   total 129024K, used 17049K [0x0000000080000000, 0x0000000100000000)
  region size 1024K, 2 young (2048K), 2 survivors (2048K)
 Metaspace       used 20653K, capacity 21079K, committed 21248K, reserved 1067008K
  class space    used 2538K, capacity 2693K, committed 2816K, reserved 1048576K
}
Event: 1.856 GC heap before
{Heap before GC invocations=4 (full 0):
 garbage-first heap   total 129024K, used 76441K [0x0000000080000000, 0x0000000100000000)
  region size 1024K, 60 young (61440K), 2 survivors (2048K)
 Metaspace       used 26514K, capacity 27104K, committed 27264K, reserved 1073152K
  class space    used 3484K, capacity 3687K, committed 3712K, reserved 1048576K
}
Event: 1.859 GC heap after
{Heap after GC invocations=5 (full 0):
 garbage-first heap   total 129024K, used 18859K [0x0000000080000000, 0x0000000100000000)
  region size 1024K, 4 young (4096K), 4 survivors (4096K)
 Metaspace       used 26514K, capacity 27104K, committed 27264K, reserved 1073152K
  class space    used 3484K, capacity 3687K, committed 3712K, reserved 1048576K
}
Event: 2.340 GC heap before
{Heap before GC invocations=5 (full 0):
 garbage-first heap   total 129024K, used 71083K [0x0000000080000000, 0x0000000100000000)
  region size 1024K, 56 young (57344K), 4 survivors (4096K)
 Metaspace       used 35043K, capacity 35786K, committed 35840K, reserved 1081344K
  class space    used 4563K, capacity 4863K, committed 4864K, reserved 1048576K
}
Event: 2.346 GC heap after
{Heap after GC invocations=6 (full 0):
 garbage-first heap   total 129024K, used 22273K [0x0000000080000000, 0x0000000100000000)
  region size 1024K, 7 young (7168K), 7 survivors (7168K)
 Metaspace       used 35043K, capacity 35786K, committed 35840K, reserved 1081344K
  class space    used 4563K, capacity 4863K, committed 4864K, reserved 1048576K
}

Deoptimization events (20 events):
Event: 2.662 Thread 0x000001602f41a800 Uncommon trap: trap_request=0xffffffc6 fr.pc=0x000001601d2e2944 relative=0x0000000000000a04
Event: 2.662 Thread 0x000001602f41a800 Uncommon trap: reason=bimorphic_or_optimized_type_check action=maybe_recompile pc=0x000001601d2e2944 method=java.util.stream.ReferencePipeline.forEachWithCancel(Ljava/util/Spliterator;Ljava/util/stream/Sink;)Z @ 13 c2
Event: 2.662 Thread 0x000001602f41a800 DEOPT PACKING pc=0x000001601d2e2944 sp=0x0000003cc31f81c0
Event: 2.662 Thread 0x000001602f41a800 DEOPT UNPACKING pc=0x00000160156783af sp=0x0000003cc31f8188 mode 2
Event: 2.662 Thread 0x000001602f41a800 Uncommon trap: trap_request=0xffffffc6 fr.pc=0x000001601d2e2944 relative=0x0000000000000a04
Event: 2.662 Thread 0x000001602f41a800 Uncommon trap: reason=bimorphic_or_optimized_type_check action=maybe_recompile pc=0x000001601d2e2944 method=java.util.stream.ReferencePipeline.forEachWithCancel(Ljava/util/Spliterator;Ljava/util/stream/Sink;)Z @ 13 c2
Event: 2.662 Thread 0x000001602f41a800 DEOPT PACKING pc=0x000001601d2e2944 sp=0x0000003cc31f81c0
Event: 2.662 Thread 0x000001602f41a800 DEOPT UNPACKING pc=0x00000160156783af sp=0x0000003cc31f8188 mode 2
Event: 2.662 Thread 0x000001602f41a800 Uncommon trap: trap_request=0xffffffc6 fr.pc=0x000001601d2e2944 relative=0x0000000000000a04
Event: 2.662 Thread 0x000001602f41a800 Uncommon trap: reason=bimorphic_or_optimized_type_check action=maybe_recompile pc=0x000001601d2e2944 method=java.util.stream.ReferencePipeline.forEachWithCancel(Ljava/util/Spliterator;Ljava/util/stream/Sink;)Z @ 13 c2
Event: 2.662 Thread 0x000001602f41a800 DEOPT PACKING pc=0x000001601d2e2944 sp=0x0000003cc31f8070
Event: 2.662 Thread 0x000001602f41a800 DEOPT UNPACKING pc=0x00000160156783af sp=0x0000003cc31f8038 mode 2
Event: 2.668 Thread 0x000001602f41a800 Uncommon trap: trap_request=0xffffff6e fr.pc=0x000001601d29344c relative=0x000000000000078c
Event: 2.668 Thread 0x000001602f41a800 Uncommon trap: reason=speculate_class_check action=maybe_recompile pc=0x000001601d29344c method=java.lang.reflect.Executable.declaredAnnotations()Ljava/util/Map; @ 23 c2
Event: 2.668 Thread 0x000001602f41a800 DEOPT PACKING pc=0x000001601d29344c sp=0x0000003cc31f83c0
Event: 2.668 Thread 0x000001602f41a800 DEOPT UNPACKING pc=0x00000160156783af sp=0x0000003cc31f8300 mode 2
Event: 2.710 Thread 0x000001602f41a800 Uncommon trap: trap_request=0xffffff4d fr.pc=0x000001601d2a6cc4 relative=0x0000000000000964
Event: 2.710 Thread 0x000001602f41a800 Uncommon trap: reason=unstable_if action=reinterpret pc=0x000001601d2a6cc4 method=java.util.WeakHashMap.eq(Ljava/lang/Object;Ljava/lang/Object;)Z @ 2 c2
Event: 2.710 Thread 0x000001602f41a800 DEOPT PACKING pc=0x000001601d2a6cc4 sp=0x0000003cc31f3a10
Event: 2.710 Thread 0x000001602f41a800 DEOPT UNPACKING pc=0x00000160156783af sp=0x0000003cc31f3980 mode 2

Classes redefined (0 events):
No events

Internal exceptions (20 events):
Event: 2.647 Thread 0x000001602f41a800 Exception <a 'java/lang/ClassNotFoundException'{0x00000000857e34b8}: org/gradle/initialization/DefaultSettings_DecoratedCustomizer> (0x00000000857e34b8) thrown at [./src/hotspot/share/classfile/systemDictionary.cpp, line 231]
Event: 2.671 Thread 0x000001602f41a800 Exception <a 'java/lang/ClassNotFoundException'{0x00000000855c5630}: org/gradle/internal/metaobject/ConfigureDelegateBeanInfo> (0x00000000855c5630) thrown at [./src/hotspot/share/classfile/systemDictionary.cpp, line 231]
Event: 2.672 Thread 0x000001602f41a800 Exception <a 'java/lang/ClassNotFoundException'{0x00000000855eb280}: org/gradle/internal/metaobject/ConfigureDelegateCustomizer> (0x00000000855eb280) thrown at [./src/hotspot/share/classfile/systemDictionary.cpp, line 231]
Event: 2.677 Thread 0x000001602f41a800 Exception <a 'java/lang/ClassNotFoundException'{0x00000000854783c0}: org/gradle/plugin/management/internal/DefaultPluginManagementSpec_DecoratedBeanInfo> (0x00000000854783c0) thrown at [./src/hotspot/share/classfile/systemDictionary.cpp, line 231]
Event: 2.677 Thread 0x000001602f41a800 Exception <a 'java/lang/ClassNotFoundException'{0x00000000854af8c0}: org/gradle/plugin/management/internal/DefaultPluginManagementSpecBeanInfo> (0x00000000854af8c0) thrown at [./src/hotspot/share/classfile/systemDictionary.cpp, line 231]
Event: 2.678 Thread 0x000001602f41a800 Exception <a 'java/lang/ClassNotFoundException'{0x00000000854e8cc8}: org/gradle/plugin/management/internal/DefaultPluginManagementSpecCustomizer> (0x00000000854e8cc8) thrown at [./src/hotspot/share/classfile/systemDictionary.cpp, line 231]
Event: 2.679 Thread 0x000001602f41a800 Exception <a 'java/lang/ClassNotFoundException'{0x0000000085335740}: org/gradle/plugin/management/internal/DefaultPluginManagementSpec_DecoratedCustomizer> (0x0000000085335740) thrown at [./src/hotspot/share/classfile/systemDictionary.cpp, line 231]
Event: 2.696 Thread 0x000001602f41a800 Exception <a 'java/lang/ClassNotFoundException'{0x0000000084fcd270}: org/gradle/api/internal/artifacts/dsl/DefaultRepositoryHandler_DecoratedBeanInfo> (0x0000000084fcd270) thrown at [./src/hotspot/share/classfile/systemDictionary.cpp, line 231]
Event: 2.697 Thread 0x000001602f41a800 Exception <a 'java/lang/ClassNotFoundException'{0x0000000084e06fd0}: org/gradle/api/internal/artifacts/dsl/DefaultRepositoryHandlerBeanInfo> (0x0000000084e06fd0) thrown at [./src/hotspot/share/classfile/systemDictionary.cpp, line 231]
Event: 2.698 Thread 0x000001602f41a800 Exception <a 'java/lang/ClassNotFoundException'{0x0000000084e43bc8}: org/gradle/api/internal/artifacts/DefaultArtifactRepositoryContainerBeanInfo> (0x0000000084e43bc8) thrown at [./src/hotspot/share/classfile/systemDictionary.cpp, line 231]
Event: 2.699 Thread 0x000001602f41a800 Exception <a 'java/lang/ClassNotFoundException'{0x0000000084e6edc8}: org/gradle/api/internal/DefaultNamedDomainObjectListBeanInfo> (0x0000000084e6edc8) thrown at [./src/hotspot/share/classfile/systemDictionary.cpp, line 231]
Event: 2.700 Thread 0x000001602f41a800 Exception <a 'java/lang/ClassNotFoundException'{0x0000000084e9b4e0}: org/gradle/api/internal/DefaultNamedDomainObjectCollectionBeanInfo> (0x0000000084e9b4e0) thrown at [./src/hotspot/share/classfile/systemDictionary.cpp, line 231]
Event: 2.701 Thread 0x000001602f41a800 Exception <a 'java/lang/ClassNotFoundException'{0x0000000084ec6ab8}: org/gradle/api/internal/DefaultDomainObjectCollectionBeanInfo> (0x0000000084ec6ab8) thrown at [./src/hotspot/share/classfile/systemDictionary.cpp, line 231]
Event: 2.701 Thread 0x000001602f41a800 Exception <a 'java/lang/ClassNotFoundException'{0x0000000084ecd160}: java/util/AbstractCollectionBeanInfo> (0x0000000084ecd160) thrown at [./src/hotspot/share/classfile/systemDictionary.cpp, line 231]
Event: 2.701 Thread 0x000001602f41a800 Exception <a 'java/lang/ClassNotFoundException'{0x0000000084ed37b0}: java/util/AbstractCollectionCustomizer> (0x0000000084ed37b0) thrown at [./src/hotspot/share/classfile/systemDictionary.cpp, line 231]
Event: 2.703 Thread 0x000001602f41a800 Exception <a 'java/lang/ClassNotFoundException'{0x0000000084d084e8}: org/gradle/api/internal/DefaultDomainObjectCollectionCustomizer> (0x0000000084d084e8) thrown at [./src/hotspot/share/classfile/systemDictionary.cpp, line 231]
Event: 2.706 Thread 0x000001602f41a800 Exception <a 'java/lang/ClassNotFoundException'{0x0000000084d52238}: org/gradle/api/internal/DefaultNamedDomainObjectCollectionCustomizer> (0x0000000084d52238) thrown at [./src/hotspot/share/classfile/systemDictionary.cpp, line 231]
Event: 2.710 Thread 0x000001602f41a800 Exception <a 'java/lang/ClassNotFoundException'{0x0000000084dcc1a8}: org/gradle/api/internal/DefaultNamedDomainObjectListCustomizer> (0x0000000084dcc1a8) thrown at [./src/hotspot/share/classfile/systemDictionary.cpp, line 231]
Event: 2.712 Thread 0x000001602f41a800 Exception <a 'java/lang/ClassNotFoundException'{0x0000000084c223c8}: org/gradle/api/internal/artifacts/DefaultArtifactRepositoryContainerCustomizer> (0x0000000084c223c8) thrown at [./src/hotspot/share/classfile/systemDictionary.cpp, line 231]
Event: 2.714 Thread 0x000001602f41a800 Exception <a 'java/lang/ClassNotFoundException'{0x0000000084c6ccb0}: org/gradle/api/internal/artifacts/dsl/DefaultRepositoryHandlerCustomizer> (0x0000000084c6ccb0) thrown at [./src/hotspot/share/classfile/systemDictionary.cpp, line 231]

Events (20 events):
Event: 2.710 loading class org/gradle/api/internal/DefaultNamedDomainObjectListCustomizer
Event: 2.710 loading class org/gradle/api/internal/DefaultNamedDomainObjectListCustomizer done
Event: 2.711 loading class org/gradle/api/internal/artifacts/DefaultArtifactRepositoryContainerCustomizer
Event: 2.711 loading class org/gradle/api/internal/artifacts/DefaultArtifactRepositoryContainerCustomizer done
Event: 2.712 loading class org/gradle/api/internal/artifacts/DefaultArtifactRepositoryContainerCustomizer
Event: 2.712 loading class org/gradle/api/internal/artifacts/DefaultArtifactRepositoryContainerCustomizer done
Event: 2.712 loading class org/gradle/api/internal/artifacts/DefaultArtifactRepositoryContainerCustomizer
Event: 2.712 loading class org/gradle/api/internal/artifacts/DefaultArtifactRepositoryContainerCustomizer done
Event: 2.712 loading class org/gradle/api/internal/artifacts/DefaultArtifactRepositoryContainerCustomizer
Event: 2.712 loading class org/gradle/api/internal/artifacts/DefaultArtifactRepositoryContainerCustomizer done
Event: 2.713 loading class org/gradle/api/internal/artifacts/dsl/DefaultRepositoryHandlerCustomizer
Event: 2.713 loading class org/gradle/api/internal/artifacts/dsl/DefaultRepositoryHandlerCustomizer done
Event: 2.713 loading class org/gradle/api/internal/artifacts/dsl/DefaultRepositoryHandlerCustomizer
Event: 2.713 loading class org/gradle/api/internal/artifacts/dsl/DefaultRepositoryHandlerCustomizer done
Event: 2.713 loading class org/gradle/api/internal/artifacts/dsl/DefaultRepositoryHandlerCustomizer
Event: 2.713 loading class org/gradle/api/internal/artifacts/dsl/DefaultRepositoryHandlerCustomizer done
Event: 2.714 loading class org/gradle/api/internal/artifacts/dsl/DefaultRepositoryHandlerCustomizer
Event: 2.714 loading class org/gradle/api/internal/artifacts/dsl/DefaultRepositoryHandlerCustomizer done
Event: 2.714 loading class org/gradle/api/artifacts/repositories/ExclusiveContentRepository
Event: 2.714 loading class org/gradle/api/artifacts/repositories/ExclusiveContentRepository done


Dynamic libraries:
0x00007ff7c4040000 - 0x00007ff7c404a000 	D:\Program Files\Android\jre\bin\java.exe
0x00007ffd65b20000 - 0x00007ffd65d10000 	C:\Windows\SYSTEM32\ntdll.dll
0x00007ffd65a60000 - 0x00007ffd65b12000 	C:\Windows\System32\KERNEL32.DLL
0x00007ffd62c90000 - 0x00007ffd62f33000 	C:\Windows\System32\KERNELBASE.dll
0x00007ffd63ab0000 - 0x00007ffd63baa000 	C:\Windows\System32\ucrtbase.dll
0x00007ffd502a0000 - 0x00007ffd502b9000 	D:\Program Files\Android\jre\bin\jli.dll
0x00007ffd50280000 - 0x00007ffd50297000 	D:\Program Files\Android\jre\bin\VCRUNTIME140.dll
0x00007ffd658c0000 - 0x00007ffd65a54000 	C:\Windows\System32\USER32.dll
0x00007ffd63a80000 - 0x00007ffd63aa1000 	C:\Windows\System32\win32u.dll
0x00007ffd516f0000 - 0x00007ffd51975000 	C:\Windows\WinSxS\amd64_microsoft.windows.common-controls_6595b64144ccf1df_6.0.18362.535_none_e6c3b34713100821\COMCTL32.dll
0x00007ffd65690000 - 0x00007ffd656b6000 	C:\Windows\System32\GDI32.dll
0x00007ffd64830000 - 0x00007ffd648ce000 	C:\Windows\System32\msvcrt.dll
0x00007ffd62af0000 - 0x00007ffd62c84000 	C:\Windows\System32\gdi32full.dll
0x00007ffd63710000 - 0x00007ffd637ae000 	C:\Windows\System32\msvcp_win.dll
0x00007ffd644f0000 - 0x00007ffd64826000 	C:\Windows\System32\combase.dll
0x00007ffd651c0000 - 0x00007ffd652e0000 	C:\Windows\System32\RPCRT4.dll
0x00007ffd639b0000 - 0x00007ffd63a30000 	C:\Windows\System32\bcryptPrimitives.dll
0x00007ffd64370000 - 0x00007ffd6439e000 	C:\Windows\System32\IMM32.DLL
0x00007ffd3a450000 - 0x00007ffd3a4ed000 	D:\Program Files\Android\jre\bin\msvcp140.dll
0x00007ffd25640000 - 0x00007ffd26115000 	D:\Program Files\Android\jre\bin\server\jvm.dll
0x00007ffd642b0000 - 0x00007ffd64353000 	C:\Windows\System32\ADVAPI32.dll
0x00007ffd656c0000 - 0x00007ffd65757000 	C:\Windows\System32\sechost.dll
0x00007ffd65570000 - 0x00007ffd65578000 	C:\Windows\System32\PSAPI.DLL
0x00007ffd5f170000 - 0x00007ffd5f179000 	C:\Windows\SYSTEM32\WSOCK32.dll
0x00007ffd65150000 - 0x00007ffd651bf000 	C:\Windows\System32\WS2_32.dll
0x00007ffd601c0000 - 0x00007ffd601e4000 	C:\Windows\SYSTEM32\WINMM.dll
0x00007ffd5c500000 - 0x00007ffd5c50a000 	C:\Windows\SYSTEM32\VERSION.dll
0x00007ffd60180000 - 0x00007ffd601ad000 	C:\Windows\SYSTEM32\WINMMBASE.dll
0x00007ffd63a30000 - 0x00007ffd63a7a000 	C:\Windows\System32\cfgmgr32.dll
0x00007ffd62a40000 - 0x00007ffd62a51000 	C:\Windows\System32\kernel.appcore.dll
0x00007ffd5dc40000 - 0x00007ffd5dc51000 	D:\Program Files\Android\jre\bin\verify.dll
0x00007ffd61350000 - 0x00007ffd61544000 	C:\Windows\SYSTEM32\DBGHELP.DLL
0x00007ffd4dcf0000 - 0x00007ffd4dd1a000 	C:\Windows\SYSTEM32\dbgcore.DLL
0x00007ffd5d670000 - 0x00007ffd5d699000 	D:\Program Files\Android\jre\bin\java.dll
0x00007ffd5dc30000 - 0x00007ffd5dc3b000 	D:\Program Files\Android\jre\bin\jimage.dll
0x00007ffd5d650000 - 0x00007ffd5d668000 	D:\Program Files\Android\jre\bin\zip.dll
0x00007ffd649a0000 - 0x00007ffd65085000 	C:\Windows\System32\SHELL32.dll
0x00007ffd65580000 - 0x00007ffd65629000 	C:\Windows\System32\shcore.dll
0x00007ffd62f60000 - 0x00007ffd636df000 	C:\Windows\System32\windows.storage.dll
0x00007ffd62ad0000 - 0x00007ffd62aef000 	C:\Windows\System32\profapi.dll
0x00007ffd62a60000 - 0x00007ffd62aaa000 	C:\Windows\System32\powrprof.dll
0x00007ffd62a30000 - 0x00007ffd62a40000 	C:\Windows\System32\UMPDC.dll
0x00007ffd65510000 - 0x00007ffd65562000 	C:\Windows\System32\shlwapi.dll
0x00007ffd62f40000 - 0x00007ffd62f57000 	C:\Windows\System32\cryptsp.dll
0x00007ffd5d550000 - 0x00007ffd5d56a000 	D:\Program Files\Android\jre\bin\net.dll
0x00007ffd52e30000 - 0x00007ffd52f20000 	C:\Windows\SYSTEM32\WINHTTP.dll
0x00007ffd622a0000 - 0x00007ffd62307000 	C:\Windows\system32\mswsock.dll
0x00007ffd5d4d0000 - 0x00007ffd5d4e4000 	D:\Program Files\Android\jre\bin\nio.dll
0x00007ffd502c0000 - 0x00007ffd502e7000 	D:\ProgramsfilesD\Android\Sdk\native\e1d6ef7f7dcc3fd88c89a11ec53ec762bb8ba0a96d01ffa2cd45eb1d1d8dd5c5\windows-amd64\native-platform.dll
0x00007ffd35b30000 - 0x00007ffd35c74000 	D:\ProgramsfilesD\Android\Sdk\native\5664cfc778a61ccfe75a443a1ab52a65af34e5dc3c78e0209fed803814484fcb\windows-amd64\native-platform-file-events.dll
0x00007ffd5dc20000 - 0x00007ffd5dc2a000 	D:\Program Files\Android\jre\bin\management.dll
0x00007ffd5d9e0000 - 0x00007ffd5d9ed000 	D:\Program Files\Android\jre\bin\management_ext.dll
0x00007ffd61e10000 - 0x00007ffd61e43000 	C:\Windows\system32\rsaenh.dll
0x00007ffd636e0000 - 0x00007ffd63706000 	C:\Windows\System32\bcrypt.dll
0x00007ffd62920000 - 0x00007ffd62945000 	C:\Windows\SYSTEM32\USERENV.dll
0x00007ffd62470000 - 0x00007ffd6247c000 	C:\Windows\SYSTEM32\CRYPTBASE.dll
0x00007ffd61fb0000 - 0x00007ffd61fea000 	C:\Windows\SYSTEM32\IPHLPAPI.DLL
0x00007ffd65090000 - 0x00007ffd65098000 	C:\Windows\System32\NSI.dll
0x00007ffd58860000 - 0x00007ffd58876000 	C:\Windows\SYSTEM32\dhcpcsvc6.DLL
0x00007ffd5a370000 - 0x00007ffd5a38c000 	C:\Windows\SYSTEM32\dhcpcsvc.DLL
0x00007ffd61ff0000 - 0x00007ffd620ba000 	C:\Windows\SYSTEM32\DNSAPI.dll

dbghelp: loaded successfully - version: 4.0.5 - missing functions: none
symbol engine: initialized successfully - sym options: 0x614 - pdb path: .;D:\Program Files\Android\jre\bin;C:\Windows\SYSTEM32;C:\Windows\WinSxS\amd64_microsoft.windows.common-controls_6595b64144ccf1df_6.0.18362.535_none_e6c3b34713100821;D:\Program Files\Android\jre\bin\server;D:\ProgramsfilesD\Android\Sdk\native\e1d6ef7f7dcc3fd88c89a11ec53ec762bb8ba0a96d01ffa2cd45eb1d1d8dd5c5\windows-amd64;D:\ProgramsfilesD\Android\Sdk\native\5664cfc778a61ccfe75a443a1ab52a65af34e5dc3c78e0209fed803814484fcb\windows-amd64

VM Arguments:
jvm_args: --add-opens=java.base/java.util=ALL-UNNAMED --add-opens=java.base/java.lang=ALL-UNNAMED --add-opens=java.base/java.lang.invoke=ALL-UNNAMED --add-opens=java.base/java.util=ALL-UNNAMED --add-opens=java.prefs/java.util.prefs=ALL-UNNAMED --add-opens=java.prefs/java.util.prefs=ALL-UNNAMED --add-opens=java.base/java.nio.charset=ALL-UNNAMED --add-opens=java.base/java.net=ALL-UNNAMED --add-opens=java.base/java.util.concurrent.atomic=ALL-UNNAMED -Xmx2048m -Dfile.encoding=UTF-8 -Duser.country=RU -Duser.language=ru -Duser.variant 
java_command: org.gradle.launcher.daemon.bootstrap.GradleDaemon 7.2
java_class_path (initial): D:\ProgramsfilesD\Android\Sdk\wrapper\dists\gradle-7.2-bin\2dnblmf4td7x66yl1d74lt32g\gradle-7.2\lib\gradle-launcher-7.2.jar
Launcher Type: SUN_STANDARD

[Global flags]
     intx CICompilerCount                          = 4                                         {product} {ergonomic}
     uint ConcGCThreads                            = 2                                         {product} {ergonomic}
     uint G1ConcRefinementThreads                  = 8                                         {product} {ergonomic}
   size_t G1HeapRegionSize                         = 1048576                                   {product} {ergonomic}
    uintx GCDrainStackTargetSize                   = 64                                        {product} {ergonomic}
   size_t InitialHeapSize                          = 132120576                                 {product} {ergonomic}
   size_t MarkStackSize                            = 4194304                                   {product} {ergonomic}
   size_t MaxHeapSize                              = 2147483648                                {product} {command line}
   size_t MaxNewSize                               = 1287651328                                {product} {ergonomic}
   size_t MinHeapDeltaBytes                        = 1048576                                   {product} {ergonomic}
    uintx NonNMethodCodeHeapSize                   = 5836300                                {pd product} {ergonomic}
    uintx NonProfiledCodeHeapSize                  = 122910970                              {pd product} {ergonomic}
    uintx ProfiledCodeHeapSize                     = 122910970                              {pd product} {ergonomic}
    uintx ReservedCodeCacheSize                    = 251658240                              {pd product} {ergonomic}
     bool SegmentedCodeCache                       = true                                      {product} {ergonomic}
     bool UseCompressedClassPointers               = true                                 {lp64_product} {ergonomic}
     bool UseCompressedOops                        = true                                 {lp64_product} {ergonomic}
     bool UseG1GC                                  = true                                      {product} {ergonomic}
     bool UseLargePagesIndividualAllocation        = false                                  {pd product} {ergonomic}

Logging:
Log output configuration:
 #0: stdout all=warning uptime,level,tags
 #1: stderr all=off uptime,level,tags

Environment Variables:
JAVA_HOME=D:\Program Files\Java
PATH=C:\PROGRA~2\Borland\CBUILD~1\Bin;C:\PROGRA~2\Borland\CBUILD~1\Projects\Bpl;C:\Program Files\Common Files\Oracle\Java\javapath;C:\Windows\system32;C:\Windows;C:\Windows\System32\Wbem;C:\Windows\System32\WindowsPowerShell\v1.0\;C:\Program Files (x86)\NVIDIA Corporation\PhysX\Common;C:\Program Files\NVIDIA Corporation\NVIDIA NvDLISR;C:\Program Files\Microsoft\Web Platform Installer\;C:\Program Files (x86)\Microsoft ASP.NET\ASP.NET Web Pages\v1.0\;C:\Program Files\Microsoft SQL Server\110\Tools\Binn\;C:\Program Files\Git\cmd;C:\Users\asus\AppData\Local\Programs\Python\Python310\Scripts\;C:\Users\asus\AppData\Local\Programs\Python\Python310\;C:\Users\asus\AppData\Local\Microsoft\WindowsApps;;D:\Program Files\JetBrains\IntelliJ IDEA Community Edition 2020.3\bin;
USERNAME=asus
OS=Windows_NT
PROCESSOR_IDENTIFIER=Intel64 Family 6 Model 126 Stepping 5, GenuineIntel



---------------  S Y S T E M  ---------------

OS: Windows 10 , 64 bit Build 18362 (10.0.18362.329)
OS uptime: 0 days 1:14 hours

CPU:total 8 (initial active 8) (4 cores per cpu, 2 threads per core) family 6 model 126 stepping 5 microcode 0x96, cmov, cx8, fxsr, mmx, sse, sse2, sse3, ssse3, sse4.1, sse4.2, popcnt, avx, avx2, aes, clmul, erms, 3dnowpref, lzcnt, ht, tsc, tscinvbit, bmi1, bmi2, adx, evex, sha, fma

Memory: 4k page, system-wide physical 7997M (782M free)
TotalPageFile size 7997M (AvailPageFile size 5M)
current process WorkingSet (physical memory assigned to process): 253M, peak: 254M
current process commit charge ("private bytes"): 313M, peak: 314M

vm_info: OpenJDK 64-Bit Server VM (11.0.11+9-b60-7590822) for windows-amd64 JRE (11.0.11+9-b60-7590822), built on Jul 29 2021 21:43:44 by "builder" with MS VC++ 14.0 (VS2015)

END.
