#
# There is insufficient memory for the Java Runtime Environment to continue.
# Native memory allocation (malloc) failed to allocate 1624176 bytes for Chunk::new
# Possible reasons:
#   The system is out of physical RAM or swap space
#   The process is running with CompressedOops enabled, and the Java Heap may be blocking the growth of the native heap
# Possible solutions:
#   Reduce memory load on the system
#   Increase physical memory or swap space
#   Check if swap backing store is full
#   Decrease Java heap size (-Xmx/-Xms)
#   Decrease number of Java threads
#   Decrease Java thread stack sizes (-Xss)
#   Set larger code cache with -XX:ReservedCodeCacheSize=
#   JVM is running with Unscaled Compressed Oops mode in which the Java heap is
#     placed in the first 4GB address space. The Java Heap base address is the
#     maximum limit for the native heap growth. Please use -XX:HeapBaseMinAddress
#     to set the Java Heap base and to place the Java Heap above 4GB virtual address.
# This output file may be truncated or incomplete.
#
#  Out of Memory Error (./src/hotspot/share/memory/arena.cpp:197), pid=10436, tid=2916
#
# JRE version: OpenJDK Runtime Environment (11.0.11+9) (build 11.0.11+9-b60-7590822)
# Java VM: OpenJDK 64-Bit Server VM (11.0.11+9-b60-7590822, mixed mode, tiered, compressed oops, g1 gc, windows-amd64)
# No core dump will be written. Minidumps are not enabled by default on client versions of Windows
#

---------------  S U M M A R Y ------------

Command Line: --add-opens=java.base/java.util=ALL-UNNAMED --add-opens=java.base/java.lang=ALL-UNNAMED --add-opens=java.base/java.lang.invoke=ALL-UNNAMED --add-opens=java.base/java.util=ALL-UNNAMED --add-opens=java.prefs/java.util.prefs=ALL-UNNAMED --add-opens=java.prefs/java.util.prefs=ALL-UNNAMED --add-opens=java.base/java.nio.charset=ALL-UNNAMED --add-opens=java.base/java.net=ALL-UNNAMED --add-opens=java.base/java.util.concurrent.atomic=ALL-UNNAMED -Xmx2048m -Dfile.encoding=UTF-8 -Duser.country=RU -Duser.language=ru -Duser.variant org.gradle.launcher.daemon.bootstrap.GradleDaemon 7.2

Host: Intel(R) Core(TM) i7-1065G7 CPU @ 1.30GHz, 8 cores, 7G,  Windows 10 , 64 bit Build 18362 (10.0.18362.329)
Time: Fri May 20 17:52:14 2022 Caiaaiay Acey (ceia) elapsed time: 10.917747 seconds (0d 0h 0m 10s)

---------------  T H R E A D  ---------------

Current thread (0x000001e42d900000):  JavaThread "C2 CompilerThread1" daemon [_thread_in_native, id=2916, stack(0x0000005799d00000,0x0000005799e00000)]


Current CompileTask:
C2:  10917 7715       4       java.lang.Class::annotationData (44 bytes)

Stack: [0x0000005799d00000,0x0000005799e00000]
Native frames: (J=compiled Java code, j=interpreted, Vv=VM code, C=native code)
V  [jvm.dll+0x5f214a]
V  [jvm.dll+0x726fb5]
V  [jvm.dll+0x7285cd]
V  [jvm.dll+0x728c83]
V  [jvm.dll+0x243278]
V  [jvm.dll+0xbc53c]
V  [jvm.dll+0xbca3c]
V  [jvm.dll+0x353e3b]
V  [jvm.dll+0x19875c]
V  [jvm.dll+0x1fc2ee]
V  [jvm.dll+0x1fb3d4]
V  [jvm.dll+0x183d6c]
V  [jvm.dll+0x209a57]
V  [jvm.dll+0x2082a1]
V  [jvm.dll+0x6ef58f]
V  [jvm.dll+0x6e80b5]
V  [jvm.dll+0x5f1036]
C  [ucrtbase.dll+0x20e72]
C  [KERNEL32.DLL+0x17bd4]
C  [ntdll.dll+0x6ced1]


---------------  P R O C E S S  ---------------

Threads class SMR info:
_java_thread_list=0x000001e434a2fef0, length=124, elements={
0x000001e4128cc000, 0x000001e42cd46800, 0x000001e42cd48000, 0x000001e42d6bb800,
0x000001e42d6c0800, 0x000001e42d6c2000, 0x000001e42d6c3000, 0x000001e42cd5d800,
0x000001e42cd67800, 0x000001e42d826800, 0x000001e42d900000, 0x000001e42d907800,
0x000001e42f6c9800, 0x000001e42e9e9800, 0x000001e42eca6800, 0x000001e42fc09800,
0x000001e42fe66800, 0x000001e43036d000, 0x000001e4300fa800, 0x000001e42ff69000,
0x000001e42fe25000, 0x000001e42fe26800, 0x000001e42fe22800, 0x000001e42fe21800,
0x000001e42fe23000, 0x000001e42fe24000, 0x000001e42fe25800, 0x000001e42fe21000,
0x000001e42fe27800, 0x000001e42ffe5000, 0x000001e42ffe6800, 0x000001e42ffe9000,
0x000001e42ffe7800, 0x000001e42ffe4800, 0x000001e42ffed800, 0x000001e42ffee000,
0x000001e42ffe8800, 0x000001e42ffef000, 0x000001e42ffeb800, 0x000001e42ffef800,
0x000001e42ffea000, 0x000001e42fff0800, 0x000001e42ffeb000, 0x000001e42fff1800,
0x000001e42fff2000, 0x000001e42ffec800, 0x000001e42ea63800, 0x000001e42ea64800,
0x000001e42ea65000, 0x000001e42ea61000, 0x000001e42ea5f800, 0x000001e42ea60800,
0x000001e42ea67000, 0x000001e42ea66000, 0x000001e42ea62800, 0x000001e42ea67800,
0x000001e42ea62000, 0x000001e42ea69000, 0x000001e42ea6b000, 0x000001e42ea6b800,
0x000001e42ea6a000, 0x000001e42ea6c800, 0x000001e42ea6d800, 0x000001e42ea6e000,
0x000001e42ea68800, 0x000001e432db8800, 0x000001e432db7800, 0x000001e432db4000,
0x000001e432db6800, 0x000001e432db9000, 0x000001e432dba000, 0x000001e432dbb000,
0x000001e432db5000, 0x000001e432db6000, 0x000001e432dbd000, 0x000001e432dbb800,
0x000001e432dbe000, 0x000001e432dc2000, 0x000001e432dc1800, 0x000001e432dbf800,
0x000001e432dbf000, 0x000001e432dc0800, 0x000001e432dbc800, 0x000001e432dc3000,
0x000001e432ab6800, 0x000001e432aba000, 0x000001e432ab8000, 0x000001e432ab9000,
0x000001e432aba800, 0x000001e432ab5000, 0x000001e432ab7800, 0x000001e432abb800,
0x000001e432ab6000, 0x000001e432ac0800, 0x000001e432ac1000, 0x000001e432abf800,
0x000001e432abf000, 0x000001e432ac2000, 0x000001e432abc800, 0x000001e432abd000,
0x000001e432ac3000, 0x000001e432ac3800, 0x000001e432abe000, 0x000001e433233000,
0x000001e433234800, 0x000001e433231800, 0x000001e433234000, 0x000001e433235800,
0x000001e433236000, 0x000001e433237000, 0x000001e433238000, 0x000001e433232000,
0x000001e434797000, 0x000001e434793800, 0x000001e434796000, 0x000001e434798000,
0x000001e434798800, 0x000001e434799800, 0x000001e43479a000, 0x000001e434795800,
0x000001e434794800, 0x000001e43479b000, 0x000001e43479f000, 0x000001e43479d800
}

Java Threads: ( => current thread )
  0x000001e4128cc000 JavaThread "main" [_thread_blocked, id=6668, stack(0x0000005798c00000,0x0000005798d00000)]
  0x000001e42cd46800 JavaThread "Reference Handler" daemon [_thread_blocked, id=4256, stack(0x0000005799300000,0x0000005799400000)]
  0x000001e42cd48000 JavaThread "Finalizer" daemon [_thread_blocked, id=5640, stack(0x0000005799400000,0x0000005799500000)]
  0x000001e42d6bb800 JavaThread "Signal Dispatcher" daemon [_thread_blocked, id=11504, stack(0x0000005799500000,0x0000005799600000)]
  0x000001e42d6c0800 JavaThread "Attach Listener" daemon [_thread_blocked, id=3472, stack(0x0000005799600000,0x0000005799700000)]
  0x000001e42d6c2000 JavaThread "Service Thread" daemon [_thread_blocked, id=10204, stack(0x0000005799700000,0x0000005799800000)]
  0x000001e42d6c3000 JavaThread "C2 CompilerThread0" daemon [_thread_in_native, id=11620, stack(0x0000005799800000,0x0000005799900000)]
  0x000001e42cd5d800 JavaThread "C1 CompilerThread0" daemon [_thread_blocked, id=8864, stack(0x0000005799900000,0x0000005799a00000)]
  0x000001e42cd67800 JavaThread "Sweeper thread" daemon [_thread_blocked, id=11932, stack(0x0000005799a00000,0x0000005799b00000)]
  0x000001e42d826800 JavaThread "Common-Cleaner" daemon [_thread_blocked, id=9948, stack(0x0000005799b00000,0x0000005799c00000)]
=>0x000001e42d900000 JavaThread "C2 CompilerThread1" daemon [_thread_in_native, id=2916, stack(0x0000005799d00000,0x0000005799e00000)]
  0x000001e42d907800 JavaThread "C2 CompilerThread2" daemon [_thread_in_native, id=752, stack(0x0000005799e00000,0x0000005799f00000)]
  0x000001e42f6c9800 JavaThread "Daemon health stats" [_thread_blocked, id=4216, stack(0x000000579a100000,0x000000579a200000)]
  0x000001e42e9e9800 JavaThread "Incoming local TCP Connector on port 61825" [_thread_in_native, id=10964, stack(0x000000579a200000,0x000000579a300000)]
  0x000001e42eca6800 JavaThread "Daemon periodic checks" [_thread_blocked, id=144, stack(0x000000579a300000,0x000000579a400000)]
  0x000001e42fc09800 JavaThread "Daemon" [_thread_blocked, id=4732, stack(0x000000579a400000,0x000000579a500000)]
  0x000001e42fe66800 JavaThread "Handler for socket connection from /127.0.0.1:61825 to /127.0.0.1:61830" [_thread_in_native, id=260, stack(0x000000579a500000,0x000000579a600000)]
  0x000001e43036d000 JavaThread "Cancel handler" [_thread_blocked, id=3964, stack(0x000000579a600000,0x000000579a700000)]
  0x000001e4300fa800 JavaThread "Daemon worker" [_thread_in_native, id=1992, stack(0x000000579a700000,0x000000579a800000)]
  0x000001e42ff69000 JavaThread "Asynchronous log dispatcher for DefaultDaemonConnection: socket connection from /127.0.0.1:61825 to /127.0.0.1:61830" [_thread_blocked, id=12016, stack(0x000000579a800000,0x000000579a900000)]
  0x000001e42fe25000 JavaThread "Stdin handler" [_thread_blocked, id=5308, stack(0x000000579a900000,0x000000579aa00000)]
  0x000001e42fe26800 JavaThread "Daemon client event forwarder" [_thread_blocked, id=6892, stack(0x000000579aa00000,0x000000579ab00000)]
  0x000001e42fe22800 JavaThread "Cache worker for journal cache (D:\ProgramsfilesD\Android\Sdk\caches\journal-1)" [_thread_blocked, id=12024, stack(0x000000579b000000,0x000000579b100000)]
  0x000001e42fe21800 JavaThread "File lock request listener" [_thread_in_native, id=9244, stack(0x000000579b100000,0x000000579b200000)]
  0x000001e42fe23000 JavaThread "Cache worker for file hash cache (D:\ProgramsfilesD\Android\Sdk\caches\7.2\fileHashes)" [_thread_blocked, id=11220, stack(0x000000579b200000,0x000000579b300000)]
  0x000001e42fe24000 JavaThread "Cache worker for file hash cache (D:\NotesApp\.gradle\7.2\fileHashes)" [_thread_blocked, id=12032, stack(0x000000579b400000,0x000000579b500000)]
  0x000001e42fe25800 JavaThread "File watcher server" daemon [_thread_in_native, id=1360, stack(0x000000579b500000,0x000000579b600000)]
  0x000001e42fe21000 JavaThread "File watcher consumer" daemon [_thread_blocked, id=2096, stack(0x000000579b600000,0x000000579b700000)]
  0x000001e42fe27800 JavaThread "Cache worker for checksums cache (D:\NotesApp\.gradle\checksums)" [_thread_blocked, id=11048, stack(0x000000579b700000,0x000000579b800000)]
  0x000001e42ffe5000 JavaThread "Cache worker for cache directory md-supplier (D:\ProgramsfilesD\Android\Sdk\caches\7.2\md-supplier)" [_thread_blocked, id=9408, stack(0x000000579b800000,0x000000579b900000)]
  0x000001e42ffe6800 JavaThread "Cache worker for cache directory md-rule (D:\ProgramsfilesD\Android\Sdk\caches\7.2\md-rule)" [_thread_blocked, id=12284, stack(0x000000579b900000,0x000000579ba00000)]
  0x000001e42ffe9000 JavaThread "Cache worker for execution history cache (D:\ProgramsfilesD\Android\Sdk\caches\7.2\executionHistory)" [_thread_blocked, id=1836, stack(0x000000579ba00000,0x000000579bb00000)]
  0x000001e42ffe7800 JavaThread "jar transforms" [_thread_blocked, id=2624, stack(0x000000579bb00000,0x000000579bc00000)]
  0x000001e42ffe4800 JavaThread "Cache worker for file content cache (D:\ProgramsfilesD\Android\Sdk\caches\7.2\fileContent)" [_thread_blocked, id=1336, stack(0x000000579bc00000,0x000000579bd00000)]
  0x000001e42ffed800 JavaThread "jar transforms Thread 2" [_thread_blocked, id=9616, stack(0x000000579bd00000,0x000000579be00000)]
  0x000001e42ffee000 JavaThread "Cache worker for dependencies-accessors (D:\NotesApp\.gradle\7.2\dependencies-accessors)" [_thread_blocked, id=632, stack(0x000000579be00000,0x000000579bf00000)]
  0x000001e42ffe8800 JavaThread "jar transforms Thread 3" [_thread_blocked, id=8716, stack(0x000000579bf00000,0x000000579c000000)]
  0x000001e42ffef000 JavaThread "Cache worker for Build Output Cleanup Cache (D:\NotesApp\.gradle\buildOutputCleanup)" [_thread_blocked, id=8788, stack(0x000000579c000000,0x000000579c100000)]
  0x000001e42ffeb800 JavaThread "Unconstrained build operations" [_thread_blocked, id=9740, stack(0x000000579c100000,0x000000579c200000)]
  0x000001e42ffef800 JavaThread "Unconstrained build operations Thread 2" [_thread_blocked, id=4640, stack(0x000000579c200000,0x000000579c300000)]
  0x000001e42ffea000 JavaThread "Unconstrained build operations Thread 3" [_thread_blocked, id=9876, stack(0x000000579c300000,0x000000579c400000)]
  0x000001e42fff0800 JavaThread "Unconstrained build operations Thread 4" [_thread_blocked, id=11348, stack(0x000000579c400000,0x000000579c500000)]
  0x000001e42ffeb000 JavaThread "Unconstrained build operations Thread 5" [_thread_blocked, id=4816, stack(0x000000579c500000,0x000000579c600000)]
  0x000001e42fff1800 JavaThread "Unconstrained build operations Thread 6" [_thread_blocked, id=7628, stack(0x000000579c600000,0x000000579c700000)]
  0x000001e42fff2000 JavaThread "Unconstrained build operations Thread 7" [_thread_blocked, id=11660, stack(0x000000579c700000,0x000000579c800000)]
  0x000001e42ffec800 JavaThread "Unconstrained build operations Thread 8" [_thread_blocked, id=10608, stack(0x000000579c800000,0x000000579c900000)]
  0x000001e42ea63800 JavaThread "Unconstrained build operations Thread 9" [_thread_blocked, id=2396, stack(0x000000579c900000,0x000000579ca00000)]
  0x000001e42ea64800 JavaThread "Unconstrained build operations Thread 10" [_thread_blocked, id=8224, stack(0x000000579ca00000,0x000000579cb00000)]
  0x000001e42ea65000 JavaThread "Unconstrained build operations Thread 11" [_thread_blocked, id=12216, stack(0x000000579cb00000,0x000000579cc00000)]
  0x000001e42ea61000 JavaThread "Unconstrained build operations Thread 12" [_thread_blocked, id=5032, stack(0x000000579cc00000,0x000000579cd00000)]
  0x000001e42ea5f800 JavaThread "Unconstrained build operations Thread 13" [_thread_blocked, id=9664, stack(0x000000579cd00000,0x000000579ce00000)]
  0x000001e42ea60800 JavaThread "Unconstrained build operations Thread 14" [_thread_blocked, id=5576, stack(0x000000579ce00000,0x000000579cf00000)]
  0x000001e42ea67000 JavaThread "Unconstrained build operations Thread 15" [_thread_blocked, id=9116, stack(0x000000579cf00000,0x000000579d000000)]
  0x000001e42ea66000 JavaThread "Unconstrained build operations Thread 16" [_thread_blocked, id=11756, stack(0x000000579d000000,0x000000579d100000)]
  0x000001e42ea62800 JavaThread "Unconstrained build operations Thread 17" [_thread_blocked, id=4292, stack(0x000000579d100000,0x000000579d200000)]
  0x000001e42ea67800 JavaThread "Unconstrained build operations Thread 18" [_thread_blocked, id=11928, stack(0x000000579d200000,0x000000579d300000)]
  0x000001e42ea62000 JavaThread "Unconstrained build operations Thread 19" [_thread_blocked, id=540, stack(0x000000579d300000,0x000000579d400000)]
  0x000001e42ea69000 JavaThread "Unconstrained build operations Thread 20" [_thread_blocked, id=5220, stack(0x000000579d400000,0x000000579d500000)]
  0x000001e42ea6b000 JavaThread "Unconstrained build operations Thread 21" [_thread_blocked, id=8328, stack(0x000000579d500000,0x000000579d600000)]
  0x000001e42ea6b800 JavaThread "Unconstrained build operations Thread 22" [_thread_blocked, id=7480, stack(0x000000579d600000,0x000000579d700000)]
  0x000001e42ea6a000 JavaThread "Unconstrained build operations Thread 23" [_thread_blocked, id=2548, stack(0x000000579d700000,0x000000579d800000)]
  0x000001e42ea6c800 JavaThread "Unconstrained build operations Thread 24" [_thread_blocked, id=2340, stack(0x000000579d800000,0x000000579d900000)]
  0x000001e42ea6d800 JavaThread "Unconstrained build operations Thread 25" [_thread_blocked, id=7404, stack(0x000000579d900000,0x000000579da00000)]
  0x000001e42ea6e000 JavaThread "Unconstrained build operations Thread 26" [_thread_blocked, id=6308, stack(0x000000579da00000,0x000000579db00000)]
  0x000001e42ea68800 JavaThread "Unconstrained build operations Thread 27" [_thread_blocked, id=9832, stack(0x000000579db00000,0x000000579dc00000)]
  0x000001e432db8800 JavaThread "Unconstrained build operations Thread 28" [_thread_blocked, id=128, stack(0x000000579dc00000,0x000000579dd00000)]
  0x000001e432db7800 JavaThread "Unconstrained build operations Thread 29" [_thread_blocked, id=2952, stack(0x000000579dd00000,0x000000579de00000)]
  0x000001e432db4000 JavaThread "Unconstrained build operations Thread 30" [_thread_blocked, id=3952, stack(0x000000579de00000,0x000000579df00000)]
  0x000001e432db6800 JavaThread "Unconstrained build operations Thread 31" [_thread_blocked, id=10172, stack(0x000000579df00000,0x000000579e000000)]
  0x000001e432db9000 JavaThread "Unconstrained build operations Thread 32" [_thread_blocked, id=1772, stack(0x000000579e000000,0x000000579e100000)]
  0x000001e432dba000 JavaThread "Unconstrained build operations Thread 33" [_thread_blocked, id=10836, stack(0x000000579e100000,0x000000579e200000)]
  0x000001e432dbb000 JavaThread "Unconstrained build operations Thread 34" [_thread_blocked, id=10432, stack(0x000000579e200000,0x000000579e300000)]
  0x000001e432db5000 JavaThread "Unconstrained build operations Thread 35" [_thread_blocked, id=1256, stack(0x000000579e300000,0x000000579e400000)]
  0x000001e432db6000 JavaThread "Unconstrained build operations Thread 36" [_thread_blocked, id=11336, stack(0x000000579e400000,0x000000579e500000)]
  0x000001e432dbd000 JavaThread "Unconstrained build operations Thread 37" [_thread_blocked, id=3080, stack(0x000000579e500000,0x000000579e600000)]
  0x000001e432dbb800 JavaThread "Unconstrained build operations Thread 38" [_thread_blocked, id=7140, stack(0x000000579e600000,0x000000579e700000)]
  0x000001e432dbe000 JavaThread "Unconstrained build operations Thread 39" [_thread_blocked, id=10576, stack(0x000000579e700000,0x000000579e800000)]
  0x000001e432dc2000 JavaThread "Unconstrained build operations Thread 40" [_thread_blocked, id=11644, stack(0x000000579e800000,0x000000579e900000)]
  0x000001e432dc1800 JavaThread "Unconstrained build operations Thread 41" [_thread_blocked, id=11104, stack(0x000000579e900000,0x000000579ea00000)]
  0x000001e432dbf800 JavaThread "Unconstrained build operations Thread 42" [_thread_blocked, id=11768, stack(0x000000579ea00000,0x000000579eb00000)]
  0x000001e432dbf000 JavaThread "Unconstrained build operations Thread 43" [_thread_blocked, id=9868, stack(0x000000579eb00000,0x000000579ec00000)]
  0x000001e432dc0800 JavaThread "Unconstrained build operations Thread 44" [_thread_blocked, id=11724, stack(0x000000579ec00000,0x000000579ed00000)]
  0x000001e432dbc800 JavaThread "Unconstrained build operations Thread 45" [_thread_blocked, id=8536, stack(0x000000579ed00000,0x000000579ee00000)]
  0x000001e432dc3000 JavaThread "Unconstrained build operations Thread 46" [_thread_blocked, id=4316, stack(0x000000579ee00000,0x000000579ef00000)]
  0x000001e432ab6800 JavaThread "Unconstrained build operations Thread 47" [_thread_blocked, id=11376, stack(0x000000579ef00000,0x000000579f000000)]
  0x000001e432aba000 JavaThread "Unconstrained build operations Thread 48" [_thread_blocked, id=10952, stack(0x000000579f000000,0x000000579f100000)]
  0x000001e432ab8000 JavaThread "Unconstrained build operations Thread 49" [_thread_blocked, id=10724, stack(0x000000579f100000,0x000000579f200000)]
  0x000001e432ab9000 JavaThread "Unconstrained build operations Thread 50" [_thread_blocked, id=6700, stack(0x000000579f200000,0x000000579f300000)]
  0x000001e432aba800 JavaThread "Unconstrained build operations Thread 51" [_thread_blocked, id=8520, stack(0x000000579f300000,0x000000579f400000)]
  0x000001e432ab5000 JavaThread "Unconstrained build operations Thread 52" [_thread_blocked, id=7892, stack(0x000000579f400000,0x000000579f500000)]
  0x000001e432ab7800 JavaThread "Unconstrained build operations Thread 53" [_thread_blocked, id=1228, stack(0x000000579f500000,0x000000579f600000)]
  0x000001e432abb800 JavaThread "Unconstrained build operations Thread 54" [_thread_blocked, id=9360, stack(0x000000579f600000,0x000000579f700000)]
  0x000001e432ab6000 JavaThread "Unconstrained build operations Thread 55" [_thread_blocked, id=2676, stack(0x000000579f700000,0x000000579f800000)]
  0x000001e432ac0800 JavaThread "Unconstrained build operations Thread 56" [_thread_blocked, id=9608, stack(0x000000579f800000,0x000000579f900000)]
  0x000001e432ac1000 JavaThread "Unconstrained build operations Thread 57" [_thread_blocked, id=2044, stack(0x000000579f900000,0x000000579fa00000)]
  0x000001e432abf800 JavaThread "Unconstrained build operations Thread 58" [_thread_blocked, id=11668, stack(0x000000579fa00000,0x000000579fb00000)]
  0x000001e432abf000 JavaThread "Unconstrained build operations Thread 59" [_thread_blocked, id=2092, stack(0x000000579fb00000,0x000000579fc00000)]
  0x000001e432ac2000 JavaThread "Unconstrained build operations Thread 60" [_thread_blocked, id=7120, stack(0x000000579fc00000,0x000000579fd00000)]
  0x000001e432abc800 JavaThread "Unconstrained build operations Thread 61" [_thread_blocked, id=6960, stack(0x000000579fd00000,0x000000579fe00000)]
  0x000001e432abd000 JavaThread "Unconstrained build operations Thread 62" [_thread_blocked, id=1016, stack(0x000000579fe00000,0x000000579ff00000)]
  0x000001e432ac3000 JavaThread "Unconstrained build operations Thread 63" [_thread_blocked, id=1884, stack(0x000000579ff00000,0x00000057a0000000)]
  0x000001e432ac3800 JavaThread "Unconstrained build operations Thread 64" [_thread_blocked, id=5304, stack(0x00000057a0000000,0x00000057a0100000)]
  0x000001e432abe000 JavaThread "Unconstrained build operations Thread 65" [_thread_blocked, id=7860, stack(0x00000057a0100000,0x00000057a0200000)]
  0x000001e433233000 JavaThread "Unconstrained build operations Thread 66" [_thread_blocked, id=10156, stack(0x00000057a0200000,0x00000057a0300000)]
  0x000001e433234800 JavaThread "Unconstrained build operations Thread 67" [_thread_blocked, id=9872, stack(0x00000057a0300000,0x00000057a0400000)]
  0x000001e433231800 JavaThread "Unconstrained build operations Thread 68" [_thread_blocked, id=1988, stack(0x00000057a0400000,0x00000057a0500000)]
  0x000001e433234000 JavaThread "Unconstrained build operations Thread 69" [_thread_blocked, id=4388, stack(0x00000057a0500000,0x00000057a0600000)]
  0x000001e433235800 JavaThread "Unconstrained build operations Thread 70" [_thread_blocked, id=2484, stack(0x00000057a0600000,0x00000057a0700000)]
  0x000001e433236000 JavaThread "Unconstrained build operations Thread 71" [_thread_blocked, id=9884, stack(0x00000057a0700000,0x00000057a0800000)]
  0x000001e433237000 JavaThread "Unconstrained build operations Thread 72" [_thread_blocked, id=10396, stack(0x00000057a0800000,0x00000057a0900000)]
  0x000001e433238000 JavaThread "Unconstrained build operations Thread 73" [_thread_blocked, id=8604, stack(0x00000057a0900000,0x00000057a0a00000)]
  0x000001e433232000 JavaThread "Unconstrained build operations Thread 74" [_thread_blocked, id=2948, stack(0x00000057a0a00000,0x00000057a0b00000)]
  0x000001e434797000 JavaThread "Unconstrained build operations Thread 75" [_thread_blocked, id=1748, stack(0x00000057a0b00000,0x00000057a0c00000)]
  0x000001e434793800 JavaThread "Unconstrained build operations Thread 76" [_thread_blocked, id=2744, stack(0x00000057a0c00000,0x00000057a0d00000)]
  0x000001e434796000 JavaThread "Unconstrained build operations Thread 77" [_thread_blocked, id=11680, stack(0x00000057a0d00000,0x00000057a0e00000)]
  0x000001e434798000 JavaThread "Unconstrained build operations Thread 78" [_thread_blocked, id=11192, stack(0x00000057a0e00000,0x00000057a0f00000)]
  0x000001e434798800 JavaThread "Unconstrained build operations Thread 79" [_thread_blocked, id=12116, stack(0x00000057a0f00000,0x00000057a1000000)]
  0x000001e434799800 JavaThread "Unconstrained build operations Thread 80" [_thread_blocked, id=5284, stack(0x00000057a1000000,0x00000057a1100000)]
  0x000001e43479a000 JavaThread "jar transforms Thread 4" [_thread_blocked, id=11920, stack(0x00000057a1100000,0x00000057a1200000)]
  0x000001e434795800 JavaThread "jar transforms Thread 5" [_thread_blocked, id=6476, stack(0x00000057a1200000,0x00000057a1300000)]
  0x000001e434794800 JavaThread "jar transforms Thread 6" [_thread_blocked, id=7348, stack(0x00000057a1300000,0x00000057a1400000)]
  0x000001e43479b000 JavaThread "jar transforms Thread 7" [_thread_blocked, id=1164, stack(0x00000057a1400000,0x00000057a1500000)]
  0x000001e43479f000 JavaThread "jar transforms Thread 8" [_thread_blocked, id=7164, stack(0x00000057a1500000,0x00000057a1600000)]
  0x000001e43479d800 JavaThread "Memory manager" [_thread_blocked, id=4608, stack(0x00000057a1600000,0x00000057a1700000)]

Other Threads:
  0x000001e42cd44000 VMThread "VM Thread" [stack: 0x0000005799200000,0x0000005799300000] [id=10592]
  0x000001e42d85b000 WatcherThread [stack: 0x0000005799c00000,0x0000005799d00000] [id=9692]
  0x000001e4128e3800 GCTaskThread "GC Thread#0" [stack: 0x0000005798d00000,0x0000005798e00000] [id=8884]
  0x000001e42e12c800 GCTaskThread "GC Thread#1" [stack: 0x0000005799f00000,0x000000579a000000] [id=10792]
  0x000001e42dd1a000 GCTaskThread "GC Thread#2" [stack: 0x000000579a000000,0x000000579a100000] [id=12132]
  0x000001e4310b9800 GCTaskThread "GC Thread#3" [stack: 0x000000579ab00000,0x000000579ac00000] [id=1328]
  0x000001e42ebb3000 GCTaskThread "GC Thread#4" [stack: 0x000000579ac00000,0x000000579ad00000] [id=3180]
  0x000001e430cca800 GCTaskThread "GC Thread#5" [stack: 0x000000579ad00000,0x000000579ae00000] [id=5520]
  0x000001e42ef75000 GCTaskThread "GC Thread#6" [stack: 0x000000579ae00000,0x000000579af00000] [id=10780]
  0x000001e42f746800 GCTaskThread "GC Thread#7" [stack: 0x000000579af00000,0x000000579b000000] [id=10604]
  0x000001e41291c800 ConcurrentGCThread "G1 Main Marker" [stack: 0x0000005798e00000,0x0000005798f00000] [id=8996]
  0x000001e41291d800 ConcurrentGCThread "G1 Conc#0" [stack: 0x0000005798f00000,0x0000005799000000] [id=7544]
  0x000001e42f4f3800 ConcurrentGCThread "G1 Conc#1" [stack: 0x000000579b300000,0x000000579b400000] [id=7504]
  0x000001e41299d800 ConcurrentGCThread "G1 Refine#0" [stack: 0x0000005799000000,0x0000005799100000] [id=11912]
  0x000001e42cb96800 ConcurrentGCThread "G1 Young RemSet Sampling" [stack: 0x0000005799100000,0x0000005799200000] [id=11532]

Threads with active compile tasks:
C2 CompilerThread0  10936 7746       4       java.lang.Class::getAnnotation (22 bytes)
C2 CompilerThread1  10936 7715       4       java.lang.Class::annotationData (44 bytes)
C2 CompilerThread2  10936 7940       4       org.gradle.internal.instantiation.generator.AbstractClassGenerator::inspectType (560 bytes)

VM state:not at safepoint (normal execution)

VM Mutex/Monitor currently owned by a thread: None

Heap address: 0x0000000080000000, size: 2048 MB, Compressed Oops mode: 32-bit
Narrow klass base: 0x0000000000000000, Narrow klass shift: 3
Compressed class space size: 1073741824 Address: 0x0000000100000000

Heap:
 garbage-first heap   total 187392K, used 121489K [0x0000000080000000, 0x0000000100000000)
  region size 1024K, 61 young (62464K), 11 survivors (11264K)
 Metaspace       used 81027K, capacity 82961K, committed 83276K, reserved 1122304K
  class space    used 10543K, capacity 11225K, committed 11340K, reserved 1048576K
Heap Regions: E=young(eden), S=young(survivor), O=old, HS=humongous(starts), HC=humongous(continues), CS=collection set, F=free, A=archive, TAMS=top-at-mark-start (previous, next)
|   0|0x0000000080000000, 0x0000000080100000, 0x0000000080100000|100%| O|  |TAMS 0x0000000080100000, 0x0000000080000000| Untracked 
|   1|0x0000000080100000, 0x0000000080200000, 0x0000000080200000|100%| O|  |TAMS 0x0000000080200000, 0x0000000080100000| Untracked 
|   2|0x0000000080200000, 0x0000000080300000, 0x0000000080300000|100%| O|  |TAMS 0x0000000080300000, 0x0000000080200000| Untracked 
|   3|0x0000000080300000, 0x0000000080400000, 0x0000000080400000|100%|HS|  |TAMS 0x0000000080400000, 0x0000000080300000| Complete 
|   4|0x0000000080400000, 0x0000000080500000, 0x0000000080500000|100%|HC|  |TAMS 0x0000000080500000, 0x0000000080400000| Complete 
|   5|0x0000000080500000, 0x0000000080600000, 0x0000000080600000|100%|HC|  |TAMS 0x0000000080600000, 0x0000000080500000| Complete 
|   6|0x0000000080600000, 0x0000000080700000, 0x0000000080700000|100%| O|  |TAMS 0x0000000080700000, 0x0000000080600000| Untracked 
|   7|0x0000000080700000, 0x0000000080800000, 0x0000000080800000|100%| O|  |TAMS 0x0000000080800000, 0x0000000080700000| Untracked 
|   8|0x0000000080800000, 0x0000000080900000, 0x0000000080900000|100%| O|  |TAMS 0x0000000080900000, 0x0000000080800000| Untracked 
|   9|0x0000000080900000, 0x0000000080a00000, 0x0000000080a00000|100%| O|  |TAMS 0x0000000080a00000, 0x0000000080900000| Untracked 
|  10|0x0000000080a00000, 0x0000000080b00000, 0x0000000080b00000|100%| O|  |TAMS 0x0000000080b00000, 0x0000000080a00000| Untracked 
|  11|0x0000000080b00000, 0x0000000080c00000, 0x0000000080c00000|100%| O|  |TAMS 0x0000000080c00000, 0x0000000080b00000| Untracked 
|  12|0x0000000080c00000, 0x0000000080d00000, 0x0000000080d00000|100%| O|  |TAMS 0x0000000080d00000, 0x0000000080c00000| Untracked 
|  13|0x0000000080d00000, 0x0000000080e00000, 0x0000000080e00000|100%| O|  |TAMS 0x0000000080e00000, 0x0000000080d00000| Untracked 
|  14|0x0000000080e00000, 0x0000000080f00000, 0x0000000080f00000|100%| O|  |TAMS 0x0000000080f00000, 0x0000000080e00000| Untracked 
|  15|0x0000000080f00000, 0x0000000081000000, 0x0000000081000000|100%| O|  |TAMS 0x0000000081000000, 0x0000000080f00000| Untracked 
|  16|0x0000000081000000, 0x0000000081100000, 0x0000000081100000|100%| O|  |TAMS 0x0000000081100000, 0x0000000081000000| Untracked 
|  17|0x0000000081100000, 0x0000000081200000, 0x0000000081200000|100%| O|  |TAMS 0x0000000081200000, 0x0000000081100000| Untracked 
|  18|0x0000000081200000, 0x0000000081300000, 0x0000000081300000|100%| O|  |TAMS 0x0000000081300000, 0x0000000081200000| Untracked 
|  19|0x0000000081300000, 0x0000000081400000, 0x0000000081400000|100%|HS|  |TAMS 0x0000000081400000, 0x0000000081300000| Complete 
|  20|0x0000000081400000, 0x0000000081500000, 0x0000000081500000|100%| O|  |TAMS 0x0000000081500000, 0x0000000081400000| Untracked 
|  21|0x0000000081500000, 0x0000000081600000, 0x0000000081600000|100%| O|  |TAMS 0x0000000081600000, 0x0000000081500000| Untracked 
|  22|0x0000000081600000, 0x0000000081700000, 0x0000000081700000|100%| O|  |TAMS 0x0000000081700000, 0x0000000081600000| Untracked 
|  23|0x0000000081700000, 0x0000000081800000, 0x0000000081800000|100%| O|  |TAMS 0x0000000081800000, 0x0000000081700000| Untracked 
|  24|0x0000000081800000, 0x0000000081900000, 0x0000000081900000|100%|HS|  |TAMS 0x0000000081900000, 0x0000000081800000| Complete 
|  25|0x0000000081900000, 0x0000000081a00000, 0x0000000081a00000|100%|HS|  |TAMS 0x0000000081a00000, 0x0000000081900000| Complete 
|  26|0x0000000081a00000, 0x0000000081b00000, 0x0000000081b00000|100%|HS|  |TAMS 0x0000000081b00000, 0x0000000081a00000| Complete 
|  27|0x0000000081b00000, 0x0000000081c00000, 0x0000000081c00000|100%|HS|  |TAMS 0x0000000081c00000, 0x0000000081b00000| Complete 
|  28|0x0000000081c00000, 0x0000000081d00000, 0x0000000081d00000|100%|HC|  |TAMS 0x0000000081d00000, 0x0000000081c00000| Complete 
|  29|0x0000000081d00000, 0x0000000081e00000, 0x0000000081e00000|100%|HC|  |TAMS 0x0000000081e00000, 0x0000000081d00000| Complete 
|  30|0x0000000081e00000, 0x0000000081f00000, 0x0000000081f00000|100%|HS|  |TAMS 0x0000000081f00000, 0x0000000081e00000| Complete 
|  31|0x0000000081f00000, 0x0000000082000000, 0x0000000082000000|100%|HC|  |TAMS 0x0000000082000000, 0x0000000081f00000| Complete 
|  32|0x0000000082000000, 0x0000000082100000, 0x0000000082100000|100%| O|  |TAMS 0x0000000082100000, 0x0000000082000000| Untracked 
|  33|0x0000000082100000, 0x0000000082200000, 0x0000000082200000|100%| O|  |TAMS 0x0000000082200000, 0x0000000082100000| Untracked 
|  34|0x0000000082200000, 0x0000000082300000, 0x0000000082300000|100%| O|  |TAMS 0x0000000082300000, 0x0000000082200000| Untracked 
|  35|0x0000000082300000, 0x0000000082400000, 0x0000000082400000|100%| O|  |TAMS 0x0000000082400000, 0x0000000082300000| Untracked 
|  36|0x0000000082400000, 0x0000000082500000, 0x0000000082500000|100%| O|  |TAMS 0x0000000082500000, 0x0000000082400000| Untracked 
|  37|0x0000000082500000, 0x0000000082600000, 0x0000000082600000|100%| O|  |TAMS 0x0000000082600000, 0x0000000082500000| Untracked 
|  38|0x0000000082600000, 0x0000000082700000, 0x0000000082700000|100%| O|  |TAMS 0x0000000082700000, 0x0000000082600000| Untracked 
|  39|0x0000000082700000, 0x0000000082800000, 0x0000000082800000|100%| O|  |TAMS 0x0000000082800000, 0x0000000082700000| Untracked 
|  40|0x0000000082800000, 0x0000000082900000, 0x0000000082900000|100%| O|  |TAMS 0x0000000082900000, 0x0000000082800000| Untracked 
|  41|0x0000000082900000, 0x0000000082a00000, 0x0000000082a00000|100%| O|  |TAMS 0x0000000082a00000, 0x0000000082900000| Untracked 
|  42|0x0000000082a00000, 0x0000000082b00000, 0x0000000082b00000|100%| O|  |TAMS 0x0000000082b00000, 0x0000000082a00000| Untracked 
|  43|0x0000000082b00000, 0x0000000082c00000, 0x0000000082c00000|100%| O|  |TAMS 0x0000000082c00000, 0x0000000082b00000| Untracked 
|  44|0x0000000082c00000, 0x0000000082d00000, 0x0000000082d00000|100%| O|  |TAMS 0x0000000082d00000, 0x0000000082c00000| Untracked 
|  45|0x0000000082d00000, 0x0000000082e00000, 0x0000000082e00000|100%| O|  |TAMS 0x0000000082e00000, 0x0000000082d00000| Untracked 
|  46|0x0000000082e00000, 0x0000000082f00000, 0x0000000082f00000|100%| O|  |TAMS 0x0000000082f00000, 0x0000000082e00000| Untracked 
|  47|0x0000000082f00000, 0x0000000083000000, 0x0000000083000000|100%| O|  |TAMS 0x0000000083000000, 0x0000000082f00000| Untracked 
|  48|0x0000000083000000, 0x0000000083100000, 0x0000000083100000|100%| O|  |TAMS 0x0000000083100000, 0x0000000083000000| Untracked 
|  49|0x0000000083100000, 0x0000000083200000, 0x0000000083200000|100%| O|  |TAMS 0x0000000083100000, 0x0000000083100000| Untracked 
|  50|0x0000000083200000, 0x0000000083300000, 0x0000000083300000|100%| O|  |TAMS 0x0000000083200000, 0x0000000083200000| Untracked 
|  51|0x0000000083300000, 0x0000000083400000, 0x0000000083400000|100%| O|  |TAMS 0x0000000083300000, 0x0000000083300000| Untracked 
|  52|0x0000000083400000, 0x0000000083500000, 0x0000000083500000|100%| O|  |TAMS 0x0000000083400000, 0x0000000083400000| Untracked 
|  53|0x0000000083500000, 0x0000000083600000, 0x0000000083600000|100%| O|  |TAMS 0x0000000083500000, 0x0000000083500000| Untracked 
|  54|0x0000000083600000, 0x0000000083700000, 0x0000000083700000|100%| O|  |TAMS 0x0000000083600000, 0x0000000083600000| Untracked 
|  55|0x0000000083700000, 0x0000000083800000, 0x0000000083800000|100%| O|  |TAMS 0x0000000083700000, 0x0000000083700000| Untracked 
|  56|0x0000000083800000, 0x0000000083832400, 0x0000000083900000| 19%| O|  |TAMS 0x0000000083800000, 0x0000000083800000| Untracked 
|  57|0x0000000083900000, 0x0000000083900000, 0x0000000083a00000|  0%| F|  |TAMS 0x0000000083900000, 0x0000000083900000| Untracked 
|  58|0x0000000083a00000, 0x0000000083a00000, 0x0000000083b00000|  0%| F|  |TAMS 0x0000000083a00000, 0x0000000083a00000| Untracked 
|  59|0x0000000083b00000, 0x0000000083c00000, 0x0000000083c00000|100%| O|  |TAMS 0x0000000083c00000, 0x0000000083b00000| Untracked 
|  60|0x0000000083c00000, 0x0000000083d00000, 0x0000000083d00000|100%| O|  |TAMS 0x0000000083d00000, 0x0000000083c00000| Untracked 
|  61|0x0000000083d00000, 0x0000000083e00000, 0x0000000083e00000|100%| O|  |TAMS 0x0000000083e00000, 0x0000000083d00000| Untracked 
|  62|0x0000000083e00000, 0x0000000083e00000, 0x0000000083f00000|  0%| F|  |TAMS 0x0000000083e00000, 0x0000000083e00000| Untracked 
|  63|0x0000000083f00000, 0x0000000083f00000, 0x0000000084000000|  0%| F|  |TAMS 0x0000000083f00000, 0x0000000083f00000| Untracked 
|  64|0x0000000084000000, 0x0000000084000000, 0x0000000084100000|  0%| F|  |TAMS 0x0000000084000000, 0x0000000084000000| Untracked 
|  65|0x0000000084100000, 0x0000000084100000, 0x0000000084200000|  0%| F|  |TAMS 0x0000000084100000, 0x0000000084100000| Untracked 
|  66|0x0000000084200000, 0x0000000084200000, 0x0000000084300000|  0%| F|  |TAMS 0x0000000084200000, 0x0000000084200000| Untracked 
|  67|0x0000000084300000, 0x0000000084300000, 0x0000000084400000|  0%| F|  |TAMS 0x0000000084300000, 0x0000000084300000| Untracked 
|  68|0x0000000084400000, 0x0000000084400000, 0x0000000084500000|  0%| F|  |TAMS 0x0000000084400000, 0x0000000084400000| Untracked 
|  69|0x0000000084500000, 0x0000000084500000, 0x0000000084600000|  0%| F|  |TAMS 0x0000000084500000, 0x0000000084500000| Untracked 
|  70|0x0000000084600000, 0x0000000084600000, 0x0000000084700000|  0%| F|  |TAMS 0x0000000084600000, 0x0000000084600000| Untracked 
|  71|0x0000000084700000, 0x0000000084700000, 0x0000000084800000|  0%| F|  |TAMS 0x0000000084700000, 0x0000000084700000| Untracked 
|  72|0x0000000084800000, 0x0000000084800000, 0x0000000084900000|  0%| F|  |TAMS 0x0000000084800000, 0x0000000084800000| Untracked 
|  73|0x0000000084900000, 0x0000000084900000, 0x0000000084a00000|  0%| F|  |TAMS 0x0000000084900000, 0x0000000084900000| Untracked 
|  74|0x0000000084a00000, 0x0000000084a00000, 0x0000000084b00000|  0%| F|  |TAMS 0x0000000084a00000, 0x0000000084a00000| Untracked 
|  75|0x0000000084b00000, 0x0000000084b00000, 0x0000000084c00000|  0%| F|  |TAMS 0x0000000084b00000, 0x0000000084b00000| Untracked 
|  76|0x0000000084c00000, 0x0000000084c00000, 0x0000000084d00000|  0%| F|  |TAMS 0x0000000084c00000, 0x0000000084c00000| Untracked 
|  77|0x0000000084d00000, 0x0000000084d00000, 0x0000000084e00000|  0%| F|  |TAMS 0x0000000084d00000, 0x0000000084d00000| Untracked 
|  78|0x0000000084e00000, 0x0000000084e00000, 0x0000000084f00000|  0%| F|  |TAMS 0x0000000084e00000, 0x0000000084e00000| Untracked 
|  79|0x0000000084f00000, 0x0000000084f00000, 0x0000000085000000|  0%| F|  |TAMS 0x0000000084f00000, 0x0000000084f00000| Untracked 
|  80|0x0000000085000000, 0x0000000085000000, 0x0000000085100000|  0%| F|  |TAMS 0x0000000085000000, 0x0000000085000000| Untracked 
|  81|0x0000000085100000, 0x0000000085100000, 0x0000000085200000|  0%| F|  |TAMS 0x0000000085100000, 0x0000000085100000| Untracked 
|  82|0x0000000085200000, 0x0000000085200000, 0x0000000085300000|  0%| F|  |TAMS 0x0000000085200000, 0x0000000085200000| Untracked 
|  83|0x0000000085300000, 0x0000000085300000, 0x0000000085400000|  0%| F|  |TAMS 0x0000000085300000, 0x0000000085300000| Untracked 
|  84|0x0000000085400000, 0x0000000085400000, 0x0000000085500000|  0%| F|  |TAMS 0x0000000085400000, 0x0000000085400000| Untracked 
|  85|0x0000000085500000, 0x0000000085500000, 0x0000000085600000|  0%| F|  |TAMS 0x0000000085500000, 0x0000000085500000| Untracked 
|  86|0x0000000085600000, 0x0000000085600000, 0x0000000085700000|  0%| F|  |TAMS 0x0000000085600000, 0x0000000085600000| Untracked 
|  87|0x0000000085700000, 0x0000000085700000, 0x0000000085800000|  0%| F|  |TAMS 0x0000000085700000, 0x0000000085700000| Untracked 
|  88|0x0000000085800000, 0x0000000085800000, 0x0000000085900000|  0%| F|  |TAMS 0x0000000085800000, 0x0000000085800000| Untracked 
|  89|0x0000000085900000, 0x0000000085972310, 0x0000000085a00000| 44%| S|CS|TAMS 0x0000000085900000, 0x0000000085900000| Complete 
|  90|0x0000000085a00000, 0x0000000085b00000, 0x0000000085b00000|100%| S|CS|TAMS 0x0000000085a00000, 0x0000000085a00000| Complete 
|  91|0x0000000085b00000, 0x0000000085b00000, 0x0000000085c00000|  0%| F|  |TAMS 0x0000000085b00000, 0x0000000085b00000| Untracked 
|  92|0x0000000085c00000, 0x0000000085c00000, 0x0000000085d00000|  0%| F|  |TAMS 0x0000000085c00000, 0x0000000085c00000| Untracked 
|  93|0x0000000085d00000, 0x0000000085d00000, 0x0000000085e00000|  0%| F|  |TAMS 0x0000000085d00000, 0x0000000085d00000| Untracked 
|  94|0x0000000085e00000, 0x0000000085e00000, 0x0000000085f00000|  0%| F|  |TAMS 0x0000000085e00000, 0x0000000085e00000| Untracked 
|  95|0x0000000085f00000, 0x0000000085f00000, 0x0000000086000000|  0%| F|  |TAMS 0x0000000085f00000, 0x0000000085f00000| Untracked 
|  96|0x0000000086000000, 0x0000000086000000, 0x0000000086100000|  0%| F|  |TAMS 0x0000000086000000, 0x0000000086000000| Untracked 
|  97|0x0000000086100000, 0x0000000086100000, 0x0000000086200000|  0%| F|  |TAMS 0x0000000086100000, 0x0000000086100000| Untracked 
|  98|0x0000000086200000, 0x0000000086200000, 0x0000000086300000|  0%| F|  |TAMS 0x0000000086200000, 0x0000000086200000| Untracked 
|  99|0x0000000086300000, 0x0000000086400000, 0x0000000086400000|100%| S|CS|TAMS 0x0000000086300000, 0x0000000086300000| Complete 
| 100|0x0000000086400000, 0x0000000086500000, 0x0000000086500000|100%| S|CS|TAMS 0x0000000086400000, 0x0000000086400000| Complete 
| 101|0x0000000086500000, 0x0000000086600000, 0x0000000086600000|100%| S|CS|TAMS 0x0000000086500000, 0x0000000086500000| Complete 
| 102|0x0000000086600000, 0x0000000086700000, 0x0000000086700000|100%| S|CS|TAMS 0x0000000086600000, 0x0000000086600000| Complete 
| 103|0x0000000086700000, 0x0000000086800000, 0x0000000086800000|100%| S|CS|TAMS 0x0000000086700000, 0x0000000086700000| Complete 
| 104|0x0000000086800000, 0x0000000086900000, 0x0000000086900000|100%| S|CS|TAMS 0x0000000086800000, 0x0000000086800000| Complete 
| 105|0x0000000086900000, 0x0000000086a00000, 0x0000000086a00000|100%| S|CS|TAMS 0x0000000086900000, 0x0000000086900000| Complete 
| 106|0x0000000086a00000, 0x0000000086b00000, 0x0000000086b00000|100%| S|CS|TAMS 0x0000000086a00000, 0x0000000086a00000| Complete 
| 107|0x0000000086b00000, 0x0000000086b00000, 0x0000000086c00000|  0%| F|  |TAMS 0x0000000086b00000, 0x0000000086b00000| Untracked 
| 108|0x0000000086c00000, 0x0000000086c00000, 0x0000000086d00000|  0%| F|  |TAMS 0x0000000086c00000, 0x0000000086c00000| Untracked 
| 109|0x0000000086d00000, 0x0000000086d00000, 0x0000000086e00000|  0%| F|  |TAMS 0x0000000086d00000, 0x0000000086d00000| Untracked 
| 110|0x0000000086e00000, 0x0000000086f00000, 0x0000000086f00000|100%| S|CS|TAMS 0x0000000086e00000, 0x0000000086e00000| Complete 
| 111|0x0000000086f00000, 0x0000000086f00000, 0x0000000087000000|  0%| F|  |TAMS 0x0000000086f00000, 0x0000000086f00000| Untracked 
| 112|0x0000000087000000, 0x0000000087000000, 0x0000000087100000|  0%| F|  |TAMS 0x0000000087000000, 0x0000000087000000| Untracked 
| 113|0x0000000087100000, 0x0000000087100000, 0x0000000087200000|  0%| F|  |TAMS 0x0000000087100000, 0x0000000087100000| Untracked 
| 114|0x0000000087200000, 0x0000000087200000, 0x0000000087300000|  0%| F|  |TAMS 0x0000000087200000, 0x0000000087200000| Untracked 
| 115|0x0000000087300000, 0x0000000087300000, 0x0000000087400000|  0%| F|  |TAMS 0x0000000087300000, 0x0000000087300000| Untracked 
| 116|0x0000000087400000, 0x0000000087400000, 0x0000000087500000|  0%| F|  |TAMS 0x0000000087400000, 0x0000000087400000| Untracked 
| 117|0x0000000087500000, 0x0000000087500000, 0x0000000087600000|  0%| F|  |TAMS 0x0000000087500000, 0x0000000087500000| Untracked 
| 118|0x0000000087600000, 0x0000000087600000, 0x0000000087700000|  0%| F|  |TAMS 0x0000000087600000, 0x0000000087600000| Untracked 
| 119|0x0000000087700000, 0x0000000087700000, 0x0000000087800000|  0%| F|  |TAMS 0x0000000087700000, 0x0000000087700000| Untracked 
| 120|0x0000000087800000, 0x0000000087800000, 0x0000000087900000|  0%| F|  |TAMS 0x0000000087800000, 0x0000000087800000| Untracked 
| 121|0x0000000087900000, 0x0000000087900000, 0x0000000087a00000|  0%| F|  |TAMS 0x0000000087900000, 0x0000000087900000| Untracked 
| 122|0x0000000087a00000, 0x0000000087a00000, 0x0000000087b00000|  0%| F|  |TAMS 0x0000000087a00000, 0x0000000087a00000| Untracked 
| 123|0x0000000087b00000, 0x0000000087b00000, 0x0000000087c00000|  0%| F|  |TAMS 0x0000000087b00000, 0x0000000087b00000| Untracked 
| 124|0x0000000087c00000, 0x0000000087c00000, 0x0000000087d00000|  0%| F|  |TAMS 0x0000000087c00000, 0x0000000087c00000| Untracked 
| 125|0x0000000087d00000, 0x0000000087d00000, 0x0000000087e00000|  0%| F|  |TAMS 0x0000000087d00000, 0x0000000087d00000| Untracked 
| 126|0x0000000087e00000, 0x0000000087e00000, 0x0000000087f00000|  0%| F|  |TAMS 0x0000000087e00000, 0x0000000087e00000| Untracked 
| 127|0x0000000087f00000, 0x0000000087f00000, 0x0000000088000000|  0%| F|  |TAMS 0x0000000087f00000, 0x0000000087f00000| Untracked 
| 128|0x0000000088000000, 0x0000000088000000, 0x0000000088100000|  0%| F|  |TAMS 0x0000000088000000, 0x0000000088000000| Untracked 
| 129|0x0000000088100000, 0x0000000088100000, 0x0000000088200000|  0%| F|  |TAMS 0x0000000088100000, 0x0000000088100000| Untracked 
| 130|0x0000000088200000, 0x0000000088200000, 0x0000000088300000|  0%| F|  |TAMS 0x0000000088200000, 0x0000000088200000| Untracked 
| 131|0x0000000088300000, 0x0000000088300000, 0x0000000088400000|  0%| F|  |TAMS 0x0000000088300000, 0x0000000088300000| Untracked 
| 132|0x0000000088400000, 0x0000000088400000, 0x0000000088500000|  0%| F|  |TAMS 0x0000000088400000, 0x0000000088400000| Untracked 
| 133|0x0000000088500000, 0x0000000088581c10, 0x0000000088600000| 50%| E|  |TAMS 0x0000000088500000, 0x0000000088500000| Complete 
| 134|0x0000000088600000, 0x0000000088700000, 0x0000000088700000|100%| E|CS|TAMS 0x0000000088600000, 0x0000000088600000| Complete 
| 135|0x0000000088700000, 0x0000000088800000, 0x0000000088800000|100%| E|CS|TAMS 0x0000000088700000, 0x0000000088700000| Complete 
| 136|0x0000000088800000, 0x0000000088900000, 0x0000000088900000|100%| E|CS|TAMS 0x0000000088800000, 0x0000000088800000| Complete 
| 137|0x0000000088900000, 0x0000000088a00000, 0x0000000088a00000|100%| E|CS|TAMS 0x0000000088900000, 0x0000000088900000| Complete 
| 138|0x0000000088a00000, 0x0000000088b00000, 0x0000000088b00000|100%| E|CS|TAMS 0x0000000088a00000, 0x0000000088a00000| Complete 
| 139|0x0000000088b00000, 0x0000000088c00000, 0x0000000088c00000|100%| E|CS|TAMS 0x0000000088b00000, 0x0000000088b00000| Complete 
| 140|0x0000000088c00000, 0x0000000088d00000, 0x0000000088d00000|100%| E|CS|TAMS 0x0000000088c00000, 0x0000000088c00000| Complete 
| 141|0x0000000088d00000, 0x0000000088e00000, 0x0000000088e00000|100%| E|CS|TAMS 0x0000000088d00000, 0x0000000088d00000| Complete 
| 142|0x0000000088e00000, 0x0000000088f00000, 0x0000000088f00000|100%| E|CS|TAMS 0x0000000088e00000, 0x0000000088e00000| Complete 
| 143|0x0000000088f00000, 0x0000000089000000, 0x0000000089000000|100%| E|CS|TAMS 0x0000000088f00000, 0x0000000088f00000| Complete 
| 144|0x0000000089000000, 0x0000000089100000, 0x0000000089100000|100%| E|CS|TAMS 0x0000000089000000, 0x0000000089000000| Complete 
| 145|0x0000000089100000, 0x0000000089200000, 0x0000000089200000|100%| E|CS|TAMS 0x0000000089100000, 0x0000000089100000| Complete 
| 146|0x0000000089200000, 0x0000000089300000, 0x0000000089300000|100%| E|CS|TAMS 0x0000000089200000, 0x0000000089200000| Complete 
| 147|0x0000000089300000, 0x0000000089400000, 0x0000000089400000|100%| E|CS|TAMS 0x0000000089300000, 0x0000000089300000| Complete 
| 148|0x0000000089400000, 0x0000000089500000, 0x0000000089500000|100%| E|CS|TAMS 0x0000000089400000, 0x0000000089400000| Complete 
| 149|0x0000000089500000, 0x0000000089600000, 0x0000000089600000|100%| E|CS|TAMS 0x0000000089500000, 0x0000000089500000| Complete 
| 150|0x0000000089600000, 0x0000000089700000, 0x0000000089700000|100%| E|CS|TAMS 0x0000000089600000, 0x0000000089600000| Complete 
| 151|0x0000000089700000, 0x0000000089800000, 0x0000000089800000|100%| E|CS|TAMS 0x0000000089700000, 0x0000000089700000| Complete 
| 152|0x0000000089800000, 0x0000000089900000, 0x0000000089900000|100%| E|CS|TAMS 0x0000000089800000, 0x0000000089800000| Complete 
| 153|0x0000000089900000, 0x0000000089a00000, 0x0000000089a00000|100%| E|CS|TAMS 0x0000000089900000, 0x0000000089900000| Complete 
| 154|0x0000000089a00000, 0x0000000089b00000, 0x0000000089b00000|100%| E|CS|TAMS 0x0000000089a00000, 0x0000000089a00000| Complete 
| 155|0x0000000089b00000, 0x0000000089c00000, 0x0000000089c00000|100%| E|CS|TAMS 0x0000000089b00000, 0x0000000089b00000| Complete 
| 156|0x0000000089c00000, 0x0000000089d00000, 0x0000000089d00000|100%| E|CS|TAMS 0x0000000089c00000, 0x0000000089c00000| Complete 
| 157|0x0000000089d00000, 0x0000000089e00000, 0x0000000089e00000|100%| E|CS|TAMS 0x0000000089d00000, 0x0000000089d00000| Complete 
| 158|0x0000000089e00000, 0x0000000089f00000, 0x0000000089f00000|100%| E|CS|TAMS 0x0000000089e00000, 0x0000000089e00000| Complete 
| 159|0x0000000089f00000, 0x000000008a000000, 0x000000008a000000|100%| E|CS|TAMS 0x0000000089f00000, 0x0000000089f00000| Complete 
| 160|0x000000008a000000, 0x000000008a100000, 0x000000008a100000|100%| E|CS|TAMS 0x000000008a000000, 0x000000008a000000| Complete 
| 161|0x000000008a100000, 0x000000008a200000, 0x000000008a200000|100%| E|CS|TAMS 0x000000008a100000, 0x000000008a100000| Complete 
| 162|0x000000008a200000, 0x000000008a300000, 0x000000008a300000|100%| E|CS|TAMS 0x000000008a200000, 0x000000008a200000| Complete 
| 163|0x000000008a300000, 0x000000008a400000, 0x000000008a400000|100%| E|CS|TAMS 0x000000008a300000, 0x000000008a300000| Complete 
| 164|0x000000008a400000, 0x000000008a500000, 0x000000008a500000|100%| E|CS|TAMS 0x000000008a400000, 0x000000008a400000| Complete 
| 165|0x000000008a500000, 0x000000008a600000, 0x000000008a600000|100%| E|CS|TAMS 0x000000008a500000, 0x000000008a500000| Complete 
| 166|0x000000008a600000, 0x000000008a700000, 0x000000008a700000|100%| E|CS|TAMS 0x000000008a600000, 0x000000008a600000| Complete 
| 167|0x000000008a700000, 0x000000008a800000, 0x000000008a800000|100%| E|CS|TAMS 0x000000008a700000, 0x000000008a700000| Complete 
| 168|0x000000008a800000, 0x000000008a900000, 0x000000008a900000|100%| E|CS|TAMS 0x000000008a800000, 0x000000008a800000| Complete 
| 169|0x000000008a900000, 0x000000008aa00000, 0x000000008aa00000|100%| E|CS|TAMS 0x000000008a900000, 0x000000008a900000| Complete 
| 170|0x000000008aa00000, 0x000000008ab00000, 0x000000008ab00000|100%| E|CS|TAMS 0x000000008aa00000, 0x000000008aa00000| Complete 
| 171|0x000000008ab00000, 0x000000008ac00000, 0x000000008ac00000|100%| E|CS|TAMS 0x000000008ab00000, 0x000000008ab00000| Complete 
| 172|0x000000008ac00000, 0x000000008ad00000, 0x000000008ad00000|100%| E|CS|TAMS 0x000000008ac00000, 0x000000008ac00000| Complete 
| 173|0x000000008ad00000, 0x000000008ae00000, 0x000000008ae00000|100%| E|CS|TAMS 0x000000008ad00000, 0x000000008ad00000| Complete 
| 174|0x000000008ae00000, 0x000000008af00000, 0x000000008af00000|100%| E|CS|TAMS 0x000000008ae00000, 0x000000008ae00000| Complete 
| 175|0x000000008af00000, 0x000000008b000000, 0x000000008b000000|100%| E|CS|TAMS 0x000000008af00000, 0x000000008af00000| Complete 
| 176|0x000000008b000000, 0x000000008b100000, 0x000000008b100000|100%| E|CS|TAMS 0x000000008b000000, 0x000000008b000000| Complete 
| 177|0x000000008b100000, 0x000000008b200000, 0x000000008b200000|100%| E|CS|TAMS 0x000000008b100000, 0x000000008b100000| Complete 
| 178|0x000000008b200000, 0x000000008b300000, 0x000000008b300000|100%| E|CS|TAMS 0x000000008b200000, 0x000000008b200000| Complete 
| 179|0x000000008b300000, 0x000000008b400000, 0x000000008b400000|100%| E|CS|TAMS 0x000000008b300000, 0x000000008b300000| Complete 
| 180|0x000000008b400000, 0x000000008b500000, 0x000000008b500000|100%| E|CS|TAMS 0x000000008b400000, 0x000000008b400000| Complete 
| 181|0x000000008b500000, 0x000000008b600000, 0x000000008b600000|100%| E|CS|TAMS 0x000000008b500000, 0x000000008b500000| Complete 
| 182|0x000000008b600000, 0x000000008b700000, 0x000000008b700000|100%| E|CS|TAMS 0x000000008b600000, 0x000000008b600000| Complete 

Card table byte_map: [0x000001e425af0000,0x000001e425ef0000] _byte_map_base: 0x000001e4256f0000

Marking Bits (Prev, Next): (CMBitMap*) 0x000001e412913708, (CMBitMap*) 0x000001e412913740
 Prev Bits: [0x000001e4262f0000, 0x000001e4282f0000)
 Next Bits: [0x000001e4282f0000, 0x000001e42a2f0000)

Polling page: 0x000001e4108e0000

Metaspace:

Usage:
  Non-class:     70.06 MB capacity,    68.84 MB ( 98%) used,     1.02 MB (  1%) free+waste,   201.06 KB ( <1%) overhead. 
      Class:     10.96 MB capacity,    10.30 MB ( 94%) used,   588.53 KB (  5%) free+waste,    93.06 KB ( <1%) overhead. 
       Both:     81.02 MB capacity,    79.13 MB ( 98%) used,     1.60 MB (  2%) free+waste,   294.13 KB ( <1%) overhead. 

Virtual space:
  Non-class space:       72.00 MB reserved,      70.25 MB ( 98%) committed 
      Class space:        1.00 GB reserved,      11.07 MB (  1%) committed 
             Both:        1.07 GB reserved,      81.32 MB (  7%) committed 

Chunk freelists:
   Non-Class:  7.00 KB
       Class:  6.00 KB
        Both:  13.00 KB

MaxMetaspaceSize: 17179869184.00 GB
CompressedClassSpaceSize: 1.00 GB

CodeHeap 'non-profiled nmethods': size=120000Kb used=4995Kb max_used=4995Kb free=115004Kb
 bounds [0x000001e41de90000, 0x000001e41e380000, 0x000001e4253c0000]
CodeHeap 'profiled nmethods': size=120000Kb used=17228Kb max_used=17228Kb free=102771Kb
 bounds [0x000001e416960000, 0x000001e417a40000, 0x000001e41de90000]
CodeHeap 'non-nmethods': size=5760Kb used=2284Kb max_used=2333Kb free=3475Kb
 bounds [0x000001e4163c0000, 0x000001e416630000, 0x000001e416960000]
 total_blobs=8832 nmethods=7963 adapters=780
 compilation: enabled
              stopped_count=0, restarted_count=0
 full_count=0

Compilation events (20 events):
Event: 10.880 Thread 0x000001e42cd5d800 7975       3       org.gradle.api.internal.DefaultNamedDomainObjectCollection$UnfilteredIndex::put (13 bytes)
Event: 10.880 Thread 0x000001e42cd5d800 nmethod 7975 0x000001e417a20190 code [0x000001e417a20340, 0x000001e417a20508]
Event: 10.880 Thread 0x000001e42cd5d800 7976       1       org.gradle.api.services.internal.BuildServiceProvider::getType (5 bytes)
Event: 10.880 Thread 0x000001e42cd5d800 nmethod 7976 0x000001e41e370490 code [0x000001e41e370640, 0x000001e41e3706f8]
Event: 10.880 Thread 0x000001e42cd5d800 7977       3       org.gradle.api.internal.DelegatingDomainObjectSet::isEmpty (10 bytes)
Event: 10.880 Thread 0x000001e42cd5d800 nmethod 7977 0x000001e417a20610 code [0x000001e417a207c0, 0x000001e417a20988]
Event: 10.881 Thread 0x000001e42cd5d800 7978       3       org.gradle.api.internal.artifacts.configurations.DefaultConfigurationPublications_Decorated::getCapabilities (39 bytes)
Event: 10.881 Thread 0x000001e42cd5d800 nmethod 7978 0x000001e417a20a90 code [0x000001e417a20d00, 0x000001e417a21668]
Event: 10.881 Thread 0x000001e42cd5d800 7980       3       org.gradle.api.internal.artifacts.configurations.DefaultConfiguration::collectSuperConfigs (61 bytes)
Event: 10.882 Thread 0x000001e42cd5d800 nmethod 7980 0x000001e417a21990 code [0x000001e417a21bc0, 0x000001e417a22348]
Event: 10.882 Thread 0x000001e42cd5d800 7979       3       org.gradle.api.internal.artifacts.configurations.DefaultConfigurationPublications::getCapabilities (21 bytes)
Event: 10.882 Thread 0x000001e42cd5d800 nmethod 7979 0x000001e417a22590 code [0x000001e417a22760, 0x000001e417a22948]
Event: 10.886 Thread 0x000001e42cd5d800 7981       3       org.gradle.internal.instantiation.generator.AbstractClassGenerator::access$1600 (6 bytes)
Event: 10.886 Thread 0x000001e42cd5d800 nmethod 7981 0x000001e417a22a10 code [0x000001e417a22bc0, 0x000001e417a22cc8]
Event: 10.890 Thread 0x000001e42cd5d800 7982       3       org.gradle.model.internal.asm.AsmClassGenerator::<init> (88 bytes)
Event: 10.892 Thread 0x000001e42cd5d800 nmethod 7982 0x000001e417a22d90 code [0x000001e417a23160, 0x000001e417a24708]
Event: 10.892 Thread 0x000001e42cd5d800 7983       3       org.gradle.model.internal.asm.AsmClassGenerator::define (12 bytes)
Event: 10.893 Thread 0x000001e42cd5d800 nmethod 7983 0x000001e417a24f10 code [0x000001e417a25180, 0x000001e417a25c18]
Event: 10.893 Thread 0x000001e42cd5d800 7984       3       org.gradle.model.internal.asm.AsmClassGenerator::define (20 bytes)
Event: 10.893 Thread 0x000001e42cd5d800 nmethod 7984 0x000001e417a26010 code [0x000001e417a261e0, 0x000001e417a263f8]

GC Heap History (20 events):
Event: 2.780 GC heap before
{Heap before GC invocations=5 (full 0):
 garbage-first heap   total 129024K, used 70097K [0x0000000080000000, 0x0000000100000000)
  region size 1024K, 56 young (57344K), 5 survivors (5120K)
 Metaspace       used 26047K, capacity 26704K, committed 27008K, reserved 1073152K
  class space    used 3404K, capacity 3617K, committed 3712K, reserved 1048576K
}
Event: 2.786 GC heap after
{Heap after GC invocations=6 (full 0):
 garbage-first heap   total 129024K, used 19796K [0x0000000080000000, 0x0000000100000000)
  region size 1024K, 3 young (3072K), 3 survivors (3072K)
 Metaspace       used 26047K, capacity 26704K, committed 27008K, reserved 1073152K
  class space    used 3404K, capacity 3617K, committed 3712K, reserved 1048576K
}
Event: 3.607 GC heap before
{Heap before GC invocations=6 (full 0):
 garbage-first heap   total 129024K, used 77140K [0x0000000080000000, 0x0000000100000000)
  region size 1024K, 59 young (60416K), 3 survivors (3072K)
 Metaspace       used 34625K, capacity 35369K, committed 35584K, reserved 1079296K
  class space    used 4497K, capacity 4809K, committed 4864K, reserved 1048576K
}
Event: 3.613 GC heap after
{Heap after GC invocations=7 (full 0):
 garbage-first heap   total 155648K, used 22941K [0x0000000080000000, 0x0000000100000000)
  region size 1024K, 7 young (7168K), 7 survivors (7168K)
 Metaspace       used 34625K, capacity 35369K, committed 35584K, reserved 1079296K
  class space    used 4497K, capacity 4809K, committed 4864K, reserved 1048576K
}
Event: 3.659 GC heap before
{Heap before GC invocations=7 (full 0):
 garbage-first heap   total 155648K, used 24989K [0x0000000080000000, 0x0000000100000000)
  region size 1024K, 10 young (10240K), 7 survivors (7168K)
 Metaspace       used 35051K, capacity 35786K, committed 35840K, reserved 1081344K
  class space    used 4554K, capacity 4863K, committed 4864K, reserved 1048576K
}
Event: 3.669 GC heap after
{Heap after GC invocations=8 (full 0):
 garbage-first heap   total 155648K, used 23206K [0x0000000080000000, 0x0000000100000000)
  region size 1024K, 4 young (4096K), 4 survivors (4096K)
 Metaspace       used 35051K, capacity 35786K, committed 35840K, reserved 1081344K
  class space    used 4554K, capacity 4863K, committed 4864K, reserved 1048576K
}
Event: 4.595 GC heap before
{Heap before GC invocations=9 (full 0):
 garbage-first heap   total 155648K, used 97958K [0x0000000080000000, 0x0000000100000000)
  region size 1024K, 75 young (76800K), 4 survivors (4096K)
 Metaspace       used 40260K, capacity 41279K, committed 41420K, reserved 1085440K
  class space    used 5148K, capacity 5476K, committed 5580K, reserved 1048576K
}
Event: 4.604 GC heap after
{Heap after GC invocations=10 (full 0):
 garbage-first heap   total 155648K, used 29057K [0x0000000080000000, 0x0000000100000000)
  region size 1024K, 10 young (10240K), 10 survivors (10240K)
 Metaspace       used 40260K, capacity 41279K, committed 41420K, reserved 1085440K
  class space    used 5148K, capacity 5476K, committed 5580K, reserved 1048576K
}
Event: 5.498 GC heap before
{Heap before GC invocations=10 (full 0):
 garbage-first heap   total 155648K, used 104833K [0x0000000080000000, 0x0000000100000000)
  region size 1024K, 84 young (86016K), 10 survivors (10240K)
 Metaspace       used 46851K, capacity 48196K, committed 48332K, reserved 1091584K
  class space    used 6038K, capacity 6476K, committed 6604K, reserved 1048576K
}
Event: 5.509 GC heap after
{Heap after GC invocations=11 (full 0):
 garbage-first heap   total 155648K, used 31446K [0x0000000080000000, 0x0000000100000000)
  region size 1024K, 9 young (9216K), 9 survivors (9216K)
 Metaspace       used 46851K, capacity 48196K, committed 48332K, reserved 1091584K
  class space    used 6038K, capacity 6476K, committed 6604K, reserved 1048576K
}
Event: 6.430 GC heap before
{Heap before GC invocations=11 (full 0):
 garbage-first heap   total 155648K, used 123606K [0x0000000080000000, 0x0000000100000000)
  region size 1024K, 91 young (93184K), 9 survivors (9216K)
 Metaspace       used 50349K, capacity 51884K, committed 52044K, reserved 1093632K
  class space    used 6432K, capacity 6938K, committed 6988K, reserved 1048576K
}
Event: 6.444 GC heap after
{Heap after GC invocations=12 (full 0):
 garbage-first heap   total 187392K, used 52357K [0x0000000080000000, 0x0000000100000000)
  region size 1024K, 12 young (12288K), 12 survivors (12288K)
 Metaspace       used 50349K, capacity 51884K, committed 52044K, reserved 1093632K
  class space    used 6432K, capacity 6938K, committed 6988K, reserved 1048576K
}
Event: 7.329 GC heap before
{Heap before GC invocations=12 (full 0):
 garbage-first heap   total 187392K, used 109701K [0x0000000080000000, 0x0000000100000000)
  region size 1024K, 69 young (70656K), 12 survivors (12288K)
 Metaspace       used 58651K, capacity 60213K, committed 60236K, reserved 1101824K
  class space    used 7462K, capacity 8004K, committed 8012K, reserved 1048576K
}
Event: 7.345 GC heap after
{Heap after GC invocations=13 (full 0):
 garbage-first heap   total 187392K, used 56320K [0x0000000080000000, 0x0000000100000000)
  region size 1024K, 3 young (3072K), 3 survivors (3072K)
 Metaspace       used 58651K, capacity 60213K, committed 60236K, reserved 1101824K
  class space    used 7462K, capacity 8004K, committed 8012K, reserved 1048576K
}
Event: 8.388 GC heap before
{Heap before GC invocations=14 (full 0):
 garbage-first heap   total 187392K, used 131072K [0x0000000080000000, 0x0000000100000000)
  region size 1024K, 76 young (77824K), 3 survivors (3072K)
 Metaspace       used 65719K, capacity 67392K, committed 67660K, reserved 1107968K
  class space    used 8353K, capacity 8934K, committed 9036K, reserved 1048576K
}
Event: 8.398 GC heap after
{Heap after GC invocations=15 (full 0):
 garbage-first heap   total 187392K, used 60691K [0x0000000080000000, 0x0000000100000000)
  region size 1024K, 8 young (8192K), 8 survivors (8192K)
 Metaspace       used 65719K, capacity 67392K, committed 67660K, reserved 1107968K
  class space    used 8353K, capacity 8934K, committed 9036K, reserved 1048576K
}
Event: 9.095 GC heap before
{Heap before GC invocations=16 (full 0):
 garbage-first heap   total 187392K, used 135443K [0x0000000080000000, 0x0000000100000000)
  region size 1024K, 81 young (82944K), 8 survivors (8192K)
 Metaspace       used 68637K, capacity 70349K, committed 70604K, reserved 1110016K
  class space    used 8693K, capacity 9274K, committed 9420K, reserved 1048576K
}
Event: 9.107 GC heap after
{Heap after GC invocations=17 (full 0):
 garbage-first heap   total 187392K, used 66200K [0x0000000080000000, 0x0000000100000000)
  region size 1024K, 11 young (11264K), 11 survivors (11264K)
 Metaspace       used 68637K, capacity 70349K, committed 70604K, reserved 1110016K
  class space    used 8693K, capacity 9274K, committed 9420K, reserved 1048576K
}
Event: 10.229 GC heap before
{Heap before GC invocations=17 (full 0):
 garbage-first heap   total 187392K, used 139928K [0x0000000080000000, 0x0000000100000000)
  region size 1024K, 83 young (84992K), 11 survivors (11264K)
 Metaspace       used 76645K, capacity 78437K, committed 78668K, reserved 1118208K
  class space    used 9906K, capacity 10528K, committed 10572K, reserved 1048576K
}
Event: 10.246 GC heap after
{Heap after GC invocations=18 (full 0):
 garbage-first heap   total 187392K, used 71313K [0x0000000080000000, 0x0000000100000000)
  region size 1024K, 11 young (11264K), 11 survivors (11264K)
 Metaspace       used 76645K, capacity 78437K, committed 78668K, reserved 1118208K
  class space    used 9906K, capacity 10528K, committed 10572K, reserved 1048576K
}

Deoptimization events (20 events):
Event: 10.843 Thread 0x000001e4300fa800 DEOPT PACKING pc=0x000001e41710474c sp=0x000000579a7f79b0
Event: 10.843 Thread 0x000001e4300fa800 DEOPT UNPACKING pc=0x000001e4163e7c0e sp=0x000000579a7f6e50 mode 0
Event: 10.843 Thread 0x000001e4300fa800 DEOPT PACKING pc=0x000001e41714827c sp=0x000000579a7f7a20
Event: 10.843 Thread 0x000001e4300fa800 DEOPT UNPACKING pc=0x000001e4163e7c0e sp=0x000000579a7f6e20 mode 0
Event: 10.843 Thread 0x000001e4300fa800 Uncommon trap: trap_request=0xfffffff4 fr.pc=0x000001e41e33d398 relative=0x0000000000002218
Event: 10.843 Thread 0x000001e4300fa800 Uncommon trap: reason=null_check action=make_not_entrant pc=0x000001e41e33d398 method=sun.reflect.generics.visitor.Reifier.reifyTypeArguments([Lsun/reflect/generics/tree/TypeArgument;)[Ljava/lang/reflect/Type; @ 29 c2
Event: 10.843 Thread 0x000001e4300fa800 DEOPT PACKING pc=0x000001e41e33d398 sp=0x000000579a7f7aa0
Event: 10.843 Thread 0x000001e4300fa800 DEOPT UNPACKING pc=0x000001e4163c83af sp=0x000000579a7f79e8 mode 2
Event: 10.849 Thread 0x000001e4300fa800 Uncommon trap: trap_request=0xffffff4d fr.pc=0x000001e41e13e980 relative=0x0000000000000700
Event: 10.849 Thread 0x000001e4300fa800 Uncommon trap: reason=unstable_if action=reinterpret pc=0x000001e41e13e980 method=java.util.HashMap.putVal(ILjava/lang/Object;Ljava/lang/Object;ZZ)Ljava/lang/Object; @ 109 c2
Event: 10.849 Thread 0x000001e4300fa800 DEOPT PACKING pc=0x000001e41e13e980 sp=0x000000579a7f79a0
Event: 10.849 Thread 0x000001e4300fa800 DEOPT UNPACKING pc=0x000001e4163c83af sp=0x000000579a7f78b8 mode 2
Event: 10.849 Thread 0x000001e4300fa800 Uncommon trap: trap_request=0xffffff4d fr.pc=0x000001e41e011368 relative=0x0000000000000668
Event: 10.849 Thread 0x000001e4300fa800 Uncommon trap: reason=unstable_if action=reinterpret pc=0x000001e41e011368 method=java.util.HashMap.putVal(ILjava/lang/Object;Ljava/lang/Object;ZZ)Ljava/lang/Object; @ 109 c2
Event: 10.849 Thread 0x000001e4300fa800 DEOPT PACKING pc=0x000001e41e011368 sp=0x000000579a7f78f0
Event: 10.849 Thread 0x000001e4300fa800 DEOPT UNPACKING pc=0x000001e4163c83af sp=0x000000579a7f78a8 mode 2
Event: 10.852 Thread 0x000001e4300fa800 DEOPT PACKING pc=0x000001e4175a6d73 sp=0x000000579a7f7c40
Event: 10.852 Thread 0x000001e4300fa800 DEOPT UNPACKING pc=0x000001e4163e7c0e sp=0x000000579a7f7208 mode 0
Event: 10.885 Thread 0x000001e4300fa800 DEOPT PACKING pc=0x000001e4175a6d73 sp=0x000000579a7f7c40
Event: 10.885 Thread 0x000001e4300fa800 DEOPT UNPACKING pc=0x000001e4163e7c0e sp=0x000000579a7f7208 mode 0

Classes redefined (0 events):
No events

Internal exceptions (20 events):
Event: 9.834 Thread 0x000001e4300fa800 Exception <a 'java/lang/ClassNotFoundException'{0x00000000889fad98}: groovy/xml/slurpersupport/GPathResultBeanInfo> (0x00000000889fad98) thrown at [./src/hotspot/share/classfile/systemDictionary.cpp, line 231]
Event: 9.834 Thread 0x000001e4300fa800 Exception <a 'java/lang/ClassNotFoundException'{0x0000000088822680}: groovy/xml/slurpersupport/GPathResultCustomizer> (0x0000000088822680) thrown at [./src/hotspot/share/classfile/systemDictionary.cpp, line 231]
Event: 9.835 Thread 0x000001e4300fa800 Exception <a 'java/lang/ClassNotFoundException'{0x0000000088858930}: groovy/xml/slurpersupport/NodeChildCustomizer> (0x0000000088858930) thrown at [./src/hotspot/share/classfile/systemDictionary.cpp, line 231]
Event: 9.842 Thread 0x000001e4300fa800 Exception <a 'java/lang/ClassNotFoundException'{0x000000008876ca80}: groovy/xml/slurpersupport/AttributesBeanInfo> (0x000000008876ca80) thrown at [./src/hotspot/share/classfile/systemDictionary.cpp, line 231]
Event: 9.843 Thread 0x000001e4300fa800 Exception <a 'java/lang/ClassNotFoundException'{0x0000000088793e38}: groovy/xml/slurpersupport/NodeChildrenBeanInfo> (0x0000000088793e38) thrown at [./src/hotspot/share/classfile/systemDictionary.cpp, line 231]
Event: 9.844 Thread 0x000001e4300fa800 Exception <a 'java/lang/ClassNotFoundException'{0x00000000887bad20}: groovy/xml/slurpersupport/NodeChildrenCustomizer> (0x00000000887bad20) thrown at [./src/hotspot/share/classfile/systemDictionary.cpp, line 231]
Event: 9.845 Thread 0x000001e4300fa800 Exception <a 'java/lang/ClassNotFoundException'{0x00000000887e7d70}: groovy/xml/slurpersupport/AttributesCustomizer> (0x00000000887e7d70) thrown at [./src/hotspot/share/classfile/systemDictionary.cpp, line 231]
Event: 9.852 Thread 0x000001e4300fa800 Exception <a 'java/lang/ClassNotFoundException'{0x00000000886e1778}: groovy/xml/slurpersupport/AttributeBeanInfo> (0x00000000886e1778) thrown at [./src/hotspot/share/classfile/systemDictionary.cpp, line 231]
Event: 9.853 Thread 0x000001e4300fa800 Exception <a 'java/lang/ClassNotFoundException'{0x0000000088508130}: groovy/xml/slurpersupport/AttributeCustomizer> (0x0000000088508130) thrown at [./src/hotspot/share/classfile/systemDictionary.cpp, line 231]
Event: 10.355 Thread 0x000001e4300fa800 Exception <a 'sun/nio/fs/WindowsException'{0x000000008af7ecf8}> (0x000000008af7ecf8) thrown at [./src/hotspot/share/prims/jni.cpp, line 615]
Event: 10.356 Thread 0x000001e4300fa800 Exception <a 'sun/nio/fs/WindowsException'{0x000000008af7f0c0}> (0x000000008af7f0c0) thrown at [./src/hotspot/share/prims/jni.cpp, line 615]
Event: 10.476 Thread 0x000001e4300fa800 Exception <a 'java/lang/NullPointerException'{0x000000008a458b40}> (0x000000008a458b40) thrown at [./src/hotspot/share/interpreter/linkResolver.cpp, line 1440]
Event: 10.541 Thread 0x000001e4300fa800 Implicit null exception at 0x000001e41e289dd3 to 0x000001e41e291074
Event: 10.742 Thread 0x000001e4300fa800 Exception <a 'java/lang/NoSuchMethodError'{0x00000000891095d8}: 'int java.lang.invoke.DirectMethodHandle$Holder.invokeStatic(java.lang.Object, java.lang.Object, int, java.lang.Object)'> (0x00000000891095d8) thrown at [./src/hotspot/share/interpreter/linkResolver.cpp, line 773]
Event: 10.743 Thread 0x000001e4300fa800 Exception <a 'java/lang/NoSuchMethodError'{0x0000000089110480}: 'java.lang.Object java.lang.invoke.Invokers$Holder.linkToTargetMethod(java.lang.Object, int, java.lang.Object)'> (0x0000000089110480) thrown at [./src/hotspot/share/interpreter/linkResolver.cpp, line 773]
Event: 10.770 Thread 0x000001e4300fa800 Exception <a 'sun/nio/fs/WindowsException'{0x00000000890204b0}> (0x00000000890204b0) thrown at [./src/hotspot/share/prims/jni.cpp, line 615]
Event: 10.770 Thread 0x000001e4300fa800 Exception <a 'sun/nio/fs/WindowsException'{0x0000000089021808}> (0x0000000089021808) thrown at [./src/hotspot/share/prims/jni.cpp, line 615]
Event: 10.770 Thread 0x000001e4300fa800 Exception <a 'sun/nio/fs/WindowsException'{0x0000000089022b98}> (0x0000000089022b98) thrown at [./src/hotspot/share/prims/jni.cpp, line 615]
Event: 10.770 Thread 0x000001e4300fa800 Exception <a 'sun/nio/fs/WindowsException'{0x0000000089023f28}> (0x0000000089023f28) thrown at [./src/hotspot/share/prims/jni.cpp, line 615]
Event: 10.843 Thread 0x000001e4300fa800 Implicit null exception at 0x000001e41e33bcd1 to 0x000001e41e33d368

Events (20 events):
Event: 10.889 loading class com/android/tools/lint/model/LintModelModuleType
Event: 10.889 loading class com/android/tools/lint/model/LintModelModuleType done
Event: 10.892 loading class com/android/build/gradle/internal/lint/ProjectInputs$initializeFromProject$1
Event: 10.892 loading class com/android/build/gradle/internal/lint/ProjectInputs$initializeFromProject$1 done
Event: 10.893 loading class com/android/tools/lint/model/LintModelLintOptions
Event: 10.893 loading class com/android/tools/lint/model/LintModelLintOptions done
Event: 10.900 loading class com/android/build/gradle/internal/lint/SdkVersionInput
Event: 10.900 loading class com/android/build/gradle/internal/lint/SdkVersionInput done
Event: 10.900 loading class com/android/tools/lint/model/LintModelVariant
Event: 10.900 loading class com/android/tools/lint/model/LintModelVariant done
Event: 10.901 loading class com/android/build/gradle/internal/lint/BuildFeaturesInput
Event: 10.901 loading class com/android/build/gradle/internal/lint/BuildFeaturesInput done
Event: 10.901 loading class com/android/build/gradle/internal/lint/AndroidArtifactInput
Event: 10.901 loading class com/android/build/gradle/internal/lint/AndroidArtifactInput done
Event: 10.902 loading class com/android/build/gradle/internal/lint/ArtifactInput
Event: 10.902 loading class com/android/build/gradle/internal/lint/ArtifactInput done
Event: 10.903 loading class com/android/build/gradle/internal/lint/SourceProviderInput
Event: 10.903 loading class com/android/build/gradle/internal/lint/SourceProviderInput done
Event: 10.903 loading class com/android/build/gradle/internal/lint/JavaArtifactInput
Event: 10.903 loading class com/android/build/gradle/internal/lint/JavaArtifactInput done


Dynamic libraries:
0x00007ff797930000 - 0x00007ff79793a000 	D:\Program Files\Android\jre\bin\java.exe
0x00007ffa79f40000 - 0x00007ffa7a130000 	C:\Windows\SYSTEM32\ntdll.dll
0x00007ffa793e0000 - 0x00007ffa79492000 	C:\Windows\System32\KERNEL32.DLL
0x00007ffa77d50000 - 0x00007ffa77ff3000 	C:\Windows\System32\KERNELBASE.dll
0x00007ffa77b20000 - 0x00007ffa77c1a000 	C:\Windows\System32\ucrtbase.dll
0x00007ffa6ec90000 - 0x00007ffa6eca7000 	D:\Program Files\Android\jre\bin\VCRUNTIME140.dll
0x00007ffa6fe20000 - 0x00007ffa6fe39000 	D:\Program Files\Android\jre\bin\jli.dll
0x00007ffa79090000 - 0x00007ffa79224000 	C:\Windows\System32\USER32.dll
0x00007ffa76f10000 - 0x00007ffa76f31000 	C:\Windows\System32\win32u.dll
0x00007ffa78890000 - 0x00007ffa788b6000 	C:\Windows\System32\GDI32.dll
0x00007ffa77130000 - 0x00007ffa772c4000 	C:\Windows\System32\gdi32full.dll
0x00007ffa77090000 - 0x00007ffa7712e000 	C:\Windows\System32\msvcp_win.dll
0x00007ffa63cc0000 - 0x00007ffa63f45000 	C:\Windows\WinSxS\amd64_microsoft.windows.common-controls_6595b64144ccf1df_6.0.18362.535_none_e6c3b34713100821\COMCTL32.dll
0x00007ffa784a0000 - 0x00007ffa7853e000 	C:\Windows\System32\msvcrt.dll
0x00007ffa78030000 - 0x00007ffa78366000 	C:\Windows\System32\combase.dll
0x00007ffa79710000 - 0x00007ffa79830000 	C:\Windows\System32\RPCRT4.dll
0x00007ffa77c20000 - 0x00007ffa77ca0000 	C:\Windows\System32\bcryptPrimitives.dll
0x00007ffa78540000 - 0x00007ffa7856e000 	C:\Windows\System32\IMM32.DLL
0x00007ffa50c80000 - 0x00007ffa50d1d000 	D:\Program Files\Android\jre\bin\msvcp140.dll
0x00007ffa35290000 - 0x00007ffa35d65000 	D:\Program Files\Android\jre\bin\server\jvm.dll
0x00007ffa79640000 - 0x00007ffa796e3000 	C:\Windows\System32\ADVAPI32.dll
0x00007ffa783f0000 - 0x00007ffa78487000 	C:\Windows\System32\sechost.dll
0x00007ffa798e0000 - 0x00007ffa798e8000 	C:\Windows\System32\PSAPI.DLL
0x00007ffa70840000 - 0x00007ffa7084a000 	C:\Windows\SYSTEM32\VERSION.dll
0x00007ffa74a20000 - 0x00007ffa74a44000 	C:\Windows\SYSTEM32\WINMM.dll
0x00007ffa71a30000 - 0x00007ffa71a39000 	C:\Windows\SYSTEM32\WSOCK32.dll
0x00007ffa788c0000 - 0x00007ffa7892f000 	C:\Windows\System32\WS2_32.dll
0x00007ffa745a0000 - 0x00007ffa745cd000 	C:\Windows\SYSTEM32\winmmbase.dll
0x00007ffa77d00000 - 0x00007ffa77d4a000 	C:\Windows\System32\cfgmgr32.dll
0x00007ffa76e60000 - 0x00007ffa76e71000 	C:\Windows\System32\kernel.appcore.dll
0x00007ffa6fe40000 - 0x00007ffa6fe51000 	D:\Program Files\Android\jre\bin\verify.dll
0x00007ffa75770000 - 0x00007ffa75964000 	C:\Windows\SYSTEM32\DBGHELP.DLL
0x00007ffa60c70000 - 0x00007ffa60c9a000 	C:\Windows\SYSTEM32\dbgcore.DLL
0x00007ffa65570000 - 0x00007ffa65599000 	D:\Program Files\Android\jre\bin\java.dll
0x00007ffa71a20000 - 0x00007ffa71a2b000 	D:\Program Files\Android\jre\bin\jimage.dll
0x00007ffa6ec70000 - 0x00007ffa6ec88000 	D:\Program Files\Android\jre\bin\zip.dll
0x00007ffa78930000 - 0x00007ffa79015000 	C:\Windows\System32\SHELL32.dll
0x00007ffa78780000 - 0x00007ffa78829000 	C:\Windows\System32\shcore.dll
0x00007ffa772f0000 - 0x00007ffa77a6f000 	C:\Windows\System32\windows.storage.dll
0x00007ffa76ed0000 - 0x00007ffa76eef000 	C:\Windows\System32\profapi.dll
0x00007ffa76e80000 - 0x00007ffa76eca000 	C:\Windows\System32\powrprof.dll
0x00007ffa76e50000 - 0x00007ffa76e60000 	C:\Windows\System32\UMPDC.dll
0x00007ffa794a0000 - 0x00007ffa794f2000 	C:\Windows\System32\shlwapi.dll
0x00007ffa772d0000 - 0x00007ffa772e7000 	C:\Windows\System32\cryptsp.dll
0x00007ffa6e560000 - 0x00007ffa6e57a000 	D:\Program Files\Android\jre\bin\net.dll
0x00007ffa67470000 - 0x00007ffa67560000 	C:\Windows\SYSTEM32\WINHTTP.dll
0x00007ffa766c0000 - 0x00007ffa76727000 	C:\Windows\system32\mswsock.dll
0x00007ffa66fe0000 - 0x00007ffa66ff4000 	D:\Program Files\Android\jre\bin\nio.dll
0x00007ffa540d0000 - 0x00007ffa540f7000 	D:\ProgramsfilesD\Android\Sdk\native\e1d6ef7f7dcc3fd88c89a11ec53ec762bb8ba0a96d01ffa2cd45eb1d1d8dd5c5\windows-amd64\native-platform.dll
0x00007ffa4a870000 - 0x00007ffa4a9b4000 	D:\ProgramsfilesD\Android\Sdk\native\5664cfc778a61ccfe75a443a1ab52a65af34e5dc3c78e0209fed803814484fcb\windows-amd64\native-platform-file-events.dll
0x00007ffa6c250000 - 0x00007ffa6c25a000 	D:\Program Files\Android\jre\bin\management.dll
0x00007ffa66f90000 - 0x00007ffa66f9d000 	D:\Program Files\Android\jre\bin\management_ext.dll
0x00007ffa76230000 - 0x00007ffa76263000 	C:\Windows\system32\rsaenh.dll
0x00007ffa78000000 - 0x00007ffa78026000 	C:\Windows\System32\bcrypt.dll
0x00007ffa76d40000 - 0x00007ffa76d65000 	C:\Windows\SYSTEM32\USERENV.dll
0x00007ffa76890000 - 0x00007ffa7689c000 	C:\Windows\SYSTEM32\CRYPTBASE.dll
0x00007ffa763d0000 - 0x00007ffa7640a000 	C:\Windows\SYSTEM32\IPHLPAPI.DLL
0x00007ffa78490000 - 0x00007ffa78498000 	C:\Windows\System32\NSI.dll
0x00007ffa6e9d0000 - 0x00007ffa6e9e6000 	C:\Windows\SYSTEM32\dhcpcsvc6.DLL
0x00007ffa701d0000 - 0x00007ffa701ec000 	C:\Windows\SYSTEM32\dhcpcsvc.DLL
0x00007ffa76410000 - 0x00007ffa764da000 	C:\Windows\SYSTEM32\DNSAPI.dll

dbghelp: loaded successfully - version: 4.0.5 - missing functions: none
symbol engine: initialized successfully - sym options: 0x614 - pdb path: .;D:\Program Files\Android\jre\bin;C:\Windows\SYSTEM32;C:\Windows\WinSxS\amd64_microsoft.windows.common-controls_6595b64144ccf1df_6.0.18362.535_none_e6c3b34713100821;D:\Program Files\Android\jre\bin\server;D:\ProgramsfilesD\Android\Sdk\native\e1d6ef7f7dcc3fd88c89a11ec53ec762bb8ba0a96d01ffa2cd45eb1d1d8dd5c5\windows-amd64;D:\ProgramsfilesD\Android\Sdk\native\5664cfc778a61ccfe75a443a1ab52a65af34e5dc3c78e0209fed803814484fcb\windows-amd64

VM Arguments:
jvm_args: --add-opens=java.base/java.util=ALL-UNNAMED --add-opens=java.base/java.lang=ALL-UNNAMED --add-opens=java.base/java.lang.invoke=ALL-UNNAMED --add-opens=java.base/java.util=ALL-UNNAMED --add-opens=java.prefs/java.util.prefs=ALL-UNNAMED --add-opens=java.prefs/java.util.prefs=ALL-UNNAMED --add-opens=java.base/java.nio.charset=ALL-UNNAMED --add-opens=java.base/java.net=ALL-UNNAMED --add-opens=java.base/java.util.concurrent.atomic=ALL-UNNAMED -Xmx2048m -Dfile.encoding=UTF-8 -Duser.country=RU -Duser.language=ru -Duser.variant 
java_command: org.gradle.launcher.daemon.bootstrap.GradleDaemon 7.2
java_class_path (initial): D:\ProgramsfilesD\Android\Sdk\wrapper\dists\gradle-7.2-bin\2dnblmf4td7x66yl1d74lt32g\gradle-7.2\lib\gradle-launcher-7.2.jar
Launcher Type: SUN_STANDARD

[Global flags]
     intx CICompilerCount                          = 4                                         {product} {ergonomic}
     uint ConcGCThreads                            = 2                                         {product} {ergonomic}
     uint G1ConcRefinementThreads                  = 8                                         {product} {ergonomic}
   size_t G1HeapRegionSize                         = 1048576                                   {product} {ergonomic}
    uintx GCDrainStackTargetSize                   = 64                                        {product} {ergonomic}
   size_t InitialHeapSize                          = 132120576                                 {product} {ergonomic}
   size_t MarkStackSize                            = 4194304                                   {product} {ergonomic}
   size_t MaxHeapSize                              = 2147483648                                {product} {command line}
   size_t MaxNewSize                               = 1287651328                                {product} {ergonomic}
   size_t MinHeapDeltaBytes                        = 1048576                                   {product} {ergonomic}
    uintx NonNMethodCodeHeapSize                   = 5836300                                {pd product} {ergonomic}
    uintx NonProfiledCodeHeapSize                  = 122910970                              {pd product} {ergonomic}
    uintx ProfiledCodeHeapSize                     = 122910970                              {pd product} {ergonomic}
    uintx ReservedCodeCacheSize                    = 251658240                              {pd product} {ergonomic}
     bool SegmentedCodeCache                       = true                                      {product} {ergonomic}
     bool UseCompressedClassPointers               = true                                 {lp64_product} {ergonomic}
     bool UseCompressedOops                        = true                                 {lp64_product} {ergonomic}
     bool UseG1GC                                  = true                                      {product} {ergonomic}
     bool UseLargePagesIndividualAllocation        = false                                  {pd product} {ergonomic}

Logging:
Log output configuration:
 #0: stdout all=warning uptime,level,tags
 #1: stderr all=off uptime,level,tags

Environment Variables:
JAVA_HOME=D:\Program Files\Java
PATH=C:\PROGRA~2\Borland\CBUILD~1\Bin;C:\PROGRA~2\Borland\CBUILD~1\Projects\Bpl;C:\Program Files\Common Files\Oracle\Java\javapath;C:\Windows\system32;C:\Windows;C:\Windows\System32\Wbem;C:\Windows\System32\WindowsPowerShell\v1.0\;C:\Program Files (x86)\NVIDIA Corporation\PhysX\Common;C:\Program Files\NVIDIA Corporation\NVIDIA NvDLISR;C:\Program Files\Microsoft\Web Platform Installer\;C:\Program Files (x86)\Microsoft ASP.NET\ASP.NET Web Pages\v1.0\;C:\Program Files\Microsoft SQL Server\110\Tools\Binn\;C:\Program Files\Git\cmd;C:\Users\asus\AppData\Local\Programs\Python\Python310\Scripts\;C:\Users\asus\AppData\Local\Programs\Python\Python310\;C:\Users\asus\AppData\Local\Microsoft\WindowsApps;;D:\Program Files\JetBrains\IntelliJ IDEA Community Edition 2020.3\bin;
USERNAME=asus
OS=Windows_NT
PROCESSOR_IDENTIFIER=Intel64 Family 6 Model 126 Stepping 5, GenuineIntel



---------------  S Y S T E M  ---------------

OS: Windows 10 , 64 bit Build 18362 (10.0.18362.329)
OS uptime: 0 days 3:25 hours

CPU:total 8 (initial active 8) (4 cores per cpu, 2 threads per core) family 6 model 126 stepping 5 microcode 0x96, cmov, cx8, fxsr, mmx, sse, sse2, sse3, ssse3, sse4.1, sse4.2, popcnt, avx, avx2, aes, clmul, erms, 3dnowpref, lzcnt, ht, tsc, tscinvbit, bmi1, bmi2, adx, evex, sha, fma

Memory: 4k page, system-wide physical 7997M (1516M free)
TotalPageFile size 7997M (AvailPageFile size 5M)
current process WorkingSet (physical memory assigned to process): 437M, peak: 438M
current process commit charge ("private bytes"): 475M, peak: 477M

vm_info: OpenJDK 64-Bit Server VM (11.0.11+9-b60-7590822) for windows-amd64 JRE (11.0.11+9-b60-7590822), built on Jul 29 2021 21:43:44 by "builder" with MS VC++ 14.0 (VS2015)

END.
