#
# There is insufficient memory for the Java Runtime Environment to continue.
# Native memory allocation (malloc) failed to allocate 32784 bytes for Chunk::new
# Possible reasons:
#   The system is out of physical RAM or swap space
#   The process is running with CompressedOops enabled, and the Java Heap may be blocking the growth of the native heap
# Possible solutions:
#   Reduce memory load on the system
#   Increase physical memory or swap space
#   Check if swap backing store is full
#   Decrease Java heap size (-Xmx/-Xms)
#   Decrease number of Java threads
#   Decrease Java thread stack sizes (-Xss)
#   Set larger code cache with -XX:ReservedCodeCacheSize=
#   JVM is running with Unscaled Compressed Oops mode in which the Java heap is
#     placed in the first 4GB address space. The Java Heap base address is the
#     maximum limit for the native heap growth. Please use -XX:HeapBaseMinAddress
#     to set the Java Heap base and to place the Java Heap above 4GB virtual address.
# This output file may be truncated or incomplete.
#
#  Out of Memory Error (./src/hotspot/share/memory/arena.cpp:197), pid=1888, tid=7256
#
# JRE version: OpenJDK Runtime Environment (11.0.11+9) (build 11.0.11+9-b60-7590822)
# Java VM: OpenJDK 64-Bit Server VM (11.0.11+9-b60-7590822, mixed mode, tiered, compressed oops, g1 gc, windows-amd64)
# No core dump will be written. Minidumps are not enabled by default on client versions of Windows
#

---------------  S U M M A R Y ------------

Command Line: --add-opens=java.base/java.util=ALL-UNNAMED --add-opens=java.base/java.lang=ALL-UNNAMED --add-opens=java.base/java.lang.invoke=ALL-UNNAMED --add-opens=java.base/java.util=ALL-UNNAMED --add-opens=java.prefs/java.util.prefs=ALL-UNNAMED --add-opens=java.prefs/java.util.prefs=ALL-UNNAMED --add-opens=java.base/java.nio.charset=ALL-UNNAMED --add-opens=java.base/java.net=ALL-UNNAMED --add-opens=java.base/java.util.concurrent.atomic=ALL-UNNAMED -Xmx2048m -Dfile.encoding=UTF-8 -Duser.country=RU -Duser.language=ru -Duser.variant org.gradle.launcher.daemon.bootstrap.GradleDaemon 7.2

Host: Intel(R) Core(TM) i7-1065G7 CPU @ 1.30GHz, 8 cores, 7G,  Windows 10 , 64 bit Build 18362 (10.0.18362.329)
Time: Fri May 20 17:52:38 2022 Caiaaiay Acey (ceia) elapsed time: 10.332660 seconds (0d 0h 0m 10s)

---------------  T H R E A D  ---------------

Current thread (0x000002093c295800):  JavaThread "C2 CompilerThread2" daemon [_thread_in_native, id=7256, stack(0x000000093ac00000,0x000000093ad00000)]


Current CompileTask:
C2:  10332 7530       4       java.lang.Class::annotationData (44 bytes)

Stack: [0x000000093ac00000,0x000000093ad00000]
Native frames: (J=compiled Java code, j=interpreted, Vv=VM code, C=native code)
V  [jvm.dll+0x5f214a]
V  [jvm.dll+0x726fb5]
V  [jvm.dll+0x7285cd]
V  [jvm.dll+0x728c83]
V  [jvm.dll+0x243278]
V  [jvm.dll+0xbc53c]
V  [jvm.dll+0xbca3c]
V  [jvm.dll+0x4f73e4]
V  [jvm.dll+0x4f9a7e]
V  [jvm.dll+0x4f7e1e]
V  [jvm.dll+0x4f862f]
V  [jvm.dll+0x4f7c1f]
V  [jvm.dll+0x4f7c33]
V  [jvm.dll+0x4f7be6]
V  [jvm.dll+0x4f7c33]
V  [jvm.dll+0x4f7c33]
V  [jvm.dll+0x4f7be6]
V  [jvm.dll+0x5089e6]
V  [jvm.dll+0x1fd826]
V  [jvm.dll+0x1fb35f]
V  [jvm.dll+0x183d6c]
V  [jvm.dll+0x209a57]
V  [jvm.dll+0x2082a1]
V  [jvm.dll+0x6ef58f]
V  [jvm.dll+0x6e80b5]
V  [jvm.dll+0x5f1036]
C  [ucrtbase.dll+0x20e72]
C  [KERNEL32.DLL+0x17bd4]
C  [ntdll.dll+0x6ced1]


---------------  P R O C E S S  ---------------

Threads class SMR info:
_java_thread_list=0x000002094128c4d0, length=124, elements={
0x000002091e40e000, 0x0000020938868000, 0x000002093886b800, 0x0000020938884000,
0x0000020938889000, 0x000002093888a000, 0x000002093888c000, 0x000002093888f800,
0x0000020938891000, 0x0000020939291800, 0x000002093a8e8000, 0x00000209395dd800,
0x000002093b998800, 0x00000209394a8800, 0x000002093ba8d800, 0x000002093b347000,
0x000002093b725800, 0x000002093b451800, 0x000002093a888000, 0x000002093b778000,
0x000002093b529800, 0x000002093b52c000, 0x000002093b526800, 0x000002093b52b000,
0x000002093b52d000, 0x000002093b527000, 0x000002093b528000, 0x000002093b52a800,
0x000002093b528800, 0x000002093c295800, 0x000002093c2f8000, 0x000002093c2fd800,
0x000002093c2fa800, 0x000002093c2f9000, 0x000002093c2fb000, 0x000002093c301800,
0x000002093c301000, 0x000002093c2fc000, 0x000002093c305000, 0x000002093c303800,
0x000002093c302800, 0x000002093c304000, 0x000002093c2ff800, 0x000002093c306000,
0x000002093c300000, 0x000002093c306800, 0x000002093faf0800, 0x000002093faea800,
0x000002093faee800, 0x000002093faec800, 0x000002093faf1000, 0x000002093faed000,
0x000002093faee000, 0x000002093faef800, 0x000002093faeb800, 0x000002093faf4800,
0x000002093faf6000, 0x000002093faf3800, 0x000002093faf2000, 0x000002093faf7000,
0x000002093faf7800, 0x000002093faf8800, 0x000002093faf5000, 0x000002093faf3000,
0x000002093faf9800, 0x0000020939f7a800, 0x0000020939f7d800, 0x0000020939f7d000,
0x0000020939f7b000, 0x0000020939f7c000, 0x0000020939f79000, 0x0000020939f79800,
0x0000020939f7e800, 0x0000020939f7f800, 0x000002093c585800, 0x000002093c586800,
0x000002093c584800, 0x000002093c587000, 0x000002093c589000, 0x000002093c583000,
0x000002093c588000, 0x000002093c589800, 0x000002093c584000, 0x000002093c590000,
0x000002093c58c000, 0x000002093c58d800, 0x000002093c58b000, 0x000002093c58a800,
0x000002093c591800, 0x000002093c58d000, 0x000002093c58f800, 0x000002093c58e800,
0x000002093c591000, 0x00000209402a6000, 0x00000209402a9800, 0x00000209402a3800,
0x00000209402a7000, 0x00000209402aa000, 0x00000209402a4800, 0x00000209402a7800,
0x00000209402a8800, 0x00000209402a5000, 0x00000209402ab000, 0x00000209402b1800,
0x00000209402b0800, 0x00000209402ab800, 0x00000209402ac800, 0x00000209402af000,
0x00000209402b0000, 0x00000209402b2800, 0x00000209402ad800, 0x00000209402ae000,
0x000002093cfb9800, 0x000002093cfb6000, 0x000002093cfb8800, 0x000002093cfb5800,
0x000002093cfbc000, 0x000002093cfbb000, 0x000002093cfb7800, 0x000002093cfbc800,
0x000002093cfb7000, 0x000002093cfba000, 0x000002093cfbf000, 0x000002093cfc3000
}

Java Threads: ( => current thread )
  0x000002091e40e000 JavaThread "main" [_thread_blocked, id=12044, stack(0x0000000938000000,0x0000000938100000)]
  0x0000020938868000 JavaThread "Reference Handler" daemon [_thread_blocked, id=11748, stack(0x0000000938700000,0x0000000938800000)]
  0x000002093886b800 JavaThread "Finalizer" daemon [_thread_blocked, id=12008, stack(0x0000000938800000,0x0000000938900000)]
  0x0000020938884000 JavaThread "Signal Dispatcher" daemon [_thread_blocked, id=7752, stack(0x0000000938900000,0x0000000938a00000)]
  0x0000020938889000 JavaThread "Attach Listener" daemon [_thread_blocked, id=4828, stack(0x0000000938a00000,0x0000000938b00000)]
  0x000002093888a000 JavaThread "Service Thread" daemon [_thread_blocked, id=2072, stack(0x0000000938b00000,0x0000000938c00000)]
  0x000002093888c000 JavaThread "C2 CompilerThread0" daemon [_thread_in_native, id=7420, stack(0x0000000938c00000,0x0000000938d00000)]
  0x000002093888f800 JavaThread "C1 CompilerThread0" daemon [_thread_in_native, id=12200, stack(0x0000000938d00000,0x0000000938e00000)]
  0x0000020938891000 JavaThread "Sweeper thread" daemon [_thread_blocked, id=9960, stack(0x0000000938e00000,0x0000000938f00000)]
  0x0000020939291800 JavaThread "Common-Cleaner" daemon [_thread_blocked, id=2292, stack(0x0000000938f00000,0x0000000939000000)]
  0x000002093a8e8000 JavaThread "Daemon health stats" [_thread_blocked, id=3140, stack(0x0000000939500000,0x0000000939600000)]
  0x00000209395dd800 JavaThread "Incoming local TCP Connector on port 62131" [_thread_in_native, id=12268, stack(0x0000000939100000,0x0000000939200000)]
  0x000002093b998800 JavaThread "Daemon periodic checks" [_thread_blocked, id=12188, stack(0x0000000939200000,0x0000000939300000)]
  0x00000209394a8800 JavaThread "Daemon" [_thread_blocked, id=7756, stack(0x0000000939600000,0x0000000939700000)]
  0x000002093ba8d800 JavaThread "Handler for socket connection from /127.0.0.1:62131 to /127.0.0.1:62132" [_thread_in_native, id=10872, stack(0x0000000939700000,0x0000000939800000)]
  0x000002093b347000 JavaThread "Cancel handler" [_thread_blocked, id=10472, stack(0x0000000939800000,0x0000000939900000)]
  0x000002093b725800 JavaThread "Daemon worker" [_thread_in_Java, id=2476, stack(0x0000000939900000,0x0000000939a00000)]
  0x000002093b451800 JavaThread "C2 CompilerThread1" daemon [_thread_in_native, id=11176, stack(0x0000000939a00000,0x0000000939b00000)]
  0x000002093a888000 JavaThread "Asynchronous log dispatcher for DefaultDaemonConnection: socket connection from /127.0.0.1:62131 to /127.0.0.1:62132" [_thread_blocked, id=9860, stack(0x0000000939b00000,0x0000000939c00000)]
  0x000002093b778000 JavaThread "Stdin handler" [_thread_blocked, id=11832, stack(0x0000000939c00000,0x0000000939d00000)]
  0x000002093b529800 JavaThread "Daemon client event forwarder" [_thread_blocked, id=9652, stack(0x0000000939d00000,0x0000000939e00000)]
  0x000002093b52c000 JavaThread "Cache worker for journal cache (D:\ProgramsfilesD\Android\Sdk\caches\journal-1)" [_thread_blocked, id=10036, stack(0x000000093a300000,0x000000093a400000)]
  0x000002093b526800 JavaThread "File lock request listener" [_thread_in_native, id=10844, stack(0x000000093a400000,0x000000093a500000)]
  0x000002093b52b000 JavaThread "Cache worker for file hash cache (D:\ProgramsfilesD\Android\Sdk\caches\7.2\fileHashes)" [_thread_blocked, id=3236, stack(0x000000093a500000,0x000000093a600000)]
  0x000002093b52d000 JavaThread "Cache worker for file hash cache (D:\NotesApp\.gradle\7.2\fileHashes)" [_thread_blocked, id=6404, stack(0x000000093a700000,0x000000093a800000)]
  0x000002093b527000 JavaThread "File watcher server" daemon [_thread_in_native, id=11828, stack(0x000000093a800000,0x000000093a900000)]
  0x000002093b528000 JavaThread "File watcher consumer" daemon [_thread_blocked, id=8552, stack(0x000000093a900000,0x000000093aa00000)]
  0x000002093b52a800 JavaThread "Cache worker for checksums cache (D:\NotesApp\.gradle\checksums)" [_thread_blocked, id=8340, stack(0x000000093aa00000,0x000000093ab00000)]
  0x000002093b528800 JavaThread "Cache worker for cache directory md-supplier (D:\ProgramsfilesD\Android\Sdk\caches\7.2\md-supplier)" [_thread_blocked, id=4728, stack(0x000000093ab00000,0x000000093ac00000)]
=>0x000002093c295800 JavaThread "C2 CompilerThread2" daemon [_thread_in_native, id=7256, stack(0x000000093ac00000,0x000000093ad00000)]
  0x000002093c2f8000 JavaThread "Cache worker for cache directory md-rule (D:\ProgramsfilesD\Android\Sdk\caches\7.2\md-rule)" [_thread_blocked, id=10164, stack(0x000000093ad00000,0x000000093ae00000)]
  0x000002093c2fd800 JavaThread "Cache worker for execution history cache (D:\ProgramsfilesD\Android\Sdk\caches\7.2\executionHistory)" [_thread_blocked, id=1452, stack(0x000000093ae00000,0x000000093af00000)]
  0x000002093c2fa800 JavaThread "jar transforms" [_thread_blocked, id=6936, stack(0x000000093af00000,0x000000093b000000)]
  0x000002093c2f9000 JavaThread "Cache worker for file content cache (D:\ProgramsfilesD\Android\Sdk\caches\7.2\fileContent)" [_thread_blocked, id=6460, stack(0x000000093b000000,0x000000093b100000)]
  0x000002093c2fb000 JavaThread "jar transforms Thread 2" [_thread_blocked, id=3588, stack(0x000000093b100000,0x000000093b200000)]
  0x000002093c301800 JavaThread "Cache worker for dependencies-accessors (D:\NotesApp\.gradle\7.2\dependencies-accessors)" [_thread_blocked, id=3912, stack(0x000000093b200000,0x000000093b300000)]
  0x000002093c301000 JavaThread "jar transforms Thread 3" [_thread_blocked, id=11704, stack(0x000000093b300000,0x000000093b400000)]
  0x000002093c2fc000 JavaThread "Cache worker for Build Output Cleanup Cache (D:\NotesApp\.gradle\buildOutputCleanup)" [_thread_blocked, id=12276, stack(0x000000093b400000,0x000000093b500000)]
  0x000002093c305000 JavaThread "Unconstrained build operations" [_thread_blocked, id=10992, stack(0x000000093b500000,0x000000093b600000)]
  0x000002093c303800 JavaThread "Unconstrained build operations Thread 2" [_thread_blocked, id=3468, stack(0x000000093b600000,0x000000093b700000)]
  0x000002093c302800 JavaThread "Unconstrained build operations Thread 3" [_thread_blocked, id=11416, stack(0x000000093b700000,0x000000093b800000)]
  0x000002093c304000 JavaThread "Unconstrained build operations Thread 4" [_thread_blocked, id=7996, stack(0x000000093b800000,0x000000093b900000)]
  0x000002093c2ff800 JavaThread "Unconstrained build operations Thread 5" [_thread_blocked, id=3164, stack(0x000000093b900000,0x000000093ba00000)]
  0x000002093c306000 JavaThread "Unconstrained build operations Thread 6" [_thread_blocked, id=11692, stack(0x000000093ba00000,0x000000093bb00000)]
  0x000002093c300000 JavaThread "Unconstrained build operations Thread 7" [_thread_blocked, id=11412, stack(0x000000093bb00000,0x000000093bc00000)]
  0x000002093c306800 JavaThread "Unconstrained build operations Thread 8" [_thread_blocked, id=1976, stack(0x000000093bc00000,0x000000093bd00000)]
  0x000002093faf0800 JavaThread "Unconstrained build operations Thread 9" [_thread_blocked, id=11808, stack(0x000000093bd00000,0x000000093be00000)]
  0x000002093faea800 JavaThread "Unconstrained build operations Thread 10" [_thread_blocked, id=1568, stack(0x000000093be00000,0x000000093bf00000)]
  0x000002093faee800 JavaThread "Unconstrained build operations Thread 11" [_thread_blocked, id=8076, stack(0x000000093bf00000,0x000000093c000000)]
  0x000002093faec800 JavaThread "Unconstrained build operations Thread 12" [_thread_blocked, id=5232, stack(0x000000093c000000,0x000000093c100000)]
  0x000002093faf1000 JavaThread "Unconstrained build operations Thread 13" [_thread_blocked, id=5636, stack(0x000000093c100000,0x000000093c200000)]
  0x000002093faed000 JavaThread "Unconstrained build operations Thread 14" [_thread_blocked, id=1512, stack(0x000000093c200000,0x000000093c300000)]
  0x000002093faee000 JavaThread "Unconstrained build operations Thread 15" [_thread_blocked, id=10644, stack(0x000000093c300000,0x000000093c400000)]
  0x000002093faef800 JavaThread "Unconstrained build operations Thread 16" [_thread_blocked, id=2156, stack(0x000000093c400000,0x000000093c500000)]
  0x000002093faeb800 JavaThread "Unconstrained build operations Thread 17" [_thread_blocked, id=8844, stack(0x000000093c500000,0x000000093c600000)]
  0x000002093faf4800 JavaThread "Unconstrained build operations Thread 18" [_thread_blocked, id=4060, stack(0x000000093c600000,0x000000093c700000)]
  0x000002093faf6000 JavaThread "Unconstrained build operations Thread 19" [_thread_blocked, id=3200, stack(0x000000093c700000,0x000000093c800000)]
  0x000002093faf3800 JavaThread "Unconstrained build operations Thread 20" [_thread_blocked, id=4908, stack(0x000000093c800000,0x000000093c900000)]
  0x000002093faf2000 JavaThread "Unconstrained build operations Thread 21" [_thread_blocked, id=10732, stack(0x000000093c900000,0x000000093ca00000)]
  0x000002093faf7000 JavaThread "Unconstrained build operations Thread 22" [_thread_blocked, id=4888, stack(0x000000093ca00000,0x000000093cb00000)]
  0x000002093faf7800 JavaThread "Unconstrained build operations Thread 23" [_thread_blocked, id=3884, stack(0x000000093cb00000,0x000000093cc00000)]
  0x000002093faf8800 JavaThread "Unconstrained build operations Thread 24" [_thread_blocked, id=1648, stack(0x000000093cc00000,0x000000093cd00000)]
  0x000002093faf5000 JavaThread "Unconstrained build operations Thread 25" [_thread_blocked, id=7708, stack(0x000000093cd00000,0x000000093ce00000)]
  0x000002093faf3000 JavaThread "Unconstrained build operations Thread 26" [_thread_blocked, id=8744, stack(0x000000093ce00000,0x000000093cf00000)]
  0x000002093faf9800 JavaThread "Unconstrained build operations Thread 27" [_thread_blocked, id=11676, stack(0x000000093cf00000,0x000000093d000000)]
  0x0000020939f7a800 JavaThread "Unconstrained build operations Thread 28" [_thread_blocked, id=5972, stack(0x000000093d000000,0x000000093d100000)]
  0x0000020939f7d800 JavaThread "Unconstrained build operations Thread 29" [_thread_blocked, id=12224, stack(0x000000093d100000,0x000000093d200000)]
  0x0000020939f7d000 JavaThread "Unconstrained build operations Thread 30" [_thread_blocked, id=11108, stack(0x000000093d200000,0x000000093d300000)]
  0x0000020939f7b000 JavaThread "Unconstrained build operations Thread 31" [_thread_blocked, id=5572, stack(0x000000093d300000,0x000000093d400000)]
  0x0000020939f7c000 JavaThread "Unconstrained build operations Thread 32" [_thread_blocked, id=9044, stack(0x000000093d400000,0x000000093d500000)]
  0x0000020939f79000 JavaThread "Unconstrained build operations Thread 33" [_thread_blocked, id=5880, stack(0x000000093d500000,0x000000093d600000)]
  0x0000020939f79800 JavaThread "Unconstrained build operations Thread 34" [_thread_blocked, id=9320, stack(0x000000093d600000,0x000000093d700000)]
  0x0000020939f7e800 JavaThread "Unconstrained build operations Thread 35" [_thread_blocked, id=11788, stack(0x000000093d700000,0x000000093d800000)]
  0x0000020939f7f800 JavaThread "Unconstrained build operations Thread 36" [_thread_blocked, id=10640, stack(0x000000093d800000,0x000000093d900000)]
  0x000002093c585800 JavaThread "Unconstrained build operations Thread 37" [_thread_blocked, id=9712, stack(0x000000093d900000,0x000000093da00000)]
  0x000002093c586800 JavaThread "Unconstrained build operations Thread 38" [_thread_blocked, id=1376, stack(0x000000093da00000,0x000000093db00000)]
  0x000002093c584800 JavaThread "Unconstrained build operations Thread 39" [_thread_blocked, id=10940, stack(0x000000093db00000,0x000000093dc00000)]
  0x000002093c587000 JavaThread "Unconstrained build operations Thread 40" [_thread_blocked, id=3996, stack(0x000000093dc00000,0x000000093dd00000)]
  0x000002093c589000 JavaThread "Unconstrained build operations Thread 41" [_thread_blocked, id=4384, stack(0x000000093dd00000,0x000000093de00000)]
  0x000002093c583000 JavaThread "Unconstrained build operations Thread 42" [_thread_blocked, id=4380, stack(0x000000093de00000,0x000000093df00000)]
  0x000002093c588000 JavaThread "Unconstrained build operations Thread 43" [_thread_blocked, id=9988, stack(0x000000093df00000,0x000000093e000000)]
  0x000002093c589800 JavaThread "Unconstrained build operations Thread 44" [_thread_blocked, id=2284, stack(0x000000093e000000,0x000000093e100000)]
  0x000002093c584000 JavaThread "Unconstrained build operations Thread 45" [_thread_blocked, id=7788, stack(0x000000093e100000,0x000000093e200000)]
  0x000002093c590000 JavaThread "Unconstrained build operations Thread 46" [_thread_blocked, id=8948, stack(0x000000093e200000,0x000000093e300000)]
  0x000002093c58c000 JavaThread "Unconstrained build operations Thread 47" [_thread_blocked, id=5452, stack(0x000000093e300000,0x000000093e400000)]
  0x000002093c58d800 JavaThread "Unconstrained build operations Thread 48" [_thread_blocked, id=4040, stack(0x000000093e400000,0x000000093e500000)]
  0x000002093c58b000 JavaThread "Unconstrained build operations Thread 49" [_thread_blocked, id=6412, stack(0x000000093e500000,0x000000093e600000)]
  0x000002093c58a800 JavaThread "Unconstrained build operations Thread 50" [_thread_blocked, id=9524, stack(0x000000093e600000,0x000000093e700000)]
  0x000002093c591800 JavaThread "Unconstrained build operations Thread 51" [_thread_blocked, id=3344, stack(0x000000093e700000,0x000000093e800000)]
  0x000002093c58d000 JavaThread "Unconstrained build operations Thread 52" [_thread_blocked, id=8884, stack(0x000000093e800000,0x000000093e900000)]
  0x000002093c58f800 JavaThread "Unconstrained build operations Thread 53" [_thread_blocked, id=8996, stack(0x000000093e900000,0x000000093ea00000)]
  0x000002093c58e800 JavaThread "Unconstrained build operations Thread 54" [_thread_blocked, id=7544, stack(0x000000093ea00000,0x000000093eb00000)]
  0x000002093c591000 JavaThread "Unconstrained build operations Thread 55" [_thread_blocked, id=11912, stack(0x000000093eb00000,0x000000093ec00000)]
  0x00000209402a6000 JavaThread "Unconstrained build operations Thread 56" [_thread_blocked, id=11532, stack(0x000000093ec00000,0x000000093ed00000)]
  0x00000209402a9800 JavaThread "Unconstrained build operations Thread 57" [_thread_blocked, id=10592, stack(0x000000093ed00000,0x000000093ee00000)]
  0x00000209402a3800 JavaThread "Unconstrained build operations Thread 58" [_thread_blocked, id=4256, stack(0x000000093ee00000,0x000000093ef00000)]
  0x00000209402a7000 JavaThread "Unconstrained build operations Thread 59" [_thread_blocked, id=5640, stack(0x000000093ef00000,0x000000093f000000)]
  0x00000209402aa000 JavaThread "Unconstrained build operations Thread 60" [_thread_blocked, id=11504, stack(0x000000093f000000,0x000000093f100000)]
  0x00000209402a4800 JavaThread "Unconstrained build operations Thread 61" [_thread_blocked, id=3472, stack(0x000000093f100000,0x000000093f200000)]
  0x00000209402a7800 JavaThread "Unconstrained build operations Thread 62" [_thread_blocked, id=10204, stack(0x000000093f200000,0x000000093f300000)]
  0x00000209402a8800 JavaThread "Unconstrained build operations Thread 63" [_thread_blocked, id=11620, stack(0x000000093f300000,0x000000093f400000)]
  0x00000209402a5000 JavaThread "Unconstrained build operations Thread 64" [_thread_blocked, id=8864, stack(0x000000093f400000,0x000000093f500000)]
  0x00000209402ab000 JavaThread "Unconstrained build operations Thread 65" [_thread_blocked, id=11932, stack(0x000000093f500000,0x000000093f600000)]
  0x00000209402b1800 JavaThread "Unconstrained build operations Thread 66" [_thread_blocked, id=9948, stack(0x000000093f600000,0x000000093f700000)]
  0x00000209402b0800 JavaThread "Unconstrained build operations Thread 67" [_thread_blocked, id=9692, stack(0x000000093f700000,0x000000093f800000)]
  0x00000209402ab800 JavaThread "Unconstrained build operations Thread 68" [_thread_blocked, id=752, stack(0x000000093f800000,0x000000093f900000)]
  0x00000209402ac800 JavaThread "Unconstrained build operations Thread 69" [_thread_blocked, id=10792, stack(0x000000093f900000,0x000000093fa00000)]
  0x00000209402af000 JavaThread "Unconstrained build operations Thread 70" [_thread_blocked, id=12132, stack(0x000000093fa00000,0x000000093fb00000)]
  0x00000209402b0000 JavaThread "Unconstrained build operations Thread 71" [_thread_blocked, id=4216, stack(0x000000093fb00000,0x000000093fc00000)]
  0x00000209402b2800 JavaThread "Unconstrained build operations Thread 72" [_thread_blocked, id=6668, stack(0x000000093fc00000,0x000000093fd00000)]
  0x00000209402ad800 JavaThread "Unconstrained build operations Thread 73" [_thread_blocked, id=144, stack(0x000000093fd00000,0x000000093fe00000)]
  0x00000209402ae000 JavaThread "Unconstrained build operations Thread 74" [_thread_blocked, id=10964, stack(0x000000093fe00000,0x000000093ff00000)]
  0x000002093cfb9800 JavaThread "Unconstrained build operations Thread 75" [_thread_blocked, id=4732, stack(0x000000093ff00000,0x0000000940000000)]
  0x000002093cfb6000 JavaThread "Unconstrained build operations Thread 76" [_thread_blocked, id=260, stack(0x0000000940000000,0x0000000940100000)]
  0x000002093cfb8800 JavaThread "Unconstrained build operations Thread 77" [_thread_blocked, id=3964, stack(0x0000000940100000,0x0000000940200000)]
  0x000002093cfb5800 JavaThread "Unconstrained build operations Thread 78" [_thread_blocked, id=1992, stack(0x0000000940200000,0x0000000940300000)]
  0x000002093cfbc000 JavaThread "Unconstrained build operations Thread 79" [_thread_blocked, id=5308, stack(0x0000000940300000,0x0000000940400000)]
  0x000002093cfbb000 JavaThread "Unconstrained build operations Thread 80" [_thread_blocked, id=1328, stack(0x0000000940400000,0x0000000940500000)]
  0x000002093cfb7800 JavaThread "jar transforms Thread 4" [_thread_blocked, id=3180, stack(0x0000000940500000,0x0000000940600000)]
  0x000002093cfbc800 JavaThread "jar transforms Thread 5" [_thread_blocked, id=5520, stack(0x0000000940600000,0x0000000940700000)]
  0x000002093cfb7000 JavaThread "jar transforms Thread 6" [_thread_blocked, id=10780, stack(0x0000000940700000,0x0000000940800000)]
  0x000002093cfba000 JavaThread "jar transforms Thread 7" [_thread_blocked, id=10604, stack(0x0000000940800000,0x0000000940900000)]
  0x000002093cfbf000 JavaThread "jar transforms Thread 8" [_thread_blocked, id=12016, stack(0x0000000940900000,0x0000000940a00000)]
  0x000002093cfc3000 JavaThread "Memory manager" [_thread_blocked, id=12024, stack(0x0000000940a00000,0x0000000940b00000)]

Other Threads:
  0x0000020938865800 VMThread "VM Thread" [stack: 0x0000000938600000,0x0000000938700000] [id=6396]
  0x00000209392c3800 WatcherThread [stack: 0x0000000939000000,0x0000000939100000] [id=8444]
  0x000002091e425800 GCTaskThread "GC Thread#0" [stack: 0x0000000938100000,0x0000000938200000] [id=12136]
  0x000002093a012000 GCTaskThread "GC Thread#1" [stack: 0x0000000939300000,0x0000000939400000] [id=11500]
  0x0000020939e0c800 GCTaskThread "GC Thread#2" [stack: 0x0000000939400000,0x0000000939500000] [id=5564]
  0x000002093c610000 GCTaskThread "GC Thread#3" [stack: 0x0000000939e00000,0x0000000939f00000] [id=2928]
  0x000002093b641800 GCTaskThread "GC Thread#4" [stack: 0x0000000939f00000,0x000000093a000000] [id=6040]
  0x000002093b270800 GCTaskThread "GC Thread#5" [stack: 0x000000093a000000,0x000000093a100000] [id=3908]
  0x000002093a751000 GCTaskThread "GC Thread#6" [stack: 0x000000093a100000,0x000000093a200000] [id=8592]
  0x000002093ace3000 GCTaskThread "GC Thread#7" [stack: 0x000000093a200000,0x000000093a300000] [id=11428]
  0x000002091e47a800 ConcurrentGCThread "G1 Main Marker" [stack: 0x0000000938200000,0x0000000938300000] [id=11304]
  0x000002091e47c000 ConcurrentGCThread "G1 Conc#0" [stack: 0x0000000938300000,0x0000000938400000] [id=9352]
  0x000002093b661000 ConcurrentGCThread "G1 Conc#1" [stack: 0x000000093a600000,0x000000093a700000] [id=8036]
  0x00000209386ef800 ConcurrentGCThread "G1 Refine#0" [stack: 0x0000000938400000,0x0000000938500000] [id=4864]
  0x00000209386f0800 ConcurrentGCThread "G1 Young RemSet Sampling" [stack: 0x0000000938500000,0x0000000938600000] [id=3840]

Threads with active compile tasks:
C2 CompilerThread0  10350 7316   !   4       com.sun.beans.TypeResolver::resolve (261 bytes)
C2 CompilerThread1  10350 7272       4       org.gradle.internal.instantiation.generator.AbstractClassGenerator::inspectType (560 bytes)
C2 CompilerThread2  10350 7530       4       java.lang.Class::annotationData (44 bytes)

VM state:not at safepoint (normal execution)

VM Mutex/Monitor currently owned by a thread: None

Heap address: 0x0000000080000000, size: 2048 MB, Compressed Oops mode: 32-bit
Narrow klass base: 0x0000000000000000, Narrow klass shift: 3
Compressed class space size: 1073741824 Address: 0x0000000100000000

Heap:
 garbage-first heap   total 187392K, used 80796K [0x0000000080000000, 0x0000000100000000)
  region size 1024K, 21 young (21504K), 10 survivors (10240K)
 Metaspace       used 76390K, capacity 78199K, committed 78412K, reserved 1118208K
  class space    used 9877K, capacity 10537K, committed 10572K, reserved 1048576K
Heap Regions: E=young(eden), S=young(survivor), O=old, HS=humongous(starts), HC=humongous(continues), CS=collection set, F=free, A=archive, TAMS=top-at-mark-start (previous, next)
|   0|0x0000000080000000, 0x0000000080100000, 0x0000000080100000|100%| O|  |TAMS 0x0000000080100000, 0x0000000080000000| Untracked 
|   1|0x0000000080100000, 0x0000000080200000, 0x0000000080200000|100%| O|  |TAMS 0x0000000080200000, 0x0000000080100000| Untracked 
|   2|0x0000000080200000, 0x0000000080300000, 0x0000000080300000|100%| O|  |TAMS 0x0000000080300000, 0x0000000080200000| Untracked 
|   3|0x0000000080300000, 0x0000000080400000, 0x0000000080400000|100%|HS|  |TAMS 0x0000000080400000, 0x0000000080300000| Complete 
|   4|0x0000000080400000, 0x0000000080500000, 0x0000000080500000|100%|HC|  |TAMS 0x0000000080500000, 0x0000000080400000| Complete 
|   5|0x0000000080500000, 0x0000000080600000, 0x0000000080600000|100%|HC|  |TAMS 0x0000000080600000, 0x0000000080500000| Complete 
|   6|0x0000000080600000, 0x0000000080700000, 0x0000000080700000|100%| O|  |TAMS 0x0000000080700000, 0x0000000080600000| Untracked 
|   7|0x0000000080700000, 0x0000000080800000, 0x0000000080800000|100%| O|  |TAMS 0x0000000080800000, 0x0000000080700000| Untracked 
|   8|0x0000000080800000, 0x0000000080900000, 0x0000000080900000|100%| O|  |TAMS 0x0000000080900000, 0x0000000080800000| Untracked 
|   9|0x0000000080900000, 0x0000000080a00000, 0x0000000080a00000|100%| O|  |TAMS 0x0000000080a00000, 0x0000000080900000| Untracked 
|  10|0x0000000080a00000, 0x0000000080b00000, 0x0000000080b00000|100%| O|  |TAMS 0x0000000080b00000, 0x0000000080a00000| Untracked 
|  11|0x0000000080b00000, 0x0000000080c00000, 0x0000000080c00000|100%| O|  |TAMS 0x0000000080c00000, 0x0000000080b00000| Untracked 
|  12|0x0000000080c00000, 0x0000000080d00000, 0x0000000080d00000|100%| O|  |TAMS 0x0000000080d00000, 0x0000000080c00000| Untracked 
|  13|0x0000000080d00000, 0x0000000080e00000, 0x0000000080e00000|100%| O|  |TAMS 0x0000000080e00000, 0x0000000080d00000| Untracked 
|  14|0x0000000080e00000, 0x0000000080f00000, 0x0000000080f00000|100%| O|  |TAMS 0x0000000080f00000, 0x0000000080e00000| Untracked 
|  15|0x0000000080f00000, 0x0000000081000000, 0x0000000081000000|100%| O|  |TAMS 0x0000000081000000, 0x0000000080f00000| Untracked 
|  16|0x0000000081000000, 0x0000000081100000, 0x0000000081100000|100%| O|  |TAMS 0x0000000081100000, 0x0000000081000000| Untracked 
|  17|0x0000000081100000, 0x0000000081200000, 0x0000000081200000|100%|HS|  |TAMS 0x0000000081200000, 0x0000000081100000| Complete 
|  18|0x0000000081200000, 0x0000000081300000, 0x0000000081300000|100%| O|  |TAMS 0x0000000081300000, 0x0000000081200000| Untracked 
|  19|0x0000000081300000, 0x0000000081400000, 0x0000000081400000|100%| O|  |TAMS 0x0000000081400000, 0x0000000081300000| Untracked 
|  20|0x0000000081400000, 0x0000000081500000, 0x0000000081500000|100%| O|  |TAMS 0x0000000081500000, 0x0000000081400000| Untracked 
|  21|0x0000000081500000, 0x0000000081600000, 0x0000000081600000|100%| O|  |TAMS 0x0000000081600000, 0x0000000081500000| Untracked 
|  22|0x0000000081600000, 0x0000000081700000, 0x0000000081700000|100%| O|  |TAMS 0x0000000081700000, 0x0000000081600000| Untracked 
|  23|0x0000000081700000, 0x0000000081800000, 0x0000000081800000|100%| O|  |TAMS 0x0000000081800000, 0x0000000081700000| Untracked 
|  24|0x0000000081800000, 0x0000000081900000, 0x0000000081900000|100%|HS|  |TAMS 0x0000000081900000, 0x0000000081800000| Complete 
|  25|0x0000000081900000, 0x0000000081a00000, 0x0000000081a00000|100%|HS|  |TAMS 0x0000000081a00000, 0x0000000081900000| Complete 
|  26|0x0000000081a00000, 0x0000000081b00000, 0x0000000081b00000|100%|HS|  |TAMS 0x0000000081b00000, 0x0000000081a00000| Complete 
|  27|0x0000000081b00000, 0x0000000081c00000, 0x0000000081c00000|100%|HS|  |TAMS 0x0000000081c00000, 0x0000000081b00000| Complete 
|  28|0x0000000081c00000, 0x0000000081d00000, 0x0000000081d00000|100%|HC|  |TAMS 0x0000000081d00000, 0x0000000081c00000| Complete 
|  29|0x0000000081d00000, 0x0000000081e00000, 0x0000000081e00000|100%|HC|  |TAMS 0x0000000081e00000, 0x0000000081d00000| Complete 
|  30|0x0000000081e00000, 0x0000000081f00000, 0x0000000081f00000|100%|HS|  |TAMS 0x0000000081f00000, 0x0000000081e00000| Complete 
|  31|0x0000000081f00000, 0x0000000082000000, 0x0000000082000000|100%|HC|  |TAMS 0x0000000082000000, 0x0000000081f00000| Complete 
|  32|0x0000000082000000, 0x0000000082100000, 0x0000000082100000|100%| O|  |TAMS 0x0000000082100000, 0x0000000082000000| Untracked 
|  33|0x0000000082100000, 0x0000000082200000, 0x0000000082200000|100%| O|  |TAMS 0x0000000082200000, 0x0000000082100000| Untracked 
|  34|0x0000000082200000, 0x0000000082300000, 0x0000000082300000|100%| O|  |TAMS 0x0000000082300000, 0x0000000082200000| Untracked 
|  35|0x0000000082300000, 0x0000000082400000, 0x0000000082400000|100%| O|  |TAMS 0x0000000082400000, 0x0000000082300000| Untracked 
|  36|0x0000000082400000, 0x0000000082500000, 0x0000000082500000|100%| O|  |TAMS 0x0000000082500000, 0x0000000082400000| Untracked 
|  37|0x0000000082500000, 0x0000000082600000, 0x0000000082600000|100%| O|  |TAMS 0x0000000082600000, 0x0000000082500000| Untracked 
|  38|0x0000000082600000, 0x0000000082700000, 0x0000000082700000|100%| O|  |TAMS 0x0000000082700000, 0x0000000082600000| Untracked 
|  39|0x0000000082700000, 0x0000000082800000, 0x0000000082800000|100%| O|  |TAMS 0x0000000082800000, 0x0000000082700000| Untracked 
|  40|0x0000000082800000, 0x0000000082900000, 0x0000000082900000|100%| O|  |TAMS 0x0000000082900000, 0x0000000082800000| Untracked 
|  41|0x0000000082900000, 0x0000000082a00000, 0x0000000082a00000|100%| O|  |TAMS 0x0000000082a00000, 0x0000000082900000| Untracked 
|  42|0x0000000082a00000, 0x0000000082b00000, 0x0000000082b00000|100%| O|  |TAMS 0x0000000082b00000, 0x0000000082a00000| Untracked 
|  43|0x0000000082b00000, 0x0000000082c00000, 0x0000000082c00000|100%| O|  |TAMS 0x0000000082c00000, 0x0000000082b00000| Untracked 
|  44|0x0000000082c00000, 0x0000000082d00000, 0x0000000082d00000|100%| O|  |TAMS 0x0000000082d00000, 0x0000000082c00000| Untracked 
|  45|0x0000000082d00000, 0x0000000082e00000, 0x0000000082e00000|100%| O|  |TAMS 0x0000000082e00000, 0x0000000082d00000| Untracked 
|  46|0x0000000082e00000, 0x0000000082f00000, 0x0000000082f00000|100%| O|  |TAMS 0x0000000082f00000, 0x0000000082e00000| Untracked 
|  47|0x0000000082f00000, 0x0000000083000000, 0x0000000083000000|100%| O|  |TAMS 0x0000000083000000, 0x0000000082f00000| Untracked 
|  48|0x0000000083000000, 0x0000000083100000, 0x0000000083100000|100%| O|  |TAMS 0x0000000083100000, 0x0000000083000000| Untracked 
|  49|0x0000000083100000, 0x0000000083200000, 0x0000000083200000|100%| O|  |TAMS 0x0000000083100000, 0x0000000083100000| Untracked 
|  50|0x0000000083200000, 0x0000000083300000, 0x0000000083300000|100%| O|  |TAMS 0x0000000083200000, 0x0000000083200000| Untracked 
|  51|0x0000000083300000, 0x0000000083400000, 0x0000000083400000|100%| O|  |TAMS 0x0000000083400000, 0x0000000083300000| Untracked 
|  52|0x0000000083400000, 0x0000000083500000, 0x0000000083500000|100%| O|  |TAMS 0x0000000083500000, 0x0000000083400000| Untracked 
|  53|0x0000000083500000, 0x0000000083600000, 0x0000000083600000|100%| O|  |TAMS 0x0000000083600000, 0x0000000083500000| Untracked 
|  54|0x0000000083600000, 0x0000000083700000, 0x0000000083700000|100%| O|  |TAMS 0x0000000083657000, 0x0000000083600000| Untracked 
|  55|0x0000000083700000, 0x0000000083800000, 0x0000000083800000|100%| O|  |TAMS 0x0000000083700000, 0x0000000083700000| Untracked 
|  56|0x0000000083800000, 0x0000000083900000, 0x0000000083900000|100%| O|  |TAMS 0x0000000083800000, 0x0000000083800000| Untracked 
|  57|0x0000000083900000, 0x0000000083a00000, 0x0000000083a00000|100%| O|  |TAMS 0x0000000083900000, 0x0000000083900000| Untracked 
|  58|0x0000000083a00000, 0x0000000083b00000, 0x0000000083b00000|100%| O|  |TAMS 0x0000000083a00000, 0x0000000083a00000| Untracked 
|  59|0x0000000083b00000, 0x0000000083b0b600, 0x0000000083c00000|  4%| O|  |TAMS 0x0000000083b00000, 0x0000000083b00000| Untracked 
|  60|0x0000000083c00000, 0x0000000083c00000, 0x0000000083d00000|  0%| F|  |TAMS 0x0000000083c00000, 0x0000000083c00000| Untracked 
|  61|0x0000000083d00000, 0x0000000083d00000, 0x0000000083e00000|  0%| F|  |TAMS 0x0000000083d00000, 0x0000000083d00000| Untracked 
|  62|0x0000000083e00000, 0x0000000083e00000, 0x0000000083f00000|  0%| F|  |TAMS 0x0000000083e00000, 0x0000000083e00000| Untracked 
|  63|0x0000000083f00000, 0x0000000083f00000, 0x0000000084000000|  0%| F|  |TAMS 0x0000000083f00000, 0x0000000083f00000| Untracked 
|  64|0x0000000084000000, 0x0000000084000000, 0x0000000084100000|  0%| F|  |TAMS 0x0000000084000000, 0x0000000084000000| Untracked 
|  65|0x0000000084100000, 0x0000000084100000, 0x0000000084200000|  0%| F|  |TAMS 0x0000000084100000, 0x0000000084100000| Untracked 
|  66|0x0000000084200000, 0x0000000084200000, 0x0000000084300000|  0%| F|  |TAMS 0x0000000084200000, 0x0000000084200000| Untracked 
|  67|0x0000000084300000, 0x0000000084300000, 0x0000000084400000|  0%| F|  |TAMS 0x0000000084300000, 0x0000000084300000| Untracked 
|  68|0x0000000084400000, 0x0000000084400000, 0x0000000084500000|  0%| F|  |TAMS 0x0000000084400000, 0x0000000084400000| Untracked 
|  69|0x0000000084500000, 0x0000000084500000, 0x0000000084600000|  0%| F|  |TAMS 0x0000000084500000, 0x0000000084500000| Untracked 
|  70|0x0000000084600000, 0x0000000084600000, 0x0000000084700000|  0%| F|  |TAMS 0x0000000084600000, 0x0000000084600000| Untracked 
|  71|0x0000000084700000, 0x0000000084700000, 0x0000000084800000|  0%| F|  |TAMS 0x0000000084700000, 0x0000000084700000| Untracked 
|  72|0x0000000084800000, 0x0000000084800000, 0x0000000084900000|  0%| F|  |TAMS 0x0000000084800000, 0x0000000084800000| Untracked 
|  73|0x0000000084900000, 0x0000000084900000, 0x0000000084a00000|  0%| F|  |TAMS 0x0000000084900000, 0x0000000084900000| Untracked 
|  74|0x0000000084a00000, 0x0000000084a00000, 0x0000000084b00000|  0%| F|  |TAMS 0x0000000084a00000, 0x0000000084a00000| Untracked 
|  75|0x0000000084b00000, 0x0000000084b00000, 0x0000000084c00000|  0%| F|  |TAMS 0x0000000084b00000, 0x0000000084b00000| Untracked 
|  76|0x0000000084c00000, 0x0000000084c00000, 0x0000000084d00000|  0%| F|  |TAMS 0x0000000084c00000, 0x0000000084c00000| Untracked 
|  77|0x0000000084d00000, 0x0000000084d00000, 0x0000000084e00000|  0%| F|  |TAMS 0x0000000084d00000, 0x0000000084d00000| Untracked 
|  78|0x0000000084e00000, 0x0000000084e00000, 0x0000000084f00000|  0%| F|  |TAMS 0x0000000084e00000, 0x0000000084e00000| Untracked 
|  79|0x0000000084f00000, 0x0000000084f00000, 0x0000000085000000|  0%| F|  |TAMS 0x0000000084f00000, 0x0000000084f00000| Untracked 
|  80|0x0000000085000000, 0x0000000085000000, 0x0000000085100000|  0%| F|  |TAMS 0x0000000085000000, 0x0000000085000000| Untracked 
|  81|0x0000000085100000, 0x0000000085100000, 0x0000000085200000|  0%| F|  |TAMS 0x0000000085100000, 0x0000000085100000| Untracked 
|  82|0x0000000085200000, 0x0000000085200000, 0x0000000085300000|  0%| F|  |TAMS 0x0000000085200000, 0x0000000085200000| Untracked 
|  83|0x0000000085300000, 0x0000000085300000, 0x0000000085400000|  0%| F|  |TAMS 0x0000000085300000, 0x0000000085300000| Untracked 
|  84|0x0000000085400000, 0x0000000085400000, 0x0000000085500000|  0%| F|  |TAMS 0x0000000085400000, 0x0000000085400000| Untracked 
|  85|0x0000000085500000, 0x0000000085500000, 0x0000000085600000|  0%| F|  |TAMS 0x0000000085500000, 0x0000000085500000| Untracked 
|  86|0x0000000085600000, 0x0000000085600000, 0x0000000085700000|  0%| F|  |TAMS 0x0000000085600000, 0x0000000085600000| Untracked 
|  87|0x0000000085700000, 0x0000000085700000, 0x0000000085800000|  0%| F|  |TAMS 0x0000000085700000, 0x0000000085700000| Untracked 
|  88|0x0000000085800000, 0x0000000085800000, 0x0000000085900000|  0%| F|  |TAMS 0x0000000085800000, 0x0000000085800000| Untracked 
|  89|0x0000000085900000, 0x0000000085900000, 0x0000000085a00000|  0%| F|  |TAMS 0x0000000085900000, 0x0000000085900000| Untracked 
|  90|0x0000000085a00000, 0x0000000085a00000, 0x0000000085b00000|  0%| F|  |TAMS 0x0000000085a00000, 0x0000000085a00000| Untracked 
|  91|0x0000000085b00000, 0x0000000085b00000, 0x0000000085c00000|  0%| F|  |TAMS 0x0000000085b00000, 0x0000000085b00000| Untracked 
|  92|0x0000000085c00000, 0x0000000085c00000, 0x0000000085d00000|  0%| F|  |TAMS 0x0000000085c00000, 0x0000000085c00000| Untracked 
|  93|0x0000000085d00000, 0x0000000085d00000, 0x0000000085e00000|  0%| F|  |TAMS 0x0000000085d00000, 0x0000000085d00000| Untracked 
|  94|0x0000000085e00000, 0x0000000085e00000, 0x0000000085f00000|  0%| F|  |TAMS 0x0000000085e00000, 0x0000000085e00000| Untracked 
|  95|0x0000000085f00000, 0x0000000085fdbc40, 0x0000000086000000| 85%| S|CS|TAMS 0x0000000085f00000, 0x0000000085f00000| Complete 
|  96|0x0000000086000000, 0x0000000086100000, 0x0000000086100000|100%| S|CS|TAMS 0x0000000086000000, 0x0000000086000000| Complete 
|  97|0x0000000086100000, 0x0000000086100000, 0x0000000086200000|  0%| F|  |TAMS 0x0000000086100000, 0x0000000086100000| Untracked 
|  98|0x0000000086200000, 0x0000000086200000, 0x0000000086300000|  0%| F|  |TAMS 0x0000000086200000, 0x0000000086200000| Untracked 
|  99|0x0000000086300000, 0x0000000086300000, 0x0000000086400000|  0%| F|  |TAMS 0x0000000086300000, 0x0000000086300000| Untracked 
| 100|0x0000000086400000, 0x0000000086400000, 0x0000000086500000|  0%| F|  |TAMS 0x0000000086400000, 0x0000000086400000| Untracked 
| 101|0x0000000086500000, 0x0000000086500000, 0x0000000086600000|  0%| F|  |TAMS 0x0000000086500000, 0x0000000086500000| Untracked 
| 102|0x0000000086600000, 0x0000000086600000, 0x0000000086700000|  0%| F|  |TAMS 0x0000000086600000, 0x0000000086600000| Untracked 
| 103|0x0000000086700000, 0x0000000086700000, 0x0000000086800000|  0%| F|  |TAMS 0x0000000086700000, 0x0000000086700000| Untracked 
| 104|0x0000000086800000, 0x0000000086800000, 0x0000000086900000|  0%| F|  |TAMS 0x0000000086800000, 0x0000000086800000| Untracked 
| 105|0x0000000086900000, 0x0000000086900000, 0x0000000086a00000|  0%| F|  |TAMS 0x0000000086900000, 0x0000000086900000| Untracked 
| 106|0x0000000086a00000, 0x0000000086a00000, 0x0000000086b00000|  0%| F|  |TAMS 0x0000000086a00000, 0x0000000086a00000| Untracked 
| 107|0x0000000086b00000, 0x0000000086c00000, 0x0000000086c00000|100%| S|CS|TAMS 0x0000000086b00000, 0x0000000086b00000| Complete 
| 108|0x0000000086c00000, 0x0000000086d00000, 0x0000000086d00000|100%| S|CS|TAMS 0x0000000086c00000, 0x0000000086c00000| Complete 
| 109|0x0000000086d00000, 0x0000000086e00000, 0x0000000086e00000|100%| S|CS|TAMS 0x0000000086d00000, 0x0000000086d00000| Complete 
| 110|0x0000000086e00000, 0x0000000086f00000, 0x0000000086f00000|100%| S|CS|TAMS 0x0000000086e00000, 0x0000000086e00000| Complete 
| 111|0x0000000086f00000, 0x0000000087000000, 0x0000000087000000|100%| S|CS|TAMS 0x0000000086f00000, 0x0000000086f00000| Complete 
| 112|0x0000000087000000, 0x0000000087100000, 0x0000000087100000|100%| S|CS|TAMS 0x0000000087000000, 0x0000000087000000| Complete 
| 113|0x0000000087100000, 0x0000000087200000, 0x0000000087200000|100%| S|CS|TAMS 0x0000000087100000, 0x0000000087100000| Complete 
| 114|0x0000000087200000, 0x0000000087300000, 0x0000000087300000|100%| S|CS|TAMS 0x0000000087200000, 0x0000000087200000| Complete 
| 115|0x0000000087300000, 0x0000000087300000, 0x0000000087400000|  0%| F|  |TAMS 0x0000000087300000, 0x0000000087300000| Untracked 
| 116|0x0000000087400000, 0x0000000087400000, 0x0000000087500000|  0%| F|  |TAMS 0x0000000087400000, 0x0000000087400000| Untracked 
| 117|0x0000000087500000, 0x0000000087500000, 0x0000000087600000|  0%| F|  |TAMS 0x0000000087500000, 0x0000000087500000| Untracked 
| 118|0x0000000087600000, 0x0000000087600000, 0x0000000087700000|  0%| F|  |TAMS 0x0000000087600000, 0x0000000087600000| Untracked 
| 119|0x0000000087700000, 0x0000000087700000, 0x0000000087800000|  0%| F|  |TAMS 0x0000000087700000, 0x0000000087700000| Untracked 
| 120|0x0000000087800000, 0x0000000087800000, 0x0000000087900000|  0%| F|  |TAMS 0x0000000087800000, 0x0000000087800000| Untracked 
| 121|0x0000000087900000, 0x0000000087900000, 0x0000000087a00000|  0%| F|  |TAMS 0x0000000087900000, 0x0000000087900000| Untracked 
| 122|0x0000000087a00000, 0x0000000087a00000, 0x0000000087b00000|  0%| F|  |TAMS 0x0000000087a00000, 0x0000000087a00000| Untracked 
| 123|0x0000000087b00000, 0x0000000087b00000, 0x0000000087c00000|  0%| F|  |TAMS 0x0000000087b00000, 0x0000000087b00000| Untracked 
| 124|0x0000000087c00000, 0x0000000087c00000, 0x0000000087d00000|  0%| F|  |TAMS 0x0000000087c00000, 0x0000000087c00000| Untracked 
| 125|0x0000000087d00000, 0x0000000087d00000, 0x0000000087e00000|  0%| F|  |TAMS 0x0000000087d00000, 0x0000000087d00000| Untracked 
| 126|0x0000000087e00000, 0x0000000087e00000, 0x0000000087f00000|  0%| F|  |TAMS 0x0000000087e00000, 0x0000000087e00000| Untracked 
| 127|0x0000000087f00000, 0x0000000087f00000, 0x0000000088000000|  0%| F|  |TAMS 0x0000000087f00000, 0x0000000087f00000| Untracked 
| 128|0x0000000088000000, 0x0000000088000000, 0x0000000088100000|  0%| F|  |TAMS 0x0000000088000000, 0x0000000088000000| Untracked 
| 129|0x0000000088100000, 0x0000000088100000, 0x0000000088200000|  0%| F|  |TAMS 0x0000000088100000, 0x0000000088100000| Untracked 
| 130|0x0000000088200000, 0x0000000088200000, 0x0000000088300000|  0%| F|  |TAMS 0x0000000088200000, 0x0000000088200000| Untracked 
| 131|0x0000000088300000, 0x0000000088300000, 0x0000000088400000|  0%| F|  |TAMS 0x0000000088300000, 0x0000000088300000| Untracked 
| 132|0x0000000088400000, 0x0000000088400000, 0x0000000088500000|  0%| F|  |TAMS 0x0000000088400000, 0x0000000088400000| Untracked 
| 133|0x0000000088500000, 0x0000000088500000, 0x0000000088600000|  0%| F|  |TAMS 0x0000000088500000, 0x0000000088500000| Untracked 
| 134|0x0000000088600000, 0x0000000088600000, 0x0000000088700000|  0%| F|  |TAMS 0x0000000088600000, 0x0000000088600000| Untracked 
| 135|0x0000000088700000, 0x0000000088700000, 0x0000000088800000|  0%| F|  |TAMS 0x0000000088700000, 0x0000000088700000| Untracked 
| 136|0x0000000088800000, 0x0000000088800000, 0x0000000088900000|  0%| F|  |TAMS 0x0000000088800000, 0x0000000088800000| Untracked 
| 137|0x0000000088900000, 0x0000000088900000, 0x0000000088a00000|  0%| F|  |TAMS 0x0000000088900000, 0x0000000088900000| Untracked 
| 138|0x0000000088a00000, 0x0000000088a00000, 0x0000000088b00000|  0%| F|  |TAMS 0x0000000088a00000, 0x0000000088a00000| Untracked 
| 139|0x0000000088b00000, 0x0000000088b00000, 0x0000000088c00000|  0%| F|  |TAMS 0x0000000088b00000, 0x0000000088b00000| Untracked 
| 140|0x0000000088c00000, 0x0000000088c00000, 0x0000000088d00000|  0%| F|  |TAMS 0x0000000088c00000, 0x0000000088c00000| Untracked 
| 141|0x0000000088d00000, 0x0000000088d00000, 0x0000000088e00000|  0%| F|  |TAMS 0x0000000088d00000, 0x0000000088d00000| Untracked 
| 142|0x0000000088e00000, 0x0000000088e00000, 0x0000000088f00000|  0%| F|  |TAMS 0x0000000088e00000, 0x0000000088e00000| Untracked 
| 143|0x0000000088f00000, 0x0000000088f00000, 0x0000000089000000|  0%| F|  |TAMS 0x0000000088f00000, 0x0000000088f00000| Untracked 
| 144|0x0000000089000000, 0x0000000089000000, 0x0000000089100000|  0%| F|  |TAMS 0x0000000089000000, 0x0000000089000000| Untracked 
| 145|0x0000000089100000, 0x0000000089100000, 0x0000000089200000|  0%| F|  |TAMS 0x0000000089100000, 0x0000000089100000| Untracked 
| 146|0x0000000089200000, 0x0000000089200000, 0x0000000089300000|  0%| F|  |TAMS 0x0000000089200000, 0x0000000089200000| Untracked 
| 147|0x0000000089300000, 0x0000000089300000, 0x0000000089400000|  0%| F|  |TAMS 0x0000000089300000, 0x0000000089300000| Untracked 
| 148|0x0000000089400000, 0x0000000089400000, 0x0000000089500000|  0%| F|  |TAMS 0x0000000089400000, 0x0000000089400000| Untracked 
| 149|0x0000000089500000, 0x0000000089500000, 0x0000000089600000|  0%| F|  |TAMS 0x0000000089500000, 0x0000000089500000| Untracked 
| 150|0x0000000089600000, 0x0000000089600000, 0x0000000089700000|  0%| F|  |TAMS 0x0000000089600000, 0x0000000089600000| Untracked 
| 151|0x0000000089700000, 0x0000000089700000, 0x0000000089800000|  0%| F|  |TAMS 0x0000000089700000, 0x0000000089700000| Untracked 
| 152|0x0000000089800000, 0x0000000089800000, 0x0000000089900000|  0%| F|  |TAMS 0x0000000089800000, 0x0000000089800000| Untracked 
| 153|0x0000000089900000, 0x0000000089900000, 0x0000000089a00000|  0%| F|  |TAMS 0x0000000089900000, 0x0000000089900000| Untracked 
| 154|0x0000000089a00000, 0x0000000089a00000, 0x0000000089b00000|  0%| F|  |TAMS 0x0000000089a00000, 0x0000000089a00000| Untracked 
| 155|0x0000000089b00000, 0x0000000089b00000, 0x0000000089c00000|  0%| F|  |TAMS 0x0000000089b00000, 0x0000000089b00000| Untracked 
| 156|0x0000000089c00000, 0x0000000089c00000, 0x0000000089d00000|  0%| F|  |TAMS 0x0000000089c00000, 0x0000000089c00000| Untracked 
| 157|0x0000000089d00000, 0x0000000089d00000, 0x0000000089e00000|  0%| F|  |TAMS 0x0000000089d00000, 0x0000000089d00000| Untracked 
| 158|0x0000000089e00000, 0x0000000089e00000, 0x0000000089f00000|  0%| F|  |TAMS 0x0000000089e00000, 0x0000000089e00000| Untracked 
| 159|0x0000000089f00000, 0x0000000089f00000, 0x000000008a000000|  0%| F|  |TAMS 0x0000000089f00000, 0x0000000089f00000| Untracked 
| 160|0x000000008a000000, 0x000000008a000000, 0x000000008a100000|  0%| F|  |TAMS 0x000000008a000000, 0x000000008a000000| Untracked 
| 161|0x000000008a100000, 0x000000008a100000, 0x000000008a200000|  0%| F|  |TAMS 0x000000008a100000, 0x000000008a100000| Untracked 
| 162|0x000000008a200000, 0x000000008a200000, 0x000000008a300000|  0%| F|  |TAMS 0x000000008a200000, 0x000000008a200000| Untracked 
| 163|0x000000008a300000, 0x000000008a300000, 0x000000008a400000|  0%| F|  |TAMS 0x000000008a300000, 0x000000008a300000| Untracked 
| 164|0x000000008a400000, 0x000000008a400000, 0x000000008a500000|  0%| F|  |TAMS 0x000000008a400000, 0x000000008a400000| Untracked 
| 165|0x000000008a500000, 0x000000008a500000, 0x000000008a600000|  0%| F|  |TAMS 0x000000008a500000, 0x000000008a500000| Untracked 
| 166|0x000000008a600000, 0x000000008a600000, 0x000000008a700000|  0%| F|  |TAMS 0x000000008a600000, 0x000000008a600000| Untracked 
| 167|0x000000008a700000, 0x000000008a700000, 0x000000008a800000|  0%| F|  |TAMS 0x000000008a700000, 0x000000008a700000| Untracked 
| 168|0x000000008a800000, 0x000000008a800000, 0x000000008a900000|  0%| F|  |TAMS 0x000000008a800000, 0x000000008a800000| Untracked 
| 169|0x000000008a900000, 0x000000008a900000, 0x000000008aa00000|  0%| F|  |TAMS 0x000000008a900000, 0x000000008a900000| Untracked 
| 170|0x000000008aa00000, 0x000000008aa00000, 0x000000008ab00000|  0%| F|  |TAMS 0x000000008aa00000, 0x000000008aa00000| Untracked 
| 171|0x000000008ab00000, 0x000000008ab00000, 0x000000008ac00000|  0%| F|  |TAMS 0x000000008ab00000, 0x000000008ab00000| Untracked 
| 172|0x000000008ac00000, 0x000000008ac80800, 0x000000008ad00000| 50%| E|  |TAMS 0x000000008ac00000, 0x000000008ac00000| Complete 
| 173|0x000000008ad00000, 0x000000008ae00000, 0x000000008ae00000|100%| E|CS|TAMS 0x000000008ad00000, 0x000000008ad00000| Complete 
| 174|0x000000008ae00000, 0x000000008af00000, 0x000000008af00000|100%| E|CS|TAMS 0x000000008ae00000, 0x000000008ae00000| Complete 
| 175|0x000000008af00000, 0x000000008b000000, 0x000000008b000000|100%| E|CS|TAMS 0x000000008af00000, 0x000000008af00000| Complete 
| 176|0x000000008b000000, 0x000000008b100000, 0x000000008b100000|100%| E|CS|TAMS 0x000000008b000000, 0x000000008b000000| Complete 
| 177|0x000000008b100000, 0x000000008b200000, 0x000000008b200000|100%| E|CS|TAMS 0x000000008b100000, 0x000000008b100000| Complete 
| 178|0x000000008b200000, 0x000000008b300000, 0x000000008b300000|100%| E|CS|TAMS 0x000000008b200000, 0x000000008b200000| Complete 
| 179|0x000000008b300000, 0x000000008b400000, 0x000000008b400000|100%| E|CS|TAMS 0x000000008b300000, 0x000000008b300000| Complete 
| 180|0x000000008b400000, 0x000000008b500000, 0x000000008b500000|100%| E|CS|TAMS 0x000000008b400000, 0x000000008b400000| Complete 
| 181|0x000000008b500000, 0x000000008b600000, 0x000000008b600000|100%| E|CS|TAMS 0x000000008b500000, 0x000000008b500000| Complete 
| 182|0x000000008b600000, 0x000000008b700000, 0x000000008b700000|100%| E|CS|TAMS 0x000000008b600000, 0x000000008b600000| Complete 

Card table byte_map: [0x0000020931630000,0x0000020931a30000] _byte_map_base: 0x0000020931230000

Marking Bits (Prev, Next): (CMBitMap*) 0x000002091e4719b0, (CMBitMap*) 0x000002091e471978
 Prev Bits: [0x0000020933e30000, 0x0000020935e30000)
 Next Bits: [0x0000020931e30000, 0x0000020933e30000)

Polling page: 0x000002091c2f0000

Metaspace:

Usage:
  Non-class:     66.08 MB capacity,    64.97 MB ( 98%) used,   946.63 KB (  1%) free+waste,   190.69 KB ( <1%) overhead. 
      Class:     10.29 MB capacity,     9.65 MB ( 94%) used,   567.77 KB (  5%) free+waste,    88.75 KB ( <1%) overhead. 
       Both:     76.37 MB capacity,    74.61 MB ( 98%) used,     1.48 MB (  2%) free+waste,   279.44 KB ( <1%) overhead. 

Virtual space:
  Non-class space:       68.00 MB reserved,      66.25 MB ( 97%) committed 
      Class space:        1.00 GB reserved,      10.32 MB (  1%) committed 
             Both:        1.07 GB reserved,      76.57 MB (  7%) committed 

Chunk freelists:
   Non-Class:  50.00 KB
       Class:  23.00 KB
        Both:  73.00 KB

MaxMetaspaceSize: 17179869184.00 GB
CompressedClassSpaceSize: 1.00 GB

CodeHeap 'non-profiled nmethods': size=120000Kb used=4814Kb max_used=4814Kb free=115185Kb
 bounds [0x00000209299d0000, 0x0000020929e90000, 0x0000020930f00000]
CodeHeap 'profiled nmethods': size=120000Kb used=16179Kb max_used=16179Kb free=103820Kb
 bounds [0x00000209224a0000, 0x0000020923470000, 0x00000209299d0000]
CodeHeap 'non-nmethods': size=5760Kb used=2281Kb max_used=2347Kb free=3478Kb
 bounds [0x0000020921f00000, 0x0000020922170000, 0x00000209224a0000]
 total_blobs=8436 nmethods=7571 adapters=776
 compilation: enabled
              stopped_count=0, restarted_count=0
 full_count=0

Compilation events (20 events):
Event: 10.314 Thread 0x000002093888f800 nmethod 7581 0x0000020929e83790 code [0x0000020929e83940, 0x0000020929e839f8]
Event: 10.318 Thread 0x000002093888f800 7582       3       org.gradle.cache.internal.DefaultCrossBuildInMemoryCacheFactory$DefaultCrossBuildInMemoryCache::maybeGetRetainedValue (25 bytes)
Event: 10.319 Thread 0x000002093888f800 nmethod 7582 0x000002092345e410 code [0x000002092345e5e0, 0x000002092345e998]
Event: 10.319 Thread 0x000002093888f800 7583       3       org.gradle.internal.reflect.annotations.impl.DefaultTypeAnnotationMetadataStore::collectRelevantAnnotations (88 bytes)
Event: 10.320 Thread 0x000002093888f800 nmethod 7583 0x000002092345ea90 code [0x000002092345ed40, 0x000002092345fa48]
Event: 10.320 Thread 0x000002093888f800 7584       3       com.google.common.collect.MultimapBuilder$3::createMap (12 bytes)
Event: 10.320 Thread 0x000002093888f800 nmethod 7584 0x000002092345ff90 code [0x0000020923460160, 0x0000020923460438]
Event: 10.320 Thread 0x000002093888f800 7585       3       org.gradle.internal.reflect.annotations.impl.DefaultTypeAnnotationMetadataStore::processMethodAnnotations (239 bytes)
Event: 10.325 Thread 0x000002093888f800 nmethod 7585 0x0000020923460590 code [0x0000020923460be0, 0x00000209234647a8]
Event: 10.325 Thread 0x000002093888f800 7586       3       org.gradle.internal.reflect.annotations.impl.DefaultTypeAnnotationMetadataStore::shouldIgnore (30 bytes)
Event: 10.326 Thread 0x000002093888f800 nmethod 7586 0x0000020923465b90 code [0x0000020923465dc0, 0x0000020923466558]
Event: 10.326 Thread 0x000002093888f800 7587       3       java.lang.reflect.AccessibleObject::isAnnotationPresent (6 bytes)
Event: 10.326 Thread 0x000002093888f800 nmethod 7587 0x0000020923466790 code [0x0000020923466960, 0x0000020923466bc8]
Event: 10.326 Thread 0x000002093888f800 7588       3       com.google.common.collect.AbstractMapBasedMultimap$KeySet::iterator (25 bytes)
Event: 10.327 Thread 0x000002093888f800 nmethod 7588 0x0000020923466c90 code [0x0000020923466e80, 0x0000020923467358]
Event: 10.327 Thread 0x000002093888f800 7589       3       com.google.common.collect.AbstractMapBasedMultimap$KeySet$1::<init> (15 bytes)
Event: 10.327 Thread 0x000002093888f800 nmethod 7589 0x0000020923467510 code [0x00000209234676c0, 0x00000209234678d8]
Event: 10.327 Thread 0x000002093888f800 7590   !   3       org.gradle.cache.internal.DefaultCrossBuildInMemoryCacheFactory$AbstractCrossBuildInMemoryCache::put (38 bytes)
Event: 10.328 Thread 0x000002093888f800 nmethod 7590 0x0000020923467990 code [0x0000020923467b60, 0x0000020923467fb8]
Event: 10.331 Thread 0x000002093888f800 7591       3       org.gradle.internal.snapshot.impl.DefaultValueSnapshotter$IsolatableVisitor::array (7 bytes)

GC Heap History (20 events):
Event: 2.172 GC heap before
{Heap before GC invocations=3 (full 0):
 garbage-first heap   total 129024K, used 31157K [0x0000000080000000, 0x0000000100000000)
  region size 1024K, 19 young (19456K), 4 survivors (4096K)
 Metaspace       used 20665K, capacity 21081K, committed 21248K, reserved 1067008K
  class space    used 2544K, capacity 2695K, committed 2816K, reserved 1048576K
}
Event: 2.177 GC heap after
{Heap after GC invocations=4 (full 0):
 garbage-first heap   total 129024K, used 17306K [0x0000000080000000, 0x0000000100000000)
  region size 1024K, 4 young (4096K), 4 survivors (4096K)
 Metaspace       used 20665K, capacity 21081K, committed 21248K, reserved 1067008K
  class space    used 2544K, capacity 2695K, committed 2816K, reserved 1048576K
}
Event: 2.811 GC heap before
{Heap before GC invocations=5 (full 0):
 garbage-first heap   total 129024K, used 75674K [0x0000000080000000, 0x0000000100000000)
  region size 1024K, 61 young (62464K), 4 survivors (4096K)
 Metaspace       used 26414K, capacity 27090K, committed 27264K, reserved 1073152K
  class space    used 3470K, capacity 3683K, committed 3712K, reserved 1048576K
}
Event: 2.816 GC heap after
{Heap after GC invocations=6 (full 0):
 garbage-first heap   total 129024K, used 19465K [0x0000000080000000, 0x0000000100000000)
  region size 1024K, 6 young (6144K), 6 survivors (6144K)
 Metaspace       used 26414K, capacity 27090K, committed 27264K, reserved 1073152K
  class space    used 3470K, capacity 3683K, committed 3712K, reserved 1048576K
}
Event: 3.615 GC heap before
{Heap before GC invocations=6 (full 0):
 garbage-first heap   total 129024K, used 73737K [0x0000000080000000, 0x0000000100000000)
  region size 1024K, 60 young (61440K), 6 survivors (6144K)
 Metaspace       used 35049K, capacity 35782K, committed 35840K, reserved 1081344K
  class space    used 4562K, capacity 4863K, committed 4864K, reserved 1048576K
}
Event: 3.627 GC heap after
{Heap after GC invocations=7 (full 0):
 garbage-first heap   total 155648K, used 23022K [0x0000000080000000, 0x0000000100000000)
  region size 1024K, 7 young (7168K), 7 survivors (7168K)
 Metaspace       used 35049K, capacity 35782K, committed 35840K, reserved 1081344K
  class space    used 4562K, capacity 4863K, committed 4864K, reserved 1048576K
}
Event: 4.530 GC heap before
{Heap before GC invocations=8 (full 0):
 garbage-first heap   total 155648K, used 97774K [0x0000000080000000, 0x0000000100000000)
  region size 1024K, 78 young (79872K), 7 survivors (7168K)
 Metaspace       used 40251K, capacity 41307K, committed 41420K, reserved 1085440K
  class space    used 5154K, capacity 5508K, committed 5580K, reserved 1048576K
}
Event: 4.543 GC heap after
{Heap after GC invocations=9 (full 0):
 garbage-first heap   total 155648K, used 29069K [0x0000000080000000, 0x0000000100000000)
  region size 1024K, 10 young (10240K), 10 survivors (10240K)
 Metaspace       used 40251K, capacity 41307K, committed 41420K, reserved 1085440K
  class space    used 5154K, capacity 5508K, committed 5580K, reserved 1048576K
}
Event: 5.604 GC heap before
{Heap before GC invocations=9 (full 0):
 garbage-first heap   total 155648K, used 112013K [0x0000000080000000, 0x0000000100000000)
  region size 1024K, 91 young (93184K), 10 survivors (10240K)
 Metaspace       used 47106K, capacity 48327K, committed 48588K, reserved 1091584K
  class space    used 6047K, capacity 6476K, committed 6604K, reserved 1048576K
}
Event: 5.618 GC heap after
{Heap after GC invocations=10 (full 0):
 garbage-first heap   total 155648K, used 32733K [0x0000000080000000, 0x0000000100000000)
  region size 1024K, 10 young (10240K), 10 survivors (10240K)
 Metaspace       used 47106K, capacity 48327K, committed 48588K, reserved 1091584K
  class space    used 6047K, capacity 6476K, committed 6604K, reserved 1048576K
}
Event: 6.527 GC heap before
{Heap before GC invocations=10 (full 0):
 garbage-first heap   total 155648K, used 123869K [0x0000000080000000, 0x0000000100000000)
  region size 1024K, 91 young (93184K), 10 survivors (10240K)
 Metaspace       used 51610K, capacity 53034K, committed 53196K, reserved 1095680K
  class space    used 6579K, capacity 7065K, committed 7116K, reserved 1048576K
}
Event: 6.542 GC heap after
{Heap after GC invocations=11 (full 0):
 garbage-first heap   total 155648K, used 53076K [0x0000000080000000, 0x0000000100000000)
  region size 1024K, 12 young (12288K), 12 survivors (12288K)
 Metaspace       used 51610K, capacity 53034K, committed 53196K, reserved 1095680K
  class space    used 6579K, capacity 7065K, committed 7116K, reserved 1048576K
}
Event: 7.254 GC heap before
{Heap before GC invocations=11 (full 0):
 garbage-first heap   total 155648K, used 99156K [0x0000000080000000, 0x0000000100000000)
  region size 1024K, 58 young (59392K), 12 survivors (12288K)
 Metaspace       used 58615K, capacity 60175K, committed 60236K, reserved 1101824K
  class space    used 7456K, capacity 7992K, committed 8012K, reserved 1048576K
}
Event: 7.273 GC heap after
{Heap after GC invocations=12 (full 0):
 garbage-first heap   total 187392K, used 56304K [0x0000000080000000, 0x0000000100000000)
  region size 1024K, 3 young (3072K), 3 survivors (3072K)
 Metaspace       used 58615K, capacity 60175K, committed 60236K, reserved 1101824K
  class space    used 7456K, capacity 7992K, committed 8012K, reserved 1048576K
}
Event: 8.348 GC heap before
{Heap before GC invocations=13 (full 0):
 garbage-first heap   total 187392K, used 125936K [0x0000000080000000, 0x0000000100000000)
  region size 1024K, 71 young (72704K), 3 survivors (3072K)
 Metaspace       used 65301K, capacity 66986K, committed 67020K, reserved 1107968K
  class space    used 8288K, capacity 8886K, committed 8908K, reserved 1048576K
}
Event: 8.356 GC heap after
{Heap after GC invocations=14 (full 0):
 garbage-first heap   total 187392K, used 60546K [0x0000000080000000, 0x0000000100000000)
  region size 1024K, 7 young (7168K), 7 survivors (7168K)
 Metaspace       used 65301K, capacity 66986K, committed 67020K, reserved 1107968K
  class space    used 8288K, capacity 8886K, committed 8908K, reserved 1048576K
}
Event: 9.071 GC heap before
{Heap before GC invocations=14 (full 0):
 garbage-first heap   total 187392K, used 131202K [0x0000000080000000, 0x0000000100000000)
  region size 1024K, 76 young (77824K), 7 survivors (7168K)
 Metaspace       used 67754K, capacity 69475K, committed 69708K, reserved 1110016K
  class space    used 8595K, capacity 9197K, committed 9292K, reserved 1048576K
}
Event: 9.084 GC heap after
{Heap after GC invocations=15 (full 0):
 garbage-first heap   total 187392K, used 65802K [0x0000000080000000, 0x0000000100000000)
  region size 1024K, 10 young (10240K), 10 survivors (10240K)
 Metaspace       used 67754K, capacity 69475K, committed 69708K, reserved 1110016K
  class space    used 8595K, capacity 9197K, committed 9292K, reserved 1048576K
}
Event: 10.148 GC heap before
{Heap before GC invocations=15 (full 0):
 garbage-first heap   total 187392K, used 135434K [0x0000000080000000, 0x0000000100000000)
  region size 1024K, 78 young (79872K), 10 survivors (10240K)
 Metaspace       used 75519K, capacity 77294K, committed 77516K, reserved 1116160K
  class space    used 9750K, capacity 10346K, committed 10444K, reserved 1048576K
}
Event: 10.159 GC heap after
{Heap after GC invocations=16 (full 0):
 garbage-first heap   total 187392K, used 70556K [0x0000000080000000, 0x0000000100000000)
  region size 1024K, 10 young (10240K), 10 survivors (10240K)
 Metaspace       used 75519K, capacity 77294K, committed 77516K, reserved 1116160K
  class space    used 9750K, capacity 10346K, committed 10444K, reserved 1048576K
}

Deoptimization events (20 events):
Event: 10.197 Thread 0x000002093b725800 Uncommon trap: trap_request=0xffffff4d fr.pc=0x0000020929c528fc relative=0x00000000000001bc
Event: 10.197 Thread 0x000002093b725800 Uncommon trap: reason=unstable_if action=reinterpret pc=0x0000020929c528fc method=com.esotericsoftware.kryo.io.Input.require(I)I @ 65 c2
Event: 10.197 Thread 0x000002093b725800 DEOPT PACKING pc=0x0000020929c528fc sp=0x00000009399f9050
Event: 10.197 Thread 0x000002093b725800 DEOPT UNPACKING pc=0x0000020921f083af sp=0x00000009399f9000 mode 2
Event: 10.257 Thread 0x000002093b725800 Uncommon trap: trap_request=0xffffff4d fr.pc=0x0000020929c12aa0 relative=0x00000000000000e0
Event: 10.257 Thread 0x000002093b725800 Uncommon trap: reason=unstable_if action=reinterpret pc=0x0000020929c12aa0 method=java.io.WinNTFileSystem.normalize(Ljava/lang/String;)Ljava/lang/String; @ 74 c2
Event: 10.257 Thread 0x000002093b725800 DEOPT PACKING pc=0x0000020929c12aa0 sp=0x00000009399f9970
Event: 10.257 Thread 0x000002093b725800 DEOPT UNPACKING pc=0x0000020921f083af sp=0x00000009399f9948 mode 2
Event: 10.257 Thread 0x000002093b725800 Uncommon trap: trap_request=0xffffff4d fr.pc=0x0000020929dfb8ec relative=0x0000000000001c2c
Event: 10.257 Thread 0x000002093b725800 Uncommon trap: reason=unstable_if action=reinterpret pc=0x0000020929dfb8ec method=java.io.WinNTFileSystem.normalize(Ljava/lang/String;II)Ljava/lang/String; @ 100 c2
Event: 10.257 Thread 0x000002093b725800 DEOPT PACKING pc=0x0000020929dfb8ec sp=0x00000009399f98a0
Event: 10.257 Thread 0x000002093b725800 DEOPT UNPACKING pc=0x0000020921f083af sp=0x00000009399f98a8 mode 2
Event: 10.271 Thread 0x000002093b725800 DEOPT PACKING pc=0x00000209230ade56 sp=0x00000009399f9640
Event: 10.271 Thread 0x000002093b725800 DEOPT UNPACKING pc=0x0000020921f27c0e sp=0x00000009399f8be0 mode 0
Event: 10.273 Thread 0x000002093b725800 DEOPT PACKING pc=0x000002092316eea7 sp=0x00000009399f93f0
Event: 10.273 Thread 0x000002093b725800 DEOPT UNPACKING pc=0x0000020921f27c0e sp=0x00000009399f88a0 mode 0
Event: 10.295 Thread 0x000002093b725800 Uncommon trap: trap_request=0xffffffde fr.pc=0x0000020929dbf7b4 relative=0x0000000000002b94
Event: 10.295 Thread 0x000002093b725800 Uncommon trap: reason=class_check action=maybe_recompile pc=0x0000020929dbf7b4 method=java.util.TreeMap.put(Ljava/lang/Object;Ljava/lang/Object;)Ljava/lang/Object; @ 127 c2
Event: 10.295 Thread 0x000002093b725800 DEOPT PACKING pc=0x0000020929dbf7b4 sp=0x00000009399fb190
Event: 10.295 Thread 0x000002093b725800 DEOPT UNPACKING pc=0x0000020921f083af sp=0x00000009399fb140 mode 2

Classes redefined (0 events):
No events

Internal exceptions (20 events):
Event: 9.832 Thread 0x000002093b725800 Exception <a 'java/lang/ClassNotFoundException'{0x0000000088647280}: com/android/build/gradle/internal/api/ApkVariantOutputImpl_DecoratedBeanInfo> (0x0000000088647280) thrown at [./src/hotspot/share/classfile/systemDictionary.cpp, line 231]
Event: 9.833 Thread 0x000002093b725800 Exception <a 'java/lang/ClassNotFoundException'{0x0000000088663158}: com/android/build/gradle/internal/api/ApkVariantOutputImplBeanInfo> (0x0000000088663158) thrown at [./src/hotspot/share/classfile/systemDictionary.cpp, line 231]
Event: 9.833 Thread 0x000002093b725800 Exception <a 'java/lang/ClassNotFoundException'{0x000000008867f958}: com/android/build/gradle/internal/api/BaseVariantOutputImplBeanInfo> (0x000000008867f958) thrown at [./src/hotspot/share/classfile/systemDictionary.cpp, line 231]
Event: 9.834 Thread 0x000002093b725800 Exception <a 'java/lang/ClassNotFoundException'{0x000000008869c408}: com/android/build/gradle/internal/api/BaseVariantOutputImplCustomizer> (0x000000008869c408) thrown at [./src/hotspot/share/classfile/systemDictionary.cpp, line 231]
Event: 9.835 Thread 0x000002093b725800 Exception <a 'java/lang/ClassNotFoundException'{0x00000000886cb308}: com/android/build/gradle/internal/api/ApkVariantOutputImplCustomizer> (0x00000000886cb308) thrown at [./src/hotspot/share/classfile/systemDictionary.cpp, line 231]
Event: 9.836 Thread 0x000002093b725800 Exception <a 'java/lang/ClassNotFoundException'{0x00000000886f6900}: com/android/build/gradle/internal/api/ApkVariantOutputImpl_DecoratedCustomizer> (0x00000000886f6900) thrown at [./src/hotspot/share/classfile/systemDictionary.cpp, line 231]
Event: 9.866 Thread 0x000002093b725800 Exception <a 'java/lang/ClassNotFoundException'{0x000000008830c1b0}: com/android/build/gradle/internal/api/ReadOnlyBuildTypeBeanInfo> (0x000000008830c1b0) thrown at [./src/hotspot/share/classfile/systemDictionary.cpp, line 231]
Event: 9.867 Thread 0x000002093b725800 Exception <a 'java/lang/ClassNotFoundException'{0x0000000088327990}: com/android/build/gradle/internal/api/ReadOnlyBaseConfigBeanInfo> (0x0000000088327990) thrown at [./src/hotspot/share/classfile/systemDictionary.cpp, line 231]
Event: 9.868 Thread 0x000002093b725800 Exception <a 'java/lang/ClassNotFoundException'{0x0000000088343830}: com/android/build/gradle/internal/api/ReadOnlyBaseConfigCustomizer> (0x0000000088343830) thrown at [./src/hotspot/share/classfile/systemDictionary.cpp, line 231]
Event: 9.869 Thread 0x000002093b725800 Exception <a 'java/lang/ClassNotFoundException'{0x000000008836f4a8}: com/android/build/gradle/internal/api/ReadOnlyBuildTypeCustomizer> (0x000000008836f4a8) thrown at [./src/hotspot/share/classfile/systemDictionary.cpp, line 231]
Event: 9.983 Thread 0x000002093b725800 Exception <a 'java/lang/ClassNotFoundException'{0x0000000087e2bda0}: groovy/xml/slurpersupport/NodeChildBeanInfo> (0x0000000087e2bda0) thrown at [./src/hotspot/share/classfile/systemDictionary.cpp, line 231]
Event: 9.983 Thread 0x000002093b725800 Exception <a 'java/lang/ClassNotFoundException'{0x0000000087e52da0}: groovy/xml/slurpersupport/GPathResultBeanInfo> (0x0000000087e52da0) thrown at [./src/hotspot/share/classfile/systemDictionary.cpp, line 231]
Event: 9.984 Thread 0x000002093b725800 Exception <a 'java/lang/ClassNotFoundException'{0x0000000087e7a1d8}: groovy/xml/slurpersupport/GPathResultCustomizer> (0x0000000087e7a1d8) thrown at [./src/hotspot/share/classfile/systemDictionary.cpp, line 231]
Event: 9.985 Thread 0x000002093b725800 Exception <a 'java/lang/ClassNotFoundException'{0x0000000087eb06c8}: groovy/xml/slurpersupport/NodeChildCustomizer> (0x0000000087eb06c8) thrown at [./src/hotspot/share/classfile/systemDictionary.cpp, line 231]
Event: 9.995 Thread 0x000002093b725800 Exception <a 'java/lang/ClassNotFoundException'{0x0000000087dc4848}: groovy/xml/slurpersupport/AttributesBeanInfo> (0x0000000087dc4848) thrown at [./src/hotspot/share/classfile/systemDictionary.cpp, line 231]
Event: 9.996 Thread 0x000002093b725800 Exception <a 'java/lang/ClassNotFoundException'{0x0000000087deb988}: groovy/xml/slurpersupport/NodeChildrenBeanInfo> (0x0000000087deb988) thrown at [./src/hotspot/share/classfile/systemDictionary.cpp, line 231]
Event: 9.997 Thread 0x000002093b725800 Exception <a 'java/lang/ClassNotFoundException'{0x0000000087c12db8}: groovy/xml/slurpersupport/NodeChildrenCustomizer> (0x0000000087c12db8) thrown at [./src/hotspot/share/classfile/systemDictionary.cpp, line 231]
Event: 9.998 Thread 0x000002093b725800 Exception <a 'java/lang/ClassNotFoundException'{0x0000000087c3fe08}: groovy/xml/slurpersupport/AttributesCustomizer> (0x0000000087c3fe08) thrown at [./src/hotspot/share/classfile/systemDictionary.cpp, line 231]
Event: 10.006 Thread 0x000002093b725800 Exception <a 'java/lang/ClassNotFoundException'{0x0000000087b39818}: groovy/xml/slurpersupport/AttributeBeanInfo> (0x0000000087b39818) thrown at [./src/hotspot/share/classfile/systemDictionary.cpp, line 231]
Event: 10.007 Thread 0x000002093b725800 Exception <a 'java/lang/ClassNotFoundException'{0x0000000087b5fd48}: groovy/xml/slurpersupport/AttributeCustomizer> (0x0000000087b5fd48) thrown at [./src/hotspot/share/classfile/systemDictionary.cpp, line 231]

Events (20 events):
Event: 10.316 loading class com/android/build/gradle/internal/signing/SigningConfigData$Companion
Event: 10.316 loading class com/android/build/gradle/internal/signing/SigningConfigData$Companion done
Event: 10.319 loading class com/android/build/api/variant/FilterConfiguration$FilterType
Event: 10.319 loading class com/android/build/api/variant/FilterConfiguration$FilterType done
Event: 10.319 loading class com/android/build/api/variant/impl/VariantOutputImpl$SerializedForm
Event: 10.319 loading class com/android/build/api/variant/impl/VariantOutputImpl$SerializedForm done
Event: 10.322 loading class com/android/ide/common/resources/FileValidity
Event: 10.322 loading class com/android/ide/common/resources/FileValidity done
Event: 10.323 loading class org/gradle/api/tasks/incremental/IncrementalTaskInputs
Event: 10.323 loading class org/gradle/api/tasks/incremental/IncrementalTaskInputs done
Event: 10.323 loading class com/android/ide/common/resources/AssetSet
Event: 10.323 loading class com/android/ide/common/resources/AssetSet done
Event: 10.327 loading class com/android/ide/common/resources/FileValidity$FileStatus
Event: 10.327 loading class com/android/ide/common/resources/FileValidity$FileStatus done
Event: 10.329 loading class org/gradle/api/internal/project/taskfactory/IncrementalTaskInputsTaskAction
Event: 10.329 loading class org/gradle/api/internal/project/taskfactory/IncrementalTaskInputsTaskAction done
Event: 10.331 loading class com/android/build/gradle/tasks/MergeSourceSetFolders$MergeAssetBaseCreationAction$configure$assetDirFunction$1
Event: 10.331 loading class com/android/build/gradle/tasks/MergeSourceSetFolders$MergeAssetBaseCreationAction$configure$assetDirFunction$1 done
Event: 10.331 loading class com/android/build/gradle/tasks/MergeSourceSetFolders$MergeAssetBaseCreationAction$configure$1
Event: 10.331 loading class com/android/build/gradle/tasks/MergeSourceSetFolders$MergeAssetBaseCreationAction$configure$1 done


Dynamic libraries:
0x00007ff797930000 - 0x00007ff79793a000 	D:\Program Files\Android\jre\bin\java.exe
0x00007ffa79f40000 - 0x00007ffa7a130000 	C:\Windows\SYSTEM32\ntdll.dll
0x00007ffa793e0000 - 0x00007ffa79492000 	C:\Windows\System32\KERNEL32.DLL
0x00007ffa77d50000 - 0x00007ffa77ff3000 	C:\Windows\System32\KERNELBASE.dll
0x00007ffa77b20000 - 0x00007ffa77c1a000 	C:\Windows\System32\ucrtbase.dll
0x00007ffa6fe20000 - 0x00007ffa6fe39000 	D:\Program Files\Android\jre\bin\jli.dll
0x00007ffa6ec90000 - 0x00007ffa6eca7000 	D:\Program Files\Android\jre\bin\VCRUNTIME140.dll
0x00007ffa79090000 - 0x00007ffa79224000 	C:\Windows\System32\USER32.dll
0x00007ffa76f10000 - 0x00007ffa76f31000 	C:\Windows\System32\win32u.dll
0x00007ffa78890000 - 0x00007ffa788b6000 	C:\Windows\System32\GDI32.dll
0x00007ffa63cc0000 - 0x00007ffa63f45000 	C:\Windows\WinSxS\amd64_microsoft.windows.common-controls_6595b64144ccf1df_6.0.18362.535_none_e6c3b34713100821\COMCTL32.dll
0x00007ffa77130000 - 0x00007ffa772c4000 	C:\Windows\System32\gdi32full.dll
0x00007ffa77090000 - 0x00007ffa7712e000 	C:\Windows\System32\msvcp_win.dll
0x00007ffa784a0000 - 0x00007ffa7853e000 	C:\Windows\System32\msvcrt.dll
0x00007ffa78030000 - 0x00007ffa78366000 	C:\Windows\System32\combase.dll
0x00007ffa79710000 - 0x00007ffa79830000 	C:\Windows\System32\RPCRT4.dll
0x00007ffa77c20000 - 0x00007ffa77ca0000 	C:\Windows\System32\bcryptPrimitives.dll
0x00007ffa78540000 - 0x00007ffa7856e000 	C:\Windows\System32\IMM32.DLL
0x00007ffa50c80000 - 0x00007ffa50d1d000 	D:\Program Files\Android\jre\bin\msvcp140.dll
0x00007ffa35290000 - 0x00007ffa35d65000 	D:\Program Files\Android\jre\bin\server\jvm.dll
0x00007ffa79640000 - 0x00007ffa796e3000 	C:\Windows\System32\ADVAPI32.dll
0x00007ffa783f0000 - 0x00007ffa78487000 	C:\Windows\System32\sechost.dll
0x00007ffa798e0000 - 0x00007ffa798e8000 	C:\Windows\System32\PSAPI.DLL
0x00007ffa74a20000 - 0x00007ffa74a44000 	C:\Windows\SYSTEM32\WINMM.dll
0x00007ffa71a30000 - 0x00007ffa71a39000 	C:\Windows\SYSTEM32\WSOCK32.dll
0x00007ffa745a0000 - 0x00007ffa745cd000 	C:\Windows\SYSTEM32\WINMMBASE.dll
0x00007ffa70840000 - 0x00007ffa7084a000 	C:\Windows\SYSTEM32\VERSION.dll
0x00007ffa788c0000 - 0x00007ffa7892f000 	C:\Windows\System32\WS2_32.dll
0x00007ffa77d00000 - 0x00007ffa77d4a000 	C:\Windows\System32\cfgmgr32.dll
0x00007ffa76e60000 - 0x00007ffa76e71000 	C:\Windows\System32\kernel.appcore.dll
0x00007ffa6fe40000 - 0x00007ffa6fe51000 	D:\Program Files\Android\jre\bin\verify.dll
0x00007ffa75770000 - 0x00007ffa75964000 	C:\Windows\SYSTEM32\DBGHELP.DLL
0x00007ffa60c70000 - 0x00007ffa60c9a000 	C:\Windows\SYSTEM32\dbgcore.DLL
0x00007ffa65570000 - 0x00007ffa65599000 	D:\Program Files\Android\jre\bin\java.dll
0x00007ffa71a20000 - 0x00007ffa71a2b000 	D:\Program Files\Android\jre\bin\jimage.dll
0x00007ffa6ec70000 - 0x00007ffa6ec88000 	D:\Program Files\Android\jre\bin\zip.dll
0x00007ffa78930000 - 0x00007ffa79015000 	C:\Windows\System32\SHELL32.dll
0x00007ffa78780000 - 0x00007ffa78829000 	C:\Windows\System32\shcore.dll
0x00007ffa772f0000 - 0x00007ffa77a6f000 	C:\Windows\System32\windows.storage.dll
0x00007ffa76ed0000 - 0x00007ffa76eef000 	C:\Windows\System32\profapi.dll
0x00007ffa76e80000 - 0x00007ffa76eca000 	C:\Windows\System32\powrprof.dll
0x00007ffa76e50000 - 0x00007ffa76e60000 	C:\Windows\System32\UMPDC.dll
0x00007ffa794a0000 - 0x00007ffa794f2000 	C:\Windows\System32\shlwapi.dll
0x00007ffa772d0000 - 0x00007ffa772e7000 	C:\Windows\System32\cryptsp.dll
0x00007ffa6e560000 - 0x00007ffa6e57a000 	D:\Program Files\Android\jre\bin\net.dll
0x00007ffa67470000 - 0x00007ffa67560000 	C:\Windows\SYSTEM32\WINHTTP.dll
0x00007ffa766c0000 - 0x00007ffa76727000 	C:\Windows\system32\mswsock.dll
0x00007ffa66fe0000 - 0x00007ffa66ff4000 	D:\Program Files\Android\jre\bin\nio.dll
0x00007ffa540d0000 - 0x00007ffa540f7000 	D:\ProgramsfilesD\Android\Sdk\native\e1d6ef7f7dcc3fd88c89a11ec53ec762bb8ba0a96d01ffa2cd45eb1d1d8dd5c5\windows-amd64\native-platform.dll
0x00007ffa4a870000 - 0x00007ffa4a9b4000 	D:\ProgramsfilesD\Android\Sdk\native\5664cfc778a61ccfe75a443a1ab52a65af34e5dc3c78e0209fed803814484fcb\windows-amd64\native-platform-file-events.dll
0x00007ffa6c250000 - 0x00007ffa6c25a000 	D:\Program Files\Android\jre\bin\management.dll
0x00007ffa66f90000 - 0x00007ffa66f9d000 	D:\Program Files\Android\jre\bin\management_ext.dll
0x00007ffa76230000 - 0x00007ffa76263000 	C:\Windows\system32\rsaenh.dll
0x00007ffa78000000 - 0x00007ffa78026000 	C:\Windows\System32\bcrypt.dll
0x00007ffa76d40000 - 0x00007ffa76d65000 	C:\Windows\SYSTEM32\USERENV.dll
0x00007ffa76890000 - 0x00007ffa7689c000 	C:\Windows\SYSTEM32\CRYPTBASE.dll
0x00007ffa763d0000 - 0x00007ffa7640a000 	C:\Windows\SYSTEM32\IPHLPAPI.DLL
0x00007ffa78490000 - 0x00007ffa78498000 	C:\Windows\System32\NSI.dll
0x00007ffa6e9d0000 - 0x00007ffa6e9e6000 	C:\Windows\SYSTEM32\dhcpcsvc6.DLL
0x00007ffa701d0000 - 0x00007ffa701ec000 	C:\Windows\SYSTEM32\dhcpcsvc.DLL
0x00007ffa76410000 - 0x00007ffa764da000 	C:\Windows\SYSTEM32\DNSAPI.dll

dbghelp: loaded successfully - version: 4.0.5 - missing functions: none
symbol engine: initialized successfully - sym options: 0x614 - pdb path: .;D:\Program Files\Android\jre\bin;C:\Windows\SYSTEM32;C:\Windows\WinSxS\amd64_microsoft.windows.common-controls_6595b64144ccf1df_6.0.18362.535_none_e6c3b34713100821;D:\Program Files\Android\jre\bin\server;D:\ProgramsfilesD\Android\Sdk\native\e1d6ef7f7dcc3fd88c89a11ec53ec762bb8ba0a96d01ffa2cd45eb1d1d8dd5c5\windows-amd64;D:\ProgramsfilesD\Android\Sdk\native\5664cfc778a61ccfe75a443a1ab52a65af34e5dc3c78e0209fed803814484fcb\windows-amd64

VM Arguments:
jvm_args: --add-opens=java.base/java.util=ALL-UNNAMED --add-opens=java.base/java.lang=ALL-UNNAMED --add-opens=java.base/java.lang.invoke=ALL-UNNAMED --add-opens=java.base/java.util=ALL-UNNAMED --add-opens=java.prefs/java.util.prefs=ALL-UNNAMED --add-opens=java.prefs/java.util.prefs=ALL-UNNAMED --add-opens=java.base/java.nio.charset=ALL-UNNAMED --add-opens=java.base/java.net=ALL-UNNAMED --add-opens=java.base/java.util.concurrent.atomic=ALL-UNNAMED -Xmx2048m -Dfile.encoding=UTF-8 -Duser.country=RU -Duser.language=ru -Duser.variant 
java_command: org.gradle.launcher.daemon.bootstrap.GradleDaemon 7.2
java_class_path (initial): D:\ProgramsfilesD\Android\Sdk\wrapper\dists\gradle-7.2-bin\2dnblmf4td7x66yl1d74lt32g\gradle-7.2\lib\gradle-launcher-7.2.jar
Launcher Type: SUN_STANDARD

[Global flags]
     intx CICompilerCount                          = 4                                         {product} {ergonomic}
     uint ConcGCThreads                            = 2                                         {product} {ergonomic}
     uint G1ConcRefinementThreads                  = 8                                         {product} {ergonomic}
   size_t G1HeapRegionSize                         = 1048576                                   {product} {ergonomic}
    uintx GCDrainStackTargetSize                   = 64                                        {product} {ergonomic}
   size_t InitialHeapSize                          = 132120576                                 {product} {ergonomic}
   size_t MarkStackSize                            = 4194304                                   {product} {ergonomic}
   size_t MaxHeapSize                              = 2147483648                                {product} {command line}
   size_t MaxNewSize                               = 1287651328                                {product} {ergonomic}
   size_t MinHeapDeltaBytes                        = 1048576                                   {product} {ergonomic}
    uintx NonNMethodCodeHeapSize                   = 5836300                                {pd product} {ergonomic}
    uintx NonProfiledCodeHeapSize                  = 122910970                              {pd product} {ergonomic}
    uintx ProfiledCodeHeapSize                     = 122910970                              {pd product} {ergonomic}
    uintx ReservedCodeCacheSize                    = 251658240                              {pd product} {ergonomic}
     bool SegmentedCodeCache                       = true                                      {product} {ergonomic}
     bool UseCompressedClassPointers               = true                                 {lp64_product} {ergonomic}
     bool UseCompressedOops                        = true                                 {lp64_product} {ergonomic}
     bool UseG1GC                                  = true                                      {product} {ergonomic}
     bool UseLargePagesIndividualAllocation        = false                                  {pd product} {ergonomic}

Logging:
Log output configuration:
 #0: stdout all=warning uptime,level,tags
 #1: stderr all=off uptime,level,tags

Environment Variables:
JAVA_HOME=D:\Program Files\Java
PATH=C:\PROGRA~2\Borland\CBUILD~1\Bin;C:\PROGRA~2\Borland\CBUILD~1\Projects\Bpl;C:\Program Files\Common Files\Oracle\Java\javapath;C:\Windows\system32;C:\Windows;C:\Windows\System32\Wbem;C:\Windows\System32\WindowsPowerShell\v1.0\;C:\Program Files (x86)\NVIDIA Corporation\PhysX\Common;C:\Program Files\NVIDIA Corporation\NVIDIA NvDLISR;C:\Program Files\Microsoft\Web Platform Installer\;C:\Program Files (x86)\Microsoft ASP.NET\ASP.NET Web Pages\v1.0\;C:\Program Files\Microsoft SQL Server\110\Tools\Binn\;C:\Program Files\Git\cmd;C:\Users\asus\AppData\Local\Programs\Python\Python310\Scripts\;C:\Users\asus\AppData\Local\Programs\Python\Python310\;C:\Users\asus\AppData\Local\Microsoft\WindowsApps;;D:\Program Files\JetBrains\IntelliJ IDEA Community Edition 2020.3\bin;
USERNAME=asus
OS=Windows_NT
PROCESSOR_IDENTIFIER=Intel64 Family 6 Model 126 Stepping 5, GenuineIntel



---------------  S Y S T E M  ---------------

OS: Windows 10 , 64 bit Build 18362 (10.0.18362.329)
OS uptime: 0 days 3:25 hours

CPU:total 8 (initial active 8) (4 cores per cpu, 2 threads per core) family 6 model 126 stepping 5 microcode 0x96, cmov, cx8, fxsr, mmx, sse, sse2, sse3, ssse3, sse4.1, sse4.2, popcnt, avx, avx2, aes, clmul, erms, 3dnowpref, lzcnt, ht, tsc, tscinvbit, bmi1, bmi2, adx, evex, sha, fma

Memory: 4k page, system-wide physical 7997M (1515M free)
TotalPageFile size 7997M (AvailPageFile size 8M)
current process WorkingSet (physical memory assigned to process): 438M, peak: 441M
current process commit charge ("private bytes"): 476M, peak: 480M

vm_info: OpenJDK 64-Bit Server VM (11.0.11+9-b60-7590822) for windows-amd64 JRE (11.0.11+9-b60-7590822), built on Jul 29 2021 21:43:44 by "builder" with MS VC++ 14.0 (VS2015)

END.
