#
# There is insufficient memory for the Java Runtime Environment to continue.
# Native memory allocation (mmap) failed to map 38797312 bytes for Failed to commit area from 0x000000008c800000 to 0x000000008ed00000 of length 38797312.
# Possible reasons:
#   The system is out of physical RAM or swap space
#   The process is running with CompressedOops enabled, and the Java Heap may be blocking the growth of the native heap
# Possible solutions:
#   Reduce memory load on the system
#   Increase physical memory or swap space
#   Check if swap backing store is full
#   Decrease Java heap size (-Xmx/-Xms)
#   Decrease number of Java threads
#   Decrease Java thread stack sizes (-Xss)
#   Set larger code cache with -XX:ReservedCodeCacheSize=
#   JVM is running with Unscaled Compressed Oops mode in which the Java heap is
#     placed in the first 4GB address space. The Java Heap base address is the
#     maximum limit for the native heap growth. Please use -XX:HeapBaseMinAddress
#     to set the Java Heap base and to place the Java Heap above 4GB virtual address.
# This output file may be truncated or incomplete.
#
#  Out of Memory Error (./src/hotspot/os/windows/os_windows.cpp:3301), pid=7716, tid=6248
#
# JRE version: OpenJDK Runtime Environment (11.0.11+9) (build 11.0.11+9-b60-7590822)
# Java VM: OpenJDK 64-Bit Server VM (11.0.11+9-b60-7590822, mixed mode, tiered, compressed oops, g1 gc, windows-amd64)
# No core dump will be written. Minidumps are not enabled by default on client versions of Windows
#

---------------  S U M M A R Y ------------

Command Line: org.jetbrains.kotlin.cli.jvm.K2JVMCompiler @D:\NotesApp\app\build\20220518_11768048360258361098.compiler.options

Host: Intel(R) Core(TM) i7-1065G7 CPU @ 1.30GHz, 8 cores, 7G,  Windows 10 , 64 bit Build 18362 (10.0.18362.329)
Time: Wed May 18 19:28:03 2022 Caiaaiay Acey (ceia) elapsed time: 7.593898 seconds (0d 0h 0m 7s)

---------------  T H R E A D  ---------------

Current thread (0x000001d27bfd3800):  VMThread "VM Thread" [stack: 0x0000001e14400000,0x0000001e14500000] [id=6248]

Stack: [0x0000001e14400000,0x0000001e14500000]
[error occurred during error reporting (printing stack bounds), id 0xc0000005, EXCEPTION_ACCESS_VIOLATION (0xc0000005) at pc=0x000001d2000010e7]

Native frames: (J=compiled Java code, j=interpreted, Vv=VM code, C=native code)
V  [jvm.dll+0x5f214a]
V  [jvm.dll+0x726fb5]
V  [jvm.dll+0x7285cd]
V  [jvm.dll+0x728be5]
V  [jvm.dll+0x728b9b]
V  [jvm.dll+0x5f14e8]
V  [jvm.dll+0x5f1c78]
C  [ntdll.dll+0xa11ff]
C  [ntdll.dll+0x6a289]
C  [ntdll.dll+0x9fe6e]
C  0x000001d2000010e7

VM_Operation (0x0000001e13efada0): G1CollectForAllocation, mode: safepoint, requested by thread 0x000001d2704da000


---------------  P R O C E S S  ---------------

Threads class SMR info:
_java_thread_list=0x000001d27e0e09e0, length=12, elements={
0x000001d2704da000, 0x000001d27b7aa000, 0x000001d27b7ab000, 0x000001d27c018000,
0x000001d27c01c000, 0x000001d27c01d000, 0x000001d27c022000, 0x000001d27c025800,
0x000001d27c027800, 0x000001d27c18f800, 0x000001d27c190800, 0x000001d27c191000
}

Java Threads: ( => current thread )
  0x000001d2704da000 JavaThread "main" [_thread_blocked, id=3840, stack(0x0000001e13e00000,0x0000001e13f00000)]
  0x000001d27b7aa000 JavaThread "Reference Handler" daemon [_thread_blocked, id=10740, stack(0x0000001e14500000,0x0000001e14600000)]
  0x000001d27b7ab000 JavaThread "Finalizer" daemon [_thread_blocked, id=6860, stack(0x0000001e14600000,0x0000001e14700000)]
  0x000001d27c018000 JavaThread "Signal Dispatcher" daemon [_thread_blocked, id=4672, stack(0x0000001e14700000,0x0000001e14800000)]
  0x000001d27c01c000 JavaThread "Attach Listener" daemon [_thread_blocked, id=2652, stack(0x0000001e14800000,0x0000001e14900000)]
  0x000001d27c01d000 JavaThread "Service Thread" daemon [_thread_blocked, id=4868, stack(0x0000001e14900000,0x0000001e14a00000)]
  0x000001d27c022000 JavaThread "C2 CompilerThread0" daemon [_thread_blocked, id=6596, stack(0x0000001e14a00000,0x0000001e14b00000)]
  0x000001d27c025800 JavaThread "C1 CompilerThread0" daemon [_thread_blocked, id=10964, stack(0x0000001e14b00000,0x0000001e14c00000)]
  0x000001d27c027800 JavaThread "Sweeper thread" daemon [_thread_blocked, id=7388, stack(0x0000001e14c00000,0x0000001e14d00000)]
  0x000001d27c18f800 JavaThread "Common-Cleaner" daemon [_thread_blocked, id=7444, stack(0x0000001e14e00000,0x0000001e14f00000)]
  0x000001d27c190800 JavaThread "C2 CompilerThread1" daemon [_thread_blocked, id=5856, stack(0x0000001e14f00000,0x0000001e15000000)]
  0x000001d27c191000 JavaThread "C2 CompilerThread2" daemon [_thread_in_native, id=10712, stack(0x0000001e15000000,0x0000001e15100000)]

Other Threads:
=>0x000001d27bfd3800 VMThread "VM Thread" [stack: 0x0000001e14400000,0x0000001e14500000] [id=6248]
  0x000001d27c181800 WatcherThread [stack: 0x0000001e14d00000,0x0000001e14e00000] [id=2532]
  0x000001d2704f3800 GCTaskThread "GC Thread#0" [stack: 0x0000001e13f00000,0x0000001e14000000] [id=6516]
  0x000001d27c7c2000 GCTaskThread "GC Thread#1" [stack: 0x0000001e15100000,0x0000001e15200000] [id=6532]
  0x000001d27c903800 GCTaskThread "GC Thread#2" [stack: 0x0000001e15200000,0x0000001e15300000] [id=7660]
  0x000001d270522800 ConcurrentGCThread "G1 Main Marker" [stack: 0x0000001e14000000,0x0000001e14100000] [id=2296]
  0x000001d270524000 ConcurrentGCThread "G1 Conc#0" [stack: 0x0000001e14100000,0x0000001e14200000] [id=7952]
  0x000001d27e221800 ConcurrentGCThread "G1 Conc#1" [stack: 0x0000001e15300000,0x0000001e15400000] [id=3956]
  0x000001d2705ad800 ConcurrentGCThread "G1 Refine#0" [stack: 0x0000001e14200000,0x0000001e14300000] [id=10980]
  0x000001d27e07e000 ConcurrentGCThread "G1 Refine#1" [stack: 0x0000001e15400000,0x0000001e15500000] [id=5140]
  0x000001d27d97f800 ConcurrentGCThread "G1 Refine#2" [stack: 0x0000001e15500000,0x0000001e15600000] [id=10052]
  0x000001d27dc8f800 ConcurrentGCThread "G1 Refine#3" [stack: 0x0000001e15600000,0x0000001e15700000] [id=5080]
  0x000001d2705ae800 ConcurrentGCThread "G1 Young RemSet Sampling" [stack: 0x0000001e14300000,0x0000001e14400000] [id=2696]

Threads with active compile tasks:
C2 CompilerThread0   7599 7575       4       org.jetbrains.kotlin.util.collectionUtils.ScopeUtilsKt::concat (61 bytes)
C1 CompilerThread0   7599 7693       3       org.jetbrains.kotlin.serialization.deserialization.TypeDeserializer::simpleType (624 bytes)
C2 CompilerThread1   7599 7667       4       java.util.HashMap::get (23 bytes)
C2 CompilerThread2   7599 7517       4       org.jetbrains.org.objectweb.asm.ClassReader::readCode (5089 bytes)

VM state:at safepoint (normal execution)

VM Mutex/Monitor currently owned by a thread:  ([mutex/lock_event])
[0x000001d2704d7d00] Threads_lock - owner thread: 0x000001d27bfd3800
[0x000001d2704d8330] Heap_lock - owner thread: 0x000001d2704da000

Heap address: 0x0000000083000000, size: 2000 MB, Compressed Oops mode: 32-bit
Narrow klass base: 0x0000000000000000, Narrow klass shift: 3
Compressed class space size: 1073741824 Address: 0x0000000100000000

Heap:
 garbage-first heap   total 193536K, used 55808K [0x0000000083000000, 0x0000000100000000)
  region size 1024K, 7 young (7168K), 7 survivors (7168K)
 Metaspace       used 64362K, capacity 65201K, committed 65412K, reserved 1107968K
  class space    used 7479K, capacity 7836K, committed 7936K, reserved 1048576K
Heap Regions: E=young(eden), S=young(survivor), O=old, HS=humongous(starts), HC=humongous(continues), CS=collection set, F=free, A=archive, TAMS=top-at-mark-start (previous, next)
|   0|0x0000000083000000, 0x0000000083100000, 0x0000000083100000|100%|HS|  |TAMS 0x0000000083100000, 0x0000000083000000| Complete 
|   1|0x0000000083100000, 0x0000000083200000, 0x0000000083200000|100%|HC|  |TAMS 0x0000000083200000, 0x0000000083100000| Complete 
|   2|0x0000000083200000, 0x0000000083300000, 0x0000000083300000|100%|HC|  |TAMS 0x0000000083300000, 0x0000000083200000| Complete 
|   3|0x0000000083300000, 0x0000000083400000, 0x0000000083400000|100%|HS|  |TAMS 0x0000000083400000, 0x0000000083300000| Complete 
|   4|0x0000000083400000, 0x0000000083500000, 0x0000000083500000|100%|HC|  |TAMS 0x0000000083500000, 0x0000000083400000| Complete 
|   5|0x0000000083500000, 0x0000000083600000, 0x0000000083600000|100%|HC|  |TAMS 0x0000000083600000, 0x0000000083500000| Complete 
|   6|0x0000000083600000, 0x0000000083700000, 0x0000000083700000|100%|HS|  |TAMS 0x0000000083700000, 0x0000000083600000| Complete 
|   7|0x0000000083700000, 0x0000000083800000, 0x0000000083800000|100%|HC|  |TAMS 0x0000000083800000, 0x0000000083700000| Complete 
|   8|0x0000000083800000, 0x0000000083900000, 0x0000000083900000|100%| O|  |TAMS 0x0000000083900000, 0x0000000083800000| Untracked 
|   9|0x0000000083900000, 0x0000000083a00000, 0x0000000083a00000|100%| O|  |TAMS 0x0000000083a00000, 0x0000000083900000| Untracked 
|  10|0x0000000083a00000, 0x0000000083b00000, 0x0000000083b00000|100%| O|  |TAMS 0x0000000083b00000, 0x0000000083a00000| Untracked 
|  11|0x0000000083b00000, 0x0000000083c00000, 0x0000000083c00000|100%| O|  |TAMS 0x0000000083c00000, 0x0000000083b00000| Untracked 
|  12|0x0000000083c00000, 0x0000000083d00000, 0x0000000083d00000|100%| O|  |TAMS 0x0000000083d00000, 0x0000000083c00000| Untracked 
|  13|0x0000000083d00000, 0x0000000083e00000, 0x0000000083e00000|100%| O|  |TAMS 0x0000000083e00000, 0x0000000083d00000| Untracked 
|  14|0x0000000083e00000, 0x0000000083f00000, 0x0000000083f00000|100%| O|  |TAMS 0x0000000083f00000, 0x0000000083e00000| Untracked 
|  15|0x0000000083f00000, 0x0000000084000000, 0x0000000084000000|100%| O|  |TAMS 0x0000000084000000, 0x0000000083f00000| Untracked 
|  16|0x0000000084000000, 0x0000000084100000, 0x0000000084100000|100%| O|  |TAMS 0x0000000084100000, 0x0000000084000000| Untracked 
|  17|0x0000000084100000, 0x0000000084200000, 0x0000000084200000|100%| O|  |TAMS 0x0000000084200000, 0x0000000084100000| Untracked 
|  18|0x0000000084200000, 0x0000000084300000, 0x0000000084300000|100%| O|  |TAMS 0x0000000084300000, 0x0000000084200000| Untracked 
|  19|0x0000000084300000, 0x0000000084400000, 0x0000000084400000|100%| O|  |TAMS 0x0000000084400000, 0x0000000084300000| Untracked 
|  20|0x0000000084400000, 0x0000000084500000, 0x0000000084500000|100%| O|  |TAMS 0x0000000084500000, 0x0000000084400000| Untracked 
|  21|0x0000000084500000, 0x0000000084600000, 0x0000000084600000|100%| O|  |TAMS 0x0000000084600000, 0x0000000084500000| Untracked 
|  22|0x0000000084600000, 0x0000000084700000, 0x0000000084700000|100%| O|  |TAMS 0x0000000084700000, 0x0000000084600000| Untracked 
|  23|0x0000000084700000, 0x0000000084800000, 0x0000000084800000|100%| O|  |TAMS 0x0000000084800000, 0x0000000084700000| Untracked 
|  24|0x0000000084800000, 0x0000000084900000, 0x0000000084900000|100%| O|  |TAMS 0x0000000084900000, 0x0000000084800000| Untracked 
|  25|0x0000000084900000, 0x0000000084a00000, 0x0000000084a00000|100%| O|  |TAMS 0x0000000084a00000, 0x0000000084900000| Untracked 
|  26|0x0000000084a00000, 0x0000000084b00000, 0x0000000084b00000|100%| O|  |TAMS 0x0000000084b00000, 0x0000000084a00000| Untracked 
|  27|0x0000000084b00000, 0x0000000084c00000, 0x0000000084c00000|100%| O|  |TAMS 0x0000000084c00000, 0x0000000084b00000| Untracked 
|  28|0x0000000084c00000, 0x0000000084d00000, 0x0000000084d00000|100%| O|  |TAMS 0x0000000084d00000, 0x0000000084c00000| Untracked 
|  29|0x0000000084d00000, 0x0000000084e00000, 0x0000000084e00000|100%| O|  |TAMS 0x0000000084e00000, 0x0000000084d00000| Untracked 
|  30|0x0000000084e00000, 0x0000000084f00000, 0x0000000084f00000|100%| O|  |TAMS 0x0000000084f00000, 0x0000000084e00000| Untracked 
|  31|0x0000000084f00000, 0x0000000085000000, 0x0000000085000000|100%| O|  |TAMS 0x0000000085000000, 0x0000000084f00000| Untracked 
|  32|0x0000000085000000, 0x0000000085100000, 0x0000000085100000|100%| O|  |TAMS 0x0000000085100000, 0x0000000085000000| Untracked 
|  33|0x0000000085100000, 0x0000000085200000, 0x0000000085200000|100%| O|  |TAMS 0x0000000085200000, 0x0000000085100000| Untracked 
|  34|0x0000000085200000, 0x0000000085300000, 0x0000000085300000|100%| O|  |TAMS 0x0000000085300000, 0x0000000085200000| Untracked 
|  35|0x0000000085300000, 0x0000000085400000, 0x0000000085400000|100%| O|  |TAMS 0x0000000085400000, 0x0000000085300000| Untracked 
|  36|0x0000000085400000, 0x0000000085500000, 0x0000000085500000|100%| O|  |TAMS 0x0000000085500000, 0x0000000085400000| Untracked 
|  37|0x0000000085500000, 0x0000000085600000, 0x0000000085600000|100%| O|  |TAMS 0x0000000085600000, 0x0000000085500000| Untracked 
|  38|0x0000000085600000, 0x0000000085700000, 0x0000000085700000|100%| O|  |TAMS 0x0000000085700000, 0x0000000085600000| Untracked 
|  39|0x0000000085700000, 0x0000000085800000, 0x0000000085800000|100%| O|  |TAMS 0x0000000085800000, 0x0000000085700000| Untracked 
|  40|0x0000000085800000, 0x0000000085900000, 0x0000000085900000|100%| O|  |TAMS 0x0000000085900000, 0x0000000085800000| Untracked 
|  41|0x0000000085900000, 0x0000000085a00000, 0x0000000085a00000|100%| O|  |TAMS 0x0000000085a00000, 0x0000000085900000| Untracked 
|  42|0x0000000085a00000, 0x0000000085b00000, 0x0000000085b00000|100%| O|  |TAMS 0x0000000085b00000, 0x0000000085a00000| Untracked 
|  43|0x0000000085b00000, 0x0000000085c00000, 0x0000000085c00000|100%| O|  |TAMS 0x0000000085b00000, 0x0000000085b00000| Untracked 
|  44|0x0000000085c00000, 0x0000000085d00000, 0x0000000085d00000|100%| O|  |TAMS 0x0000000085c00000, 0x0000000085c00000| Untracked 
|  45|0x0000000085d00000, 0x0000000085e00000, 0x0000000085e00000|100%| O|  |TAMS 0x0000000085d00000, 0x0000000085d00000| Untracked 
|  46|0x0000000085e00000, 0x0000000085f00000, 0x0000000085f00000|100%| O|  |TAMS 0x0000000085e00000, 0x0000000085e00000| Untracked 
|  47|0x0000000085f00000, 0x0000000085f80000, 0x0000000086000000| 50%| O|  |TAMS 0x0000000085f00000, 0x0000000085f00000| Untracked 
|  48|0x0000000086000000, 0x0000000086000000, 0x0000000086100000|  0%| F|  |TAMS 0x0000000086000000, 0x0000000086000000| Untracked 
|  49|0x0000000086100000, 0x0000000086100000, 0x0000000086200000|  0%| F|  |TAMS 0x0000000086100000, 0x0000000086100000| Untracked 
|  50|0x0000000086200000, 0x0000000086200000, 0x0000000086300000|  0%| F|  |TAMS 0x0000000086200000, 0x0000000086200000| Untracked 
|  51|0x0000000086300000, 0x0000000086300000, 0x0000000086400000|  0%| F|  |TAMS 0x0000000086300000, 0x0000000086300000| Untracked 
|  52|0x0000000086400000, 0x0000000086400000, 0x0000000086500000|  0%| F|  |TAMS 0x0000000086400000, 0x0000000086400000| Untracked 
|  53|0x0000000086500000, 0x0000000086500000, 0x0000000086600000|  0%| F|  |TAMS 0x0000000086500000, 0x0000000086500000| Untracked 
|  54|0x0000000086600000, 0x0000000086600000, 0x0000000086700000|  0%| F|  |TAMS 0x0000000086600000, 0x0000000086600000| Untracked 
|  55|0x0000000086700000, 0x0000000086700000, 0x0000000086800000|  0%| F|  |TAMS 0x0000000086700000, 0x0000000086700000| Untracked 
|  56|0x0000000086800000, 0x0000000086800000, 0x0000000086900000|  0%| F|  |TAMS 0x0000000086800000, 0x0000000086800000| Untracked 
|  57|0x0000000086900000, 0x0000000086900000, 0x0000000086a00000|  0%| F|  |TAMS 0x0000000086900000, 0x0000000086900000| Untracked 
|  58|0x0000000086a00000, 0x0000000086a00000, 0x0000000086b00000|  0%| F|  |TAMS 0x0000000086a00000, 0x0000000086a00000| Untracked 
|  59|0x0000000086b00000, 0x0000000086b00000, 0x0000000086c00000|  0%| F|  |TAMS 0x0000000086b00000, 0x0000000086b00000| Untracked 
|  60|0x0000000086c00000, 0x0000000086c00000, 0x0000000086d00000|  0%| F|  |TAMS 0x0000000086c00000, 0x0000000086c00000| Untracked 
|  61|0x0000000086d00000, 0x0000000086d00000, 0x0000000086e00000|  0%| F|  |TAMS 0x0000000086d00000, 0x0000000086d00000| Untracked 
|  62|0x0000000086e00000, 0x0000000086e00000, 0x0000000086f00000|  0%| F|  |TAMS 0x0000000086e00000, 0x0000000086e00000| Untracked 
|  63|0x0000000086f00000, 0x0000000086f00000, 0x0000000087000000|  0%| F|  |TAMS 0x0000000086f00000, 0x0000000086f00000| Untracked 
|  64|0x0000000087000000, 0x0000000087000000, 0x0000000087100000|  0%| F|  |TAMS 0x0000000087000000, 0x0000000087000000| Untracked 
|  65|0x0000000087100000, 0x0000000087100000, 0x0000000087200000|  0%| F|  |TAMS 0x0000000087100000, 0x0000000087100000| Untracked 
|  66|0x0000000087200000, 0x0000000087200000, 0x0000000087300000|  0%| F|  |TAMS 0x0000000087200000, 0x0000000087200000| Untracked 
|  67|0x0000000087300000, 0x0000000087300000, 0x0000000087400000|  0%| F|  |TAMS 0x0000000087300000, 0x0000000087300000| Untracked 
|  68|0x0000000087400000, 0x0000000087400000, 0x0000000087500000|  0%| F|  |TAMS 0x0000000087400000, 0x0000000087400000| Untracked 
|  69|0x0000000087500000, 0x0000000087500000, 0x0000000087600000|  0%| F|  |TAMS 0x0000000087500000, 0x0000000087500000| Untracked 
|  70|0x0000000087600000, 0x0000000087600000, 0x0000000087700000|  0%| F|  |TAMS 0x0000000087600000, 0x0000000087600000| Untracked 
|  71|0x0000000087700000, 0x0000000087700000, 0x0000000087800000|  0%| F|  |TAMS 0x0000000087700000, 0x0000000087700000| Untracked 
|  72|0x0000000087800000, 0x0000000087800000, 0x0000000087900000|  0%| F|  |TAMS 0x0000000087800000, 0x0000000087800000| Untracked 
|  73|0x0000000087900000, 0x0000000087900000, 0x0000000087a00000|  0%| F|  |TAMS 0x0000000087900000, 0x0000000087900000| Untracked 
|  74|0x0000000087a00000, 0x0000000087a00000, 0x0000000087b00000|  0%| F|  |TAMS 0x0000000087a00000, 0x0000000087a00000| Untracked 
|  75|0x0000000087b00000, 0x0000000087b00000, 0x0000000087c00000|  0%| F|  |TAMS 0x0000000087b00000, 0x0000000087b00000| Untracked 
|  76|0x0000000087c00000, 0x0000000087c00000, 0x0000000087d00000|  0%| F|  |TAMS 0x0000000087c00000, 0x0000000087c00000| Untracked 
|  77|0x0000000087d00000, 0x0000000087d00000, 0x0000000087e00000|  0%| F|  |TAMS 0x0000000087d00000, 0x0000000087d00000| Untracked 
|  78|0x0000000087e00000, 0x0000000087e00000, 0x0000000087f00000|  0%| F|  |TAMS 0x0000000087e00000, 0x0000000087e00000| Untracked 
|  79|0x0000000087f00000, 0x0000000087f00000, 0x0000000088000000|  0%| F|  |TAMS 0x0000000087f00000, 0x0000000087f00000| Untracked 
|  80|0x0000000088000000, 0x0000000088000000, 0x0000000088100000|  0%| F|  |TAMS 0x0000000088000000, 0x0000000088000000| Untracked 
|  81|0x0000000088100000, 0x0000000088100000, 0x0000000088200000|  0%| F|  |TAMS 0x0000000088100000, 0x0000000088100000| Untracked 
|  82|0x0000000088200000, 0x0000000088200000, 0x0000000088300000|  0%| F|  |TAMS 0x0000000088200000, 0x0000000088200000| Untracked 
|  83|0x0000000088300000, 0x0000000088300000, 0x0000000088400000|  0%| F|  |TAMS 0x0000000088300000, 0x0000000088300000| Untracked 
|  84|0x0000000088400000, 0x0000000088400000, 0x0000000088500000|  0%| F|  |TAMS 0x0000000088400000, 0x0000000088400000| Untracked 
|  85|0x0000000088500000, 0x0000000088500000, 0x0000000088600000|  0%| F|  |TAMS 0x0000000088500000, 0x0000000088500000| Untracked 
|  86|0x0000000088600000, 0x0000000088600000, 0x0000000088700000|  0%| F|  |TAMS 0x0000000088600000, 0x0000000088600000| Untracked 
|  87|0x0000000088700000, 0x0000000088700000, 0x0000000088800000|  0%| F|  |TAMS 0x0000000088700000, 0x0000000088700000| Untracked 
|  88|0x0000000088800000, 0x0000000088800000, 0x0000000088900000|  0%| F|  |TAMS 0x0000000088800000, 0x0000000088800000| Untracked 
|  89|0x0000000088900000, 0x0000000088900000, 0x0000000088a00000|  0%| F|  |TAMS 0x0000000088900000, 0x0000000088900000| Untracked 
|  90|0x0000000088a00000, 0x0000000088a00000, 0x0000000088b00000|  0%| F|  |TAMS 0x0000000088a00000, 0x0000000088a00000| Untracked 
|  91|0x0000000088b00000, 0x0000000088b00000, 0x0000000088c00000|  0%| F|  |TAMS 0x0000000088b00000, 0x0000000088b00000| Untracked 
|  92|0x0000000088c00000, 0x0000000088d00000, 0x0000000088d00000|100%| S|CS|TAMS 0x0000000088c00000, 0x0000000088c00000| Complete 
|  93|0x0000000088d00000, 0x0000000088e00000, 0x0000000088e00000|100%| S|CS|TAMS 0x0000000088d00000, 0x0000000088d00000| Complete 
|  94|0x0000000088e00000, 0x0000000088f00000, 0x0000000088f00000|100%| S|CS|TAMS 0x0000000088e00000, 0x0000000088e00000| Complete 
|  95|0x0000000088f00000, 0x0000000089000000, 0x0000000089000000|100%| S|CS|TAMS 0x0000000088f00000, 0x0000000088f00000| Complete 
|  96|0x0000000089000000, 0x0000000089100000, 0x0000000089100000|100%| S|CS|TAMS 0x0000000089000000, 0x0000000089000000| Complete 
|  97|0x0000000089100000, 0x0000000089200000, 0x0000000089200000|100%| S|CS|TAMS 0x0000000089100000, 0x0000000089100000| Complete 
|  98|0x0000000089200000, 0x0000000089300000, 0x0000000089300000|100%| S|CS|TAMS 0x0000000089200000, 0x0000000089200000| Complete 
|  99|0x0000000089300000, 0x0000000089300000, 0x0000000089400000|  0%| F|  |TAMS 0x0000000089300000, 0x0000000089300000| Untracked 
| 100|0x0000000089400000, 0x0000000089400000, 0x0000000089500000|  0%| F|  |TAMS 0x0000000089400000, 0x0000000089400000| Untracked 
| 101|0x0000000089500000, 0x0000000089500000, 0x0000000089600000|  0%| F|  |TAMS 0x0000000089500000, 0x0000000089500000| Untracked 
| 102|0x0000000089600000, 0x0000000089600000, 0x0000000089700000|  0%| F|  |TAMS 0x0000000089600000, 0x0000000089600000| Untracked 
| 103|0x0000000089700000, 0x0000000089700000, 0x0000000089800000|  0%| F|  |TAMS 0x0000000089700000, 0x0000000089700000| Untracked 
| 104|0x0000000089800000, 0x0000000089800000, 0x0000000089900000|  0%| F|  |TAMS 0x0000000089800000, 0x0000000089800000| Untracked 
| 105|0x0000000089900000, 0x0000000089900000, 0x0000000089a00000|  0%| F|  |TAMS 0x0000000089900000, 0x0000000089900000| Untracked 
| 106|0x0000000089a00000, 0x0000000089a00000, 0x0000000089b00000|  0%| F|  |TAMS 0x0000000089a00000, 0x0000000089a00000| Untracked 
| 107|0x0000000089b00000, 0x0000000089b00000, 0x0000000089c00000|  0%| F|  |TAMS 0x0000000089b00000, 0x0000000089b00000| Untracked 
| 108|0x0000000089c00000, 0x0000000089c00000, 0x0000000089d00000|  0%| F|  |TAMS 0x0000000089c00000, 0x0000000089c00000| Untracked 
| 109|0x0000000089d00000, 0x0000000089d00000, 0x0000000089e00000|  0%| F|  |TAMS 0x0000000089d00000, 0x0000000089d00000| Untracked 
| 110|0x0000000089e00000, 0x0000000089e00000, 0x0000000089f00000|  0%| F|  |TAMS 0x0000000089e00000, 0x0000000089e00000| Untracked 
| 111|0x0000000089f00000, 0x0000000089f00000, 0x000000008a000000|  0%| F|  |TAMS 0x0000000089f00000, 0x0000000089f00000| Untracked 
| 112|0x000000008a000000, 0x000000008a000000, 0x000000008a100000|  0%| F|  |TAMS 0x000000008a000000, 0x000000008a000000| Untracked 
| 113|0x000000008a100000, 0x000000008a100000, 0x000000008a200000|  0%| F|  |TAMS 0x000000008a100000, 0x000000008a100000| Untracked 
| 114|0x000000008a200000, 0x000000008a200000, 0x000000008a300000|  0%| F|  |TAMS 0x000000008a200000, 0x000000008a200000| Untracked 
| 115|0x000000008a300000, 0x000000008a300000, 0x000000008a400000|  0%| F|  |TAMS 0x000000008a300000, 0x000000008a300000| Untracked 
| 116|0x000000008a400000, 0x000000008a400000, 0x000000008a500000|  0%| F|  |TAMS 0x000000008a400000, 0x000000008a400000| Untracked 
| 117|0x000000008a500000, 0x000000008a500000, 0x000000008a600000|  0%| F|  |TAMS 0x000000008a500000, 0x000000008a500000| Untracked 
| 118|0x000000008a600000, 0x000000008a600000, 0x000000008a700000|  0%| F|  |TAMS 0x000000008a600000, 0x000000008a600000| Untracked 
| 119|0x000000008a700000, 0x000000008a700000, 0x000000008a800000|  0%| F|  |TAMS 0x000000008a700000, 0x000000008a700000| Untracked 
| 120|0x000000008a800000, 0x000000008a800000, 0x000000008a900000|  0%| F|  |TAMS 0x000000008a800000, 0x000000008a800000| Untracked 
| 121|0x000000008a900000, 0x000000008a900000, 0x000000008aa00000|  0%| F|  |TAMS 0x000000008a900000, 0x000000008a900000| Untracked 
| 122|0x000000008aa00000, 0x000000008aa00000, 0x000000008ab00000|  0%| F|  |TAMS 0x000000008aa00000, 0x000000008aa00000| Untracked 
| 123|0x000000008ab00000, 0x000000008ab00000, 0x000000008ac00000|  0%| F|  |TAMS 0x000000008ab00000, 0x000000008ab00000| Untracked 
| 124|0x000000008ac00000, 0x000000008ac00000, 0x000000008ad00000|  0%| F|  |TAMS 0x000000008ac00000, 0x000000008ac00000| Untracked 
| 125|0x000000008ad00000, 0x000000008ad00000, 0x000000008ae00000|  0%| F|  |TAMS 0x000000008ad00000, 0x000000008ad00000| Untracked 
| 126|0x000000008ae00000, 0x000000008ae00000, 0x000000008af00000|  0%| F|  |TAMS 0x000000008ae00000, 0x000000008ae00000| Untracked 
| 127|0x000000008af00000, 0x000000008af00000, 0x000000008b000000|  0%| F|  |TAMS 0x000000008af00000, 0x000000008af00000| Untracked 
| 128|0x000000008b000000, 0x000000008b000000, 0x000000008b100000|  0%| F|  |TAMS 0x000000008b000000, 0x000000008b000000| Untracked 
| 129|0x000000008b100000, 0x000000008b100000, 0x000000008b200000|  0%| F|  |TAMS 0x000000008b100000, 0x000000008b100000| Untracked 
| 130|0x000000008b200000, 0x000000008b200000, 0x000000008b300000|  0%| F|  |TAMS 0x000000008b200000, 0x000000008b200000| Untracked 
| 131|0x000000008b300000, 0x000000008b300000, 0x000000008b400000|  0%| F|  |TAMS 0x000000008b300000, 0x000000008b300000| Untracked 
| 132|0x000000008b400000, 0x000000008b400000, 0x000000008b500000|  0%| F|  |TAMS 0x000000008b400000, 0x000000008b400000| Untracked 
| 133|0x000000008b500000, 0x000000008b500000, 0x000000008b600000|  0%| F|  |TAMS 0x000000008b500000, 0x000000008b500000| Untracked 
| 134|0x000000008b600000, 0x000000008b600000, 0x000000008b700000|  0%| F|  |TAMS 0x000000008b600000, 0x000000008b600000| Untracked 
| 135|0x000000008b700000, 0x000000008b700000, 0x000000008b800000|  0%| F|  |TAMS 0x000000008b700000, 0x000000008b700000| Untracked 
| 136|0x000000008b800000, 0x000000008b800000, 0x000000008b900000|  0%| F|  |TAMS 0x000000008b800000, 0x000000008b800000| Untracked 
| 137|0x000000008b900000, 0x000000008b900000, 0x000000008ba00000|  0%| F|  |TAMS 0x000000008b900000, 0x000000008b900000| Untracked 
| 138|0x000000008ba00000, 0x000000008ba00000, 0x000000008bb00000|  0%| F|  |TAMS 0x000000008ba00000, 0x000000008ba00000| Untracked 
| 139|0x000000008bb00000, 0x000000008bb00000, 0x000000008bc00000|  0%| F|  |TAMS 0x000000008bb00000, 0x000000008bb00000| Untracked 
| 140|0x000000008bc00000, 0x000000008bc00000, 0x000000008bd00000|  0%| F|  |TAMS 0x000000008bc00000, 0x000000008bc00000| Untracked 
| 141|0x000000008bd00000, 0x000000008bd00000, 0x000000008be00000|  0%| F|  |TAMS 0x000000008bd00000, 0x000000008bd00000| Untracked 
| 142|0x000000008be00000, 0x000000008be00000, 0x000000008bf00000|  0%| F|  |TAMS 0x000000008be00000, 0x000000008be00000| Untracked 
| 143|0x000000008bf00000, 0x000000008bf00000, 0x000000008c000000|  0%| F|  |TAMS 0x000000008bf00000, 0x000000008bf00000| Untracked 
| 144|0x000000008c000000, 0x000000008c000000, 0x000000008c100000|  0%| F|  |TAMS 0x000000008c000000, 0x000000008c000000| Untracked 
| 145|0x000000008c100000, 0x000000008c100000, 0x000000008c200000|  0%| F|  |TAMS 0x000000008c100000, 0x000000008c100000| Untracked 
| 146|0x000000008c200000, 0x000000008c200000, 0x000000008c300000|  0%| F|  |TAMS 0x000000008c200000, 0x000000008c200000| Untracked 
| 147|0x000000008c300000, 0x000000008c300000, 0x000000008c400000|  0%| F|  |TAMS 0x000000008c300000, 0x000000008c300000| Untracked 
| 148|0x000000008c400000, 0x000000008c400000, 0x000000008c500000|  0%| F|  |TAMS 0x000000008c400000, 0x000000008c400000| Untracked 
| 149|0x000000008c500000, 0x000000008c500000, 0x000000008c600000|  0%| F|  |TAMS 0x000000008c500000, 0x000000008c500000| Untracked 
| 150|0x000000008c600000, 0x000000008c600000, 0x000000008c700000|  0%| F|  |TAMS 0x000000008c600000, 0x000000008c600000| Untracked 
| 151|0x000000008c700000, 0x000000008c700000, 0x000000008c800000|  0%| F|  |TAMS 0x000000008c700000, 0x000000008c700000| Untracked 

Card table byte_map: [0x000001d2746f0000,0x000001d274ae0000] _byte_map_base: 0x000001d2742d8000

Marking Bits (Prev, Next): (CMBitMap*) 0x000001d270519a80, (CMBitMap*) 0x000001d270519a48
 Prev Bits: [0x000001d276e10000, 0x000001d278d50000)
 Next Bits: [0x000001d274ed0000, 0x000001d276e10000)

Polling page: 0x000001d26e430000

Metaspace:

Usage:
  Non-class:     56.02 MB capacity,    55.55 MB (>99%) used,   370.70 KB ( <1%) free+waste,   111.38 KB ( <1%) overhead. 
      Class:      7.65 MB capacity,     7.30 MB ( 95%) used,   305.82 KB (  4%) free+waste,    50.19 KB ( <1%) overhead. 
       Both:     63.67 MB capacity,    62.85 MB ( 99%) used,   676.52 KB (  1%) free+waste,   161.56 KB ( <1%) overhead. 

Virtual space:
  Non-class space:       58.00 MB reserved,      56.13 MB ( 97%) committed 
      Class space:        1.00 GB reserved,       7.75 MB ( <1%) committed 
             Both:        1.06 GB reserved,      63.88 MB (  6%) committed 

Chunk freelists:
   Non-Class:  47.00 KB
       Class:  4.00 KB
        Both:  51.00 KB

MaxMetaspaceSize: 17179869184.00 GB
CompressedClassSpaceSize: 1.00 GB

CodeHeap 'non-profiled nmethods': size=120000Kb used=4242Kb max_used=4242Kb free=115757Kb
 bounds [0x000001d207ad0000, 0x000001d207f00000, 0x000001d20f000000]
CodeHeap 'profiled nmethods': size=120000Kb used=19607Kb max_used=19607Kb free=100392Kb
 bounds [0x000001d2005a0000, 0x000001d2018d0000, 0x000001d207ad0000]
CodeHeap 'non-nmethods': size=5760Kb used=1238Kb max_used=1316Kb free=4521Kb
 bounds [0x000001d200000000, 0x000001d200270000, 0x000001d2005a0000]
 total_blobs=8213 nmethods=7624 adapters=499
 compilation: enabled
              stopped_count=0, restarted_count=0
 full_count=0

Compilation events (20 events):
Event: 7.547 Thread 0x000001d27c025800 nmethod 7682 0x000001d2018c2210 code [0x000001d2018c23c0, 0x000001d2018c24f8]
Event: 7.547 Thread 0x000001d27c025800 7679       1       org.jetbrains.kotlin.resolve.calls.tasks.OldResolutionCandidate::getDispatchReceiver (5 bytes)
Event: 7.547 Thread 0x000001d27c025800 nmethod 7679 0x000001d207ef2390 code [0x000001d207ef2540, 0x000001d207ef25f8]
Event: 7.548 Thread 0x000001d27c025800 7683       3       org.jetbrains.kotlin.resolve.scopes.LexicalScopeStorage::definitelyDoesNotContainName (62 bytes)
Event: 7.549 Thread 0x000001d27c025800 nmethod 7683 0x000001d2018c2590 code [0x000001d2018c2800, 0x000001d2018c3238]
Event: 7.549 Thread 0x000001d27c025800 7684       1       org.jetbrains.kotlin.metadata.ProtoBuf$ValueParameter::getType (5 bytes)
Event: 7.549 Thread 0x000001d27c025800 nmethod 7684 0x000001d207ef2690 code [0x000001d207ef2840, 0x000001d207ef28f8]
Event: 7.549 Thread 0x000001d27c025800 7685       3       java.util.LinkedHashMap::entrySet (27 bytes)
Event: 7.550 Thread 0x000001d27c025800 nmethod 7685 0x000001d2018c3510 code [0x000001d2018c36e0, 0x000001d2018c3ab8]
Event: 7.550 Thread 0x000001d27c025800 7686       3       java.util.LinkedHashMap$LinkedEntrySet::iterator (12 bytes)
Event: 7.550 Thread 0x000001d27c025800 nmethod 7686 0x000001d2018c3c10 code [0x000001d2018c3de0, 0x000001d2018c4178]
Event: 7.550 Thread 0x000001d27c025800 7687       3       org.jetbrains.kotlin.load.kotlin.FileBasedKotlinClass$3::visit (64 bytes)
Event: 7.551 Thread 0x000001d27c025800 nmethod 7687 0x000001d2018c4290 code [0x000001d2018c44e0, 0x000001d2018c4df8]
Event: 7.551 Thread 0x000001d27c025800 7688       3       org.jetbrains.kotlin.descriptors.impl.AbstractTypeParameterDescriptor$1::invoke (5 bytes)
Event: 7.551 Thread 0x000001d27c025800 nmethod 7688 0x000001d2018c5090 code [0x000001d2018c5280, 0x000001d2018c5658]
Event: 7.551 Thread 0x000001d27c025800 7689       3       org.jetbrains.kotlin.descriptors.impl.AbstractTypeParameterDescriptor$1::invoke (20 bytes)
Event: 7.551 Thread 0x000001d27c025800 nmethod 7689 0x000001d2018c5790 code [0x000001d2018c5960, 0x000001d2018c5cb8]
Event: 7.552 Thread 0x000001d27c025800 7693       3       org.jetbrains.kotlin.serialization.deserialization.TypeDeserializer::simpleType (624 bytes)
Event: 7.562 Thread 0x000001d27c190800 nmethod 7647 0x000001d207ef2990 code [0x000001d207ef2c00, 0x000001d207ef3e60]
Event: 7.562 Thread 0x000001d27c190800 7667       4       java.util.HashMap::get (23 bytes)

GC Heap History (19 events):
Event: 0.540 GC heap before
{Heap before GC invocations=0 (full 0):
 garbage-first heap   total 129024K, used 27648K [0x0000000083000000, 0x0000000100000000)
  region size 1024K, 24 young (24576K), 0 survivors (0K)
 Metaspace       used 12355K, capacity 12504K, committed 12800K, reserved 1060864K
  class space    used 1165K, capacity 1207K, committed 1280K, reserved 1048576K
}
Event: 0.544 GC heap after
{Heap after GC invocations=1 (full 0):
 garbage-first heap   total 129024K, used 5876K [0x0000000083000000, 0x0000000100000000)
  region size 1024K, 3 young (3072K), 3 survivors (3072K)
 Metaspace       used 12355K, capacity 12504K, committed 12800K, reserved 1060864K
  class space    used 1165K, capacity 1207K, committed 1280K, reserved 1048576K
}
Event: 1.247 GC heap before
{Heap before GC invocations=1 (full 0):
 garbage-first heap   total 129024K, used 41716K [0x0000000083000000, 0x0000000100000000)
  region size 1024K, 39 young (39936K), 3 survivors (3072K)
 Metaspace       used 20934K, capacity 21178K, committed 21296K, reserved 1069056K
  class space    used 2277K, capacity 2379K, committed 2432K, reserved 1048576K
}
Event: 1.256 GC heap after
{Heap after GC invocations=2 (full 0):
 garbage-first heap   total 129024K, used 9216K [0x0000000083000000, 0x0000000100000000)
  region size 1024K, 6 young (6144K), 6 survivors (6144K)
 Metaspace       used 20934K, capacity 21178K, committed 21296K, reserved 1069056K
  class space    used 2277K, capacity 2379K, committed 2432K, reserved 1048576K
}
Event: 2.116 GC heap before
{Heap before GC invocations=3 (full 0):
 garbage-first heap   total 129024K, used 63488K [0x0000000083000000, 0x0000000100000000)
  region size 1024K, 54 young (55296K), 6 survivors (6144K)
 Metaspace       used 31796K, capacity 32264K, committed 32688K, reserved 1077248K
  class space    used 3810K, capacity 4004K, committed 4096K, reserved 1048576K
}
Event: 2.134 GC heap after
{Heap after GC invocations=4 (full 0):
 garbage-first heap   total 129024K, used 21046K [0x0000000083000000, 0x0000000100000000)
  region size 1024K, 7 young (7168K), 7 survivors (7168K)
 Metaspace       used 31796K, capacity 32264K, committed 32688K, reserved 1077248K
  class space    used 3810K, capacity 4004K, committed 4096K, reserved 1048576K
}
Event: 2.196 GC heap before
{Heap before GC invocations=4 (full 0):
 garbage-first heap   total 129024K, used 23094K [0x0000000083000000, 0x0000000100000000)
  region size 1024K, 10 young (10240K), 7 survivors (7168K)
 Metaspace       used 32446K, capacity 33005K, committed 33328K, reserved 1079296K
  class space    used 3964K, capacity 4165K, committed 4224K, reserved 1048576K
}
Event: 2.205 GC heap after
{Heap after GC invocations=5 (full 0):
 garbage-first heap   total 129024K, used 22296K [0x0000000083000000, 0x0000000100000000)
  region size 1024K, 1 young (1024K), 1 survivors (1024K)
 Metaspace       used 32446K, capacity 33005K, committed 33328K, reserved 1079296K
  class space    used 3964K, capacity 4165K, committed 4224K, reserved 1048576K
}
Event: 2.406 GC heap before
{Heap before GC invocations=5 (full 0):
 garbage-first heap   total 129024K, used 32536K [0x0000000083000000, 0x0000000100000000)
  region size 1024K, 12 young (12288K), 1 survivors (1024K)
 Metaspace       used 35261K, capacity 35730K, committed 35920K, reserved 1081344K
  class space    used 4405K, capacity 4583K, committed 4608K, reserved 1048576K
}
Event: 2.410 GC heap after
{Heap after GC invocations=6 (full 0):
 garbage-first heap   total 155648K, used 21955K [0x0000000083000000, 0x0000000100000000)
  region size 1024K, 1 young (1024K), 1 survivors (1024K)
 Metaspace       used 35261K, capacity 35730K, committed 35920K, reserved 1081344K
  class space    used 4405K, capacity 4583K, committed 4608K, reserved 1048576K
}
Event: 3.429 GC heap before
{Heap before GC invocations=7 (full 0):
 garbage-first heap   total 155648K, used 76227K [0x0000000083000000, 0x0000000100000000)
  region size 1024K, 54 young (55296K), 1 survivors (1024K)
 Metaspace       used 45971K, capacity 46468K, committed 46640K, reserved 1089536K
  class space    used 5474K, capacity 5703K, committed 5760K, reserved 1048576K
}
Event: 3.439 GC heap after
{Heap after GC invocations=8 (full 0):
 garbage-first heap   total 155648K, used 25194K [0x0000000083000000, 0x0000000100000000)
  region size 1024K, 6 young (6144K), 6 survivors (6144K)
 Metaspace       used 45971K, capacity 46468K, committed 46640K, reserved 1089536K
  class space    used 5474K, capacity 5703K, committed 5760K, reserved 1048576K
}
Event: 4.296 GC heap before
{Heap before GC invocations=8 (full 0):
 garbage-first heap   total 155648K, used 86634K [0x0000000083000000, 0x0000000100000000)
  region size 1024K, 63 young (64512K), 6 survivors (6144K)
 Metaspace       used 51113K, capacity 51717K, committed 51888K, reserved 1095680K
  class space    used 6013K, capacity 6279K, committed 6400K, reserved 1048576K
}
Event: 4.315 GC heap after
{Heap after GC invocations=9 (full 0):
 garbage-first heap   total 155648K, used 34189K [0x0000000083000000, 0x0000000100000000)
  region size 1024K, 7 young (7168K), 7 survivors (7168K)
 Metaspace       used 51113K, capacity 51717K, committed 51888K, reserved 1095680K
  class space    used 6013K, capacity 6279K, committed 6400K, reserved 1048576K
}
Event: 5.687 GC heap before
{Heap before GC invocations=9 (full 0):
 garbage-first heap   total 155648K, used 92557K [0x0000000083000000, 0x0000000100000000)
  region size 1024K, 64 young (65536K), 7 survivors (7168K)
 Metaspace       used 56851K, capacity 57497K, committed 57776K, reserved 1099776K
  class space    used 6608K, capacity 6882K, committed 6912K, reserved 1048576K
}
Event: 5.710 GC heap after
{Heap after GC invocations=10 (full 0):
 garbage-first heap   total 155648K, used 43592K [0x0000000083000000, 0x0000000100000000)
  region size 1024K, 8 young (8192K), 8 survivors (8192K)
 Metaspace       used 56851K, capacity 57497K, committed 57776K, reserved 1099776K
  class space    used 6608K, capacity 6882K, committed 6912K, reserved 1048576K
}
Event: 6.299 GC heap before
{Heap before GC invocations=10 (full 0):
 garbage-first heap   total 155648K, used 76360K [0x0000000083000000, 0x0000000100000000)
  region size 1024K, 41 young (41984K), 8 survivors (8192K)
 Metaspace       used 59545K, capacity 60234K, committed 60420K, reserved 1101824K
  class space    used 6918K, capacity 7193K, committed 7296K, reserved 1048576K
}
Event: 6.319 GC heap after
{Heap after GC invocations=11 (full 0):
 garbage-first heap   total 155648K, used 48634K [0x0000000083000000, 0x0000000100000000)
  region size 1024K, 5 young (5120K), 5 survivors (5120K)
 Metaspace       used 59545K, capacity 60234K, committed 60420K, reserved 1101824K
  class space    used 6918K, capacity 7193K, committed 7296K, reserved 1048576K
}
Event: 7.563 GC heap before
{Heap before GC invocations=12 (full 0):
 garbage-first heap   total 155648K, used 97786K [0x0000000083000000, 0x0000000100000000)
  region size 1024K, 53 young (54272K), 5 survivors (5120K)
 Metaspace       used 64362K, capacity 65201K, committed 65412K, reserved 1107968K
  class space    used 7479K, capacity 7836K, committed 7936K, reserved 1048576K
}

Deoptimization events (20 events):
Event: 7.470 Thread 0x000001d2704da000 Uncommon trap: trap_request=0xffffff4d fr.pc=0x000001d207aeb110 relative=0x0000000000000550
Event: 7.470 Thread 0x000001d2704da000 Uncommon trap: reason=unstable_if action=reinterpret pc=0x000001d207aeb110 method=java.lang.AbstractStringBuilder.append(Ljava/lang/String;)Ljava/lang/AbstractStringBuilder; @ 1 c2
Event: 7.470 Thread 0x000001d2704da000 DEOPT PACKING pc=0x000001d207aeb110 sp=0x0000001e13efda00
Event: 7.470 Thread 0x000001d2704da000 DEOPT UNPACKING pc=0x000001d2000083af sp=0x0000001e13efd990 mode 2
Event: 7.486 Thread 0x000001d2704da000 Uncommon trap: trap_request=0xffffffbe fr.pc=0x000001d207ed7848 relative=0x0000000000005888
Event: 7.486 Thread 0x000001d2704da000 Uncommon trap: reason=profile_predicate action=maybe_recompile pc=0x000001d207ed7848 method=org.jetbrains.kotlin.cli.jvm.index.JvmDependenciesIndexImpl.search(Lorg/jetbrains/kotlin/cli/jvm/index/JvmDependenciesIndexImpl$SearchRequest;Lkotlin/jvm/functions
Event: 7.486 Thread 0x000001d2704da000 DEOPT PACKING pc=0x000001d207ed7848 sp=0x0000001e13efb420
Event: 7.486 Thread 0x000001d2704da000 DEOPT UNPACKING pc=0x000001d2000083af sp=0x0000001e13efb420 mode 2
Event: 7.489 Thread 0x000001d2704da000 Uncommon trap: trap_request=0xffffffbe fr.pc=0x000001d207ed7848 relative=0x0000000000005888
Event: 7.489 Thread 0x000001d2704da000 Uncommon trap: reason=profile_predicate action=maybe_recompile pc=0x000001d207ed7848 method=org.jetbrains.kotlin.cli.jvm.index.JvmDependenciesIndexImpl.search(Lorg/jetbrains/kotlin/cli/jvm/index/JvmDependenciesIndexImpl$SearchRequest;Lkotlin/jvm/functions
Event: 7.489 Thread 0x000001d2704da000 DEOPT PACKING pc=0x000001d207ed7848 sp=0x0000001e13efb9d0
Event: 7.489 Thread 0x000001d2704da000 DEOPT UNPACKING pc=0x000001d2000083af sp=0x0000001e13efb9d0 mode 2
Event: 7.492 Thread 0x000001d2704da000 Uncommon trap: trap_request=0xffffff4d fr.pc=0x000001d207aee0a4 relative=0x0000000000000564
Event: 7.492 Thread 0x000001d2704da000 Uncommon trap: reason=unstable_if action=reinterpret pc=0x000001d207aee0a4 method=java.lang.AbstractStringBuilder.append(Ljava/lang/String;)Ljava/lang/AbstractStringBuilder; @ 1 c2
Event: 7.492 Thread 0x000001d2704da000 DEOPT PACKING pc=0x000001d207aee0a4 sp=0x0000001e13efd830
Event: 7.492 Thread 0x000001d2704da000 DEOPT UNPACKING pc=0x000001d2000083af sp=0x0000001e13efd818 mode 2
Event: 7.513 Thread 0x000001d2704da000 Uncommon trap: trap_request=0xffffff4d fr.pc=0x000001d207de9690 relative=0x0000000000000070
Event: 7.513 Thread 0x000001d2704da000 Uncommon trap: reason=unstable_if action=reinterpret pc=0x000001d207de9690 method=org.jetbrains.kotlin.descriptors.impl.FunctionDescriptorImpl.performOverriddenLazyCalculationIfNeeded()V @ 6 c2
Event: 7.513 Thread 0x000001d2704da000 DEOPT PACKING pc=0x000001d207de9690 sp=0x0000001e13efd5e0
Event: 7.513 Thread 0x000001d2704da000 DEOPT UNPACKING pc=0x000001d2000083af sp=0x0000001e13efd518 mode 2

Classes redefined (0 events):
No events

Internal exceptions (20 events):
Event: 5.634 Thread 0x000001d2704da000 Implicit null exception at 0x000001d207b7d575 to 0x000001d207b7d74c
Event: 5.865 Thread 0x000001d2704da000 Exception <a 'java/lang/NoSuchMethodError'{0x000000008bef90b0}: 'int java.lang.invoke.DirectMethodHandle$Holder.invokeStaticInit(java.lang.Object, int)'> (0x000000008bef90b0) thrown at [./src/hotspot/share/interpreter/linkResolver.cpp, line 773]
Event: 5.905 Thread 0x000001d2704da000 Exception <a 'java/lang/NoSuchMethodError'{0x000000008bb13da8}: 'java.lang.Object java.lang.invoke.Invokers$Holder.linkToTargetMethod(java.lang.Object, java.lang.Object, java.lang.Object, java.lang.Object, java.lang.Object, java.lang.Object)'> (0x000000008bb13da8) thrown at [./src/hotspot/share/interpreter/linkResolver.cpp, line 773]
Event: 6.128 Thread 0x000001d2704da000 Implicit null exception at 0x000001d207d9df82 to 0x000001d207d9e1d8
Event: 6.144 Thread 0x000001d2704da000 Implicit null exception at 0x000001d207c24a4c to 0x000001d207c24b28
Event: 6.222 Thread 0x000001d2704da000 Exception <a 'java/lang/NoSuchMethodError'{0x000000008a9b57f0}: 'java.lang.Object java.lang.invoke.DirectMethodHandle$Holder.invokeSpecial(java.lang.Object, java.lang.Object, java.lang.Object, java.lang.Object, java.lang.Object, java.lang.Object, java.lang.Object, java.lang.Object, java.lang.Object)'> (0x000000008a9b57f0) thrown at [./src/hotspot/share/interpreter/linkResolver.cpp, line 773]
Event: 6.222 Thread 0x000001d2704da000 Exception <a 'java/lang/NoSuchMethodError'{0x000000008a9b99e8}: 'java.lang.Object java.lang.invoke.Invokers$Holder.linkToTargetMethod(java.lang.Object, java.lang.Object, java.lang.Object, java.lang.Object, java.lang.Object, java.lang.Object, java.lang.Object, java.lang.Object)'> (0x000000008a9b99e8) thrown at [./src/hotspot/share/interpreter/linkResolver.cpp, line 773]
Event: 6.272 Thread 0x000001d2704da000 Exception <a 'java/lang/NoSuchMethodError'{0x000000008a721780}: 'java.lang.Object java.lang.invoke.Invokers$Holder.linkToTargetMethod(java.lang.Object, java.lang.Object, java.lang.Object, int, int, java.lang.Object)'> (0x000000008a721780) thrown at [./src/hotspot/share/interpreter/linkResolver.cpp, line 773]
Event: 6.517 Thread 0x000001d2704da000 Exception <a 'java/lang/NoSuchMethodError'{0x000000008c334f88}: 'int java.lang.invoke.DirectMethodHandle$Holder.invokeInterface(java.lang.Object, java.lang.Object)'> (0x000000008c334f88) thrown at [./src/hotspot/share/interpreter/linkResolver.cpp, line 773]
Event: 6.618 Thread 0x000001d2704da000 Exception <a 'java/lang/NoSuchMethodError'{0x000000008be08a90}: 'java.lang.Object java.lang.invoke.DirectMethodHandle$Holder.invokeStatic(java.lang.Object, int, java.lang.Object, java.lang.Object)'> (0x000000008be08a90) thrown at [./src/hotspot/share/interpreter/linkResolver.cpp, line 773]
Event: 6.657 Thread 0x000001d2704da000 Implicit null exception at 0x000001d207b28275 to 0x000001d207b2843c
Event: 6.658 Thread 0x000001d2704da000 Implicit null exception at 0x000001d207b2e1af to 0x000001d207b2e21d
Event: 6.745 Thread 0x000001d2704da000 Exception <a 'java/lang/NoSuchMethodError'{0x000000008b9436a0}: 'int java.lang.invoke.DirectMethodHandle$Holder.invokeVirtual(java.lang.Object, java.lang.Object, java.lang.Object)'> (0x000000008b9436a0) thrown at [./src/hotspot/share/interpreter/linkResolver.cpp, line 773]
Event: 6.837 Thread 0x000001d2704da000 Exception <a 'java/lang/NoSuchMethodError'{0x000000008b613610}: 'void java.lang.invoke.DirectMethodHandle$Holder.invokeInterface(java.lang.Object, java.lang.Object)'> (0x000000008b613610) thrown at [./src/hotspot/share/interpreter/linkResolver.cpp, line 773]
Event: 6.878 Thread 0x000001d2704da000 Exception <a 'java/lang/IncompatibleClassChangeError'{0x000000008b50b940}: Found class java.lang.Object, but interface was expected> (0x000000008b50b940) thrown at [./src/hotspot/share/interpreter/linkResolver.cpp, line 839]
Event: 7.211 Thread 0x000001d2704da000 Implicit null exception at 0x000001d207b2f4de to 0x000001d207b2fc4a
Event: 7.470 Thread 0x000001d2704da000 Implicit null exception at 0x000001d207aeabf7 to 0x000001d207aeb0f4
Event: 7.484 Thread 0x000001d2704da000 Exception <a 'java/lang/NoSuchMethodError'{0x00000000895bf538}: 'java.lang.Object java.lang.invoke.DirectMethodHandle$Holder.invokeInterface(java.lang.Object, java.lang.Object, java.lang.Object)'> (0x00000000895bf538) thrown at [./src/hotspot/share/interpreter/linkResolver.cpp, line 773]
Event: 7.484 Thread 0x000001d2704da000 Exception <a 'java/lang/IncompatibleClassChangeError'{0x00000000895c2768}: Found class java.lang.Object, but interface was expected> (0x00000000895c2768) thrown at [./src/hotspot/share/interpreter/linkResolver.cpp, line 839]
Event: 7.492 Thread 0x000001d2704da000 Implicit null exception at 0x000001d207aedb74 to 0x000001d207aee088

Events (20 events):
Event: 7.506 loading class org/jetbrains/kotlin/resolve/calls/tower/NewCallableReferenceResolvedCall done
Event: 7.507 loading class org/jetbrains/kotlin/resolve/calls/inference/ComposedSubstitutor
Event: 7.507 loading class org/jetbrains/kotlin/resolve/calls/inference/ComposedSubstitutor done
Event: 7.508 loading class org/jetbrains/kotlin/resolve/calls/tower/ResolvedAtomCompleter$WhenMappings
Event: 7.508 loading class org/jetbrains/kotlin/resolve/calls/tower/ResolvedAtomCompleter$WhenMappings done
Event: 7.508 loading class org/jetbrains/kotlin/resolve/calls/tower/ResolvedAtomCompleter$CallableReferenceResultTypeInfo
Event: 7.508 loading class org/jetbrains/kotlin/resolve/calls/tower/ResolvedAtomCompleter$CallableReferenceResultTypeInfo done
Event: 7.508 loading class org/jetbrains/kotlin/resolve/calls/tower/FakePositionalValueArgumentForCallableReferenceImpl
Event: 7.508 loading class org/jetbrains/kotlin/resolve/calls/tower/FakePositionalValueArgumentForCallableReferenceImpl done
Event: 7.508 loading class org/jetbrains/kotlin/psi/FakePositionalValueArgumentForCallableReference
Event: 7.508 loading class org/jetbrains/kotlin/psi/FakePositionalValueArgumentForCallableReference done
Event: 7.557 loading class org/jetbrains/kotlin/resolve/SinceKotlinValue
Event: 7.557 loading class org/jetbrains/kotlin/resolve/SinceKotlinValue done
Event: 7.562 loading class org/jetbrains/kotlin/resolve/calls/inference/components/ConstraintIncorporator$WhenMappings
Event: 7.562 loading class org/jetbrains/kotlin/resolve/calls/inference/components/ConstraintIncorporator$WhenMappings done
Event: 7.562 loading class org/jetbrains/kotlin/resolve/calls/inference/components/ConstraintIncorporator$approximateIfNeededAndAddNewConstraint$prepareType$1
Event: 7.562 loading class org/jetbrains/kotlin/resolve/calls/inference/components/ConstraintIncorporator$approximateIfNeededAndAddNewConstraint$prepareType$1 done
Event: 7.563 loading class org/jetbrains/kotlin/resolve/calls/inference/components/ConstraintIncorporatorKt
Event: 7.563 loading class org/jetbrains/kotlin/resolve/calls/inference/components/ConstraintIncorporatorKt done
Event: 7.563 Executing VM operation: G1CollectForAllocation


Dynamic libraries:
0x00007ff621dd0000 - 0x00007ff621dda000 	D:\Program Files\Android\jre\bin\java.exe
0x00007ffe5a860000 - 0x00007ffe5aa50000 	C:\Windows\SYSTEM32\ntdll.dll
0x00007ffe593c0000 - 0x00007ffe59472000 	C:\Windows\System32\KERNEL32.DLL
0x00007ffe57940000 - 0x00007ffe57be3000 	C:\Windows\System32\KERNELBASE.dll
0x00007ffe58850000 - 0x00007ffe5894a000 	C:\Windows\System32\ucrtbase.dll
0x00007ffe53cc0000 - 0x00007ffe53cd7000 	D:\Program Files\Android\jre\bin\VCRUNTIME140.dll
0x00007ffe53ce0000 - 0x00007ffe53cf9000 	D:\Program Files\Android\jre\bin\jli.dll
0x00007ffe596f0000 - 0x00007ffe59884000 	C:\Windows\System32\USER32.dll
0x00007ffe46150000 - 0x00007ffe463d5000 	C:\Windows\WinSxS\amd64_microsoft.windows.common-controls_6595b64144ccf1df_6.0.18362.535_none_e6c3b34713100821\COMCTL32.dll
0x00007ffe57d10000 - 0x00007ffe57d31000 	C:\Windows\System32\win32u.dll
0x00007ffe592c0000 - 0x00007ffe5935e000 	C:\Windows\System32\msvcrt.dll
0x00007ffe59150000 - 0x00007ffe59176000 	C:\Windows\System32\GDI32.dll
0x00007ffe5a220000 - 0x00007ffe5a556000 	C:\Windows\System32\combase.dll
0x00007ffe584c0000 - 0x00007ffe58654000 	C:\Windows\System32\gdi32full.dll
0x00007ffe59560000 - 0x00007ffe59680000 	C:\Windows\System32\RPCRT4.dll
0x00007ffe57c70000 - 0x00007ffe57d0e000 	C:\Windows\System32\msvcp_win.dll
0x00007ffe57bf0000 - 0x00007ffe57c70000 	C:\Windows\System32\bcryptPrimitives.dll
0x00007ffe58960000 - 0x00007ffe5898e000 	C:\Windows\System32\IMM32.DLL
0x00007ffe46b00000 - 0x00007ffe46b9d000 	D:\Program Files\Android\jre\bin\msvcp140.dll
0x00007ffe15830000 - 0x00007ffe16305000 	D:\Program Files\Android\jre\bin\server\jvm.dll
0x00007ffe59b30000 - 0x00007ffe59bd3000 	C:\Windows\System32\ADVAPI32.dll
0x00007ffe5a610000 - 0x00007ffe5a6a7000 	C:\Windows\System32\sechost.dll
0x00007ffe594e0000 - 0x00007ffe594e8000 	C:\Windows\System32\PSAPI.DLL
0x00007ffe40f50000 - 0x00007ffe40f59000 	C:\Windows\SYSTEM32\WSOCK32.dll
0x00007ffe55340000 - 0x00007ffe55364000 	C:\Windows\SYSTEM32\WINMM.dll
0x00007ffe59680000 - 0x00007ffe596ef000 	C:\Windows\System32\WS2_32.dll
0x00007ffe512d0000 - 0x00007ffe512da000 	C:\Windows\SYSTEM32\VERSION.dll
0x00007ffe54ec0000 - 0x00007ffe54eed000 	C:\Windows\SYSTEM32\WINMMBASE.dll
0x00007ffe58690000 - 0x00007ffe586da000 	C:\Windows\System32\cfgmgr32.dll
0x00007ffe577d0000 - 0x00007ffe577e1000 	C:\Windows\System32\kernel.appcore.dll
0x00007ffe393f0000 - 0x00007ffe39401000 	D:\Program Files\Android\jre\bin\verify.dll
0x00007ffe56090000 - 0x00007ffe56284000 	C:\Windows\SYSTEM32\DBGHELP.DLL
0x00007ffe40fb0000 - 0x00007ffe40fda000 	C:\Windows\SYSTEM32\dbgcore.DLL
0x00007ffe2f860000 - 0x00007ffe2f889000 	D:\Program Files\Android\jre\bin\java.dll
0x00007ffe3eb00000 - 0x00007ffe3eb0b000 	D:\Program Files\Android\jre\bin\jimage.dll
0x00007ffe393d0000 - 0x00007ffe393e8000 	D:\Program Files\Android\jre\bin\zip.dll
0x00007ffe58990000 - 0x00007ffe59075000 	C:\Windows\System32\SHELL32.dll
0x00007ffe59960000 - 0x00007ffe59a09000 	C:\Windows\System32\shcore.dll
0x00007ffe57d40000 - 0x00007ffe584bf000 	C:\Windows\System32\windows.storage.dll
0x00007ffe57810000 - 0x00007ffe5782f000 	C:\Windows\System32\profapi.dll
0x00007ffe57780000 - 0x00007ffe577ca000 	C:\Windows\System32\powrprof.dll
0x00007ffe57770000 - 0x00007ffe57780000 	C:\Windows\System32\UMPDC.dll
0x00007ffe5a1c0000 - 0x00007ffe5a212000 	C:\Windows\System32\shlwapi.dll
0x00007ffe58830000 - 0x00007ffe58847000 	C:\Windows\System32\cryptsp.dll
0x00007ffe2fe70000 - 0x00007ffe2fe8a000 	D:\Program Files\Android\jre\bin\net.dll
0x00007ffe47b90000 - 0x00007ffe47c80000 	C:\Windows\SYSTEM32\WINHTTP.dll
0x00007ffe56fe0000 - 0x00007ffe57047000 	C:\Windows\system32\mswsock.dll
0x00007ffe2f430000 - 0x00007ffe2f444000 	D:\Program Files\Android\jre\bin\nio.dll

dbghelp: loaded successfully - version: 4.0.5 - missing functions: none
symbol engine: initialized successfully - sym options: 0x614 - pdb path: .;D:\Program Files\Android\jre\bin;C:\Windows\SYSTEM32;C:\Windows\WinSxS\amd64_microsoft.windows.common-controls_6595b64144ccf1df_6.0.18362.535_none_e6c3b34713100821;D:\Program Files\Android\jre\bin\server

VM Arguments:
java_command: org.jetbrains.kotlin.cli.jvm.K2JVMCompiler @D:\NotesApp\app\build\20220518_11768048360258361098.compiler.options
java_class_path (initial): D:\ProgramsfilesD\Android\Sdk\caches\modules-2\files-2.1\org.jetbrains.kotlin\kotlin-compiler-embeddable\1.6.21\97bdd5a752ce73b58ef16c17bc7f0ea2faff7a2e\kotlin-compiler-embeddable-1.6.21.jar;D:\ProgramsfilesD\Android\Sdk\caches\modules-2\files-2.1\org.jetbrains.kotlin\kotlin-reflect\1.6.21\5dc3574d9b7bebfcb4ec6b10ada4aaa9e140bd0b\kotlin-reflect-1.6.21.jar;D:\ProgramsfilesD\Android\Sdk\caches\modules-2\files-2.1\org.jetbrains.kotlin\kotlin-stdlib\1.6.21\11ef67f1900634fd951bad28c53ec957fabbe5b8\kotlin-stdlib-1.6.21.jar;D:\ProgramsfilesD\Android\Sdk\caches\modules-2\files-2.1\org.jetbrains.kotlin\kotlin-script-runtime\1.6.21\99c6675100da5d6d5b1c5a1032f27f28008d101b\kotlin-script-runtime-1.6.21.jar;D:\ProgramsfilesD\Android\Sdk\caches\modules-2\files-2.1\org.jetbrains.kotlin\kotlin-daemon-embeddable\1.6.21\46b78cf392e1c4f10854c3cadba44abb7b82250f\kotlin-daemon-embeddable-1.6.21.jar;D:\ProgramsfilesD\Android\Sdk\caches\modules-2\files-2.1\org.jetbrains.intellij.deps\trove4j\1.0.20200330\3afb14d5f9ceb459d724e907a21145e8ff394f02\trove4j-1.0.20200330.jar;D:\ProgramsfilesD\Android\Sdk\caches\modules-2\files-2.1\net.java.dev.jna\jna\5.6.0\330f2244e9030119ab3030fc3fededc86713d9cc\jna-5.6.0.jar;D:\ProgramsfilesD\Android\Sdk\caches\modules-2\files-2.1\org.jetbrains.kotlin\kotlin-stdlib-common\1.6.21\5e5b55c26dbc80372a920aef60eb774b714559b8\kotlin-stdlib-common-1.6.21.jar;D:\ProgramsfilesD\Android\Sdk\caches\modules-2\files-2.1\org.jetbrains\annotations\13.0\919f0dfe192fb4e063e7dacadee7f8bb9a2672a9\annotations-13.0.jar
Launcher Type: SUN_STANDARD

[Global flags]
     intx CICompilerCount                          = 4                                         {product} {ergonomic}
     uint ConcGCThreads                            = 2                                         {product} {ergonomic}
     uint G1ConcRefinementThreads                  = 8                                         {product} {ergonomic}
   size_t G1HeapRegionSize                         = 1048576                                   {product} {ergonomic}
    uintx GCDrainStackTargetSize                   = 64                                        {product} {ergonomic}
   size_t InitialHeapSize                          = 132120576                                 {product} {ergonomic}
   size_t MarkStackSize                            = 4194304                                   {product} {ergonomic}
   size_t MaxHeapSize                              = 2097152000                                {product} {ergonomic}
   size_t MaxNewSize                               = 1258291200                                {product} {ergonomic}
   size_t MinHeapDeltaBytes                        = 1048576                                   {product} {ergonomic}
    uintx NonNMethodCodeHeapSize                   = 5836300                                {pd product} {ergonomic}
    uintx NonProfiledCodeHeapSize                  = 122910970                              {pd product} {ergonomic}
    uintx ProfiledCodeHeapSize                     = 122910970                              {pd product} {ergonomic}
    uintx ReservedCodeCacheSize                    = 251658240                              {pd product} {ergonomic}
     bool SegmentedCodeCache                       = true                                      {product} {ergonomic}
     bool UseCompressedClassPointers               = true                                 {lp64_product} {ergonomic}
     bool UseCompressedOops                        = true                                 {lp64_product} {ergonomic}
     bool UseG1GC                                  = true                                      {product} {ergonomic}
     bool UseLargePagesIndividualAllocation        = false                                  {pd product} {ergonomic}

Logging:
Log output configuration:
 #0: stdout all=warning uptime,level,tags
 #1: stderr all=off uptime,level,tags

Environment Variables:
JAVA_HOME=D:\Program Files\Java
PATH=C:\PROGRA~2\Borland\CBUILD~1\Bin;C:\PROGRA~2\Borland\CBUILD~1\Projects\Bpl;C:\Program Files\Common Files\Oracle\Java\javapath;C:\Windows\system32;C:\Windows;C:\Windows\System32\Wbem;C:\Windows\System32\WindowsPowerShell\v1.0\;C:\Program Files (x86)\NVIDIA Corporation\PhysX\Common;C:\Program Files\NVIDIA Corporation\NVIDIA NvDLISR;C:\Program Files\Microsoft\Web Platform Installer\;C:\Program Files (x86)\Microsoft ASP.NET\ASP.NET Web Pages\v1.0\;C:\Program Files\Microsoft SQL Server\110\Tools\Binn\;C:\Program Files\Git\cmd;C:\Users\asus\AppData\Local\Programs\Python\Python310\Scripts\;C:\Users\asus\AppData\Local\Programs\Python\Python310\;C:\Users\asus\AppData\Local\Microsoft\WindowsApps;;D:\Program Files\JetBrains\IntelliJ IDEA Community Edition 2020.3\bin;
USERNAME=asus
OS=Windows_NT
PROCESSOR_IDENTIFIER=Intel64 Family 6 Model 126 Stepping 5, GenuineIntel



---------------  S Y S T E M  ---------------

OS: Windows 10 , 64 bit Build 18362 (10.0.18362.329)
OS uptime: 0 days 1:31 hours

CPU:total 8 (initial active 8) (4 cores per cpu, 2 threads per core) family 6 model 126 stepping 5 microcode 0x96, cmov, cx8, fxsr, mmx, sse, sse2, sse3, ssse3, sse4.1, sse4.2, popcnt, avx, avx2, aes, clmul, erms, 3dnowpref, lzcnt, ht, tsc, tscinvbit, bmi1, bmi2, adx, evex, sha, fma

Memory: 4k page, system-wide physical 7997M (572M free)
TotalPageFile size 7997M (AvailPageFile size 33M)
current process WorkingSet (physical memory assigned to process): 335M, peak: 335M
current process commit charge ("private bytes"): 391M, peak: 424M

vm_info: OpenJDK 64-Bit Server VM (11.0.11+9-b60-7590822) for windows-amd64 JRE (11.0.11+9-b60-7590822), built on Jul 29 2021 21:43:44 by "builder" with MS VC++ 14.0 (VS2015)

END.
