#
# There is insufficient memory for the Java Runtime Environment to continue.
# Native memory allocation (malloc) failed to allocate 1032816 bytes for Chunk::new
# Possible reasons:
#   The system is out of physical RAM or swap space
#   The process is running with CompressedOops enabled, and the Java Heap may be blocking the growth of the native heap
# Possible solutions:
#   Reduce memory load on the system
#   Increase physical memory or swap space
#   Check if swap backing store is full
#   Decrease Java heap size (-Xmx/-Xms)
#   Decrease number of Java threads
#   Decrease Java thread stack sizes (-Xss)
#   Set larger code cache with -XX:ReservedCodeCacheSize=
#   JVM is running with Unscaled Compressed Oops mode in which the Java heap is
#     placed in the first 4GB address space. The Java Heap base address is the
#     maximum limit for the native heap growth. Please use -XX:HeapBaseMinAddress
#     to set the Java Heap base and to place the Java Heap above 4GB virtual address.
# This output file may be truncated or incomplete.
#
#  Out of Memory Error (./src/hotspot/share/memory/arena.cpp:197), pid=11388, tid=12072
#
# JRE version: OpenJDK Runtime Environment (11.0.11+9) (build 11.0.11+9-b60-7590822)
# Java VM: OpenJDK 64-Bit Server VM (11.0.11+9-b60-7590822, mixed mode, tiered, compressed oops, g1 gc, windows-amd64)
# No core dump will be written. Minidumps are not enabled by default on client versions of Windows
#

---------------  S U M M A R Y ------------

Command Line: --add-opens=java.base/java.util=ALL-UNNAMED --add-opens=java.base/java.lang=ALL-UNNAMED --add-opens=java.base/java.lang.invoke=ALL-UNNAMED --add-opens=java.base/java.util=ALL-UNNAMED --add-opens=java.prefs/java.util.prefs=ALL-UNNAMED --add-opens=java.prefs/java.util.prefs=ALL-UNNAMED --add-opens=java.base/java.nio.charset=ALL-UNNAMED --add-opens=java.base/java.net=ALL-UNNAMED --add-opens=java.base/java.util.concurrent.atomic=ALL-UNNAMED -Xmx2048m -Dfile.encoding=UTF-8 -Duser.country=RU -Duser.language=ru -Duser.variant org.gradle.launcher.daemon.bootstrap.GradleDaemon 7.2

Host: Intel(R) Core(TM) i7-1065G7 CPU @ 1.30GHz, 8 cores, 7G,  Windows 10 , 64 bit Build 18362 (10.0.18362.329)
Time: Wed May 18 17:14:25 2022 Caiaaiay Acey (ceia) elapsed time: 36.046557 seconds (0d 0h 0m 36s)

---------------  T H R E A D  ---------------

Current thread (0x00000264c6f92800):  JavaThread "C2 CompilerThread0" daemon [_thread_in_native, id=12072, stack(0x000000d220e00000,0x000000d220f00000)]


Current CompileTask:
C2:  36046 12966   !   4       org.gradle.internal.classloader.CachingClassLoader::loadClass (85 bytes)

Stack: [0x000000d220e00000,0x000000d220f00000]
Native frames: (J=compiled Java code, j=interpreted, Vv=VM code, C=native code)
V  [jvm.dll+0x5f214a]
V  [jvm.dll+0x726fb5]
V  [jvm.dll+0x7285cd]
V  [jvm.dll+0x728c83]
V  [jvm.dll+0x243278]
V  [jvm.dll+0xbc53c]
V  [jvm.dll+0xbca3c]
V  [jvm.dll+0x353e7d]
V  [jvm.dll+0x321893]
V  [jvm.dll+0x320d8a]
V  [jvm.dll+0x1fc1e2]
V  [jvm.dll+0x1fb3d4]
V  [jvm.dll+0x183d6c]
V  [jvm.dll+0x209a57]
V  [jvm.dll+0x2082a1]
V  [jvm.dll+0x6ef58f]
V  [jvm.dll+0x6e80b5]
V  [jvm.dll+0x5f1036]
C  [ucrtbase.dll+0x20e72]
C  [KERNEL32.DLL+0x17bd4]
C  [ntdll.dll+0x6ced1]


---------------  P R O C E S S  ---------------

Threads class SMR info:
_java_thread_list=0x00000264d1ff6480, length=146, elements={
0x00000264ac17b800, 0x00000264c6612800, 0x00000264c661d800, 0x00000264c6f8b000,
0x00000264c6f8f000, 0x00000264c6f91800, 0x00000264c6f92800, 0x00000264c662f000,
0x00000264c662f800, 0x00000264c70f1800, 0x00000264c8633000, 0x00000264c729a000,
0x00000264c814b800, 0x00000264c7e06000, 0x00000264c928c800, 0x00000264c88d1000,
0x00000264c8507800, 0x00000264c7fad800, 0x00000264c9594000, 0x00000264c8902800,
0x00000264c8906000, 0x00000264c8905000, 0x00000264c8902000, 0x00000264c8907000,
0x00000264c8908800, 0x00000264c8903800, 0x00000264c8907800, 0x00000264c8904800,
0x00000264ca649800, 0x00000264ca646800, 0x00000264ca649000, 0x00000264ca648000,
0x00000264ca645000, 0x00000264ca64f800, 0x00000264ca64e000, 0x00000264ca64e800,
0x00000264ca651000, 0x00000264ca650000, 0x00000264ca64d000, 0x00000264ca64b800,
0x00000264ca652000, 0x00000264ca64c000, 0x00000264ca652800, 0x00000264ca653800,
0x00000264ca309800, 0x00000264ca30e800, 0x00000264ca308800, 0x00000264ca30f000,
0x00000264ca30c800, 0x00000264ca30b000, 0x00000264ca310000, 0x00000264ca30d800,
0x00000264ca30c000, 0x00000264ca30a000, 0x00000264ca312800, 0x00000264ca316800,
0x00000264ca313000, 0x00000264ca310800, 0x00000264ca315000, 0x00000264ca317800,
0x00000264ca315800, 0x00000264ca311800, 0x00000264ca314000, 0x00000264cbf10000,
0x00000264cbf14000, 0x00000264cbf15000, 0x00000264cbf11000, 0x00000264cbf16000,
0x00000264cbf16800, 0x00000264cbf17800, 0x00000264cbf13800, 0x00000264cbf12000,
0x00000264cbf18800, 0x00000264cbf12800, 0x00000264cbf1d000, 0x00000264cbf19000,
0x00000264cbf1a800, 0x00000264cbf1e000, 0x00000264cbf1b800, 0x00000264cbf1a000,
0x00000264cbf1c800, 0x00000264cbf1f000, 0x00000264ca9b3800, 0x00000264ca9b1800,
0x00000264ca9b0000, 0x00000264ca9b5000, 0x00000264ca9af800, 0x00000264ca9b2800,
0x00000264ca9b4000, 0x00000264ca9b6000, 0x00000264ca9b6800, 0x00000264ca9b1000,
0x00000264ca9ba000, 0x00000264ca9ba800, 0x00000264ca9b9000, 0x00000264ca9bb800,
0x00000264ca9bc800, 0x00000264ca9bd000, 0x00000264ca9b7800, 0x00000264ca9be000,
0x00000264ca9b8800, 0x00000264cc8a4000, 0x00000264cc8a8800, 0x00000264cc8a3000,
0x00000264cc8a4800, 0x00000264cc8a9800, 0x00000264cc8aa800, 0x00000264cc8ab000,
0x00000264cc8a5800, 0x00000264cc8a8000, 0x00000264cc8ac000, 0x00000264cc8a7000,
0x00000264cc8a6800, 0x00000264cc8ad000, 0x00000264cc8ad800, 0x00000264cc8b1000,
0x00000264cc8b0000, 0x00000264cc8af000, 0x00000264cc8b1800, 0x00000264cc8ae800,
0x00000264ccbf9000, 0x00000264ccbf8000, 0x00000264ccbf3000, 0x00000264ccbf9800,
0x00000264ccbf4000, 0x00000264ccbfa800, 0x00000264ccbf5800, 0x00000264ccbf5000,
0x00000264ccbfc000, 0x00000264ccbff800, 0x00000264ccbfe800, 0x00000264ccbf6800,
0x00000264ccbfb800, 0x00000264ccc02000, 0x00000264cda5e800, 0x00000264cda61800,
0x00000264cda63000, 0x00000264cda5f000, 0x00000264cda65000, 0x00000264cda62800,
0x00000264cda60000, 0x00000264cda69000, 0x00000264cda67000, 0x00000264cda65800,
0x00000264cda64000, 0x00000264cda66800
}

Java Threads: ( => current thread )
  0x00000264ac17b800 JavaThread "main" [_thread_blocked, id=5828, stack(0x000000d220200000,0x000000d220300000)]
  0x00000264c6612800 JavaThread "Reference Handler" daemon [_thread_blocked, id=2296, stack(0x000000d220900000,0x000000d220a00000)]
  0x00000264c661d800 JavaThread "Finalizer" daemon [_thread_blocked, id=1660, stack(0x000000d220a00000,0x000000d220b00000)]
  0x00000264c6f8b000 JavaThread "Signal Dispatcher" daemon [_thread_blocked, id=7048, stack(0x000000d220b00000,0x000000d220c00000)]
  0x00000264c6f8f000 JavaThread "Attach Listener" daemon [_thread_blocked, id=528, stack(0x000000d220c00000,0x000000d220d00000)]
  0x00000264c6f91800 JavaThread "Service Thread" daemon [_thread_blocked, id=1516, stack(0x000000d220d00000,0x000000d220e00000)]
=>0x00000264c6f92800 JavaThread "C2 CompilerThread0" daemon [_thread_in_native, id=12072, stack(0x000000d220e00000,0x000000d220f00000)]
  0x00000264c662f000 JavaThread "C1 CompilerThread0" daemon [_thread_in_vm, id=1616, stack(0x000000d220f00000,0x000000d221000000)]
  0x00000264c662f800 JavaThread "Sweeper thread" daemon [_thread_blocked, id=11244, stack(0x000000d221000000,0x000000d221100000)]
  0x00000264c70f1800 JavaThread "Common-Cleaner" daemon [_thread_blocked, id=7452, stack(0x000000d221100000,0x000000d221200000)]
  0x00000264c8633000 JavaThread "Daemon health stats" [_thread_blocked, id=3516, stack(0x000000d221600000,0x000000d221700000)]
  0x00000264c729a000 JavaThread "Incoming local TCP Connector on port 54226" [_thread_in_native, id=3924, stack(0x000000d221300000,0x000000d221400000)]
  0x00000264c814b800 JavaThread "Daemon periodic checks" [_thread_blocked, id=9728, stack(0x000000d221700000,0x000000d221800000)]
  0x00000264c7e06000 JavaThread "Daemon" [_thread_blocked, id=252, stack(0x000000d221900000,0x000000d221a00000)]
  0x00000264c928c800 JavaThread "Handler for socket connection from /127.0.0.1:54226 to /127.0.0.1:54227" [_thread_in_native, id=1348, stack(0x000000d221a00000,0x000000d221b00000)]
  0x00000264c88d1000 JavaThread "Cancel handler" [_thread_blocked, id=9240, stack(0x000000d221b00000,0x000000d221c00000)]
  0x00000264c8507800 JavaThread "Daemon worker" [_thread_blocked, id=2412, stack(0x000000d221c00000,0x000000d221d00000)]
  0x00000264c7fad800 JavaThread "Asynchronous log dispatcher for DefaultDaemonConnection: socket connection from /127.0.0.1:54226 to /127.0.0.1:54227" [_thread_blocked, id=2344, stack(0x000000d221d00000,0x000000d221e00000)]
  0x00000264c9594000 JavaThread "Stdin handler" [_thread_blocked, id=2376, stack(0x000000d221e00000,0x000000d221f00000)]
  0x00000264c8902800 JavaThread "Daemon client event forwarder" [_thread_blocked, id=6480, stack(0x000000d221f00000,0x000000d222000000)]
  0x00000264c8906000 JavaThread "Cache worker for journal cache (D:\ProgramsfilesD\Android\Sdk\caches\journal-1)" [_thread_blocked, id=6740, stack(0x000000d222600000,0x000000d222700000)]
  0x00000264c8905000 JavaThread "File lock request listener" [_thread_in_native, id=8900, stack(0x000000d222700000,0x000000d222800000)]
  0x00000264c8902000 JavaThread "Cache worker for file hash cache (D:\ProgramsfilesD\Android\Sdk\caches\7.2\fileHashes)" [_thread_blocked, id=6296, stack(0x000000d222800000,0x000000d222900000)]
  0x00000264c8907000 JavaThread "Cache worker for file hash cache (D:\NotesApp\.gradle\7.2\fileHashes)" [_thread_blocked, id=6376, stack(0x000000d222a00000,0x000000d222b00000)]
  0x00000264c8908800 JavaThread "File watcher server" daemon [_thread_in_native, id=6072, stack(0x000000d222c00000,0x000000d222d00000)]
  0x00000264c8903800 JavaThread "File watcher consumer" daemon [_thread_blocked, id=12016, stack(0x000000d222d00000,0x000000d222e00000)]
  0x00000264c8907800 JavaThread "Cache worker for checksums cache (D:\NotesApp\.gradle\checksums)" [_thread_blocked, id=8336, stack(0x000000d222e00000,0x000000d222f00000)]
  0x00000264c8904800 JavaThread "Cache worker for cache directory md-supplier (D:\ProgramsfilesD\Android\Sdk\caches\7.2\md-supplier)" [_thread_blocked, id=6680, stack(0x000000d222b00000,0x000000d222c00000)]
  0x00000264ca649800 JavaThread "Cache worker for cache directory md-rule (D:\ProgramsfilesD\Android\Sdk\caches\7.2\md-rule)" [_thread_blocked, id=3412, stack(0x000000d222f00000,0x000000d223000000)]
  0x00000264ca646800 JavaThread "Cache worker for execution history cache (D:\ProgramsfilesD\Android\Sdk\caches\7.2\executionHistory)" [_thread_blocked, id=6220, stack(0x000000d223000000,0x000000d223100000)]
  0x00000264ca649000 JavaThread "jar transforms" [_thread_blocked, id=4436, stack(0x000000d223200000,0x000000d223300000)]
  0x00000264ca648000 JavaThread "Cache worker for file content cache (D:\ProgramsfilesD\Android\Sdk\caches\7.2\fileContent)" [_thread_blocked, id=9744, stack(0x000000d223300000,0x000000d223400000)]
  0x00000264ca645000 JavaThread "jar transforms Thread 2" [_thread_blocked, id=10144, stack(0x000000d223400000,0x000000d223500000)]
  0x00000264ca64f800 JavaThread "Cache worker for dependencies-accessors (D:\NotesApp\.gradle\7.2\dependencies-accessors)" [_thread_blocked, id=11480, stack(0x000000d223500000,0x000000d223600000)]
  0x00000264ca64e000 JavaThread "jar transforms Thread 3" [_thread_blocked, id=6196, stack(0x000000d223600000,0x000000d223700000)]
  0x00000264ca64e800 JavaThread "Cache worker for Build Output Cleanup Cache (D:\NotesApp\.gradle\buildOutputCleanup)" [_thread_blocked, id=2492, stack(0x000000d223700000,0x000000d223800000)]
  0x00000264ca651000 JavaThread "Unconstrained build operations" [_thread_blocked, id=10184, stack(0x000000d223800000,0x000000d223900000)]
  0x00000264ca650000 JavaThread "Unconstrained build operations Thread 2" [_thread_blocked, id=6656, stack(0x000000d223900000,0x000000d223a00000)]
  0x00000264ca64d000 JavaThread "Unconstrained build operations Thread 3" [_thread_blocked, id=1088, stack(0x000000d223a00000,0x000000d223b00000)]
  0x00000264ca64b800 JavaThread "Unconstrained build operations Thread 4" [_thread_blocked, id=1952, stack(0x000000d223b00000,0x000000d223c00000)]
  0x00000264ca652000 JavaThread "Unconstrained build operations Thread 5" [_thread_blocked, id=9028, stack(0x000000d223c00000,0x000000d223d00000)]
  0x00000264ca64c000 JavaThread "Unconstrained build operations Thread 6" [_thread_blocked, id=1000, stack(0x000000d223d00000,0x000000d223e00000)]
  0x00000264ca652800 JavaThread "Unconstrained build operations Thread 7" [_thread_blocked, id=4316, stack(0x000000d223e00000,0x000000d223f00000)]
  0x00000264ca653800 JavaThread "Unconstrained build operations Thread 8" [_thread_blocked, id=11460, stack(0x000000d223f00000,0x000000d224000000)]
  0x00000264ca309800 JavaThread "Unconstrained build operations Thread 9" [_thread_blocked, id=9892, stack(0x000000d224000000,0x000000d224100000)]
  0x00000264ca30e800 JavaThread "Unconstrained build operations Thread 10" [_thread_blocked, id=9940, stack(0x000000d224100000,0x000000d224200000)]
  0x00000264ca308800 JavaThread "Unconstrained build operations Thread 11" [_thread_blocked, id=2392, stack(0x000000d224200000,0x000000d224300000)]
  0x00000264ca30f000 JavaThread "Unconstrained build operations Thread 12" [_thread_blocked, id=8408, stack(0x000000d224300000,0x000000d224400000)]
  0x00000264ca30c800 JavaThread "Unconstrained build operations Thread 13" [_thread_blocked, id=4156, stack(0x000000d224400000,0x000000d224500000)]
  0x00000264ca30b000 JavaThread "Unconstrained build operations Thread 14" [_thread_blocked, id=872, stack(0x000000d224500000,0x000000d224600000)]
  0x00000264ca310000 JavaThread "Unconstrained build operations Thread 15" [_thread_blocked, id=12244, stack(0x000000d224600000,0x000000d224700000)]
  0x00000264ca30d800 JavaThread "Unconstrained build operations Thread 16" [_thread_blocked, id=532, stack(0x000000d224700000,0x000000d224800000)]
  0x00000264ca30c000 JavaThread "Unconstrained build operations Thread 17" [_thread_blocked, id=7352, stack(0x000000d224800000,0x000000d224900000)]
  0x00000264ca30a000 JavaThread "Unconstrained build operations Thread 18" [_thread_blocked, id=3872, stack(0x000000d224900000,0x000000d224a00000)]
  0x00000264ca312800 JavaThread "Unconstrained build operations Thread 19" [_thread_blocked, id=228, stack(0x000000d224a00000,0x000000d224b00000)]
  0x00000264ca316800 JavaThread "Unconstrained build operations Thread 20" [_thread_blocked, id=236, stack(0x000000d224b00000,0x000000d224c00000)]
  0x00000264ca313000 JavaThread "Unconstrained build operations Thread 21" [_thread_blocked, id=4076, stack(0x000000d224c00000,0x000000d224d00000)]
  0x00000264ca310800 JavaThread "Unconstrained build operations Thread 22" [_thread_blocked, id=11032, stack(0x000000d224d00000,0x000000d224e00000)]
  0x00000264ca315000 JavaThread "Unconstrained build operations Thread 23" [_thread_blocked, id=10988, stack(0x000000d224e00000,0x000000d224f00000)]
  0x00000264ca317800 JavaThread "Unconstrained build operations Thread 24" [_thread_blocked, id=5020, stack(0x000000d224f00000,0x000000d225000000)]
  0x00000264ca315800 JavaThread "Unconstrained build operations Thread 25" [_thread_blocked, id=4236, stack(0x000000d225000000,0x000000d225100000)]
  0x00000264ca311800 JavaThread "Unconstrained build operations Thread 26" [_thread_blocked, id=3336, stack(0x000000d225100000,0x000000d225200000)]
  0x00000264ca314000 JavaThread "Unconstrained build operations Thread 27" [_thread_blocked, id=9572, stack(0x000000d225200000,0x000000d225300000)]
  0x00000264cbf10000 JavaThread "Unconstrained build operations Thread 28" [_thread_blocked, id=6032, stack(0x000000d225300000,0x000000d225400000)]
  0x00000264cbf14000 JavaThread "Unconstrained build operations Thread 29" [_thread_blocked, id=4276, stack(0x000000d225400000,0x000000d225500000)]
  0x00000264cbf15000 JavaThread "Unconstrained build operations Thread 30" [_thread_blocked, id=4520, stack(0x000000d225500000,0x000000d225600000)]
  0x00000264cbf11000 JavaThread "Unconstrained build operations Thread 31" [_thread_blocked, id=4612, stack(0x000000d225600000,0x000000d225700000)]
  0x00000264cbf16000 JavaThread "Unconstrained build operations Thread 32" [_thread_blocked, id=2860, stack(0x000000d225700000,0x000000d225800000)]
  0x00000264cbf16800 JavaThread "Unconstrained build operations Thread 33" [_thread_blocked, id=2224, stack(0x000000d225800000,0x000000d225900000)]
  0x00000264cbf17800 JavaThread "Unconstrained build operations Thread 34" [_thread_blocked, id=4088, stack(0x000000d225900000,0x000000d225a00000)]
  0x00000264cbf13800 JavaThread "Unconstrained build operations Thread 35" [_thread_blocked, id=4792, stack(0x000000d225a00000,0x000000d225b00000)]
  0x00000264cbf12000 JavaThread "Unconstrained build operations Thread 36" [_thread_blocked, id=8212, stack(0x000000d225b00000,0x000000d225c00000)]
  0x00000264cbf18800 JavaThread "Unconstrained build operations Thread 37" [_thread_blocked, id=7472, stack(0x000000d225c00000,0x000000d225d00000)]
  0x00000264cbf12800 JavaThread "Unconstrained build operations Thread 38" [_thread_blocked, id=9024, stack(0x000000d225d00000,0x000000d225e00000)]
  0x00000264cbf1d000 JavaThread "Unconstrained build operations Thread 39" [_thread_blocked, id=9344, stack(0x000000d225e00000,0x000000d225f00000)]
  0x00000264cbf19000 JavaThread "Unconstrained build operations Thread 40" [_thread_blocked, id=10364, stack(0x000000d225f00000,0x000000d226000000)]
  0x00000264cbf1a800 JavaThread "Unconstrained build operations Thread 41" [_thread_blocked, id=11860, stack(0x000000d226000000,0x000000d226100000)]
  0x00000264cbf1e000 JavaThread "Unconstrained build operations Thread 42" [_thread_blocked, id=11608, stack(0x000000d226100000,0x000000d226200000)]
  0x00000264cbf1b800 JavaThread "Unconstrained build operations Thread 43" [_thread_blocked, id=6780, stack(0x000000d226200000,0x000000d226300000)]
  0x00000264cbf1a000 JavaThread "Unconstrained build operations Thread 44" [_thread_blocked, id=6796, stack(0x000000d226300000,0x000000d226400000)]
  0x00000264cbf1c800 JavaThread "Unconstrained build operations Thread 45" [_thread_blocked, id=3264, stack(0x000000d226400000,0x000000d226500000)]
  0x00000264cbf1f000 JavaThread "Unconstrained build operations Thread 46" [_thread_blocked, id=8932, stack(0x000000d226500000,0x000000d226600000)]
  0x00000264ca9b3800 JavaThread "Unconstrained build operations Thread 47" [_thread_blocked, id=11364, stack(0x000000d226600000,0x000000d226700000)]
  0x00000264ca9b1800 JavaThread "Unconstrained build operations Thread 48" [_thread_blocked, id=8656, stack(0x000000d226700000,0x000000d226800000)]
  0x00000264ca9b0000 JavaThread "Unconstrained build operations Thread 49" [_thread_blocked, id=3520, stack(0x000000d226800000,0x000000d226900000)]
  0x00000264ca9b5000 JavaThread "Unconstrained build operations Thread 50" [_thread_blocked, id=9932, stack(0x000000d226900000,0x000000d226a00000)]
  0x00000264ca9af800 JavaThread "Unconstrained build operations Thread 51" [_thread_blocked, id=4168, stack(0x000000d226a00000,0x000000d226b00000)]
  0x00000264ca9b2800 JavaThread "Unconstrained build operations Thread 52" [_thread_blocked, id=7128, stack(0x000000d226b00000,0x000000d226c00000)]
  0x00000264ca9b4000 JavaThread "Unconstrained build operations Thread 53" [_thread_blocked, id=100, stack(0x000000d226c00000,0x000000d226d00000)]
  0x00000264ca9b6000 JavaThread "Unconstrained build operations Thread 54" [_thread_blocked, id=9956, stack(0x000000d226d00000,0x000000d226e00000)]
  0x00000264ca9b6800 JavaThread "Unconstrained build operations Thread 55" [_thread_blocked, id=5564, stack(0x000000d226e00000,0x000000d226f00000)]
  0x00000264ca9b1000 JavaThread "Unconstrained build operations Thread 56" [_thread_blocked, id=11640, stack(0x000000d226f00000,0x000000d227000000)]
  0x00000264ca9ba000 JavaThread "Unconstrained build operations Thread 57" [_thread_blocked, id=10484, stack(0x000000d227000000,0x000000d227100000)]
  0x00000264ca9ba800 JavaThread "Unconstrained build operations Thread 58" [_thread_blocked, id=12116, stack(0x000000d227100000,0x000000d227200000)]
  0x00000264ca9b9000 JavaThread "Unconstrained build operations Thread 59" [_thread_blocked, id=11384, stack(0x000000d227200000,0x000000d227300000)]
  0x00000264ca9bb800 JavaThread "Unconstrained build operations Thread 60" [_thread_blocked, id=10308, stack(0x000000d227300000,0x000000d227400000)]
  0x00000264ca9bc800 JavaThread "Unconstrained build operations Thread 61" [_thread_blocked, id=3800, stack(0x000000d227400000,0x000000d227500000)]
  0x00000264ca9bd000 JavaThread "Unconstrained build operations Thread 62" [_thread_blocked, id=9036, stack(0x000000d227500000,0x000000d227600000)]
  0x00000264ca9b7800 JavaThread "Unconstrained build operations Thread 63" [_thread_blocked, id=4836, stack(0x000000d227600000,0x000000d227700000)]
  0x00000264ca9be000 JavaThread "Unconstrained build operations Thread 64" [_thread_blocked, id=6644, stack(0x000000d227700000,0x000000d227800000)]
  0x00000264ca9b8800 JavaThread "Unconstrained build operations Thread 65" [_thread_blocked, id=1560, stack(0x000000d227800000,0x000000d227900000)]
  0x00000264cc8a4000 JavaThread "Unconstrained build operations Thread 66" [_thread_blocked, id=4160, stack(0x000000d227900000,0x000000d227a00000)]
  0x00000264cc8a8800 JavaThread "Unconstrained build operations Thread 67" [_thread_blocked, id=11408, stack(0x000000d227a00000,0x000000d227b00000)]
  0x00000264cc8a3000 JavaThread "Unconstrained build operations Thread 68" [_thread_blocked, id=9064, stack(0x000000d227b00000,0x000000d227c00000)]
  0x00000264cc8a4800 JavaThread "Unconstrained build operations Thread 69" [_thread_blocked, id=1552, stack(0x000000d227c00000,0x000000d227d00000)]
  0x00000264cc8a9800 JavaThread "Unconstrained build operations Thread 70" [_thread_blocked, id=11404, stack(0x000000d227d00000,0x000000d227e00000)]
  0x00000264cc8aa800 JavaThread "Unconstrained build operations Thread 71" [_thread_blocked, id=11436, stack(0x000000d227e00000,0x000000d227f00000)]
  0x00000264cc8ab000 JavaThread "Unconstrained build operations Thread 72" [_thread_blocked, id=6772, stack(0x000000d227f00000,0x000000d228000000)]
  0x00000264cc8a5800 JavaThread "Unconstrained build operations Thread 73" [_thread_blocked, id=8416, stack(0x000000d228000000,0x000000d228100000)]
  0x00000264cc8a8000 JavaThread "Unconstrained build operations Thread 74" [_thread_blocked, id=1512, stack(0x000000d228100000,0x000000d228200000)]
  0x00000264cc8ac000 JavaThread "Unconstrained build operations Thread 75" [_thread_blocked, id=11148, stack(0x000000d228200000,0x000000d228300000)]
  0x00000264cc8a7000 JavaThread "Unconstrained build operations Thread 76" [_thread_blocked, id=10264, stack(0x000000d228300000,0x000000d228400000)]
  0x00000264cc8a6800 JavaThread "Unconstrained build operations Thread 77" [_thread_blocked, id=12060, stack(0x000000d228400000,0x000000d228500000)]
  0x00000264cc8ad000 JavaThread "Unconstrained build operations Thread 78" [_thread_blocked, id=11924, stack(0x000000d228500000,0x000000d228600000)]
  0x00000264cc8ad800 JavaThread "Unconstrained build operations Thread 79" [_thread_blocked, id=3136, stack(0x000000d228600000,0x000000d228700000)]
  0x00000264cc8b1000 JavaThread "Unconstrained build operations Thread 80" [_thread_blocked, id=1988, stack(0x000000d228700000,0x000000d228800000)]
  0x00000264cc8b0000 JavaThread "jar transforms Thread 4" [_thread_blocked, id=4264, stack(0x000000d228800000,0x000000d228900000)]
  0x00000264cc8af000 JavaThread "jar transforms Thread 5" [_thread_blocked, id=9460, stack(0x000000d228900000,0x000000d228a00000)]
  0x00000264cc8b1800 JavaThread "jar transforms Thread 6" [_thread_blocked, id=2572, stack(0x000000d228a00000,0x000000d228b00000)]
  0x00000264cc8ae800 JavaThread "jar transforms Thread 7" [_thread_blocked, id=7832, stack(0x000000d228b00000,0x000000d228c00000)]
  0x00000264ccbf9000 JavaThread "jar transforms Thread 8" [_thread_blocked, id=5088, stack(0x000000d228c00000,0x000000d228d00000)]
  0x00000264ccbf8000 JavaThread "Memory manager" [_thread_blocked, id=11428, stack(0x000000d228d00000,0x000000d228e00000)]
  0x00000264ccbf3000 JavaThread "build event listener" [_thread_blocked, id=1756, stack(0x000000d228e00000,0x000000d228f00000)]
  0x00000264ccbf9800 JavaThread "Execution worker for ':'" [_thread_blocked, id=1720, stack(0x000000d228f00000,0x000000d229000000)]
  0x00000264ccbf4000 JavaThread "Execution worker for ':' Thread 2" [_thread_blocked, id=1564, stack(0x000000d229000000,0x000000d229100000)]
  0x00000264ccbfa800 JavaThread "Execution worker for ':' Thread 3" [_thread_blocked, id=11224, stack(0x000000d229100000,0x000000d229200000)]
  0x00000264ccbf5800 JavaThread "Execution worker for ':' Thread 4" [_thread_blocked, id=12260, stack(0x000000d229200000,0x000000d229300000)]
  0x00000264ccbf5000 JavaThread "Execution worker for ':' Thread 5" [_thread_blocked, id=3352, stack(0x000000d229300000,0x000000d229400000)]
  0x00000264ccbfc000 JavaThread "Execution worker for ':' Thread 6" [_thread_blocked, id=3796, stack(0x000000d229400000,0x000000d229500000)]
  0x00000264ccbff800 JavaThread "Execution worker for ':' Thread 7" [_thread_blocked, id=3468, stack(0x000000d229500000,0x000000d229600000)]
  0x00000264ccbfe800 JavaThread "Cache worker for execution history cache (D:\NotesApp\.gradle\7.2\executionHistory)" [_thread_blocked, id=3488, stack(0x000000d229600000,0x000000d229700000)]
  0x00000264ccbf6800 JavaThread "WorkerExecutor Queue" [_thread_in_vm, id=4952, stack(0x000000d229700000,0x000000d229800000)]
  0x00000264ccbfb800 JavaThread "RMI Scheduler(0)" daemon [_thread_blocked, id=3612, stack(0x000000d223100000,0x000000d223200000)]
  0x00000264ccc02000 JavaThread "RMI GC Daemon" daemon [_thread_blocked, id=4768, stack(0x000000d229900000,0x000000d229a00000)]
  0x00000264cda5e800 JavaThread "RMI TCP Accept-0" daemon [_thread_in_native, id=5356, stack(0x000000d229b00000,0x000000d229c00000)]
  0x00000264cda61800 JavaThread "RMI Reaper" [_thread_blocked, id=6124, stack(0x000000d229c00000,0x000000d229d00000)]
  0x00000264cda63000 JavaThread "RMI TCP Connection(1)-127.0.0.1" daemon [_thread_in_native, id=3508, stack(0x000000d229d00000,0x000000d229e00000)]
  0x00000264cda5f000 JavaThread "C2 CompilerThread1" daemon [_thread_in_vm, id=10816, stack(0x000000d229e00000,0x000000d229f00000)]
  0x00000264cda65000 JavaThread "WorkerExecutor Queue Thread 2" [_thread_in_native, id=11796, stack(0x000000d229f00000,0x000000d22a000000)]
  0x00000264cda62800 JavaThread "WorkerExecutor Queue Thread 3" [_thread_blocked, id=8912, stack(0x000000d229800000,0x000000d229900000)]
  0x00000264cda60000 JavaThread "WorkerExecutor Queue Thread 4" [_thread_blocked, id=12256, stack(0x000000d22a000000,0x000000d22a100000)]
  0x00000264cda69000 JavaThread "WorkerExecutor Queue Thread 5" [_thread_blocked, id=5304, stack(0x000000d22a100000,0x000000d22a200000)]
  0x00000264cda67000 JavaThread "WorkerExecutor Queue Thread 6" [_thread_blocked, id=5268, stack(0x000000d22a200000,0x000000d22a300000)]
  0x00000264cda65800 JavaThread "WorkerExecutor Queue Thread 7" [_thread_blocked, id=6236, stack(0x000000d22a300000,0x000000d22a400000)]
  0x00000264cda64000 JavaThread "WorkerExecutor Queue Thread 8" [_thread_blocked, id=8512, stack(0x000000d22a400000,0x000000d22a500000)]
  0x00000264cda66800 JavaThread "WorkerExecutor Queue Thread 9" [_thread_blocked, id=1164, stack(0x000000d22a500000,0x000000d22a600000)]

Other Threads:
  0x00000264c6610800 VMThread "VM Thread" [stack: 0x000000d220800000,0x000000d220900000] [id=5272]
  0x00000264c713e800 WatcherThread [stack: 0x000000d221200000,0x000000d221300000] [id=6204]
  0x00000264ac194800 GCTaskThread "GC Thread#0" [stack: 0x000000d220300000,0x000000d220400000] [id=8608]
  0x00000264c754a800 GCTaskThread "GC Thread#1" [stack: 0x000000d221400000,0x000000d221500000] [id=6248]
  0x00000264c7e47000 GCTaskThread "GC Thread#2" [stack: 0x000000d221500000,0x000000d221600000] [id=4788]
  0x00000264c948a000 GCTaskThread "GC Thread#3" [stack: 0x000000d222000000,0x000000d222100000] [id=4664]
  0x00000264c82ce800 GCTaskThread "GC Thread#4" [stack: 0x000000d222100000,0x000000d222200000] [id=1248]
  0x00000264c870a800 GCTaskThread "GC Thread#5" [stack: 0x000000d222200000,0x000000d222300000] [id=7204]
  0x00000264c9470800 GCTaskThread "GC Thread#6" [stack: 0x000000d222300000,0x000000d222400000] [id=10260]
  0x00000264c8293800 GCTaskThread "GC Thread#7" [stack: 0x000000d222400000,0x000000d222500000] [id=5264]
  0x00000264ac1c7800 ConcurrentGCThread "G1 Main Marker" [stack: 0x000000d220400000,0x000000d220500000] [id=1744]
  0x00000264ac1c8800 ConcurrentGCThread "G1 Conc#0" [stack: 0x000000d220500000,0x000000d220600000] [id=2540]
  0x00000264c9409000 ConcurrentGCThread "G1 Conc#1" [stack: 0x000000d222900000,0x000000d222a00000] [id=1424]
  0x00000264c6462800 ConcurrentGCThread "G1 Refine#0" [stack: 0x000000d220600000,0x000000d220700000] [id=9220]
  0x00000264c8371000 ConcurrentGCThread "G1 Refine#1" [stack: 0x000000d222500000,0x000000d222600000] [id=3656]
  0x00000264ac24d800 ConcurrentGCThread "G1 Young RemSet Sampling" [stack: 0x000000d220700000,0x000000d220800000] [id=11228]

Threads with active compile tasks:
C2 CompilerThread0  36067 12966   !   4       org.gradle.internal.classloader.CachingClassLoader::loadClass (85 bytes)
C2 CompilerThread1  36067 12982   !   4       com.google.common.collect.MapMakerInternalMap$Segment::runLockedCleanup (34 bytes)

VM state:not at safepoint (normal execution)

VM Mutex/Monitor currently owned by a thread: None

Heap address: 0x0000000080000000, size: 2048 MB, Compressed Oops mode: 32-bit
Narrow klass base: 0x0000000000000000, Narrow klass shift: 3
Compressed class space size: 1073741824 Address: 0x0000000100000000

Heap:
 garbage-first heap   total 225280K, used 156972K [0x0000000080000000, 0x0000000100000000)
  region size 1024K, 51 young (52224K), 10 survivors (10240K)
 Metaspace       used 102812K, capacity 105610K, committed 105680K, reserved 1140736K
  class space    used 13341K, capacity 14336K, committed 14336K, reserved 1048576K
Heap Regions: E=young(eden), S=young(survivor), O=old, HS=humongous(starts), HC=humongous(continues), CS=collection set, F=free, A=archive, TAMS=top-at-mark-start (previous, next)
|   0|0x0000000080000000, 0x0000000080100000, 0x0000000080100000|100%| O|  |TAMS 0x0000000080100000, 0x0000000080000000| Untracked 
|   1|0x0000000080100000, 0x0000000080200000, 0x0000000080200000|100%| O|  |TAMS 0x0000000080200000, 0x0000000080100000| Untracked 
|   2|0x0000000080200000, 0x0000000080300000, 0x0000000080300000|100%| O|  |TAMS 0x0000000080300000, 0x0000000080200000| Untracked 
|   3|0x0000000080300000, 0x0000000080400000, 0x0000000080400000|100%|HS|  |TAMS 0x0000000080400000, 0x0000000080300000| Complete 
|   4|0x0000000080400000, 0x0000000080500000, 0x0000000080500000|100%|HC|  |TAMS 0x0000000080500000, 0x0000000080400000| Complete 
|   5|0x0000000080500000, 0x0000000080600000, 0x0000000080600000|100%|HC|  |TAMS 0x0000000080600000, 0x0000000080500000| Complete 
|   6|0x0000000080600000, 0x0000000080700000, 0x0000000080700000|100%| O|  |TAMS 0x0000000080700000, 0x0000000080600000| Untracked 
|   7|0x0000000080700000, 0x0000000080800000, 0x0000000080800000|100%| O|  |TAMS 0x0000000080800000, 0x0000000080700000| Untracked 
|   8|0x0000000080800000, 0x0000000080900000, 0x0000000080900000|100%| O|  |TAMS 0x0000000080900000, 0x0000000080800000| Untracked 
|   9|0x0000000080900000, 0x0000000080a00000, 0x0000000080a00000|100%| O|  |TAMS 0x0000000080a00000, 0x0000000080900000| Untracked 
|  10|0x0000000080a00000, 0x0000000080b00000, 0x0000000080b00000|100%| O|  |TAMS 0x0000000080b00000, 0x0000000080a00000| Untracked 
|  11|0x0000000080b00000, 0x0000000080c00000, 0x0000000080c00000|100%| O|  |TAMS 0x0000000080c00000, 0x0000000080b00000| Untracked 
|  12|0x0000000080c00000, 0x0000000080d00000, 0x0000000080d00000|100%| O|  |TAMS 0x0000000080d00000, 0x0000000080c00000| Untracked 
|  13|0x0000000080d00000, 0x0000000080e00000, 0x0000000080e00000|100%| O|  |TAMS 0x0000000080e00000, 0x0000000080d00000| Untracked 
|  14|0x0000000080e00000, 0x0000000080f00000, 0x0000000080f00000|100%| O|  |TAMS 0x0000000080f00000, 0x0000000080e00000| Untracked 
|  15|0x0000000080f00000, 0x0000000081000000, 0x0000000081000000|100%| O|  |TAMS 0x0000000081000000, 0x0000000080f00000| Untracked 
|  16|0x0000000081000000, 0x0000000081100000, 0x0000000081100000|100%| O|  |TAMS 0x0000000081100000, 0x0000000081000000| Untracked 
|  17|0x0000000081100000, 0x0000000081200000, 0x0000000081200000|100%|HS|  |TAMS 0x0000000081200000, 0x0000000081100000| Complete 
|  18|0x0000000081200000, 0x0000000081300000, 0x0000000081300000|100%| O|  |TAMS 0x0000000081300000, 0x0000000081200000| Untracked 
|  19|0x0000000081300000, 0x0000000081400000, 0x0000000081400000|100%| O|  |TAMS 0x0000000081400000, 0x0000000081300000| Untracked 
|  20|0x0000000081400000, 0x0000000081500000, 0x0000000081500000|100%| O|  |TAMS 0x0000000081500000, 0x0000000081400000| Untracked 
|  21|0x0000000081500000, 0x0000000081600000, 0x0000000081600000|100%| O|  |TAMS 0x0000000081600000, 0x0000000081500000| Untracked 
|  22|0x0000000081600000, 0x0000000081700000, 0x0000000081700000|100%| O|  |TAMS 0x0000000081700000, 0x0000000081600000| Untracked 
|  23|0x0000000081700000, 0x0000000081800000, 0x0000000081800000|100%| O|  |TAMS 0x0000000081800000, 0x0000000081700000| Untracked 
|  24|0x0000000081800000, 0x0000000081900000, 0x0000000081900000|100%| O|  |TAMS 0x0000000081900000, 0x0000000081800000| Untracked 
|  25|0x0000000081900000, 0x0000000081a00000, 0x0000000081a00000|100%| O|  |TAMS 0x0000000081a00000, 0x0000000081900000| Untracked 
|  26|0x0000000081a00000, 0x0000000081b00000, 0x0000000081b00000|100%| O|  |TAMS 0x0000000081b00000, 0x0000000081a00000| Untracked 
|  27|0x0000000081b00000, 0x0000000081c00000, 0x0000000081c00000|100%| O|  |TAMS 0x0000000081c00000, 0x0000000081b00000| Untracked 
|  28|0x0000000081c00000, 0x0000000081d00000, 0x0000000081d00000|100%|HS|  |TAMS 0x0000000081d00000, 0x0000000081c00000| Complete 
|  29|0x0000000081d00000, 0x0000000081e00000, 0x0000000081e00000|100%|HS|  |TAMS 0x0000000081e00000, 0x0000000081d00000| Complete 
|  30|0x0000000081e00000, 0x0000000081f00000, 0x0000000081f00000|100%|HS|  |TAMS 0x0000000081f00000, 0x0000000081e00000| Complete 
|  31|0x0000000081f00000, 0x0000000082000000, 0x0000000082000000|100%|HS|  |TAMS 0x0000000082000000, 0x0000000081f00000| Complete 
|  32|0x0000000082000000, 0x0000000082100000, 0x0000000082100000|100%|HC|  |TAMS 0x0000000082100000, 0x0000000082000000| Complete 
|  33|0x0000000082100000, 0x0000000082200000, 0x0000000082200000|100%|HC|  |TAMS 0x0000000082200000, 0x0000000082100000| Complete 
|  34|0x0000000082200000, 0x0000000082300000, 0x0000000082300000|100%|HS|  |TAMS 0x0000000082300000, 0x0000000082200000| Complete 
|  35|0x0000000082300000, 0x0000000082400000, 0x0000000082400000|100%|HC|  |TAMS 0x0000000082400000, 0x0000000082300000| Complete 
|  36|0x0000000082400000, 0x0000000082500000, 0x0000000082500000|100%| O|  |TAMS 0x0000000082500000, 0x0000000082400000| Untracked 
|  37|0x0000000082500000, 0x0000000082600000, 0x0000000082600000|100%| O|  |TAMS 0x0000000082600000, 0x0000000082500000| Untracked 
|  38|0x0000000082600000, 0x0000000082700000, 0x0000000082700000|100%| O|  |TAMS 0x0000000082700000, 0x0000000082600000| Untracked 
|  39|0x0000000082700000, 0x0000000082800000, 0x0000000082800000|100%| O|  |TAMS 0x0000000082800000, 0x0000000082700000| Untracked 
|  40|0x0000000082800000, 0x0000000082900000, 0x0000000082900000|100%| O|  |TAMS 0x0000000082900000, 0x0000000082800000| Untracked 
|  41|0x0000000082900000, 0x0000000082a00000, 0x0000000082a00000|100%| O|  |TAMS 0x0000000082a00000, 0x0000000082900000| Untracked 
|  42|0x0000000082a00000, 0x0000000082b00000, 0x0000000082b00000|100%| O|  |TAMS 0x0000000082b00000, 0x0000000082a00000| Untracked 
|  43|0x0000000082b00000, 0x0000000082c00000, 0x0000000082c00000|100%| O|  |TAMS 0x0000000082c00000, 0x0000000082b00000| Untracked 
|  44|0x0000000082c00000, 0x0000000082d00000, 0x0000000082d00000|100%| O|  |TAMS 0x0000000082d00000, 0x0000000082c00000| Untracked 
|  45|0x0000000082d00000, 0x0000000082e00000, 0x0000000082e00000|100%| O|  |TAMS 0x0000000082e00000, 0x0000000082d00000| Untracked 
|  46|0x0000000082e00000, 0x0000000082f00000, 0x0000000082f00000|100%| O|  |TAMS 0x0000000082f00000, 0x0000000082e00000| Untracked 
|  47|0x0000000082f00000, 0x0000000083000000, 0x0000000083000000|100%| O|  |TAMS 0x0000000083000000, 0x0000000082f00000| Untracked 
|  48|0x0000000083000000, 0x0000000083100000, 0x0000000083100000|100%| O|  |TAMS 0x0000000083100000, 0x0000000083000000| Untracked 
|  49|0x0000000083100000, 0x0000000083200000, 0x0000000083200000|100%| O|  |TAMS 0x0000000083200000, 0x0000000083100000| Untracked 
|  50|0x0000000083200000, 0x0000000083300000, 0x0000000083300000|100%| O|  |TAMS 0x0000000083300000, 0x0000000083200000| Untracked 
|  51|0x0000000083300000, 0x0000000083400000, 0x0000000083400000|100%| O|  |TAMS 0x0000000083400000, 0x0000000083300000| Untracked 
|  52|0x0000000083400000, 0x0000000083500000, 0x0000000083500000|100%| O|  |TAMS 0x0000000083500000, 0x0000000083400000| Untracked 
|  53|0x0000000083500000, 0x0000000083600000, 0x0000000083600000|100%| O|  |TAMS 0x0000000083600000, 0x0000000083500000| Untracked 
|  54|0x0000000083600000, 0x0000000083700000, 0x0000000083700000|100%| O|  |TAMS 0x0000000083700000, 0x0000000083600000| Untracked 
|  55|0x0000000083700000, 0x0000000083800000, 0x0000000083800000|100%| O|  |TAMS 0x0000000083800000, 0x0000000083700000| Untracked 
|  56|0x0000000083800000, 0x0000000083900000, 0x0000000083900000|100%| O|  |TAMS 0x0000000083900000, 0x0000000083800000| Untracked 
|  57|0x0000000083900000, 0x0000000083a00000, 0x0000000083a00000|100%| O|  |TAMS 0x0000000083a00000, 0x0000000083900000| Untracked 
|  58|0x0000000083a00000, 0x0000000083b00000, 0x0000000083b00000|100%| O|  |TAMS 0x0000000083b00000, 0x0000000083a00000| Untracked 
|  59|0x0000000083b00000, 0x0000000083c00000, 0x0000000083c00000|100%| O|  |TAMS 0x0000000083c00000, 0x0000000083b00000| Untracked 
|  60|0x0000000083c00000, 0x0000000083d00000, 0x0000000083d00000|100%| O|  |TAMS 0x0000000083d00000, 0x0000000083c00000| Untracked 
|  61|0x0000000083d00000, 0x0000000083e00000, 0x0000000083e00000|100%| O|  |TAMS 0x0000000083e00000, 0x0000000083d00000| Untracked 
|  62|0x0000000083e00000, 0x0000000083f00000, 0x0000000083f00000|100%| O|  |TAMS 0x0000000083f00000, 0x0000000083e00000| Untracked 
|  63|0x0000000083f00000, 0x0000000084000000, 0x0000000084000000|100%| O|  |TAMS 0x0000000084000000, 0x0000000083f00000| Untracked 
|  64|0x0000000084000000, 0x0000000084100000, 0x0000000084100000|100%| O|  |TAMS 0x0000000084100000, 0x0000000084000000| Untracked 
|  65|0x0000000084100000, 0x0000000084200000, 0x0000000084200000|100%| O|  |TAMS 0x0000000084200000, 0x0000000084100000| Untracked 
|  66|0x0000000084200000, 0x0000000084300000, 0x0000000084300000|100%| O|  |TAMS 0x0000000084300000, 0x0000000084200000| Untracked 
|  67|0x0000000084300000, 0x0000000084400000, 0x0000000084400000|100%| O|  |TAMS 0x0000000084400000, 0x0000000084300000| Untracked 
|  68|0x0000000084400000, 0x0000000084500000, 0x0000000084500000|100%| O|  |TAMS 0x0000000084500000, 0x0000000084400000| Untracked 
|  69|0x0000000084500000, 0x0000000084600000, 0x0000000084600000|100%| O|  |TAMS 0x0000000084600000, 0x0000000084500000| Untracked 
|  70|0x0000000084600000, 0x0000000084700000, 0x0000000084700000|100%| O|  |TAMS 0x0000000084700000, 0x0000000084600000| Untracked 
|  71|0x0000000084700000, 0x0000000084800000, 0x0000000084800000|100%| O|  |TAMS 0x0000000084800000, 0x0000000084700000| Untracked 
|  72|0x0000000084800000, 0x0000000084900000, 0x0000000084900000|100%| O|  |TAMS 0x0000000084900000, 0x0000000084800000| Untracked 
|  73|0x0000000084900000, 0x0000000084a00000, 0x0000000084a00000|100%| O|  |TAMS 0x0000000084a00000, 0x0000000084900000| Untracked 
|  74|0x0000000084a00000, 0x0000000084b00000, 0x0000000084b00000|100%| O|  |TAMS 0x0000000084b00000, 0x0000000084a00000| Untracked 
|  75|0x0000000084b00000, 0x0000000084c00000, 0x0000000084c00000|100%| O|  |TAMS 0x0000000084c00000, 0x0000000084b00000| Untracked 
|  76|0x0000000084c00000, 0x0000000084d00000, 0x0000000084d00000|100%| O|  |TAMS 0x0000000084d00000, 0x0000000084c00000| Untracked 
|  77|0x0000000084d00000, 0x0000000084e00000, 0x0000000084e00000|100%| O|  |TAMS 0x0000000084e00000, 0x0000000084d00000| Untracked 
|  78|0x0000000084e00000, 0x0000000084f00000, 0x0000000084f00000|100%| O|  |TAMS 0x0000000084f00000, 0x0000000084e00000| Untracked 
|  79|0x0000000084f00000, 0x0000000085000000, 0x0000000085000000|100%| O|  |TAMS 0x0000000085000000, 0x0000000084f00000| Untracked 
|  80|0x0000000085000000, 0x0000000085100000, 0x0000000085100000|100%| O|  |TAMS 0x0000000085100000, 0x0000000085000000| Untracked 
|  81|0x0000000085100000, 0x0000000085200000, 0x0000000085200000|100%| O|  |TAMS 0x0000000085200000, 0x0000000085100000| Untracked 
|  82|0x0000000085200000, 0x0000000085300000, 0x0000000085300000|100%| O|  |TAMS 0x0000000085300000, 0x0000000085200000| Untracked 
|  83|0x0000000085300000, 0x0000000085400000, 0x0000000085400000|100%| O|  |TAMS 0x0000000085400000, 0x0000000085300000| Untracked 
|  84|0x0000000085400000, 0x0000000085500000, 0x0000000085500000|100%| O|  |TAMS 0x0000000085500000, 0x0000000085400000| Untracked 
|  85|0x0000000085500000, 0x0000000085600000, 0x0000000085600000|100%| O|  |TAMS 0x0000000085600000, 0x0000000085500000| Untracked 
|  86|0x0000000085600000, 0x0000000085700000, 0x0000000085700000|100%| O|  |TAMS 0x0000000085700000, 0x0000000085600000| Untracked 
|  87|0x0000000085700000, 0x0000000085800000, 0x0000000085800000|100%| O|  |TAMS 0x0000000085800000, 0x0000000085700000| Untracked 
|  88|0x0000000085800000, 0x0000000085900000, 0x0000000085900000|100%| O|  |TAMS 0x0000000085900000, 0x0000000085800000| Untracked 
|  89|0x0000000085900000, 0x0000000085a00000, 0x0000000085a00000|100%| O|  |TAMS 0x0000000085a00000, 0x0000000085900000| Untracked 
|  90|0x0000000085a00000, 0x0000000085b00000, 0x0000000085b00000|100%| O|  |TAMS 0x0000000085b00000, 0x0000000085a00000| Untracked 
|  91|0x0000000085b00000, 0x0000000085c00000, 0x0000000085c00000|100%| O|  |TAMS 0x0000000085c00000, 0x0000000085b00000| Untracked 
|  92|0x0000000085c00000, 0x0000000085d00000, 0x0000000085d00000|100%| O|  |TAMS 0x0000000085d00000, 0x0000000085c00000| Untracked 
|  93|0x0000000085d00000, 0x0000000085e00000, 0x0000000085e00000|100%| O|  |TAMS 0x0000000085e00000, 0x0000000085d00000| Untracked 
|  94|0x0000000085e00000, 0x0000000085f00000, 0x0000000085f00000|100%| O|  |TAMS 0x0000000085f00000, 0x0000000085e00000| Untracked 
|  95|0x0000000085f00000, 0x0000000086000000, 0x0000000086000000|100%| O|  |TAMS 0x0000000086000000, 0x0000000085f00000| Untracked 
|  96|0x0000000086000000, 0x0000000086100000, 0x0000000086100000|100%| O|  |TAMS 0x0000000086100000, 0x0000000086000000| Untracked 
|  97|0x0000000086100000, 0x0000000086200000, 0x0000000086200000|100%| O|  |TAMS 0x0000000086200000, 0x0000000086100000| Untracked 
|  98|0x0000000086200000, 0x0000000086300000, 0x0000000086300000|100%| O|  |TAMS 0x0000000086300000, 0x0000000086200000| Untracked 
|  99|0x0000000086300000, 0x0000000086400000, 0x0000000086400000|100%| O|  |TAMS 0x0000000086400000, 0x0000000086300000| Untracked 
| 100|0x0000000086400000, 0x0000000086500000, 0x0000000086500000|100%| O|  |TAMS 0x0000000086500000, 0x0000000086400000| Untracked 
| 101|0x0000000086500000, 0x0000000086600000, 0x0000000086600000|100%| O|  |TAMS 0x0000000086600000, 0x0000000086500000| Untracked 
| 102|0x0000000086600000, 0x0000000086700000, 0x0000000086700000|100%| O|  |TAMS 0x0000000086700000, 0x0000000086600000| Untracked 
| 103|0x0000000086700000, 0x000000008671da00, 0x0000000086800000| 11%| O|  |TAMS 0x000000008671da00, 0x0000000086700000| Untracked 
| 104|0x0000000086800000, 0x0000000086900000, 0x0000000086900000|100%|HS|  |TAMS 0x0000000086800000, 0x0000000086800000| Complete 
| 105|0x0000000086900000, 0x0000000086a00000, 0x0000000086a00000|100%|HC|  |TAMS 0x0000000086900000, 0x0000000086900000| Complete 
| 106|0x0000000086a00000, 0x0000000086a00000, 0x0000000086b00000|  0%| F|  |TAMS 0x0000000086a00000, 0x0000000086a00000| Untracked 
| 107|0x0000000086b00000, 0x0000000086b00000, 0x0000000086c00000|  0%| F|  |TAMS 0x0000000086b00000, 0x0000000086b00000| Untracked 
| 108|0x0000000086c00000, 0x0000000086c00000, 0x0000000086d00000|  0%| F|  |TAMS 0x0000000086c00000, 0x0000000086c00000| Untracked 
| 109|0x0000000086d00000, 0x0000000086d00000, 0x0000000086e00000|  0%| F|  |TAMS 0x0000000086d00000, 0x0000000086d00000| Untracked 
| 110|0x0000000086e00000, 0x0000000086e00000, 0x0000000086f00000|  0%| F|  |TAMS 0x0000000086e00000, 0x0000000086e00000| Untracked 
| 111|0x0000000086f00000, 0x0000000086f00000, 0x0000000087000000|  0%| F|  |TAMS 0x0000000086f00000, 0x0000000086f00000| Untracked 
| 112|0x0000000087000000, 0x0000000087000000, 0x0000000087100000|  0%| F|  |TAMS 0x0000000087000000, 0x0000000087000000| Untracked 
| 113|0x0000000087100000, 0x0000000087100000, 0x0000000087200000|  0%| F|  |TAMS 0x0000000087100000, 0x0000000087100000| Untracked 
| 114|0x0000000087200000, 0x0000000087200000, 0x0000000087300000|  0%| F|  |TAMS 0x0000000087200000, 0x0000000087200000| Untracked 
| 115|0x0000000087300000, 0x0000000087300000, 0x0000000087400000|  0%| F|  |TAMS 0x0000000087300000, 0x0000000087300000| Untracked 
| 116|0x0000000087400000, 0x0000000087400000, 0x0000000087500000|  0%| F|  |TAMS 0x0000000087400000, 0x0000000087400000| Untracked 
| 117|0x0000000087500000, 0x0000000087500000, 0x0000000087600000|  0%| F|  |TAMS 0x0000000087500000, 0x0000000087500000| Untracked 
| 118|0x0000000087600000, 0x0000000087600000, 0x0000000087700000|  0%| F|  |TAMS 0x0000000087600000, 0x0000000087600000| Untracked 
| 119|0x0000000087700000, 0x0000000087700000, 0x0000000087800000|  0%| F|  |TAMS 0x0000000087700000, 0x0000000087700000| Untracked 
| 120|0x0000000087800000, 0x0000000087800000, 0x0000000087900000|  0%| F|  |TAMS 0x0000000087800000, 0x0000000087800000| Untracked 
| 121|0x0000000087900000, 0x0000000087900000, 0x0000000087a00000|  0%| F|  |TAMS 0x0000000087900000, 0x0000000087900000| Untracked 
| 122|0x0000000087a00000, 0x0000000087a00000, 0x0000000087b00000|  0%| F|  |TAMS 0x0000000087a00000, 0x0000000087a00000| Untracked 
| 123|0x0000000087b00000, 0x0000000087b00000, 0x0000000087c00000|  0%| F|  |TAMS 0x0000000087b00000, 0x0000000087b00000| Untracked 
| 124|0x0000000087c00000, 0x0000000087c00000, 0x0000000087d00000|  0%| F|  |TAMS 0x0000000087c00000, 0x0000000087c00000| Untracked 
| 125|0x0000000087d00000, 0x0000000087d00000, 0x0000000087e00000|  0%| F|  |TAMS 0x0000000087d00000, 0x0000000087d00000| Untracked 
| 126|0x0000000087e00000, 0x0000000087e00000, 0x0000000087f00000|  0%| F|  |TAMS 0x0000000087e00000, 0x0000000087e00000| Untracked 
| 127|0x0000000087f00000, 0x0000000087f00000, 0x0000000088000000|  0%| F|  |TAMS 0x0000000087f00000, 0x0000000087f00000| Untracked 
| 128|0x0000000088000000, 0x0000000088000000, 0x0000000088100000|  0%| F|  |TAMS 0x0000000088000000, 0x0000000088000000| Untracked 
| 129|0x0000000088100000, 0x0000000088100000, 0x0000000088200000|  0%| F|  |TAMS 0x0000000088100000, 0x0000000088100000| Untracked 
| 130|0x0000000088200000, 0x0000000088200000, 0x0000000088300000|  0%| F|  |TAMS 0x0000000088200000, 0x0000000088200000| Untracked 
| 131|0x0000000088300000, 0x0000000088300000, 0x0000000088400000|  0%| F|  |TAMS 0x0000000088300000, 0x0000000088300000| Untracked 
| 132|0x0000000088400000, 0x0000000088400000, 0x0000000088500000|  0%| F|  |TAMS 0x0000000088400000, 0x0000000088400000| Untracked 
| 133|0x0000000088500000, 0x0000000088500000, 0x0000000088600000|  0%| F|  |TAMS 0x0000000088500000, 0x0000000088500000| Untracked 
| 134|0x0000000088600000, 0x0000000088600000, 0x0000000088700000|  0%| F|  |TAMS 0x0000000088600000, 0x0000000088600000| Untracked 
| 135|0x0000000088700000, 0x0000000088700000, 0x0000000088800000|  0%| F|  |TAMS 0x0000000088700000, 0x0000000088700000| Untracked 
| 136|0x0000000088800000, 0x0000000088800000, 0x0000000088900000|  0%| F|  |TAMS 0x0000000088800000, 0x0000000088800000| Untracked 
| 137|0x0000000088900000, 0x0000000088900000, 0x0000000088a00000|  0%| F|  |TAMS 0x0000000088900000, 0x0000000088900000| Untracked 
| 138|0x0000000088a00000, 0x0000000088a00000, 0x0000000088b00000|  0%| F|  |TAMS 0x0000000088a00000, 0x0000000088a00000| Untracked 
| 139|0x0000000088b00000, 0x0000000088b00000, 0x0000000088c00000|  0%| F|  |TAMS 0x0000000088b00000, 0x0000000088b00000| Untracked 
| 140|0x0000000088c00000, 0x0000000088c00000, 0x0000000088d00000|  0%| F|  |TAMS 0x0000000088c00000, 0x0000000088c00000| Untracked 
| 141|0x0000000088d00000, 0x0000000088d00000, 0x0000000088e00000|  0%| F|  |TAMS 0x0000000088d00000, 0x0000000088d00000| Untracked 
| 142|0x0000000088e00000, 0x0000000088e00000, 0x0000000088f00000|  0%| F|  |TAMS 0x0000000088e00000, 0x0000000088e00000| Untracked 
| 143|0x0000000088f00000, 0x0000000088f00000, 0x0000000089000000|  0%| F|  |TAMS 0x0000000088f00000, 0x0000000088f00000| Untracked 
| 144|0x0000000089000000, 0x0000000089000000, 0x0000000089100000|  0%| F|  |TAMS 0x0000000089000000, 0x0000000089000000| Untracked 
| 145|0x0000000089100000, 0x0000000089100000, 0x0000000089200000|  0%| F|  |TAMS 0x0000000089100000, 0x0000000089100000| Untracked 
| 146|0x0000000089200000, 0x0000000089200000, 0x0000000089300000|  0%| F|  |TAMS 0x0000000089200000, 0x0000000089200000| Untracked 
| 147|0x0000000089300000, 0x0000000089300000, 0x0000000089400000|  0%| F|  |TAMS 0x0000000089300000, 0x0000000089300000| Untracked 
| 148|0x0000000089400000, 0x0000000089400000, 0x0000000089500000|  0%| F|  |TAMS 0x0000000089400000, 0x0000000089400000| Untracked 
| 149|0x0000000089500000, 0x0000000089500000, 0x0000000089600000|  0%| F|  |TAMS 0x0000000089500000, 0x0000000089500000| Untracked 
| 150|0x0000000089600000, 0x0000000089600000, 0x0000000089700000|  0%| F|  |TAMS 0x0000000089600000, 0x0000000089600000| Untracked 
| 151|0x0000000089700000, 0x0000000089700000, 0x0000000089800000|  0%| F|  |TAMS 0x0000000089700000, 0x0000000089700000| Untracked 
| 152|0x0000000089800000, 0x0000000089800000, 0x0000000089900000|  0%| F|  |TAMS 0x0000000089800000, 0x0000000089800000| Untracked 
| 153|0x0000000089900000, 0x0000000089900000, 0x0000000089a00000|  0%| F|  |TAMS 0x0000000089900000, 0x0000000089900000| Untracked 
| 154|0x0000000089a00000, 0x0000000089a00000, 0x0000000089b00000|  0%| F|  |TAMS 0x0000000089a00000, 0x0000000089a00000| Untracked 
| 155|0x0000000089b00000, 0x0000000089b00000, 0x0000000089c00000|  0%| F|  |TAMS 0x0000000089b00000, 0x0000000089b00000| Untracked 
| 156|0x0000000089c00000, 0x0000000089c00000, 0x0000000089d00000|  0%| F|  |TAMS 0x0000000089c00000, 0x0000000089c00000| Untracked 
| 157|0x0000000089d00000, 0x0000000089d00000, 0x0000000089e00000|  0%| F|  |TAMS 0x0000000089d00000, 0x0000000089d00000| Untracked 
| 158|0x0000000089e00000, 0x0000000089e00000, 0x0000000089f00000|  0%| F|  |TAMS 0x0000000089e00000, 0x0000000089e00000| Untracked 
| 159|0x0000000089f00000, 0x0000000089f00000, 0x000000008a000000|  0%| F|  |TAMS 0x0000000089f00000, 0x0000000089f00000| Untracked 
| 160|0x000000008a000000, 0x000000008a000000, 0x000000008a100000|  0%| F|  |TAMS 0x000000008a000000, 0x000000008a000000| Untracked 
| 161|0x000000008a100000, 0x000000008a12d740, 0x000000008a200000| 17%| S|CS|TAMS 0x000000008a100000, 0x000000008a100000| Complete 
| 162|0x000000008a200000, 0x000000008a300000, 0x000000008a300000|100%| S|CS|TAMS 0x000000008a200000, 0x000000008a200000| Complete 
| 163|0x000000008a300000, 0x000000008a400000, 0x000000008a400000|100%| S|CS|TAMS 0x000000008a300000, 0x000000008a300000| Complete 
| 164|0x000000008a400000, 0x000000008a500000, 0x000000008a500000|100%| S|CS|TAMS 0x000000008a400000, 0x000000008a400000| Complete 
| 165|0x000000008a500000, 0x000000008a600000, 0x000000008a600000|100%| S|CS|TAMS 0x000000008a500000, 0x000000008a500000| Complete 
| 166|0x000000008a600000, 0x000000008a700000, 0x000000008a700000|100%| S|CS|TAMS 0x000000008a600000, 0x000000008a600000| Complete 
| 167|0x000000008a700000, 0x000000008a800000, 0x000000008a800000|100%| S|CS|TAMS 0x000000008a700000, 0x000000008a700000| Complete 
| 168|0x000000008a800000, 0x000000008a900000, 0x000000008a900000|100%| S|CS|TAMS 0x000000008a800000, 0x000000008a800000| Complete 
| 169|0x000000008a900000, 0x000000008aa00000, 0x000000008aa00000|100%| S|CS|TAMS 0x000000008a900000, 0x000000008a900000| Complete 
| 170|0x000000008aa00000, 0x000000008ab00000, 0x000000008ab00000|100%| S|CS|TAMS 0x000000008aa00000, 0x000000008aa00000| Complete 
| 171|0x000000008ab00000, 0x000000008ab00000, 0x000000008ac00000|  0%| F|  |TAMS 0x000000008ab00000, 0x000000008ab00000| Untracked 
| 172|0x000000008ac00000, 0x000000008ac00000, 0x000000008ad00000|  0%| F|  |TAMS 0x000000008ac00000, 0x000000008ac00000| Untracked 
| 173|0x000000008ad00000, 0x000000008ad00000, 0x000000008ae00000|  0%| F|  |TAMS 0x000000008ad00000, 0x000000008ad00000| Untracked 
| 174|0x000000008ae00000, 0x000000008ae00000, 0x000000008af00000|  0%| F|  |TAMS 0x000000008ae00000, 0x000000008ae00000| Untracked 
| 175|0x000000008af00000, 0x000000008af00000, 0x000000008b000000|  0%| F|  |TAMS 0x000000008af00000, 0x000000008af00000| Untracked 
| 176|0x000000008b000000, 0x000000008b000000, 0x000000008b100000|  0%| F|  |TAMS 0x000000008b000000, 0x000000008b000000| Untracked 
| 177|0x000000008b100000, 0x000000008b100000, 0x000000008b200000|  0%| F|  |TAMS 0x000000008b100000, 0x000000008b100000| Untracked 
| 178|0x000000008b200000, 0x000000008b200000, 0x000000008b300000|  0%| F|  |TAMS 0x000000008b200000, 0x000000008b200000| Untracked 
| 179|0x000000008b300000, 0x000000008b3730d0, 0x000000008b400000| 44%| E|  |TAMS 0x000000008b300000, 0x000000008b300000| Complete 
| 180|0x000000008b400000, 0x000000008b500000, 0x000000008b500000|100%| E|CS|TAMS 0x000000008b400000, 0x000000008b400000| Complete 
| 181|0x000000008b500000, 0x000000008b600000, 0x000000008b600000|100%| E|CS|TAMS 0x000000008b500000, 0x000000008b500000| Complete 
| 182|0x000000008b600000, 0x000000008b700000, 0x000000008b700000|100%| E|  |TAMS 0x000000008b600000, 0x000000008b600000| Complete 
| 183|0x000000008b700000, 0x000000008b800000, 0x000000008b800000|100%| E|CS|TAMS 0x000000008b700000, 0x000000008b700000| Complete 
| 184|0x000000008b800000, 0x000000008b900000, 0x000000008b900000|100%| E|CS|TAMS 0x000000008b800000, 0x000000008b800000| Complete 
| 185|0x000000008b900000, 0x000000008ba00000, 0x000000008ba00000|100%| E|CS|TAMS 0x000000008b900000, 0x000000008b900000| Complete 
| 186|0x000000008ba00000, 0x000000008bb00000, 0x000000008bb00000|100%| E|CS|TAMS 0x000000008ba00000, 0x000000008ba00000| Complete 
| 187|0x000000008bb00000, 0x000000008bc00000, 0x000000008bc00000|100%| E|CS|TAMS 0x000000008bb00000, 0x000000008bb00000| Complete 
| 188|0x000000008bc00000, 0x000000008bd00000, 0x000000008bd00000|100%| E|CS|TAMS 0x000000008bc00000, 0x000000008bc00000| Complete 
| 189|0x000000008bd00000, 0x000000008be00000, 0x000000008be00000|100%| E|CS|TAMS 0x000000008bd00000, 0x000000008bd00000| Complete 
| 190|0x000000008be00000, 0x000000008bf00000, 0x000000008bf00000|100%| E|CS|TAMS 0x000000008be00000, 0x000000008be00000| Complete 
| 191|0x000000008bf00000, 0x000000008c000000, 0x000000008c000000|100%| E|CS|TAMS 0x000000008bf00000, 0x000000008bf00000| Complete 
| 192|0x000000008c000000, 0x000000008c100000, 0x000000008c100000|100%| E|CS|TAMS 0x000000008c000000, 0x000000008c000000| Complete 
| 193|0x000000008c100000, 0x000000008c200000, 0x000000008c200000|100%| E|CS|TAMS 0x000000008c100000, 0x000000008c100000| Complete 
| 194|0x000000008c200000, 0x000000008c300000, 0x000000008c300000|100%| E|CS|TAMS 0x000000008c200000, 0x000000008c200000| Complete 
| 195|0x000000008c300000, 0x000000008c400000, 0x000000008c400000|100%| E|CS|TAMS 0x000000008c300000, 0x000000008c300000| Complete 
| 196|0x000000008c400000, 0x000000008c500000, 0x000000008c500000|100%| E|CS|TAMS 0x000000008c400000, 0x000000008c400000| Complete 
| 197|0x000000008c500000, 0x000000008c600000, 0x000000008c600000|100%| E|CS|TAMS 0x000000008c500000, 0x000000008c500000| Complete 
| 198|0x000000008c600000, 0x000000008c700000, 0x000000008c700000|100%| E|CS|TAMS 0x000000008c600000, 0x000000008c600000| Complete 
| 199|0x000000008c700000, 0x000000008c800000, 0x000000008c800000|100%| E|CS|TAMS 0x000000008c700000, 0x000000008c700000| Complete 
| 200|0x000000008c800000, 0x000000008c900000, 0x000000008c900000|100%| E|CS|TAMS 0x000000008c800000, 0x000000008c800000| Complete 
| 201|0x000000008c900000, 0x000000008ca00000, 0x000000008ca00000|100%| E|CS|TAMS 0x000000008c900000, 0x000000008c900000| Complete 
| 202|0x000000008ca00000, 0x000000008cb00000, 0x000000008cb00000|100%| E|CS|TAMS 0x000000008ca00000, 0x000000008ca00000| Complete 
| 203|0x000000008cb00000, 0x000000008cc00000, 0x000000008cc00000|100%| E|CS|TAMS 0x000000008cb00000, 0x000000008cb00000| Complete 
| 204|0x000000008cc00000, 0x000000008cd00000, 0x000000008cd00000|100%| E|CS|TAMS 0x000000008cc00000, 0x000000008cc00000| Complete 
| 205|0x000000008cd00000, 0x000000008ce00000, 0x000000008ce00000|100%| E|CS|TAMS 0x000000008cd00000, 0x000000008cd00000| Complete 
| 206|0x000000008ce00000, 0x000000008cf00000, 0x000000008cf00000|100%| E|CS|TAMS 0x000000008ce00000, 0x000000008ce00000| Complete 
| 207|0x000000008cf00000, 0x000000008d000000, 0x000000008d000000|100%| E|CS|TAMS 0x000000008cf00000, 0x000000008cf00000| Complete 
| 208|0x000000008d000000, 0x000000008d100000, 0x000000008d100000|100%| E|CS|TAMS 0x000000008d000000, 0x000000008d000000| Complete 
| 209|0x000000008d100000, 0x000000008d200000, 0x000000008d200000|100%| E|CS|TAMS 0x000000008d100000, 0x000000008d100000| Complete 
| 210|0x000000008d200000, 0x000000008d300000, 0x000000008d300000|100%| E|CS|TAMS 0x000000008d200000, 0x000000008d200000| Complete 
| 211|0x000000008d300000, 0x000000008d400000, 0x000000008d400000|100%| E|CS|TAMS 0x000000008d300000, 0x000000008d300000| Complete 
| 212|0x000000008d400000, 0x000000008d500000, 0x000000008d500000|100%| E|CS|TAMS 0x000000008d400000, 0x000000008d400000| Complete 
| 213|0x000000008d500000, 0x000000008d600000, 0x000000008d600000|100%| E|CS|TAMS 0x000000008d500000, 0x000000008d500000| Complete 
| 214|0x000000008d600000, 0x000000008d700000, 0x000000008d700000|100%| E|CS|TAMS 0x000000008d600000, 0x000000008d600000| Complete 
| 215|0x000000008d700000, 0x000000008d800000, 0x000000008d800000|100%| E|CS|TAMS 0x000000008d700000, 0x000000008d700000| Complete 
| 216|0x000000008d800000, 0x000000008d900000, 0x000000008d900000|100%| E|CS|TAMS 0x000000008d800000, 0x000000008d800000| Complete 
| 217|0x000000008d900000, 0x000000008da00000, 0x000000008da00000|100%| E|CS|TAMS 0x000000008d900000, 0x000000008d900000| Complete 
| 218|0x000000008da00000, 0x000000008db00000, 0x000000008db00000|100%| E|CS|TAMS 0x000000008da00000, 0x000000008da00000| Complete 
| 219|0x000000008db00000, 0x000000008dc00000, 0x000000008dc00000|100%| E|CS|TAMS 0x000000008db00000, 0x000000008db00000| Complete 

Card table byte_map: [0x00000264bf3b0000,0x00000264bf7b0000] _byte_map_base: 0x00000264befb0000

Marking Bits (Prev, Next): (CMBitMap*) 0x00000264ac1be790, (CMBitMap*) 0x00000264ac1be758
 Prev Bits: [0x00000264c1bb0000, 0x00000264c3bb0000)
 Next Bits: [0x00000264bfbb0000, 0x00000264c1bb0000)

Polling page: 0x00000264aa0c0000

Metaspace:

Usage:
  Non-class:     89.13 MB capacity,    87.41 MB ( 98%) used,     1.43 MB (  2%) free+waste,   307.63 KB ( <1%) overhead. 
      Class:     14.00 MB capacity,    13.04 MB ( 93%) used,   849.37 KB (  6%) free+waste,   138.25 KB ( <1%) overhead. 
       Both:    103.13 MB capacity,   100.44 MB ( 97%) used,     2.26 MB (  2%) free+waste,   445.88 KB ( <1%) overhead. 

Virtual space:
  Non-class space:       90.00 MB reserved,      89.20 MB (>99%) committed 
      Class space:        1.00 GB reserved,      14.00 MB (  1%) committed 
             Both:        1.09 GB reserved,     103.20 MB (  9%) committed 

Chunk freelists:
   Non-Class:  6.00 KB
       Class:  0 bytes
        Both:  6.00 KB

MaxMetaspaceSize: 17179869184.00 GB
CompressedClassSpaceSize: 1.00 GB

CodeHeap 'non-profiled nmethods': size=120000Kb used=8690Kb max_used=8690Kb free=111309Kb
 bounds [0x00000264b7740000, 0x00000264b7fc0000, 0x00000264bec70000]
CodeHeap 'profiled nmethods': size=120000Kb used=28534Kb max_used=28534Kb free=91465Kb
 bounds [0x00000264b0210000, 0x00000264b1df0000, 0x00000264b7740000]
CodeHeap 'non-nmethods': size=5760Kb used=2348Kb max_used=2382Kb free=3411Kb
 bounds [0x00000264afc70000, 0x00000264afee0000, 0x00000264b0210000]
 total_blobs=13877 nmethods=12921 adapters=867
 compilation: enabled
              stopped_count=0, restarted_count=0
 full_count=0

Compilation events (20 events):
Event: 36.025 Thread 0x00000264c662f000 12972       1       com.android.tools.r8.synthesis.r::a (5 bytes)
Event: 36.025 Thread 0x00000264c662f000 nmethod 12972 0x00000264b7fb6e90 code [0x00000264b7fb7040, 0x00000264b7fb70d8]
Event: 36.025 Thread 0x00000264c662f000 12973       1       com.android.tools.r8.synthesis.r::b (5 bytes)
Event: 36.025 Thread 0x00000264c662f000 nmethod 12973 0x00000264b7fb7190 code [0x00000264b7fb7340, 0x00000264b7fb73d8]
Event: 36.025 Thread 0x00000264c662f000 12975       3       com.android.tools.r8.internal.MG0::get (5 bytes)
Event: 36.025 Thread 0x00000264c662f000 nmethod 12975 0x00000264b0210010 code [0x00000264b02101c0, 0x00000264b0210308]
Event: 36.025 Thread 0x00000264c662f000 12976   !   3       com.android.tools.r8.internal.MG0::a (170 bytes)
Event: 36.026 Thread 0x00000264c662f000 nmethod 12976 0x00000264b1de2390 code [0x00000264b1de25a0, 0x00000264b1de2de8]
Event: 36.026 Thread 0x00000264c662f000 12974       3       com.android.tools.r8.internal.q::next (33 bytes)
Event: 36.026 Thread 0x00000264c662f000 nmethod 12974 0x00000264b1de3090 code [0x00000264b1de3280, 0x00000264b1de35f8]
Event: 36.026 Thread 0x00000264c662f000 12977       3       com.android.tools.r8.graph.i::c (9 bytes)
Event: 36.026 Thread 0x00000264c662f000 nmethod 12977 0x00000264b1de3710 code [0x00000264b1de38e0, 0x00000264b1de3ad8]
Event: 36.033 Thread 0x00000264cda5f000 nmethod 12969 0x00000264b7fb7490 code [0x00000264b7fb7660, 0x00000264b7fb7e38]
Event: 36.033 Thread 0x00000264cda5f000 12971       4       java.lang.Integer::getChars (131 bytes)
Event: 36.035 Thread 0x00000264c662f000 12978       3       java.util.concurrent.atomic.AtomicReference::compareAndSet (10 bytes)
Event: 36.036 Thread 0x00000264c662f000 nmethod 12978 0x00000264b1de3c10 code [0x00000264b1de3ea0, 0x00000264b1de48f8]
Event: 36.038 Thread 0x00000264cda5f000 nmethod 12971 0x00000264b7fb8290 code [0x00000264b7fb8440, 0x00000264b7fb87f8]
Event: 36.038 Thread 0x00000264cda5f000 12967       4       com.google.common.collect.MapMakerInternalMap::get (23 bytes)
Event: 36.040 Thread 0x00000264c662f000 12980       3       com.android.tools.r8.internal.mH0::d (52 bytes)
Event: 36.041 Thread 0x00000264c662f000 nmethod 12980 0x00000264b1de4c90 code [0x00000264b1de4e40, 0x00000264b1de5018]

GC Heap History (20 events):
Event: 14.221 GC heap before
{Heap before GC invocations=27 (full 0):
 garbage-first heap   total 155648K, used 123776K [0x0000000080000000, 0x0000000100000000)
  region size 1024K, 47 young (48128K), 6 survivors (6144K)
 Metaspace       used 86334K, capacity 88637K, committed 88912K, reserved 1126400K
  class space    used 11273K, capacity 12096K, committed 12160K, reserved 1048576K
}
Event: 14.227 GC heap after
{Heap after GC invocations=28 (full 0):
 garbage-first heap   total 155648K, used 85622K [0x0000000080000000, 0x0000000100000000)
  region size 1024K, 5 young (5120K), 5 survivors (5120K)
 Metaspace       used 86334K, capacity 88637K, committed 88912K, reserved 1126400K
  class space    used 11273K, capacity 12096K, committed 12160K, reserved 1048576K
}
Event: 14.538 GC heap before
{Heap before GC invocations=28 (full 0):
 garbage-first heap   total 155648K, used 124534K [0x0000000080000000, 0x0000000100000000)
  region size 1024K, 44 young (45056K), 5 survivors (5120K)
 Metaspace       used 86665K, capacity 88979K, committed 89168K, reserved 1126400K
  class space    used 11291K, capacity 12109K, committed 12160K, reserved 1048576K
}
Event: 14.547 GC heap after
{Heap after GC invocations=29 (full 0):
 garbage-first heap   total 155648K, used 88582K [0x0000000080000000, 0x0000000100000000)
  region size 1024K, 5 young (5120K), 5 survivors (5120K)
 Metaspace       used 86665K, capacity 88979K, committed 89168K, reserved 1126400K
  class space    used 11291K, capacity 12109K, committed 12160K, reserved 1048576K
}
Event: 14.852 GC heap before
{Heap before GC invocations=30 (full 0):
 garbage-first heap   total 155648K, used 125446K [0x0000000080000000, 0x0000000100000000)
  region size 1024K, 42 young (43008K), 5 survivors (5120K)
 Metaspace       used 86763K, capacity 88935K, committed 89424K, reserved 1126400K
  class space    used 11230K, capacity 11989K, committed 12160K, reserved 1048576K
}
Event: 14.859 GC heap after
{Heap after GC invocations=31 (full 0):
 garbage-first heap   total 187392K, used 91632K [0x0000000080000000, 0x0000000100000000)
  region size 1024K, 5 young (5120K), 5 survivors (5120K)
 Metaspace       used 86763K, capacity 88935K, committed 89424K, reserved 1126400K
  class space    used 11230K, capacity 11989K, committed 12160K, reserved 1048576K
}
Event: 15.148 GC heap before
{Heap before GC invocations=31 (full 0):
 garbage-first heap   total 187392K, used 146928K [0x0000000080000000, 0x0000000100000000)
  region size 1024K, 60 young (61440K), 5 survivors (5120K)
 Metaspace       used 86921K, capacity 89090K, committed 89808K, reserved 1126400K
  class space    used 11243K, capacity 12032K, committed 12288K, reserved 1048576K
}
Event: 15.158 GC heap after
{Heap after GC invocations=32 (full 0):
 garbage-first heap   total 187392K, used 95451K [0x0000000080000000, 0x0000000100000000)
  region size 1024K, 8 young (8192K), 8 survivors (8192K)
 Metaspace       used 86921K, capacity 89090K, committed 89808K, reserved 1126400K
  class space    used 11243K, capacity 12032K, committed 12288K, reserved 1048576K
}
Event: 15.660 GC heap before
{Heap before GC invocations=33 (full 0):
 garbage-first heap   total 187392K, used 148699K [0x0000000080000000, 0x0000000100000000)
  region size 1024K, 61 young (62464K), 8 survivors (8192K)
 Metaspace       used 88689K, capacity 90800K, committed 91216K, reserved 1128448K
  class space    used 11500K, capacity 12258K, committed 12416K, reserved 1048576K
}
Event: 15.669 GC heap after
{Heap after GC invocations=34 (full 0):
 garbage-first heap   total 187392K, used 98014K [0x0000000080000000, 0x0000000100000000)
  region size 1024K, 4 young (4096K), 4 survivors (4096K)
 Metaspace       used 88689K, capacity 90800K, committed 91216K, reserved 1128448K
  class space    used 11500K, capacity 12258K, committed 12416K, reserved 1048576K
}
Event: 16.346 GC heap before
{Heap before GC invocations=34 (full 0):
 garbage-first heap   total 187392K, used 152286K [0x0000000080000000, 0x0000000100000000)
  region size 1024K, 57 young (58368K), 4 survivors (4096K)
 Metaspace       used 92596K, capacity 94767K, committed 95312K, reserved 1132544K
  class space    used 11960K, capacity 12746K, committed 12928K, reserved 1048576K
}
Event: 16.360 GC heap after
{Heap after GC invocations=35 (full 0):
 garbage-first heap   total 187392K, used 100920K [0x0000000080000000, 0x0000000100000000)
  region size 1024K, 7 young (7168K), 7 survivors (7168K)
 Metaspace       used 92596K, capacity 94767K, committed 95312K, reserved 1132544K
  class space    used 11960K, capacity 12746K, committed 12928K, reserved 1048576K
}
Event: 17.045 GC heap before
{Heap before GC invocations=36 (full 0):
 garbage-first heap   total 187392K, used 153144K [0x0000000080000000, 0x0000000100000000)
  region size 1024K, 59 young (60416K), 7 survivors (7168K)
 Metaspace       used 93856K, capacity 96109K, committed 96464K, reserved 1132544K
  class space    used 12122K, capacity 12896K, committed 13056K, reserved 1048576K
}
Event: 17.054 GC heap after
{Heap after GC invocations=37 (full 0):
 garbage-first heap   total 187392K, used 103757K [0x0000000080000000, 0x0000000100000000)
  region size 1024K, 7 young (7168K), 7 survivors (7168K)
 Metaspace       used 93856K, capacity 96109K, committed 96464K, reserved 1132544K
  class space    used 12122K, capacity 12896K, committed 13056K, reserved 1048576K
}
Event: 17.258 GC heap before
{Heap before GC invocations=37 (full 0):
 garbage-first heap   total 187392K, used 153933K [0x0000000080000000, 0x0000000100000000)
  region size 1024K, 57 young (58368K), 7 survivors (7168K)
 Metaspace       used 94623K, capacity 96842K, committed 97104K, reserved 1132544K
  class space    used 12218K, capacity 13011K, committed 13184K, reserved 1048576K
}
Event: 17.268 GC heap after
{Heap after GC invocations=38 (full 0):
 garbage-first heap   total 225280K, used 107290K [0x0000000080000000, 0x0000000100000000)
  region size 1024K, 7 young (7168K), 7 survivors (7168K)
 Metaspace       used 94623K, capacity 96842K, committed 97104K, reserved 1132544K
  class space    used 12218K, capacity 13011K, committed 13184K, reserved 1048576K
}
Event: 23.961 GC heap before
{Heap before GC invocations=39 (full 0):
 garbage-first heap   total 225280K, used 173850K [0x0000000080000000, 0x0000000100000000)
  region size 1024K, 73 young (74752K), 7 survivors (7168K)
 Metaspace       used 95827K, capacity 98258K, committed 98512K, reserved 1134592K
  class space    used 12418K, capacity 13278K, committed 13312K, reserved 1048576K
}
Event: 23.968 GC heap after
{Heap after GC invocations=40 (full 0):
 garbage-first heap   total 225280K, used 110786K [0x0000000080000000, 0x0000000100000000)
  region size 1024K, 8 young (8192K), 8 survivors (8192K)
 Metaspace       used 95827K, capacity 98258K, committed 98512K, reserved 1134592K
  class space    used 12418K, capacity 13278K, committed 13312K, reserved 1048576K
}
Event: 35.610 GC heap before
{Heap before GC invocations=40 (full 0):
 garbage-first heap   total 225280K, used 158914K [0x0000000080000000, 0x0000000100000000)
  region size 1024K, 57 young (58368K), 8 survivors (8192K)
 Metaspace       used 97338K, capacity 99877K, committed 100048K, reserved 1136640K
  class space    used 12561K, capacity 13473K, committed 13568K, reserved 1048576K
}
Event: 35.617 GC heap after
{Heap after GC invocations=41 (full 0):
 garbage-first heap   total 225280K, used 114988K [0x0000000080000000, 0x0000000100000000)
  region size 1024K, 10 young (10240K), 10 survivors (10240K)
 Metaspace       used 97338K, capacity 99877K, committed 100048K, reserved 1136640K
  class space    used 12561K, capacity 13473K, committed 13568K, reserved 1048576K
}

Deoptimization events (20 events):
Event: 35.948 Thread 0x00000264cda65000 Uncommon trap: trap_request=0xffffff4d fr.pc=0x00000264b7f9eb8c relative=0x000000000000006c
Event: 35.948 Thread 0x00000264cda65000 Uncommon trap: reason=unstable_if action=reinterpret pc=0x00000264b7f9eb8c method=com.android.tools.r8.graph.W0.a(C[BI)I @ 1 c2
Event: 35.948 Thread 0x00000264cda65000 DEOPT PACKING pc=0x00000264b7f9eb8c sp=0x000000d229ffca90
Event: 35.948 Thread 0x00000264cda65000 DEOPT UNPACKING pc=0x00000264afc783af sp=0x000000d229ffca30 mode 2
Event: 35.976 Thread 0x00000264cda65000 Uncommon trap: trap_request=0xffffffbe fr.pc=0x00000264b7e7c9bc relative=0x000000000000163c
Event: 35.976 Thread 0x00000264cda65000 Uncommon trap: reason=profile_predicate action=maybe_recompile pc=0x00000264b7e7c9bc method=com.google.common.collect.MapMakerInternalMap$Segment.expand()V @ 56 c2
Event: 35.976 Thread 0x00000264cda65000 DEOPT PACKING pc=0x00000264b7e7c9bc sp=0x000000d229ffb610
Event: 35.976 Thread 0x00000264cda65000 DEOPT UNPACKING pc=0x00000264afc783af sp=0x000000d229ffb5d8 mode 2
Event: 35.976 Thread 0x00000264cda65000 Uncommon trap: trap_request=0xffffffbe fr.pc=0x00000264b7e7c9bc relative=0x000000000000163c
Event: 35.976 Thread 0x00000264cda65000 Uncommon trap: reason=profile_predicate action=maybe_recompile pc=0x00000264b7e7c9bc method=com.google.common.collect.MapMakerInternalMap$Segment.expand()V @ 56 c2
Event: 35.976 Thread 0x00000264cda65000 DEOPT PACKING pc=0x00000264b7e7c9bc sp=0x000000d229ffb610
Event: 35.976 Thread 0x00000264cda65000 DEOPT UNPACKING pc=0x00000264afc783af sp=0x000000d229ffb5d8 mode 2
Event: 35.976 Thread 0x00000264cda65000 Uncommon trap: trap_request=0xffffffbe fr.pc=0x00000264b7e7c9bc relative=0x000000000000163c
Event: 35.976 Thread 0x00000264cda65000 Uncommon trap: reason=profile_predicate action=maybe_recompile pc=0x00000264b7e7c9bc method=com.google.common.collect.MapMakerInternalMap$Segment.expand()V @ 56 c2
Event: 35.976 Thread 0x00000264cda65000 DEOPT PACKING pc=0x00000264b7e7c9bc sp=0x000000d229ffb610
Event: 35.976 Thread 0x00000264cda65000 DEOPT UNPACKING pc=0x00000264afc783af sp=0x000000d229ffb5d8 mode 2
Event: 35.987 Thread 0x00000264cda65000 Uncommon trap: trap_request=0xffffffbe fr.pc=0x00000264b7e7c9bc relative=0x000000000000163c
Event: 35.987 Thread 0x00000264cda65000 Uncommon trap: reason=profile_predicate action=maybe_recompile pc=0x00000264b7e7c9bc method=com.google.common.collect.MapMakerInternalMap$Segment.expand()V @ 56 c2
Event: 35.987 Thread 0x00000264cda65000 DEOPT PACKING pc=0x00000264b7e7c9bc sp=0x000000d229ffb310
Event: 35.987 Thread 0x00000264cda65000 DEOPT UNPACKING pc=0x00000264afc783af sp=0x000000d229ffb2d8 mode 2

Classes redefined (0 events):
No events

Internal exceptions (20 events):
Event: 23.941 Thread 0x00000264ccbf6800 Exception <a 'java/lang/NoSuchMethodError'{0x0000000089bbd930}: <clinit>> (0x0000000089bbd930) thrown at [./src/hotspot/share/prims/jni.cpp, line 1362]
Event: 23.969 Thread 0x00000264ccbf6800 Exception <a 'java/lang/NoSuchMethodError'{0x000000008dba9970}: <clinit>> (0x000000008dba9970) thrown at [./src/hotspot/share/prims/jni.cpp, line 1362]
Event: 24.033 Thread 0x00000264cda63000 Exception <a 'java/lang/NoSuchMethodError'{0x000000008d9b9a18}: 'java.lang.Object java.lang.invoke.DirectMethodHandle$Holder.invokeStatic(java.lang.Object, java.lang.Object, java.lang.Object, java.lang.Object, java.lang.Object, java.lang.Object, java.lang.Object, java.lang.Object, java.lang.Object, java.lang.Object, java.lang.Object, java.lang.Object, java.lang.Object, int)'> (0x000000008d9b9a18) thrown at [./src/hotspot/share/interpreter/linkResolver.cpp, line 773]
Event: 24.035 Thread 0x00000264cda63000 Exception <a 'java/lang/NoSuchMethodError'{0x000000008d9c6c28}: 'java.lang.Object java.lang.invoke.DirectMethodHandle$Holder.invokeStatic(java.lang.Object, java.lang.Object, java.lang.Object, java.lang.Object, java.lang.Object, java.lang.Object, java.lang.Object, java.lang.Object, java.lang.Object, java.lang.Object, java.lang.Object, java.lang.Object, java.lang.Object, int, int)'> (0x000000008d9c6c28) thrown at [./src/hotspot/share/interpreter/linkResolver.cpp, line 773]
Event: 35.292 Thread 0x00000264ccbf4000 Exception <a 'java/lang/NoSuchMethodError'{0x000000008d3c5bd8}: 'void java.lang.invoke.DirectMethodHandle$Holder.invokeStatic(java.lang.Object, java.lang.Object, java.lang.Object, java.lang.Object, java.lang.Object, java.lang.Object, java.lang.Object)'> (0x000000008d3c5bd8) thrown at [./src/hotspot/share/interpreter/linkResolver.cpp, line 773]
Event: 35.297 Thread 0x00000264c8902800 Exception <a 'java/lang/NoSuchMethodError'{0x000000008d26d3d8}: <clinit>> (0x000000008d26d3d8) thrown at [./src/hotspot/share/prims/jni.cpp, line 1362]
Event: 35.504 Thread 0x00000264ccbf4000 Exception <a 'java/lang/NoSuchMethodError'{0x000000008ae69b28}: <clinit>> (0x000000008ae69b28) thrown at [./src/hotspot/share/prims/jni.cpp, line 1362]
Event: 35.506 Thread 0x00000264ccbf4000 Exception <a 'java/lang/NoSuchMethodError'{0x000000008ae9b750}: <clinit>> (0x000000008ae9b750) thrown at [./src/hotspot/share/prims/jni.cpp, line 1362]
Event: 35.507 Thread 0x00000264ccbf4000 Exception <a 'java/lang/NoSuchMethodError'{0x000000008aeab370}: <clinit>> (0x000000008aeab370) thrown at [./src/hotspot/share/prims/jni.cpp, line 1362]
Event: 35.649 Thread 0x00000264ccbf6800 Exception <a 'sun/nio/fs/WindowsException'{0x000000008d9e2038}> (0x000000008d9e2038) thrown at [./src/hotspot/share/prims/jni.cpp, line 615]
Event: 35.731 Thread 0x00000264ccbf4000 Exception <a 'java/lang/NoSuchMethodError'{0x000000008d2d2018}: <clinit>> (0x000000008d2d2018) thrown at [./src/hotspot/share/prims/jni.cpp, line 1362]
Event: 35.823 Thread 0x00000264cda65000 Exception <a 'sun/nio/fs/WindowsException'{0x000000008c469c90}> (0x000000008c469c90) thrown at [./src/hotspot/share/prims/jni.cpp, line 615]
Event: 35.823 Thread 0x00000264ccbf6800 Exception <a 'sun/nio/fs/WindowsException'{0x000000008c474a68}> (0x000000008c474a68) thrown at [./src/hotspot/share/prims/jni.cpp, line 615]
Event: 35.918 Thread 0x00000264ccbf6800 Exception <a 'java/lang/NoSuchMethodError'{0x000000008be05c48}: 'java.lang.Object java.lang.invoke.DirectMethodHandle$Holder.invokeStaticInit(java.lang.Object, java.lang.Object, java.lang.Object, java.lang.Object, java.lang.Object, java.lang.Object, java.lang.Object, java.lang.Object, java.lang.Object, java.lang.Object, java.lang.Object, java.lang.Object, java.lang.Object, java.lang.Object, java.lang.Object, java.lang.Object, java.lang.Object, java.lang.Object, int, java.lang.Object, java.lang.Object)'> (0
Event: 35.936 Thread 0x00000264cda65000 Exception <a 'java/lang/IncompatibleClassChangeError'{0x000000008bd221b8}: Found class java.lang.Object, but interface was expected> (0x000000008bd221b8) thrown at [./src/hotspot/share/interpreter/linkResolver.cpp, line 839]
Event: 35.936 Thread 0x00000264ccbf6800 Exception <a 'java/lang/IncompatibleClassChangeError'{0x000000008be9a308}: Found class java.lang.Object, but interface was expected> (0x000000008be9a308) thrown at [./src/hotspot/share/interpreter/linkResolver.cpp, line 839]
Event: 35.996 Thread 0x00000264cda65000 Exception <a 'java/lang/NoSuchMethodError'{0x000000008b967c68}: 'int java.lang.invoke.DirectMethodHandle$Holder.invokeVirtual(java.lang.Object, java.lang.Object, java.lang.Object, java.lang.Object)'> (0x000000008b967c68) thrown at [./src/hotspot/share/interpreter/linkResolver.cpp, line 773]
Event: 35.996 Thread 0x00000264ccbf6800 Exception <a 'java/lang/NoSuchMethodError'{0x000000008b952558}: 'int java.lang.invoke.DirectMethodHandle$Holder.invokeVirtual(java.lang.Object, java.lang.Object, java.lang.Object, java.lang.Object)'> (0x000000008b952558) thrown at [./src/hotspot/share/interpreter/linkResolver.cpp, line 773]
Event: 36.034 Thread 0x00000264cda65000 Exception <a 'java/lang/IncompatibleClassChangeError'{0x000000008b7e3f28}: Found class java.lang.Object, but interface was expected> (0x000000008b7e3f28) thrown at [./src/hotspot/share/interpreter/linkResolver.cpp, line 839]
Event: 36.034 Thread 0x00000264ccbf6800 Exception <a 'java/lang/IncompatibleClassChangeError'{0x000000008b7d0ed0}: Found class java.lang.Object, but interface was expected> (0x000000008b7d0ed0) thrown at [./src/hotspot/share/interpreter/linkResolver.cpp, line 839]

Events (20 events):
Event: 36.042 loading class com/android/tools/r8/ir/conversion/q
Event: 36.042 loading class com/android/tools/r8/ir/conversion/q done
Event: 36.043 loading class com/android/tools/r8/internal/O31
Event: 36.043 loading class com/android/tools/r8/internal/O31 done
Event: 36.043 loading class com/android/tools/r8/internal/cE0
Event: 36.043 loading class com/android/tools/r8/internal/cE0 done
Event: 36.043 loading class com/android/tools/r8/internal/O31
Event: 36.043 loading class com/android/tools/r8/internal/O31 done
Event: 36.043 loading class com/android/tools/r8/ir/conversion/E
Event: 36.043 loading class com/android/tools/r8/ir/conversion/E done
Event: 36.044 loading class com/android/tools/r8/shaking/F0
Event: 36.044 loading class com/android/tools/r8/shaking/F0 done
Event: 36.044 loading class com/android/tools/r8/internal/wE0
Event: 36.044 loading class com/android/tools/r8/internal/wE0 done
Event: 36.044 loading class com/android/tools/r8/internal/En1
Event: 36.044 loading class com/android/tools/r8/internal/En1 done
Event: 36.044 loading class com/android/tools/r8/internal/Ce1
Event: 36.044 loading class com/android/tools/r8/internal/Ce1 done
Event: 36.044 loading class com/android/tools/r8/internal/u71
Event: 36.044 loading class com/android/tools/r8/internal/u71 done


Dynamic libraries:
0x00007ff651a20000 - 0x00007ff651a2a000 	D:\Program Files\Android\jre\bin\java.exe
0x00007ffb4e6c0000 - 0x00007ffb4e8b0000 	C:\Windows\SYSTEM32\ntdll.dll
0x00007ffb4d4e0000 - 0x00007ffb4d592000 	C:\Windows\System32\KERNEL32.DLL
0x00007ffb4bfd0000 - 0x00007ffb4c273000 	C:\Windows\System32\KERNELBASE.dll
0x00007ffb4c560000 - 0x00007ffb4c65a000 	C:\Windows\System32\ucrtbase.dll
0x00007ffb47ad0000 - 0x00007ffb47ae7000 	D:\Program Files\Android\jre\bin\VCRUNTIME140.dll
0x00007ffb47ab0000 - 0x00007ffb47ac9000 	D:\Program Files\Android\jre\bin\jli.dll
0x00007ffb4da10000 - 0x00007ffb4dba4000 	C:\Windows\System32\USER32.dll
0x00007ffb38480000 - 0x00007ffb38705000 	C:\Windows\WinSxS\amd64_microsoft.windows.common-controls_6595b64144ccf1df_6.0.18362.535_none_e6c3b34713100821\COMCTL32.dll
0x00007ffb4bf50000 - 0x00007ffb4bf71000 	C:\Windows\System32\win32u.dll
0x00007ffb4e620000 - 0x00007ffb4e6be000 	C:\Windows\System32\msvcrt.dll
0x00007ffb4dcd0000 - 0x00007ffb4dcf6000 	C:\Windows\System32\GDI32.dll
0x00007ffb4c280000 - 0x00007ffb4c414000 	C:\Windows\System32\gdi32full.dll
0x00007ffb4e070000 - 0x00007ffb4e3a6000 	C:\Windows\System32\combase.dll
0x00007ffb4c420000 - 0x00007ffb4c4be000 	C:\Windows\System32\msvcp_win.dll
0x00007ffb4df50000 - 0x00007ffb4e070000 	C:\Windows\System32\RPCRT4.dll
0x00007ffb4c4c0000 - 0x00007ffb4c540000 	C:\Windows\System32\bcryptPrimitives.dll
0x00007ffb4d610000 - 0x00007ffb4d63e000 	C:\Windows\System32\IMM32.DLL
0x00007ffb3ad00000 - 0x00007ffb3ad9d000 	D:\Program Files\Android\jre\bin\msvcp140.dll
0x00007ffb1c500000 - 0x00007ffb1cfd5000 	D:\Program Files\Android\jre\bin\server\jvm.dll
0x00007ffb4dbb0000 - 0x00007ffb4dc53000 	C:\Windows\System32\ADVAPI32.dll
0x00007ffb4dd00000 - 0x00007ffb4dd97000 	C:\Windows\System32\sechost.dll
0x00007ffb4dc60000 - 0x00007ffb4dc68000 	C:\Windows\System32\PSAPI.DLL
0x00007ffb47be0000 - 0x00007ffb47be9000 	C:\Windows\SYSTEM32\WSOCK32.dll
0x00007ffb491e0000 - 0x00007ffb49204000 	C:\Windows\SYSTEM32\WINMM.dll
0x00007ffb4e500000 - 0x00007ffb4e56f000 	C:\Windows\System32\WS2_32.dll
0x00007ffb451d0000 - 0x00007ffb451da000 	C:\Windows\SYSTEM32\VERSION.dll
0x00007ffb490d0000 - 0x00007ffb490fd000 	C:\Windows\SYSTEM32\winmmbase.dll
0x00007ffb4bf80000 - 0x00007ffb4bfca000 	C:\Windows\System32\cfgmgr32.dll
0x00007ffb4b5e0000 - 0x00007ffb4b5f1000 	C:\Windows\System32\kernel.appcore.dll
0x00007ffb47bc0000 - 0x00007ffb47bd1000 	D:\Program Files\Android\jre\bin\verify.dll
0x00007ffb49ef0000 - 0x00007ffb4a0e4000 	C:\Windows\SYSTEM32\DBGHELP.DLL
0x00007ffb35c10000 - 0x00007ffb35c3a000 	C:\Windows\SYSTEM32\dbgcore.DLL
0x00007ffb47b90000 - 0x00007ffb47bb9000 	D:\Program Files\Android\jre\bin\java.dll
0x00007ffb47b80000 - 0x00007ffb47b8b000 	D:\Program Files\Android\jre\bin\jimage.dll
0x00007ffb46a50000 - 0x00007ffb46a68000 	D:\Program Files\Android\jre\bin\zip.dll
0x00007ffb4c7b0000 - 0x00007ffb4ce95000 	C:\Windows\System32\SHELL32.dll
0x00007ffb4e570000 - 0x00007ffb4e619000 	C:\Windows\System32\shcore.dll
0x00007ffb4b690000 - 0x00007ffb4be0f000 	C:\Windows\System32\windows.storage.dll
0x00007ffb4b650000 - 0x00007ffb4b66f000 	C:\Windows\System32\profapi.dll
0x00007ffb4b600000 - 0x00007ffb4b64a000 	C:\Windows\System32\powrprof.dll
0x00007ffb4b5d0000 - 0x00007ffb4b5e0000 	C:\Windows\System32\UMPDC.dll
0x00007ffb4d480000 - 0x00007ffb4d4d2000 	C:\Windows\System32\shlwapi.dll
0x00007ffb4c540000 - 0x00007ffb4c557000 	C:\Windows\System32\cryptsp.dll
0x00007ffb464d0000 - 0x00007ffb464ea000 	D:\Program Files\Android\jre\bin\net.dll
0x00007ffb3ba00000 - 0x00007ffb3baf0000 	C:\Windows\SYSTEM32\WINHTTP.dll
0x00007ffb4ae40000 - 0x00007ffb4aea7000 	C:\Windows\system32\mswsock.dll
0x00007ffb464b0000 - 0x00007ffb464c4000 	D:\Program Files\Android\jre\bin\nio.dll
0x00007ffb43ef0000 - 0x00007ffb43f17000 	D:\ProgramsfilesD\Android\Sdk\native\e1d6ef7f7dcc3fd88c89a11ec53ec762bb8ba0a96d01ffa2cd45eb1d1d8dd5c5\windows-amd64\native-platform.dll
0x00007ffb36a00000 - 0x00007ffb36b44000 	D:\ProgramsfilesD\Android\Sdk\native\5664cfc778a61ccfe75a443a1ab52a65af34e5dc3c78e0209fed803814484fcb\windows-amd64\native-platform-file-events.dll
0x00007ffb47b30000 - 0x00007ffb47b3a000 	D:\Program Files\Android\jre\bin\management.dll
0x00007ffb45ec0000 - 0x00007ffb45ecd000 	D:\Program Files\Android\jre\bin\management_ext.dll
0x00007ffb4a9b0000 - 0x00007ffb4a9e3000 	C:\Windows\system32\rsaenh.dll
0x00007ffb4bf20000 - 0x00007ffb4bf46000 	C:\Windows\System32\bcrypt.dll
0x00007ffb4b4c0000 - 0x00007ffb4b4e5000 	C:\Windows\SYSTEM32\USERENV.dll
0x00007ffb4b010000 - 0x00007ffb4b01c000 	C:\Windows\SYSTEM32\CRYPTBASE.dll
0x00007ffb4ab50000 - 0x00007ffb4ab8a000 	C:\Windows\SYSTEM32\IPHLPAPI.DLL
0x00007ffb4d310000 - 0x00007ffb4d318000 	C:\Windows\System32\NSI.dll
0x00007ffb43b40000 - 0x00007ffb43b56000 	C:\Windows\SYSTEM32\dhcpcsvc6.DLL
0x00007ffb44240000 - 0x00007ffb4425c000 	C:\Windows\SYSTEM32\dhcpcsvc.DLL
0x00007ffb4ab90000 - 0x00007ffb4ac5a000 	C:\Windows\SYSTEM32\DNSAPI.dll
0x00007ffb43480000 - 0x00007ffb4349e000 	C:\Temp\native-platform4450276208969694711dir\native-platform.dll
0x00007ffb43f20000 - 0x00007ffb43f28000 	D:\Program Files\Android\jre\bin\rmi.dll
0x00007ffb4a630000 - 0x00007ffb4a661000 	C:\Windows\SYSTEM32\ntmarta.dll

dbghelp: loaded successfully - version: 4.0.5 - missing functions: none
symbol engine: initialized successfully - sym options: 0x614 - pdb path: .;D:\Program Files\Android\jre\bin;C:\Windows\SYSTEM32;C:\Windows\WinSxS\amd64_microsoft.windows.common-controls_6595b64144ccf1df_6.0.18362.535_none_e6c3b34713100821;D:\Program Files\Android\jre\bin\server;D:\ProgramsfilesD\Android\Sdk\native\e1d6ef7f7dcc3fd88c89a11ec53ec762bb8ba0a96d01ffa2cd45eb1d1d8dd5c5\windows-amd64;D:\ProgramsfilesD\Android\Sdk\native\5664cfc778a61ccfe75a443a1ab52a65af34e5dc3c78e0209fed803814484fcb\windows-amd64;C:\Temp\native-platform4450276208969694711dir

VM Arguments:
jvm_args: --add-opens=java.base/java.util=ALL-UNNAMED --add-opens=java.base/java.lang=ALL-UNNAMED --add-opens=java.base/java.lang.invoke=ALL-UNNAMED --add-opens=java.base/java.util=ALL-UNNAMED --add-opens=java.prefs/java.util.prefs=ALL-UNNAMED --add-opens=java.prefs/java.util.prefs=ALL-UNNAMED --add-opens=java.base/java.nio.charset=ALL-UNNAMED --add-opens=java.base/java.net=ALL-UNNAMED --add-opens=java.base/java.util.concurrent.atomic=ALL-UNNAMED -Xmx2048m -Dfile.encoding=UTF-8 -Duser.country=RU -Duser.language=ru -Duser.variant 
java_command: org.gradle.launcher.daemon.bootstrap.GradleDaemon 7.2
java_class_path (initial): D:\ProgramsfilesD\Android\Sdk\wrapper\dists\gradle-7.2-bin\2dnblmf4td7x66yl1d74lt32g\gradle-7.2\lib\gradle-launcher-7.2.jar
Launcher Type: SUN_STANDARD

[Global flags]
     intx CICompilerCount                          = 4                                         {product} {ergonomic}
     uint ConcGCThreads                            = 2                                         {product} {ergonomic}
     uint G1ConcRefinementThreads                  = 8                                         {product} {ergonomic}
   size_t G1HeapRegionSize                         = 1048576                                   {product} {ergonomic}
    uintx GCDrainStackTargetSize                   = 64                                        {product} {ergonomic}
   size_t InitialHeapSize                          = 132120576                                 {product} {ergonomic}
   size_t MarkStackSize                            = 4194304                                   {product} {ergonomic}
   size_t MaxHeapSize                              = 2147483648                                {product} {command line}
   size_t MaxNewSize                               = 1287651328                                {product} {ergonomic}
   size_t MinHeapDeltaBytes                        = 1048576                                   {product} {ergonomic}
    uintx NonNMethodCodeHeapSize                   = 5836300                                {pd product} {ergonomic}
    uintx NonProfiledCodeHeapSize                  = 122910970                              {pd product} {ergonomic}
    uintx ProfiledCodeHeapSize                     = 122910970                              {pd product} {ergonomic}
    uintx ReservedCodeCacheSize                    = 251658240                              {pd product} {ergonomic}
     bool SegmentedCodeCache                       = true                                      {product} {ergonomic}
     bool UseCompressedClassPointers               = true                                 {lp64_product} {ergonomic}
     bool UseCompressedOops                        = true                                 {lp64_product} {ergonomic}
     bool UseG1GC                                  = true                                      {product} {ergonomic}
     bool UseLargePagesIndividualAllocation        = false                                  {pd product} {ergonomic}

Logging:
Log output configuration:
 #0: stdout all=warning uptime,level,tags
 #1: stderr all=off uptime,level,tags

Environment Variables:
JAVA_HOME=D:\Program Files\Java
PATH=C:\PROGRA~2\Borland\CBUILD~1\Bin;C:\PROGRA~2\Borland\CBUILD~1\Projects\Bpl;C:\Program Files\Common Files\Oracle\Java\javapath;C:\Windows\system32;C:\Windows;C:\Windows\System32\Wbem;C:\Windows\System32\WindowsPowerShell\v1.0\;C:\Program Files (x86)\NVIDIA Corporation\PhysX\Common;C:\Program Files\NVIDIA Corporation\NVIDIA NvDLISR;C:\Program Files\Microsoft\Web Platform Installer\;C:\Program Files (x86)\Microsoft ASP.NET\ASP.NET Web Pages\v1.0\;C:\Program Files\Microsoft SQL Server\110\Tools\Binn\;C:\Program Files\Git\cmd;C:\Users\asus\AppData\Local\Programs\Python\Python310\Scripts\;C:\Users\asus\AppData\Local\Programs\Python\Python310\;C:\Users\asus\AppData\Local\Microsoft\WindowsApps;;D:\Program Files\JetBrains\IntelliJ IDEA Community Edition 2020.3\bin;
USERNAME=asus
OS=Windows_NT
PROCESSOR_IDENTIFIER=Intel64 Family 6 Model 126 Stepping 5, GenuineIntel



---------------  S Y S T E M  ---------------

OS: Windows 10 , 64 bit Build 18362 (10.0.18362.329)
OS uptime: 0 days 2:02 hours

CPU:total 8 (initial active 8) (4 cores per cpu, 2 threads per core) family 6 model 126 stepping 5 microcode 0x96, cmov, cx8, fxsr, mmx, sse, sse2, sse3, ssse3, sse4.1, sse4.2, popcnt, avx, avx2, aes, clmul, erms, 3dnowpref, lzcnt, ht, tsc, tscinvbit, bmi1, bmi2, adx, evex, sha, fma

Memory: 4k page, system-wide physical 7997M (452M free)
TotalPageFile size 7997M (AvailPageFile size 4M)
current process WorkingSet (physical memory assigned to process): 514M, peak: 515M
current process commit charge ("private bytes"): 554M, peak: 558M

vm_info: OpenJDK 64-Bit Server VM (11.0.11+9-b60-7590822) for windows-amd64 JRE (11.0.11+9-b60-7590822), built on Jul 29 2021 21:43:44 by "builder" with MS VC++ 14.0 (VS2015)

END.
