#
# There is insufficient memory for the Java Runtime Environment to continue.
# Native memory allocation (malloc) failed to allocate 1813936 bytes for Chunk::new
# Possible reasons:
#   The system is out of physical RAM or swap space
#   The process is running with CompressedOops enabled, and the Java Heap may be blocking the growth of the native heap
# Possible solutions:
#   Reduce memory load on the system
#   Increase physical memory or swap space
#   Check if swap backing store is full
#   Decrease Java heap size (-Xmx/-Xms)
#   Decrease number of Java threads
#   Decrease Java thread stack sizes (-Xss)
#   Set larger code cache with -XX:ReservedCodeCacheSize=
#   JVM is running with Unscaled Compressed Oops mode in which the Java heap is
#     placed in the first 4GB address space. The Java Heap base address is the
#     maximum limit for the native heap growth. Please use -XX:HeapBaseMinAddress
#     to set the Java Heap base and to place the Java Heap above 4GB virtual address.
# This output file may be truncated or incomplete.
#
#  Out of Memory Error (./src/hotspot/share/memory/arena.cpp:197), pid=11868, tid=11708
#
# JRE version: OpenJDK Runtime Environment (11.0.11+9) (build 11.0.11+9-b60-7590822)
# Java VM: OpenJDK 64-Bit Server VM (11.0.11+9-b60-7590822, mixed mode, tiered, compressed oops, g1 gc, windows-amd64)
# No core dump will be written. Minidumps are not enabled by default on client versions of Windows
#

---------------  S U M M A R Y ------------

Command Line: --add-opens=java.base/java.util=ALL-UNNAMED --add-opens=java.base/java.lang=ALL-UNNAMED --add-opens=java.base/java.lang.invoke=ALL-UNNAMED --add-opens=java.base/java.util=ALL-UNNAMED --add-opens=java.prefs/java.util.prefs=ALL-UNNAMED --add-opens=java.prefs/java.util.prefs=ALL-UNNAMED --add-opens=java.base/java.nio.charset=ALL-UNNAMED --add-opens=java.base/java.net=ALL-UNNAMED --add-opens=java.base/java.util.concurrent.atomic=ALL-UNNAMED -Xmx2048m -Dfile.encoding=UTF-8 -Duser.country=RU -Duser.language=ru -Duser.variant org.gradle.launcher.daemon.bootstrap.GradleDaemon 7.2

Host: Intel(R) Core(TM) i7-1065G7 CPU @ 1.30GHz, 8 cores, 7G,  Windows 10 , 64 bit Build 18362 (10.0.18362.329)
Time: Fri May 20 16:17:05 2022 Caiaaiay Acey (ceia) elapsed time: 17.321741 seconds (0d 0h 0m 17s)

---------------  T H R E A D  ---------------

Current thread (0x00000203b5736800):  JavaThread "C2 CompilerThread2" daemon [_thread_in_native, id=11708, stack(0x0000005c43a00000,0x0000005c43b00000)]


Current CompileTask:
C2:  17321 11749 %     4       com.android.tools.r8.dex.r::m @ 64 (2110 bytes)

Stack: [0x0000005c43a00000,0x0000005c43b00000]
Native frames: (J=compiled Java code, j=interpreted, Vv=VM code, C=native code)
V  [jvm.dll+0x5f214a]
V  [jvm.dll+0x726fb5]
V  [jvm.dll+0x7285cd]
V  [jvm.dll+0x728c83]
V  [jvm.dll+0x243278]
V  [jvm.dll+0xbc53c]
V  [jvm.dll+0xbca3c]
V  [jvm.dll+0x353e7d]
V  [jvm.dll+0x321893]
V  [jvm.dll+0x320d8a]
V  [jvm.dll+0x1fc1e2]
V  [jvm.dll+0x1fb3d4]
V  [jvm.dll+0x183d6c]
V  [jvm.dll+0x209a57]
V  [jvm.dll+0x2082a1]
V  [jvm.dll+0x6ef58f]
V  [jvm.dll+0x6e80b5]
V  [jvm.dll+0x5f1036]
C  [ucrtbase.dll+0x20e72]
C  [KERNEL32.DLL+0x17bd4]
C  [ntdll.dll+0x6ced1]


---------------  P R O C E S S  ---------------

Threads class SMR info:
_java_thread_list=0x00000203b7536370, length=148, elements={
0x00000203914fa000, 0x00000203ab9b4000, 0x00000203ab9aa000, 0x00000203ac1e4000,
0x00000203ac1e9800, 0x00000203ac1ea800, 0x00000203ac1ec800, 0x00000203ac1ef800,
0x00000203ac1f0800, 0x00000203ac39d800, 0x00000203ae0e6000, 0x00000203ad1be000,
0x00000203adcb1800, 0x00000203ade42800, 0x00000203acde6800, 0x00000203adc94800,
0x00000203ae537800, 0x00000203ae599000, 0x00000203aed34000, 0x00000203aee7e000,
0x00000203aee7b000, 0x00000203aee7b800, 0x00000203aee7f000, 0x00000203aee7d800,
0x00000203aee7c800, 0x00000203aee79800, 0x00000203aee80000, 0x00000203aee7a000,
0x00000203b01f6000, 0x00000203b01f8000, 0x00000203b01fa800, 0x00000203b01f8800,
0x00000203b01f4800, 0x00000203b01fb000, 0x00000203b01f7000, 0x00000203b01f5800,
0x00000203b0201000, 0x00000203b0201800, 0x00000203b01fc000, 0x00000203b01fd800,
0x00000203b01fd000, 0x00000203b0202800, 0x00000203b01fe800, 0x00000203b01ff000,
0x00000203b0200000, 0x00000203afb92000, 0x00000203afb91800, 0x00000203afb90800,
0x00000203afb94000, 0x00000203afb94800, 0x00000203afb8f000, 0x00000203afb93000,
0x00000203afb95800, 0x00000203afb8f800, 0x00000203afb9b000, 0x00000203afb9c000,
0x00000203afb99800, 0x00000203afb97000, 0x00000203afb98800, 0x00000203afb9a800,
0x00000203afb96000, 0x00000203afb9d000, 0x00000203afb9d800, 0x00000203afb98000,
0x00000203aedde800, 0x00000203aeddd000, 0x00000203aeddf800, 0x00000203aede0000,
0x00000203aedde000, 0x00000203aedda800, 0x00000203aede1000, 0x00000203aeddb800,
0x00000203aeddc000, 0x00000203b0164800, 0x00000203b0168800, 0x00000203b0165800,
0x00000203b0167000, 0x00000203b0166000, 0x00000203b016a000, 0x00000203b016b000,
0x00000203b0168000, 0x00000203b0169800, 0x00000203b01db000, 0x00000203b01da000,
0x00000203b01d7800, 0x00000203b01dc000, 0x00000203b01d8800, 0x00000203b01d9800,
0x00000203b01dc800, 0x00000203b01d7000, 0x00000203b01e0000, 0x00000203b01de000,
0x00000203b01e0800, 0x00000203b01df000, 0x00000203b01e1800, 0x00000203b01e3000,
0x00000203b01dd800, 0x00000203b01e4000, 0x00000203b01e5800, 0x00000203b01e2800,
0x00000203b01e5000, 0x00000203b1c8b000, 0x00000203b1c87000, 0x00000203b1c8d000,
0x00000203b1c8c000, 0x00000203b1c88800, 0x00000203b1c8d800, 0x00000203b1c88000,
0x00000203b1c8e800, 0x00000203b1c8f000, 0x00000203b1c89800, 0x00000203b1c90000,
0x00000203b1c8a800, 0x00000203b1c92800, 0x00000203b1c95000, 0x00000203b1c93800,
0x00000203b1c91000, 0x00000203b1c94000, 0x00000203b1c96000, 0x00000203b1c91800,
0x00000203b2373800, 0x00000203b2375000, 0x00000203ac4a6000, 0x00000203b5736800,
0x00000203b2377800, 0x00000203b2374000, 0x00000203b237a800, 0x00000203b237a000,
0x00000203b237b800, 0x00000203b2375800, 0x00000203b2379000, 0x00000203b2376800,
0x00000203b237e000, 0x00000203b237c800, 0x00000203b2378000, 0x00000203b2381000,
0x00000203b237e800, 0x00000203b237f800, 0x00000203b2380800, 0x00000203b53d7000,
0x00000203b53d8800, 0x00000203b53d9800, 0x00000203b53da000, 0x00000203b53db000,
0x00000203b53dc000, 0x00000203b53dc800, 0x00000203b53dd800, 0x00000203b53d8000
}

Java Threads: ( => current thread )
  0x00000203914fa000 JavaThread "main" [_thread_blocked, id=3152, stack(0x0000005c40e00000,0x0000005c40f00000)]
  0x00000203ab9b4000 JavaThread "Reference Handler" daemon [_thread_blocked, id=11064, stack(0x0000005c41500000,0x0000005c41600000)]
  0x00000203ab9aa000 JavaThread "Finalizer" daemon [_thread_blocked, id=4164, stack(0x0000005c41600000,0x0000005c41700000)]
  0x00000203ac1e4000 JavaThread "Signal Dispatcher" daemon [_thread_blocked, id=7164, stack(0x0000005c41700000,0x0000005c41800000)]
  0x00000203ac1e9800 JavaThread "Attach Listener" daemon [_thread_blocked, id=2340, stack(0x0000005c41800000,0x0000005c41900000)]
  0x00000203ac1ea800 JavaThread "Service Thread" daemon [_thread_blocked, id=9872, stack(0x0000005c41900000,0x0000005c41a00000)]
  0x00000203ac1ec800 JavaThread "C2 CompilerThread0" daemon [_thread_in_native, id=4020, stack(0x0000005c41a00000,0x0000005c41b00000)]
  0x00000203ac1ef800 JavaThread "C1 CompilerThread0" daemon [_thread_blocked, id=6728, stack(0x0000005c41b00000,0x0000005c41c00000)]
  0x00000203ac1f0800 JavaThread "Sweeper thread" daemon [_thread_blocked, id=9360, stack(0x0000005c41c00000,0x0000005c41d00000)]
  0x00000203ac39d800 JavaThread "Common-Cleaner" daemon [_thread_blocked, id=1204, stack(0x0000005c41d00000,0x0000005c41e00000)]
  0x00000203ae0e6000 JavaThread "Daemon health stats" [_thread_blocked, id=3780, stack(0x0000005c42300000,0x0000005c42400000)]
  0x00000203ad1be000 JavaThread "Incoming local TCP Connector on port 62992" [_thread_in_native, id=10860, stack(0x0000005c42000000,0x0000005c42100000)]
  0x00000203adcb1800 JavaThread "Daemon periodic checks" [_thread_blocked, id=3884, stack(0x0000005c42400000,0x0000005c42500000)]
  0x00000203ade42800 JavaThread "Daemon" [_thread_blocked, id=5188, stack(0x0000005c42500000,0x0000005c42600000)]
  0x00000203acde6800 JavaThread "Handler for socket connection from /127.0.0.1:62992 to /127.0.0.1:62993" [_thread_in_native, id=4384, stack(0x0000005c42600000,0x0000005c42700000)]
  0x00000203adc94800 JavaThread "Cancel handler" [_thread_blocked, id=10884, stack(0x0000005c42700000,0x0000005c42800000)]
  0x00000203ae537800 JavaThread "Daemon worker" [_thread_blocked, id=11216, stack(0x0000005c42800000,0x0000005c42900000)]
  0x00000203ae599000 JavaThread "Asynchronous log dispatcher for DefaultDaemonConnection: socket connection from /127.0.0.1:62992 to /127.0.0.1:62993" [_thread_blocked, id=1228, stack(0x0000005c42900000,0x0000005c42a00000)]
  0x00000203aed34000 JavaThread "Stdin handler" [_thread_blocked, id=11268, stack(0x0000005c42a00000,0x0000005c42b00000)]
  0x00000203aee7e000 JavaThread "Daemon client event forwarder" [_thread_blocked, id=8000, stack(0x0000005c42b00000,0x0000005c42c00000)]
  0x00000203aee7b000 JavaThread "Cache worker for journal cache (D:\ProgramsfilesD\Android\Sdk\caches\journal-1)" [_thread_blocked, id=8732, stack(0x0000005c43100000,0x0000005c43200000)]
  0x00000203aee7b800 JavaThread "File lock request listener" [_thread_in_native, id=10576, stack(0x0000005c43200000,0x0000005c43300000)]
  0x00000203aee7f000 JavaThread "Cache worker for file hash cache (D:\ProgramsfilesD\Android\Sdk\caches\7.2\fileHashes)" [_thread_blocked, id=9524, stack(0x0000005c43300000,0x0000005c43400000)]
  0x00000203aee7d800 JavaThread "Cache worker for file hash cache (D:\NotesApp\.gradle\7.2\fileHashes)" [_thread_blocked, id=10620, stack(0x0000005c43500000,0x0000005c43600000)]
  0x00000203aee7c800 JavaThread "File watcher server" daemon [_thread_in_native, id=8516, stack(0x0000005c43600000,0x0000005c43700000)]
  0x00000203aee79800 JavaThread "File watcher consumer" daemon [_thread_blocked, id=3560, stack(0x0000005c43700000,0x0000005c43800000)]
  0x00000203aee80000 JavaThread "Cache worker for checksums cache (D:\NotesApp\.gradle\checksums)" [_thread_blocked, id=7368, stack(0x0000005c43800000,0x0000005c43900000)]
  0x00000203aee7a000 JavaThread "Cache worker for cache directory md-supplier (D:\ProgramsfilesD\Android\Sdk\caches\7.2\md-supplier)" [_thread_blocked, id=1512, stack(0x0000005c43900000,0x0000005c43a00000)]
  0x00000203b01f6000 JavaThread "Cache worker for cache directory md-rule (D:\ProgramsfilesD\Android\Sdk\caches\7.2\md-rule)" [_thread_blocked, id=8696, stack(0x0000005c43b00000,0x0000005c43c00000)]
  0x00000203b01f8000 JavaThread "Cache worker for execution history cache (D:\ProgramsfilesD\Android\Sdk\caches\7.2\executionHistory)" [_thread_blocked, id=3020, stack(0x0000005c43c00000,0x0000005c43d00000)]
  0x00000203b01fa800 JavaThread "jar transforms" [_thread_blocked, id=9412, stack(0x0000005c43d00000,0x0000005c43e00000)]
  0x00000203b01f8800 JavaThread "Cache worker for file content cache (D:\ProgramsfilesD\Android\Sdk\caches\7.2\fileContent)" [_thread_blocked, id=11220, stack(0x0000005c43e00000,0x0000005c43f00000)]
  0x00000203b01f4800 JavaThread "jar transforms Thread 2" [_thread_blocked, id=8420, stack(0x0000005c43f00000,0x0000005c44000000)]
  0x00000203b01fb000 JavaThread "Cache worker for dependencies-accessors (D:\NotesApp\.gradle\7.2\dependencies-accessors)" [_thread_blocked, id=1168, stack(0x0000005c44000000,0x0000005c44100000)]
  0x00000203b01f7000 JavaThread "jar transforms Thread 3" [_thread_blocked, id=736, stack(0x0000005c44100000,0x0000005c44200000)]
  0x00000203b01f5800 JavaThread "Cache worker for Build Output Cleanup Cache (D:\NotesApp\.gradle\buildOutputCleanup)" [_thread_blocked, id=3804, stack(0x0000005c44200000,0x0000005c44300000)]
  0x00000203b0201000 JavaThread "Unconstrained build operations" [_thread_blocked, id=2152, stack(0x0000005c44300000,0x0000005c44400000)]
  0x00000203b0201800 JavaThread "Unconstrained build operations Thread 2" [_thread_blocked, id=9004, stack(0x0000005c44400000,0x0000005c44500000)]
  0x00000203b01fc000 JavaThread "Unconstrained build operations Thread 3" [_thread_blocked, id=7748, stack(0x0000005c44500000,0x0000005c44600000)]
  0x00000203b01fd800 JavaThread "Unconstrained build operations Thread 4" [_thread_blocked, id=2888, stack(0x0000005c44600000,0x0000005c44700000)]
  0x00000203b01fd000 JavaThread "Unconstrained build operations Thread 5" [_thread_blocked, id=1592, stack(0x0000005c44700000,0x0000005c44800000)]
  0x00000203b0202800 JavaThread "Unconstrained build operations Thread 6" [_thread_blocked, id=6768, stack(0x0000005c44800000,0x0000005c44900000)]
  0x00000203b01fe800 JavaThread "Unconstrained build operations Thread 7" [_thread_blocked, id=10708, stack(0x0000005c44900000,0x0000005c44a00000)]
  0x00000203b01ff000 JavaThread "Unconstrained build operations Thread 8" [_thread_blocked, id=12148, stack(0x0000005c44a00000,0x0000005c44b00000)]
  0x00000203b0200000 JavaThread "Unconstrained build operations Thread 9" [_thread_blocked, id=5368, stack(0x0000005c44b00000,0x0000005c44c00000)]
  0x00000203afb92000 JavaThread "Unconstrained build operations Thread 10" [_thread_blocked, id=11752, stack(0x0000005c44c00000,0x0000005c44d00000)]
  0x00000203afb91800 JavaThread "Unconstrained build operations Thread 11" [_thread_blocked, id=5904, stack(0x0000005c44d00000,0x0000005c44e00000)]
  0x00000203afb90800 JavaThread "Unconstrained build operations Thread 12" [_thread_blocked, id=9100, stack(0x0000005c44e00000,0x0000005c44f00000)]
  0x00000203afb94000 JavaThread "Unconstrained build operations Thread 13" [_thread_blocked, id=10228, stack(0x0000005c44f00000,0x0000005c45000000)]
  0x00000203afb94800 JavaThread "Unconstrained build operations Thread 14" [_thread_blocked, id=11652, stack(0x0000005c45000000,0x0000005c45100000)]
  0x00000203afb8f000 JavaThread "Unconstrained build operations Thread 15" [_thread_blocked, id=10096, stack(0x0000005c45100000,0x0000005c45200000)]
  0x00000203afb93000 JavaThread "Unconstrained build operations Thread 16" [_thread_blocked, id=11944, stack(0x0000005c45200000,0x0000005c45300000)]
  0x00000203afb95800 JavaThread "Unconstrained build operations Thread 17" [_thread_blocked, id=12280, stack(0x0000005c45300000,0x0000005c45400000)]
  0x00000203afb8f800 JavaThread "Unconstrained build operations Thread 18" [_thread_blocked, id=10744, stack(0x0000005c45400000,0x0000005c45500000)]
  0x00000203afb9b000 JavaThread "Unconstrained build operations Thread 19" [_thread_blocked, id=1916, stack(0x0000005c45500000,0x0000005c45600000)]
  0x00000203afb9c000 JavaThread "Unconstrained build operations Thread 20" [_thread_blocked, id=3652, stack(0x0000005c45600000,0x0000005c45700000)]
  0x00000203afb99800 JavaThread "Unconstrained build operations Thread 21" [_thread_blocked, id=6488, stack(0x0000005c45700000,0x0000005c45800000)]
  0x00000203afb97000 JavaThread "Unconstrained build operations Thread 22" [_thread_blocked, id=7988, stack(0x0000005c45800000,0x0000005c45900000)]
  0x00000203afb98800 JavaThread "Unconstrained build operations Thread 23" [_thread_blocked, id=4784, stack(0x0000005c45900000,0x0000005c45a00000)]
  0x00000203afb9a800 JavaThread "Unconstrained build operations Thread 24" [_thread_blocked, id=7704, stack(0x0000005c45a00000,0x0000005c45b00000)]
  0x00000203afb96000 JavaThread "Unconstrained build operations Thread 25" [_thread_blocked, id=756, stack(0x0000005c45b00000,0x0000005c45c00000)]
  0x00000203afb9d000 JavaThread "Unconstrained build operations Thread 26" [_thread_blocked, id=11524, stack(0x0000005c45c00000,0x0000005c45d00000)]
  0x00000203afb9d800 JavaThread "Unconstrained build operations Thread 27" [_thread_blocked, id=11496, stack(0x0000005c45d00000,0x0000005c45e00000)]
  0x00000203afb98000 JavaThread "Unconstrained build operations Thread 28" [_thread_blocked, id=7896, stack(0x0000005c45e00000,0x0000005c45f00000)]
  0x00000203aedde800 JavaThread "Unconstrained build operations Thread 29" [_thread_blocked, id=8804, stack(0x0000005c45f00000,0x0000005c46000000)]
  0x00000203aeddd000 JavaThread "Unconstrained build operations Thread 30" [_thread_blocked, id=11500, stack(0x0000005c46000000,0x0000005c46100000)]
  0x00000203aeddf800 JavaThread "Unconstrained build operations Thread 31" [_thread_blocked, id=10080, stack(0x0000005c46100000,0x0000005c46200000)]
  0x00000203aede0000 JavaThread "Unconstrained build operations Thread 32" [_thread_blocked, id=3908, stack(0x0000005c46200000,0x0000005c46300000)]
  0x00000203aedde000 JavaThread "Unconstrained build operations Thread 33" [_thread_blocked, id=1796, stack(0x0000005c46300000,0x0000005c46400000)]
  0x00000203aedda800 JavaThread "Unconstrained build operations Thread 34" [_thread_blocked, id=9352, stack(0x0000005c46400000,0x0000005c46500000)]
  0x00000203aede1000 JavaThread "Unconstrained build operations Thread 35" [_thread_blocked, id=10772, stack(0x0000005c46500000,0x0000005c46600000)]
  0x00000203aeddb800 JavaThread "Unconstrained build operations Thread 36" [_thread_blocked, id=1888, stack(0x0000005c46600000,0x0000005c46700000)]
  0x00000203aeddc000 JavaThread "Unconstrained build operations Thread 37" [_thread_blocked, id=4076, stack(0x0000005c46700000,0x0000005c46800000)]
  0x00000203b0164800 JavaThread "Unconstrained build operations Thread 38" [_thread_blocked, id=3348, stack(0x0000005c46800000,0x0000005c46900000)]
  0x00000203b0168800 JavaThread "Unconstrained build operations Thread 39" [_thread_blocked, id=11044, stack(0x0000005c46900000,0x0000005c46a00000)]
  0x00000203b0165800 JavaThread "Unconstrained build operations Thread 40" [_thread_blocked, id=11384, stack(0x0000005c46a00000,0x0000005c46b00000)]
  0x00000203b0167000 JavaThread "Unconstrained build operations Thread 41" [_thread_blocked, id=11912, stack(0x0000005c46b00000,0x0000005c46c00000)]
  0x00000203b0166000 JavaThread "Unconstrained build operations Thread 42" [_thread_blocked, id=3420, stack(0x0000005c46c00000,0x0000005c46d00000)]
  0x00000203b016a000 JavaThread "Unconstrained build operations Thread 43" [_thread_blocked, id=10088, stack(0x0000005c46d00000,0x0000005c46e00000)]
  0x00000203b016b000 JavaThread "Unconstrained build operations Thread 44" [_thread_blocked, id=3860, stack(0x0000005c46e00000,0x0000005c46f00000)]
  0x00000203b0168000 JavaThread "Unconstrained build operations Thread 45" [_thread_blocked, id=10556, stack(0x0000005c46f00000,0x0000005c47000000)]
  0x00000203b0169800 JavaThread "Unconstrained build operations Thread 46" [_thread_blocked, id=2184, stack(0x0000005c47000000,0x0000005c47100000)]
  0x00000203b01db000 JavaThread "Unconstrained build operations Thread 47" [_thread_blocked, id=9320, stack(0x0000005c47100000,0x0000005c47200000)]
  0x00000203b01da000 JavaThread "Unconstrained build operations Thread 48" [_thread_blocked, id=5100, stack(0x0000005c47200000,0x0000005c47300000)]
  0x00000203b01d7800 JavaThread "Unconstrained build operations Thread 49" [_thread_blocked, id=3480, stack(0x0000005c47300000,0x0000005c47400000)]
  0x00000203b01dc000 JavaThread "Unconstrained build operations Thread 50" [_thread_blocked, id=3928, stack(0x0000005c47400000,0x0000005c47500000)]
  0x00000203b01d8800 JavaThread "Unconstrained build operations Thread 51" [_thread_blocked, id=8776, stack(0x0000005c47500000,0x0000005c47600000)]
  0x00000203b01d9800 JavaThread "Unconstrained build operations Thread 52" [_thread_blocked, id=3576, stack(0x0000005c47600000,0x0000005c47700000)]
  0x00000203b01dc800 JavaThread "Unconstrained build operations Thread 53" [_thread_blocked, id=2684, stack(0x0000005c47700000,0x0000005c47800000)]
  0x00000203b01d7000 JavaThread "Unconstrained build operations Thread 54" [_thread_blocked, id=12128, stack(0x0000005c47800000,0x0000005c47900000)]
  0x00000203b01e0000 JavaThread "Unconstrained build operations Thread 55" [_thread_blocked, id=7428, stack(0x0000005c47900000,0x0000005c47a00000)]
  0x00000203b01de000 JavaThread "Unconstrained build operations Thread 56" [_thread_blocked, id=10996, stack(0x0000005c47a00000,0x0000005c47b00000)]
  0x00000203b01e0800 JavaThread "Unconstrained build operations Thread 57" [_thread_blocked, id=11160, stack(0x0000005c47b00000,0x0000005c47c00000)]
  0x00000203b01df000 JavaThread "Unconstrained build operations Thread 58" [_thread_blocked, id=1912, stack(0x0000005c47c00000,0x0000005c47d00000)]
  0x00000203b01e1800 JavaThread "Unconstrained build operations Thread 59" [_thread_blocked, id=10764, stack(0x0000005c47d00000,0x0000005c47e00000)]
  0x00000203b01e3000 JavaThread "Unconstrained build operations Thread 60" [_thread_blocked, id=1688, stack(0x0000005c47e00000,0x0000005c47f00000)]
  0x00000203b01dd800 JavaThread "Unconstrained build operations Thread 61" [_thread_blocked, id=1124, stack(0x0000005c47f00000,0x0000005c48000000)]
  0x00000203b01e4000 JavaThread "Unconstrained build operations Thread 62" [_thread_blocked, id=6396, stack(0x0000005c48000000,0x0000005c48100000)]
  0x00000203b01e5800 JavaThread "Unconstrained build operations Thread 63" [_thread_blocked, id=4684, stack(0x0000005c48100000,0x0000005c48200000)]
  0x00000203b01e2800 JavaThread "Unconstrained build operations Thread 64" [_thread_blocked, id=6712, stack(0x0000005c48200000,0x0000005c48300000)]
  0x00000203b01e5000 JavaThread "Unconstrained build operations Thread 65" [_thread_blocked, id=1580, stack(0x0000005c48300000,0x0000005c48400000)]
  0x00000203b1c8b000 JavaThread "Unconstrained build operations Thread 66" [_thread_blocked, id=1600, stack(0x0000005c48400000,0x0000005c48500000)]
  0x00000203b1c87000 JavaThread "Unconstrained build operations Thread 67" [_thread_blocked, id=9972, stack(0x0000005c48500000,0x0000005c48600000)]
  0x00000203b1c8d000 JavaThread "Unconstrained build operations Thread 68" [_thread_blocked, id=2256, stack(0x0000005c48600000,0x0000005c48700000)]
  0x00000203b1c8c000 JavaThread "Unconstrained build operations Thread 69" [_thread_blocked, id=5268, stack(0x0000005c48700000,0x0000005c48800000)]
  0x00000203b1c88800 JavaThread "Unconstrained build operations Thread 70" [_thread_blocked, id=2160, stack(0x0000005c48800000,0x0000005c48900000)]
  0x00000203b1c8d800 JavaThread "Unconstrained build operations Thread 71" [_thread_blocked, id=5064, stack(0x0000005c48900000,0x0000005c48a00000)]
  0x00000203b1c88000 JavaThread "Unconstrained build operations Thread 72" [_thread_blocked, id=1572, stack(0x0000005c48a00000,0x0000005c48b00000)]
  0x00000203b1c8e800 JavaThread "Unconstrained build operations Thread 73" [_thread_blocked, id=9544, stack(0x0000005c48b00000,0x0000005c48c00000)]
  0x00000203b1c8f000 JavaThread "Unconstrained build operations Thread 74" [_thread_blocked, id=12144, stack(0x0000005c48c00000,0x0000005c48d00000)]
  0x00000203b1c89800 JavaThread "Unconstrained build operations Thread 75" [_thread_blocked, id=12008, stack(0x0000005c48d00000,0x0000005c48e00000)]
  0x00000203b1c90000 JavaThread "Unconstrained build operations Thread 76" [_thread_blocked, id=2948, stack(0x0000005c48e00000,0x0000005c48f00000)]
  0x00000203b1c8a800 JavaThread "Unconstrained build operations Thread 77" [_thread_blocked, id=1376, stack(0x0000005c48f00000,0x0000005c49000000)]
  0x00000203b1c92800 JavaThread "Unconstrained build operations Thread 78" [_thread_blocked, id=11968, stack(0x0000005c49000000,0x0000005c49100000)]
  0x00000203b1c95000 JavaThread "Unconstrained build operations Thread 79" [_thread_blocked, id=7400, stack(0x0000005c49100000,0x0000005c49200000)]
  0x00000203b1c93800 JavaThread "Unconstrained build operations Thread 80" [_thread_blocked, id=10832, stack(0x0000005c49200000,0x0000005c49300000)]
  0x00000203b1c91000 JavaThread "jar transforms Thread 4" [_thread_blocked, id=10052, stack(0x0000005c49300000,0x0000005c49400000)]
  0x00000203b1c94000 JavaThread "jar transforms Thread 5" [_thread_blocked, id=11920, stack(0x0000005c49400000,0x0000005c49500000)]
  0x00000203b1c96000 JavaThread "jar transforms Thread 6" [_thread_blocked, id=10592, stack(0x0000005c49500000,0x0000005c49600000)]
  0x00000203b1c91800 JavaThread "jar transforms Thread 7" [_thread_blocked, id=3272, stack(0x0000005c49600000,0x0000005c49700000)]
  0x00000203b2373800 JavaThread "jar transforms Thread 8" [_thread_blocked, id=4640, stack(0x0000005c49700000,0x0000005c49800000)]
  0x00000203b2375000 JavaThread "Memory manager" [_thread_blocked, id=5556, stack(0x0000005c49800000,0x0000005c49900000)]
  0x00000203ac4a6000 JavaThread "C2 CompilerThread1" daemon [_thread_blocked, id=10452, stack(0x0000005c41f00000,0x0000005c42000000)]
=>0x00000203b5736800 JavaThread "C2 CompilerThread2" daemon [_thread_in_native, id=11708, stack(0x0000005c43a00000,0x0000005c43b00000)]
  0x00000203b2377800 JavaThread "build event listener" [_thread_blocked, id=11732, stack(0x0000005c49900000,0x0000005c49a00000)]
  0x00000203b2374000 JavaThread "Execution worker for ':'" [_thread_blocked, id=11680, stack(0x0000005c49a00000,0x0000005c49b00000)]
  0x00000203b237a800 JavaThread "Execution worker for ':' Thread 2" [_thread_blocked, id=2740, stack(0x0000005c49b00000,0x0000005c49c00000)]
  0x00000203b237a000 JavaThread "Execution worker for ':' Thread 3" [_thread_blocked, id=2932, stack(0x0000005c49c00000,0x0000005c49d00000)]
  0x00000203b237b800 JavaThread "Execution worker for ':' Thread 4" [_thread_blocked, id=2800, stack(0x0000005c49d00000,0x0000005c49e00000)]
  0x00000203b2375800 JavaThread "Execution worker for ':' Thread 5" [_thread_blocked, id=752, stack(0x0000005c49e00000,0x0000005c49f00000)]
  0x00000203b2379000 JavaThread "Execution worker for ':' Thread 6" [_thread_blocked, id=6756, stack(0x0000005c49f00000,0x0000005c4a000000)]
  0x00000203b2376800 JavaThread "Execution worker for ':' Thread 7" [_thread_blocked, id=12040, stack(0x0000005c4a000000,0x0000005c4a100000)]
  0x00000203b237e000 JavaThread "Cache worker for execution history cache (D:\NotesApp\.gradle\7.2\executionHistory)" [_thread_blocked, id=11344, stack(0x0000005c4a100000,0x0000005c4a200000)]
  0x00000203b237c800 JavaThread "WorkerExecutor Queue" [_thread_blocked, id=4728, stack(0x0000005c4a200000,0x0000005c4a300000)]
  0x00000203b2378000 JavaThread "WorkerExecutor Queue Thread 2" [_thread_blocked, id=4148, stack(0x0000005c4a300000,0x0000005c4a400000)]
  0x00000203b2381000 JavaThread "pool-3-thread-1" [_thread_blocked, id=3984, stack(0x0000005c4a400000,0x0000005c4a500000)]
  0x00000203b237e800 JavaThread "stderr" [_thread_in_native, id=11004, stack(0x0000005c4a500000,0x0000005c4a600000)]
  0x00000203b237f800 JavaThread "stdout" [_thread_in_native, id=10624, stack(0x0000005c4a600000,0x0000005c4a700000)]
  0x00000203b2380800 JavaThread "WorkerExecutor Queue Thread 3" [_thread_blocked, id=10944, stack(0x0000005c4a700000,0x0000005c4a800000)]
  0x00000203b53d7000 JavaThread "WorkerExecutor Queue Thread 4" [_thread_blocked, id=5984, stack(0x0000005c4a800000,0x0000005c4a900000)]
  0x00000203b53d8800 JavaThread "ForkJoinPool-1-worker-3" daemon [_thread_in_vm, id=8568, stack(0x0000005c4ac00000,0x0000005c4ad00000)]
  0x00000203b53d9800 JavaThread "ForkJoinPool-1-worker-5" daemon [_thread_in_vm, id=804, stack(0x0000005c4ad00000,0x0000005c4ae00000)]
  0x00000203b53da000 JavaThread "ForkJoinPool-1-worker-7" daemon [_thread_in_vm, id=9408, stack(0x0000005c4ae00000,0x0000005c4af00000)]
  0x00000203b53db000 JavaThread "ForkJoinPool-1-worker-9" daemon [_thread_blocked, id=8460, stack(0x0000005c4af00000,0x0000005c4b000000)]
  0x00000203b53dc000 JavaThread "ForkJoinPool-1-worker-11" daemon [_thread_in_vm, id=7752, stack(0x0000005c4b000000,0x0000005c4b100000)]
  0x00000203b53dc800 JavaThread "ForkJoinPool-1-worker-13" daemon [_thread_blocked, id=1780, stack(0x0000005c4b100000,0x0000005c4b200000)]
  0x00000203b53dd800 JavaThread "ForkJoinPool-1-worker-15" daemon [_thread_in_vm, id=11488, stack(0x0000005c4b200000,0x0000005c4b300000)]
  0x00000203b53d8000 JavaThread "ForkJoinPool-1-worker-1" daemon [_thread_blocked, id=7800, stack(0x0000005c4b300000,0x0000005c4b400000)]

Other Threads:
  0x00000203ab9a1000 VMThread "VM Thread" [stack: 0x0000005c41400000,0x0000005c41500000] [id=7616]
  0x00000203ac39f000 WatcherThread [stack: 0x0000005c41e00000,0x0000005c41f00000] [id=9860]
  0x0000020391512800 GCTaskThread "GC Thread#0" [stack: 0x0000005c40f00000,0x0000005c41000000] [id=11296]
  0x00000203acc41000 GCTaskThread "GC Thread#1" [stack: 0x0000005c42100000,0x0000005c42200000] [id=2396]
  0x00000203ad151000 GCTaskThread "GC Thread#2" [stack: 0x0000005c42200000,0x0000005c42300000] [id=9996]
  0x00000203aee57800 GCTaskThread "GC Thread#3" [stack: 0x0000005c42c00000,0x0000005c42d00000] [id=8788]
  0x00000203ad4e3800 GCTaskThread "GC Thread#4" [stack: 0x0000005c42d00000,0x0000005c42e00000] [id=6840]
  0x00000203aedaa000 GCTaskThread "GC Thread#5" [stack: 0x0000005c42e00000,0x0000005c42f00000] [id=9436]
  0x00000203ae23d800 GCTaskThread "GC Thread#6" [stack: 0x0000005c42f00000,0x0000005c43000000] [id=10992]
  0x00000203ad369000 GCTaskThread "GC Thread#7" [stack: 0x0000005c43000000,0x0000005c43100000] [id=3424]
  0x0000020391548000 ConcurrentGCThread "G1 Main Marker" [stack: 0x0000005c41000000,0x0000005c41100000] [id=4588]
  0x0000020391549800 ConcurrentGCThread "G1 Conc#0" [stack: 0x0000005c41100000,0x0000005c41200000] [id=10608]
  0x00000203af5cd800 ConcurrentGCThread "G1 Conc#1" [stack: 0x0000005c43400000,0x0000005c43500000] [id=1216]
  0x00000203ab80b800 ConcurrentGCThread "G1 Refine#0" [stack: 0x0000005c41200000,0x0000005c41300000] [id=3404]
  0x00000203b1515000 ConcurrentGCThread "G1 Refine#1" [stack: 0x0000005c4a900000,0x0000005c4aa00000] [id=2000]
  0x00000203b1513000 ConcurrentGCThread "G1 Refine#2" [stack: 0x0000005c4aa00000,0x0000005c4ab00000] [id=11056]
  0x00000203b1516800 ConcurrentGCThread "G1 Refine#3" [stack: 0x0000005c4ab00000,0x0000005c4ac00000] [id=1256]
  0x00000203ab80c800 ConcurrentGCThread "G1 Young RemSet Sampling" [stack: 0x0000005c41300000,0x0000005c41400000] [id=10736]

Threads with active compile tasks:
C2 CompilerThread0  17341 11919 %     4       com.google.common.collect.MapMakerInternalMap$Segment::expand @ 128 (276 bytes)
C2 CompilerThread2  17341 11749 %     4       com.android.tools.r8.dex.r::m @ 64 (2110 bytes)

VM state:not at safepoint (normal execution)

VM Mutex/Monitor currently owned by a thread: None

Heap address: 0x0000000080000000, size: 2048 MB, Compressed Oops mode: 32-bit
Narrow klass base: 0x0000000000000000, Narrow klass shift: 3
Compressed class space size: 1073741824 Address: 0x0000000100000000

Heap:
 garbage-first heap   total 233472K, used 182483K [0x0000000080000000, 0x0000000100000000)
  region size 1024K, 16 young (16384K), 5 survivors (5120K)
 Metaspace       used 96566K, capacity 98867K, committed 99404K, reserved 1134592K
  class space    used 12670K, capacity 13511K, committed 13644K, reserved 1048576K
Heap Regions: E=young(eden), S=young(survivor), O=old, HS=humongous(starts), HC=humongous(continues), CS=collection set, F=free, A=archive, TAMS=top-at-mark-start (previous, next)
|   0|0x0000000080000000, 0x0000000080100000, 0x0000000080100000|100%| O|  |TAMS 0x0000000080100000, 0x0000000080000000| Untracked 
|   1|0x0000000080100000, 0x0000000080200000, 0x0000000080200000|100%| O|  |TAMS 0x0000000080200000, 0x0000000080100000| Untracked 
|   2|0x0000000080200000, 0x0000000080300000, 0x0000000080300000|100%| O|  |TAMS 0x0000000080300000, 0x0000000080200000| Untracked 
|   3|0x0000000080300000, 0x0000000080400000, 0x0000000080400000|100%|HS|  |TAMS 0x0000000080400000, 0x0000000080300000| Complete 
|   4|0x0000000080400000, 0x0000000080500000, 0x0000000080500000|100%|HC|  |TAMS 0x0000000080500000, 0x0000000080400000| Complete 
|   5|0x0000000080500000, 0x0000000080600000, 0x0000000080600000|100%|HC|  |TAMS 0x0000000080600000, 0x0000000080500000| Complete 
|   6|0x0000000080600000, 0x0000000080700000, 0x0000000080700000|100%| O|  |TAMS 0x0000000080700000, 0x0000000080600000| Untracked 
|   7|0x0000000080700000, 0x0000000080800000, 0x0000000080800000|100%| O|  |TAMS 0x0000000080800000, 0x0000000080700000| Untracked 
|   8|0x0000000080800000, 0x0000000080900000, 0x0000000080900000|100%| O|  |TAMS 0x0000000080900000, 0x0000000080800000| Untracked 
|   9|0x0000000080900000, 0x0000000080a00000, 0x0000000080a00000|100%| O|  |TAMS 0x0000000080a00000, 0x0000000080900000| Untracked 
|  10|0x0000000080a00000, 0x0000000080b00000, 0x0000000080b00000|100%| O|  |TAMS 0x0000000080b00000, 0x0000000080a00000| Untracked 
|  11|0x0000000080b00000, 0x0000000080c00000, 0x0000000080c00000|100%| O|  |TAMS 0x0000000080c00000, 0x0000000080b00000| Untracked 
|  12|0x0000000080c00000, 0x0000000080d00000, 0x0000000080d00000|100%| O|  |TAMS 0x0000000080d00000, 0x0000000080c00000| Untracked 
|  13|0x0000000080d00000, 0x0000000080e00000, 0x0000000080e00000|100%| O|  |TAMS 0x0000000080e00000, 0x0000000080d00000| Untracked 
|  14|0x0000000080e00000, 0x0000000080f00000, 0x0000000080f00000|100%|HS|  |TAMS 0x0000000080f00000, 0x0000000080e00000| Complete 
|  15|0x0000000080f00000, 0x0000000081000000, 0x0000000081000000|100%| O|  |TAMS 0x0000000081000000, 0x0000000080f00000| Untracked 
|  16|0x0000000081000000, 0x0000000081100000, 0x0000000081100000|100%| O|  |TAMS 0x0000000081100000, 0x0000000081000000| Untracked 
|  17|0x0000000081100000, 0x0000000081200000, 0x0000000081200000|100%| O|  |TAMS 0x0000000081200000, 0x0000000081100000| Untracked 
|  18|0x0000000081200000, 0x0000000081300000, 0x0000000081300000|100%| O|  |TAMS 0x0000000081300000, 0x0000000081200000| Untracked 
|  19|0x0000000081300000, 0x0000000081400000, 0x0000000081400000|100%| O|  |TAMS 0x0000000081400000, 0x0000000081300000| Untracked 
|  20|0x0000000081400000, 0x0000000081500000, 0x0000000081500000|100%| O|  |TAMS 0x0000000081500000, 0x0000000081400000| Untracked 
|  21|0x0000000081500000, 0x0000000081600000, 0x0000000081600000|100%| O|  |TAMS 0x0000000081600000, 0x0000000081500000| Untracked 
|  22|0x0000000081600000, 0x0000000081700000, 0x0000000081700000|100%| O|  |TAMS 0x0000000081700000, 0x0000000081600000| Untracked 
|  23|0x0000000081700000, 0x0000000081800000, 0x0000000081800000|100%| O|  |TAMS 0x0000000081800000, 0x0000000081700000| Untracked 
|  24|0x0000000081800000, 0x0000000081900000, 0x0000000081900000|100%|HS|  |TAMS 0x0000000081900000, 0x0000000081800000| Complete 
|  25|0x0000000081900000, 0x0000000081a00000, 0x0000000081a00000|100%|HS|  |TAMS 0x0000000081a00000, 0x0000000081900000| Complete 
|  26|0x0000000081a00000, 0x0000000081b00000, 0x0000000081b00000|100%|HS|  |TAMS 0x0000000081b00000, 0x0000000081a00000| Complete 
|  27|0x0000000081b00000, 0x0000000081c00000, 0x0000000081c00000|100%|HS|  |TAMS 0x0000000081c00000, 0x0000000081b00000| Complete 
|  28|0x0000000081c00000, 0x0000000081d00000, 0x0000000081d00000|100%|HC|  |TAMS 0x0000000081d00000, 0x0000000081c00000| Complete 
|  29|0x0000000081d00000, 0x0000000081e00000, 0x0000000081e00000|100%|HC|  |TAMS 0x0000000081e00000, 0x0000000081d00000| Complete 
|  30|0x0000000081e00000, 0x0000000081f00000, 0x0000000081f00000|100%|HS|  |TAMS 0x0000000081f00000, 0x0000000081e00000| Complete 
|  31|0x0000000081f00000, 0x0000000082000000, 0x0000000082000000|100%|HC|  |TAMS 0x0000000082000000, 0x0000000081f00000| Complete 
|  32|0x0000000082000000, 0x0000000082100000, 0x0000000082100000|100%| O|  |TAMS 0x0000000082100000, 0x0000000082000000| Untracked 
|  33|0x0000000082100000, 0x0000000082200000, 0x0000000082200000|100%| O|  |TAMS 0x0000000082200000, 0x0000000082100000| Untracked 
|  34|0x0000000082200000, 0x0000000082300000, 0x0000000082300000|100%| O|  |TAMS 0x0000000082300000, 0x0000000082200000| Untracked 
|  35|0x0000000082300000, 0x0000000082400000, 0x0000000082400000|100%| O|  |TAMS 0x0000000082400000, 0x0000000082300000| Untracked 
|  36|0x0000000082400000, 0x0000000082500000, 0x0000000082500000|100%| O|  |TAMS 0x0000000082500000, 0x0000000082400000| Untracked 
|  37|0x0000000082500000, 0x0000000082600000, 0x0000000082600000|100%| O|  |TAMS 0x0000000082600000, 0x0000000082500000| Untracked 
|  38|0x0000000082600000, 0x0000000082700000, 0x0000000082700000|100%| O|  |TAMS 0x0000000082700000, 0x0000000082600000| Untracked 
|  39|0x0000000082700000, 0x0000000082800000, 0x0000000082800000|100%| O|  |TAMS 0x0000000082800000, 0x0000000082700000| Untracked 
|  40|0x0000000082800000, 0x0000000082900000, 0x0000000082900000|100%| O|  |TAMS 0x0000000082900000, 0x0000000082800000| Untracked 
|  41|0x0000000082900000, 0x0000000082a00000, 0x0000000082a00000|100%| O|  |TAMS 0x0000000082a00000, 0x0000000082900000| Untracked 
|  42|0x0000000082a00000, 0x0000000082b00000, 0x0000000082b00000|100%| O|  |TAMS 0x0000000082b00000, 0x0000000082a00000| Untracked 
|  43|0x0000000082b00000, 0x0000000082c00000, 0x0000000082c00000|100%| O|  |TAMS 0x0000000082c00000, 0x0000000082b00000| Untracked 
|  44|0x0000000082c00000, 0x0000000082d00000, 0x0000000082d00000|100%| O|  |TAMS 0x0000000082d00000, 0x0000000082c00000| Untracked 
|  45|0x0000000082d00000, 0x0000000082e00000, 0x0000000082e00000|100%| O|  |TAMS 0x0000000082e00000, 0x0000000082d00000| Untracked 
|  46|0x0000000082e00000, 0x0000000082f00000, 0x0000000082f00000|100%| O|  |TAMS 0x0000000082f00000, 0x0000000082e00000| Untracked 
|  47|0x0000000082f00000, 0x0000000083000000, 0x0000000083000000|100%| O|  |TAMS 0x0000000083000000, 0x0000000082f00000| Untracked 
|  48|0x0000000083000000, 0x0000000083100000, 0x0000000083100000|100%| O|  |TAMS 0x0000000083100000, 0x0000000083000000| Untracked 
|  49|0x0000000083100000, 0x0000000083200000, 0x0000000083200000|100%| O|  |TAMS 0x0000000083200000, 0x0000000083100000| Untracked 
|  50|0x0000000083200000, 0x0000000083300000, 0x0000000083300000|100%| O|  |TAMS 0x0000000083300000, 0x0000000083200000| Untracked 
|  51|0x0000000083300000, 0x0000000083400000, 0x0000000083400000|100%| O|  |TAMS 0x0000000083400000, 0x0000000083300000| Untracked 
|  52|0x0000000083400000, 0x0000000083500000, 0x0000000083500000|100%| O|  |TAMS 0x0000000083500000, 0x0000000083400000| Untracked 
|  53|0x0000000083500000, 0x0000000083600000, 0x0000000083600000|100%| O|  |TAMS 0x0000000083600000, 0x0000000083500000| Untracked 
|  54|0x0000000083600000, 0x0000000083700000, 0x0000000083700000|100%| O|  |TAMS 0x0000000083700000, 0x0000000083600000| Untracked 
|  55|0x0000000083700000, 0x0000000083800000, 0x0000000083800000|100%| O|  |TAMS 0x0000000083800000, 0x0000000083700000| Untracked 
|  56|0x0000000083800000, 0x0000000083900000, 0x0000000083900000|100%| O|  |TAMS 0x0000000083900000, 0x0000000083800000| Untracked 
|  57|0x0000000083900000, 0x0000000083a00000, 0x0000000083a00000|100%| O|  |TAMS 0x0000000083a00000, 0x0000000083900000| Untracked 
|  58|0x0000000083a00000, 0x0000000083b00000, 0x0000000083b00000|100%| O|  |TAMS 0x0000000083b00000, 0x0000000083a00000| Untracked 
|  59|0x0000000083b00000, 0x0000000083c00000, 0x0000000083c00000|100%| O|  |TAMS 0x0000000083c00000, 0x0000000083b00000| Untracked 
|  60|0x0000000083c00000, 0x0000000083d00000, 0x0000000083d00000|100%| O|  |TAMS 0x0000000083d00000, 0x0000000083c00000| Untracked 
|  61|0x0000000083d00000, 0x0000000083e00000, 0x0000000083e00000|100%| O|  |TAMS 0x0000000083e00000, 0x0000000083d00000| Untracked 
|  62|0x0000000083e00000, 0x0000000083f00000, 0x0000000083f00000|100%| O|  |TAMS 0x0000000083f00000, 0x0000000083e00000| Untracked 
|  63|0x0000000083f00000, 0x0000000084000000, 0x0000000084000000|100%| O|  |TAMS 0x0000000084000000, 0x0000000083f00000| Untracked 
|  64|0x0000000084000000, 0x0000000084100000, 0x0000000084100000|100%| O|  |TAMS 0x0000000084100000, 0x0000000084000000| Untracked 
|  65|0x0000000084100000, 0x0000000084200000, 0x0000000084200000|100%| O|  |TAMS 0x0000000084200000, 0x0000000084100000| Untracked 
|  66|0x0000000084200000, 0x0000000084300000, 0x0000000084300000|100%| O|  |TAMS 0x0000000084300000, 0x0000000084200000| Untracked 
|  67|0x0000000084300000, 0x0000000084400000, 0x0000000084400000|100%| O|  |TAMS 0x0000000084400000, 0x0000000084300000| Untracked 
|  68|0x0000000084400000, 0x0000000084500000, 0x0000000084500000|100%| O|  |TAMS 0x0000000084500000, 0x0000000084400000| Untracked 
|  69|0x0000000084500000, 0x0000000084600000, 0x0000000084600000|100%| O|  |TAMS 0x0000000084600000, 0x0000000084500000| Untracked 
|  70|0x0000000084600000, 0x0000000084700000, 0x0000000084700000|100%| O|  |TAMS 0x0000000084700000, 0x0000000084600000| Untracked 
|  71|0x0000000084700000, 0x0000000084800000, 0x0000000084800000|100%| O|  |TAMS 0x0000000084800000, 0x0000000084700000| Untracked 
|  72|0x0000000084800000, 0x0000000084900000, 0x0000000084900000|100%| O|  |TAMS 0x0000000084900000, 0x0000000084800000| Untracked 
|  73|0x0000000084900000, 0x0000000084a00000, 0x0000000084a00000|100%| O|  |TAMS 0x0000000084a00000, 0x0000000084900000| Untracked 
|  74|0x0000000084a00000, 0x0000000084b00000, 0x0000000084b00000|100%| O|  |TAMS 0x0000000084b00000, 0x0000000084a00000| Untracked 
|  75|0x0000000084b00000, 0x0000000084c00000, 0x0000000084c00000|100%| O|  |TAMS 0x0000000084c00000, 0x0000000084b00000| Untracked 
|  76|0x0000000084c00000, 0x0000000084d00000, 0x0000000084d00000|100%| O|  |TAMS 0x0000000084d00000, 0x0000000084c00000| Untracked 
|  77|0x0000000084d00000, 0x0000000084e00000, 0x0000000084e00000|100%| O|  |TAMS 0x0000000084e00000, 0x0000000084d00000| Untracked 
|  78|0x0000000084e00000, 0x0000000084f00000, 0x0000000084f00000|100%| O|  |TAMS 0x0000000084f00000, 0x0000000084e00000| Untracked 
|  79|0x0000000084f00000, 0x0000000085000000, 0x0000000085000000|100%| O|  |TAMS 0x0000000085000000, 0x0000000084f00000| Untracked 
|  80|0x0000000085000000, 0x0000000085100000, 0x0000000085100000|100%| O|  |TAMS 0x0000000085100000, 0x0000000085000000| Untracked 
|  81|0x0000000085100000, 0x0000000085200000, 0x0000000085200000|100%| O|  |TAMS 0x0000000085200000, 0x0000000085100000| Untracked 
|  82|0x0000000085200000, 0x0000000085300000, 0x0000000085300000|100%| O|  |TAMS 0x0000000085300000, 0x0000000085200000| Untracked 
|  83|0x0000000085300000, 0x0000000085400000, 0x0000000085400000|100%| O|  |TAMS 0x0000000085400000, 0x0000000085300000| Untracked 
|  84|0x0000000085400000, 0x0000000085500000, 0x0000000085500000|100%| O|  |TAMS 0x0000000085500000, 0x0000000085400000| Untracked 
|  85|0x0000000085500000, 0x0000000085600000, 0x0000000085600000|100%| O|  |TAMS 0x0000000085600000, 0x0000000085500000| Untracked 
|  86|0x0000000085600000, 0x0000000085700000, 0x0000000085700000|100%| O|  |TAMS 0x0000000085700000, 0x0000000085600000| Untracked 
|  87|0x0000000085700000, 0x0000000085800000, 0x0000000085800000|100%| O|  |TAMS 0x0000000085800000, 0x0000000085700000| Untracked 
|  88|0x0000000085800000, 0x0000000085900000, 0x0000000085900000|100%| O|  |TAMS 0x0000000085900000, 0x0000000085800000| Untracked 
|  89|0x0000000085900000, 0x0000000085a00000, 0x0000000085a00000|100%| O|  |TAMS 0x0000000085a00000, 0x0000000085900000| Untracked 
|  90|0x0000000085a00000, 0x0000000085b00000, 0x0000000085b00000|100%| O|  |TAMS 0x0000000085b00000, 0x0000000085a00000| Untracked 
|  91|0x0000000085b00000, 0x0000000085c00000, 0x0000000085c00000|100%| O|  |TAMS 0x0000000085c00000, 0x0000000085b00000| Untracked 
|  92|0x0000000085c00000, 0x0000000085d00000, 0x0000000085d00000|100%| O|  |TAMS 0x0000000085d00000, 0x0000000085c00000| Untracked 
|  93|0x0000000085d00000, 0x0000000085e00000, 0x0000000085e00000|100%| O|  |TAMS 0x0000000085e00000, 0x0000000085d00000| Untracked 
|  94|0x0000000085e00000, 0x0000000085f00000, 0x0000000085f00000|100%|HS|  |TAMS 0x0000000085f00000, 0x0000000085e00000| Complete 
|  95|0x0000000085f00000, 0x0000000086000000, 0x0000000086000000|100%|HS|  |TAMS 0x0000000086000000, 0x0000000085f00000| Complete 
|  96|0x0000000086000000, 0x0000000086100000, 0x0000000086100000|100%|HC|  |TAMS 0x0000000086100000, 0x0000000086000000| Complete 
|  97|0x0000000086100000, 0x0000000086200000, 0x0000000086200000|100%|HS|  |TAMS 0x0000000086200000, 0x0000000086100000| Complete 
|  98|0x0000000086200000, 0x0000000086300000, 0x0000000086300000|100%|HC|  |TAMS 0x0000000086300000, 0x0000000086200000| Complete 
|  99|0x0000000086300000, 0x0000000086400000, 0x0000000086400000|100%| O|  |TAMS 0x0000000086400000, 0x0000000086300000| Untracked 
| 100|0x0000000086400000, 0x0000000086500000, 0x0000000086500000|100%| O|  |TAMS 0x0000000086500000, 0x0000000086400000| Untracked 
| 101|0x0000000086500000, 0x0000000086600000, 0x0000000086600000|100%| O|  |TAMS 0x0000000086600000, 0x0000000086500000| Untracked 
| 102|0x0000000086600000, 0x0000000086700000, 0x0000000086700000|100%| O|  |TAMS 0x0000000086700000, 0x0000000086600000| Untracked 
| 103|0x0000000086700000, 0x0000000086800000, 0x0000000086800000|100%| O|  |TAMS 0x0000000086800000, 0x0000000086700000| Untracked 
| 104|0x0000000086800000, 0x0000000086900000, 0x0000000086900000|100%| O|  |TAMS 0x0000000086900000, 0x0000000086800000| Untracked 
| 105|0x0000000086900000, 0x0000000086a00000, 0x0000000086a00000|100%| O|  |TAMS 0x0000000086a00000, 0x0000000086900000| Untracked 
| 106|0x0000000086a00000, 0x0000000086b00000, 0x0000000086b00000|100%| O|  |TAMS 0x0000000086b00000, 0x0000000086a00000| Untracked 
| 107|0x0000000086b00000, 0x0000000086c00000, 0x0000000086c00000|100%| O|  |TAMS 0x0000000086c00000, 0x0000000086b00000| Untracked 
| 108|0x0000000086c00000, 0x0000000086d00000, 0x0000000086d00000|100%| O|  |TAMS 0x0000000086d00000, 0x0000000086c00000| Untracked 
| 109|0x0000000086d00000, 0x0000000086e00000, 0x0000000086e00000|100%|HS|  |TAMS 0x0000000086e00000, 0x0000000086d00000| Complete 
| 110|0x0000000086e00000, 0x0000000086f00000, 0x0000000086f00000|100%|HS|  |TAMS 0x0000000086f00000, 0x0000000086e00000| Complete 
| 111|0x0000000086f00000, 0x0000000087000000, 0x0000000087000000|100%|HS|  |TAMS 0x0000000087000000, 0x0000000086f00000| Complete 
| 112|0x0000000087000000, 0x0000000087100000, 0x0000000087100000|100%|HS|  |TAMS 0x0000000087100000, 0x0000000087000000| Complete 
| 113|0x0000000087100000, 0x0000000087200000, 0x0000000087200000|100%|HC|  |TAMS 0x0000000087200000, 0x0000000087100000| Complete 
| 114|0x0000000087200000, 0x0000000087300000, 0x0000000087300000|100%|HC|  |TAMS 0x0000000087300000, 0x0000000087200000| Complete 
| 115|0x0000000087300000, 0x0000000087400000, 0x0000000087400000|100%|HS|  |TAMS 0x0000000087400000, 0x0000000087300000| Complete 
| 116|0x0000000087400000, 0x0000000087500000, 0x0000000087500000|100%|HS|  |TAMS 0x0000000087500000, 0x0000000087400000| Complete 
| 117|0x0000000087500000, 0x0000000087600000, 0x0000000087600000|100%|HS|  |TAMS 0x0000000087500000, 0x0000000087500000| Complete 
| 118|0x0000000087600000, 0x0000000087700000, 0x0000000087700000|100%|HS|  |TAMS 0x0000000087700000, 0x0000000087600000| Complete 
| 119|0x0000000087700000, 0x0000000087800000, 0x0000000087800000|100%|HS|  |TAMS 0x0000000087700000, 0x0000000087700000| Complete 
| 120|0x0000000087800000, 0x0000000087900000, 0x0000000087900000|100%| O|  |TAMS 0x0000000087800000, 0x0000000087800000| Untracked 
| 121|0x0000000087900000, 0x0000000087a00000, 0x0000000087a00000|100%|HS|  |TAMS 0x0000000087a00000, 0x0000000087900000| Complete 
| 122|0x0000000087a00000, 0x0000000087b00000, 0x0000000087b00000|100%|HC|  |TAMS 0x0000000087b00000, 0x0000000087a00000| Complete 
| 123|0x0000000087b00000, 0x0000000087c00000, 0x0000000087c00000|100%| O|  |TAMS 0x0000000087b00000, 0x0000000087b00000| Untracked 
| 124|0x0000000087c00000, 0x0000000087d00000, 0x0000000087d00000|100%| O|  |TAMS 0x0000000087c00000, 0x0000000087c00000| Untracked 
| 125|0x0000000087d00000, 0x0000000087e00000, 0x0000000087e00000|100%|HS|  |TAMS 0x0000000087e00000, 0x0000000087d00000| Complete 
| 126|0x0000000087e00000, 0x0000000087f00000, 0x0000000087f00000|100%|HC|  |TAMS 0x0000000087f00000, 0x0000000087e00000| Complete 
| 127|0x0000000087f00000, 0x0000000088000000, 0x0000000088000000|100%| O|  |TAMS 0x0000000087f00000, 0x0000000087f00000| Untracked 
| 128|0x0000000088000000, 0x0000000088100000, 0x0000000088100000|100%|HS|  |TAMS 0x0000000088100000, 0x0000000088000000| Complete 
| 129|0x0000000088100000, 0x0000000088200000, 0x0000000088200000|100%| O|  |TAMS 0x0000000088100000, 0x0000000088100000| Untracked 
| 130|0x0000000088200000, 0x0000000088300000, 0x0000000088300000|100%|HS|  |TAMS 0x0000000088300000, 0x0000000088200000| Complete 
| 131|0x0000000088300000, 0x0000000088400000, 0x0000000088400000|100%| O|  |TAMS 0x0000000088300000, 0x0000000088300000| Untracked 
| 132|0x0000000088400000, 0x0000000088500000, 0x0000000088500000|100%|HS|  |TAMS 0x0000000088500000, 0x0000000088400000| Complete 
| 133|0x0000000088500000, 0x0000000088600000, 0x0000000088600000|100%| O|  |TAMS 0x0000000088500000, 0x0000000088500000| Untracked 
| 134|0x0000000088600000, 0x0000000088700000, 0x0000000088700000|100%| O|  |TAMS 0x0000000088600000, 0x0000000088600000| Untracked 
| 135|0x0000000088700000, 0x0000000088800000, 0x0000000088800000|100%| O|  |TAMS 0x0000000088700000, 0x0000000088700000| Untracked 
| 136|0x0000000088800000, 0x0000000088900000, 0x0000000088900000|100%|HS|  |TAMS 0x0000000088900000, 0x0000000088800000| Complete 
| 137|0x0000000088900000, 0x0000000088a00000, 0x0000000088a00000|100%|HC|  |TAMS 0x0000000088a00000, 0x0000000088900000| Complete 
| 138|0x0000000088a00000, 0x0000000088b00000, 0x0000000088b00000|100%|HC|  |TAMS 0x0000000088b00000, 0x0000000088a00000| Complete 
| 139|0x0000000088b00000, 0x0000000088c00000, 0x0000000088c00000|100%| O|  |TAMS 0x0000000088b00000, 0x0000000088b00000| Untracked 
| 140|0x0000000088c00000, 0x0000000088d00000, 0x0000000088d00000|100%|HS|  |TAMS 0x0000000088d00000, 0x0000000088c00000| Complete 
| 141|0x0000000088d00000, 0x0000000088e00000, 0x0000000088e00000|100%| O|  |TAMS 0x0000000088d00000, 0x0000000088d00000| Untracked 
| 142|0x0000000088e00000, 0x0000000088f00000, 0x0000000088f00000|100%|HS|  |TAMS 0x0000000088f00000, 0x0000000088e00000| Complete 
| 143|0x0000000088f00000, 0x0000000089000000, 0x0000000089000000|100%| O|  |TAMS 0x0000000089000000, 0x0000000088f00000| Untracked 
| 144|0x0000000089000000, 0x0000000089100000, 0x0000000089100000|100%| O|  |TAMS 0x0000000089100000, 0x0000000089000000| Untracked 
| 145|0x0000000089100000, 0x0000000089200000, 0x0000000089200000|100%| O|  |TAMS 0x0000000089200000, 0x0000000089100000| Untracked 
| 146|0x0000000089200000, 0x0000000089300000, 0x0000000089300000|100%| O|  |TAMS 0x0000000089300000, 0x0000000089200000| Untracked 
| 147|0x0000000089300000, 0x0000000089400000, 0x0000000089400000|100%| O|  |TAMS 0x0000000089400000, 0x0000000089300000| Untracked 
| 148|0x0000000089400000, 0x0000000089500000, 0x0000000089500000|100%| O|  |TAMS 0x0000000089500000, 0x0000000089400000| Untracked 
| 149|0x0000000089500000, 0x0000000089600000, 0x0000000089600000|100%| O|  |TAMS 0x0000000089600000, 0x0000000089500000| Untracked 
| 150|0x0000000089600000, 0x0000000089700000, 0x0000000089700000|100%| O|  |TAMS 0x0000000089700000, 0x0000000089600000| Untracked 
| 151|0x0000000089700000, 0x0000000089800000, 0x0000000089800000|100%| O|  |TAMS 0x0000000089800000, 0x0000000089700000| Untracked 
| 152|0x0000000089800000, 0x0000000089900000, 0x0000000089900000|100%| O|  |TAMS 0x0000000089900000, 0x0000000089800000| Untracked 
| 153|0x0000000089900000, 0x0000000089a00000, 0x0000000089a00000|100%| O|  |TAMS 0x0000000089a00000, 0x0000000089900000| Untracked 
| 154|0x0000000089a00000, 0x0000000089b00000, 0x0000000089b00000|100%| O|  |TAMS 0x0000000089b00000, 0x0000000089a00000| Untracked 
| 155|0x0000000089b00000, 0x0000000089b00000, 0x0000000089c00000|  0%| F|  |TAMS 0x0000000089b00000, 0x0000000089b00000| Untracked 
| 156|0x0000000089c00000, 0x0000000089c00000, 0x0000000089d00000|  0%| F|  |TAMS 0x0000000089c00000, 0x0000000089c00000| Untracked 
| 157|0x0000000089d00000, 0x0000000089d00000, 0x0000000089e00000|  0%| F|  |TAMS 0x0000000089d00000, 0x0000000089d00000| Untracked 
| 158|0x0000000089e00000, 0x0000000089e00000, 0x0000000089f00000|  0%| F|  |TAMS 0x0000000089e00000, 0x0000000089e00000| Untracked 
| 159|0x0000000089f00000, 0x0000000089f00000, 0x000000008a000000|  0%| F|  |TAMS 0x0000000089f00000, 0x0000000089f00000| Untracked 
| 160|0x000000008a000000, 0x000000008a000000, 0x000000008a100000|  0%| F|  |TAMS 0x000000008a000000, 0x000000008a000000| Untracked 
| 161|0x000000008a100000, 0x000000008a100000, 0x000000008a200000|  0%| F|  |TAMS 0x000000008a100000, 0x000000008a100000| Untracked 
| 162|0x000000008a200000, 0x000000008a200000, 0x000000008a300000|  0%| F|  |TAMS 0x000000008a200000, 0x000000008a200000| Untracked 
| 163|0x000000008a300000, 0x000000008a400000, 0x000000008a400000|100%| O|  |TAMS 0x000000008a300000, 0x000000008a300000| Untracked 
| 164|0x000000008a400000, 0x000000008a434e00, 0x000000008a500000| 20%| O|  |TAMS 0x000000008a400000, 0x000000008a400000| Untracked 
| 165|0x000000008a500000, 0x000000008a500000, 0x000000008a600000|  0%| F|  |TAMS 0x000000008a500000, 0x000000008a500000| Untracked 
| 166|0x000000008a600000, 0x000000008a600000, 0x000000008a700000|  0%| F|  |TAMS 0x000000008a600000, 0x000000008a600000| Untracked 
| 167|0x000000008a700000, 0x000000008a700000, 0x000000008a800000|  0%| F|  |TAMS 0x000000008a700000, 0x000000008a700000| Untracked 
| 168|0x000000008a800000, 0x000000008a800000, 0x000000008a900000|  0%| F|  |TAMS 0x000000008a800000, 0x000000008a800000| Untracked 
| 169|0x000000008a900000, 0x000000008a900000, 0x000000008aa00000|  0%| F|  |TAMS 0x000000008a900000, 0x000000008a900000| Untracked 
| 170|0x000000008aa00000, 0x000000008aa00000, 0x000000008ab00000|  0%| F|  |TAMS 0x000000008aa00000, 0x000000008aa00000| Untracked 
| 171|0x000000008ab00000, 0x000000008ab00000, 0x000000008ac00000|  0%| F|  |TAMS 0x000000008ab00000, 0x000000008ab00000| Untracked 
| 172|0x000000008ac00000, 0x000000008ac00000, 0x000000008ad00000|  0%| F|  |TAMS 0x000000008ac00000, 0x000000008ac00000| Untracked 
| 173|0x000000008ad00000, 0x000000008ad00000, 0x000000008ae00000|  0%| F|  |TAMS 0x000000008ad00000, 0x000000008ad00000| Untracked 
| 174|0x000000008ae00000, 0x000000008ae00000, 0x000000008af00000|  0%| F|  |TAMS 0x000000008ae00000, 0x000000008ae00000| Untracked 
| 175|0x000000008af00000, 0x000000008af00000, 0x000000008b000000|  0%| F|  |TAMS 0x000000008af00000, 0x000000008af00000| Untracked 
| 176|0x000000008b000000, 0x000000008b000000, 0x000000008b100000|  0%| F|  |TAMS 0x000000008b000000, 0x000000008b000000| Untracked 
| 177|0x000000008b100000, 0x000000008b100000, 0x000000008b200000|  0%| F|  |TAMS 0x000000008b100000, 0x000000008b100000| Untracked 
| 178|0x000000008b200000, 0x000000008b200000, 0x000000008b300000|  0%| F|  |TAMS 0x000000008b200000, 0x000000008b200000| Untracked 
| 179|0x000000008b300000, 0x000000008b300000, 0x000000008b400000|  0%| F|  |TAMS 0x000000008b300000, 0x000000008b300000| Untracked 
| 180|0x000000008b400000, 0x000000008b400000, 0x000000008b500000|  0%| F|  |TAMS 0x000000008b400000, 0x000000008b400000| Untracked 
| 181|0x000000008b500000, 0x000000008b500000, 0x000000008b600000|  0%| F|  |TAMS 0x000000008b500000, 0x000000008b500000| Untracked 
| 182|0x000000008b600000, 0x000000008b600000, 0x000000008b700000|  0%| F|  |TAMS 0x000000008b600000, 0x000000008b600000| Untracked 
| 183|0x000000008b700000, 0x000000008b700000, 0x000000008b800000|  0%| F|  |TAMS 0x000000008b700000, 0x000000008b700000| Untracked 
| 184|0x000000008b800000, 0x000000008b800000, 0x000000008b900000|  0%| F|  |TAMS 0x000000008b800000, 0x000000008b800000| Untracked 
| 185|0x000000008b900000, 0x000000008b900000, 0x000000008ba00000|  0%| F|  |TAMS 0x000000008b900000, 0x000000008b900000| Untracked 
| 186|0x000000008ba00000, 0x000000008ba00000, 0x000000008bb00000|  0%| F|  |TAMS 0x000000008ba00000, 0x000000008ba00000| Untracked 
| 187|0x000000008bb00000, 0x000000008bc00000, 0x000000008bc00000|100%| S|CS|TAMS 0x000000008bb00000, 0x000000008bb00000| Complete 
| 188|0x000000008bc00000, 0x000000008bd00000, 0x000000008bd00000|100%| S|CS|TAMS 0x000000008bc00000, 0x000000008bc00000| Complete 
| 189|0x000000008bd00000, 0x000000008be00000, 0x000000008be00000|100%| S|CS|TAMS 0x000000008bd00000, 0x000000008bd00000| Complete 
| 190|0x000000008be00000, 0x000000008bf00000, 0x000000008bf00000|100%| S|CS|TAMS 0x000000008be00000, 0x000000008be00000| Complete 
| 191|0x000000008bf00000, 0x000000008c000000, 0x000000008c000000|100%| S|CS|TAMS 0x000000008bf00000, 0x000000008bf00000| Complete 
| 192|0x000000008c000000, 0x000000008c000000, 0x000000008c100000|  0%| F|  |TAMS 0x000000008c000000, 0x000000008c000000| Untracked 
| 193|0x000000008c100000, 0x000000008c100000, 0x000000008c200000|  0%| F|  |TAMS 0x000000008c100000, 0x000000008c100000| Untracked 
| 194|0x000000008c200000, 0x000000008c200000, 0x000000008c300000|  0%| F|  |TAMS 0x000000008c200000, 0x000000008c200000| Untracked 
| 195|0x000000008c300000, 0x000000008c300000, 0x000000008c400000|  0%| F|  |TAMS 0x000000008c300000, 0x000000008c300000| Untracked 
| 196|0x000000008c400000, 0x000000008c400000, 0x000000008c500000|  0%| F|  |TAMS 0x000000008c400000, 0x000000008c400000| Untracked 
| 197|0x000000008c500000, 0x000000008c500000, 0x000000008c600000|  0%| F|  |TAMS 0x000000008c500000, 0x000000008c500000| Untracked 
| 198|0x000000008c600000, 0x000000008c600000, 0x000000008c700000|  0%| F|  |TAMS 0x000000008c600000, 0x000000008c600000| Untracked 
| 199|0x000000008c700000, 0x000000008c700000, 0x000000008c800000|  0%| F|  |TAMS 0x000000008c700000, 0x000000008c700000| Untracked 
| 200|0x000000008c800000, 0x000000008c800000, 0x000000008c900000|  0%| F|  |TAMS 0x000000008c800000, 0x000000008c800000| Untracked 
| 201|0x000000008c900000, 0x000000008c900000, 0x000000008ca00000|  0%| F|  |TAMS 0x000000008c900000, 0x000000008c900000| Untracked 
| 202|0x000000008ca00000, 0x000000008ca00000, 0x000000008cb00000|  0%| F|  |TAMS 0x000000008ca00000, 0x000000008ca00000| Untracked 
| 203|0x000000008cb00000, 0x000000008cb00000, 0x000000008cc00000|  0%| F|  |TAMS 0x000000008cb00000, 0x000000008cb00000| Untracked 
| 204|0x000000008cc00000, 0x000000008cc00000, 0x000000008cd00000|  0%| F|  |TAMS 0x000000008cc00000, 0x000000008cc00000| Untracked 
| 205|0x000000008cd00000, 0x000000008cd00000, 0x000000008ce00000|  0%| F|  |TAMS 0x000000008cd00000, 0x000000008cd00000| Untracked 
| 206|0x000000008ce00000, 0x000000008ce00000, 0x000000008cf00000|  0%| F|  |TAMS 0x000000008ce00000, 0x000000008ce00000| Untracked 
| 207|0x000000008cf00000, 0x000000008cf00000, 0x000000008d000000|  0%| F|  |TAMS 0x000000008cf00000, 0x000000008cf00000| Untracked 
| 208|0x000000008d000000, 0x000000008d000000, 0x000000008d100000|  0%| F|  |TAMS 0x000000008d000000, 0x000000008d000000| Untracked 
| 209|0x000000008d100000, 0x000000008d1bff80, 0x000000008d200000| 74%| E|  |TAMS 0x000000008d100000, 0x000000008d100000| Complete 
| 210|0x000000008d200000, 0x000000008d300000, 0x000000008d300000|100%| E|CS|TAMS 0x000000008d200000, 0x000000008d200000| Complete 
| 211|0x000000008d300000, 0x000000008d400000, 0x000000008d400000|100%| E|CS|TAMS 0x000000008d300000, 0x000000008d300000| Complete 
| 212|0x000000008d400000, 0x000000008d500000, 0x000000008d500000|100%| E|CS|TAMS 0x000000008d400000, 0x000000008d400000| Complete 
| 213|0x000000008d500000, 0x000000008d600000, 0x000000008d600000|100%| E|CS|TAMS 0x000000008d500000, 0x000000008d500000| Complete 
| 214|0x000000008d600000, 0x000000008d700000, 0x000000008d700000|100%| E|  |TAMS 0x000000008d600000, 0x000000008d600000| Complete 
| 215|0x000000008d700000, 0x000000008d800000, 0x000000008d800000|100%| E|CS|TAMS 0x000000008d700000, 0x000000008d700000| Complete 
| 216|0x000000008d800000, 0x000000008d900000, 0x000000008d900000|100%| E|CS|TAMS 0x000000008d800000, 0x000000008d800000| Complete 
| 217|0x000000008d900000, 0x000000008da00000, 0x000000008da00000|100%| E|CS|TAMS 0x000000008d900000, 0x000000008d900000| Complete 
| 218|0x000000008da00000, 0x000000008db00000, 0x000000008db00000|100%| E|CS|TAMS 0x000000008da00000, 0x000000008da00000| Complete 
| 219|0x000000008db00000, 0x000000008dc00000, 0x000000008dc00000|100%| E|CS|TAMS 0x000000008db00000, 0x000000008db00000| Complete 
| 220|0x000000008dc00000, 0x000000008dd00000, 0x000000008dd00000|100%| O|  |TAMS 0x000000008dd00000, 0x000000008dc00000| Untracked 
| 221|0x000000008dd00000, 0x000000008de00000, 0x000000008de00000|100%| O|  |TAMS 0x000000008de00000, 0x000000008dd00000| Untracked 
| 222|0x000000008de00000, 0x000000008df00000, 0x000000008df00000|100%| O|  |TAMS 0x000000008df00000, 0x000000008de00000| Untracked 
| 223|0x000000008df00000, 0x000000008e000000, 0x000000008e000000|100%| O|  |TAMS 0x000000008e000000, 0x000000008df00000| Untracked 
| 224|0x000000008e000000, 0x000000008e100000, 0x000000008e100000|100%| O|  |TAMS 0x000000008e100000, 0x000000008e000000| Untracked 
| 225|0x000000008e100000, 0x000000008e200000, 0x000000008e200000|100%| O|  |TAMS 0x000000008e200000, 0x000000008e100000| Untracked 
| 226|0x000000008e200000, 0x000000008e300000, 0x000000008e300000|100%| O|  |TAMS 0x000000008e300000, 0x000000008e200000| Untracked 
| 227|0x000000008e300000, 0x000000008e400000, 0x000000008e400000|100%| O|  |TAMS 0x000000008e378200, 0x000000008e300000| Untracked 

Card table byte_map: [0x00000203a4730000,0x00000203a4b30000] _byte_map_base: 0x00000203a4330000

Marking Bits (Prev, Next): (CMBitMap*) 0x000002039153f540, (CMBitMap*) 0x000002039153f508
 Prev Bits: [0x00000203a6f30000, 0x00000203a8f30000)
 Next Bits: [0x00000203a4f30000, 0x00000203a6f30000)

Polling page: 0x000002038f690000

Metaspace:

Usage:
  Non-class:     83.54 MB capacity,    82.05 MB ( 98%) used,     1.22 MB (  1%) free+waste,   270.63 KB ( <1%) overhead. 
      Class:     13.27 MB capacity,    12.41 MB ( 94%) used,   759.44 KB (  6%) free+waste,   122.31 KB ( <1%) overhead. 
       Both:     96.80 MB capacity,    94.46 MB ( 98%) used,     1.96 MB (  2%) free+waste,   392.94 KB ( <1%) overhead. 

Virtual space:
  Non-class space:       84.00 MB reserved,      83.75 MB (>99%) committed 
      Class space:        1.00 GB reserved,      13.32 MB (  1%) committed 
             Both:        1.08 GB reserved,      97.07 MB (  9%) committed 

Chunk freelists:
   Non-Class:  147.00 KB
       Class:  42.00 KB
        Both:  189.00 KB

MaxMetaspaceSize: 17179869184.00 GB
CompressedClassSpaceSize: 1.00 GB

CodeHeap 'non-profiled nmethods': size=120000Kb used=7479Kb max_used=7479Kb free=112521Kb
 bounds [0x000002039cac0000, 0x000002039d210000, 0x00000203a3ff0000]
CodeHeap 'profiled nmethods': size=120000Kb used=25350Kb max_used=25350Kb free=94649Kb
 bounds [0x0000020395590000, 0x0000020396e60000, 0x000002039cac0000]
CodeHeap 'non-nmethods': size=5760Kb used=2323Kb max_used=2377Kb free=3437Kb
 bounds [0x0000020394ff0000, 0x0000020395260000, 0x0000020395590000]
 total_blobs=12726 nmethods=11811 adapters=824
 compilation: enabled
              stopped_count=0, restarted_count=0
 full_count=0

Compilation events (20 events):
Event: 17.257 Thread 0x00000203ac1ec800 11908       4       com.android.tools.r8.internal.RI0::g (8 bytes)
Event: 17.259 Thread 0x00000203ac4a6000 nmethod 11907 0x000002039d209210 code [0x000002039d2093a0, 0x000002039d2094b8]
Event: 17.259 Thread 0x00000203ac4a6000 11909       4       java.lang.Integer::getChars (131 bytes)
Event: 17.259 Thread 0x00000203ac1ec800 nmethod 11908 0x000002039d209610 code [0x000002039d2097a0, 0x000002039d209898]
Event: 17.267 Thread 0x00000203ac4a6000 nmethod 11909 0x000002039d209a10 code [0x000002039d209bc0, 0x000002039d209f78]
Event: 17.277 Thread 0x00000203ac1ef800 11910       3       java.lang.invoke.SimpleMethodHandle::copyWithExtendL (7 bytes)
Event: 17.277 Thread 0x00000203ac1ef800 nmethod 11910 0x0000020396e4b590 code [0x0000020396e4b760, 0x0000020396e4ba88]
Event: 17.277 Thread 0x00000203ac1ec800 11911       4       sun.invoke.util.BytecodeDescriptor::unparse (37 bytes)
Event: 17.279 Thread 0x00000203ac1ef800 11912       3       java.util.IdentityHashMap::init (11 bytes)
Event: 17.279 Thread 0x00000203ac4a6000 11913       4       java.util.Arrays::asList (9 bytes)
Event: 17.279 Thread 0x00000203ac1ef800 nmethod 11912 0x0000020396e4bc10 code [0x0000020396e4bdc0, 0x0000020396e4bfb8]
Event: 17.282 Thread 0x00000203ac4a6000 nmethod 11913 0x000002039d20a190 code [0x000002039d20a320, 0x000002039d20a478]
Event: 17.282 Thread 0x00000203ac4a6000 11914       4       com.android.tools.r8.dex.r::a (83 bytes)
Event: 17.289 Thread 0x00000203ac1ec800 nmethod 11911 0x000002039d20a790 code [0x000002039d20a960, 0x000002039d20af58]
Event: 17.289 Thread 0x00000203ac1ec800 11915       4       com.android.tools.r8.internal.nd1::e (33 bytes)
Event: 17.289 Thread 0x00000203ac1ec800 nmethod 11915 0x000002039d20b210 code [0x000002039d20b3a0, 0x000002039d20b438]
Event: 17.295 Thread 0x00000203ac1ef800 11917   !   3       com.google.common.collect.MapMakerInternalMap$Segment::put (298 bytes)
Event: 17.295 Thread 0x00000203ac1ec800 11918       4       com.google.common.collect.MapMakerInternalMap$Segment::preWriteCleanup (5 bytes)
Event: 17.296 Thread 0x00000203ac1ec800 nmethod 11918 0x000002039d20b510 code [0x000002039d20b6a0, 0x000002039d20b728]
Event: 17.299 Thread 0x00000203ac1ef800 nmethod 11917 0x0000020396e4c090 code [0x0000020396e4c6e0, 0x0000020396e4fe38]

GC Heap History (20 events):
Event: 13.767 GC heap before
{Heap before GC invocations=18 (full 0):
 garbage-first heap   total 187392K, used 144884K [0x0000000080000000, 0x0000000100000000)
  region size 1024K, 75 young (76800K), 10 survivors (10240K)
 Metaspace       used 86304K, capacity 88673K, committed 89036K, reserved 1126400K
  class space    used 11274K, capacity 12113K, committed 12236K, reserved 1048576K
}
Event: 13.780 GC heap after
{Heap after GC invocations=19 (full 0):
 garbage-first heap   total 187392K, used 86044K [0x0000000080000000, 0x0000000100000000)
  region size 1024K, 7 young (7168K), 7 survivors (7168K)
 Metaspace       used 86304K, capacity 88673K, committed 89036K, reserved 1126400K
  class space    used 11274K, capacity 12113K, committed 12236K, reserved 1048576K
}
Event: 14.217 GC heap before
{Heap before GC invocations=19 (full 0):
 garbage-first heap   total 187392K, used 147484K [0x0000000080000000, 0x0000000100000000)
  region size 1024K, 68 young (69632K), 7 survivors (7168K)
 Metaspace       used 86831K, capacity 89208K, committed 89292K, reserved 1126400K
  class space    used 11321K, capacity 12170K, committed 12236K, reserved 1048576K
}
Event: 14.226 GC heap after
{Heap after GC invocations=20 (full 0):
 garbage-first heap   total 187392K, used 90448K [0x0000000080000000, 0x0000000100000000)
  region size 1024K, 7 young (7168K), 7 survivors (7168K)
 Metaspace       used 86831K, capacity 89208K, committed 89292K, reserved 1126400K
  class space    used 11321K, capacity 12170K, committed 12236K, reserved 1048576K
}
Event: 14.758 GC heap before
{Heap before GC invocations=20 (full 0):
 garbage-first heap   total 187392K, used 148816K [0x0000000080000000, 0x0000000100000000)
  region size 1024K, 65 young (66560K), 7 survivors (7168K)
 Metaspace       used 87192K, capacity 89511K, committed 89804K, reserved 1126400K
  class space    used 11338K, capacity 12183K, committed 12236K, reserved 1048576K
}
Event: 14.770 GC heap after
{Heap after GC invocations=21 (full 0):
 garbage-first heap   total 187392K, used 94996K [0x0000000080000000, 0x0000000100000000)
  region size 1024K, 7 young (7168K), 7 survivors (7168K)
 Metaspace       used 87192K, capacity 89511K, committed 89804K, reserved 1126400K
  class space    used 11338K, capacity 12183K, committed 12236K, reserved 1048576K
}
Event: 15.216 GC heap before
{Heap before GC invocations=21 (full 0):
 garbage-first heap   total 187392K, used 149268K [0x0000000080000000, 0x0000000100000000)
  region size 1024K, 61 young (62464K), 7 survivors (7168K)
 Metaspace       used 89171K, capacity 91645K, committed 91852K, reserved 1128448K
  class space    used 11554K, capacity 12412K, committed 12492K, reserved 1048576K
}
Event: 15.230 GC heap after
{Heap after GC invocations=22 (full 0):
 garbage-first heap   total 225280K, used 98295K [0x0000000080000000, 0x0000000100000000)
  region size 1024K, 5 young (5120K), 5 survivors (5120K)
 Metaspace       used 89171K, capacity 91645K, committed 91852K, reserved 1128448K
  class space    used 11554K, capacity 12412K, committed 12492K, reserved 1048576K
}
Event: 15.685 GC heap before
{Heap before GC invocations=23 (full 0):
 garbage-first heap   total 225280K, used 178167K [0x0000000080000000, 0x0000000100000000)
  region size 1024K, 84 young (86016K), 5 survivors (5120K)
 Metaspace       used 90504K, capacity 92759K, committed 93644K, reserved 1130496K
  class space    used 11675K, capacity 12454K, committed 12748K, reserved 1048576K
}
Event: 15.693 GC heap after
{Heap after GC invocations=24 (full 0):
 garbage-first heap   total 225280K, used 101494K [0x0000000080000000, 0x0000000100000000)
  region size 1024K, 9 young (9216K), 9 survivors (9216K)
 Metaspace       used 90504K, capacity 92759K, committed 93644K, reserved 1130496K
  class space    used 11675K, capacity 12454K, committed 12748K, reserved 1048576K
}
Event: 16.130 GC heap before
{Heap before GC invocations=24 (full 0):
 garbage-first heap   total 225280K, used 180342K [0x0000000080000000, 0x0000000100000000)
  region size 1024K, 87 young (89088K), 9 survivors (9216K)
 Metaspace       used 92017K, capacity 94250K, committed 95052K, reserved 1132544K
  class space    used 11834K, capacity 12632K, committed 12876K, reserved 1048576K
}
Event: 16.141 GC heap after
{Heap after GC invocations=25 (full 0):
 garbage-first heap   total 225280K, used 106455K [0x0000000080000000, 0x0000000100000000)
  region size 1024K, 11 young (11264K), 11 survivors (11264K)
 Metaspace       used 92017K, capacity 94250K, committed 95052K, reserved 1132544K
  class space    used 11834K, capacity 12632K, committed 12876K, reserved 1048576K
}
Event: 16.197 GC heap before
{Heap before GC invocations=25 (full 0):
 garbage-first heap   total 225280K, used 121815K [0x0000000080000000, 0x0000000100000000)
  region size 1024K, 23 young (23552K), 11 survivors (11264K)
 Metaspace       used 92203K, capacity 94403K, committed 95052K, reserved 1132544K
  class space    used 11851K, capacity 12636K, committed 12876K, reserved 1048576K
}
Event: 16.209 GC heap after
{Heap after GC invocations=26 (full 0):
 garbage-first heap   total 225280K, used 113595K [0x0000000080000000, 0x0000000100000000)
  region size 1024K, 3 young (3072K), 3 survivors (3072K)
 Metaspace       used 92203K, capacity 94403K, committed 95052K, reserved 1132544K
  class space    used 11851K, capacity 12636K, committed 12876K, reserved 1048576K
}
Event: 16.539 GC heap before
{Heap before GC invocations=27 (full 0):
 garbage-first heap   total 225280K, used 136123K [0x0000000080000000, 0x0000000100000000)
  region size 1024K, 19 young (19456K), 3 survivors (3072K)
 Metaspace       used 94532K, capacity 96805K, committed 97484K, reserved 1134592K
  class space    used 12189K, capacity 13011K, committed 13260K, reserved 1048576K
}
Event: 16.545 GC heap after
{Heap after GC invocations=28 (full 0):
 garbage-first heap   total 225280K, used 126920K [0x0000000080000000, 0x0000000100000000)
  region size 1024K, 8 young (8192K), 8 survivors (8192K)
 Metaspace       used 94532K, capacity 96805K, committed 97484K, reserved 1134592K
  class space    used 12189K, capacity 13011K, committed 13260K, reserved 1048576K
}
Event: 16.892 GC heap before
{Heap before GC invocations=29 (full 0):
 garbage-first heap   total 225280K, used 201672K [0x0000000080000000, 0x0000000100000000)
  region size 1024K, 57 young (58368K), 8 survivors (8192K)
 Metaspace       used 95047K, capacity 97281K, committed 97740K, reserved 1134592K
  class space    used 12261K, capacity 13086K, committed 13260K, reserved 1048576K
}
Event: 16.951 GC heap after
{Heap after GC invocations=30 (full 0):
 garbage-first heap   total 233472K, used 161248K [0x0000000080000000, 0x0000000100000000)
  region size 1024K, 8 young (8192K), 8 survivors (8192K)
 Metaspace       used 95047K, capacity 97281K, committed 97740K, reserved 1134592K
  class space    used 12261K, capacity 13086K, committed 13260K, reserved 1048576K
}
Event: 17.196 GC heap before
{Heap before GC invocations=30 (full 0):
 garbage-first heap   total 233472K, used 191968K [0x0000000080000000, 0x0000000100000000)
  region size 1024K, 36 young (36864K), 8 survivors (8192K)
 Metaspace       used 95048K, capacity 97282K, committed 97740K, reserved 1134592K
  class space    used 12261K, capacity 13086K, committed 13260K, reserved 1048576K
}
Event: 17.222 GC heap after
{Heap after GC invocations=31 (full 0):
 garbage-first heap   total 233472K, used 173267K [0x0000000080000000, 0x0000000100000000)
  region size 1024K, 5 young (5120K), 5 survivors (5120K)
 Metaspace       used 95048K, capacity 97282K, committed 97740K, reserved 1134592K
  class space    used 12261K, capacity 13086K, committed 13260K, reserved 1048576K
}

Deoptimization events (20 events):
Event: 17.277 Thread 0x00000203b53dc000 Uncommon trap: trap_request=0xffffffde fr.pc=0x000002039d1f9c74 relative=0x0000000000000b14
Event: 17.277 Thread 0x00000203b53dc000 Uncommon trap: reason=class_check action=maybe_recompile pc=0x000002039d1f9c74 method=com.android.tools.r8.dex.r.a(ILjava/util/function/Supplier;)Ljava/lang/Object; @ 33 c2
Event: 17.277 Thread 0x00000203b53dc000 DEOPT PACKING pc=0x000002039d1f9c74 sp=0x0000005c4b0fe9c0
Event: 17.277 Thread 0x00000203b53dc800 Uncommon trap: trap_request=0xffffffde fr.pc=0x000002039d1f9c74 relative=0x0000000000000b14
Event: 17.277 Thread 0x00000203b53dc000 DEOPT UNPACKING pc=0x0000020394ff83af sp=0x0000005c4b0fe9c0 mode 2
Event: 17.277 Thread 0x00000203b53dd800 Uncommon trap: trap_request=0xffffffde fr.pc=0x000002039d1f9c74 relative=0x0000000000000b14
Event: 17.277 Thread 0x00000203b53dd800 Uncommon trap: reason=class_check action=maybe_recompile pc=0x000002039d1f9c74 method=com.android.tools.r8.dex.r.a(ILjava/util/function/Supplier;)Ljava/lang/Object; @ 33 c2
Event: 17.277 Thread 0x00000203b53dd800 DEOPT PACKING pc=0x000002039d1f9c74 sp=0x0000005c4b2fee80
Event: 17.277 Thread 0x00000203b53d8000 DEOPT UNPACKING pc=0x0000020394ff83af sp=0x0000005c4b3fe910 mode 2
Event: 17.277 Thread 0x00000203b53dd800 DEOPT UNPACKING pc=0x0000020394ff83af sp=0x0000005c4b2fee80 mode 2
Event: 17.277 Thread 0x00000203b53db000 Uncommon trap: reason=class_check action=maybe_recompile pc=0x000002039d1f9c74 method=com.android.tools.r8.dex.r.a(ILjava/util/function/Supplier;)Ljava/lang/Object; @ 33 c2
Event: 17.277 Thread 0x00000203b53db000 DEOPT PACKING pc=0x000002039d1f9c74 sp=0x0000005c4affe9a0
Event: 17.277 Thread 0x00000203b53db000 DEOPT UNPACKING pc=0x0000020394ff83af sp=0x0000005c4affe9a0 mode 2
Event: 17.277 Thread 0x00000203b53d8800 Uncommon trap: trap_request=0xffffffde fr.pc=0x000002039d1f9c74 relative=0x0000000000000b14
Event: 17.277 Thread 0x00000203b53dc800 Uncommon trap: reason=class_check action=maybe_recompile pc=0x000002039d1f9c74 method=com.android.tools.r8.dex.r.a(ILjava/util/function/Supplier;)Ljava/lang/Object; @ 33 c2
Event: 17.278 Thread 0x00000203b53dc800 DEOPT PACKING pc=0x000002039d1f9c74 sp=0x0000005c4b1feed0
Event: 17.278 Thread 0x00000203b53d8800 Uncommon trap: reason=class_check action=maybe_recompile pc=0x000002039d1f9c74 method=com.android.tools.r8.dex.r.a(ILjava/util/function/Supplier;)Ljava/lang/Object; @ 33 c2
Event: 17.278 Thread 0x00000203b53d8800 DEOPT PACKING pc=0x000002039d1f9c74 sp=0x0000005c4acfe6f0
Event: 17.278 Thread 0x00000203b53dc800 DEOPT UNPACKING pc=0x0000020394ff83af sp=0x0000005c4b1feed0 mode 2
Event: 17.278 Thread 0x00000203b53d8800 DEOPT UNPACKING pc=0x0000020394ff83af sp=0x0000005c4acfe6f0 mode 2

Classes redefined (0 events):
No events

Internal exceptions (20 events):
Event: 14.621 Thread 0x00000203b237a800 Exception <a 'java/lang/NoSuchMethodError'{0x0000000088e3da38}: <clinit>> (0x0000000088e3da38) thrown at [./src/hotspot/share/prims/jni.cpp, line 1362]
Event: 14.911 Thread 0x00000203b237a800 Exception <a 'sun/nio/fs/WindowsException'{0x000000008a6b6d48}> (0x000000008a6b6d48) thrown at [./src/hotspot/share/prims/jni.cpp, line 615]
Event: 14.912 Thread 0x00000203b237a800 Exception <a 'sun/nio/fs/WindowsException'{0x000000008a6b7bc0}> (0x000000008a6b7bc0) thrown at [./src/hotspot/share/prims/jni.cpp, line 615]
Event: 14.912 Thread 0x00000203b237a800 Exception <a 'sun/nio/fs/WindowsException'{0x000000008a6b8568}> (0x000000008a6b8568) thrown at [./src/hotspot/share/prims/jni.cpp, line 615]
Event: 14.912 Thread 0x00000203b237a800 Exception <a 'sun/nio/fs/WindowsException'{0x000000008a6b93d8}> (0x000000008a6b93d8) thrown at [./src/hotspot/share/prims/jni.cpp, line 615]
Event: 14.930 Thread 0x00000203b237a800 Exception <a 'java/lang/NoSuchMethodError'{0x000000008a475a30}: <clinit>> (0x000000008a475a30) thrown at [./src/hotspot/share/prims/jni.cpp, line 1362]
Event: 14.934 Thread 0x00000203b237a800 Exception <a 'java/lang/NoSuchMethodError'{0x000000008a4ac9f8}: <clinit>> (0x000000008a4ac9f8) thrown at [./src/hotspot/share/prims/jni.cpp, line 1362]
Event: 14.938 Thread 0x00000203b237a800 Exception <a 'java/lang/NoSuchMethodError'{0x000000008a4e5a20}: <clinit>> (0x000000008a4e5a20) thrown at [./src/hotspot/share/prims/jni.cpp, line 1362]
Event: 14.939 Thread 0x00000203b237a800 Exception <a 'java/lang/NoSuchMethodError'{0x000000008a4f8ae8}: <clinit>> (0x000000008a4f8ae8) thrown at [./src/hotspot/share/prims/jni.cpp, line 1362]
Event: 15.378 Thread 0x00000203afb92000 Implicit null exception at 0x000002039d144eaf to 0x000002039d145710
Event: 15.379 Thread 0x00000203b0168800 Implicit null exception at 0x000002039d146652 to 0x000002039d146a58
Event: 16.076 Thread 0x00000203b237c800 Exception <a 'java/lang/NoSuchMethodError'{0x0000000089a15190}: 'void java.lang.invoke.DirectMethodHandle$Holder.invokeStatic(java.lang.Object, long)'> (0x0000000089a15190) thrown at [./src/hotspot/share/interpreter/linkResolver.cpp, line 773]
Event: 16.077 Thread 0x00000203b237c800 Exception <a 'java/lang/NoSuchMethodError'{0x0000000089a1a3a8}: 'java.lang.Object java.lang.invoke.DirectMethodHandle$Holder.invokeStatic(java.lang.Object, long)'> (0x0000000089a1a3a8) thrown at [./src/hotspot/share/interpreter/linkResolver.cpp, line 773]
Event: 16.080 Thread 0x00000203b237c800 Exception <a 'java/lang/NoSuchMethodError'{0x0000000089a28710}: 'java.lang.Object java.lang.invoke.DirectMethodHandle$Holder.invokeStaticInit(java.lang.Object, java.lang.Object, long, java.lang.Object)'> (0x0000000089a28710) thrown at [./src/hotspot/share/interpreter/linkResolver.cpp, line 773]
Event: 16.081 Thread 0x00000203b237c800 Exception <a 'java/lang/NoSuchMethodError'{0x0000000089a2e8a8}: 'java.lang.Object java.lang.invoke.DirectMethodHandle$Holder.invokeStatic(java.lang.Object, java.lang.Object, long)'> (0x0000000089a2e8a8) thrown at [./src/hotspot/share/interpreter/linkResolver.cpp, line 773]
Event: 16.085 Thread 0x00000203b237c800 Exception <a 'java/lang/NoSuchMethodError'{0x0000000089a34e20}: 'java.lang.Object java.lang.invoke.Invokers$Holder.linkToTargetMethod(java.lang.Object, long, java.lang.Object)'> (0x0000000089a34e20) thrown at [./src/hotspot/share/interpreter/linkResolver.cpp, line 773]
Event: 16.235 Thread 0x00000203b237c800 Exception <a 'java/lang/NoSuchMethodError'{0x000000008d7da358}: 'int java.lang.invoke.DirectMethodHandle$Holder.invokeSpecialIFC(java.lang.Object, java.lang.Object, java.lang.Object)'> (0x000000008d7da358) thrown at [./src/hotspot/share/interpreter/linkResolver.cpp, line 773]
Event: 16.334 Thread 0x00000203b53d7000 Exception <a 'sun/nio/fs/WindowsException'{0x000000008d3b1a18}> (0x000000008d3b1a18) thrown at [./src/hotspot/share/prims/jni.cpp, line 615]
Event: 16.564 Thread 0x00000203b53d7000 Exception <a 'java/lang/NoSuchMethodError'{0x000000008dbd0dc8}: 'java.lang.Object java.lang.invoke.DirectMethodHandle$Holder.invokeStaticInit(java.lang.Object, java.lang.Object, java.lang.Object, java.lang.Object, java.lang.Object, java.lang.Object, java.lang.Object, java.lang.Object, java.lang.Object, java.lang.Object, java.lang.Object, java.lang.Object, java.lang.Object, java.lang.Object, java.lang.Object, java.lang.Object, java.lang.Object, java.lang.Object, int, java.lang.Object, java.lang.Object)'> (0
Event: 17.285 Thread 0x00000203b53d9800 Exception <a 'java/lang/NoSuchMethodError'{0x000000008d407d08}: 'java.lang.Object java.lang.invoke.DirectMethodHandle$Holder.newInvokeSpecial(java.lang.Object, int)'> (0x000000008d407d08) thrown at [./src/hotspot/share/interpreter/linkResolver.cpp, line 773]

Events (20 events):
Event: 17.308 loading class com/android/tools/r8/code/I3
Event: 17.308 loading class com/android/tools/r8/code/I3 done
Event: 17.308 loading class com/android/tools/r8/code/H3
Event: 17.308 loading class com/android/tools/r8/code/H3 done
Event: 17.308 loading class com/android/tools/r8/code/G3
Event: 17.308 loading class com/android/tools/r8/code/G3 done
Event: 17.308 loading class com/android/tools/r8/code/J3
Event: 17.308 loading class com/android/tools/r8/code/J3 done
Event: 17.309 loading class com/android/tools/r8/code/L3
Event: 17.309 loading class com/android/tools/r8/code/L3 done
Event: 17.309 loading class com/android/tools/r8/code/F3
Event: 17.309 loading class com/android/tools/r8/code/F3 done
Event: 17.309 loading class com/android/tools/r8/code/r3
Event: 17.309 loading class com/android/tools/r8/code/r3 done
Event: 17.309 loading class com/android/tools/r8/code/o3
Event: 17.309 loading class com/android/tools/r8/code/o3 done
Event: 17.309 loading class com/android/tools/r8/code/n3
Event: 17.309 loading class com/android/tools/r8/code/n3 done
Event: 17.309 loading class com/android/tools/r8/code/m3
Event: 17.309 loading class com/android/tools/r8/code/m3 done


Dynamic libraries:
0x00007ff797930000 - 0x00007ff79793a000 	D:\Program Files\Android\jre\bin\java.exe
0x00007ffa79f40000 - 0x00007ffa7a130000 	C:\Windows\SYSTEM32\ntdll.dll
0x00007ffa793e0000 - 0x00007ffa79492000 	C:\Windows\System32\KERNEL32.DLL
0x00007ffa77d50000 - 0x00007ffa77ff3000 	C:\Windows\System32\KERNELBASE.dll
0x00007ffa77b20000 - 0x00007ffa77c1a000 	C:\Windows\System32\ucrtbase.dll
0x00007ffa5cae0000 - 0x00007ffa5caf7000 	D:\Program Files\Android\jre\bin\VCRUNTIME140.dll
0x00007ffa5ce50000 - 0x00007ffa5ce69000 	D:\Program Files\Android\jre\bin\jli.dll
0x00007ffa79090000 - 0x00007ffa79224000 	C:\Windows\System32\USER32.dll
0x00007ffa76f10000 - 0x00007ffa76f31000 	C:\Windows\System32\win32u.dll
0x00007ffa63cc0000 - 0x00007ffa63f45000 	C:\Windows\WinSxS\amd64_microsoft.windows.common-controls_6595b64144ccf1df_6.0.18362.535_none_e6c3b34713100821\COMCTL32.dll
0x00007ffa78890000 - 0x00007ffa788b6000 	C:\Windows\System32\GDI32.dll
0x00007ffa784a0000 - 0x00007ffa7853e000 	C:\Windows\System32\msvcrt.dll
0x00007ffa77130000 - 0x00007ffa772c4000 	C:\Windows\System32\gdi32full.dll
0x00007ffa78030000 - 0x00007ffa78366000 	C:\Windows\System32\combase.dll
0x00007ffa77090000 - 0x00007ffa7712e000 	C:\Windows\System32\msvcp_win.dll
0x00007ffa79710000 - 0x00007ffa79830000 	C:\Windows\System32\RPCRT4.dll
0x00007ffa77c20000 - 0x00007ffa77ca0000 	C:\Windows\System32\bcryptPrimitives.dll
0x00007ffa78540000 - 0x00007ffa7856e000 	C:\Windows\System32\IMM32.DLL
0x00007ffa50c80000 - 0x00007ffa50d1d000 	D:\Program Files\Android\jre\bin\msvcp140.dll
0x00007ffa35290000 - 0x00007ffa35d65000 	D:\Program Files\Android\jre\bin\server\jvm.dll
0x00007ffa79640000 - 0x00007ffa796e3000 	C:\Windows\System32\ADVAPI32.dll
0x00007ffa783f0000 - 0x00007ffa78487000 	C:\Windows\System32\sechost.dll
0x00007ffa798e0000 - 0x00007ffa798e8000 	C:\Windows\System32\PSAPI.DLL
0x00007ffa71a30000 - 0x00007ffa71a39000 	C:\Windows\SYSTEM32\WSOCK32.dll
0x00007ffa788c0000 - 0x00007ffa7892f000 	C:\Windows\System32\WS2_32.dll
0x00007ffa70840000 - 0x00007ffa7084a000 	C:\Windows\SYSTEM32\VERSION.dll
0x00007ffa74a20000 - 0x00007ffa74a44000 	C:\Windows\SYSTEM32\WINMM.dll
0x00007ffa745a0000 - 0x00007ffa745cd000 	C:\Windows\SYSTEM32\WINMMBASE.dll
0x00007ffa77d00000 - 0x00007ffa77d4a000 	C:\Windows\System32\cfgmgr32.dll
0x00007ffa76e60000 - 0x00007ffa76e71000 	C:\Windows\System32\kernel.appcore.dll
0x00007ffa6fe40000 - 0x00007ffa6fe51000 	D:\Program Files\Android\jre\bin\verify.dll
0x00007ffa75770000 - 0x00007ffa75964000 	C:\Windows\SYSTEM32\DBGHELP.DLL
0x00007ffa60c70000 - 0x00007ffa60c9a000 	C:\Windows\SYSTEM32\dbgcore.DLL
0x00007ffa65570000 - 0x00007ffa65599000 	D:\Program Files\Android\jre\bin\java.dll
0x00007ffa71a20000 - 0x00007ffa71a2b000 	D:\Program Files\Android\jre\bin\jimage.dll
0x00007ffa6ec70000 - 0x00007ffa6ec88000 	D:\Program Files\Android\jre\bin\zip.dll
0x00007ffa78930000 - 0x00007ffa79015000 	C:\Windows\System32\SHELL32.dll
0x00007ffa78780000 - 0x00007ffa78829000 	C:\Windows\System32\shcore.dll
0x00007ffa772f0000 - 0x00007ffa77a6f000 	C:\Windows\System32\windows.storage.dll
0x00007ffa76ed0000 - 0x00007ffa76eef000 	C:\Windows\System32\profapi.dll
0x00007ffa76e80000 - 0x00007ffa76eca000 	C:\Windows\System32\powrprof.dll
0x00007ffa76e50000 - 0x00007ffa76e60000 	C:\Windows\System32\UMPDC.dll
0x00007ffa794a0000 - 0x00007ffa794f2000 	C:\Windows\System32\shlwapi.dll
0x00007ffa772d0000 - 0x00007ffa772e7000 	C:\Windows\System32\cryptsp.dll
0x00007ffa6e560000 - 0x00007ffa6e57a000 	D:\Program Files\Android\jre\bin\net.dll
0x00007ffa67470000 - 0x00007ffa67560000 	C:\Windows\SYSTEM32\WINHTTP.dll
0x00007ffa766c0000 - 0x00007ffa76727000 	C:\Windows\system32\mswsock.dll
0x00007ffa66fe0000 - 0x00007ffa66ff4000 	D:\Program Files\Android\jre\bin\nio.dll
0x00007ffa540d0000 - 0x00007ffa540f7000 	D:\ProgramsfilesD\Android\Sdk\native\e1d6ef7f7dcc3fd88c89a11ec53ec762bb8ba0a96d01ffa2cd45eb1d1d8dd5c5\windows-amd64\native-platform.dll
0x00007ffa4a870000 - 0x00007ffa4a9b4000 	D:\ProgramsfilesD\Android\Sdk\native\5664cfc778a61ccfe75a443a1ab52a65af34e5dc3c78e0209fed803814484fcb\windows-amd64\native-platform-file-events.dll
0x00007ffa6c250000 - 0x00007ffa6c25a000 	D:\Program Files\Android\jre\bin\management.dll
0x00007ffa66f90000 - 0x00007ffa66f9d000 	D:\Program Files\Android\jre\bin\management_ext.dll
0x00007ffa76230000 - 0x00007ffa76263000 	C:\Windows\system32\rsaenh.dll
0x00007ffa78000000 - 0x00007ffa78026000 	C:\Windows\System32\bcrypt.dll
0x00007ffa76d40000 - 0x00007ffa76d65000 	C:\Windows\SYSTEM32\USERENV.dll
0x00007ffa76890000 - 0x00007ffa7689c000 	C:\Windows\SYSTEM32\CRYPTBASE.dll
0x00007ffa763d0000 - 0x00007ffa7640a000 	C:\Windows\SYSTEM32\IPHLPAPI.DLL
0x00007ffa78490000 - 0x00007ffa78498000 	C:\Windows\System32\NSI.dll
0x00007ffa6e9d0000 - 0x00007ffa6e9e6000 	C:\Windows\SYSTEM32\dhcpcsvc6.DLL
0x00007ffa701d0000 - 0x00007ffa701ec000 	C:\Windows\SYSTEM32\dhcpcsvc.DLL
0x00007ffa76410000 - 0x00007ffa764da000 	C:\Windows\SYSTEM32\DNSAPI.dll

dbghelp: loaded successfully - version: 4.0.5 - missing functions: none
symbol engine: initialized successfully - sym options: 0x614 - pdb path: .;D:\Program Files\Android\jre\bin;C:\Windows\SYSTEM32;C:\Windows\WinSxS\amd64_microsoft.windows.common-controls_6595b64144ccf1df_6.0.18362.535_none_e6c3b34713100821;D:\Program Files\Android\jre\bin\server;D:\ProgramsfilesD\Android\Sdk\native\e1d6ef7f7dcc3fd88c89a11ec53ec762bb8ba0a96d01ffa2cd45eb1d1d8dd5c5\windows-amd64;D:\ProgramsfilesD\Android\Sdk\native\5664cfc778a61ccfe75a443a1ab52a65af34e5dc3c78e0209fed803814484fcb\windows-amd64

VM Arguments:
jvm_args: --add-opens=java.base/java.util=ALL-UNNAMED --add-opens=java.base/java.lang=ALL-UNNAMED --add-opens=java.base/java.lang.invoke=ALL-UNNAMED --add-opens=java.base/java.util=ALL-UNNAMED --add-opens=java.prefs/java.util.prefs=ALL-UNNAMED --add-opens=java.prefs/java.util.prefs=ALL-UNNAMED --add-opens=java.base/java.nio.charset=ALL-UNNAMED --add-opens=java.base/java.net=ALL-UNNAMED --add-opens=java.base/java.util.concurrent.atomic=ALL-UNNAMED -Xmx2048m -Dfile.encoding=UTF-8 -Duser.country=RU -Duser.language=ru -Duser.variant 
java_command: org.gradle.launcher.daemon.bootstrap.GradleDaemon 7.2
java_class_path (initial): D:\ProgramsfilesD\Android\Sdk\wrapper\dists\gradle-7.2-bin\2dnblmf4td7x66yl1d74lt32g\gradle-7.2\lib\gradle-launcher-7.2.jar
Launcher Type: SUN_STANDARD

[Global flags]
     intx CICompilerCount                          = 4                                         {product} {ergonomic}
     uint ConcGCThreads                            = 2                                         {product} {ergonomic}
     uint G1ConcRefinementThreads                  = 8                                         {product} {ergonomic}
   size_t G1HeapRegionSize                         = 1048576                                   {product} {ergonomic}
    uintx GCDrainStackTargetSize                   = 64                                        {product} {ergonomic}
   size_t InitialHeapSize                          = 132120576                                 {product} {ergonomic}
   size_t MarkStackSize                            = 4194304                                   {product} {ergonomic}
   size_t MaxHeapSize                              = 2147483648                                {product} {command line}
   size_t MaxNewSize                               = 1287651328                                {product} {ergonomic}
   size_t MinHeapDeltaBytes                        = 1048576                                   {product} {ergonomic}
    uintx NonNMethodCodeHeapSize                   = 5836300                                {pd product} {ergonomic}
    uintx NonProfiledCodeHeapSize                  = 122910970                              {pd product} {ergonomic}
    uintx ProfiledCodeHeapSize                     = 122910970                              {pd product} {ergonomic}
    uintx ReservedCodeCacheSize                    = 251658240                              {pd product} {ergonomic}
     bool SegmentedCodeCache                       = true                                      {product} {ergonomic}
     bool UseCompressedClassPointers               = true                                 {lp64_product} {ergonomic}
     bool UseCompressedOops                        = true                                 {lp64_product} {ergonomic}
     bool UseG1GC                                  = true                                      {product} {ergonomic}
     bool UseLargePagesIndividualAllocation        = false                                  {pd product} {ergonomic}

Logging:
Log output configuration:
 #0: stdout all=warning uptime,level,tags
 #1: stderr all=off uptime,level,tags

Environment Variables:
JAVA_HOME=D:\Program Files\Java
PATH=C:\PROGRA~2\Borland\CBUILD~1\Bin;C:\PROGRA~2\Borland\CBUILD~1\Projects\Bpl;C:\Program Files\Common Files\Oracle\Java\javapath;C:\Windows\system32;C:\Windows;C:\Windows\System32\Wbem;C:\Windows\System32\WindowsPowerShell\v1.0\;C:\Program Files (x86)\NVIDIA Corporation\PhysX\Common;C:\Program Files\NVIDIA Corporation\NVIDIA NvDLISR;C:\Program Files\Microsoft\Web Platform Installer\;C:\Program Files (x86)\Microsoft ASP.NET\ASP.NET Web Pages\v1.0\;C:\Program Files\Microsoft SQL Server\110\Tools\Binn\;C:\Program Files\Git\cmd;C:\Users\asus\AppData\Local\Programs\Python\Python310\Scripts\;C:\Users\asus\AppData\Local\Programs\Python\Python310\;C:\Users\asus\AppData\Local\Microsoft\WindowsApps;;D:\Program Files\JetBrains\IntelliJ IDEA Community Edition 2020.3\bin;
USERNAME=asus
OS=Windows_NT
PROCESSOR_IDENTIFIER=Intel64 Family 6 Model 126 Stepping 5, GenuineIntel



---------------  S Y S T E M  ---------------

OS: Windows 10 , 64 bit Build 18362 (10.0.18362.329)
OS uptime: 0 days 1:49 hours

CPU:total 8 (initial active 8) (4 cores per cpu, 2 threads per core) family 6 model 126 stepping 5 microcode 0x96, cmov, cx8, fxsr, mmx, sse, sse2, sse3, ssse3, sse4.1, sse4.2, popcnt, avx, avx2, aes, clmul, erms, 3dnowpref, lzcnt, ht, tsc, tscinvbit, bmi1, bmi2, adx, evex, sha, fma

Memory: 4k page, system-wide physical 7997M (608M free)
TotalPageFile size 7997M (AvailPageFile size 6M)
current process WorkingSet (physical memory assigned to process): 520M, peak: 520M
current process commit charge ("private bytes"): 562M, peak: 563M

vm_info: OpenJDK 64-Bit Server VM (11.0.11+9-b60-7590822) for windows-amd64 JRE (11.0.11+9-b60-7590822), built on Jul 29 2021 21:43:44 by "builder" with MS VC++ 14.0 (VS2015)

END.
