#
# There is insufficient memory for the Java Runtime Environment to continue.
# Native memory allocation (mmap) failed to map 35651584 bytes for Failed to commit area from 0x000000008c800000 to 0x000000008ea00000 of length 35651584.
# Possible reasons:
#   The system is out of physical RAM or swap space
#   The process is running with CompressedOops enabled, and the Java Heap may be blocking the growth of the native heap
# Possible solutions:
#   Reduce memory load on the system
#   Increase physical memory or swap space
#   Check if swap backing store is full
#   Decrease Java heap size (-Xmx/-Xms)
#   Decrease number of Java threads
#   Decrease Java thread stack sizes (-Xss)
#   Set larger code cache with -XX:ReservedCodeCacheSize=
#   JVM is running with Unscaled Compressed Oops mode in which the Java heap is
#     placed in the first 4GB address space. The Java Heap base address is the
#     maximum limit for the native heap growth. Please use -XX:HeapBaseMinAddress
#     to set the Java Heap base and to place the Java Heap above 4GB virtual address.
# This output file may be truncated or incomplete.
#
#  Out of Memory Error (./src/hotspot/os/windows/os_windows.cpp:3301), pid=1276, tid=2284
#
# JRE version: OpenJDK Runtime Environment (11.0.11+9) (build 11.0.11+9-b60-7590822)
# Java VM: OpenJDK 64-Bit Server VM (11.0.11+9-b60-7590822, mixed mode, tiered, compressed oops, g1 gc, windows-amd64)
# No core dump will be written. Minidumps are not enabled by default on client versions of Windows
#

---------------  S U M M A R Y ------------

Command Line: org.jetbrains.kotlin.cli.jvm.K2JVMCompiler @D:\NotesApp\app\build\20220518_7421613529278080264.compiler.options

Host: Intel(R) Core(TM) i7-1065G7 CPU @ 1.30GHz, 8 cores, 7G,  Windows 10 , 64 bit Build 18362 (10.0.18362.329)
Time: Wed May 18 19:28:47 2022 Caiaaiay Acey (ceia) elapsed time: 6.513891 seconds (0d 0h 0m 6s)

---------------  T H R E A D  ---------------

Current thread (0x000001827eaad000):  VMThread "VM Thread" [stack: 0x0000000fe7300000,0x0000000fe7400000] [id=2284]

Stack: [0x0000000fe7300000,0x0000000fe7400000]
[error occurred during error reporting (printing stack bounds), id 0xc0000005, EXCEPTION_ACCESS_VIOLATION (0xc0000005) at pc=0x00000182000010e7]

Native frames: (J=compiled Java code, j=interpreted, Vv=VM code, C=native code)
V  [jvm.dll+0x5f214a]
V  [jvm.dll+0x726fb5]
V  [jvm.dll+0x7285cd]
V  [jvm.dll+0x728be5]
V  [jvm.dll+0x728b9b]
V  [jvm.dll+0x5f14e8]
V  [jvm.dll+0x5f1c78]
C  [ntdll.dll+0xa11ff]
C  [ntdll.dll+0x6a289]
C  [ntdll.dll+0x9fe6e]
C  0x00000182000010e7

VM_Operation (0x0000000fe7afe8f0): CollectForMetadataAllocation, mode: safepoint, requested by thread 0x000001827f33e800


---------------  P R O C E S S  ---------------

Threads class SMR info:
_java_thread_list=0x0000018214e2bdc0, length=12, elements={
0x00000182757ea800, 0x000001827eacf000, 0x000001827ead9000, 0x000001827f335800,
0x000001827f33b000, 0x000001827f33c000, 0x000001827f33d000, 0x000001827f33e800,
0x000001827f341800, 0x000001827f4a0800, 0x000001827f49d800, 0x000001827f4df000
}

Java Threads: ( => current thread )
  0x00000182757ea800 JavaThread "main" [_thread_blocked, id=9016, stack(0x0000000fe6d00000,0x0000000fe6e00000)]
  0x000001827eacf000 JavaThread "Reference Handler" daemon [_thread_blocked, id=11000, stack(0x0000000fe7400000,0x0000000fe7500000)]
  0x000001827ead9000 JavaThread "Finalizer" daemon [_thread_blocked, id=5324, stack(0x0000000fe7500000,0x0000000fe7600000)]
  0x000001827f335800 JavaThread "Signal Dispatcher" daemon [_thread_blocked, id=7396, stack(0x0000000fe7600000,0x0000000fe7700000)]
  0x000001827f33b000 JavaThread "Attach Listener" daemon [_thread_blocked, id=736, stack(0x0000000fe7700000,0x0000000fe7800000)]
  0x000001827f33c000 JavaThread "Service Thread" daemon [_thread_blocked, id=9428, stack(0x0000000fe7800000,0x0000000fe7900000)]
  0x000001827f33d000 JavaThread "C2 CompilerThread0" daemon [_thread_blocked, id=7436, stack(0x0000000fe7900000,0x0000000fe7a00000)]
  0x000001827f33e800 JavaThread "C1 CompilerThread0" daemon [_thread_blocked, id=4812, stack(0x0000000fe7a00000,0x0000000fe7b00000)]
  0x000001827f341800 JavaThread "Sweeper thread" daemon [_thread_blocked, id=4316, stack(0x0000000fe7b00000,0x0000000fe7c00000)]
  0x000001827f4a0800 JavaThread "Common-Cleaner" daemon [_thread_blocked, id=10876, stack(0x0000000fe7d00000,0x0000000fe7e00000)]
  0x000001827f49d800 JavaThread "C2 CompilerThread1" daemon [_thread_in_native, id=3500, stack(0x0000000fe7e00000,0x0000000fe7f00000)]
  0x000001827f4df000 JavaThread "C2 CompilerThread2" daemon [_thread_blocked, id=5312, stack(0x0000000fe7f00000,0x0000000fe8000000)]

Other Threads:
=>0x000001827eaad000 VMThread "VM Thread" [stack: 0x0000000fe7300000,0x0000000fe7400000] [id=2284]
  0x000001827f49a800 WatcherThread [stack: 0x0000000fe7c00000,0x0000000fe7d00000] [id=7320]
  0x0000018275802000 GCTaskThread "GC Thread#0" [stack: 0x0000000fe6e00000,0x0000000fe6f00000] [id=5004]
  0x000001827fcc7800 GCTaskThread "GC Thread#1" [stack: 0x0000000fe8000000,0x0000000fe8100000] [id=3448]
  0x000001827fcc8000 GCTaskThread "GC Thread#2" [stack: 0x0000000fe8100000,0x0000000fe8200000] [id=5060]
  0x000001827583b800 ConcurrentGCThread "G1 Main Marker" [stack: 0x0000000fe6f00000,0x0000000fe7000000] [id=1264]
  0x000001827583d000 ConcurrentGCThread "G1 Conc#0" [stack: 0x0000000fe7000000,0x0000000fe7100000] [id=92]
  0x0000018212303000 ConcurrentGCThread "G1 Conc#1" [stack: 0x0000000fe8200000,0x0000000fe8300000] [id=9308]
  0x00000182758be000 ConcurrentGCThread "G1 Refine#0" [stack: 0x0000000fe7100000,0x0000000fe7200000] [id=10932]
  0x0000018214d49000 ConcurrentGCThread "G1 Refine#1" [stack: 0x0000000fe8300000,0x0000000fe8400000] [id=6616]
  0x000001821167b800 ConcurrentGCThread "G1 Refine#2" [stack: 0x0000000fe8400000,0x0000000fe8500000] [id=8104]
  0x00000182120ee800 ConcurrentGCThread "G1 Refine#3" [stack: 0x0000000fe8500000,0x0000000fe8600000] [id=10416]
  0x000001827e914800 ConcurrentGCThread "G1 Young RemSet Sampling" [stack: 0x0000000fe7200000,0x0000000fe7300000] [id=9660]

Threads with active compile tasks:
C2 CompilerThread0   6520 6413   !   4       org.jetbrains.kotlin.metadata.ProtoBuf$Type$Argument::<init> (401 bytes)
C1 CompilerThread0   6521 6503       3       org.jetbrains.kotlin.resolve.calls.context.ResolutionContext::<init> (203 bytes)
C2 CompilerThread1   6521 6368       4       org.jetbrains.kotlin.cli.jvm.index.JvmDependenciesIndexImpl::search (379 bytes)
C2 CompilerThread2   6521 6374       4       org.jetbrains.kotlin.serialization.deserialization.descriptors.DeserializedPackageMemberScope::hasClass (116 bytes)

VM state:at safepoint (normal execution)

VM Mutex/Monitor currently owned by a thread:  ([mutex/lock_event])
[0x00000182757e9310] Threads_lock - owner thread: 0x000001827eaad000
[0x00000182757e9160] Heap_lock - owner thread: 0x000001827f33e800
[0x00000182757e8110] MethodData_lock - owner thread: 0x000001827f33e800

Heap address: 0x0000000083000000, size: 2000 MB, Compressed Oops mode: 32-bit
Narrow klass base: 0x0000000000000000, Narrow klass shift: 3
Compressed class space size: 1073741824 Address: 0x0000000100000000

Heap:
 garbage-first heap   total 190464K, used 51169K [0x0000000083000000, 0x0000000100000000)
  region size 1024K, 2 young (2048K), 2 survivors (2048K)
 Metaspace       used 59577K, capacity 60299K, committed 60420K, reserved 1101824K
  class space    used 6917K, capacity 7193K, committed 7252K, reserved 1048576K
Heap Regions: E=young(eden), S=young(survivor), O=old, HS=humongous(starts), HC=humongous(continues), CS=collection set, F=free, A=archive, TAMS=top-at-mark-start (previous, next)
|   0|0x0000000083000000, 0x0000000083100000, 0x0000000083100000|100%|HS|  |TAMS 0x0000000083100000, 0x0000000083100000| Complete 
|   1|0x0000000083100000, 0x0000000083200000, 0x0000000083200000|100%|HC|  |TAMS 0x0000000083200000, 0x0000000083200000| Complete 
|   2|0x0000000083200000, 0x0000000083300000, 0x0000000083300000|100%|HC|  |TAMS 0x0000000083300000, 0x0000000083300000| Complete 
|   3|0x0000000083300000, 0x0000000083400000, 0x0000000083400000|100%|HS|  |TAMS 0x0000000083400000, 0x0000000083400000| Complete 
|   4|0x0000000083400000, 0x0000000083500000, 0x0000000083500000|100%|HC|  |TAMS 0x0000000083500000, 0x0000000083500000| Complete 
|   5|0x0000000083500000, 0x0000000083600000, 0x0000000083600000|100%|HC|  |TAMS 0x0000000083600000, 0x0000000083600000| Complete 
|   6|0x0000000083600000, 0x0000000083700000, 0x0000000083700000|100%|HS|  |TAMS 0x0000000083600000, 0x0000000083700000| Complete 
|   7|0x0000000083700000, 0x0000000083800000, 0x0000000083800000|100%|HC|  |TAMS 0x0000000083700000, 0x0000000083800000| Complete 
|   8|0x0000000083800000, 0x0000000083900000, 0x0000000083900000|100%| O|  |TAMS 0x0000000083900000, 0x0000000083900000| Untracked 
|   9|0x0000000083900000, 0x0000000083a00000, 0x0000000083a00000|100%| O|  |TAMS 0x0000000083a00000, 0x0000000083a00000| Untracked 
|  10|0x0000000083a00000, 0x0000000083b00000, 0x0000000083b00000|100%| O|  |TAMS 0x0000000083b00000, 0x0000000083b00000| Untracked 
|  11|0x0000000083b00000, 0x0000000083c00000, 0x0000000083c00000|100%| O|  |TAMS 0x0000000083c00000, 0x0000000083c00000| Untracked 
|  12|0x0000000083c00000, 0x0000000083d00000, 0x0000000083d00000|100%| O|  |TAMS 0x0000000083d00000, 0x0000000083d00000| Untracked 
|  13|0x0000000083d00000, 0x0000000083e00000, 0x0000000083e00000|100%| O|  |TAMS 0x0000000083e00000, 0x0000000083e00000| Untracked 
|  14|0x0000000083e00000, 0x0000000083f00000, 0x0000000083f00000|100%| O|  |TAMS 0x0000000083f00000, 0x0000000083f00000| Untracked 
|  15|0x0000000083f00000, 0x0000000084000000, 0x0000000084000000|100%| O|  |TAMS 0x0000000084000000, 0x0000000084000000| Untracked 
|  16|0x0000000084000000, 0x0000000084100000, 0x0000000084100000|100%| O|  |TAMS 0x0000000084064a00, 0x0000000084100000| Untracked 
|  17|0x0000000084100000, 0x0000000084200000, 0x0000000084200000|100%| O|  |TAMS 0x0000000084100000, 0x0000000084200000| Untracked 
|  18|0x0000000084200000, 0x0000000084300000, 0x0000000084300000|100%| O|  |TAMS 0x0000000084200000, 0x0000000084300000| Untracked 
|  19|0x0000000084300000, 0x0000000084400000, 0x0000000084400000|100%| O|  |TAMS 0x0000000084300000, 0x0000000084400000| Untracked 
|  20|0x0000000084400000, 0x0000000084500000, 0x0000000084500000|100%| O|  |TAMS 0x0000000084400000, 0x0000000084500000| Untracked 
|  21|0x0000000084500000, 0x0000000084600000, 0x0000000084600000|100%| O|  |TAMS 0x0000000084500000, 0x0000000084600000| Untracked 
|  22|0x0000000084600000, 0x0000000084700000, 0x0000000084700000|100%| O|  |TAMS 0x0000000084600000, 0x0000000084700000| Untracked 
|  23|0x0000000084700000, 0x0000000084800000, 0x0000000084800000|100%| O|  |TAMS 0x0000000084700000, 0x0000000084800000| Untracked 
|  24|0x0000000084800000, 0x0000000084900000, 0x0000000084900000|100%| O|  |TAMS 0x0000000084800000, 0x0000000084900000| Untracked 
|  25|0x0000000084900000, 0x0000000084a00000, 0x0000000084a00000|100%| O|  |TAMS 0x0000000084900000, 0x0000000084a00000| Untracked 
|  26|0x0000000084a00000, 0x0000000084b00000, 0x0000000084b00000|100%| O|  |TAMS 0x0000000084a00000, 0x0000000084b00000| Untracked 
|  27|0x0000000084b00000, 0x0000000084c00000, 0x0000000084c00000|100%| O|  |TAMS 0x0000000084b00000, 0x0000000084c00000| Untracked 
|  28|0x0000000084c00000, 0x0000000084d00000, 0x0000000084d00000|100%| O|  |TAMS 0x0000000084c00000, 0x0000000084d00000| Untracked 
|  29|0x0000000084d00000, 0x0000000084e00000, 0x0000000084e00000|100%| O|  |TAMS 0x0000000084d00000, 0x0000000084e00000| Untracked 
|  30|0x0000000084e00000, 0x0000000084f00000, 0x0000000084f00000|100%| O|  |TAMS 0x0000000084e00000, 0x0000000084f00000| Untracked 
|  31|0x0000000084f00000, 0x0000000085000000, 0x0000000085000000|100%| O|  |TAMS 0x0000000084f00000, 0x0000000085000000| Untracked 
|  32|0x0000000085000000, 0x0000000085100000, 0x0000000085100000|100%| O|  |TAMS 0x0000000085000000, 0x0000000085100000| Untracked 
|  33|0x0000000085100000, 0x0000000085200000, 0x0000000085200000|100%| O|  |TAMS 0x0000000085100000, 0x0000000085200000| Untracked 
|  34|0x0000000085200000, 0x0000000085300000, 0x0000000085300000|100%| O|  |TAMS 0x0000000085200000, 0x0000000085300000| Untracked 
|  35|0x0000000085300000, 0x0000000085400000, 0x0000000085400000|100%| O|  |TAMS 0x0000000085300000, 0x0000000085400000| Untracked 
|  36|0x0000000085400000, 0x0000000085500000, 0x0000000085500000|100%| O|  |TAMS 0x0000000085400000, 0x0000000085500000| Untracked 
|  37|0x0000000085500000, 0x0000000085600000, 0x0000000085600000|100%| O|  |TAMS 0x0000000085500000, 0x0000000085600000| Untracked 
|  38|0x0000000085600000, 0x0000000085700000, 0x0000000085700000|100%| O|  |TAMS 0x0000000085600000, 0x0000000085700000| Untracked 
|  39|0x0000000085700000, 0x0000000085800000, 0x0000000085800000|100%| O|  |TAMS 0x0000000085700000, 0x0000000085800000| Untracked 
|  40|0x0000000085800000, 0x0000000085900000, 0x0000000085900000|100%| O|  |TAMS 0x0000000085800000, 0x0000000085900000| Untracked 
|  41|0x0000000085900000, 0x0000000085a00000, 0x0000000085a00000|100%| O|  |TAMS 0x0000000085900000, 0x0000000085a00000| Untracked 
|  42|0x0000000085a00000, 0x0000000085b00000, 0x0000000085b00000|100%| O|  |TAMS 0x0000000085a00000, 0x0000000085b00000| Untracked 
|  43|0x0000000085b00000, 0x0000000085c00000, 0x0000000085c00000|100%| O|  |TAMS 0x0000000085b00000, 0x0000000085c00000| Untracked 
|  44|0x0000000085c00000, 0x0000000085d00000, 0x0000000085d00000|100%| O|  |TAMS 0x0000000085c00000, 0x0000000085d00000| Untracked 
|  45|0x0000000085d00000, 0x0000000085e00000, 0x0000000085e00000|100%| O|  |TAMS 0x0000000085d00000, 0x0000000085e00000| Untracked 
|  46|0x0000000085e00000, 0x0000000085f00000, 0x0000000085f00000|100%| O|  |TAMS 0x0000000085e00000, 0x0000000085f00000| Untracked 
|  47|0x0000000085f00000, 0x0000000086000000, 0x0000000086000000|100%| O|  |TAMS 0x0000000085f00000, 0x0000000086000000| Untracked 
|  48|0x0000000086000000, 0x0000000086078400, 0x0000000086100000| 46%| O|  |TAMS 0x0000000086000000, 0x0000000086078400| Untracked 
|  49|0x0000000086100000, 0x0000000086100000, 0x0000000086200000|  0%| F|  |TAMS 0x0000000086100000, 0x0000000086100000| Untracked 
|  50|0x0000000086200000, 0x0000000086200000, 0x0000000086300000|  0%| F|  |TAMS 0x0000000086200000, 0x0000000086200000| Untracked 
|  51|0x0000000086300000, 0x0000000086300000, 0x0000000086400000|  0%| F|  |TAMS 0x0000000086300000, 0x0000000086300000| Untracked 
|  52|0x0000000086400000, 0x0000000086400000, 0x0000000086500000|  0%| F|  |TAMS 0x0000000086400000, 0x0000000086400000| Untracked 
|  53|0x0000000086500000, 0x0000000086500000, 0x0000000086600000|  0%| F|  |TAMS 0x0000000086500000, 0x0000000086500000| Untracked 
|  54|0x0000000086600000, 0x0000000086600000, 0x0000000086700000|  0%| F|  |TAMS 0x0000000086600000, 0x0000000086600000| Untracked 
|  55|0x0000000086700000, 0x0000000086700000, 0x0000000086800000|  0%| F|  |TAMS 0x0000000086700000, 0x0000000086700000| Untracked 
|  56|0x0000000086800000, 0x0000000086800000, 0x0000000086900000|  0%| F|  |TAMS 0x0000000086800000, 0x0000000086800000| Untracked 
|  57|0x0000000086900000, 0x0000000086900000, 0x0000000086a00000|  0%| F|  |TAMS 0x0000000086900000, 0x0000000086900000| Untracked 
|  58|0x0000000086a00000, 0x0000000086a00000, 0x0000000086b00000|  0%| F|  |TAMS 0x0000000086a00000, 0x0000000086a00000| Untracked 
|  59|0x0000000086b00000, 0x0000000086b00000, 0x0000000086c00000|  0%| F|  |TAMS 0x0000000086b00000, 0x0000000086b00000| Untracked 
|  60|0x0000000086c00000, 0x0000000086c00000, 0x0000000086d00000|  0%| F|  |TAMS 0x0000000086c00000, 0x0000000086c00000| Untracked 
|  61|0x0000000086d00000, 0x0000000086d00000, 0x0000000086e00000|  0%| F|  |TAMS 0x0000000086d00000, 0x0000000086d00000| Untracked 
|  62|0x0000000086e00000, 0x0000000086e00000, 0x0000000086f00000|  0%| F|  |TAMS 0x0000000086e00000, 0x0000000086e00000| Untracked 
|  63|0x0000000086f00000, 0x0000000086f00000, 0x0000000087000000|  0%| F|  |TAMS 0x0000000086f00000, 0x0000000086f00000| Untracked 
|  64|0x0000000087000000, 0x0000000087000000, 0x0000000087100000|  0%| F|  |TAMS 0x0000000087000000, 0x0000000087000000| Untracked 
|  65|0x0000000087100000, 0x0000000087100000, 0x0000000087200000|  0%| F|  |TAMS 0x0000000087100000, 0x0000000087100000| Untracked 
|  66|0x0000000087200000, 0x0000000087200000, 0x0000000087300000|  0%| F|  |TAMS 0x0000000087200000, 0x0000000087200000| Untracked 
|  67|0x0000000087300000, 0x0000000087300000, 0x0000000087400000|  0%| F|  |TAMS 0x0000000087300000, 0x0000000087300000| Untracked 
|  68|0x0000000087400000, 0x0000000087400000, 0x0000000087500000|  0%| F|  |TAMS 0x0000000087400000, 0x0000000087400000| Untracked 
|  69|0x0000000087500000, 0x0000000087500000, 0x0000000087600000|  0%| F|  |TAMS 0x0000000087500000, 0x0000000087500000| Untracked 
|  70|0x0000000087600000, 0x0000000087600000, 0x0000000087700000|  0%| F|  |TAMS 0x0000000087600000, 0x0000000087600000| Untracked 
|  71|0x0000000087700000, 0x0000000087700000, 0x0000000087800000|  0%| F|  |TAMS 0x0000000087700000, 0x0000000087700000| Untracked 
|  72|0x0000000087800000, 0x0000000087800000, 0x0000000087900000|  0%| F|  |TAMS 0x0000000087800000, 0x0000000087800000| Untracked 
|  73|0x0000000087900000, 0x0000000087900000, 0x0000000087a00000|  0%| F|  |TAMS 0x0000000087900000, 0x0000000087900000| Untracked 
|  74|0x0000000087a00000, 0x0000000087a00000, 0x0000000087b00000|  0%| F|  |TAMS 0x0000000087a00000, 0x0000000087a00000| Untracked 
|  75|0x0000000087b00000, 0x0000000087b00000, 0x0000000087c00000|  0%| F|  |TAMS 0x0000000087b00000, 0x0000000087b00000| Untracked 
|  76|0x0000000087c00000, 0x0000000087c00000, 0x0000000087d00000|  0%| F|  |TAMS 0x0000000087c00000, 0x0000000087c00000| Untracked 
|  77|0x0000000087d00000, 0x0000000087d00000, 0x0000000087e00000|  0%| F|  |TAMS 0x0000000087d00000, 0x0000000087d00000| Untracked 
|  78|0x0000000087e00000, 0x0000000087e00000, 0x0000000087f00000|  0%| F|  |TAMS 0x0000000087e00000, 0x0000000087e00000| Untracked 
|  79|0x0000000087f00000, 0x0000000087f00000, 0x0000000088000000|  0%| F|  |TAMS 0x0000000087f00000, 0x0000000087f00000| Untracked 
|  80|0x0000000088000000, 0x0000000088000000, 0x0000000088100000|  0%| F|  |TAMS 0x0000000088000000, 0x0000000088000000| Untracked 
|  81|0x0000000088100000, 0x0000000088100000, 0x0000000088200000|  0%| F|  |TAMS 0x0000000088100000, 0x0000000088100000| Untracked 
|  82|0x0000000088200000, 0x0000000088200000, 0x0000000088300000|  0%| F|  |TAMS 0x0000000088200000, 0x0000000088200000| Untracked 
|  83|0x0000000088300000, 0x0000000088300000, 0x0000000088400000|  0%| F|  |TAMS 0x0000000088300000, 0x0000000088300000| Untracked 
|  84|0x0000000088400000, 0x0000000088400000, 0x0000000088500000|  0%| F|  |TAMS 0x0000000088400000, 0x0000000088400000| Untracked 
|  85|0x0000000088500000, 0x0000000088500000, 0x0000000088600000|  0%| F|  |TAMS 0x0000000088500000, 0x0000000088500000| Untracked 
|  86|0x0000000088600000, 0x0000000088600000, 0x0000000088700000|  0%| F|  |TAMS 0x0000000088600000, 0x0000000088600000| Untracked 
|  87|0x0000000088700000, 0x0000000088700000, 0x0000000088800000|  0%| F|  |TAMS 0x0000000088700000, 0x0000000088700000| Untracked 
|  88|0x0000000088800000, 0x0000000088800000, 0x0000000088900000|  0%| F|  |TAMS 0x0000000088800000, 0x0000000088800000| Untracked 
|  89|0x0000000088900000, 0x0000000088900000, 0x0000000088a00000|  0%| F|  |TAMS 0x0000000088900000, 0x0000000088900000| Untracked 
|  90|0x0000000088a00000, 0x0000000088a00000, 0x0000000088b00000|  0%| F|  |TAMS 0x0000000088a00000, 0x0000000088a00000| Untracked 
|  91|0x0000000088b00000, 0x0000000088b00000, 0x0000000088c00000|  0%| F|  |TAMS 0x0000000088b00000, 0x0000000088b00000| Untracked 
|  92|0x0000000088c00000, 0x0000000088c00000, 0x0000000088d00000|  0%| F|  |TAMS 0x0000000088c00000, 0x0000000088c00000| Untracked 
|  93|0x0000000088d00000, 0x0000000088d00000, 0x0000000088e00000|  0%| F|  |TAMS 0x0000000088d00000, 0x0000000088d00000| Untracked 
|  94|0x0000000088e00000, 0x0000000088e00000, 0x0000000088f00000|  0%| F|  |TAMS 0x0000000088e00000, 0x0000000088e00000| Untracked 
|  95|0x0000000088f00000, 0x0000000088f00000, 0x0000000089000000|  0%| F|  |TAMS 0x0000000088f00000, 0x0000000088f00000| Untracked 
|  96|0x0000000089000000, 0x0000000089000000, 0x0000000089100000|  0%| F|  |TAMS 0x0000000089000000, 0x0000000089000000| Untracked 
|  97|0x0000000089100000, 0x0000000089100000, 0x0000000089200000|  0%| F|  |TAMS 0x0000000089100000, 0x0000000089100000| Untracked 
|  98|0x0000000089200000, 0x0000000089200000, 0x0000000089300000|  0%| F|  |TAMS 0x0000000089200000, 0x0000000089200000| Untracked 
|  99|0x0000000089300000, 0x0000000089300000, 0x0000000089400000|  0%| F|  |TAMS 0x0000000089300000, 0x0000000089300000| Untracked 
| 100|0x0000000089400000, 0x0000000089400000, 0x0000000089500000|  0%| F|  |TAMS 0x0000000089400000, 0x0000000089400000| Untracked 
| 101|0x0000000089500000, 0x0000000089500000, 0x0000000089600000|  0%| F|  |TAMS 0x0000000089500000, 0x0000000089500000| Untracked 
| 102|0x0000000089600000, 0x0000000089600000, 0x0000000089700000|  0%| F|  |TAMS 0x0000000089600000, 0x0000000089600000| Untracked 
| 103|0x0000000089700000, 0x0000000089700000, 0x0000000089800000|  0%| F|  |TAMS 0x0000000089700000, 0x0000000089700000| Untracked 
| 104|0x0000000089800000, 0x0000000089800000, 0x0000000089900000|  0%| F|  |TAMS 0x0000000089800000, 0x0000000089800000| Untracked 
| 105|0x0000000089900000, 0x0000000089900000, 0x0000000089a00000|  0%| F|  |TAMS 0x0000000089900000, 0x0000000089900000| Untracked 
| 106|0x0000000089a00000, 0x0000000089a00000, 0x0000000089b00000|  0%| F|  |TAMS 0x0000000089a00000, 0x0000000089a00000| Untracked 
| 107|0x0000000089b00000, 0x0000000089b00000, 0x0000000089c00000|  0%| F|  |TAMS 0x0000000089b00000, 0x0000000089b00000| Untracked 
| 108|0x0000000089c00000, 0x0000000089c00000, 0x0000000089d00000|  0%| F|  |TAMS 0x0000000089c00000, 0x0000000089c00000| Untracked 
| 109|0x0000000089d00000, 0x0000000089d00000, 0x0000000089e00000|  0%| F|  |TAMS 0x0000000089d00000, 0x0000000089d00000| Untracked 
| 110|0x0000000089e00000, 0x0000000089e00000, 0x0000000089f00000|  0%| F|  |TAMS 0x0000000089e00000, 0x0000000089e00000| Untracked 
| 111|0x0000000089f00000, 0x0000000089f00000, 0x000000008a000000|  0%| F|  |TAMS 0x0000000089f00000, 0x0000000089f00000| Untracked 
| 112|0x000000008a000000, 0x000000008a000000, 0x000000008a100000|  0%| F|  |TAMS 0x000000008a000000, 0x000000008a000000| Untracked 
| 113|0x000000008a100000, 0x000000008a100000, 0x000000008a200000|  0%| F|  |TAMS 0x000000008a100000, 0x000000008a100000| Untracked 
| 114|0x000000008a200000, 0x000000008a200000, 0x000000008a300000|  0%| F|  |TAMS 0x000000008a200000, 0x000000008a200000| Untracked 
| 115|0x000000008a300000, 0x000000008a300000, 0x000000008a400000|  0%| F|  |TAMS 0x000000008a300000, 0x000000008a300000| Untracked 
| 116|0x000000008a400000, 0x000000008a400000, 0x000000008a500000|  0%| F|  |TAMS 0x000000008a400000, 0x000000008a400000| Untracked 
| 117|0x000000008a500000, 0x000000008a500000, 0x000000008a600000|  0%| F|  |TAMS 0x000000008a500000, 0x000000008a500000| Untracked 
| 118|0x000000008a600000, 0x000000008a600000, 0x000000008a700000|  0%| F|  |TAMS 0x000000008a600000, 0x000000008a600000| Untracked 
| 119|0x000000008a700000, 0x000000008a700000, 0x000000008a800000|  0%| F|  |TAMS 0x000000008a700000, 0x000000008a700000| Untracked 
| 120|0x000000008a800000, 0x000000008a800000, 0x000000008a900000|  0%| F|  |TAMS 0x000000008a800000, 0x000000008a800000| Untracked 
| 121|0x000000008a900000, 0x000000008a900000, 0x000000008aa00000|  0%| F|  |TAMS 0x000000008a900000, 0x000000008a900000| Untracked 
| 122|0x000000008aa00000, 0x000000008aa00000, 0x000000008ab00000|  0%| F|  |TAMS 0x000000008aa00000, 0x000000008aa00000| Untracked 
| 123|0x000000008ab00000, 0x000000008ab00000, 0x000000008ac00000|  0%| F|  |TAMS 0x000000008ab00000, 0x000000008ab00000| Untracked 
| 124|0x000000008ac00000, 0x000000008ac00000, 0x000000008ad00000|  0%| F|  |TAMS 0x000000008ac00000, 0x000000008ac00000| Untracked 
| 125|0x000000008ad00000, 0x000000008ad00000, 0x000000008ae00000|  0%| F|  |TAMS 0x000000008ad00000, 0x000000008ad00000| Untracked 
| 126|0x000000008ae00000, 0x000000008ae00000, 0x000000008af00000|  0%| F|  |TAMS 0x000000008ae00000, 0x000000008ae00000| Untracked 
| 127|0x000000008af00000, 0x000000008af00000, 0x000000008b000000|  0%| F|  |TAMS 0x000000008af00000, 0x000000008af00000| Untracked 
| 128|0x000000008b000000, 0x000000008b000000, 0x000000008b100000|  0%| F|  |TAMS 0x000000008b000000, 0x000000008b000000| Untracked 
| 129|0x000000008b100000, 0x000000008b100000, 0x000000008b200000|  0%| F|  |TAMS 0x000000008b100000, 0x000000008b100000| Untracked 
| 130|0x000000008b200000, 0x000000008b200000, 0x000000008b300000|  0%| F|  |TAMS 0x000000008b200000, 0x000000008b200000| Untracked 
| 131|0x000000008b300000, 0x000000008b300000, 0x000000008b400000|  0%| F|  |TAMS 0x000000008b300000, 0x000000008b300000| Untracked 
| 132|0x000000008b400000, 0x000000008b400000, 0x000000008b500000|  0%| F|  |TAMS 0x000000008b400000, 0x000000008b400000| Untracked 
| 133|0x000000008b500000, 0x000000008b500000, 0x000000008b600000|  0%| F|  |TAMS 0x000000008b500000, 0x000000008b500000| Untracked 
| 134|0x000000008b600000, 0x000000008b600000, 0x000000008b700000|  0%| F|  |TAMS 0x000000008b600000, 0x000000008b600000| Untracked 
| 135|0x000000008b700000, 0x000000008b700000, 0x000000008b800000|  0%| F|  |TAMS 0x000000008b700000, 0x000000008b700000| Untracked 
| 136|0x000000008b800000, 0x000000008b800000, 0x000000008b900000|  0%| F|  |TAMS 0x000000008b800000, 0x000000008b800000| Untracked 
| 137|0x000000008b900000, 0x000000008b900000, 0x000000008ba00000|  0%| F|  |TAMS 0x000000008b900000, 0x000000008b900000| Untracked 
| 138|0x000000008ba00000, 0x000000008ba00000, 0x000000008bb00000|  0%| F|  |TAMS 0x000000008ba00000, 0x000000008ba00000| Untracked 
| 139|0x000000008bb00000, 0x000000008bb00000, 0x000000008bc00000|  0%| F|  |TAMS 0x000000008bb00000, 0x000000008bb00000| Untracked 
| 140|0x000000008bc00000, 0x000000008bc00000, 0x000000008bd00000|  0%| F|  |TAMS 0x000000008bc00000, 0x000000008bc00000| Untracked 
| 141|0x000000008bd00000, 0x000000008bd00000, 0x000000008be00000|  0%| F|  |TAMS 0x000000008bd00000, 0x000000008bd00000| Untracked 
| 142|0x000000008be00000, 0x000000008be00000, 0x000000008bf00000|  0%| F|  |TAMS 0x000000008be00000, 0x000000008be00000| Untracked 
| 143|0x000000008bf00000, 0x000000008bf00000, 0x000000008c000000|  0%| F|  |TAMS 0x000000008bf00000, 0x000000008bf00000| Untracked 
| 144|0x000000008c000000, 0x000000008c000000, 0x000000008c100000|  0%| F|  |TAMS 0x000000008c000000, 0x000000008c000000| Untracked 
| 145|0x000000008c100000, 0x000000008c100000, 0x000000008c200000|  0%| F|  |TAMS 0x000000008c100000, 0x000000008c100000| Untracked 
| 146|0x000000008c200000, 0x000000008c200000, 0x000000008c300000|  0%| F|  |TAMS 0x000000008c200000, 0x000000008c200000| Untracked 
| 147|0x000000008c300000, 0x000000008c300000, 0x000000008c400000|  0%| F|  |TAMS 0x000000008c300000, 0x000000008c300000| Untracked 
| 148|0x000000008c400000, 0x000000008c480000, 0x000000008c500000| 50%| S|CS|TAMS 0x000000008c400000, 0x000000008c400000| Complete 
| 149|0x000000008c500000, 0x000000008c600000, 0x000000008c600000|100%| S|CS|TAMS 0x000000008c500000, 0x000000008c500000| Complete 
| 150|0x000000008c600000, 0x000000008c600000, 0x000000008c700000|  0%| F|  |TAMS 0x000000008c600000, 0x000000008c600000| Untracked 
| 151|0x000000008c700000, 0x000000008c700000, 0x000000008c800000|  0%| F|  |TAMS 0x000000008c700000, 0x000000008c700000| Untracked 

Card table byte_map: [0x0000018279a00000,0x0000018279df0000] _byte_map_base: 0x00000182795e8000

Marking Bits (Prev, Next): (CMBitMap*) 0x0000018275832fd8, (CMBitMap*) 0x0000018275833010
 Prev Bits: [0x000001827a1e0000, 0x000001827c120000)
 Next Bits: [0x000001827c120000, 0x000001827e060000)

Polling page: 0x0000018274fc0000

Metaspace:

Usage:
  Non-class:     51.86 MB capacity,    51.43 MB (>99%) used,   351.13 KB ( <1%) free+waste,    95.31 KB ( <1%) overhead. 
      Class:      7.02 MB capacity,     6.76 MB ( 96%) used,   232.22 KB (  3%) free+waste,    42.94 KB ( <1%) overhead. 
       Both:     58.89 MB capacity,    58.18 MB ( 99%) used,   583.34 KB ( <1%) free+waste,   138.25 KB ( <1%) overhead. 

Virtual space:
  Non-class space:       52.00 MB reserved,      51.92 MB (>99%) committed 
      Class space:        1.00 GB reserved,       7.08 MB ( <1%) committed 
             Both:        1.05 GB reserved,      59.00 MB (  5%) committed 

Chunk freelists:
   Non-Class:  62.00 KB
       Class:  7.00 KB
        Both:  69.00 KB

MaxMetaspaceSize: 17179869184.00 GB
CompressedClassSpaceSize: 1.00 GB

CodeHeap 'non-profiled nmethods': size=120000Kb used=3307Kb max_used=3307Kb free=116692Kb
 bounds [0x0000018207ad0000, 0x0000018207e10000, 0x000001820f000000]
CodeHeap 'profiled nmethods': size=120000Kb used=14985Kb max_used=14985Kb free=105014Kb
 bounds [0x00000182005a0000, 0x0000018201450000, 0x0000018207ad0000]
CodeHeap 'non-nmethods': size=5760Kb used=1235Kb max_used=1304Kb free=4524Kb
 bounds [0x0000018200000000, 0x0000018200270000, 0x00000182005a0000]
 total_blobs=6998 nmethods=6414 adapters=494
 compilation: enabled
              stopped_count=0, restarted_count=0
 full_count=0

Compilation events (20 events):
Event: 6.480 Thread 0x000001827f33e800 nmethod 6493 0x000001820143ea10 code [0x000001820143ebe0, 0x000001820143ee98]
Event: 6.480 Thread 0x000001827f33e800 6495       3       org.jetbrains.kotlin.resolve.lazy.descriptors.LazyClassDescriptor$LazyClassTypeConstructor::getDeclarationDescriptor (5 bytes)
Event: 6.480 Thread 0x000001827f33e800 nmethod 6495 0x000001820143f010 code [0x000001820143f1e0, 0x000001820143f3c8]
Event: 6.480 Thread 0x000001827f33e800 6496       3       org.jetbrains.kotlin.psi.KtPsiUtil::deparenthesizeOnce (68 bytes)
Event: 6.480 Thread 0x000001827f33e800 nmethod 6496 0x000001820143f490 code [0x000001820143f6e0, 0x0000018201440218]
Event: 6.480 Thread 0x000001827f33e800 6494       1       org.jetbrains.kotlin.resolve.calls.util.CallMaker$CallImpl::getCalleeExpression (5 bytes)
Event: 6.480 Thread 0x000001827f33e800 nmethod 6494 0x0000018207e0a790 code [0x0000018207e0a940, 0x0000018207e0a9f8]
Event: 6.481 Thread 0x000001827f33e800 6497       1       org.jetbrains.kotlin.resolve.calls.inference.components.FreshVariableNewTypeSubstitutor::getFreshVariables (5 bytes)
Event: 6.481 Thread 0x000001827f33e800 nmethod 6497 0x0000018207e0aa90 code [0x0000018207e0ac40, 0x0000018207e0acf8]
Event: 6.483 Thread 0x000001827f33e800 6498       3       org.jetbrains.kotlin.descriptors.impl.ClassConstructorDescriptorImpl::getOriginal (17 bytes)
Event: 6.484 Thread 0x000001827f33e800 nmethod 6498 0x0000018201440410 code [0x0000018201440600, 0x0000018201440a68]
Event: 6.484 Thread 0x000001827f33e800 6499       3       org.jetbrains.kotlin.com.intellij.util.keyFMap.PairElementsFMap::get (41 bytes)
Event: 6.484 Thread 0x000001827f33e800 nmethod 6499 0x0000018201440b90 code [0x0000018201440d60, 0x0000018201440fa8]
Event: 6.484 Thread 0x000001827f33e800 6500       3       org.jetbrains.kotlin.com.intellij.psi.impl.source.PsiFileImpl::getTreeElement (30 bytes)
Event: 6.485 Thread 0x000001827f33e800 nmethod 6500 0x0000018201441090 code [0x00000182014412c0, 0x00000182014419b8]
Event: 6.485 Thread 0x000001827f33e800 6501       3       org.jetbrains.kotlin.com.google.common.collect.AbstractMapBasedMultimap$WrappedCollection$WrappedIterator::validateIterator (30 bytes)
Event: 6.485 Thread 0x000001827f33e800 nmethod 6501 0x0000018201441b90 code [0x0000018201441d60, 0x0000018201442038]
Event: 6.485 Thread 0x000001827f33e800 6502       3       org.jetbrains.kotlin.psi.KtAnnotationEntry::getCalleeExpression (5 bytes)
Event: 6.485 Thread 0x000001827f33e800 nmethod 6502 0x0000018201442190 code [0x0000018201442360, 0x0000018201442668]
Event: 6.486 Thread 0x000001827f33e800 6503       3       org.jetbrains.kotlin.resolve.calls.context.ResolutionContext::<init> (203 bytes)

GC Heap History (17 events):
Event: 0.563 GC heap before
{Heap before GC invocations=0 (full 0):
 garbage-first heap   total 129024K, used 27648K [0x0000000083000000, 0x0000000100000000)
  region size 1024K, 24 young (24576K), 0 survivors (0K)
 Metaspace       used 12355K, capacity 12504K, committed 12800K, reserved 1060864K
  class space    used 1165K, capacity 1207K, committed 1280K, reserved 1048576K
}
Event: 0.567 GC heap after
{Heap after GC invocations=1 (full 0):
 garbage-first heap   total 129024K, used 5804K [0x0000000083000000, 0x0000000100000000)
  region size 1024K, 3 young (3072K), 3 survivors (3072K)
 Metaspace       used 12355K, capacity 12504K, committed 12800K, reserved 1060864K
  class space    used 1165K, capacity 1207K, committed 1280K, reserved 1048576K
}
Event: 1.269 GC heap before
{Heap before GC invocations=1 (full 0):
 garbage-first heap   total 129024K, used 41644K [0x0000000083000000, 0x0000000100000000)
  region size 1024K, 39 young (39936K), 3 survivors (3072K)
 Metaspace       used 20928K, capacity 21178K, committed 21296K, reserved 1069056K
  class space    used 2280K, capacity 2379K, committed 2432K, reserved 1048576K
}
Event: 1.281 GC heap after
{Heap after GC invocations=2 (full 0):
 garbage-first heap   total 129024K, used 9553K [0x0000000083000000, 0x0000000100000000)
  region size 1024K, 7 young (7168K), 7 survivors (7168K)
 Metaspace       used 20928K, capacity 21178K, committed 21296K, reserved 1069056K
  class space    used 2280K, capacity 2379K, committed 2432K, reserved 1048576K
}
Event: 2.154 GC heap before
{Heap before GC invocations=3 (full 0):
 garbage-first heap   total 129024K, used 64849K [0x0000000083000000, 0x0000000100000000)
  region size 1024K, 56 young (57344K), 7 survivors (7168K)
 Metaspace       used 31991K, capacity 32491K, committed 32688K, reserved 1077248K
  class space    used 3831K, capacity 4037K, committed 4096K, reserved 1048576K
}
Event: 2.171 GC heap after
{Heap after GC invocations=4 (full 0):
 garbage-first heap   total 129024K, used 21048K [0x0000000083000000, 0x0000000100000000)
  region size 1024K, 7 young (7168K), 7 survivors (7168K)
 Metaspace       used 31991K, capacity 32491K, committed 32688K, reserved 1077248K
  class space    used 3831K, capacity 4037K, committed 4096K, reserved 1048576K
}
Event: 2.440 GC heap before
{Heap before GC invocations=4 (full 0):
 garbage-first heap   total 129024K, used 32312K [0x0000000083000000, 0x0000000100000000)
  region size 1024K, 19 young (19456K), 7 survivors (7168K)
 Metaspace       used 35267K, capacity 35730K, committed 35920K, reserved 1081344K
  class space    used 4405K, capacity 4583K, committed 4608K, reserved 1048576K
}
Event: 2.451 GC heap after
{Heap after GC invocations=5 (full 0):
 garbage-first heap   total 129024K, used 22333K [0x0000000083000000, 0x0000000100000000)
  region size 1024K, 6 young (6144K), 6 survivors (6144K)
 Metaspace       used 35267K, capacity 35730K, committed 35920K, reserved 1081344K
  class space    used 4405K, capacity 4583K, committed 4608K, reserved 1048576K
}
Event: 2.775 GC heap before
{Heap before GC invocations=6 (full 0):
 garbage-first heap   total 129024K, used 42813K [0x0000000083000000, 0x0000000100000000)
  region size 1024K, 26 young (26624K), 6 survivors (6144K)
 Metaspace       used 38583K, capacity 39059K, committed 39216K, reserved 1083392K
  class space    used 4763K, capacity 4944K, committed 4992K, reserved 1048576K
}
Event: 2.786 GC heap after
{Heap after GC invocations=7 (full 0):
 garbage-first heap   total 155648K, used 22255K [0x0000000083000000, 0x0000000100000000)
  region size 1024K, 3 young (3072K), 3 survivors (3072K)
 Metaspace       used 38583K, capacity 39059K, committed 39216K, reserved 1083392K
  class space    used 4763K, capacity 4944K, committed 4992K, reserved 1048576K
}
Event: 4.010 GC heap before
{Heap before GC invocations=7 (full 0):
 garbage-first heap   total 155648K, used 86767K [0x0000000083000000, 0x0000000100000000)
  region size 1024K, 63 young (64512K), 3 survivors (3072K)
 Metaspace       used 48472K, capacity 48993K, committed 49200K, reserved 1093632K
  class space    used 5733K, capacity 5946K, committed 6016K, reserved 1048576K
}
Event: 4.027 GC heap after
{Heap after GC invocations=8 (full 0):
 garbage-first heap   total 155648K, used 32252K [0x0000000083000000, 0x0000000100000000)
  region size 1024K, 8 young (8192K), 8 survivors (8192K)
 Metaspace       used 48472K, capacity 48993K, committed 49200K, reserved 1093632K
  class space    used 5733K, capacity 5946K, committed 6016K, reserved 1048576K
}
Event: 5.117 GC heap before
{Heap before GC invocations=8 (full 0):
 garbage-first heap   total 155648K, used 93692K [0x0000000083000000, 0x0000000100000000)
  region size 1024K, 68 young (69632K), 8 survivors (8192K)
 Metaspace       used 55841K, capacity 56503K, committed 56752K, reserved 1099776K
  class space    used 6588K, capacity 6850K, committed 6912K, reserved 1048576K
}
Event: 5.138 GC heap after
{Heap after GC invocations=9 (full 0):
 garbage-first heap   total 155648K, used 40297K [0x0000000083000000, 0x0000000100000000)
  region size 1024K, 8 young (8192K), 8 survivors (8192K)
 Metaspace       used 55841K, capacity 56503K, committed 56752K, reserved 1099776K
  class space    used 6588K, capacity 6850K, committed 6912K, reserved 1048576K
}
Event: 6.395 GC heap before
{Heap before GC invocations=9 (full 0):
 garbage-first heap   total 155648K, used 100713K [0x0000000083000000, 0x0000000100000000)
  region size 1024K, 67 young (68608K), 8 survivors (8192K)
 Metaspace       used 59297K, capacity 60002K, committed 60080K, reserved 1101824K
  class space    used 6883K, capacity 7157K, committed 7168K, reserved 1048576K
}
Event: 6.416 GC heap after
{Heap after GC invocations=10 (full 0):
 garbage-first heap   total 155648K, used 49152K [0x0000000083000000, 0x0000000100000000)
  region size 1024K, 9 young (9216K), 9 survivors (9216K)
 Metaspace       used 59297K, capacity 60002K, committed 60080K, reserved 1101824K
  class space    used 6883K, capacity 7157K, committed 7168K, reserved 1048576K
}
Event: 6.487 GC heap before
{Heap before GC invocations=10 (full 0):
 garbage-first heap   total 155648K, used 50176K [0x0000000083000000, 0x0000000100000000)
  region size 1024K, 11 young (11264K), 9 survivors (9216K)
 Metaspace       used 59577K, capacity 60299K, committed 60420K, reserved 1101824K
  class space    used 6917K, capacity 7193K, committed 7252K, reserved 1048576K
}

Deoptimization events (20 events):
Event: 6.317 Thread 0x00000182757ea800 Uncommon trap: trap_request=0xffffffbe fr.pc=0x0000018207ddaa84 relative=0x0000000000001564
Event: 6.317 Thread 0x00000182757ea800 Uncommon trap: reason=profile_predicate action=maybe_recompile pc=0x0000018207ddaa84 method=org.jetbrains.kotlin.serialization.deserialization.descriptors.DeserializedPackageMemberScope.hasClass(Lorg/jetbrains/kotlin/name/Name;)Z @ 65 c2
Event: 6.317 Thread 0x00000182757ea800 DEOPT PACKING pc=0x0000018207ddaa84 sp=0x0000000fe6dfa8c0
Event: 6.317 Thread 0x00000182757ea800 DEOPT UNPACKING pc=0x00000182000083af sp=0x0000000fe6dfa850 mode 2
Event: 6.317 Thread 0x00000182757ea800 Uncommon trap: trap_request=0xffffffbe fr.pc=0x0000018207ddaa84 relative=0x0000000000001564
Event: 6.317 Thread 0x00000182757ea800 Uncommon trap: reason=profile_predicate action=maybe_recompile pc=0x0000018207ddaa84 method=org.jetbrains.kotlin.serialization.deserialization.descriptors.DeserializedPackageMemberScope.hasClass(Lorg/jetbrains/kotlin/name/Name;)Z @ 65 c2
Event: 6.317 Thread 0x00000182757ea800 DEOPT PACKING pc=0x0000018207ddaa84 sp=0x0000000fe6dfa8c0
Event: 6.317 Thread 0x00000182757ea800 DEOPT UNPACKING pc=0x00000182000083af sp=0x0000000fe6dfa850 mode 2
Event: 6.378 Thread 0x00000182757ea800 Uncommon trap: trap_request=0xffffffc6 fr.pc=0x0000018207da3868 relative=0x00000000000005c8
Event: 6.378 Thread 0x00000182757ea800 Uncommon trap: reason=bimorphic_or_optimized_type_check action=maybe_recompile pc=0x0000018207da3868 method=kotlin.sequences.FlatteningSequence$iterator$1.ensureItemIterator()Z @ 59 c2
Event: 6.378 Thread 0x00000182757ea800 DEOPT PACKING pc=0x0000018207da3868 sp=0x0000000fe6dfab50
Event: 6.378 Thread 0x00000182757ea800 DEOPT UNPACKING pc=0x00000182000083af sp=0x0000000fe6dfaaa8 mode 2
Event: 6.389 Thread 0x00000182757ea800 Uncommon trap: trap_request=0xffffff7e fr.pc=0x0000018207d5d8ec relative=0x0000000000002aec
Event: 6.389 Thread 0x00000182757ea800 Uncommon trap: reason=predicate action=maybe_recompile pc=0x0000018207d5d8ec method=org.jetbrains.org.objectweb.asm.ClassReader.readMethod(Lorg/jetbrains/org/objectweb/asm/ClassVisitor;Lorg/jetbrains/org/objectweb/asm/Context;I)I @ 776 c2
Event: 6.389 Thread 0x00000182757ea800 DEOPT PACKING pc=0x0000018207d5d8ec sp=0x0000000fe6dfa4e0
Event: 6.389 Thread 0x00000182757ea800 DEOPT UNPACKING pc=0x00000182000083af sp=0x0000000fe6dfa468 mode 2
Event: 6.424 Thread 0x00000182757ea800 Uncommon trap: trap_request=0xffffffc6 fr.pc=0x0000018207da3868 relative=0x00000000000005c8
Event: 6.424 Thread 0x00000182757ea800 Uncommon trap: reason=bimorphic_or_optimized_type_check action=maybe_recompile pc=0x0000018207da3868 method=kotlin.sequences.FlatteningSequence$iterator$1.ensureItemIterator()Z @ 59 c2
Event: 6.424 Thread 0x00000182757ea800 DEOPT PACKING pc=0x0000018207da3868 sp=0x0000000fe6dfbf60
Event: 6.425 Thread 0x00000182757ea800 DEOPT UNPACKING pc=0x00000182000083af sp=0x0000000fe6dfbeb8 mode 2

Classes redefined (0 events):
No events

Internal exceptions (20 events):
Event: 1.809 Thread 0x00000182757ea800 Exception <a 'java/lang/NoSuchMethodError'{0x00000000892b5428}: 'void java.lang.invoke.DirectMethodHandle$Holder.invokeVirtual(java.lang.Object, java.lang.Object)'> (0x00000000892b5428) thrown at [./src/hotspot/share/interpreter/linkResolver.cpp, line 773]
Event: 1.815 Thread 0x00000182757ea800 Exception <a 'java/lang/NoSuchMethodError'{0x000000008912b178}: 'int java.lang.invoke.DirectMethodHandle$Holder.invokeVirtual(java.lang.Object, java.lang.Object)'> (0x000000008912b178) thrown at [./src/hotspot/share/interpreter/linkResolver.cpp, line 773]
Event: 2.534 Thread 0x00000182757ea800 Exception <a 'java/lang/NoSuchMethodError'{0x000000008a93dce0}: 'java.lang.Object java.lang.invoke.DirectMethodHandle$Holder.invokeVirtual(java.lang.Object, java.lang.Object, java.lang.Object)'> (0x000000008a93dce0) thrown at [./src/hotspot/share/interpreter/linkResolver.cpp, line 773]
Event: 3.175 Thread 0x00000182757ea800 Exception <a 'java/lang/NoSuchMethodError'{0x000000008af4d6c0}: 'java.lang.Object java.lang.invoke.Invokers$Holder.linkToTargetMethod(java.lang.Object, int, java.lang.Object)'> (0x000000008af4d6c0) thrown at [./src/hotspot/share/interpreter/linkResolver.cpp, line 773]
Event: 3.794 Thread 0x00000182757ea800 Exception <a 'java/lang/NoSuchMethodError'{0x0000000089912d88}: 'java.lang.Object java.lang.invoke.DirectMethodHandle$Holder.invokeStatic(java.lang.Object, java.lang.Object, java.lang.Object, int)'> (0x0000000089912d88) thrown at [./src/hotspot/share/interpreter/linkResolver.cpp, line 773]
Event: 3.795 Thread 0x00000182757ea800 Exception <a 'java/lang/NoSuchMethodError'{0x00000000899169f8}: 'java.lang.Object java.lang.invoke.DirectMethodHandle$Holder.invokeSpecial(java.lang.Object, java.lang.Object, java.lang.Object, java.lang.Object, int)'> (0x00000000899169f8) thrown at [./src/hotspot/share/interpreter/linkResolver.cpp, line 773]
Event: 3.795 Thread 0x00000182757ea800 Exception <a 'java/lang/NoSuchMethodError'{0x0000000089919d08}: 'java.lang.Object java.lang.invoke.Invokers$Holder.linkToTargetMethod(java.lang.Object, java.lang.Object, int, java.lang.Object)'> (0x0000000089919d08) thrown at [./src/hotspot/share/interpreter/linkResolver.cpp, line 773]
Event: 4.260 Thread 0x00000182757ea800 Implicit null exception at 0x0000018207c6027e to 0x0000018207c60518
Event: 4.263 Thread 0x00000182757ea800 Implicit null exception at 0x0000018207c2cd70 to 0x0000018207c2ce30
Event: 4.704 Thread 0x00000182757ea800 Exception <a 'java/lang/NoSuchMethodError'{0x0000000089bc6ad0}: 'java.lang.Object java.lang.invoke.DirectMethodHandle$Holder.invokeSpecial(java.lang.Object, java.lang.Object, java.lang.Object, java.lang.Object, java.lang.Object, int)'> (0x0000000089bc6ad0) thrown at [./src/hotspot/share/interpreter/linkResolver.cpp, line 773]
Event: 4.704 Thread 0x00000182757ea800 Exception <a 'java/lang/NoSuchMethodError'{0x0000000089bca670}: 'java.lang.Object java.lang.invoke.Invokers$Holder.linkToTargetMethod(java.lang.Object, java.lang.Object, java.lang.Object, int, java.lang.Object)'> (0x0000000089bca670) thrown at [./src/hotspot/share/interpreter/linkResolver.cpp, line 773]
Event: 5.001 Thread 0x00000182757ea800 Exception <a 'java/lang/NoSuchMethodError'{0x0000000088fbbff0}: 'java.lang.Object java.lang.invoke.DirectMethodHandle$Holder.invokeStaticInit(java.lang.Object, java.lang.Object, java.lang.Object)'> (0x0000000088fbbff0) thrown at [./src/hotspot/share/interpreter/linkResolver.cpp, line 773]
Event: 5.934 Thread 0x00000182757ea800 Exception <a 'java/lang/NoSuchMethodError'{0x000000008a3cad40}: 'int java.lang.invoke.DirectMethodHandle$Holder.invokeStaticInit(java.lang.Object, int)'> (0x000000008a3cad40) thrown at [./src/hotspot/share/interpreter/linkResolver.cpp, line 773]
Event: 5.983 Thread 0x00000182757ea800 Exception <a 'java/lang/NoSuchMethodError'{0x000000008a1e6d18}: 'java.lang.Object java.lang.invoke.Invokers$Holder.linkToTargetMethod(java.lang.Object, java.lang.Object, java.lang.Object, java.lang.Object, java.lang.Object, java.lang.Object)'> (0x000000008a1e6d18) thrown at [./src/hotspot/share/interpreter/linkResolver.cpp, line 773]
Event: 6.215 Thread 0x00000182757ea800 Implicit null exception at 0x0000018207d69802 to 0x0000018207d69a68
Event: 6.225 Thread 0x00000182757ea800 Implicit null exception at 0x0000018207b7bcf5 to 0x0000018207b7beb0
Event: 6.231 Thread 0x00000182757ea800 Implicit null exception at 0x0000018207c2674c to 0x0000018207c26828
Event: 6.338 Thread 0x00000182757ea800 Exception <a 'java/lang/NoSuchMethodError'{0x0000000088ecf610}: 'java.lang.Object java.lang.invoke.DirectMethodHandle$Holder.invokeSpecial(java.lang.Object, java.lang.Object, java.lang.Object, java.lang.Object, java.lang.Object, java.lang.Object, java.lang.Object, java.lang.Object, java.lang.Object)'> (0x0000000088ecf610) thrown at [./src/hotspot/share/interpreter/linkResolver.cpp, line 773]
Event: 6.338 Thread 0x00000182757ea800 Exception <a 'java/lang/NoSuchMethodError'{0x0000000088ed3808}: 'java.lang.Object java.lang.invoke.Invokers$Holder.linkToTargetMethod(java.lang.Object, java.lang.Object, java.lang.Object, java.lang.Object, java.lang.Object, java.lang.Object, java.lang.Object, java.lang.Object)'> (0x0000000088ed3808) thrown at [./src/hotspot/share/interpreter/linkResolver.cpp, line 773]
Event: 6.429 Thread 0x00000182757ea800 Exception <a 'java/lang/NoSuchMethodError'{0x000000008c740698}: 'java.lang.Object java.lang.invoke.Invokers$Holder.linkToTargetMethod(java.lang.Object, java.lang.Object, java.lang.Object, int, int, java.lang.Object)'> (0x000000008c740698) thrown at [./src/hotspot/share/interpreter/linkResolver.cpp, line 773]

Events (20 events):
Event: 6.452 loading class org/jetbrains/kotlin/types/RangeUtilKt done
Event: 6.456 loading class org/jetbrains/kotlin/resolve/calls/tower/MemberScopeTowerLevel$getFunctions$1
Event: 6.456 loading class org/jetbrains/kotlin/resolve/calls/tower/MemberScopeTowerLevel$getFunctions$1 done
Event: 6.461 loading class org/jetbrains/kotlin/kapt3/util/TypeUtilsKt
Event: 6.461 loading class org/jetbrains/kotlin/kapt3/util/TypeUtilsKt done
Event: 6.461 loading class org/jetbrains/kotlin/types/TypeApproximatorConfiguration$PublicDeclaration
Event: 6.461 loading class org/jetbrains/kotlin/types/TypeApproximatorConfiguration$PublicDeclaration done
Event: 6.462 loading class org/jetbrains/kotlin/types/AlternativeTypeSubstitutionKt
Event: 6.462 loading class org/jetbrains/kotlin/types/AlternativeTypeSubstitutionKt done
Event: 6.462 loading class org/jetbrains/kotlin/types/AlternativeTypeSubstitutionKt$substituteAlternativesInPublicType$substitutor$1
Event: 6.462 loading class org/jetbrains/kotlin/types/AlternativeTypeSubstitutionKt$substituteAlternativesInPublicType$substitutor$1 done
Event: 6.462 loading class org/jetbrains/kotlin/types/AlternativeTypeSubstitutionKt$substituteAlternativesInPublicType$substitutor$1$isEmpty$2
Event: 6.462 loading class org/jetbrains/kotlin/types/AlternativeTypeSubstitutionKt$substituteAlternativesInPublicType$substitutor$1$isEmpty$2 done
Event: 6.463 loading class org/jetbrains/kotlin/descriptors/annotations/FilteredAnnotations
Event: 6.463 loading class org/jetbrains/kotlin/descriptors/annotations/FilteredAnnotations done
Event: 6.463 loading class org/jetbrains/kotlin/resolve/jvm/JvmDeclarationReturnTypeSanitizer$sanitizeReturnType$1
Event: 6.463 loading class org/jetbrains/kotlin/resolve/jvm/JvmDeclarationReturnTypeSanitizer$sanitizeReturnType$1 done
Event: 6.464 loading class org/jetbrains/kotlin/types/expressions/FunctionsTypingVisitor$collectReturns$3
Event: 6.464 loading class org/jetbrains/kotlin/types/expressions/FunctionsTypingVisitor$collectReturns$3 done
Event: 6.487 Executing VM operation: CollectForMetadataAllocation


Dynamic libraries:
0x00007ff621dd0000 - 0x00007ff621dda000 	D:\Program Files\Android\jre\bin\java.exe
0x00007ffe5a860000 - 0x00007ffe5aa50000 	C:\Windows\SYSTEM32\ntdll.dll
0x00007ffe593c0000 - 0x00007ffe59472000 	C:\Windows\System32\KERNEL32.DLL
0x00007ffe57940000 - 0x00007ffe57be3000 	C:\Windows\System32\KERNELBASE.dll
0x00007ffe58850000 - 0x00007ffe5894a000 	C:\Windows\System32\ucrtbase.dll
0x00007ffe53ce0000 - 0x00007ffe53cf9000 	D:\Program Files\Android\jre\bin\jli.dll
0x00007ffe53cc0000 - 0x00007ffe53cd7000 	D:\Program Files\Android\jre\bin\VCRUNTIME140.dll
0x00007ffe596f0000 - 0x00007ffe59884000 	C:\Windows\System32\USER32.dll
0x00007ffe57d10000 - 0x00007ffe57d31000 	C:\Windows\System32\win32u.dll
0x00007ffe59150000 - 0x00007ffe59176000 	C:\Windows\System32\GDI32.dll
0x00007ffe584c0000 - 0x00007ffe58654000 	C:\Windows\System32\gdi32full.dll
0x00007ffe46150000 - 0x00007ffe463d5000 	C:\Windows\WinSxS\amd64_microsoft.windows.common-controls_6595b64144ccf1df_6.0.18362.535_none_e6c3b34713100821\COMCTL32.dll
0x00007ffe57c70000 - 0x00007ffe57d0e000 	C:\Windows\System32\msvcp_win.dll
0x00007ffe592c0000 - 0x00007ffe5935e000 	C:\Windows\System32\msvcrt.dll
0x00007ffe5a220000 - 0x00007ffe5a556000 	C:\Windows\System32\combase.dll
0x00007ffe59560000 - 0x00007ffe59680000 	C:\Windows\System32\RPCRT4.dll
0x00007ffe57bf0000 - 0x00007ffe57c70000 	C:\Windows\System32\bcryptPrimitives.dll
0x00007ffe58960000 - 0x00007ffe5898e000 	C:\Windows\System32\IMM32.DLL
0x00007ffe46b00000 - 0x00007ffe46b9d000 	D:\Program Files\Android\jre\bin\msvcp140.dll
0x00007ffe15830000 - 0x00007ffe16305000 	D:\Program Files\Android\jre\bin\server\jvm.dll
0x00007ffe59b30000 - 0x00007ffe59bd3000 	C:\Windows\System32\ADVAPI32.dll
0x00007ffe5a610000 - 0x00007ffe5a6a7000 	C:\Windows\System32\sechost.dll
0x00007ffe594e0000 - 0x00007ffe594e8000 	C:\Windows\System32\PSAPI.DLL
0x00007ffe40f50000 - 0x00007ffe40f59000 	C:\Windows\SYSTEM32\WSOCK32.dll
0x00007ffe55340000 - 0x00007ffe55364000 	C:\Windows\SYSTEM32\WINMM.dll
0x00007ffe512d0000 - 0x00007ffe512da000 	C:\Windows\SYSTEM32\VERSION.dll
0x00007ffe59680000 - 0x00007ffe596ef000 	C:\Windows\System32\WS2_32.dll
0x00007ffe54ec0000 - 0x00007ffe54eed000 	C:\Windows\SYSTEM32\WINMMBASE.dll
0x00007ffe58690000 - 0x00007ffe586da000 	C:\Windows\System32\cfgmgr32.dll
0x00007ffe577d0000 - 0x00007ffe577e1000 	C:\Windows\System32\kernel.appcore.dll
0x00007ffe393f0000 - 0x00007ffe39401000 	D:\Program Files\Android\jre\bin\verify.dll
0x00007ffe56090000 - 0x00007ffe56284000 	C:\Windows\SYSTEM32\DBGHELP.DLL
0x00007ffe40fb0000 - 0x00007ffe40fda000 	C:\Windows\SYSTEM32\dbgcore.DLL
0x00007ffe2f860000 - 0x00007ffe2f889000 	D:\Program Files\Android\jre\bin\java.dll
0x00007ffe3eb00000 - 0x00007ffe3eb0b000 	D:\Program Files\Android\jre\bin\jimage.dll
0x00007ffe393d0000 - 0x00007ffe393e8000 	D:\Program Files\Android\jre\bin\zip.dll
0x00007ffe58990000 - 0x00007ffe59075000 	C:\Windows\System32\SHELL32.dll
0x00007ffe59960000 - 0x00007ffe59a09000 	C:\Windows\System32\shcore.dll
0x00007ffe57d40000 - 0x00007ffe584bf000 	C:\Windows\System32\windows.storage.dll
0x00007ffe57810000 - 0x00007ffe5782f000 	C:\Windows\System32\profapi.dll
0x00007ffe57780000 - 0x00007ffe577ca000 	C:\Windows\System32\powrprof.dll
0x00007ffe57770000 - 0x00007ffe57780000 	C:\Windows\System32\UMPDC.dll
0x00007ffe5a1c0000 - 0x00007ffe5a212000 	C:\Windows\System32\shlwapi.dll
0x00007ffe58830000 - 0x00007ffe58847000 	C:\Windows\System32\cryptsp.dll
0x00007ffe2fe70000 - 0x00007ffe2fe8a000 	D:\Program Files\Android\jre\bin\net.dll
0x00007ffe47b90000 - 0x00007ffe47c80000 	C:\Windows\SYSTEM32\WINHTTP.dll
0x00007ffe56fe0000 - 0x00007ffe57047000 	C:\Windows\system32\mswsock.dll
0x00007ffe2f430000 - 0x00007ffe2f444000 	D:\Program Files\Android\jre\bin\nio.dll

dbghelp: loaded successfully - version: 4.0.5 - missing functions: none
symbol engine: initialized successfully - sym options: 0x614 - pdb path: .;D:\Program Files\Android\jre\bin;C:\Windows\SYSTEM32;C:\Windows\WinSxS\amd64_microsoft.windows.common-controls_6595b64144ccf1df_6.0.18362.535_none_e6c3b34713100821;D:\Program Files\Android\jre\bin\server

VM Arguments:
java_command: org.jetbrains.kotlin.cli.jvm.K2JVMCompiler @D:\NotesApp\app\build\20220518_7421613529278080264.compiler.options
java_class_path (initial): D:\ProgramsfilesD\Android\Sdk\caches\modules-2\files-2.1\org.jetbrains.kotlin\kotlin-compiler-embeddable\1.6.21\97bdd5a752ce73b58ef16c17bc7f0ea2faff7a2e\kotlin-compiler-embeddable-1.6.21.jar;D:\ProgramsfilesD\Android\Sdk\caches\modules-2\files-2.1\org.jetbrains.kotlin\kotlin-reflect\1.6.21\5dc3574d9b7bebfcb4ec6b10ada4aaa9e140bd0b\kotlin-reflect-1.6.21.jar;D:\ProgramsfilesD\Android\Sdk\caches\modules-2\files-2.1\org.jetbrains.kotlin\kotlin-stdlib\1.6.21\11ef67f1900634fd951bad28c53ec957fabbe5b8\kotlin-stdlib-1.6.21.jar;D:\ProgramsfilesD\Android\Sdk\caches\modules-2\files-2.1\org.jetbrains.kotlin\kotlin-script-runtime\1.6.21\99c6675100da5d6d5b1c5a1032f27f28008d101b\kotlin-script-runtime-1.6.21.jar;D:\ProgramsfilesD\Android\Sdk\caches\modules-2\files-2.1\org.jetbrains.kotlin\kotlin-daemon-embeddable\1.6.21\46b78cf392e1c4f10854c3cadba44abb7b82250f\kotlin-daemon-embeddable-1.6.21.jar;D:\ProgramsfilesD\Android\Sdk\caches\modules-2\files-2.1\org.jetbrains.intellij.deps\trove4j\1.0.20200330\3afb14d5f9ceb459d724e907a21145e8ff394f02\trove4j-1.0.20200330.jar;D:\ProgramsfilesD\Android\Sdk\caches\modules-2\files-2.1\net.java.dev.jna\jna\5.6.0\330f2244e9030119ab3030fc3fededc86713d9cc\jna-5.6.0.jar;D:\ProgramsfilesD\Android\Sdk\caches\modules-2\files-2.1\org.jetbrains.kotlin\kotlin-stdlib-common\1.6.21\5e5b55c26dbc80372a920aef60eb774b714559b8\kotlin-stdlib-common-1.6.21.jar;D:\ProgramsfilesD\Android\Sdk\caches\modules-2\files-2.1\org.jetbrains\annotations\13.0\919f0dfe192fb4e063e7dacadee7f8bb9a2672a9\annotations-13.0.jar
Launcher Type: SUN_STANDARD

[Global flags]
     intx CICompilerCount                          = 4                                         {product} {ergonomic}
     uint ConcGCThreads                            = 2                                         {product} {ergonomic}
     uint G1ConcRefinementThreads                  = 8                                         {product} {ergonomic}
   size_t G1HeapRegionSize                         = 1048576                                   {product} {ergonomic}
    uintx GCDrainStackTargetSize                   = 64                                        {product} {ergonomic}
   size_t InitialHeapSize                          = 132120576                                 {product} {ergonomic}
   size_t MarkStackSize                            = 4194304                                   {product} {ergonomic}
   size_t MaxHeapSize                              = 2097152000                                {product} {ergonomic}
   size_t MaxNewSize                               = 1258291200                                {product} {ergonomic}
   size_t MinHeapDeltaBytes                        = 1048576                                   {product} {ergonomic}
    uintx NonNMethodCodeHeapSize                   = 5836300                                {pd product} {ergonomic}
    uintx NonProfiledCodeHeapSize                  = 122910970                              {pd product} {ergonomic}
    uintx ProfiledCodeHeapSize                     = 122910970                              {pd product} {ergonomic}
    uintx ReservedCodeCacheSize                    = 251658240                              {pd product} {ergonomic}
     bool SegmentedCodeCache                       = true                                      {product} {ergonomic}
     bool UseCompressedClassPointers               = true                                 {lp64_product} {ergonomic}
     bool UseCompressedOops                        = true                                 {lp64_product} {ergonomic}
     bool UseG1GC                                  = true                                      {product} {ergonomic}
     bool UseLargePagesIndividualAllocation        = false                                  {pd product} {ergonomic}

Logging:
Log output configuration:
 #0: stdout all=warning uptime,level,tags
 #1: stderr all=off uptime,level,tags

Environment Variables:
JAVA_HOME=D:\Program Files\Java
PATH=C:\PROGRA~2\Borland\CBUILD~1\Bin;C:\PROGRA~2\Borland\CBUILD~1\Projects\Bpl;C:\Program Files\Common Files\Oracle\Java\javapath;C:\Windows\system32;C:\Windows;C:\Windows\System32\Wbem;C:\Windows\System32\WindowsPowerShell\v1.0\;C:\Program Files (x86)\NVIDIA Corporation\PhysX\Common;C:\Program Files\NVIDIA Corporation\NVIDIA NvDLISR;C:\Program Files\Microsoft\Web Platform Installer\;C:\Program Files (x86)\Microsoft ASP.NET\ASP.NET Web Pages\v1.0\;C:\Program Files\Microsoft SQL Server\110\Tools\Binn\;C:\Program Files\Git\cmd;C:\Users\asus\AppData\Local\Programs\Python\Python310\Scripts\;C:\Users\asus\AppData\Local\Programs\Python\Python310\;C:\Users\asus\AppData\Local\Microsoft\WindowsApps;;D:\Program Files\JetBrains\IntelliJ IDEA Community Edition 2020.3\bin;
USERNAME=asus
OS=Windows_NT
PROCESSOR_IDENTIFIER=Intel64 Family 6 Model 126 Stepping 5, GenuineIntel



---------------  S Y S T E M  ---------------

OS: Windows 10 , 64 bit Build 18362 (10.0.18362.329)
OS uptime: 0 days 1:32 hours

CPU:total 8 (initial active 8) (4 cores per cpu, 2 threads per core) family 6 model 126 stepping 5 microcode 0x96, cmov, cx8, fxsr, mmx, sse, sse2, sse3, ssse3, sse4.1, sse4.2, popcnt, avx, avx2, aes, clmul, erms, 3dnowpref, lzcnt, ht, tsc, tscinvbit, bmi1, bmi2, adx, evex, sha, fma

Memory: 4k page, system-wide physical 7997M (504M free)
TotalPageFile size 7997M (AvailPageFile size 36M)
current process WorkingSet (physical memory assigned to process): 320M, peak: 323M
current process commit charge ("private bytes"): 373M, peak: 407M

vm_info: OpenJDK 64-Bit Server VM (11.0.11+9-b60-7590822) for windows-amd64 JRE (11.0.11+9-b60-7590822), built on Jul 29 2021 21:43:44 by "builder" with MS VC++ 14.0 (VS2015)

END.
