#
# There is insufficient memory for the Java Runtime Environment to continue.
# Native memory allocation (mmap) failed to map 1048576 bytes for Failed to commit area from 0x000000008dc00000 to 0x000000008dd00000 of length 1048576.
# Possible reasons:
#   The system is out of physical RAM or swap space
#   The process is running with CompressedOops enabled, and the Java Heap may be blocking the growth of the native heap
# Possible solutions:
#   Reduce memory load on the system
#   Increase physical memory or swap space
#   Check if swap backing store is full
#   Decrease Java heap size (-Xmx/-Xms)
#   Decrease number of Java threads
#   Decrease Java thread stack sizes (-Xss)
#   Set larger code cache with -XX:ReservedCodeCacheSize=
#   JVM is running with Unscaled Compressed Oops mode in which the Java heap is
#     placed in the first 4GB address space. The Java Heap base address is the
#     maximum limit for the native heap growth. Please use -XX:HeapBaseMinAddress
#     to set the Java Heap base and to place the Java Heap above 4GB virtual address.
# This output file may be truncated or incomplete.
#
#  Out of Memory Error (./src/hotspot/os/windows/os_windows.cpp:3301), pid=1976, tid=3412
#
# JRE version: OpenJDK Runtime Environment (11.0.11+9) (build 11.0.11+9-b60-7590822)
# Java VM: OpenJDK 64-Bit Server VM (11.0.11+9-b60-7590822, mixed mode, tiered, compressed oops, g1 gc, windows-amd64)
# No core dump will be written. Minidumps are not enabled by default on client versions of Windows
#

---------------  S U M M A R Y ------------

Command Line: --add-opens=java.base/java.util=ALL-UNNAMED --add-opens=java.base/java.lang=ALL-UNNAMED --add-opens=java.base/java.lang.invoke=ALL-UNNAMED --add-opens=java.base/java.util=ALL-UNNAMED --add-opens=java.prefs/java.util.prefs=ALL-UNNAMED --add-opens=java.prefs/java.util.prefs=ALL-UNNAMED --add-opens=java.base/java.nio.charset=ALL-UNNAMED --add-opens=java.base/java.net=ALL-UNNAMED --add-opens=java.base/java.util.concurrent.atomic=ALL-UNNAMED -Xmx2048m -Dfile.encoding=UTF-8 -Duser.country=RU -Duser.language=ru -Duser.variant org.gradle.launcher.daemon.bootstrap.GradleDaemon 7.2

Host: Intel(R) Core(TM) i7-1065G7 CPU @ 1.30GHz, 8 cores, 7G,  Windows 10 , 64 bit Build 18362 (10.0.18362.329)
Time: Fri May 20 16:36:45 2022 Caiaaiay Acey (ceia) elapsed time: 9.397587 seconds (0d 0h 0m 9s)

---------------  T H R E A D  ---------------

Current thread (0x000002a633a97800):  GCTaskThread "GC Thread#2" [stack: 0x000000ce1da00000,0x000000ce1db00000] [id=3412]

Stack: [0x000000ce1da00000,0x000000ce1db00000]
[error occurred during error reporting (printing stack bounds), id 0xc0000005, EXCEPTION_ACCESS_VIOLATION (0xc0000005) at pc=0x000002a61b7e10e7]

Native frames: (J=compiled Java code, j=interpreted, Vv=VM code, C=native code)
V  [jvm.dll+0x5f214a]
V  [jvm.dll+0x726fb5]
V  [jvm.dll+0x7285cd]
V  [jvm.dll+0x728be5]
V  [jvm.dll+0x728b9b]
V  [jvm.dll+0x5f14e8]
V  [jvm.dll+0x5f1c78]
C  [ntdll.dll+0xa11ff]
C  [ntdll.dll+0x6a289]
C  [ntdll.dll+0x9fe6e]
C  0x000002a61b7e10e7


---------------  P R O C E S S  ---------------

Threads class SMR info:
_java_thread_list=0x000002a63c4e4270, length=140, elements={
0x000002a617ced800, 0x000002a632198000, 0x000002a63219d800, 0x000002a6329b4800,
0x000002a6329b5800, 0x000002a6329b6000, 0x000002a6329be000, 0x000002a6329bf000,
0x000002a632a03800, 0x000002a632b6d800, 0x000002a632ca4000, 0x000002a63546e800,
0x000002a635830000, 0x000002a6350fa800, 0x000002a634d4b800, 0x000002a634f75000,
0x000002a634fdb800, 0x000002a6350c7800, 0x000002a6345a9000, 0x000002a633a08000,
0x000002a635022000, 0x000002a635023000, 0x000002a63501d000, 0x000002a635021000,
0x000002a63501e800, 0x000002a635023800, 0x000002a63501f800, 0x000002a635020800,
0x000002a63501e000, 0x000002a6363ff800, 0x000002a637cb5000, 0x000002a637cb6000,
0x000002a637cb2800, 0x000002a637cb3800, 0x000002a637cb1000, 0x000002a637cb7800,
0x000002a637cb8800, 0x000002a637cb9000, 0x000002a637cba000, 0x000002a637cb4800,
0x000002a637cbb000, 0x000002a637cbb800, 0x000002a637cbc800, 0x000002a637cbf000,
0x000002a637cbd800, 0x000002a637cbe000, 0x000002a636398800, 0x000002a636394800,
0x000002a636395800, 0x000002a636393000, 0x000002a636399800, 0x000002a636397000,
0x000002a636394000, 0x000002a636398000, 0x000002a63639a800, 0x000002a63639b000,
0x000002a63639c000, 0x000002a636396000, 0x000002a63639d800, 0x000002a63639e800,
0x000002a6363a1000, 0x000002a63639d000, 0x000002a63639f000, 0x000002a6363a0000,
0x000002a6363a1800, 0x000002a6360fd000, 0x000002a6360fd800, 0x000002a636100000,
0x000002a6360fb800, 0x000002a6360ff800, 0x000002a6360fc000, 0x000002a636104800,
0x000002a636102800, 0x000002a6360fe800, 0x000002a636105000, 0x000002a636103800,
0x000002a636106000, 0x000002a636102000, 0x000002a636106800, 0x000002a636101000,
0x000002a636108800, 0x000002a636107800, 0x000002a63610a000, 0x000002a636109000,
0x000002a6381ae000, 0x000002a6381b0000, 0x000002a6381ae800, 0x000002a6381b3800,
0x000002a6381b2000, 0x000002a6381b2800, 0x000002a6381b4800, 0x000002a6381b1000,
0x000002a6381b5000, 0x000002a6381af800, 0x000002a6381b7800, 0x000002a6381bb800,
0x000002a6381bb000, 0x000002a6381b6000, 0x000002a6381bc800, 0x000002a6381ba000,
0x000002a6381b7000, 0x000002a6381b8800, 0x000002a6381b9000, 0x000002a636666000,
0x000002a636663000, 0x000002a636661000, 0x000002a636662000, 0x000002a636660800,
0x000002a636664800, 0x000002a636669800, 0x000002a636665800, 0x000002a636668800,
0x000002a636667000, 0x000002a636663800, 0x000002a636668000, 0x000002a63666a000,
0x000002a63666b000, 0x000002a63666c000, 0x000002a63666c800, 0x000002a63666d800,
0x000002a63666e800, 0x000002a63666f000, 0x000002a636831800, 0x000002a63682b800,
0x000002a63682d000, 0x000002a636830800, 0x000002a63682e000, 0x000002a636832000,
0x000002a63682f000, 0x000002a63682c800, 0x000002a636833800, 0x000002a636837000,
0x000002a636836000, 0x000002a636835800, 0x000002a636838000, 0x000002a636838800,
0x000002a636833000, 0x000002a636839800, 0x000002a63683a800, 0x000002a636834800
}

Java Threads: ( => current thread )
  0x000002a617ced800 JavaThread "main" [_thread_blocked, id=4660, stack(0x000000ce1c600000,0x000000ce1c700000)]
  0x000002a632198000 JavaThread "Reference Handler" daemon [_thread_blocked, id=8536, stack(0x000000ce1cd00000,0x000000ce1ce00000)]
  0x000002a63219d800 JavaThread "Finalizer" daemon [_thread_blocked, id=9368, stack(0x000000ce1ce00000,0x000000ce1cf00000)]
  0x000002a6329b4800 JavaThread "Signal Dispatcher" daemon [_thread_blocked, id=12008, stack(0x000000ce1cf00000,0x000000ce1d000000)]
  0x000002a6329b5800 JavaThread "Attach Listener" daemon [_thread_blocked, id=8776, stack(0x000000ce1d000000,0x000000ce1d100000)]
  0x000002a6329b6000 JavaThread "Service Thread" daemon [_thread_blocked, id=3152, stack(0x000000ce1d100000,0x000000ce1d200000)]
  0x000002a6329be000 JavaThread "C2 CompilerThread0" daemon [_thread_blocked, id=12024, stack(0x000000ce1d200000,0x000000ce1d300000)]
  0x000002a6329bf000 JavaThread "C1 CompilerThread0" daemon [_thread_blocked, id=8504, stack(0x000000ce1d300000,0x000000ce1d400000)]
  0x000002a632a03800 JavaThread "Sweeper thread" daemon [_thread_blocked, id=2940, stack(0x000000ce1d400000,0x000000ce1d500000)]
  0x000002a632b6d800 JavaThread "Common-Cleaner" daemon [_thread_blocked, id=1796, stack(0x000000ce1d500000,0x000000ce1d600000)]
  0x000002a632ca4000 JavaThread "C2 CompilerThread1" daemon [_thread_blocked, id=10972, stack(0x000000ce1d700000,0x000000ce1d800000)]
  0x000002a63546e800 JavaThread "Daemon health stats" [_thread_blocked, id=1228, stack(0x000000ce1dc00000,0x000000ce1dd00000)]
  0x000002a635830000 JavaThread "Incoming local TCP Connector on port 63110" [_thread_in_native, id=6720, stack(0x000000ce1dd00000,0x000000ce1de00000)]
  0x000002a6350fa800 JavaThread "Daemon periodic checks" [_thread_blocked, id=10852, stack(0x000000ce1de00000,0x000000ce1df00000)]
  0x000002a634d4b800 JavaThread "Daemon" [_thread_blocked, id=7204, stack(0x000000ce1df00000,0x000000ce1e000000)]
  0x000002a634f75000 JavaThread "Handler for socket connection from /127.0.0.1:63110 to /127.0.0.1:63111" [_thread_in_native, id=9860, stack(0x000000ce1e000000,0x000000ce1e100000)]
  0x000002a634fdb800 JavaThread "Cancel handler" [_thread_blocked, id=1032, stack(0x000000ce1e100000,0x000000ce1e200000)]
  0x000002a6350c7800 JavaThread "Daemon worker" [_thread_blocked, id=5184, stack(0x000000ce1e200000,0x000000ce1e300000)]
  0x000002a6345a9000 JavaThread "Asynchronous log dispatcher for DefaultDaemonConnection: socket connection from /127.0.0.1:63110 to /127.0.0.1:63111" [_thread_blocked, id=7164, stack(0x000000ce1e300000,0x000000ce1e400000)]
  0x000002a633a08000 JavaThread "Stdin handler" [_thread_blocked, id=4420, stack(0x000000ce1e400000,0x000000ce1e500000)]
  0x000002a635022000 JavaThread "Daemon client event forwarder" [_thread_blocked, id=11416, stack(0x000000ce1e500000,0x000000ce1e600000)]
  0x000002a635023000 JavaThread "Cache worker for journal cache (D:\ProgramsfilesD\Android\Sdk\caches\journal-1)" [_thread_blocked, id=3348, stack(0x000000ce1d800000,0x000000ce1d900000)]
  0x000002a63501d000 JavaThread "File lock request listener" [_thread_in_native, id=2400, stack(0x000000ce1e600000,0x000000ce1e700000)]
  0x000002a635021000 JavaThread "Cache worker for file hash cache (D:\ProgramsfilesD\Android\Sdk\caches\7.2\fileHashes)" [_thread_blocked, id=12276, stack(0x000000ce1e700000,0x000000ce1e800000)]
  0x000002a63501e800 JavaThread "Cache worker for file hash cache (D:\NotesApp\.gradle\7.2\fileHashes)" [_thread_blocked, id=12080, stack(0x000000ce1ee00000,0x000000ce1ef00000)]
  0x000002a635023800 JavaThread "File watcher server" daemon [_thread_blocked, id=6408, stack(0x000000ce1ef00000,0x000000ce1f000000)]
  0x000002a63501f800 JavaThread "File watcher consumer" daemon [_thread_blocked, id=10808, stack(0x000000ce1f000000,0x000000ce1f100000)]
  0x000002a635020800 JavaThread "Cache worker for checksums cache (D:\NotesApp\.gradle\checksums)" [_thread_blocked, id=1200, stack(0x000000ce1f100000,0x000000ce1f200000)]
  0x000002a63501e000 JavaThread "Cache worker for cache directory md-supplier (D:\ProgramsfilesD\Android\Sdk\caches\7.2\md-supplier)" [_thread_blocked, id=10568, stack(0x000000ce1f200000,0x000000ce1f300000)]
  0x000002a6363ff800 JavaThread "C2 CompilerThread2" daemon [_thread_blocked, id=9904, stack(0x000000ce1f300000,0x000000ce1f400000)]
  0x000002a637cb5000 JavaThread "Cache worker for cache directory md-rule (D:\ProgramsfilesD\Android\Sdk\caches\7.2\md-rule)" [_thread_blocked, id=11660, stack(0x000000ce1f400000,0x000000ce1f500000)]
  0x000002a637cb6000 JavaThread "Cache worker for execution history cache (D:\ProgramsfilesD\Android\Sdk\caches\7.2\executionHistory)" [_thread_blocked, id=5632, stack(0x000000ce1f500000,0x000000ce1f600000)]
  0x000002a637cb2800 JavaThread "jar transforms" [_thread_blocked, id=10988, stack(0x000000ce1f600000,0x000000ce1f700000)]
  0x000002a637cb3800 JavaThread "Cache worker for file content cache (D:\ProgramsfilesD\Android\Sdk\caches\7.2\fileContent)" [_thread_blocked, id=3312, stack(0x000000ce1f700000,0x000000ce1f800000)]
  0x000002a637cb1000 JavaThread "jar transforms Thread 2" [_thread_blocked, id=3552, stack(0x000000ce1f800000,0x000000ce1f900000)]
  0x000002a637cb7800 JavaThread "Cache worker for dependencies-accessors (D:\NotesApp\.gradle\7.2\dependencies-accessors)" [_thread_blocked, id=7480, stack(0x000000ce1f900000,0x000000ce1fa00000)]
  0x000002a637cb8800 JavaThread "jar transforms Thread 3" [_thread_blocked, id=1600, stack(0x000000ce1fa00000,0x000000ce1fb00000)]
  0x000002a637cb9000 JavaThread "Cache worker for Build Output Cleanup Cache (D:\NotesApp\.gradle\buildOutputCleanup)" [_thread_blocked, id=3100, stack(0x000000ce1fb00000,0x000000ce1fc00000)]
  0x000002a637cba000 JavaThread "Unconstrained build operations" [_thread_blocked, id=2464, stack(0x000000ce1fc00000,0x000000ce1fd00000)]
  0x000002a637cb4800 JavaThread "Unconstrained build operations Thread 2" [_thread_blocked, id=10604, stack(0x000000ce1fd00000,0x000000ce1fe00000)]
  0x000002a637cbb000 JavaThread "Unconstrained build operations Thread 3" [_thread_blocked, id=7504, stack(0x000000ce1fe00000,0x000000ce1ff00000)]
  0x000002a637cbb800 JavaThread "Unconstrained build operations Thread 4" [_thread_blocked, id=10204, stack(0x000000ce1ff00000,0x000000ce20000000)]
  0x000002a637cbc800 JavaThread "Unconstrained build operations Thread 5" [_thread_blocked, id=7468, stack(0x000000ce20000000,0x000000ce20100000)]
  0x000002a637cbf000 JavaThread "Unconstrained build operations Thread 6" [_thread_blocked, id=10036, stack(0x000000ce20100000,0x000000ce20200000)]
  0x000002a637cbd800 JavaThread "Unconstrained build operations Thread 7" [_thread_blocked, id=4812, stack(0x000000ce20200000,0x000000ce20300000)]
  0x000002a637cbe000 JavaThread "Unconstrained build operations Thread 8" [_thread_blocked, id=2148, stack(0x000000ce20300000,0x000000ce20400000)]
  0x000002a636398800 JavaThread "Unconstrained build operations Thread 9" [_thread_blocked, id=12016, stack(0x000000ce20400000,0x000000ce20500000)]
  0x000002a636394800 JavaThread "Unconstrained build operations Thread 10" [_thread_blocked, id=8428, stack(0x000000ce20500000,0x000000ce20600000)]
  0x000002a636395800 JavaThread "Unconstrained build operations Thread 11" [_thread_blocked, id=12040, stack(0x000000ce20600000,0x000000ce20700000)]
  0x000002a636393000 JavaThread "Unconstrained build operations Thread 12" [_thread_blocked, id=11772, stack(0x000000ce20700000,0x000000ce20800000)]
  0x000002a636399800 JavaThread "Unconstrained build operations Thread 13" [_thread_blocked, id=1780, stack(0x000000ce20800000,0x000000ce20900000)]
  0x000002a636397000 JavaThread "Unconstrained build operations Thread 14" [_thread_blocked, id=2156, stack(0x000000ce20900000,0x000000ce20a00000)]
  0x000002a636394000 JavaThread "Unconstrained build operations Thread 15" [_thread_blocked, id=10232, stack(0x000000ce20a00000,0x000000ce20b00000)]
  0x000002a636398000 JavaThread "Unconstrained build operations Thread 16" [_thread_blocked, id=6544, stack(0x000000ce20b00000,0x000000ce20c00000)]
  0x000002a63639a800 JavaThread "Unconstrained build operations Thread 17" [_thread_blocked, id=10684, stack(0x000000ce20c00000,0x000000ce20d00000)]
  0x000002a63639b000 JavaThread "Unconstrained build operations Thread 18" [_thread_blocked, id=10164, stack(0x000000ce20d00000,0x000000ce20e00000)]
  0x000002a63639c000 JavaThread "Unconstrained build operations Thread 19" [_thread_blocked, id=11776, stack(0x000000ce20e00000,0x000000ce20f00000)]
  0x000002a636396000 JavaThread "Unconstrained build operations Thread 20" [_thread_blocked, id=2340, stack(0x000000ce20f00000,0x000000ce21000000)]
  0x000002a63639d800 JavaThread "Unconstrained build operations Thread 21" [_thread_blocked, id=9832, stack(0x000000ce21000000,0x000000ce21100000)]
  0x000002a63639e800 JavaThread "Unconstrained build operations Thread 22" [_thread_blocked, id=12200, stack(0x000000ce21100000,0x000000ce21200000)]
  0x000002a6363a1000 JavaThread "Unconstrained build operations Thread 23" [_thread_blocked, id=10764, stack(0x000000ce21200000,0x000000ce21300000)]
  0x000002a63639d000 JavaThread "Unconstrained build operations Thread 24" [_thread_blocked, id=11620, stack(0x000000ce21300000,0x000000ce21400000)]
  0x000002a63639f000 JavaThread "Unconstrained build operations Thread 25" [_thread_blocked, id=10836, stack(0x000000ce21400000,0x000000ce21500000)]
  0x000002a6363a0000 JavaThread "Unconstrained build operations Thread 26" [_thread_blocked, id=2000, stack(0x000000ce21500000,0x000000ce21600000)]
  0x000002a6363a1800 JavaThread "Unconstrained build operations Thread 27" [_thread_blocked, id=8552, stack(0x000000ce21600000,0x000000ce21700000)]
  0x000002a6360fd000 JavaThread "Unconstrained build operations Thread 28" [_thread_blocked, id=6892, stack(0x000000ce21700000,0x000000ce21800000)]
  0x000002a6360fd800 JavaThread "Unconstrained build operations Thread 29" [_thread_blocked, id=7904, stack(0x000000ce21800000,0x000000ce21900000)]
  0x000002a636100000 JavaThread "Unconstrained build operations Thread 30" [_thread_blocked, id=1940, stack(0x000000ce21900000,0x000000ce21a00000)]
  0x000002a6360fb800 JavaThread "Unconstrained build operations Thread 31" [_thread_blocked, id=1616, stack(0x000000ce21a00000,0x000000ce21b00000)]
  0x000002a6360ff800 JavaThread "Unconstrained build operations Thread 32" [_thread_blocked, id=9044, stack(0x000000ce21b00000,0x000000ce21c00000)]
  0x000002a6360fc000 JavaThread "Unconstrained build operations Thread 33" [_thread_blocked, id=8860, stack(0x000000ce21c00000,0x000000ce21d00000)]
  0x000002a636104800 JavaThread "Unconstrained build operations Thread 34" [_thread_blocked, id=2740, stack(0x000000ce21d00000,0x000000ce21e00000)]
  0x000002a636102800 JavaThread "Unconstrained build operations Thread 35" [_thread_blocked, id=2500, stack(0x000000ce21e00000,0x000000ce21f00000)]
  0x000002a6360fe800 JavaThread "Unconstrained build operations Thread 36" [_thread_blocked, id=11744, stack(0x000000ce21f00000,0x000000ce22000000)]
  0x000002a636105000 JavaThread "Unconstrained build operations Thread 37" [_thread_blocked, id=3860, stack(0x000000ce22000000,0x000000ce22100000)]
  0x000002a636103800 JavaThread "Unconstrained build operations Thread 38" [_thread_blocked, id=12044, stack(0x000000ce22100000,0x000000ce22200000)]
  0x000002a636106000 JavaThread "Unconstrained build operations Thread 39" [_thread_blocked, id=2244, stack(0x000000ce22200000,0x000000ce22300000)]
  0x000002a636102000 JavaThread "Unconstrained build operations Thread 40" [_thread_blocked, id=12004, stack(0x000000ce22300000,0x000000ce22400000)]
  0x000002a636106800 JavaThread "Unconstrained build operations Thread 41" [_thread_blocked, id=11116, stack(0x000000ce22400000,0x000000ce22500000)]
  0x000002a636101000 JavaThread "Unconstrained build operations Thread 42" [_thread_blocked, id=4016, stack(0x000000ce22500000,0x000000ce22600000)]
  0x000002a636108800 JavaThread "Unconstrained build operations Thread 43" [_thread_blocked, id=8600, stack(0x000000ce22600000,0x000000ce22700000)]
  0x000002a636107800 JavaThread "Unconstrained build operations Thread 44" [_thread_blocked, id=4292, stack(0x000000ce22700000,0x000000ce22800000)]
  0x000002a63610a000 JavaThread "Unconstrained build operations Thread 45" [_thread_blocked, id=1592, stack(0x000000ce22800000,0x000000ce22900000)]
  0x000002a636109000 JavaThread "Unconstrained build operations Thread 46" [_thread_blocked, id=12028, stack(0x000000ce22900000,0x000000ce22a00000)]
  0x000002a6381ae000 JavaThread "Unconstrained build operations Thread 47" [_thread_blocked, id=7492, stack(0x000000ce22a00000,0x000000ce22b00000)]
  0x000002a6381b0000 JavaThread "Unconstrained build operations Thread 48" [_thread_blocked, id=11968, stack(0x000000ce22b00000,0x000000ce22c00000)]
  0x000002a6381ae800 JavaThread "Unconstrained build operations Thread 49" [_thread_blocked, id=6836, stack(0x000000ce22c00000,0x000000ce22d00000)]
  0x000002a6381b3800 JavaThread "Unconstrained build operations Thread 50" [_thread_blocked, id=11692, stack(0x000000ce22d00000,0x000000ce22e00000)]
  0x000002a6381b2000 JavaThread "Unconstrained build operations Thread 51" [_thread_blocked, id=8576, stack(0x000000ce22e00000,0x000000ce22f00000)]
  0x000002a6381b2800 JavaThread "Unconstrained build operations Thread 52" [_thread_blocked, id=4684, stack(0x000000ce22f00000,0x000000ce23000000)]
  0x000002a6381b4800 JavaThread "Unconstrained build operations Thread 53" [_thread_blocked, id=10940, stack(0x000000ce23000000,0x000000ce23100000)]
  0x000002a6381b1000 JavaThread "Unconstrained build operations Thread 54" [_thread_blocked, id=5232, stack(0x000000ce23100000,0x000000ce23200000)]
  0x000002a6381b5000 JavaThread "Unconstrained build operations Thread 55" [_thread_blocked, id=2536, stack(0x000000ce23200000,0x000000ce23300000)]
  0x000002a6381af800 JavaThread "Unconstrained build operations Thread 56" [_thread_blocked, id=4344, stack(0x000000ce23300000,0x000000ce23400000)]
  0x000002a6381b7800 JavaThread "Unconstrained build operations Thread 57" [_thread_blocked, id=7860, stack(0x000000ce23400000,0x000000ce23500000)]
  0x000002a6381bb800 JavaThread "Unconstrained build operations Thread 58" [_thread_blocked, id=1912, stack(0x000000ce23500000,0x000000ce23600000)]
  0x000002a6381bb000 JavaThread "Unconstrained build operations Thread 59" [_thread_blocked, id=5220, stack(0x000000ce23600000,0x000000ce23700000)]
  0x000002a6381b6000 JavaThread "Unconstrained build operations Thread 60" [_thread_blocked, id=9472, stack(0x000000ce23700000,0x000000ce23800000)]
  0x000002a6381bc800 JavaThread "Unconstrained build operations Thread 61" [_thread_blocked, id=11280, stack(0x000000ce23800000,0x000000ce23900000)]
  0x000002a6381ba000 JavaThread "Unconstrained build operations Thread 62" [_thread_blocked, id=8208, stack(0x000000ce23900000,0x000000ce23a00000)]
  0x000002a6381b7000 JavaThread "Unconstrained build operations Thread 63" [_thread_blocked, id=12216, stack(0x000000ce23a00000,0x000000ce23b00000)]
  0x000002a6381b8800 JavaThread "Unconstrained build operations Thread 64" [_thread_blocked, id=10124, stack(0x000000ce23b00000,0x000000ce23c00000)]
  0x000002a6381b9000 JavaThread "Unconstrained build operations Thread 65" [_thread_blocked, id=10112, stack(0x000000ce23c00000,0x000000ce23d00000)]
  0x000002a636666000 JavaThread "Unconstrained build operations Thread 66" [_thread_blocked, id=12100, stack(0x000000ce23d00000,0x000000ce23e00000)]
  0x000002a636663000 JavaThread "Unconstrained build operations Thread 67" [_thread_blocked, id=4732, stack(0x000000ce23e00000,0x000000ce23f00000)]
  0x000002a636661000 JavaThread "Unconstrained build operations Thread 68" [_thread_blocked, id=3080, stack(0x000000ce23f00000,0x000000ce24000000)]
  0x000002a636662000 JavaThread "Unconstrained build operations Thread 69" [_thread_blocked, id=1376, stack(0x000000ce24000000,0x000000ce24100000)]
  0x000002a636660800 JavaThread "Unconstrained build operations Thread 70" [_thread_blocked, id=11220, stack(0x000000ce24100000,0x000000ce24200000)]
  0x000002a636664800 JavaThread "Unconstrained build operations Thread 71" [_thread_blocked, id=11708, stack(0x000000ce24200000,0x000000ce24300000)]
  0x000002a636669800 JavaThread "Unconstrained build operations Thread 72" [_thread_blocked, id=744, stack(0x000000ce24300000,0x000000ce24400000)]
  0x000002a636665800 JavaThread "Unconstrained build operations Thread 73" [_thread_blocked, id=1092, stack(0x000000ce24400000,0x000000ce24500000)]
  0x000002a636668800 JavaThread "Unconstrained build operations Thread 74" [_thread_blocked, id=3404, stack(0x000000ce24500000,0x000000ce24600000)]
  0x000002a636667000 JavaThread "Unconstrained build operations Thread 75" [_thread_blocked, id=4076, stack(0x000000ce24600000,0x000000ce24700000)]
  0x000002a636663800 JavaThread "Unconstrained build operations Thread 76" [_thread_blocked, id=10992, stack(0x000000ce24700000,0x000000ce24800000)]
  0x000002a636668000 JavaThread "Unconstrained build operations Thread 77" [_thread_blocked, id=1688, stack(0x000000ce24800000,0x000000ce24900000)]
  0x000002a63666a000 JavaThread "Unconstrained build operations Thread 78" [_thread_blocked, id=2616, stack(0x000000ce24900000,0x000000ce24a00000)]
  0x000002a63666b000 JavaThread "Unconstrained build operations Thread 79" [_thread_blocked, id=4640, stack(0x000000ce24a00000,0x000000ce24b00000)]
  0x000002a63666c000 JavaThread "Unconstrained build operations Thread 80" [_thread_blocked, id=8656, stack(0x000000ce24b00000,0x000000ce24c00000)]
  0x000002a63666c800 JavaThread "jar transforms Thread 4" [_thread_blocked, id=12180, stack(0x000000ce24c00000,0x000000ce24d00000)]
  0x000002a63666d800 JavaThread "jar transforms Thread 5" [_thread_blocked, id=11920, stack(0x000000ce24d00000,0x000000ce24e00000)]
  0x000002a63666e800 JavaThread "jar transforms Thread 6" [_thread_blocked, id=12212, stack(0x000000ce24e00000,0x000000ce24f00000)]
  0x000002a63666f000 JavaThread "jar transforms Thread 7" [_thread_blocked, id=3428, stack(0x000000ce24f00000,0x000000ce25000000)]
  0x000002a636831800 JavaThread "jar transforms Thread 8" [_thread_blocked, id=1696, stack(0x000000ce25000000,0x000000ce25100000)]
  0x000002a63682b800 JavaThread "Memory manager" [_thread_blocked, id=3480, stack(0x000000ce25100000,0x000000ce25200000)]
  0x000002a63682d000 JavaThread "build event listener" [_thread_blocked, id=9656, stack(0x000000ce25200000,0x000000ce25300000)]
  0x000002a636830800 JavaThread "Execution worker for ':'" [_thread_blocked, id=9908, stack(0x000000ce25300000,0x000000ce25400000)]
  0x000002a63682e000 JavaThread "Execution worker for ':' Thread 2" [_thread_blocked, id=3664, stack(0x000000ce25400000,0x000000ce25500000)]
  0x000002a636832000 JavaThread "Execution worker for ':' Thread 3" [_thread_blocked, id=1884, stack(0x000000ce25500000,0x000000ce25600000)]
  0x000002a63682f000 JavaThread "Execution worker for ':' Thread 4" [_thread_blocked, id=11592, stack(0x000000ce25600000,0x000000ce25700000)]
  0x000002a63682c800 JavaThread "Execution worker for ':' Thread 5" [_thread_blocked, id=11600, stack(0x000000ce25700000,0x000000ce25800000)]
  0x000002a636833800 JavaThread "Execution worker for ':' Thread 6" [_thread_blocked, id=7496, stack(0x000000ce25800000,0x000000ce25900000)]
  0x000002a636837000 JavaThread "Execution worker for ':' Thread 7" [_thread_blocked, id=11452, stack(0x000000ce25900000,0x000000ce25a00000)]
  0x000002a636836000 JavaThread "Cache worker for execution history cache (D:\NotesApp\.gradle\7.2\executionHistory)" [_thread_blocked, id=11864, stack(0x000000ce25a00000,0x000000ce25b00000)]
  0x000002a636835800 JavaThread "WorkerExecutor Queue" [_thread_blocked, id=11748, stack(0x000000ce25b00000,0x000000ce25c00000)]
  0x000002a636838000 JavaThread "WorkerExecutor Queue Thread 2" [_thread_blocked, id=752, stack(0x000000ce25c00000,0x000000ce25d00000)]
  0x000002a636838800 JavaThread "WorkerExecutor Queue Thread 3" [_thread_blocked, id=7128, stack(0x000000ce25d00000,0x000000ce25e00000)]
  0x000002a636833000 JavaThread "WorkerExecutor Queue Thread 4" [_thread_blocked, id=3440, stack(0x000000ce25e00000,0x000000ce25f00000)]
  0x000002a636839800 JavaThread "pool-3-thread-1" [_thread_blocked, id=2480, stack(0x000000ce25f00000,0x000000ce26000000)]
  0x000002a63683a800 JavaThread "stderr" [_thread_in_native, id=6936, stack(0x000000ce26000000,0x000000ce26100000)]
  0x000002a636834800 JavaThread "stdout" [_thread_in_native, id=348, stack(0x000000ce26100000,0x000000ce26200000)]

Other Threads:
  0x000002a632185000 VMThread "VM Thread" [stack: 0x000000ce1cc00000,0x000000ce1cd00000] [id=6616]
  0x000002a632bb4800 WatcherThread [stack: 0x000000ce1d600000,0x000000ce1d700000] [id=12152]
  0x000002a617d05000 GCTaskThread "GC Thread#0" [stack: 0x000000ce1c700000,0x000000ce1c800000] [id=7752]
  0x000002a6337e1800 GCTaskThread "GC Thread#1" [stack: 0x000000ce1d900000,0x000000ce1da00000] [id=3540]
=>0x000002a633a97800 GCTaskThread "GC Thread#2" [stack: 0x000000ce1da00000,0x000000ce1db00000] [id=3412]
  0x000002a6345a9800 GCTaskThread "GC Thread#3" [stack: 0x000000ce1e800000,0x000000ce1e900000] [id=11160]
  0x000002a634ebd800 GCTaskThread "GC Thread#4" [stack: 0x000000ce1e900000,0x000000ce1ea00000] [id=512]
  0x000002a633a09000 GCTaskThread "GC Thread#5" [stack: 0x000000ce1ea00000,0x000000ce1eb00000] [id=11916]
  0x000002a632f4c000 GCTaskThread "GC Thread#6" [stack: 0x000000ce1eb00000,0x000000ce1ec00000] [id=4048]
  0x000002a635697800 GCTaskThread "GC Thread#7" [stack: 0x000000ce1ec00000,0x000000ce1ed00000] [id=1124]
  0x000002a617d38800 ConcurrentGCThread "G1 Main Marker" [stack: 0x000000ce1c800000,0x000000ce1c900000] [id=3276]
  0x000002a617d3b000 ConcurrentGCThread "G1 Conc#0" [stack: 0x000000ce1c900000,0x000000ce1ca00000] [id=9996]
  0x000002a635bc7000 ConcurrentGCThread "G1 Conc#1" [stack: 0x000000ce1ed00000,0x000000ce1ee00000] [id=9872]
  0x000002a617dbd800 ConcurrentGCThread "G1 Refine#0" [stack: 0x000000ce1ca00000,0x000000ce1cb00000] [id=4380]
  0x000002a6343a2800 ConcurrentGCThread "G1 Refine#1" [stack: 0x000000ce1db00000,0x000000ce1dc00000] [id=6060]
  0x000002a617dbe800 ConcurrentGCThread "G1 Young RemSet Sampling" [stack: 0x000000ce1cb00000,0x000000ce1cc00000] [id=2472]

Threads with active compile tasks:
C2 CompilerThread0   9403 11757       4       com.android.tools.r8.graph.T0::M (34 bytes)
C2 CompilerThread1   9403 11763       4       com.android.tools.r8.dex.r::a (83 bytes)
C2 CompilerThread2   9403 11765       4       com.android.tools.r8.graph.p0::d (134 bytes)

VM state:at safepoint (normal execution)

VM Mutex/Monitor currently owned by a thread:  ([mutex/lock_event])
[0x000002a617ceabf0] FreeList_lock - owner thread: 0x000002a633a97800
[0x000002a617cece90] Threads_lock - owner thread: 0x000002a632185000
[0x000002a617cec350] Heap_lock - owner thread: 0x000002a636833000

Heap address: 0x0000000080000000, size: 2048 MB, Compressed Oops mode: 32-bit
Narrow klass base: 0x0000000000000000, Narrow klass shift: 3
Compressed class space size: 1073741824 Address: 0x0000000100000000

Heap:
 garbage-first heap   total 226304K, used 204301K [0x0000000080000000, 0x0000000100000000)
  region size 1024K, 56 young (57344K), 8 survivors (8192K)
 Metaspace       used 94975K, capacity 97379K, committed 98124K, reserved 1134592K
  class space    used 12256K, capacity 13117K, committed 13388K, reserved 1048576K
Heap Regions: E=young(eden), S=young(survivor), O=old, HS=humongous(starts), HC=humongous(continues), CS=collection set, F=free, A=archive, TAMS=top-at-mark-start (previous, next)
|   0|0x0000000080000000, 0x0000000080100000, 0x0000000080100000|100%| O|  |TAMS 0x0000000080100000, 0x0000000080100000| Untracked 
|   1|0x0000000080100000, 0x0000000080200000, 0x0000000080200000|100%| O|  |TAMS 0x0000000080200000, 0x0000000080200000| Untracked 
|   2|0x0000000080200000, 0x0000000080300000, 0x0000000080300000|100%| O|  |TAMS 0x0000000080300000, 0x0000000080300000| Untracked 
|   3|0x0000000080300000, 0x0000000080400000, 0x0000000080400000|100%|HS|  |TAMS 0x0000000080400000, 0x0000000080400000| Complete 
|   4|0x0000000080400000, 0x0000000080500000, 0x0000000080500000|100%|HC|  |TAMS 0x0000000080500000, 0x0000000080500000| Complete 
|   5|0x0000000080500000, 0x0000000080600000, 0x0000000080600000|100%|HC|  |TAMS 0x0000000080600000, 0x0000000080600000| Complete 
|   6|0x0000000080600000, 0x0000000080700000, 0x0000000080700000|100%| O|  |TAMS 0x0000000080700000, 0x0000000080700000| Untracked 
|   7|0x0000000080700000, 0x0000000080800000, 0x0000000080800000|100%| O|  |TAMS 0x0000000080800000, 0x0000000080800000| Untracked 
|   8|0x0000000080800000, 0x0000000080900000, 0x0000000080900000|100%| O|  |TAMS 0x0000000080900000, 0x0000000080900000| Untracked 
|   9|0x0000000080900000, 0x0000000080a00000, 0x0000000080a00000|100%| O|  |TAMS 0x0000000080a00000, 0x0000000080a00000| Untracked 
|  10|0x0000000080a00000, 0x0000000080b00000, 0x0000000080b00000|100%| O|  |TAMS 0x0000000080b00000, 0x0000000080b00000| Untracked 
|  11|0x0000000080b00000, 0x0000000080c00000, 0x0000000080c00000|100%| O|  |TAMS 0x0000000080c00000, 0x0000000080c00000| Untracked 
|  12|0x0000000080c00000, 0x0000000080d00000, 0x0000000080d00000|100%| O|  |TAMS 0x0000000080d00000, 0x0000000080d00000| Untracked 
|  13|0x0000000080d00000, 0x0000000080e00000, 0x0000000080e00000|100%| O|  |TAMS 0x0000000080e00000, 0x0000000080e00000| Untracked 
|  14|0x0000000080e00000, 0x0000000080f00000, 0x0000000080f00000|100%| O|  |TAMS 0x0000000080f00000, 0x0000000080f00000| Untracked 
|  15|0x0000000080f00000, 0x0000000081000000, 0x0000000081000000|100%| O|  |TAMS 0x0000000081000000, 0x0000000081000000| Untracked 
|  16|0x0000000081000000, 0x0000000081100000, 0x0000000081100000|100%| O|  |TAMS 0x0000000081100000, 0x0000000081100000| Untracked 
|  17|0x0000000081100000, 0x0000000081200000, 0x0000000081200000|100%|HS|  |TAMS 0x0000000081200000, 0x0000000081200000| Complete 
|  18|0x0000000081200000, 0x0000000081300000, 0x0000000081300000|100%| O|  |TAMS 0x0000000081300000, 0x0000000081300000| Untracked 
|  19|0x0000000081300000, 0x0000000081400000, 0x0000000081400000|100%| O|  |TAMS 0x0000000081400000, 0x0000000081400000| Untracked 
|  20|0x0000000081400000, 0x0000000081500000, 0x0000000081500000|100%| O|  |TAMS 0x0000000081500000, 0x0000000081500000| Untracked 
|  21|0x0000000081500000, 0x0000000081600000, 0x0000000081600000|100%| O|  |TAMS 0x0000000081600000, 0x0000000081600000| Untracked 
|  22|0x0000000081600000, 0x0000000081700000, 0x0000000081700000|100%| O|  |TAMS 0x0000000081700000, 0x0000000081700000| Untracked 
|  23|0x0000000081700000, 0x0000000081800000, 0x0000000081800000|100%| O|  |TAMS 0x0000000081800000, 0x0000000081800000| Untracked 
|  24|0x0000000081800000, 0x0000000081900000, 0x0000000081900000|100%|HS|  |TAMS 0x0000000081900000, 0x0000000081900000| Complete 
|  25|0x0000000081900000, 0x0000000081a00000, 0x0000000081a00000|100%|HS|  |TAMS 0x0000000081a00000, 0x0000000081a00000| Complete 
|  26|0x0000000081a00000, 0x0000000081b00000, 0x0000000081b00000|100%|HS|  |TAMS 0x0000000081b00000, 0x0000000081b00000| Complete 
|  27|0x0000000081b00000, 0x0000000081c00000, 0x0000000081c00000|100%|HS|  |TAMS 0x0000000081c00000, 0x0000000081c00000| Complete 
|  28|0x0000000081c00000, 0x0000000081d00000, 0x0000000081d00000|100%|HC|  |TAMS 0x0000000081d00000, 0x0000000081d00000| Complete 
|  29|0x0000000081d00000, 0x0000000081e00000, 0x0000000081e00000|100%|HC|  |TAMS 0x0000000081e00000, 0x0000000081e00000| Complete 
|  30|0x0000000081e00000, 0x0000000081f00000, 0x0000000081f00000|100%|HS|  |TAMS 0x0000000081f00000, 0x0000000081f00000| Complete 
|  31|0x0000000081f00000, 0x0000000082000000, 0x0000000082000000|100%|HC|  |TAMS 0x0000000082000000, 0x0000000082000000| Complete 
|  32|0x0000000082000000, 0x0000000082100000, 0x0000000082100000|100%| O|  |TAMS 0x0000000082100000, 0x0000000082100000| Untracked 
|  33|0x0000000082100000, 0x0000000082200000, 0x0000000082200000|100%| O|  |TAMS 0x0000000082200000, 0x0000000082200000| Untracked 
|  34|0x0000000082200000, 0x0000000082300000, 0x0000000082300000|100%| O|  |TAMS 0x0000000082300000, 0x0000000082300000| Untracked 
|  35|0x0000000082300000, 0x0000000082400000, 0x0000000082400000|100%| O|  |TAMS 0x0000000082400000, 0x0000000082400000| Untracked 
|  36|0x0000000082400000, 0x0000000082500000, 0x0000000082500000|100%| O|  |TAMS 0x0000000082500000, 0x0000000082500000| Untracked 
|  37|0x0000000082500000, 0x0000000082600000, 0x0000000082600000|100%| O|  |TAMS 0x0000000082600000, 0x0000000082600000| Untracked 
|  38|0x0000000082600000, 0x0000000082700000, 0x0000000082700000|100%| O|  |TAMS 0x0000000082700000, 0x0000000082700000| Untracked 
|  39|0x0000000082700000, 0x0000000082800000, 0x0000000082800000|100%| O|  |TAMS 0x0000000082800000, 0x0000000082800000| Untracked 
|  40|0x0000000082800000, 0x0000000082900000, 0x0000000082900000|100%| O|  |TAMS 0x0000000082900000, 0x0000000082900000| Untracked 
|  41|0x0000000082900000, 0x0000000082a00000, 0x0000000082a00000|100%| O|  |TAMS 0x0000000082a00000, 0x0000000082a00000| Untracked 
|  42|0x0000000082a00000, 0x0000000082b00000, 0x0000000082b00000|100%| O|  |TAMS 0x0000000082b00000, 0x0000000082b00000| Untracked 
|  43|0x0000000082b00000, 0x0000000082c00000, 0x0000000082c00000|100%| O|  |TAMS 0x0000000082c00000, 0x0000000082c00000| Untracked 
|  44|0x0000000082c00000, 0x0000000082d00000, 0x0000000082d00000|100%| O|  |TAMS 0x0000000082d00000, 0x0000000082d00000| Untracked 
|  45|0x0000000082d00000, 0x0000000082e00000, 0x0000000082e00000|100%| O|  |TAMS 0x0000000082e00000, 0x0000000082e00000| Untracked 
|  46|0x0000000082e00000, 0x0000000082f00000, 0x0000000082f00000|100%| O|  |TAMS 0x0000000082f00000, 0x0000000082f00000| Untracked 
|  47|0x0000000082f00000, 0x0000000083000000, 0x0000000083000000|100%| O|  |TAMS 0x0000000083000000, 0x0000000083000000| Untracked 
|  48|0x0000000083000000, 0x0000000083100000, 0x0000000083100000|100%| O|  |TAMS 0x0000000083100000, 0x0000000083100000| Untracked 
|  49|0x0000000083100000, 0x0000000083200000, 0x0000000083200000|100%| O|  |TAMS 0x0000000083200000, 0x0000000083200000| Untracked 
|  50|0x0000000083200000, 0x0000000083300000, 0x0000000083300000|100%| O|  |TAMS 0x0000000083300000, 0x0000000083300000| Untracked 
|  51|0x0000000083300000, 0x0000000083400000, 0x0000000083400000|100%| O|  |TAMS 0x0000000083400000, 0x0000000083400000| Untracked 
|  52|0x0000000083400000, 0x0000000083500000, 0x0000000083500000|100%| O|  |TAMS 0x0000000083500000, 0x0000000083500000| Untracked 
|  53|0x0000000083500000, 0x0000000083600000, 0x0000000083600000|100%| O|  |TAMS 0x0000000083600000, 0x0000000083600000| Untracked 
|  54|0x0000000083600000, 0x0000000083700000, 0x0000000083700000|100%| O|  |TAMS 0x0000000083700000, 0x0000000083700000| Untracked 
|  55|0x0000000083700000, 0x0000000083800000, 0x0000000083800000|100%| O|  |TAMS 0x0000000083800000, 0x0000000083800000| Untracked 
|  56|0x0000000083800000, 0x0000000083900000, 0x0000000083900000|100%| O|  |TAMS 0x0000000083900000, 0x0000000083900000| Untracked 
|  57|0x0000000083900000, 0x0000000083a00000, 0x0000000083a00000|100%| O|  |TAMS 0x0000000083a00000, 0x0000000083a00000| Untracked 
|  58|0x0000000083a00000, 0x0000000083b00000, 0x0000000083b00000|100%| O|  |TAMS 0x0000000083b00000, 0x0000000083b00000| Untracked 
|  59|0x0000000083b00000, 0x0000000083c00000, 0x0000000083c00000|100%| O|  |TAMS 0x0000000083c00000, 0x0000000083c00000| Untracked 
|  60|0x0000000083c00000, 0x0000000083d00000, 0x0000000083d00000|100%| O|  |TAMS 0x0000000083d00000, 0x0000000083d00000| Untracked 
|  61|0x0000000083d00000, 0x0000000083e00000, 0x0000000083e00000|100%| O|  |TAMS 0x0000000083e00000, 0x0000000083e00000| Untracked 
|  62|0x0000000083e00000, 0x0000000083f00000, 0x0000000083f00000|100%| O|  |TAMS 0x0000000083f00000, 0x0000000083f00000| Untracked 
|  63|0x0000000083f00000, 0x0000000084000000, 0x0000000084000000|100%| O|  |TAMS 0x0000000084000000, 0x0000000084000000| Untracked 
|  64|0x0000000084000000, 0x0000000084100000, 0x0000000084100000|100%| O|  |TAMS 0x0000000084100000, 0x0000000084100000| Untracked 
|  65|0x0000000084100000, 0x0000000084200000, 0x0000000084200000|100%| O|  |TAMS 0x0000000084200000, 0x0000000084200000| Untracked 
|  66|0x0000000084200000, 0x0000000084300000, 0x0000000084300000|100%| O|  |TAMS 0x0000000084300000, 0x0000000084300000| Untracked 
|  67|0x0000000084300000, 0x0000000084400000, 0x0000000084400000|100%| O|  |TAMS 0x0000000084400000, 0x0000000084400000| Untracked 
|  68|0x0000000084400000, 0x0000000084500000, 0x0000000084500000|100%| O|  |TAMS 0x0000000084500000, 0x0000000084500000| Untracked 
|  69|0x0000000084500000, 0x0000000084600000, 0x0000000084600000|100%| O|  |TAMS 0x0000000084600000, 0x0000000084600000| Untracked 
|  70|0x0000000084600000, 0x0000000084700000, 0x0000000084700000|100%| O|  |TAMS 0x0000000084700000, 0x0000000084700000| Untracked 
|  71|0x0000000084700000, 0x0000000084800000, 0x0000000084800000|100%| O|  |TAMS 0x0000000084800000, 0x0000000084800000| Untracked 
|  72|0x0000000084800000, 0x0000000084900000, 0x0000000084900000|100%| O|  |TAMS 0x0000000084900000, 0x0000000084900000| Untracked 
|  73|0x0000000084900000, 0x0000000084a00000, 0x0000000084a00000|100%| O|  |TAMS 0x0000000084a00000, 0x0000000084a00000| Untracked 
|  74|0x0000000084a00000, 0x0000000084b00000, 0x0000000084b00000|100%| O|  |TAMS 0x0000000084b00000, 0x0000000084b00000| Untracked 
|  75|0x0000000084b00000, 0x0000000084c00000, 0x0000000084c00000|100%| O|  |TAMS 0x0000000084c00000, 0x0000000084c00000| Untracked 
|  76|0x0000000084c00000, 0x0000000084d00000, 0x0000000084d00000|100%| O|  |TAMS 0x0000000084d00000, 0x0000000084d00000| Untracked 
|  77|0x0000000084d00000, 0x0000000084e00000, 0x0000000084e00000|100%| O|  |TAMS 0x0000000084e00000, 0x0000000084e00000| Untracked 
|  78|0x0000000084e00000, 0x0000000084f00000, 0x0000000084f00000|100%| O|  |TAMS 0x0000000084f00000, 0x0000000084f00000| Untracked 
|  79|0x0000000084f00000, 0x0000000085000000, 0x0000000085000000|100%| O|  |TAMS 0x0000000085000000, 0x0000000085000000| Untracked 
|  80|0x0000000085000000, 0x0000000085100000, 0x0000000085100000|100%| O|  |TAMS 0x0000000085100000, 0x0000000085100000| Untracked 
|  81|0x0000000085100000, 0x0000000085200000, 0x0000000085200000|100%| O|  |TAMS 0x0000000085200000, 0x0000000085200000| Untracked 
|  82|0x0000000085200000, 0x0000000085300000, 0x0000000085300000|100%| O|  |TAMS 0x0000000085300000, 0x0000000085300000| Untracked 
|  83|0x0000000085300000, 0x0000000085400000, 0x0000000085400000|100%| O|  |TAMS 0x0000000085400000, 0x0000000085400000| Untracked 
|  84|0x0000000085400000, 0x0000000085500000, 0x0000000085500000|100%| O|  |TAMS 0x0000000085500000, 0x0000000085500000| Untracked 
|  85|0x0000000085500000, 0x0000000085600000, 0x0000000085600000|100%| O|  |TAMS 0x0000000085600000, 0x0000000085600000| Untracked 
|  86|0x0000000085600000, 0x0000000085700000, 0x0000000085700000|100%| O|  |TAMS 0x0000000085700000, 0x0000000085700000| Untracked 
|  87|0x0000000085700000, 0x0000000085800000, 0x0000000085800000|100%| O|  |TAMS 0x0000000085800000, 0x0000000085800000| Untracked 
|  88|0x0000000085800000, 0x0000000085900000, 0x0000000085900000|100%| O|  |TAMS 0x0000000085900000, 0x0000000085900000| Untracked 
|  89|0x0000000085900000, 0x0000000085a00000, 0x0000000085a00000|100%| O|  |TAMS 0x0000000085a00000, 0x0000000085a00000| Untracked 
|  90|0x0000000085a00000, 0x0000000085b00000, 0x0000000085b00000|100%| O|  |TAMS 0x0000000085b00000, 0x0000000085b00000| Untracked 
|  91|0x0000000085b00000, 0x0000000085c00000, 0x0000000085c00000|100%| O|  |TAMS 0x0000000085c00000, 0x0000000085c00000| Untracked 
|  92|0x0000000085c00000, 0x0000000085d00000, 0x0000000085d00000|100%| O|  |TAMS 0x0000000085d00000, 0x0000000085d00000| Untracked 
|  93|0x0000000085d00000, 0x0000000085e00000, 0x0000000085e00000|100%|HS|  |TAMS 0x0000000085e00000, 0x0000000085e00000| Complete 
|  94|0x0000000085e00000, 0x0000000085f00000, 0x0000000085f00000|100%|HS|  |TAMS 0x0000000085f00000, 0x0000000085f00000| Complete 
|  95|0x0000000085f00000, 0x0000000086000000, 0x0000000086000000|100%|HC|  |TAMS 0x0000000086000000, 0x0000000086000000| Complete 
|  96|0x0000000086000000, 0x0000000086100000, 0x0000000086100000|100%|HS|  |TAMS 0x0000000086100000, 0x0000000086100000| Complete 
|  97|0x0000000086100000, 0x0000000086200000, 0x0000000086200000|100%|HC|  |TAMS 0x0000000086200000, 0x0000000086200000| Complete 
|  98|0x0000000086200000, 0x0000000086300000, 0x0000000086300000|100%|HS|  |TAMS 0x0000000086300000, 0x0000000086300000| Complete 
|  99|0x0000000086300000, 0x0000000086400000, 0x0000000086400000|100%| O|  |TAMS 0x0000000086400000, 0x0000000086400000| Untracked 
| 100|0x0000000086400000, 0x0000000086500000, 0x0000000086500000|100%| O|  |TAMS 0x0000000086500000, 0x0000000086500000| Untracked 
| 101|0x0000000086500000, 0x0000000086600000, 0x0000000086600000|100%|HS|  |TAMS 0x0000000086600000, 0x0000000086600000| Complete 
| 102|0x0000000086600000, 0x0000000086700000, 0x0000000086700000|100%|HS|  |TAMS 0x0000000086700000, 0x0000000086700000| Complete 
| 103|0x0000000086700000, 0x0000000086800000, 0x0000000086800000|100%|HS|  |TAMS 0x0000000086800000, 0x0000000086800000| Complete 
| 104|0x0000000086800000, 0x0000000086900000, 0x0000000086900000|100%|HC|  |TAMS 0x0000000086900000, 0x0000000086900000| Complete 
| 105|0x0000000086900000, 0x0000000086a00000, 0x0000000086a00000|100%|HC|  |TAMS 0x0000000086a00000, 0x0000000086a00000| Complete 
| 106|0x0000000086a00000, 0x0000000086b00000, 0x0000000086b00000|100%|HS|  |TAMS 0x0000000086b00000, 0x0000000086b00000| Complete 
| 107|0x0000000086b00000, 0x0000000086c00000, 0x0000000086c00000|100%|HS|  |TAMS 0x0000000086c00000, 0x0000000086c00000| Complete 
| 108|0x0000000086c00000, 0x0000000086d00000, 0x0000000086d00000|100%| O|  |TAMS 0x0000000086d00000, 0x0000000086d00000| Untracked 
| 109|0x0000000086d00000, 0x0000000086e00000, 0x0000000086e00000|100%| O|  |TAMS 0x0000000086e00000, 0x0000000086e00000| Untracked 
| 110|0x0000000086e00000, 0x0000000086f00000, 0x0000000086f00000|100%| O|  |TAMS 0x0000000086f00000, 0x0000000086f00000| Untracked 
| 111|0x0000000086f00000, 0x0000000087000000, 0x0000000087000000|100%| O|  |TAMS 0x0000000087000000, 0x0000000087000000| Untracked 
| 112|0x0000000087000000, 0x0000000087100000, 0x0000000087100000|100%| O|  |TAMS 0x0000000087100000, 0x0000000087100000| Untracked 
| 113|0x0000000087100000, 0x0000000087200000, 0x0000000087200000|100%| O|  |TAMS 0x0000000087200000, 0x0000000087200000| Untracked 
| 114|0x0000000087200000, 0x0000000087300000, 0x0000000087300000|100%| O|  |TAMS 0x0000000087300000, 0x0000000087300000| Untracked 
| 115|0x0000000087300000, 0x0000000087400000, 0x0000000087400000|100%| O|  |TAMS 0x0000000087400000, 0x0000000087400000| Untracked 
| 116|0x0000000087400000, 0x0000000087500000, 0x0000000087500000|100%| O|  |TAMS 0x0000000087500000, 0x0000000087500000| Untracked 
| 117|0x0000000087500000, 0x0000000087600000, 0x0000000087600000|100%| O|  |TAMS 0x00000000875d8600, 0x0000000087600000| Untracked 
| 118|0x0000000087600000, 0x0000000087700000, 0x0000000087700000|100%|HS|  |TAMS 0x0000000087600000, 0x0000000087700000| Complete 
| 119|0x0000000087700000, 0x0000000087800000, 0x0000000087800000|100%|HS|  |TAMS 0x0000000087700000, 0x0000000087800000| Complete 
| 120|0x0000000087800000, 0x0000000087900000, 0x0000000087900000|100%|HS|  |TAMS 0x0000000087800000, 0x0000000087900000| Complete 
| 121|0x0000000087900000, 0x0000000087a00000, 0x0000000087a00000|100%|HC|  |TAMS 0x0000000087900000, 0x0000000087a00000| Complete 
| 122|0x0000000087a00000, 0x0000000087b00000, 0x0000000087b00000|100%|HS|  |TAMS 0x0000000087a00000, 0x0000000087b00000| Complete 
| 123|0x0000000087b00000, 0x0000000087c00000, 0x0000000087c00000|100%|HC|  |TAMS 0x0000000087b00000, 0x0000000087c00000| Complete 
| 124|0x0000000087c00000, 0x0000000087d00000, 0x0000000087d00000|100%|HS|  |TAMS 0x0000000087c00000, 0x0000000087d00000| Complete 
| 125|0x0000000087d00000, 0x0000000087e00000, 0x0000000087e00000|100%|HC|  |TAMS 0x0000000087d00000, 0x0000000087e00000| Complete 
| 126|0x0000000087e00000, 0x0000000087f00000, 0x0000000087f00000|100%|HS|  |TAMS 0x0000000087e00000, 0x0000000087f00000| Complete 
| 127|0x0000000087f00000, 0x0000000088000000, 0x0000000088000000|100%|HC|  |TAMS 0x0000000087f00000, 0x0000000088000000| Complete 
| 128|0x0000000088000000, 0x0000000088100000, 0x0000000088100000|100%|HS|  |TAMS 0x0000000088000000, 0x0000000088100000| Complete 
| 129|0x0000000088100000, 0x0000000088200000, 0x0000000088200000|100%|HS|  |TAMS 0x0000000088100000, 0x0000000088200000| Complete 
| 130|0x0000000088200000, 0x0000000088300000, 0x0000000088300000|100%|HS|  |TAMS 0x0000000088200000, 0x0000000088300000| Complete 
| 131|0x0000000088300000, 0x0000000088400000, 0x0000000088400000|100%|HS|  |TAMS 0x0000000088300000, 0x0000000088400000| Complete 
| 132|0x0000000088400000, 0x0000000088500000, 0x0000000088500000|100%|HS|  |TAMS 0x0000000088400000, 0x0000000088500000| Complete 
| 133|0x0000000088500000, 0x0000000088600000, 0x0000000088600000|100%|HS|  |TAMS 0x0000000088500000, 0x0000000088600000| Complete 
| 134|0x0000000088600000, 0x0000000088700000, 0x0000000088700000|100%|HS|  |TAMS 0x0000000088600000, 0x0000000088700000| Complete 
| 135|0x0000000088700000, 0x0000000088800000, 0x0000000088800000|100%|HC|  |TAMS 0x0000000088700000, 0x0000000088800000| Complete 
| 136|0x0000000088800000, 0x0000000088900000, 0x0000000088900000|100%|HC|  |TAMS 0x0000000088800000, 0x0000000088900000| Complete 
| 137|0x0000000088900000, 0x0000000088a00000, 0x0000000088a00000|100%|HS|  |TAMS 0x0000000088900000, 0x0000000088a00000| Complete 
| 138|0x0000000088a00000, 0x0000000088b00000, 0x0000000088b00000|100%|HC|  |TAMS 0x0000000088a00000, 0x0000000088b00000| Complete 
| 139|0x0000000088b00000, 0x0000000088c00000, 0x0000000088c00000|100%|HC|  |TAMS 0x0000000088b00000, 0x0000000088c00000| Complete 
| 140|0x0000000088c00000, 0x0000000088d00000, 0x0000000088d00000|100%|HS|  |TAMS 0x0000000088c00000, 0x0000000088d00000| Complete 
| 141|0x0000000088d00000, 0x0000000088e00000, 0x0000000088e00000|100%|HS|  |TAMS 0x0000000088d00000, 0x0000000088e00000| Complete 
| 142|0x0000000088e00000, 0x0000000088f00000, 0x0000000088f00000|100%|HS|  |TAMS 0x0000000088e00000, 0x0000000088f00000| Complete 
| 143|0x0000000088f00000, 0x0000000089000000, 0x0000000089000000|100%|HS|  |TAMS 0x0000000088f00000, 0x0000000089000000| Complete 
| 144|0x0000000089000000, 0x0000000089100000, 0x0000000089100000|100%| O|  |TAMS 0x0000000089000000, 0x0000000089100000| Untracked 
| 145|0x0000000089100000, 0x0000000089200000, 0x0000000089200000|100%| O|  |TAMS 0x0000000089100000, 0x0000000089200000| Untracked 
| 146|0x0000000089200000, 0x0000000089300000, 0x0000000089300000|100%| O|  |TAMS 0x0000000089200000, 0x0000000089300000| Untracked 
| 147|0x0000000089300000, 0x0000000089400000, 0x0000000089400000|100%| O|  |TAMS 0x0000000089300000, 0x0000000089400000| Untracked 
| 148|0x0000000089400000, 0x0000000089500000, 0x0000000089500000|100%| O|  |TAMS 0x0000000089400000, 0x0000000089500000| Untracked 
| 149|0x0000000089500000, 0x0000000089600000, 0x0000000089600000|100%| O|  |TAMS 0x0000000089500000, 0x0000000089600000| Untracked 
| 150|0x0000000089600000, 0x0000000089700000, 0x0000000089700000|100%| O|  |TAMS 0x0000000089600000, 0x0000000089700000| Untracked 
| 151|0x0000000089700000, 0x0000000089800000, 0x0000000089800000|100%| O|  |TAMS 0x0000000089700000, 0x0000000089800000| Untracked 
| 152|0x0000000089800000, 0x0000000089900000, 0x0000000089900000|100%| O|  |TAMS 0x0000000089800000, 0x0000000089900000| Untracked 
| 153|0x0000000089900000, 0x0000000089a00000, 0x0000000089a00000|100%| O|  |TAMS 0x0000000089900000, 0x0000000089a00000| Untracked 
| 154|0x0000000089a00000, 0x0000000089b00000, 0x0000000089b00000|100%| O|  |TAMS 0x0000000089a00000, 0x0000000089b00000| Untracked 
| 155|0x0000000089b00000, 0x0000000089c00000, 0x0000000089c00000|100%| O|  |TAMS 0x0000000089b00000, 0x0000000089c00000| Untracked 
| 156|0x0000000089c00000, 0x0000000089d00000, 0x0000000089d00000|100%| S|  |TAMS 0x0000000089c00000, 0x0000000089c00000| Complete 
| 157|0x0000000089d00000, 0x0000000089e00000, 0x0000000089e00000|100%| S|  |TAMS 0x0000000089d00000, 0x0000000089d00000| Complete 
| 158|0x0000000089e00000, 0x0000000089f00000, 0x0000000089f00000|100%| S|  |TAMS 0x0000000089e00000, 0x0000000089e00000| Complete 
| 159|0x0000000089f00000, 0x000000008a000000, 0x000000008a000000|100%| S|  |TAMS 0x0000000089f00000, 0x0000000089f00000| Complete 
| 160|0x000000008a000000, 0x000000008a100000, 0x000000008a100000|100%| S|  |TAMS 0x000000008a000000, 0x000000008a000000| Complete 
| 161|0x000000008a100000, 0x000000008a200000, 0x000000008a200000|100%| S|  |TAMS 0x000000008a100000, 0x000000008a100000| Complete 
| 162|0x000000008a200000, 0x000000008a300000, 0x000000008a300000|100%| S|  |TAMS 0x000000008a200000, 0x000000008a200000| Complete 
| 163|0x000000008a300000, 0x000000008a400000, 0x000000008a400000|100%| S|  |TAMS 0x000000008a300000, 0x000000008a300000| Complete 
| 164|0x000000008a400000, 0x000000008a4bcdd8, 0x000000008a500000| 73%| E|CS|TAMS 0x000000008a400000, 0x000000008a4bcdd8| Complete 
| 165|0x000000008a500000, 0x000000008a600000, 0x000000008a600000|100%| E|CS|TAMS 0x000000008a500000, 0x000000008a600000| Complete 
| 166|0x000000008a600000, 0x000000008a700000, 0x000000008a700000|100%| E|CS|TAMS 0x000000008a600000, 0x000000008a700000| Complete 
| 167|0x000000008a700000, 0x000000008a800000, 0x000000008a800000|100%| E|CS|TAMS 0x000000008a700000, 0x000000008a800000| Complete 
| 168|0x000000008a800000, 0x000000008a900000, 0x000000008a900000|100%| E|CS|TAMS 0x000000008a800000, 0x000000008a900000| Complete 
| 169|0x000000008a900000, 0x000000008aa00000, 0x000000008aa00000|100%| E|CS|TAMS 0x000000008a900000, 0x000000008aa00000| Complete 
| 170|0x000000008aa00000, 0x000000008ab00000, 0x000000008ab00000|100%| E|CS|TAMS 0x000000008aa00000, 0x000000008ab00000| Complete 
| 171|0x000000008ab00000, 0x000000008ac00000, 0x000000008ac00000|100%| E|CS|TAMS 0x000000008ab00000, 0x000000008ac00000| Complete 
| 172|0x000000008ac00000, 0x000000008ad00000, 0x000000008ad00000|100%| E|CS|TAMS 0x000000008ac00000, 0x000000008ad00000| Complete 
| 173|0x000000008ad00000, 0x000000008ae00000, 0x000000008ae00000|100%| E|CS|TAMS 0x000000008ad00000, 0x000000008ae00000| Complete 
| 174|0x000000008ae00000, 0x000000008af00000, 0x000000008af00000|100%| E|CS|TAMS 0x000000008ae00000, 0x000000008af00000| Complete 
| 175|0x000000008af00000, 0x000000008b000000, 0x000000008b000000|100%| E|CS|TAMS 0x000000008af00000, 0x000000008b000000| Complete 
| 176|0x000000008b000000, 0x000000008b100000, 0x000000008b100000|100%| E|CS|TAMS 0x000000008b000000, 0x000000008b100000| Complete 
| 177|0x000000008b100000, 0x000000008b200000, 0x000000008b200000|100%| E|CS|TAMS 0x000000008b100000, 0x000000008b200000| Complete 
| 178|0x000000008b200000, 0x000000008b300000, 0x000000008b300000|100%| E|CS|TAMS 0x000000008b200000, 0x000000008b300000| Complete 
| 179|0x000000008b300000, 0x000000008b400000, 0x000000008b400000|100%| E|CS|TAMS 0x000000008b300000, 0x000000008b400000| Complete 
| 180|0x000000008b400000, 0x000000008b500000, 0x000000008b500000|100%| E|CS|TAMS 0x000000008b400000, 0x000000008b500000| Complete 
| 181|0x000000008b500000, 0x000000008b600000, 0x000000008b600000|100%| E|CS|TAMS 0x000000008b500000, 0x000000008b600000| Complete 
| 182|0x000000008b600000, 0x000000008b700000, 0x000000008b700000|100%| E|CS|TAMS 0x000000008b600000, 0x000000008b700000| Complete 
| 183|0x000000008b700000, 0x000000008b800000, 0x000000008b800000|100%| E|CS|TAMS 0x000000008b700000, 0x000000008b800000| Complete 
| 184|0x000000008b800000, 0x000000008b900000, 0x000000008b900000|100%| E|CS|TAMS 0x000000008b800000, 0x000000008b900000| Complete 
| 185|0x000000008b900000, 0x000000008ba00000, 0x000000008ba00000|100%| E|CS|TAMS 0x000000008b900000, 0x000000008ba00000| Complete 
| 186|0x000000008ba00000, 0x000000008bb00000, 0x000000008bb00000|100%| E|CS|TAMS 0x000000008ba00000, 0x000000008bb00000| Complete 
| 187|0x000000008bb00000, 0x000000008bc00000, 0x000000008bc00000|100%| E|CS|TAMS 0x000000008bb00000, 0x000000008bc00000| Complete 
| 188|0x000000008bc00000, 0x000000008bd00000, 0x000000008bd00000|100%| E|CS|TAMS 0x000000008bc00000, 0x000000008bd00000| Complete 
| 189|0x000000008bd00000, 0x000000008be00000, 0x000000008be00000|100%| E|CS|TAMS 0x000000008bd00000, 0x000000008be00000| Complete 
| 190|0x000000008be00000, 0x000000008bf00000, 0x000000008bf00000|100%| E|CS|TAMS 0x000000008be00000, 0x000000008bf00000| Complete 
| 191|0x000000008bf00000, 0x000000008c000000, 0x000000008c000000|100%| E|CS|TAMS 0x000000008bf00000, 0x000000008c000000| Complete 
| 192|0x000000008c000000, 0x000000008c100000, 0x000000008c100000|100%| E|CS|TAMS 0x000000008c000000, 0x000000008c100000| Complete 
| 193|0x000000008c100000, 0x000000008c200000, 0x000000008c200000|100%| E|CS|TAMS 0x000000008c100000, 0x000000008c200000| Complete 
| 194|0x000000008c200000, 0x000000008c300000, 0x000000008c300000|100%| E|CS|TAMS 0x000000008c200000, 0x000000008c300000| Complete 
| 195|0x000000008c300000, 0x000000008c3ee1f8, 0x000000008c400000| 93%| E|CS|TAMS 0x000000008c300000, 0x000000008c3ee1f8| Complete 
| 196|0x000000008c400000, 0x000000008c500000, 0x000000008c500000|100%| E|CS|TAMS 0x000000008c400000, 0x000000008c500000| Complete 
| 197|0x000000008c500000, 0x000000008c600000, 0x000000008c600000|100%| E|CS|TAMS 0x000000008c500000, 0x000000008c600000| Complete 
| 198|0x000000008c600000, 0x000000008c700000, 0x000000008c700000|100%| E|CS|TAMS 0x000000008c600000, 0x000000008c700000| Complete 
| 199|0x000000008c700000, 0x000000008c800000, 0x000000008c800000|100%| E|CS|TAMS 0x000000008c700000, 0x000000008c800000| Complete 
| 200|0x000000008c800000, 0x000000008c900000, 0x000000008c900000|100%| E|CS|TAMS 0x000000008c800000, 0x000000008c900000| Complete 
| 201|0x000000008c900000, 0x000000008ca00000, 0x000000008ca00000|100%| E|CS|TAMS 0x000000008c900000, 0x000000008ca00000| Complete 
| 202|0x000000008ca00000, 0x000000008cb00000, 0x000000008cb00000|100%| E|CS|TAMS 0x000000008ca00000, 0x000000008cb00000| Complete 
| 203|0x000000008cb00000, 0x000000008cc00000, 0x000000008cc00000|100%| E|CS|TAMS 0x000000008cb00000, 0x000000008cc00000| Complete 
| 204|0x000000008cc00000, 0x000000008cd00000, 0x000000008cd00000|100%| E|CS|TAMS 0x000000008cc00000, 0x000000008cd00000| Complete 
| 205|0x000000008cd00000, 0x000000008ce00000, 0x000000008ce00000|100%| E|CS|TAMS 0x000000008cd00000, 0x000000008ce00000| Complete 
| 206|0x000000008ce00000, 0x000000008cf00000, 0x000000008cf00000|100%| E|CS|TAMS 0x000000008ce00000, 0x000000008cf00000| Complete 
| 207|0x000000008cf00000, 0x000000008d000000, 0x000000008d000000|100%| E|CS|TAMS 0x000000008cf00000, 0x000000008d000000| Complete 
| 208|0x000000008d000000, 0x000000008d100000, 0x000000008d100000|100%| E|CS|TAMS 0x000000008d000000, 0x000000008d100000| Complete 
| 209|0x000000008d100000, 0x000000008d200000, 0x000000008d200000|100%| E|CS|TAMS 0x000000008d100000, 0x000000008d200000| Complete 
| 210|0x000000008d200000, 0x000000008d300000, 0x000000008d300000|100%| E|CS|TAMS 0x000000008d200000, 0x000000008d300000| Complete 
| 211|0x000000008d300000, 0x000000008d400000, 0x000000008d400000|100%| E|CS|TAMS 0x000000008d300000, 0x000000008d400000| Complete 
| 212|0x000000008d400000, 0x000000008d500000, 0x000000008d500000|100%| E|CS|TAMS 0x000000008d400000, 0x000000008d500000| Complete 
| 213|0x000000008d500000, 0x000000008d600000, 0x000000008d600000|100%| E|CS|TAMS 0x000000008d500000, 0x000000008d600000| Complete 
| 214|0x000000008d600000, 0x000000008d700000, 0x000000008d700000|100%| E|CS|TAMS 0x000000008d600000, 0x000000008d700000| Complete 
| 215|0x000000008d700000, 0x000000008d800000, 0x000000008d800000|100%| E|CS|TAMS 0x000000008d700000, 0x000000008d800000| Complete 
| 216|0x000000008d800000, 0x000000008d900000, 0x000000008d900000|100%| E|CS|TAMS 0x000000008d800000, 0x000000008d900000| Complete 
| 217|0x000000008d900000, 0x000000008da00000, 0x000000008da00000|100%| E|CS|TAMS 0x000000008d900000, 0x000000008da00000| Complete 
| 218|0x000000008da00000, 0x000000008db00000, 0x000000008db00000|100%| E|CS|TAMS 0x000000008da00000, 0x000000008db00000| Complete 
| 219|0x000000008db00000, 0x000000008dc00000, 0x000000008dc00000|100%| E|CS|TAMS 0x000000008db00000, 0x000000008dc00000| Complete 

Card table byte_map: [0x000002a62af20000,0x000002a62b320000] _byte_map_base: 0x000002a62ab20000

Marking Bits (Prev, Next): (CMBitMap*) 0x000002a617d2fe48, (CMBitMap*) 0x000002a617d2fe80
 Prev Bits: [0x000002a62b720000, 0x000002a62d720000)
 Next Bits: [0x000002a62d720000, 0x000002a62f720000)

Polling page: 0x000002a615cb0000

Metaspace:

Usage:
  Non-class:     82.29 MB capacity,    80.78 MB ( 98%) used,     1.25 MB (  2%) free+waste,   261.63 KB ( <1%) overhead. 
      Class:     12.81 MB capacity,    11.97 MB ( 93%) used,   744.25 KB (  6%) free+waste,   116.31 KB ( <1%) overhead. 
       Both:     95.10 MB capacity,    92.75 MB ( 98%) used,     1.98 MB (  2%) free+waste,   377.94 KB ( <1%) overhead. 

Virtual space:
  Non-class space:       84.00 MB reserved,      82.75 MB ( 99%) committed 
      Class space:        1.00 GB reserved,      13.07 MB (  1%) committed 
             Both:        1.08 GB reserved,      95.82 MB (  9%) committed 

Chunk freelists:
   Non-Class:  346.00 KB
       Class:  195.00 KB
        Both:  541.00 KB

MaxMetaspaceSize: 17179869184.00 GB
CompressedClassSpaceSize: 1.00 GB

CodeHeap 'non-profiled nmethods': size=120000Kb used=7289Kb max_used=7289Kb free=112710Kb
 bounds [0x000002a6232b0000, 0x000002a6239d0000, 0x000002a62a7e0000]
CodeHeap 'profiled nmethods': size=120000Kb used=25024Kb max_used=25024Kb free=94975Kb
 bounds [0x000002a61bd80000, 0x000002a61d600000, 0x000002a6232b0000]
CodeHeap 'non-nmethods': size=5760Kb used=2319Kb max_used=2360Kb free=3440Kb
 bounds [0x000002a61b7e0000, 0x000002a61ba50000, 0x000002a61bd80000]
 total_blobs=12624 nmethods=11717 adapters=818
 compilation: enabled
              stopped_count=0, restarted_count=0
 full_count=0

Compilation events (20 events):
Event: 9.350 Thread 0x000002a6363ff800 nmethod 11736 0x000002a6239c7f10 code [0x000002a6239c80e0, 0x000002a6239c8598]
Event: 9.350 Thread 0x000002a6363ff800 11753       4       com.android.tools.r8.internal.d51::a (286 bytes)
Event: 9.350 Thread 0x000002a632ca4000 nmethod 11747 0x000002a6239c8810 code [0x000002a6239c89e0, 0x000002a6239c8eb8]
Event: 9.350 Thread 0x000002a632ca4000 11752       4       com.android.tools.r8.internal.aZ0::d (1434 bytes)
Event: 9.353 Thread 0x000002a6329be000 nmethod 11738 0x000002a6239c9110 code [0x000002a6239c92c0, 0x000002a6239c9cf8]
Event: 9.353 Thread 0x000002a6329be000 11759       4       com.android.tools.r8.graph.p0::a (20 bytes)
Event: 9.355 Thread 0x000002a6329bf000 11761       3       com.android.tools.r8.graph.k0::g (62 bytes)
Event: 9.356 Thread 0x000002a6329bf000 nmethod 11761 0x000002a61d5ee710 code [0x000002a61d5ee980, 0x000002a61d5ef6c8]
Event: 9.357 Thread 0x000002a6329be000 nmethod 11759 0x000002a6239ca190 code [0x000002a6239ca340, 0x000002a6239ca5c8]
Event: 9.357 Thread 0x000002a6329be000 11760       4       com.android.tools.r8.internal.nd1::a (34 bytes)
Event: 9.358 Thread 0x000002a6329be000 nmethod 11760 0x000002a6239ca790 code [0x000002a6239ca920, 0x000002a6239caa98]
Event: 9.358 Thread 0x000002a6329be000 11757       4       com.android.tools.r8.graph.T0::M (34 bytes)
Event: 9.361 Thread 0x000002a6329bf000 11764       3       com.android.tools.r8.internal.tR0::b (16 bytes)
Event: 9.361 Thread 0x000002a6329bf000 nmethod 11764 0x000002a61d5efa10 code [0x000002a61d5efc20, 0x000002a61d5eff08]
Event: 9.364 Thread 0x000002a632ca4000 nmethod 11752 0x000002a6239cab90 code [0x000002a6239cae80, 0x000002a6239cbca0]
Event: 9.364 Thread 0x000002a632ca4000 11762       4       com.android.tools.r8.internal.TV0::get (106 bytes)
Event: 9.365 Thread 0x000002a632ca4000 nmethod 11762 0x000002a6239cc790 code [0x000002a6239cc940, 0x000002a6239ccb18]
Event: 9.365 Thread 0x000002a632ca4000 11763       4       com.android.tools.r8.dex.r::a (83 bytes)
Event: 9.367 Thread 0x000002a6363ff800 nmethod 11753 0x000002a6239ccd10 code [0x000002a6239ccf00, 0x000002a6239ce1c8]
Event: 9.367 Thread 0x000002a6363ff800 11765       4       com.android.tools.r8.graph.p0::d (134 bytes)

GC Heap History (20 events):
Event: 6.162 GC heap after
{Heap after GC invocations=15 (full 0):
 garbage-first heap   total 187392K, used 70192K [0x0000000080000000, 0x0000000100000000)
  region size 1024K, 11 young (11264K), 11 survivors (11264K)
 Metaspace       used 76082K, capacity 77909K, committed 78156K, reserved 1116160K
  class space    used 9844K, capacity 10485K, committed 10572K, reserved 1048576K
}
Event: 6.797 GC heap before
{Heap before GC invocations=15 (full 0):
 garbage-first heap   total 187392K, used 141872K [0x0000000080000000, 0x0000000100000000)
  region size 1024K, 81 young (82944K), 11 survivors (11264K)
 Metaspace       used 82000K, capacity 83942K, committed 84172K, reserved 1122304K
  class space    used 10674K, capacity 11359K, committed 11468K, reserved 1048576K
}
Event: 6.804 GC heap after
{Heap after GC invocations=16 (full 0):
 garbage-first heap   total 187392K, used 73997K [0x0000000080000000, 0x0000000100000000)
  region size 1024K, 9 young (9216K), 9 survivors (9216K)
 Metaspace       used 82000K, capacity 83942K, committed 84172K, reserved 1122304K
  class space    used 10674K, capacity 11359K, committed 11468K, reserved 1048576K
}
Event: 7.445 GC heap before
{Heap before GC invocations=16 (full 0):
 garbage-first heap   total 187392K, used 144653K [0x0000000080000000, 0x0000000100000000)
  region size 1024K, 79 young (80896K), 9 survivors (9216K)
 Metaspace       used 85982K, capacity 88366K, committed 88524K, reserved 1126400K
  class space    used 11286K, capacity 12147K, committed 12236K, reserved 1048576K
}
Event: 7.455 GC heap after
{Heap after GC invocations=17 (full 0):
 garbage-first heap   total 187392K, used 80336K [0x0000000080000000, 0x0000000100000000)
  region size 1024K, 10 young (10240K), 10 survivors (10240K)
 Metaspace       used 85982K, capacity 88366K, committed 88524K, reserved 1126400K
  class space    used 11286K, capacity 12147K, committed 12236K, reserved 1048576K
}
Event: 7.768 GC heap before
{Heap before GC invocations=17 (full 0):
 garbage-first heap   total 187392K, used 146896K [0x0000000080000000, 0x0000000100000000)
  region size 1024K, 76 young (77824K), 10 survivors (10240K)
 Metaspace       used 86400K, capacity 88814K, committed 89036K, reserved 1126400K
  class space    used 11290K, capacity 12153K, committed 12236K, reserved 1048576K
}
Event: 7.776 GC heap after
{Heap after GC invocations=18 (full 0):
 garbage-first heap   total 187392K, used 86403K [0x0000000080000000, 0x0000000100000000)
  region size 1024K, 7 young (7168K), 7 survivors (7168K)
 Metaspace       used 86400K, capacity 88814K, committed 89036K, reserved 1126400K
  class space    used 11290K, capacity 12153K, committed 12236K, reserved 1048576K
}
Event: 8.020 GC heap before
{Heap before GC invocations=18 (full 0):
 garbage-first heap   total 187392K, used 148867K [0x0000000080000000, 0x0000000100000000)
  region size 1024K, 69 young (70656K), 7 survivors (7168K)
 Metaspace       used 87026K, capacity 89497K, committed 89548K, reserved 1126400K
  class space    used 11339K, capacity 12209K, committed 12236K, reserved 1048576K
}
Event: 8.026 GC heap after
{Heap after GC invocations=19 (full 0):
 garbage-first heap   total 187392K, used 91208K [0x0000000080000000, 0x0000000100000000)
  region size 1024K, 7 young (7168K), 7 survivors (7168K)
 Metaspace       used 87026K, capacity 89497K, committed 89548K, reserved 1126400K
  class space    used 11339K, capacity 12209K, committed 12236K, reserved 1048576K
}
Event: 8.242 GC heap before
{Heap before GC invocations=19 (full 0):
 garbage-first heap   total 187392K, used 149576K [0x0000000080000000, 0x0000000100000000)
  region size 1024K, 65 young (66560K), 7 survivors (7168K)
 Metaspace       used 87443K, capacity 89912K, committed 90188K, reserved 1126400K
  class space    used 11396K, capacity 12274K, committed 12364K, reserved 1048576K
}
Event: 8.251 GC heap after
{Heap after GC invocations=20 (full 0):
 garbage-first heap   total 187392K, used 95893K [0x0000000080000000, 0x0000000100000000)
  region size 1024K, 7 young (7168K), 7 survivors (7168K)
 Metaspace       used 87443K, capacity 89912K, committed 90188K, reserved 1126400K
  class space    used 11396K, capacity 12274K, committed 12364K, reserved 1048576K
}
Event: 8.504 GC heap before
{Heap before GC invocations=21 (full 0):
 garbage-first heap   total 187392K, used 150165K [0x0000000080000000, 0x0000000100000000)
  region size 1024K, 61 young (62464K), 7 survivors (7168K)
 Metaspace       used 89027K, capacity 91172K, committed 92108K, reserved 1128448K
  class space    used 11484K, capacity 12225K, committed 12492K, reserved 1048576K
}
Event: 8.512 GC heap after
{Heap after GC invocations=22 (full 0):
 garbage-first heap   total 225280K, used 98786K [0x0000000080000000, 0x0000000100000000)
  region size 1024K, 5 young (5120K), 5 survivors (5120K)
 Metaspace       used 89027K, capacity 91172K, committed 92108K, reserved 1128448K
  class space    used 11484K, capacity 12225K, committed 12492K, reserved 1048576K
}
Event: 8.719 GC heap before
{Heap before GC invocations=22 (full 0):
 garbage-first heap   total 225280K, used 177634K [0x0000000080000000, 0x0000000100000000)
  region size 1024K, 83 young (84992K), 5 survivors (5120K)
 Metaspace       used 90428K, capacity 92634K, committed 93388K, reserved 1130496K
  class space    used 11669K, capacity 12453K, committed 12748K, reserved 1048576K
}
Event: 8.724 GC heap after
{Heap after GC invocations=23 (full 0):
 garbage-first heap   total 225280K, used 102502K [0x0000000080000000, 0x0000000100000000)
  region size 1024K, 8 young (8192K), 8 survivors (8192K)
 Metaspace       used 90428K, capacity 92634K, committed 93388K, reserved 1130496K
  class space    used 11669K, capacity 12453K, committed 12748K, reserved 1048576K
}
Event: 8.985 GC heap before
{Heap before GC invocations=23 (full 0):
 garbage-first heap   total 225280K, used 182374K [0x0000000080000000, 0x0000000100000000)
  region size 1024K, 82 young (83968K), 8 survivors (8192K)
 Metaspace       used 91947K, capacity 94250K, committed 95052K, reserved 1132544K
  class space    used 11822K, capacity 12623K, committed 12876K, reserved 1048576K
}
Event: 8.993 GC heap after
{Heap after GC invocations=24 (full 0):
 garbage-first heap   total 225280K, used 113863K [0x0000000080000000, 0x0000000100000000)
  region size 1024K, 11 young (11264K), 11 survivors (11264K)
 Metaspace       used 91947K, capacity 94250K, committed 95052K, reserved 1132544K
  class space    used 11822K, capacity 12623K, committed 12876K, reserved 1048576K
}
Event: 9.163 GC heap before
{Heap before GC invocations=25 (full 0):
 garbage-first heap   total 225280K, used 136391K [0x0000000080000000, 0x0000000100000000)
  region size 1024K, 28 young (28672K), 11 survivors (11264K)
 Metaspace       used 94454K, capacity 96775K, committed 97484K, reserved 1134592K
  class space    used 12184K, capacity 13042K, committed 13260K, reserved 1048576K
}
Event: 9.170 GC heap after
{Heap after GC invocations=26 (full 0):
 garbage-first heap   total 225280K, used 128793K [0x0000000080000000, 0x0000000100000000)
  region size 1024K, 8 young (8192K), 8 survivors (8192K)
 Metaspace       used 94454K, capacity 96775K, committed 97484K, reserved 1134592K
  class space    used 12184K, capacity 13042K, committed 13260K, reserved 1048576K
}
Event: 9.371 GC heap before
{Heap before GC invocations=27 (full 0):
 garbage-first heap   total 225280K, used 202521K [0x0000000080000000, 0x0000000100000000)
  region size 1024K, 56 young (57344K), 8 survivors (8192K)
 Metaspace       used 94975K, capacity 97379K, committed 98124K, reserved 1134592K
  class space    used 12256K, capacity 13117K, committed 13388K, reserved 1048576K
}

Deoptimization events (20 events):
Event: 9.085 Thread 0x000002a636833000 DEOPT PACKING pc=0x000002a62387c3c8 sp=0x000000ce25efd040
Event: 9.085 Thread 0x000002a636833000 DEOPT UNPACKING pc=0x000002a61b7e83af sp=0x000000ce25efcfd0 mode 2
Event: 9.155 Thread 0x000002a636833000 Uncommon trap: trap_request=0xffffff4d fr.pc=0x000002a62382b54c relative=0x000000000000016c
Event: 9.155 Thread 0x000002a636833000 Uncommon trap: reason=unstable_if action=reinterpret pc=0x000002a62382b54c method=com.google.common.collect.MapMakerInternalMap$Segment.getEntry(Ljava/lang/Object;I)Lcom/google/common/collect/MapMakerInternalMap$InternalEntry; @ 63 c2
Event: 9.155 Thread 0x000002a636833000 DEOPT PACKING pc=0x000002a62382b54c sp=0x000000ce25efc0f0
Event: 9.155 Thread 0x000002a636833000 DEOPT UNPACKING pc=0x000002a61b7e83af sp=0x000000ce25efc0a8 mode 2
Event: 9.155 Thread 0x000002a636833000 Uncommon trap: trap_request=0xffffff4d fr.pc=0x000002a62399aa44 relative=0x0000000000001604
Event: 9.155 Thread 0x000002a636833000 Uncommon trap: reason=unstable_if action=reinterpret pc=0x000002a62399aa44 method=java.util.concurrent.ConcurrentHashMap.putVal(Ljava/lang/Object;Ljava/lang/Object;Z)Ljava/lang/Object; @ 162 c2
Event: 9.155 Thread 0x000002a636833000 DEOPT PACKING pc=0x000002a62399aa44 sp=0x000000ce25efbf60
Event: 9.156 Thread 0x000002a636833000 DEOPT UNPACKING pc=0x000002a61b7e83af sp=0x000000ce25efbf08 mode 2
Event: 9.186 Thread 0x000002a636833000 Uncommon trap: trap_request=0xffffff4d fr.pc=0x000002a62364f1dc relative=0x00000000000000bc
Event: 9.186 Thread 0x000002a636833000 Uncommon trap: reason=unstable_if action=reinterpret pc=0x000002a62364f1dc method=jdk.internal.misc.Unsafe.convEndian(ZS)S @ 4 c2
Event: 9.186 Thread 0x000002a636833000 DEOPT PACKING pc=0x000002a62364f1dc sp=0x000000ce25efd2a0
Event: 9.186 Thread 0x000002a636833000 DEOPT UNPACKING pc=0x000002a61b7e83af sp=0x000000ce25efd160 mode 2
Event: 9.290 Thread 0x000002a636833000 Uncommon trap: trap_request=0xffffff4d fr.pc=0x000002a6239ae8d0 relative=0x0000000000000230
Event: 9.290 Thread 0x000002a636833000 Uncommon trap: reason=unstable_if action=reinterpret pc=0x000002a6239ae8d0 method=com.android.tools.r8.graph.W0.a([C)I @ 44 c2
Event: 9.290 Thread 0x000002a636833000 DEOPT PACKING pc=0x000002a6239ae8d0 sp=0x000000ce25efd170
Event: 9.290 Thread 0x000002a636833000 DEOPT UNPACKING pc=0x000002a61b7e83af sp=0x000000ce25efd0f8 mode 2
Event: 9.331 Thread 0x000002a636833000 DEOPT PACKING pc=0x000002a61d5eb30e sp=0x000000ce25efd250
Event: 9.331 Thread 0x000002a636833000 DEOPT UNPACKING pc=0x000002a61b807c0e sp=0x000000ce25efc6c8 mode 0

Classes redefined (0 events):
No events

Internal exceptions (20 events):
Event: 8.121 Thread 0x000002a636837000 Exception <a 'java/lang/NoSuchMethodError'{0x0000000089d61978}: <clinit>> (0x0000000089d61978) thrown at [./src/hotspot/share/prims/jni.cpp, line 1362]
Event: 8.193 Thread 0x000002a6381b3800 Implicit null exception at 0x000002a6238d3bde to 0x000002a6238d4464
Event: 8.270 Thread 0x000002a636837000 Exception <a 'sun/nio/fs/WindowsException'{0x000000008b5fa9f0}> (0x000000008b5fa9f0) thrown at [./src/hotspot/share/prims/jni.cpp, line 615]
Event: 8.271 Thread 0x000002a636837000 Exception <a 'sun/nio/fs/WindowsException'{0x000000008b5fb868}> (0x000000008b5fb868) thrown at [./src/hotspot/share/prims/jni.cpp, line 615]
Event: 8.271 Thread 0x000002a636837000 Exception <a 'sun/nio/fs/WindowsException'{0x000000008b5fc210}> (0x000000008b5fc210) thrown at [./src/hotspot/share/prims/jni.cpp, line 615]
Event: 8.271 Thread 0x000002a636837000 Exception <a 'sun/nio/fs/WindowsException'{0x000000008b5fd080}> (0x000000008b5fd080) thrown at [./src/hotspot/share/prims/jni.cpp, line 615]
Event: 8.286 Thread 0x000002a636837000 Exception <a 'java/lang/NoSuchMethodError'{0x000000008b3bc200}: <clinit>> (0x000000008b3bc200) thrown at [./src/hotspot/share/prims/jni.cpp, line 1362]
Event: 8.289 Thread 0x000002a636837000 Exception <a 'java/lang/NoSuchMethodError'{0x000000008b3f3088}: <clinit>> (0x000000008b3f3088) thrown at [./src/hotspot/share/prims/jni.cpp, line 1362]
Event: 8.291 Thread 0x000002a636837000 Exception <a 'java/lang/NoSuchMethodError'{0x000000008b22c900}: <clinit>> (0x000000008b22c900) thrown at [./src/hotspot/share/prims/jni.cpp, line 1362]
Event: 8.292 Thread 0x000002a636837000 Exception <a 'java/lang/NoSuchMethodError'{0x000000008b23f458}: <clinit>> (0x000000008b23f458) thrown at [./src/hotspot/share/prims/jni.cpp, line 1362]
Event: 8.414 Thread 0x000002a636394000 Implicit null exception at 0x000002a6238de252 to 0x000002a6238de658
Event: 8.558 Thread 0x000002a6360fd800 Implicit null exception at 0x000002a62389a5ea to 0x000002a62389a6d8
Event: 9.005 Thread 0x000002a636835800 Exception <a 'java/lang/NoSuchMethodError'{0x000000008db27af0}: 'void java.lang.invoke.DirectMethodHandle$Holder.invokeStatic(java.lang.Object, long)'> (0x000000008db27af0) thrown at [./src/hotspot/share/interpreter/linkResolver.cpp, line 773]
Event: 9.005 Thread 0x000002a636835800 Exception <a 'java/lang/NoSuchMethodError'{0x000000008db2cd08}: 'java.lang.Object java.lang.invoke.DirectMethodHandle$Holder.invokeStatic(java.lang.Object, long)'> (0x000000008db2cd08) thrown at [./src/hotspot/share/interpreter/linkResolver.cpp, line 773]
Event: 9.008 Thread 0x000002a636835800 Exception <a 'java/lang/NoSuchMethodError'{0x000000008db3b070}: 'java.lang.Object java.lang.invoke.DirectMethodHandle$Holder.invokeStaticInit(java.lang.Object, java.lang.Object, long, java.lang.Object)'> (0x000000008db3b070) thrown at [./src/hotspot/share/interpreter/linkResolver.cpp, line 773]
Event: 9.008 Thread 0x000002a636835800 Exception <a 'java/lang/NoSuchMethodError'{0x000000008db41208}: 'java.lang.Object java.lang.invoke.DirectMethodHandle$Holder.invokeStatic(java.lang.Object, java.lang.Object, long)'> (0x000000008db41208) thrown at [./src/hotspot/share/interpreter/linkResolver.cpp, line 773]
Event: 9.009 Thread 0x000002a636835800 Exception <a 'java/lang/NoSuchMethodError'{0x000000008d8d1968}: 'java.lang.Object java.lang.invoke.Invokers$Holder.linkToTargetMethod(java.lang.Object, long, java.lang.Object)'> (0x000000008d8d1968) thrown at [./src/hotspot/share/interpreter/linkResolver.cpp, line 773]
Event: 9.057 Thread 0x000002a636833000 Exception <a 'sun/nio/fs/WindowsException'{0x000000008d2e9b38}> (0x000000008d2e9b38) thrown at [./src/hotspot/share/prims/jni.cpp, line 615]
Event: 9.062 Thread 0x000002a636835800 Exception <a 'java/lang/NoSuchMethodError'{0x000000008d14a240}: 'int java.lang.invoke.DirectMethodHandle$Holder.invokeSpecialIFC(java.lang.Object, java.lang.Object, java.lang.Object)'> (0x000000008d14a240) thrown at [./src/hotspot/share/interpreter/linkResolver.cpp, line 773]
Event: 9.182 Thread 0x000002a636833000 Exception <a 'java/lang/NoSuchMethodError'{0x000000008da12328}: 'java.lang.Object java.lang.invoke.DirectMethodHandle$Holder.invokeStaticInit(java.lang.Object, java.lang.Object, java.lang.Object, java.lang.Object, java.lang.Object, java.lang.Object, java.lang.Object, java.lang.Object, java.lang.Object, java.lang.Object, java.lang.Object, java.lang.Object, java.lang.Object, java.lang.Object, java.lang.Object, java.lang.Object, java.lang.Object, java.lang.Object, int, java.lang.Object, java.lang.Object)'> (0

Events (20 events):
Event: 9.228 loading class com/android/tools/r8/internal/X41 done
Event: 9.228 loading class com/android/tools/r8/internal/b51
Event: 9.228 loading class com/android/tools/r8/internal/b51 done
Event: 9.230 loading class com/android/tools/r8/internal/NS0
Event: 9.230 loading class com/android/tools/r8/internal/NS0 done
Event: 9.230 loading class com/android/tools/r8/internal/NS0
Event: 9.230 loading class com/android/tools/r8/internal/NS0 done
Event: 9.234 loading class com/android/tools/r8/graph/Y0
Event: 9.234 loading class com/android/tools/r8/graph/Y0 done
Event: 9.235 loading class com/android/tools/r8/graph/Y0
Event: 9.235 loading class com/android/tools/r8/graph/Y0 done
Event: 9.235 loading class com/android/tools/r8/dex/r
Event: 9.235 loading class com/android/tools/r8/dex/r done
Event: 9.244 loading class com/android/tools/r8/graph/G
Event: 9.244 loading class com/android/tools/r8/graph/G done
Event: 9.275 Executing VM operation: CGC_Operation
Event: 9.281 Executing VM operation: CGC_Operation done
Event: 9.333 Executing VM operation: CGC_Operation
Event: 9.333 Executing VM operation: CGC_Operation done
Event: 9.370 Executing VM operation: G1CollectForAllocation


Dynamic libraries:
0x00007ff797930000 - 0x00007ff79793a000 	D:\Program Files\Android\jre\bin\java.exe
0x00007ffa79f40000 - 0x00007ffa7a130000 	C:\Windows\SYSTEM32\ntdll.dll
0x00007ffa793e0000 - 0x00007ffa79492000 	C:\Windows\System32\KERNEL32.DLL
0x00007ffa77d50000 - 0x00007ffa77ff3000 	C:\Windows\System32\KERNELBASE.dll
0x00007ffa77b20000 - 0x00007ffa77c1a000 	C:\Windows\System32\ucrtbase.dll
0x00007ffa6fe20000 - 0x00007ffa6fe39000 	D:\Program Files\Android\jre\bin\jli.dll
0x00007ffa6ec90000 - 0x00007ffa6eca7000 	D:\Program Files\Android\jre\bin\VCRUNTIME140.dll
0x00007ffa79090000 - 0x00007ffa79224000 	C:\Windows\System32\USER32.dll
0x00007ffa63cc0000 - 0x00007ffa63f45000 	C:\Windows\WinSxS\amd64_microsoft.windows.common-controls_6595b64144ccf1df_6.0.18362.535_none_e6c3b34713100821\COMCTL32.dll
0x00007ffa76f10000 - 0x00007ffa76f31000 	C:\Windows\System32\win32u.dll
0x00007ffa784a0000 - 0x00007ffa7853e000 	C:\Windows\System32\msvcrt.dll
0x00007ffa78890000 - 0x00007ffa788b6000 	C:\Windows\System32\GDI32.dll
0x00007ffa77130000 - 0x00007ffa772c4000 	C:\Windows\System32\gdi32full.dll
0x00007ffa78030000 - 0x00007ffa78366000 	C:\Windows\System32\combase.dll
0x00007ffa77090000 - 0x00007ffa7712e000 	C:\Windows\System32\msvcp_win.dll
0x00007ffa79710000 - 0x00007ffa79830000 	C:\Windows\System32\RPCRT4.dll
0x00007ffa77c20000 - 0x00007ffa77ca0000 	C:\Windows\System32\bcryptPrimitives.dll
0x00007ffa78540000 - 0x00007ffa7856e000 	C:\Windows\System32\IMM32.DLL
0x00007ffa50c80000 - 0x00007ffa50d1d000 	D:\Program Files\Android\jre\bin\msvcp140.dll
0x00007ffa35290000 - 0x00007ffa35d65000 	D:\Program Files\Android\jre\bin\server\jvm.dll
0x00007ffa79640000 - 0x00007ffa796e3000 	C:\Windows\System32\ADVAPI32.dll
0x00007ffa783f0000 - 0x00007ffa78487000 	C:\Windows\System32\sechost.dll
0x00007ffa798e0000 - 0x00007ffa798e8000 	C:\Windows\System32\PSAPI.DLL
0x00007ffa71a30000 - 0x00007ffa71a39000 	C:\Windows\SYSTEM32\WSOCK32.dll
0x00007ffa70840000 - 0x00007ffa7084a000 	C:\Windows\SYSTEM32\VERSION.dll
0x00007ffa74a20000 - 0x00007ffa74a44000 	C:\Windows\SYSTEM32\WINMM.dll
0x00007ffa788c0000 - 0x00007ffa7892f000 	C:\Windows\System32\WS2_32.dll
0x00007ffa745a0000 - 0x00007ffa745cd000 	C:\Windows\SYSTEM32\WINMMBASE.dll
0x00007ffa77d00000 - 0x00007ffa77d4a000 	C:\Windows\System32\cfgmgr32.dll
0x00007ffa76e60000 - 0x00007ffa76e71000 	C:\Windows\System32\kernel.appcore.dll
0x00007ffa6fe40000 - 0x00007ffa6fe51000 	D:\Program Files\Android\jre\bin\verify.dll
0x00007ffa75770000 - 0x00007ffa75964000 	C:\Windows\SYSTEM32\DBGHELP.DLL
0x00007ffa60c70000 - 0x00007ffa60c9a000 	C:\Windows\SYSTEM32\dbgcore.DLL
0x00007ffa65570000 - 0x00007ffa65599000 	D:\Program Files\Android\jre\bin\java.dll
0x00007ffa71a20000 - 0x00007ffa71a2b000 	D:\Program Files\Android\jre\bin\jimage.dll
0x00007ffa6ec70000 - 0x00007ffa6ec88000 	D:\Program Files\Android\jre\bin\zip.dll
0x00007ffa78930000 - 0x00007ffa79015000 	C:\Windows\System32\SHELL32.dll
0x00007ffa78780000 - 0x00007ffa78829000 	C:\Windows\System32\shcore.dll
0x00007ffa772f0000 - 0x00007ffa77a6f000 	C:\Windows\System32\windows.storage.dll
0x00007ffa76ed0000 - 0x00007ffa76eef000 	C:\Windows\System32\profapi.dll
0x00007ffa76e80000 - 0x00007ffa76eca000 	C:\Windows\System32\powrprof.dll
0x00007ffa76e50000 - 0x00007ffa76e60000 	C:\Windows\System32\UMPDC.dll
0x00007ffa794a0000 - 0x00007ffa794f2000 	C:\Windows\System32\shlwapi.dll
0x00007ffa772d0000 - 0x00007ffa772e7000 	C:\Windows\System32\cryptsp.dll
0x00007ffa6e560000 - 0x00007ffa6e57a000 	D:\Program Files\Android\jre\bin\net.dll
0x00007ffa67470000 - 0x00007ffa67560000 	C:\Windows\SYSTEM32\WINHTTP.dll
0x00007ffa766c0000 - 0x00007ffa76727000 	C:\Windows\system32\mswsock.dll
0x00007ffa66fe0000 - 0x00007ffa66ff4000 	D:\Program Files\Android\jre\bin\nio.dll
0x00007ffa540d0000 - 0x00007ffa540f7000 	D:\ProgramsfilesD\Android\Sdk\native\e1d6ef7f7dcc3fd88c89a11ec53ec762bb8ba0a96d01ffa2cd45eb1d1d8dd5c5\windows-amd64\native-platform.dll
0x00007ffa4a870000 - 0x00007ffa4a9b4000 	D:\ProgramsfilesD\Android\Sdk\native\5664cfc778a61ccfe75a443a1ab52a65af34e5dc3c78e0209fed803814484fcb\windows-amd64\native-platform-file-events.dll
0x00007ffa6c250000 - 0x00007ffa6c25a000 	D:\Program Files\Android\jre\bin\management.dll
0x00007ffa66f90000 - 0x00007ffa66f9d000 	D:\Program Files\Android\jre\bin\management_ext.dll
0x00007ffa76230000 - 0x00007ffa76263000 	C:\Windows\system32\rsaenh.dll
0x00007ffa78000000 - 0x00007ffa78026000 	C:\Windows\System32\bcrypt.dll
0x00007ffa76d40000 - 0x00007ffa76d65000 	C:\Windows\SYSTEM32\USERENV.dll
0x00007ffa76890000 - 0x00007ffa7689c000 	C:\Windows\SYSTEM32\CRYPTBASE.dll
0x00007ffa763d0000 - 0x00007ffa7640a000 	C:\Windows\SYSTEM32\IPHLPAPI.DLL
0x00007ffa78490000 - 0x00007ffa78498000 	C:\Windows\System32\NSI.dll
0x00007ffa6e9d0000 - 0x00007ffa6e9e6000 	C:\Windows\SYSTEM32\dhcpcsvc6.DLL
0x00007ffa701d0000 - 0x00007ffa701ec000 	C:\Windows\SYSTEM32\dhcpcsvc.DLL
0x00007ffa76410000 - 0x00007ffa764da000 	C:\Windows\SYSTEM32\DNSAPI.dll

dbghelp: loaded successfully - version: 4.0.5 - missing functions: none
symbol engine: initialized successfully - sym options: 0x614 - pdb path: .;D:\Program Files\Android\jre\bin;C:\Windows\SYSTEM32;C:\Windows\WinSxS\amd64_microsoft.windows.common-controls_6595b64144ccf1df_6.0.18362.535_none_e6c3b34713100821;D:\Program Files\Android\jre\bin\server;D:\ProgramsfilesD\Android\Sdk\native\e1d6ef7f7dcc3fd88c89a11ec53ec762bb8ba0a96d01ffa2cd45eb1d1d8dd5c5\windows-amd64;D:\ProgramsfilesD\Android\Sdk\native\5664cfc778a61ccfe75a443a1ab52a65af34e5dc3c78e0209fed803814484fcb\windows-amd64

VM Arguments:
jvm_args: --add-opens=java.base/java.util=ALL-UNNAMED --add-opens=java.base/java.lang=ALL-UNNAMED --add-opens=java.base/java.lang.invoke=ALL-UNNAMED --add-opens=java.base/java.util=ALL-UNNAMED --add-opens=java.prefs/java.util.prefs=ALL-UNNAMED --add-opens=java.prefs/java.util.prefs=ALL-UNNAMED --add-opens=java.base/java.nio.charset=ALL-UNNAMED --add-opens=java.base/java.net=ALL-UNNAMED --add-opens=java.base/java.util.concurrent.atomic=ALL-UNNAMED -Xmx2048m -Dfile.encoding=UTF-8 -Duser.country=RU -Duser.language=ru -Duser.variant 
java_command: org.gradle.launcher.daemon.bootstrap.GradleDaemon 7.2
java_class_path (initial): D:\ProgramsfilesD\Android\Sdk\wrapper\dists\gradle-7.2-bin\2dnblmf4td7x66yl1d74lt32g\gradle-7.2\lib\gradle-launcher-7.2.jar
Launcher Type: SUN_STANDARD

[Global flags]
     intx CICompilerCount                          = 4                                         {product} {ergonomic}
     uint ConcGCThreads                            = 2                                         {product} {ergonomic}
     uint G1ConcRefinementThreads                  = 8                                         {product} {ergonomic}
   size_t G1HeapRegionSize                         = 1048576                                   {product} {ergonomic}
    uintx GCDrainStackTargetSize                   = 64                                        {product} {ergonomic}
   size_t InitialHeapSize                          = 132120576                                 {product} {ergonomic}
   size_t MarkStackSize                            = 4194304                                   {product} {ergonomic}
   size_t MaxHeapSize                              = 2147483648                                {product} {command line}
   size_t MaxNewSize                               = 1287651328                                {product} {ergonomic}
   size_t MinHeapDeltaBytes                        = 1048576                                   {product} {ergonomic}
    uintx NonNMethodCodeHeapSize                   = 5836300                                {pd product} {ergonomic}
    uintx NonProfiledCodeHeapSize                  = 122910970                              {pd product} {ergonomic}
    uintx ProfiledCodeHeapSize                     = 122910970                              {pd product} {ergonomic}
    uintx ReservedCodeCacheSize                    = 251658240                              {pd product} {ergonomic}
     bool SegmentedCodeCache                       = true                                      {product} {ergonomic}
     bool UseCompressedClassPointers               = true                                 {lp64_product} {ergonomic}
     bool UseCompressedOops                        = true                                 {lp64_product} {ergonomic}
     bool UseG1GC                                  = true                                      {product} {ergonomic}
     bool UseLargePagesIndividualAllocation        = false                                  {pd product} {ergonomic}

Logging:
Log output configuration:
 #0: stdout all=warning uptime,level,tags
 #1: stderr all=off uptime,level,tags

Environment Variables:
JAVA_HOME=D:\Program Files\Java
PATH=C:\PROGRA~2\Borland\CBUILD~1\Bin;C:\PROGRA~2\Borland\CBUILD~1\Projects\Bpl;C:\Program Files\Common Files\Oracle\Java\javapath;C:\Windows\system32;C:\Windows;C:\Windows\System32\Wbem;C:\Windows\System32\WindowsPowerShell\v1.0\;C:\Program Files (x86)\NVIDIA Corporation\PhysX\Common;C:\Program Files\NVIDIA Corporation\NVIDIA NvDLISR;C:\Program Files\Microsoft\Web Platform Installer\;C:\Program Files (x86)\Microsoft ASP.NET\ASP.NET Web Pages\v1.0\;C:\Program Files\Microsoft SQL Server\110\Tools\Binn\;C:\Program Files\Git\cmd;C:\Users\asus\AppData\Local\Programs\Python\Python310\Scripts\;C:\Users\asus\AppData\Local\Programs\Python\Python310\;C:\Users\asus\AppData\Local\Microsoft\WindowsApps;;D:\Program Files\JetBrains\IntelliJ IDEA Community Edition 2020.3\bin;
USERNAME=asus
OS=Windows_NT
PROCESSOR_IDENTIFIER=Intel64 Family 6 Model 126 Stepping 5, GenuineIntel



---------------  S Y S T E M  ---------------

OS: Windows 10 , 64 bit Build 18362 (10.0.18362.329)
OS uptime: 0 days 2:09 hours

CPU:total 8 (initial active 8) (4 cores per cpu, 2 threads per core) family 6 model 126 stepping 5 microcode 0x96, cmov, cx8, fxsr, mmx, sse, sse2, sse3, ssse3, sse4.1, sse4.2, popcnt, avx, avx2, aes, clmul, erms, 3dnowpref, lzcnt, ht, tsc, tscinvbit, bmi1, bmi2, adx, evex, sha, fma

Memory: 4k page, system-wide physical 7997M (683M free)
TotalPageFile size 7997M (AvailPageFile size 2M)
current process WorkingSet (physical memory assigned to process): 543M, peak: 544M
current process commit charge ("private bytes"): 581M, peak: 583M

vm_info: OpenJDK 64-Bit Server VM (11.0.11+9-b60-7590822) for windows-amd64 JRE (11.0.11+9-b60-7590822), built on Jul 29 2021 21:43:44 by "builder" with MS VC++ 14.0 (VS2015)

END.
