#
# There is insufficient memory for the Java Runtime Environment to continue.
# Native memory allocation (mmap) failed to map 79691776 bytes for Failed to commit area from 0x000000008dc00000 to 0x0000000092800000 of length 79691776.
# Possible reasons:
#   The system is out of physical RAM or swap space
#   The process is running with CompressedOops enabled, and the Java Heap may be blocking the growth of the native heap
# Possible solutions:
#   Reduce memory load on the system
#   Increase physical memory or swap space
#   Check if swap backing store is full
#   Decrease Java heap size (-Xmx/-Xms)
#   Decrease number of Java threads
#   Decrease Java thread stack sizes (-Xss)
#   Set larger code cache with -XX:ReservedCodeCacheSize=
#   JVM is running with Unscaled Compressed Oops mode in which the Java heap is
#     placed in the first 4GB address space. The Java Heap base address is the
#     maximum limit for the native heap growth. Please use -XX:HeapBaseMinAddress
#     to set the Java Heap base and to place the Java Heap above 4GB virtual address.
# This output file may be truncated or incomplete.
#
#  Out of Memory Error (./src/hotspot/os/windows/os_windows.cpp:3301), pid=11312, tid=7100
#
# JRE version: OpenJDK Runtime Environment (11.0.11+9) (build 11.0.11+9-b60-7590822)
# Java VM: OpenJDK 64-Bit Server VM (11.0.11+9-b60-7590822, mixed mode, tiered, compressed oops, g1 gc, windows-amd64)
# No core dump will be written. Minidumps are not enabled by default on client versions of Windows
#

---------------  S U M M A R Y ------------

Command Line: --add-opens=java.base/java.util=ALL-UNNAMED --add-opens=java.base/java.lang=ALL-UNNAMED --add-opens=java.base/java.lang.invoke=ALL-UNNAMED --add-opens=java.base/java.util=ALL-UNNAMED --add-opens=java.prefs/java.util.prefs=ALL-UNNAMED --add-opens=java.prefs/java.util.prefs=ALL-UNNAMED --add-opens=java.base/java.nio.charset=ALL-UNNAMED --add-opens=java.base/java.net=ALL-UNNAMED --add-opens=java.base/java.util.concurrent.atomic=ALL-UNNAMED -Xmx2048m -Dfile.encoding=UTF-8 -Duser.country=RU -Duser.language=ru -Duser.variant org.gradle.launcher.daemon.bootstrap.GradleDaemon 7.2

Host: Intel(R) Core(TM) i7-1065G7 CPU @ 1.30GHz, 8 cores, 7G,  Windows 10 , 64 bit Build 18362 (10.0.18362.329)
Time: Fri May 20 16:06:10 2022 Caiaaiay Acey (ceia) elapsed time: 2099.353479 seconds (0d 0h 34m 59s)

---------------  T H R E A D  ---------------

Current thread (0x000001f3eac08800):  VMThread "VM Thread" [stack: 0x0000005696c00000,0x0000005696d00000] [id=7100]

Stack: [0x0000005696c00000,0x0000005696d00000]
[error occurred during error reporting (printing stack bounds), id 0xc0000005, EXCEPTION_ACCESS_VIOLATION (0xc0000005) at pc=0x000001f3d42610e7]

Native frames: (J=compiled Java code, j=interpreted, Vv=VM code, C=native code)
V  [jvm.dll+0x5f214a]
V  [jvm.dll+0x726fb5]
V  [jvm.dll+0x7285cd]
V  [jvm.dll+0x728be5]
V  [jvm.dll+0x728b9b]
V  [jvm.dll+0x5f14e8]
V  [jvm.dll+0x5f1c78]
C  [ntdll.dll+0xa11ff]
C  [ntdll.dll+0x6a289]
C  [ntdll.dll+0x9fe6e]
C  0x000001f3d42610e7

VM_Operation (0x0000005697ef7b00): G1CollectForAllocation, mode: safepoint, requested by thread 0x000001f3f0b9a800


---------------  P R O C E S S  ---------------

Threads class SMR info:
_java_thread_list=0x000001f3f63ca770, length=151, elements={
0x000001f3d076b000, 0x000001f3eac0b800, 0x000001f3eb418800, 0x000001f3eb429000,
0x000001f3eb42f800, 0x000001f3eb430800, 0x000001f3eb431800, 0x000001f3eb435000,
0x000001f3eb436000, 0x000001f3eb5dd800, 0x000001f3ee25e800, 0x000001f3ee035000,
0x000001f3ec2ba800, 0x000001f3ed96e800, 0x000001f3ed972800, 0x000001f3ed96e000,
0x000001f3ed973800, 0x000001f3ed96f800, 0x000001f3f1165800, 0x000001f3f116c000,
0x000001f3f1168000, 0x000001f3f1169800, 0x000001f3f1166800, 0x000001f3f12ed800,
0x000001f3f12ee000, 0x000001f3f12f0800, 0x000001f3f12f1800, 0x000001f3f12eb800,
0x000001f3f3b5d800, 0x000001f3f0636000, 0x000001f3f0632000, 0x000001f3f0633800,
0x000001f3f0638800, 0x000001f3f063d000, 0x000001f3f41f5000, 0x000001f3f0b99000,
0x000001f3f0b93000, 0x000001f3f0b94000, 0x000001f3f0b97000, 0x000001f3f0b9a800,
0x000001f3f0b9b000, 0x000001f3f0b99800, 0x000001f3f0b95800, 0x000001f3f0b9d000,
0x000001f3f0b98000, 0x000001f3f0b9e800, 0x000001f3f0b9f800, 0x000001f3f0ba0000,
0x000001f3f0ba1800, 0x000001f3f0b9c000, 0x000001f3f0b9d800, 0x000001f3f41ec000,
0x000001f3f41f2800, 0x000001f3f41ef000, 0x000001f3f41ee800, 0x000001f3f41f1000,
0x000001f3f41ed800, 0x000001f3f41f0000, 0x000001f3f41ec800, 0x000001f3f41f4000,
0x000001f3f41f7800, 0x000001f3f41f6800, 0x000001f3f41f5800, 0x000001f3f41f1800,
0x000001f3f41f8000, 0x000001f3f41f9000, 0x000001f3f41f3800, 0x000001f3f41fa000,
0x000001f3f41fa800, 0x000001f3f2de8000, 0x000001f3f2de5800, 0x000001f3f2de9800,
0x000001f3f2de4000, 0x000001f3f2de8800, 0x000001f3f2dea800, 0x000001f3f2de4800,
0x000001f3f2deb000, 0x000001f3f2dec000, 0x000001f3f2de6800, 0x000001f3f2ded000,
0x000001f3f2de7000, 0x000001f3f2dee800, 0x000001f3f2ded800, 0x000001f3f2def800,
0x000001f3f2df0000, 0x000001f3f2df2800, 0x000001f3f2df1800, 0x000001f3edba1800,
0x000001f3edba5000, 0x000001f3edb9f800, 0x000001f3edba2800, 0x000001f3edba0000,
0x000001f3edba6000, 0x000001f3edba3800, 0x000001f3edba6800, 0x000001f3edba1000,
0x000001f3edbac800, 0x000001f3edbaa800, 0x000001f3edbad000, 0x000001f3edba7800,
0x000001f3edba9000, 0x000001f3edbab800, 0x000001f3edbae000, 0x000001f3edbaa000,
0x000001f3edba8800, 0x000001f3f12e6000, 0x000001f3f12e8800, 0x000001f3f12e2800,
0x000001f3f12e9000, 0x000001f3f12e4800, 0x000001f3f12e6800, 0x000001f3f12e5000,
0x000001f3f12e7800, 0x000001f3f12e3800, 0x000001f3f12ef000, 0x000001f3f12ef800,
0x000001f3f12ec800, 0x000001f3f12ea000, 0x000001f3f12eb000, 0x000001f3f0632800,
0x000001f3f0634000, 0x000001f3f0636800, 0x000001f3f0635000, 0x000001f3f0631000,
0x000001f3f063a800, 0x000001f3f063a000, 0x000001f3f0637800, 0x000001f3f063c800,
0x000001f3f063b800, 0x000001f3f063f000, 0x000001f3f0639000, 0x000001f3f063f800,
0x000001f3f116a800, 0x000001f3f1167800, 0x000001f3f1170000, 0x000001f3f1172800,
0x000001f3f116e000, 0x000001f3f116e800, 0x000001f3f116f800, 0x000001f3f1171000,
0x000001f3f1174800, 0x000001f3f1172000, 0x000001f3f1173800, 0x000001f3f3b5c000,
0x000001f3f3b60000, 0x000001f3f3b61000, 0x000001f3f3b5b000, 0x000001f3f3b5d000,
0x000001f3f3b5e800, 0x000001f3ed971000, 0x000001f3ed972000
}

Java Threads: ( => current thread )
  0x000001f3d076b000 JavaThread "main" [_thread_blocked, id=9964, stack(0x0000005696600000,0x0000005696700000)]
  0x000001f3eac0b800 JavaThread "Reference Handler" daemon [_thread_blocked, id=1748, stack(0x0000005696d00000,0x0000005696e00000)]
  0x000001f3eb418800 JavaThread "Finalizer" daemon [_thread_blocked, id=3760, stack(0x0000005696e00000,0x0000005696f00000)]
  0x000001f3eb429000 JavaThread "Signal Dispatcher" daemon [_thread_blocked, id=4756, stack(0x0000005696f00000,0x0000005697000000)]
  0x000001f3eb42f800 JavaThread "Attach Listener" daemon [_thread_blocked, id=8848, stack(0x0000005697000000,0x0000005697100000)]
  0x000001f3eb430800 JavaThread "Service Thread" daemon [_thread_blocked, id=11960, stack(0x0000005697100000,0x0000005697200000)]
  0x000001f3eb431800 JavaThread "C2 CompilerThread0" daemon [_thread_blocked, id=10932, stack(0x0000005697200000,0x0000005697300000)]
  0x000001f3eb435000 JavaThread "C1 CompilerThread0" daemon [_thread_blocked, id=4676, stack(0x0000005697300000,0x0000005697400000)]
  0x000001f3eb436000 JavaThread "Sweeper thread" daemon [_thread_blocked, id=4088, stack(0x0000005697400000,0x0000005697500000)]
  0x000001f3eb5dd800 JavaThread "Common-Cleaner" daemon [_thread_blocked, id=10968, stack(0x0000005697500000,0x0000005697600000)]
  0x000001f3ee25e800 JavaThread "Daemon health stats" [_thread_blocked, id=9116, stack(0x0000005697b00000,0x0000005697c00000)]
  0x000001f3ee035000 JavaThread "Incoming local TCP Connector on port 62414" [_thread_in_native, id=9860, stack(0x0000005697a00000,0x0000005697b00000)]
  0x000001f3ec2ba800 JavaThread "Daemon periodic checks" [_thread_blocked, id=11724, stack(0x0000005697c00000,0x0000005697d00000)]
  0x000001f3ed96e800 JavaThread "Cache worker for journal cache (D:\ProgramsfilesD\Android\Sdk\caches\journal-1)" [_thread_blocked, id=10928, stack(0x0000005698900000,0x0000005698a00000)]
  0x000001f3ed972800 JavaThread "File lock request listener" [_thread_in_native, id=12144, stack(0x0000005698a00000,0x0000005698b00000)]
  0x000001f3ed96e000 JavaThread "Cache worker for file hash cache (D:\ProgramsfilesD\Android\Sdk\caches\7.2\fileHashes)" [_thread_blocked, id=6348, stack(0x0000005698b00000,0x0000005698c00000)]
  0x000001f3ed973800 JavaThread "File watcher server" daemon [_thread_blocked, id=9708, stack(0x0000005698e00000,0x0000005698f00000)]
  0x000001f3ed96f800 JavaThread "File watcher consumer" daemon [_thread_blocked, id=9072, stack(0x0000005698f00000,0x0000005699000000)]
  0x000001f3f1165800 JavaThread "Cache worker for execution history cache (D:\ProgramsfilesD\Android\Sdk\caches\7.2\executionHistory)" [_thread_blocked, id=1916, stack(0x0000005699400000,0x0000005699500000)]
  0x000001f3f116c000 JavaThread "jar transforms" [_thread_blocked, id=7236, stack(0x0000005699500000,0x0000005699600000)]
  0x000001f3f1168000 JavaThread "Cache worker for file content cache (D:\ProgramsfilesD\Android\Sdk\caches\7.2\fileContent)" [_thread_blocked, id=4836, stack(0x0000005699600000,0x0000005699700000)]
  0x000001f3f1169800 JavaThread "jar transforms Thread 2" [_thread_blocked, id=1912, stack(0x0000005699700000,0x0000005699800000)]
  0x000001f3f1166800 JavaThread "jar transforms Thread 3" [_thread_blocked, id=4716, stack(0x0000005699900000,0x0000005699a00000)]
  0x000001f3f12ed800 JavaThread "jar transforms Thread 4" [_thread_blocked, id=2972, stack(0x000000569eb00000,0x000000569ec00000)]
  0x000001f3f12ee000 JavaThread "jar transforms Thread 5" [_thread_blocked, id=10628, stack(0x000000569ec00000,0x000000569ed00000)]
  0x000001f3f12f0800 JavaThread "jar transforms Thread 6" [_thread_blocked, id=11860, stack(0x000000569ed00000,0x000000569ee00000)]
  0x000001f3f12f1800 JavaThread "jar transforms Thread 7" [_thread_blocked, id=4292, stack(0x000000569ee00000,0x000000569ef00000)]
  0x000001f3f12eb800 JavaThread "jar transforms Thread 8" [_thread_blocked, id=12264, stack(0x000000569ef00000,0x000000569f000000)]
  0x000001f3f3b5d800 JavaThread "Memory manager" [_thread_blocked, id=11076, stack(0x000000569f000000,0x000000569f100000)]
  0x000001f3f0636000 JavaThread "RMI Scheduler(0)" daemon [_thread_blocked, id=1120, stack(0x0000005697700000,0x0000005697800000)]
  0x000001f3f0632000 JavaThread "RMI GC Daemon" daemon [_thread_blocked, id=2896, stack(0x000000569fb00000,0x000000569fc00000)]
  0x000001f3f0633800 JavaThread "RMI TCP Accept-0" daemon [_thread_in_native, id=6692, stack(0x000000569fc00000,0x000000569fd00000)]
  0x000001f3f0638800 JavaThread "RMI Reaper" [_thread_blocked, id=260, stack(0x000000569fd00000,0x000000569fe00000)]
  0x000001f3f063d000 JavaThread "Cache worker for Java compile cache (D:\ProgramsfilesD\Android\Sdk\caches\7.2\javaCompile)" [_thread_blocked, id=1792, stack(0x00000056a0400000,0x00000056a0500000)]
  0x000001f3f41f5000 JavaThread "ForkJoinPool.commonPool-worker-15" daemon [_thread_blocked, id=6408, stack(0x00000056a0b00000,0x00000056a0c00000)]
  0x000001f3f0b99000 JavaThread "RMI TCP Connection(26)-127.0.0.1" daemon [_thread_in_native, id=11276, stack(0x0000005696300000,0x0000005696400000)]
  0x000001f3f0b93000 JavaThread "Daemon Thread 7" [_thread_blocked, id=3664, stack(0x0000005696400000,0x0000005696500000)]
  0x000001f3f0b94000 JavaThread "Handler for socket connection from /127.0.0.1:62414 to /127.0.0.1:62725" [_thread_in_native, id=10684, stack(0x0000005696500000,0x0000005696600000)]
  0x000001f3f0b97000 JavaThread "Cancel handler" [_thread_blocked, id=7384, stack(0x0000005697d00000,0x0000005697e00000)]
  0x000001f3f0b9a800 JavaThread "Daemon worker Thread 7" [_thread_blocked, id=9588, stack(0x0000005697e00000,0x0000005697f00000)]
  0x000001f3f0b9b000 JavaThread "Asynchronous log dispatcher for DefaultDaemonConnection: socket connection from /127.0.0.1:62414 to /127.0.0.1:62725" [_thread_blocked, id=2520, stack(0x0000005697f00000,0x0000005698000000)]
  0x000001f3f0b99800 JavaThread "Stdin handler" [_thread_blocked, id=6824, stack(0x0000005698000000,0x0000005698100000)]
  0x000001f3f0b95800 JavaThread "Daemon client event forwarder" [_thread_blocked, id=236, stack(0x0000005698100000,0x0000005698200000)]
  0x000001f3f0b9d000 JavaThread "Cache worker for file hash cache (D:\NotesApp\.gradle\7.2\fileHashes)" [_thread_blocked, id=7784, stack(0x0000005698200000,0x0000005698300000)]
  0x000001f3f0b98000 JavaThread "Cache worker for checksums cache (D:\NotesApp\.gradle\checksums)" [_thread_blocked, id=10000, stack(0x0000005698300000,0x0000005698400000)]
  0x000001f3f0b9e800 JavaThread "Cache worker for cache directory md-supplier (D:\ProgramsfilesD\Android\Sdk\caches\7.2\md-supplier)" [_thread_blocked, id=12080, stack(0x0000005698d00000,0x0000005698e00000)]
  0x000001f3f0b9f800 JavaThread "Cache worker for cache directory md-rule (D:\ProgramsfilesD\Android\Sdk\caches\7.2\md-rule)" [_thread_blocked, id=11892, stack(0x0000005699000000,0x0000005699100000)]
  0x000001f3f0ba0000 JavaThread "Cache worker for dependencies-accessors (D:\NotesApp\.gradle\7.2\dependencies-accessors)" [_thread_blocked, id=8364, stack(0x0000005699100000,0x0000005699200000)]
  0x000001f3f0ba1800 JavaThread "Cache worker for Build Output Cleanup Cache (D:\NotesApp\.gradle\buildOutputCleanup)" [_thread_blocked, id=3216, stack(0x0000005699200000,0x0000005699300000)]
  0x000001f3f0b9c000 JavaThread "Unconstrained build operations" [_thread_blocked, id=11968, stack(0x0000005699800000,0x0000005699900000)]
  0x000001f3f0b9d800 JavaThread "Unconstrained build operations Thread 2" [_thread_blocked, id=5680, stack(0x0000005699a00000,0x0000005699b00000)]
  0x000001f3f41ec000 JavaThread "Unconstrained build operations Thread 3" [_thread_blocked, id=9828, stack(0x0000005699b00000,0x0000005699c00000)]
  0x000001f3f41f2800 JavaThread "Unconstrained build operations Thread 4" [_thread_blocked, id=3916, stack(0x0000005699c00000,0x0000005699d00000)]
  0x000001f3f41ef000 JavaThread "Unconstrained build operations Thread 5" [_thread_blocked, id=8324, stack(0x0000005699d00000,0x0000005699e00000)]
  0x000001f3f41ee800 JavaThread "Unconstrained build operations Thread 6" [_thread_blocked, id=6340, stack(0x0000005699e00000,0x0000005699f00000)]
  0x000001f3f41f1000 JavaThread "Unconstrained build operations Thread 7" [_thread_blocked, id=7120, stack(0x0000005699f00000,0x000000569a000000)]
  0x000001f3f41ed800 JavaThread "Unconstrained build operations Thread 8" [_thread_blocked, id=11152, stack(0x000000569a000000,0x000000569a100000)]
  0x000001f3f41f0000 JavaThread "Unconstrained build operations Thread 9" [_thread_blocked, id=8428, stack(0x000000569a100000,0x000000569a200000)]
  0x000001f3f41ec800 JavaThread "Unconstrained build operations Thread 10" [_thread_blocked, id=9276, stack(0x000000569a200000,0x000000569a300000)]
  0x000001f3f41f4000 JavaThread "Unconstrained build operations Thread 11" [_thread_blocked, id=8728, stack(0x000000569a300000,0x000000569a400000)]
  0x000001f3f41f7800 JavaThread "Unconstrained build operations Thread 12" [_thread_blocked, id=1092, stack(0x000000569a400000,0x000000569a500000)]
  0x000001f3f41f6800 JavaThread "Unconstrained build operations Thread 13" [_thread_blocked, id=1324, stack(0x000000569a500000,0x000000569a600000)]
  0x000001f3f41f5800 JavaThread "Unconstrained build operations Thread 14" [_thread_blocked, id=7724, stack(0x000000569a600000,0x000000569a700000)]
  0x000001f3f41f1800 JavaThread "Unconstrained build operations Thread 15" [_thread_blocked, id=2668, stack(0x000000569a700000,0x000000569a800000)]
  0x000001f3f41f8000 JavaThread "Unconstrained build operations Thread 16" [_thread_blocked, id=11644, stack(0x000000569a800000,0x000000569a900000)]
  0x000001f3f41f9000 JavaThread "Unconstrained build operations Thread 17" [_thread_blocked, id=4228, stack(0x000000569a900000,0x000000569aa00000)]
  0x000001f3f41f3800 JavaThread "Unconstrained build operations Thread 18" [_thread_blocked, id=6840, stack(0x000000569aa00000,0x000000569ab00000)]
  0x000001f3f41fa000 JavaThread "Unconstrained build operations Thread 19" [_thread_blocked, id=3972, stack(0x000000569ab00000,0x000000569ac00000)]
  0x000001f3f41fa800 JavaThread "Unconstrained build operations Thread 20" [_thread_blocked, id=4588, stack(0x000000569ac00000,0x000000569ad00000)]
  0x000001f3f2de8000 JavaThread "Unconstrained build operations Thread 21" [_thread_blocked, id=3964, stack(0x000000569ad00000,0x000000569ae00000)]
  0x000001f3f2de5800 JavaThread "Unconstrained build operations Thread 22" [_thread_blocked, id=6936, stack(0x000000569ae00000,0x000000569af00000)]
  0x000001f3f2de9800 JavaThread "Unconstrained build operations Thread 23" [_thread_blocked, id=7612, stack(0x000000569af00000,0x000000569b000000)]
  0x000001f3f2de4000 JavaThread "Unconstrained build operations Thread 24" [_thread_blocked, id=6788, stack(0x000000569b000000,0x000000569b100000)]
  0x000001f3f2de8800 JavaThread "Unconstrained build operations Thread 25" [_thread_blocked, id=1184, stack(0x000000569b100000,0x000000569b200000)]
  0x000001f3f2dea800 JavaThread "Unconstrained build operations Thread 26" [_thread_blocked, id=10904, stack(0x000000569b200000,0x000000569b300000)]
  0x000001f3f2de4800 JavaThread "Unconstrained build operations Thread 27" [_thread_blocked, id=11984, stack(0x000000569b300000,0x000000569b400000)]
  0x000001f3f2deb000 JavaThread "Unconstrained build operations Thread 28" [_thread_blocked, id=2680, stack(0x000000569b400000,0x000000569b500000)]
  0x000001f3f2dec000 JavaThread "Unconstrained build operations Thread 29" [_thread_blocked, id=2156, stack(0x000000569b500000,0x000000569b600000)]
  0x000001f3f2de6800 JavaThread "Unconstrained build operations Thread 30" [_thread_blocked, id=6868, stack(0x000000569b600000,0x000000569b700000)]
  0x000001f3f2ded000 JavaThread "Unconstrained build operations Thread 31" [_thread_blocked, id=8864, stack(0x000000569b700000,0x000000569b800000)]
  0x000001f3f2de7000 JavaThread "Unconstrained build operations Thread 32" [_thread_blocked, id=3652, stack(0x000000569b800000,0x000000569b900000)]
  0x000001f3f2dee800 JavaThread "Unconstrained build operations Thread 33" [_thread_blocked, id=12108, stack(0x000000569b900000,0x000000569ba00000)]
  0x000001f3f2ded800 JavaThread "Unconstrained build operations Thread 34" [_thread_blocked, id=11704, stack(0x000000569ba00000,0x000000569bb00000)]
  0x000001f3f2def800 JavaThread "Unconstrained build operations Thread 35" [_thread_blocked, id=3340, stack(0x000000569bb00000,0x000000569bc00000)]
  0x000001f3f2df0000 JavaThread "Unconstrained build operations Thread 36" [_thread_blocked, id=2652, stack(0x000000569bc00000,0x000000569bd00000)]
  0x000001f3f2df2800 JavaThread "Unconstrained build operations Thread 37" [_thread_blocked, id=6928, stack(0x000000569bd00000,0x000000569be00000)]
  0x000001f3f2df1800 JavaThread "Unconstrained build operations Thread 38" [_thread_blocked, id=11240, stack(0x000000569be00000,0x000000569bf00000)]
  0x000001f3edba1800 JavaThread "Unconstrained build operations Thread 39" [_thread_blocked, id=11256, stack(0x000000569bf00000,0x000000569c000000)]
  0x000001f3edba5000 JavaThread "Unconstrained build operations Thread 40" [_thread_blocked, id=2928, stack(0x000000569c000000,0x000000569c100000)]
  0x000001f3edb9f800 JavaThread "Unconstrained build operations Thread 41" [_thread_blocked, id=10452, stack(0x000000569c100000,0x000000569c200000)]
  0x000001f3edba2800 JavaThread "Unconstrained build operations Thread 42" [_thread_blocked, id=12032, stack(0x000000569c200000,0x000000569c300000)]
  0x000001f3edba0000 JavaThread "Unconstrained build operations Thread 43" [_thread_blocked, id=2616, stack(0x000000569c300000,0x000000569c400000)]
  0x000001f3edba6000 JavaThread "Unconstrained build operations Thread 44" [_thread_blocked, id=3780, stack(0x000000569c400000,0x000000569c500000)]
  0x000001f3edba3800 JavaThread "Unconstrained build operations Thread 45" [_thread_blocked, id=11148, stack(0x000000569c500000,0x000000569c600000)]
  0x000001f3edba6800 JavaThread "Unconstrained build operations Thread 46" [_thread_blocked, id=5760, stack(0x000000569c600000,0x000000569c700000)]
  0x000001f3edba1000 JavaThread "Unconstrained build operations Thread 47" [_thread_blocked, id=8536, stack(0x000000569c700000,0x000000569c800000)]
  0x000001f3edbac800 JavaThread "Unconstrained build operations Thread 48" [_thread_blocked, id=1420, stack(0x000000569c800000,0x000000569c900000)]
  0x000001f3edbaa800 JavaThread "Unconstrained build operations Thread 49" [_thread_blocked, id=3052, stack(0x000000569c900000,0x000000569ca00000)]
  0x000001f3edbad000 JavaThread "Unconstrained build operations Thread 50" [_thread_blocked, id=7616, stack(0x000000569ca00000,0x000000569cb00000)]
  0x000001f3edba7800 JavaThread "Unconstrained build operations Thread 51" [_thread_blocked, id=9876, stack(0x000000569cb00000,0x000000569cc00000)]
  0x000001f3edba9000 JavaThread "Unconstrained build operations Thread 52" [_thread_blocked, id=8576, stack(0x000000569cc00000,0x000000569cd00000)]
  0x000001f3edbab800 JavaThread "Unconstrained build operations Thread 53" [_thread_blocked, id=11640, stack(0x000000569cd00000,0x000000569ce00000)]
  0x000001f3edbae000 JavaThread "Unconstrained build operations Thread 54" [_thread_blocked, id=9464, stack(0x000000569ce00000,0x000000569cf00000)]
  0x000001f3edbaa000 JavaThread "Unconstrained build operations Thread 55" [_thread_blocked, id=1600, stack(0x000000569cf00000,0x000000569d000000)]
  0x000001f3edba8800 JavaThread "Unconstrained build operations Thread 56" [_thread_blocked, id=7820, stack(0x000000569d000000,0x000000569d100000)]
  0x000001f3f12e6000 JavaThread "Unconstrained build operations Thread 57" [_thread_blocked, id=12252, stack(0x000000569d100000,0x000000569d200000)]
  0x000001f3f12e8800 JavaThread "Unconstrained build operations Thread 58" [_thread_blocked, id=9920, stack(0x000000569d200000,0x000000569d300000)]
  0x000001f3f12e2800 JavaThread "Unconstrained build operations Thread 59" [_thread_blocked, id=2012, stack(0x000000569d300000,0x000000569d400000)]
  0x000001f3f12e9000 JavaThread "Unconstrained build operations Thread 60" [_thread_blocked, id=11912, stack(0x000000569d400000,0x000000569d500000)]
  0x000001f3f12e4800 JavaThread "Unconstrained build operations Thread 61" [_thread_blocked, id=12040, stack(0x000000569d500000,0x000000569d600000)]
  0x000001f3f12e6800 JavaThread "Unconstrained build operations Thread 62" [_thread_blocked, id=4640, stack(0x000000569d600000,0x000000569d700000)]
  0x000001f3f12e5000 JavaThread "Unconstrained build operations Thread 63" [_thread_blocked, id=1360, stack(0x000000569d700000,0x000000569d800000)]
  0x000001f3f12e7800 JavaThread "Unconstrained build operations Thread 64" [_thread_blocked, id=11492, stack(0x000000569d800000,0x000000569d900000)]
  0x000001f3f12e3800 JavaThread "Unconstrained build operations Thread 65" [_thread_blocked, id=11808, stack(0x000000569d900000,0x000000569da00000)]
  0x000001f3f12ef000 JavaThread "Unconstrained build operations Thread 66" [_thread_blocked, id=11676, stack(0x000000569da00000,0x000000569db00000)]
  0x000001f3f12ef800 JavaThread "Unconstrained build operations Thread 67" [_thread_blocked, id=8376, stack(0x000000569db00000,0x000000569dc00000)]
  0x000001f3f12ec800 JavaThread "Unconstrained build operations Thread 68" [_thread_blocked, id=2388, stack(0x000000569dc00000,0x000000569dd00000)]
  0x000001f3f12ea000 JavaThread "Unconstrained build operations Thread 69" [_thread_blocked, id=1696, stack(0x000000569dd00000,0x000000569de00000)]
  0x000001f3f12eb000 JavaThread "Unconstrained build operations Thread 70" [_thread_blocked, id=1872, stack(0x000000569de00000,0x000000569df00000)]
  0x000001f3f0632800 JavaThread "Unconstrained build operations Thread 71" [_thread_blocked, id=5048, stack(0x000000569df00000,0x000000569e000000)]
  0x000001f3f0634000 JavaThread "Unconstrained build operations Thread 72" [_thread_blocked, id=11132, stack(0x000000569e000000,0x000000569e100000)]
  0x000001f3f0636800 JavaThread "Unconstrained build operations Thread 73" [_thread_blocked, id=2708, stack(0x000000569e100000,0x000000569e200000)]
  0x000001f3f0635000 JavaThread "Unconstrained build operations Thread 74" [_thread_blocked, id=9952, stack(0x000000569e200000,0x000000569e300000)]
  0x000001f3f0631000 JavaThread "Unconstrained build operations Thread 75" [_thread_blocked, id=5324, stack(0x000000569e300000,0x000000569e400000)]
  0x000001f3f063a800 JavaThread "Unconstrained build operations Thread 76" [_thread_blocked, id=11376, stack(0x000000569e400000,0x000000569e500000)]
  0x000001f3f063a000 JavaThread "Unconstrained build operations Thread 77" [_thread_blocked, id=10948, stack(0x000000569e500000,0x000000569e600000)]
  0x000001f3f0637800 JavaThread "Unconstrained build operations Thread 78" [_thread_blocked, id=3552, stack(0x000000569e600000,0x000000569e700000)]
  0x000001f3f063c800 JavaThread "Unconstrained build operations Thread 79" [_thread_blocked, id=9240, stack(0x000000569e700000,0x000000569e800000)]
  0x000001f3f063b800 JavaThread "Unconstrained build operations Thread 80" [_thread_blocked, id=4476, stack(0x000000569e800000,0x000000569e900000)]
  0x000001f3f063f000 JavaThread "build event listener" [_thread_blocked, id=1604, stack(0x000000569ea00000,0x000000569eb00000)]
  0x000001f3f0639000 JavaThread "Execution worker for ':'" [_thread_blocked, id=3536, stack(0x000000569f100000,0x000000569f200000)]
  0x000001f3f063f800 JavaThread "Execution worker for ':' Thread 2" [_thread_blocked, id=9012, stack(0x000000569f200000,0x000000569f300000)]
  0x000001f3f116a800 JavaThread "Execution worker for ':' Thread 3" [_thread_blocked, id=7480, stack(0x000000569f300000,0x000000569f400000)]
  0x000001f3f1167800 JavaThread "Execution worker for ':' Thread 4" [_thread_blocked, id=3656, stack(0x000000569f400000,0x000000569f500000)]
  0x000001f3f1170000 JavaThread "Execution worker for ':' Thread 5" [_thread_blocked, id=10820, stack(0x000000569f500000,0x000000569f600000)]
  0x000001f3f1172800 JavaThread "Execution worker for ':' Thread 6" [_thread_blocked, id=8700, stack(0x000000569f600000,0x000000569f700000)]
  0x000001f3f116e000 JavaThread "Execution worker for ':' Thread 7" [_thread_blocked, id=11996, stack(0x000000569f700000,0x000000569f800000)]
  0x000001f3f116e800 JavaThread "Cache worker for execution history cache (D:\NotesApp\.gradle\7.2\executionHistory)" [_thread_blocked, id=3452, stack(0x000000569f800000,0x000000569f900000)]
  0x000001f3f116f800 JavaThread "WorkerExecutor Queue" [_thread_blocked, id=12156, stack(0x000000569f900000,0x000000569fa00000)]
  0x000001f3f1171000 JavaThread "WorkerExecutor Queue Thread 2" [_thread_blocked, id=3312, stack(0x000000569fa00000,0x000000569fb00000)]
  0x000001f3f1174800 JavaThread "WorkerExecutor Queue Thread 4" [_thread_blocked, id=11740, stack(0x000000569ff00000,0x00000056a0000000)]
  0x000001f3f1172000 JavaThread "WorkerExecutor Queue Thread 5" [_thread_blocked, id=7904, stack(0x00000056a0000000,0x00000056a0100000)]
  0x000001f3f1173800 JavaThread "WorkerExecutor Queue Thread 6" [_thread_blocked, id=3400, stack(0x00000056a0500000,0x00000056a0600000)]
  0x000001f3f3b5c000 JavaThread "WorkerExecutor Queue Thread 7" [_thread_blocked, id=3428, stack(0x00000056a0600000,0x00000056a0700000)]
  0x000001f3f3b60000 JavaThread "Java2D Disposer" daemon [_thread_blocked, id=3348, stack(0x00000056a0700000,0x00000056a0800000)]
  0x000001f3f3b61000 JavaThread "WorkerExecutor Queue Thread 8" [_thread_blocked, id=11948, stack(0x00000056a0800000,0x00000056a0900000)]
  0x000001f3f3b5b000 JavaThread "pool-22-thread-1" [_thread_blocked, id=3884, stack(0x00000056a0900000,0x00000056a0a00000)]
  0x000001f3f3b5d000 JavaThread "stderr" [_thread_in_native, id=3236, stack(0x00000056a0a00000,0x00000056a0b00000)]
  0x000001f3f3b5e800 JavaThread "stdout" [_thread_in_native, id=5184, stack(0x00000056a0c00000,0x00000056a0d00000)]
  0x000001f3ed971000 JavaThread "RMI TCP Connection(25)-127.0.0.1" daemon [_thread_in_native, id=10848, stack(0x00000056a0e00000,0x00000056a0f00000)]
  0x000001f3ed972000 JavaThread "C2 CompilerThread1" daemon [_thread_in_native, id=6068, stack(0x0000005699300000,0x0000005699400000)]

Other Threads:
=>0x000001f3eac08800 VMThread "VM Thread" [stack: 0x0000005696c00000,0x0000005696d00000] [id=7100]
  0x000001f3eb633800 WatcherThread [stack: 0x0000005697600000,0x0000005697700000] [id=11052]
  0x000001f3d0784000 GCTaskThread "GC Thread#0" [stack: 0x0000005696700000,0x0000005696800000] [id=12060]
  0x000001f3ec698000 GCTaskThread "GC Thread#1" [stack: 0x0000005697800000,0x0000005697900000] [id=4304]
  0x000001f3ec698800 GCTaskThread "GC Thread#2" [stack: 0x0000005697900000,0x0000005697a00000] [id=9956]
  0x000001f3ecb5b000 GCTaskThread "GC Thread#3" [stack: 0x0000005698400000,0x0000005698500000] [id=11932]
  0x000001f3edaea800 GCTaskThread "GC Thread#4" [stack: 0x0000005698500000,0x0000005698600000] [id=12152]
  0x000001f3eddbd000 GCTaskThread "GC Thread#5" [stack: 0x0000005698600000,0x0000005698700000] [id=2548]
  0x000001f3eddbd800 GCTaskThread "GC Thread#6" [stack: 0x0000005698700000,0x0000005698800000] [id=10432]
  0x000001f3ed556800 GCTaskThread "GC Thread#7" [stack: 0x0000005698800000,0x0000005698900000] [id=5772]
  0x000001f3d07d5800 ConcurrentGCThread "G1 Main Marker" [stack: 0x0000005696800000,0x0000005696900000] [id=4732]
  0x000001f3d07d6800 ConcurrentGCThread "G1 Conc#0" [stack: 0x0000005696900000,0x0000005696a00000] [id=10920]
  0x000001f3ed8a8000 ConcurrentGCThread "G1 Conc#1" [stack: 0x0000005698c00000,0x0000005698d00000] [id=10860]
  0x000001f3eaa49800 ConcurrentGCThread "G1 Refine#0" [stack: 0x0000005696a00000,0x0000005696b00000] [id=2684]
  0x000001f3eaa4a800 ConcurrentGCThread "G1 Young RemSet Sampling" [stack: 0x0000005696b00000,0x0000005696c00000] [id=5668]

Threads with active compile tasks:
C2 CompilerThread02099369 27306       4       org.jetbrains.org.objectweb.asm.ClassReader::readField (667 bytes)
C2 CompilerThread12099369 27202   !   4       org.gradle.cache.internal.DefaultFileLockManager$DefaultFileLock::doWriteAction (66 bytes)

VM state:at safepoint (normal execution)

VM Mutex/Monitor currently owned by a thread:  ([mutex/lock_event])
[0x000001f3d0769be0] Threads_lock - owner thread: 0x000001f3eac08800
[0x000001f3d0769910] Heap_lock - owner thread: 0x000001f3f0b9a800

Heap address: 0x0000000080000000, size: 2048 MB, Compressed Oops mode: 32-bit
Narrow klass base: 0x0000000000000000, Narrow klass shift: 3
Compressed class space size: 1073741824 Address: 0x0000000100000000

Heap:
 garbage-first heap   total 303104K, used 135029K [0x0000000080000000, 0x0000000100000000)
  region size 1024K, 3 young (3072K), 3 survivors (3072K)
 Metaspace       used 142120K, capacity 146528K, committed 147196K, reserved 1177600K
  class space    used 17602K, capacity 19176K, committed 19584K, reserved 1048576K
Heap Regions: E=young(eden), S=young(survivor), O=old, HS=humongous(starts), HC=humongous(continues), CS=collection set, F=free, A=archive, TAMS=top-at-mark-start (previous, next)
|   0|0x0000000080000000, 0x0000000080100000, 0x0000000080100000|100%| O|  |TAMS 0x0000000080100000, 0x0000000080100000| Untracked 
|   1|0x0000000080100000, 0x0000000080200000, 0x0000000080200000|100%| O|  |TAMS 0x0000000080200000, 0x0000000080200000| Untracked 
|   2|0x0000000080200000, 0x0000000080300000, 0x0000000080300000|100%| O|  |TAMS 0x0000000080300000, 0x0000000080300000| Untracked 
|   3|0x0000000080300000, 0x0000000080400000, 0x0000000080400000|100%|HS|  |TAMS 0x0000000080400000, 0x0000000080400000| Complete 
|   4|0x0000000080400000, 0x0000000080500000, 0x0000000080500000|100%|HC|  |TAMS 0x0000000080500000, 0x0000000080500000| Complete 
|   5|0x0000000080500000, 0x0000000080600000, 0x0000000080600000|100%|HC|  |TAMS 0x0000000080600000, 0x0000000080600000| Complete 
|   6|0x0000000080600000, 0x0000000080700000, 0x0000000080700000|100%| O|  |TAMS 0x0000000080700000, 0x0000000080700000| Untracked 
|   7|0x0000000080700000, 0x0000000080800000, 0x0000000080800000|100%| O|  |TAMS 0x0000000080800000, 0x0000000080800000| Untracked 
|   8|0x0000000080800000, 0x0000000080900000, 0x0000000080900000|100%| O|  |TAMS 0x0000000080900000, 0x0000000080900000| Untracked 
|   9|0x0000000080900000, 0x0000000080a00000, 0x0000000080a00000|100%| O|  |TAMS 0x0000000080a00000, 0x0000000080a00000| Untracked 
|  10|0x0000000080a00000, 0x0000000080b00000, 0x0000000080b00000|100%| O|  |TAMS 0x0000000080b00000, 0x0000000080b00000| Untracked 
|  11|0x0000000080b00000, 0x0000000080c00000, 0x0000000080c00000|100%| O|  |TAMS 0x0000000080c00000, 0x0000000080c00000| Untracked 
|  12|0x0000000080c00000, 0x0000000080d00000, 0x0000000080d00000|100%| O|  |TAMS 0x0000000080d00000, 0x0000000080d00000| Untracked 
|  13|0x0000000080d00000, 0x0000000080e00000, 0x0000000080e00000|100%| O|  |TAMS 0x0000000080e00000, 0x0000000080e00000| Untracked 
|  14|0x0000000080e00000, 0x0000000080f00000, 0x0000000080f00000|100%| O|  |TAMS 0x0000000080f00000, 0x0000000080f00000| Untracked 
|  15|0x0000000080f00000, 0x0000000081000000, 0x0000000081000000|100%| O|  |TAMS 0x0000000081000000, 0x0000000081000000| Untracked 
|  16|0x0000000081000000, 0x0000000081100000, 0x0000000081100000|100%| O|  |TAMS 0x0000000081100000, 0x0000000081100000| Untracked 
|  17|0x0000000081100000, 0x0000000081200000, 0x0000000081200000|100%| O|  |TAMS 0x0000000081200000, 0x0000000081200000| Untracked 
|  18|0x0000000081200000, 0x0000000081300000, 0x0000000081300000|100%| O|  |TAMS 0x0000000081300000, 0x0000000081300000| Untracked 
|  19|0x0000000081300000, 0x0000000081400000, 0x0000000081400000|100%|HS|  |TAMS 0x0000000081400000, 0x0000000081400000| Complete 
|  20|0x0000000081400000, 0x0000000081500000, 0x0000000081500000|100%| O|  |TAMS 0x0000000081500000, 0x0000000081500000| Untracked 
|  21|0x0000000081500000, 0x0000000081600000, 0x0000000081600000|100%| O|  |TAMS 0x0000000081600000, 0x0000000081600000| Untracked 
|  22|0x0000000081600000, 0x0000000081700000, 0x0000000081700000|100%| O|  |TAMS 0x0000000081700000, 0x0000000081700000| Untracked 
|  23|0x0000000081700000, 0x0000000081800000, 0x0000000081800000|100%| O|  |TAMS 0x0000000081800000, 0x0000000081800000| Untracked 
|  24|0x0000000081800000, 0x0000000081900000, 0x0000000081900000|100%| O|  |TAMS 0x0000000081900000, 0x0000000081900000| Untracked 
|  25|0x0000000081900000, 0x0000000081a00000, 0x0000000081a00000|100%| O|  |TAMS 0x0000000081a00000, 0x0000000081a00000| Untracked 
|  26|0x0000000081a00000, 0x0000000081b00000, 0x0000000081b00000|100%| O|  |TAMS 0x0000000081a00000, 0x0000000081b00000| Untracked 
|  27|0x0000000081b00000, 0x0000000081c00000, 0x0000000081c00000|100%| O|  |TAMS 0x0000000081c00000, 0x0000000081c00000| Untracked 
|  28|0x0000000081c00000, 0x0000000081d00000, 0x0000000081d00000|100%|HS|  |TAMS 0x0000000081d00000, 0x0000000081d00000| Complete 
|  29|0x0000000081d00000, 0x0000000081e00000, 0x0000000081e00000|100%|HS|  |TAMS 0x0000000081e00000, 0x0000000081e00000| Complete 
|  30|0x0000000081e00000, 0x0000000081f00000, 0x0000000081f00000|100%|HS|  |TAMS 0x0000000081f00000, 0x0000000081f00000| Complete 
|  31|0x0000000081f00000, 0x0000000082000000, 0x0000000082000000|100%|HS|  |TAMS 0x0000000082000000, 0x0000000082000000| Complete 
|  32|0x0000000082000000, 0x0000000082100000, 0x0000000082100000|100%|HC|  |TAMS 0x0000000082100000, 0x0000000082100000| Complete 
|  33|0x0000000082100000, 0x0000000082200000, 0x0000000082200000|100%|HC|  |TAMS 0x0000000082200000, 0x0000000082200000| Complete 
|  34|0x0000000082200000, 0x0000000082300000, 0x0000000082300000|100%|HS|  |TAMS 0x0000000082300000, 0x0000000082300000| Complete 
|  35|0x0000000082300000, 0x0000000082400000, 0x0000000082400000|100%|HC|  |TAMS 0x0000000082400000, 0x0000000082400000| Complete 
|  36|0x0000000082400000, 0x0000000082500000, 0x0000000082500000|100%| O|  |TAMS 0x0000000082500000, 0x0000000082500000| Untracked 
|  37|0x0000000082500000, 0x0000000082600000, 0x0000000082600000|100%| O|  |TAMS 0x0000000082600000, 0x0000000082600000| Untracked 
|  38|0x0000000082600000, 0x0000000082700000, 0x0000000082700000|100%| O|  |TAMS 0x0000000082700000, 0x0000000082700000| Untracked 
|  39|0x0000000082700000, 0x0000000082800000, 0x0000000082800000|100%| O|  |TAMS 0x0000000082800000, 0x0000000082800000| Untracked 
|  40|0x0000000082800000, 0x0000000082900000, 0x0000000082900000|100%| O|  |TAMS 0x0000000082900000, 0x0000000082900000| Untracked 
|  41|0x0000000082900000, 0x0000000082a00000, 0x0000000082a00000|100%| O|  |TAMS 0x0000000082a00000, 0x0000000082a00000| Untracked 
|  42|0x0000000082a00000, 0x0000000082b00000, 0x0000000082b00000|100%| O|  |TAMS 0x0000000082b00000, 0x0000000082b00000| Untracked 
|  43|0x0000000082b00000, 0x0000000082c00000, 0x0000000082c00000|100%| O|  |TAMS 0x0000000082c00000, 0x0000000082c00000| Untracked 
|  44|0x0000000082c00000, 0x0000000082d00000, 0x0000000082d00000|100%| O|  |TAMS 0x0000000082d00000, 0x0000000082d00000| Untracked 
|  45|0x0000000082d00000, 0x0000000082e00000, 0x0000000082e00000|100%| O|  |TAMS 0x0000000082e00000, 0x0000000082e00000| Untracked 
|  46|0x0000000082e00000, 0x0000000082f00000, 0x0000000082f00000|100%| O|  |TAMS 0x0000000082f00000, 0x0000000082f00000| Untracked 
|  47|0x0000000082f00000, 0x0000000083000000, 0x0000000083000000|100%| O|  |TAMS 0x0000000083000000, 0x0000000083000000| Untracked 
|  48|0x0000000083000000, 0x0000000083100000, 0x0000000083100000|100%| O|  |TAMS 0x0000000083100000, 0x0000000083100000| Untracked 
|  49|0x0000000083100000, 0x0000000083200000, 0x0000000083200000|100%| O|  |TAMS 0x0000000083100000, 0x0000000083200000| Untracked 
|  50|0x0000000083200000, 0x0000000083300000, 0x0000000083300000|100%| O|  |TAMS 0x0000000083300000, 0x0000000083300000| Untracked 
|  51|0x0000000083300000, 0x0000000083400000, 0x0000000083400000|100%| O|  |TAMS 0x0000000083400000, 0x0000000083400000| Untracked 
|  52|0x0000000083400000, 0x0000000083500000, 0x0000000083500000|100%| O|  |TAMS 0x0000000083500000, 0x0000000083500000| Untracked 
|  53|0x0000000083500000, 0x0000000083600000, 0x0000000083600000|100%| O|  |TAMS 0x0000000083600000, 0x0000000083600000| Untracked 
|  54|0x0000000083600000, 0x0000000083700000, 0x0000000083700000|100%| O|  |TAMS 0x0000000083700000, 0x0000000083700000| Untracked 
|  55|0x0000000083700000, 0x0000000083800000, 0x0000000083800000|100%| O|  |TAMS 0x0000000083800000, 0x0000000083800000| Untracked 
|  56|0x0000000083800000, 0x0000000083900000, 0x0000000083900000|100%| O|  |TAMS 0x0000000083900000, 0x0000000083900000| Untracked 
|  57|0x0000000083900000, 0x0000000083a00000, 0x0000000083a00000|100%| O|  |TAMS 0x0000000083a00000, 0x0000000083a00000| Untracked 
|  58|0x0000000083a00000, 0x0000000083b00000, 0x0000000083b00000|100%| O|  |TAMS 0x0000000083a00000, 0x0000000083b00000| Untracked 
|  59|0x0000000083b00000, 0x0000000083c00000, 0x0000000083c00000|100%| O|  |TAMS 0x0000000083c00000, 0x0000000083c00000| Untracked 
|  60|0x0000000083c00000, 0x0000000083d00000, 0x0000000083d00000|100%| O|  |TAMS 0x0000000083c00000, 0x0000000083d00000| Untracked 
|  61|0x0000000083d00000, 0x0000000083e00000, 0x0000000083e00000|100%| O|  |TAMS 0x0000000083e00000, 0x0000000083e00000| Untracked 
|  62|0x0000000083e00000, 0x0000000083f00000, 0x0000000083f00000|100%| O|  |TAMS 0x0000000083e00000, 0x0000000083f00000| Untracked 
|  63|0x0000000083f00000, 0x0000000084000000, 0x0000000084000000|100%| O|  |TAMS 0x0000000084000000, 0x0000000084000000| Untracked 
|  64|0x0000000084000000, 0x0000000084100000, 0x0000000084100000|100%| O|  |TAMS 0x0000000084100000, 0x0000000084100000| Untracked 
|  65|0x0000000084100000, 0x0000000084200000, 0x0000000084200000|100%| O|  |TAMS 0x0000000084200000, 0x0000000084200000| Untracked 
|  66|0x0000000084200000, 0x0000000084300000, 0x0000000084300000|100%| O|  |TAMS 0x0000000084200000, 0x0000000084300000| Untracked 
|  67|0x0000000084300000, 0x0000000084400000, 0x0000000084400000|100%| O|  |TAMS 0x0000000084400000, 0x0000000084400000| Untracked 
|  68|0x0000000084400000, 0x0000000084400000, 0x0000000084500000|  0%| F|  |TAMS 0x0000000084400000, 0x0000000084400000| Untracked 
|  69|0x0000000084500000, 0x0000000084600000, 0x0000000084600000|100%| O|  |TAMS 0x0000000084500000, 0x0000000084600000| Untracked 
|  70|0x0000000084600000, 0x0000000084700000, 0x0000000084700000|100%| O|  |TAMS 0x0000000084600000, 0x0000000084700000| Untracked 
|  71|0x0000000084700000, 0x0000000084791800, 0x0000000084800000| 56%| O|  |TAMS 0x0000000084700000, 0x0000000084791800| Untracked 
|  72|0x0000000084800000, 0x0000000084900000, 0x0000000084900000|100%| O|  |TAMS 0x0000000084900000, 0x0000000084900000| Untracked 
|  73|0x0000000084900000, 0x0000000084900000, 0x0000000084a00000|  0%| F|  |TAMS 0x0000000084900000, 0x0000000084900000| Untracked 
|  74|0x0000000084a00000, 0x0000000084b00000, 0x0000000084b00000|100%| O|  |TAMS 0x0000000084a00000, 0x0000000084b00000| Untracked 
|  75|0x0000000084b00000, 0x0000000084b00000, 0x0000000084c00000|  0%| F|  |TAMS 0x0000000084b00000, 0x0000000084b00000| Untracked 
|  76|0x0000000084c00000, 0x0000000084c00000, 0x0000000084d00000|  0%| F|  |TAMS 0x0000000084c00000, 0x0000000084c00000| Untracked 
|  77|0x0000000084d00000, 0x0000000084d00000, 0x0000000084e00000|  0%| F|  |TAMS 0x0000000084d00000, 0x0000000084d00000| Untracked 
|  78|0x0000000084e00000, 0x0000000084f00000, 0x0000000084f00000|100%| O|  |TAMS 0x0000000084f00000, 0x0000000084f00000| Untracked 
|  79|0x0000000084f00000, 0x0000000085000000, 0x0000000085000000|100%| O|  |TAMS 0x0000000085000000, 0x0000000085000000| Untracked 
|  80|0x0000000085000000, 0x0000000085100000, 0x0000000085100000|100%| O|  |TAMS 0x0000000085100000, 0x0000000085100000| Untracked 
|  81|0x0000000085100000, 0x0000000085200000, 0x0000000085200000|100%| O|  |TAMS 0x0000000085200000, 0x0000000085200000| Untracked 
|  82|0x0000000085200000, 0x0000000085200000, 0x0000000085300000|  0%| F|  |TAMS 0x0000000085200000, 0x0000000085200000| Untracked 
|  83|0x0000000085300000, 0x0000000085400000, 0x0000000085400000|100%| O|  |TAMS 0x0000000085400000, 0x0000000085400000| Untracked 
|  84|0x0000000085400000, 0x0000000085500000, 0x0000000085500000|100%| O|  |TAMS 0x0000000085500000, 0x0000000085500000| Untracked 
|  85|0x0000000085500000, 0x0000000085600000, 0x0000000085600000|100%| O|  |TAMS 0x0000000085600000, 0x0000000085600000| Untracked 
|  86|0x0000000085600000, 0x0000000085700000, 0x0000000085700000|100%| O|  |TAMS 0x0000000085700000, 0x0000000085700000| Untracked 
|  87|0x0000000085700000, 0x0000000085700000, 0x0000000085800000|  0%| F|  |TAMS 0x0000000085700000, 0x0000000085700000| Untracked 
|  88|0x0000000085800000, 0x0000000085900000, 0x0000000085900000|100%| O|  |TAMS 0x0000000085900000, 0x0000000085900000| Untracked 
|  89|0x0000000085900000, 0x0000000085a00000, 0x0000000085a00000|100%| O|  |TAMS 0x0000000085a00000, 0x0000000085a00000| Untracked 
|  90|0x0000000085a00000, 0x0000000085a00000, 0x0000000085b00000|  0%| F|  |TAMS 0x0000000085a00000, 0x0000000085a00000| Untracked 
|  91|0x0000000085b00000, 0x0000000085c00000, 0x0000000085c00000|100%| O|  |TAMS 0x0000000085c00000, 0x0000000085c00000| Untracked 
|  92|0x0000000085c00000, 0x0000000085d00000, 0x0000000085d00000|100%| O|  |TAMS 0x0000000085d00000, 0x0000000085d00000| Untracked 
|  93|0x0000000085d00000, 0x0000000085d00000, 0x0000000085e00000|  0%| F|  |TAMS 0x0000000085d00000, 0x0000000085d00000| Untracked 
|  94|0x0000000085e00000, 0x0000000085f00000, 0x0000000085f00000|100%| O|  |TAMS 0x0000000085f00000, 0x0000000085f00000| Untracked 
|  95|0x0000000085f00000, 0x0000000086000000, 0x0000000086000000|100%| O|  |TAMS 0x0000000086000000, 0x0000000086000000| Untracked 
|  96|0x0000000086000000, 0x0000000086100000, 0x0000000086100000|100%| O|  |TAMS 0x0000000086100000, 0x0000000086100000| Untracked 
|  97|0x0000000086100000, 0x0000000086200000, 0x0000000086200000|100%| O|  |TAMS 0x0000000086200000, 0x0000000086200000| Untracked 
|  98|0x0000000086200000, 0x0000000086200000, 0x0000000086300000|  0%| F|  |TAMS 0x0000000086200000, 0x0000000086200000| Untracked 
|  99|0x0000000086300000, 0x0000000086400000, 0x0000000086400000|100%| O|  |TAMS 0x0000000086400000, 0x0000000086400000| Untracked 
| 100|0x0000000086400000, 0x0000000086500000, 0x0000000086500000|100%| O|  |TAMS 0x0000000086500000, 0x0000000086500000| Untracked 
| 101|0x0000000086500000, 0x0000000086600000, 0x0000000086600000|100%| O|  |TAMS 0x0000000086600000, 0x0000000086600000| Untracked 
| 102|0x0000000086600000, 0x0000000086600000, 0x0000000086700000|  0%| F|  |TAMS 0x0000000086600000, 0x0000000086600000| Untracked 
| 103|0x0000000086700000, 0x0000000086800000, 0x0000000086800000|100%| O|  |TAMS 0x0000000086800000, 0x0000000086800000| Untracked 
| 104|0x0000000086800000, 0x0000000086900000, 0x0000000086900000|100%| O|  |TAMS 0x0000000086900000, 0x0000000086900000| Untracked 
| 105|0x0000000086900000, 0x0000000086a00000, 0x0000000086a00000|100%| O|  |TAMS 0x0000000086a00000, 0x0000000086a00000| Untracked 
| 106|0x0000000086a00000, 0x0000000086b00000, 0x0000000086b00000|100%| O|  |TAMS 0x0000000086b00000, 0x0000000086b00000| Untracked 
| 107|0x0000000086b00000, 0x0000000086c00000, 0x0000000086c00000|100%| O|  |TAMS 0x0000000086c00000, 0x0000000086c00000| Untracked 
| 108|0x0000000086c00000, 0x0000000086d00000, 0x0000000086d00000|100%|HS|  |TAMS 0x0000000086d00000, 0x0000000086d00000| Complete 
| 109|0x0000000086d00000, 0x0000000086e00000, 0x0000000086e00000|100%|HC|  |TAMS 0x0000000086e00000, 0x0000000086e00000| Complete 
| 110|0x0000000086e00000, 0x0000000086f00000, 0x0000000086f00000|100%|HC|  |TAMS 0x0000000086f00000, 0x0000000086f00000| Complete 
| 111|0x0000000086f00000, 0x0000000087000000, 0x0000000087000000|100%| O|  |TAMS 0x0000000087000000, 0x0000000087000000| Untracked 
| 112|0x0000000087000000, 0x0000000087100000, 0x0000000087100000|100%| O|  |TAMS 0x0000000087100000, 0x0000000087100000| Untracked 
| 113|0x0000000087100000, 0x0000000087200000, 0x0000000087200000|100%| O|  |TAMS 0x0000000087200000, 0x0000000087200000| Untracked 
| 114|0x0000000087200000, 0x0000000087200000, 0x0000000087300000|  0%| F|  |TAMS 0x0000000087200000, 0x0000000087200000| Untracked 
| 115|0x0000000087300000, 0x0000000087300000, 0x0000000087400000|  0%| F|  |TAMS 0x0000000087300000, 0x0000000087300000| Untracked 
| 116|0x0000000087400000, 0x0000000087400000, 0x0000000087500000|  0%| F|  |TAMS 0x0000000087400000, 0x0000000087400000| Untracked 
| 117|0x0000000087500000, 0x0000000087600000, 0x0000000087600000|100%| O|  |TAMS 0x0000000087600000, 0x0000000087600000| Untracked 
| 118|0x0000000087600000, 0x0000000087600000, 0x0000000087700000|  0%| F|  |TAMS 0x0000000087600000, 0x0000000087600000| Untracked 
| 119|0x0000000087700000, 0x0000000087800000, 0x0000000087800000|100%| O|  |TAMS 0x0000000087800000, 0x0000000087800000| Untracked 
| 120|0x0000000087800000, 0x0000000087900000, 0x0000000087900000|100%| O|  |TAMS 0x0000000087900000, 0x0000000087900000| Untracked 
| 121|0x0000000087900000, 0x0000000087900000, 0x0000000087a00000|  0%| F|  |TAMS 0x0000000087900000, 0x0000000087900000| Untracked 
| 122|0x0000000087a00000, 0x0000000087a00000, 0x0000000087b00000|  0%| F|  |TAMS 0x0000000087a00000, 0x0000000087a00000| Untracked 
| 123|0x0000000087b00000, 0x0000000087c00000, 0x0000000087c00000|100%| O|  |TAMS 0x0000000087c00000, 0x0000000087c00000| Untracked 
| 124|0x0000000087c00000, 0x0000000087d00000, 0x0000000087d00000|100%| O|  |TAMS 0x0000000087d00000, 0x0000000087d00000| Untracked 
| 125|0x0000000087d00000, 0x0000000087d00000, 0x0000000087e00000|  0%| F|  |TAMS 0x0000000087d00000, 0x0000000087d00000| Untracked 
| 126|0x0000000087e00000, 0x0000000087f00000, 0x0000000087f00000|100%| O|  |TAMS 0x0000000087f00000, 0x0000000087f00000| Untracked 
| 127|0x0000000087f00000, 0x0000000088000000, 0x0000000088000000|100%| O|  |TAMS 0x0000000088000000, 0x0000000088000000| Untracked 
| 128|0x0000000088000000, 0x0000000088100000, 0x0000000088100000|100%| O|  |TAMS 0x0000000088100000, 0x0000000088100000| Untracked 
| 129|0x0000000088100000, 0x0000000088200000, 0x0000000088200000|100%| O|  |TAMS 0x0000000088200000, 0x0000000088200000| Untracked 
| 130|0x0000000088200000, 0x0000000088300000, 0x0000000088300000|100%| O|  |TAMS 0x0000000088300000, 0x0000000088300000| Untracked 
| 131|0x0000000088300000, 0x0000000088300000, 0x0000000088400000|  0%| F|  |TAMS 0x0000000088300000, 0x0000000088300000| Untracked 
| 132|0x0000000088400000, 0x0000000088500000, 0x0000000088500000|100%| O|  |TAMS 0x0000000088500000, 0x0000000088500000| Untracked 
| 133|0x0000000088500000, 0x0000000088600000, 0x0000000088600000|100%| O|  |TAMS 0x0000000088600000, 0x0000000088600000| Untracked 
| 134|0x0000000088600000, 0x0000000088600000, 0x0000000088700000|  0%| F|  |TAMS 0x0000000088600000, 0x0000000088600000| Untracked 
| 135|0x0000000088700000, 0x0000000088700000, 0x0000000088800000|  0%| F|  |TAMS 0x0000000088700000, 0x0000000088700000| Untracked 
| 136|0x0000000088800000, 0x0000000088900000, 0x0000000088900000|100%| O|  |TAMS 0x0000000088900000, 0x0000000088900000| Untracked 
| 137|0x0000000088900000, 0x0000000088a00000, 0x0000000088a00000|100%| O|  |TAMS 0x0000000088a00000, 0x0000000088a00000| Untracked 
| 138|0x0000000088a00000, 0x0000000088a00000, 0x0000000088b00000|  0%| F|  |TAMS 0x0000000088a00000, 0x0000000088a00000| Untracked 
| 139|0x0000000088b00000, 0x0000000088c00000, 0x0000000088c00000|100%| O|  |TAMS 0x0000000088c00000, 0x0000000088c00000| Untracked 
| 140|0x0000000088c00000, 0x0000000088d00000, 0x0000000088d00000|100%| O|  |TAMS 0x0000000088d00000, 0x0000000088d00000| Untracked 
| 141|0x0000000088d00000, 0x0000000088e00000, 0x0000000088e00000|100%| O|  |TAMS 0x0000000088e00000, 0x0000000088e00000| Untracked 
| 142|0x0000000088e00000, 0x0000000088f00000, 0x0000000088f00000|100%| O|  |TAMS 0x0000000088f00000, 0x0000000088f00000| Untracked 
| 143|0x0000000088f00000, 0x0000000089000000, 0x0000000089000000|100%| O|  |TAMS 0x0000000089000000, 0x0000000089000000| Untracked 
| 144|0x0000000089000000, 0x0000000089100000, 0x0000000089100000|100%| O|  |TAMS 0x0000000089100000, 0x0000000089100000| Untracked 
| 145|0x0000000089100000, 0x0000000089200000, 0x0000000089200000|100%| O|  |TAMS 0x0000000089200000, 0x0000000089200000| Untracked 
| 146|0x0000000089200000, 0x0000000089300000, 0x0000000089300000|100%| O|  |TAMS 0x0000000089300000, 0x0000000089300000| Untracked 
| 147|0x0000000089300000, 0x0000000089400000, 0x0000000089400000|100%| O|  |TAMS 0x0000000089400000, 0x0000000089400000| Untracked 
| 148|0x0000000089400000, 0x0000000089500000, 0x0000000089500000|100%| O|  |TAMS 0x0000000089500000, 0x0000000089500000| Untracked 
| 149|0x0000000089500000, 0x0000000089500000, 0x0000000089600000|  0%| F|  |TAMS 0x0000000089500000, 0x0000000089500000| Untracked 
| 150|0x0000000089600000, 0x0000000089600000, 0x0000000089700000|  0%| F|  |TAMS 0x0000000089600000, 0x0000000089600000| Untracked 
| 151|0x0000000089700000, 0x0000000089700000, 0x0000000089800000|  0%| F|  |TAMS 0x0000000089700000, 0x0000000089700000| Untracked 
| 152|0x0000000089800000, 0x0000000089800000, 0x0000000089900000|  0%| F|  |TAMS 0x0000000089800000, 0x0000000089800000| Untracked 
| 153|0x0000000089900000, 0x0000000089900000, 0x0000000089a00000|  0%| F|  |TAMS 0x0000000089900000, 0x0000000089900000| Untracked 
| 154|0x0000000089a00000, 0x0000000089a00000, 0x0000000089b00000|  0%| F|  |TAMS 0x0000000089a00000, 0x0000000089a00000| Untracked 
| 155|0x0000000089b00000, 0x0000000089c00000, 0x0000000089c00000|100%| O|  |TAMS 0x0000000089c00000, 0x0000000089c00000| Untracked 
| 156|0x0000000089c00000, 0x0000000089c00000, 0x0000000089d00000|  0%| F|  |TAMS 0x0000000089c00000, 0x0000000089c00000| Untracked 
| 157|0x0000000089d00000, 0x0000000089d00000, 0x0000000089e00000|  0%| F|  |TAMS 0x0000000089d00000, 0x0000000089d00000| Untracked 
| 158|0x0000000089e00000, 0x0000000089e00000, 0x0000000089f00000|  0%| F|  |TAMS 0x0000000089e00000, 0x0000000089e00000| Untracked 
| 159|0x0000000089f00000, 0x0000000089f00000, 0x000000008a000000|  0%| F|  |TAMS 0x0000000089f00000, 0x0000000089f00000| Untracked 
| 160|0x000000008a000000, 0x000000008a100000, 0x000000008a100000|100%| O|  |TAMS 0x000000008a100000, 0x000000008a100000| Untracked 
| 161|0x000000008a100000, 0x000000008a100000, 0x000000008a200000|  0%| F|  |TAMS 0x000000008a100000, 0x000000008a100000| Untracked 
| 162|0x000000008a200000, 0x000000008a200000, 0x000000008a300000|  0%| F|  |TAMS 0x000000008a200000, 0x000000008a200000| Untracked 
| 163|0x000000008a300000, 0x000000008a300000, 0x000000008a400000|  0%| F|  |TAMS 0x000000008a300000, 0x000000008a300000| Untracked 
| 164|0x000000008a400000, 0x000000008a400000, 0x000000008a500000|  0%| F|  |TAMS 0x000000008a400000, 0x000000008a400000| Untracked 
| 165|0x000000008a500000, 0x000000008a600000, 0x000000008a600000|100%| O|  |TAMS 0x000000008a600000, 0x000000008a600000| Untracked 
| 166|0x000000008a600000, 0x000000008a600000, 0x000000008a700000|  0%| F|  |TAMS 0x000000008a600000, 0x000000008a600000| Untracked 
| 167|0x000000008a700000, 0x000000008a700000, 0x000000008a800000|  0%| F|  |TAMS 0x000000008a700000, 0x000000008a700000| Untracked 
| 168|0x000000008a800000, 0x000000008a800000, 0x000000008a900000|  0%| F|  |TAMS 0x000000008a800000, 0x000000008a800000| Untracked 
| 169|0x000000008a900000, 0x000000008a900000, 0x000000008aa00000|  0%| F|  |TAMS 0x000000008a900000, 0x000000008a900000| Untracked 
| 170|0x000000008aa00000, 0x000000008aa00000, 0x000000008ab00000|  0%| F|  |TAMS 0x000000008aa00000, 0x000000008aa00000| Untracked 
| 171|0x000000008ab00000, 0x000000008ab00000, 0x000000008ac00000|  0%| F|  |TAMS 0x000000008ab00000, 0x000000008ab00000| Untracked 
| 172|0x000000008ac00000, 0x000000008ac00000, 0x000000008ad00000|  0%| F|  |TAMS 0x000000008ac00000, 0x000000008ac00000| Untracked 
| 173|0x000000008ad00000, 0x000000008ad00000, 0x000000008ae00000|  0%| F|  |TAMS 0x000000008ad00000, 0x000000008ad00000| Untracked 
| 174|0x000000008ae00000, 0x000000008ae00000, 0x000000008af00000|  0%| F|  |TAMS 0x000000008ae00000, 0x000000008ae00000| Untracked 
| 175|0x000000008af00000, 0x000000008af00000, 0x000000008b000000|  0%| F|  |TAMS 0x000000008af00000, 0x000000008af00000| Untracked 
| 176|0x000000008b000000, 0x000000008b04bd50, 0x000000008b100000| 29%| S|CS|TAMS 0x000000008b000000, 0x000000008b000000| Complete 
| 177|0x000000008b100000, 0x000000008b200000, 0x000000008b200000|100%| S|CS|TAMS 0x000000008b100000, 0x000000008b100000| Complete 
| 178|0x000000008b200000, 0x000000008b300000, 0x000000008b300000|100%| S|CS|TAMS 0x000000008b200000, 0x000000008b200000| Complete 
| 179|0x000000008b300000, 0x000000008b300000, 0x000000008b400000|  0%| F|  |TAMS 0x000000008b300000, 0x000000008b300000| Untracked 
| 180|0x000000008b400000, 0x000000008b400000, 0x000000008b500000|  0%| F|  |TAMS 0x000000008b400000, 0x000000008b400000| Untracked 
| 181|0x000000008b500000, 0x000000008b500000, 0x000000008b600000|  0%| F|  |TAMS 0x000000008b500000, 0x000000008b500000| Untracked 
| 182|0x000000008b600000, 0x000000008b600000, 0x000000008b700000|  0%| F|  |TAMS 0x000000008b600000, 0x000000008b600000| Untracked 
| 183|0x000000008b700000, 0x000000008b700000, 0x000000008b800000|  0%| F|  |TAMS 0x000000008b700000, 0x000000008b700000| Untracked 
| 184|0x000000008b800000, 0x000000008b800000, 0x000000008b900000|  0%| F|  |TAMS 0x000000008b800000, 0x000000008b800000| Untracked 
| 185|0x000000008b900000, 0x000000008b900000, 0x000000008ba00000|  0%| F|  |TAMS 0x000000008b900000, 0x000000008b900000| Untracked 
| 186|0x000000008ba00000, 0x000000008ba00000, 0x000000008bb00000|  0%| F|  |TAMS 0x000000008ba00000, 0x000000008ba00000| Untracked 
| 187|0x000000008bb00000, 0x000000008bb00000, 0x000000008bc00000|  0%| F|  |TAMS 0x000000008bb00000, 0x000000008bb00000| Untracked 
| 188|0x000000008bc00000, 0x000000008bc00000, 0x000000008bd00000|  0%| F|  |TAMS 0x000000008bc00000, 0x000000008bc00000| Untracked 
| 189|0x000000008bd00000, 0x000000008bd00000, 0x000000008be00000|  0%| F|  |TAMS 0x000000008bd00000, 0x000000008bd00000| Untracked 
| 190|0x000000008be00000, 0x000000008be00000, 0x000000008bf00000|  0%| F|  |TAMS 0x000000008be00000, 0x000000008be00000| Untracked 
| 191|0x000000008bf00000, 0x000000008bf00000, 0x000000008c000000|  0%| F|  |TAMS 0x000000008bf00000, 0x000000008bf00000| Untracked 
| 192|0x000000008c000000, 0x000000008c000000, 0x000000008c100000|  0%| F|  |TAMS 0x000000008c000000, 0x000000008c000000| Untracked 
| 193|0x000000008c100000, 0x000000008c100000, 0x000000008c200000|  0%| F|  |TAMS 0x000000008c100000, 0x000000008c100000| Untracked 
| 194|0x000000008c200000, 0x000000008c200000, 0x000000008c300000|  0%| F|  |TAMS 0x000000008c200000, 0x000000008c200000| Untracked 
| 195|0x000000008c300000, 0x000000008c300000, 0x000000008c400000|  0%| F|  |TAMS 0x000000008c300000, 0x000000008c300000| Untracked 
| 196|0x000000008c400000, 0x000000008c400000, 0x000000008c500000|  0%| F|  |TAMS 0x000000008c400000, 0x000000008c400000| Untracked 
| 197|0x000000008c500000, 0x000000008c500000, 0x000000008c600000|  0%| F|  |TAMS 0x000000008c500000, 0x000000008c500000| Untracked 
| 198|0x000000008c600000, 0x000000008c600000, 0x000000008c700000|  0%| F|  |TAMS 0x000000008c600000, 0x000000008c600000| Untracked 
| 199|0x000000008c700000, 0x000000008c700000, 0x000000008c800000|  0%| F|  |TAMS 0x000000008c700000, 0x000000008c700000| Untracked 
| 200|0x000000008c800000, 0x000000008c800000, 0x000000008c900000|  0%| F|  |TAMS 0x000000008c800000, 0x000000008c800000| Untracked 
| 201|0x000000008c900000, 0x000000008c900000, 0x000000008ca00000|  0%| F|  |TAMS 0x000000008c900000, 0x000000008c900000| Untracked 
| 202|0x000000008ca00000, 0x000000008ca00000, 0x000000008cb00000|  0%| F|  |TAMS 0x000000008ca00000, 0x000000008ca00000| Untracked 
| 203|0x000000008cb00000, 0x000000008cb00000, 0x000000008cc00000|  0%| F|  |TAMS 0x000000008cb00000, 0x000000008cb00000| Untracked 
| 204|0x000000008cc00000, 0x000000008cc00000, 0x000000008cd00000|  0%| F|  |TAMS 0x000000008cc00000, 0x000000008cc00000| Untracked 
| 205|0x000000008cd00000, 0x000000008cd00000, 0x000000008ce00000|  0%| F|  |TAMS 0x000000008cd00000, 0x000000008cd00000| Untracked 
| 206|0x000000008ce00000, 0x000000008ce00000, 0x000000008cf00000|  0%| F|  |TAMS 0x000000008ce00000, 0x000000008ce00000| Untracked 
| 207|0x000000008cf00000, 0x000000008cf00000, 0x000000008d000000|  0%| F|  |TAMS 0x000000008cf00000, 0x000000008cf00000| Untracked 
| 208|0x000000008d000000, 0x000000008d000000, 0x000000008d100000|  0%| F|  |TAMS 0x000000008d000000, 0x000000008d000000| Untracked 
| 209|0x000000008d100000, 0x000000008d100000, 0x000000008d200000|  0%| F|  |TAMS 0x000000008d100000, 0x000000008d100000| Untracked 
| 210|0x000000008d200000, 0x000000008d200000, 0x000000008d300000|  0%| F|  |TAMS 0x000000008d200000, 0x000000008d200000| Untracked 
| 211|0x000000008d300000, 0x000000008d300000, 0x000000008d400000|  0%| F|  |TAMS 0x000000008d300000, 0x000000008d300000| Untracked 
| 212|0x000000008d400000, 0x000000008d400000, 0x000000008d500000|  0%| F|  |TAMS 0x000000008d400000, 0x000000008d400000| Untracked 
| 213|0x000000008d500000, 0x000000008d500000, 0x000000008d600000|  0%| F|  |TAMS 0x000000008d500000, 0x000000008d500000| Untracked 
| 214|0x000000008d600000, 0x000000008d600000, 0x000000008d700000|  0%| F|  |TAMS 0x000000008d600000, 0x000000008d600000| Untracked 
| 215|0x000000008d700000, 0x000000008d700000, 0x000000008d800000|  0%| F|  |TAMS 0x000000008d700000, 0x000000008d700000| Untracked 
| 216|0x000000008d800000, 0x000000008d800000, 0x000000008d900000|  0%| F|  |TAMS 0x000000008d800000, 0x000000008d800000| Untracked 
| 217|0x000000008d900000, 0x000000008d900000, 0x000000008da00000|  0%| F|  |TAMS 0x000000008d900000, 0x000000008d900000| Untracked 
| 218|0x000000008da00000, 0x000000008da00000, 0x000000008db00000|  0%| F|  |TAMS 0x000000008da00000, 0x000000008da00000| Untracked 
| 219|0x000000008db00000, 0x000000008db00000, 0x000000008dc00000|  0%| F|  |TAMS 0x000000008db00000, 0x000000008db00000| Untracked 

Card table byte_map: [0x000001f3e3990000,0x000001f3e3d90000] _byte_map_base: 0x000001f3e3590000

Marking Bits (Prev, Next): (CMBitMap*) 0x000001f3d07cc760, (CMBitMap*) 0x000001f3d07cc728
 Prev Bits: [0x000001f3e6190000, 0x000001f3e8190000)
 Next Bits: [0x000001f3e4190000, 0x000001f3e6190000)

Polling page: 0x000001f3ce5b0000

Metaspace:

Usage:
  Non-class:    124.37 MB capacity,   121.60 MB ( 98%) used,     2.27 MB (  2%) free+waste,   511.44 KB ( <1%) overhead. 
      Class:     18.73 MB capacity,    17.19 MB ( 92%) used,     1.32 MB (  7%) free+waste,   225.13 KB (  1%) overhead. 
       Both:    143.09 MB capacity,   138.79 MB ( 97%) used,     3.59 MB (  3%) free+waste,   736.56 KB ( <1%) overhead. 

Virtual space:
  Non-class space:      126.00 MB reserved,     124.62 MB ( 99%) committed 
      Class space:        1.00 GB reserved,      19.13 MB (  2%) committed 
             Both:        1.12 GB reserved,     143.75 MB ( 12%) committed 

Chunk freelists:
   Non-Class:  132.00 KB
       Class:  312.00 KB
        Both:  444.00 KB

MaxMetaspaceSize: 17179869184.00 GB
CompressedClassSpaceSize: 1.00 GB

CodeHeap 'non-profiled nmethods': size=120000Kb used=18338Kb max_used=18338Kb free=101661Kb
 bounds [0x000001f3dbd30000, 0x000001f3dcf20000, 0x000001f3e3260000]
CodeHeap 'profiled nmethods': size=120000Kb used=51805Kb max_used=51805Kb free=68194Kb
 bounds [0x000001f3d4800000, 0x000001f3d7ac0000, 0x000001f3dbd30000]
CodeHeap 'non-nmethods': size=5760Kb used=2483Kb max_used=2535Kb free=3276Kb
 bounds [0x000001f3d4260000, 0x000001f3d44f0000, 0x000001f3d4800000]
 total_blobs=24947 nmethods=23807 adapters=1049
 compilation: enabled
              stopped_count=0, restarted_count=0
 full_count=0

Compilation events (20 events):
Event: 2099.307 Thread 0x000001f3eb435000 27350       2       org.jetbrains.org.objectweb.asm.Type::getArgumentTypes (154 bytes)
Event: 2099.309 Thread 0x000001f3eb435000 nmethod 27350 0x000001f3d7ab7b10 code [0x000001f3d7ab7e00, 0x000001f3d7ab8e28]
Event: 2099.309 Thread 0x000001f3eb435000 27344  s    2       java.io.BufferedInputStream::available (35 bytes)
Event: 2099.309 Thread 0x000001f3eb435000 nmethod 27344 0x000001f3d7ab9910 code [0x000001f3d7ab9ae0, 0x000001f3d7ab9e58]
Event: 2099.309 Thread 0x000001f3eb435000 27347       2       org.jetbrains.kotlin.gradle.internal.kapt.incremental.ClasspathAnalyzerKt::analyzeInputStream (126 bytes)
Event: 2099.311 Thread 0x000001f3eb435000 nmethod 27347 0x000001f3d7ab9f90 code [0x000001f3d7aba2e0, 0x000001f3d7abaef8]
Event: 2099.311 Thread 0x000001f3eb435000 27351       2       kotlin.collections.EmptySet::size (5 bytes)
Event: 2099.311 Thread 0x000001f3eb435000 nmethod 27351 0x000001f3d7abb710 code [0x000001f3d7abb8c0, 0x000001f3d7abb9b8]
Event: 2099.311 Thread 0x000001f3eb435000 27348       2       org.jetbrains.org.objectweb.asm.ClassWriter::<init> (7 bytes)
Event: 2099.311 Thread 0x000001f3eb435000 nmethod 27348 0x000001f3d7abba90 code [0x000001f3d7abbc40, 0x000001f3d7abbd68]
Event: 2099.315 Thread 0x000001f3eb435000 27352   !   2       java.util.concurrent.ConcurrentHashMap::replaceNode (437 bytes)
Event: 2099.317 Thread 0x000001f3eb435000 nmethod 27352 0x000001f3d7abbe10 code [0x000001f3d7abc0a0, 0x000001f3d7abcef8]
Event: 2099.317 Thread 0x000001f3eb435000 27353       2       org.gradle.internal.snapshot.AbstractIncompleteFileSystemNode$1::<init> (20 bytes)
Event: 2099.317 Thread 0x000001f3eb435000 nmethod 27353 0x000001f3d7abd790 code [0x000001f3d7abd940, 0x000001f3d7abdb58]
Event: 2099.319 Thread 0x000001f3eb435000 27354  s    2       org.gradle.api.internal.artifacts.configurations.DefaultConfiguration::initExcludeRules (68 bytes)
Event: 2099.320 Thread 0x000001f3eb435000 nmethod 27354 0x000001f3d7abdc10 code [0x000001f3d7abde60, 0x000001f3d7abe458]
Event: 2099.321 Thread 0x000001f3eb435000 27356       2       java.util.BitSet::or (105 bytes)
Event: 2099.321 Thread 0x000001f3eb435000 nmethod 27356 0x000001f3d7abe690 code [0x000001f3d7abe880, 0x000001f3d7abeba8]
Event: 2099.324 Thread 0x000001f3eb435000 27357       2       com.google.common.collect.AbstractMapEntry::equals (52 bytes)
Event: 2099.325 Thread 0x000001f3eb435000 nmethod 27357 0x000001f3d7abed90 code [0x000001f3d7abefa0, 0x000001f3d7abf318]

GC Heap History (20 events):
Event: 2093.510 GC heap after
{Heap after GC invocations=118 (full 0):
 garbage-first heap   total 225280K, used 143835K [0x0000000080000000, 0x0000000100000000)
  region size 1024K, 2 young (2048K), 2 survivors (2048K)
 Metaspace       used 141364K, capacity 145723K, committed 146300K, reserved 1175552K
  class space    used 17578K, capacity 19171K, committed 19456K, reserved 1048576K
}
Event: 2093.632 GC heap before
{Heap before GC invocations=118 (full 0):
 garbage-first heap   total 225280K, used 151003K [0x0000000080000000, 0x0000000100000000)
  region size 1024K, 11 young (11264K), 2 survivors (2048K)
 Metaspace       used 141366K, capacity 145723K, committed 146300K, reserved 1175552K
  class space    used 17578K, capacity 19171K, committed 19456K, reserved 1048576K
}
Event: 2093.645 GC heap after
{Heap after GC invocations=119 (full 0):
 garbage-first heap   total 225280K, used 151371K [0x0000000080000000, 0x0000000100000000)
  region size 1024K, 4 young (4096K), 4 survivors (4096K)
 Metaspace       used 141366K, capacity 145723K, committed 146300K, reserved 1175552K
  class space    used 17578K, capacity 19171K, committed 19456K, reserved 1048576K
}
Event: 2093.918 GC heap before
{Heap before GC invocations=119 (full 0):
 garbage-first heap   total 225280K, used 188235K [0x0000000080000000, 0x0000000100000000)
  region size 1024K, 24 young (24576K), 4 survivors (4096K)
 Metaspace       used 141460K, capacity 145854K, committed 146300K, reserved 1175552K
  class space    used 17568K, capacity 19147K, committed 19456K, reserved 1048576K
}
Event: 2093.928 GC heap after
{Heap after GC invocations=120 (full 0):
 garbage-first heap   total 225280K, used 152322K [0x0000000080000000, 0x0000000100000000)
  region size 1024K, 2 young (2048K), 2 survivors (2048K)
 Metaspace       used 141460K, capacity 145854K, committed 146300K, reserved 1175552K
  class space    used 17568K, capacity 19147K, committed 19456K, reserved 1048576K
}
Event: 2094.016 GC heap before
{Heap before GC invocations=121 (full 0):
 garbage-first heap   total 225280K, used 173826K [0x0000000080000000, 0x0000000100000000)
  region size 1024K, 23 young (23552K), 2 survivors (2048K)
 Metaspace       used 141469K, capacity 145854K, committed 146300K, reserved 1175552K
  class space    used 17568K, capacity 19147K, committed 19456K, reserved 1048576K
}
Event: 2094.024 GC heap after
{Heap after GC invocations=122 (full 0):
 garbage-first heap   total 225280K, used 156215K [0x0000000080000000, 0x0000000100000000)
  region size 1024K, 3 young (3072K), 3 survivors (3072K)
 Metaspace       used 141469K, capacity 145854K, committed 146300K, reserved 1175552K
  class space    used 17568K, capacity 19147K, committed 19456K, reserved 1048576K
}
Event: 2094.069 GC heap before
{Heap before GC invocations=122 (full 0):
 garbage-first heap   total 225280K, used 163383K [0x0000000080000000, 0x0000000100000000)
  region size 1024K, 11 young (11264K), 3 survivors (3072K)
 Metaspace       used 141526K, capacity 145930K, committed 146556K, reserved 1177600K
  class space    used 17569K, capacity 19149K, committed 19456K, reserved 1048576K
}
Event: 2094.086 GC heap after
{Heap after GC invocations=123 (full 0):
 garbage-first heap   total 225280K, used 153124K [0x0000000080000000, 0x0000000100000000)
  region size 1024K, 2 young (2048K), 2 survivors (2048K)
 Metaspace       used 141526K, capacity 145930K, committed 146556K, reserved 1177600K
  class space    used 17569K, capacity 19149K, committed 19456K, reserved 1048576K
}
Event: 2095.068 GC heap before
{Heap before GC invocations=123 (full 0):
 garbage-first heap   total 225280K, used 175652K [0x0000000080000000, 0x0000000100000000)
  region size 1024K, 25 young (25600K), 2 survivors (2048K)
 Metaspace       used 141537K, capacity 145932K, committed 146556K, reserved 1177600K
  class space    used 17569K, capacity 19149K, committed 19456K, reserved 1048576K
}
Event: 2095.076 GC heap after
{Heap after GC invocations=124 (full 0):
 garbage-first heap   total 225280K, used 156068K [0x0000000080000000, 0x0000000100000000)
  region size 1024K, 4 young (4096K), 4 survivors (4096K)
 Metaspace       used 141537K, capacity 145932K, committed 146556K, reserved 1177600K
  class space    used 17569K, capacity 19149K, committed 19456K, reserved 1048576K
}
Event: 2095.153 GC heap before
{Heap before GC invocations=124 (full 0):
 garbage-first heap   total 225280K, used 178596K [0x0000000080000000, 0x0000000100000000)
  region size 1024K, 27 young (27648K), 4 survivors (4096K)
 Metaspace       used 141548K, capacity 145932K, committed 146556K, reserved 1177600K
  class space    used 17569K, capacity 19149K, committed 19456K, reserved 1048576K
}
Event: 2095.159 GC heap after
{Heap after GC invocations=125 (full 0):
 garbage-first heap   total 225280K, used 158387K [0x0000000080000000, 0x0000000100000000)
  region size 1024K, 4 young (4096K), 4 survivors (4096K)
 Metaspace       used 141548K, capacity 145932K, committed 146556K, reserved 1177600K
  class space    used 17569K, capacity 19149K, committed 19456K, reserved 1048576K
}
Event: 2095.320 GC heap before
{Heap before GC invocations=125 (full 0):
 garbage-first heap   total 225280K, used 169651K [0x0000000080000000, 0x0000000100000000)
  region size 1024K, 27 young (27648K), 4 survivors (4096K)
 Metaspace       used 141524K, capacity 145890K, committed 146556K, reserved 1177600K
  class space    used 17562K, capacity 19135K, committed 19456K, reserved 1048576K
}
Event: 2095.324 GC heap after
{Heap after GC invocations=126 (full 0):
 garbage-first heap   total 225280K, used 144388K [0x0000000080000000, 0x0000000100000000)
  region size 1024K, 1 young (1024K), 1 survivors (1024K)
 Metaspace       used 141524K, capacity 145890K, committed 146556K, reserved 1177600K
  class space    used 17562K, capacity 19135K, committed 19456K, reserved 1048576K
}
Event: 2099.070 GC heap before
{Heap before GC invocations=127 (full 0):
 garbage-first heap   total 225280K, used 176132K [0x0000000080000000, 0x0000000100000000)
  region size 1024K, 33 young (33792K), 1 survivors (1024K)
 Metaspace       used 141584K, capacity 145958K, committed 146556K, reserved 1177600K
  class space    used 17567K, capacity 19136K, committed 19456K, reserved 1048576K
}
Event: 2099.074 GC heap after
{Heap after GC invocations=128 (full 0):
 garbage-first heap   total 225280K, used 144408K [0x0000000080000000, 0x0000000100000000)
  region size 1024K, 1 young (1024K), 1 survivors (1024K)
 Metaspace       used 141584K, capacity 145958K, committed 146556K, reserved 1177600K
  class space    used 17567K, capacity 19136K, committed 19456K, reserved 1048576K
}
Event: 2099.127 GC heap before
{Heap before GC invocations=128 (full 0):
 garbage-first heap   total 225280K, used 153624K [0x0000000080000000, 0x0000000100000000)
  region size 1024K, 11 young (11264K), 1 survivors (1024K)
 Metaspace       used 141584K, capacity 145958K, committed 146556K, reserved 1177600K
  class space    used 17567K, capacity 19136K, committed 19456K, reserved 1048576K
}
Event: 2099.138 GC heap after
{Heap after GC invocations=129 (full 0):
 garbage-first heap   total 225280K, used 134375K [0x0000000080000000, 0x0000000100000000)
  region size 1024K, 2 young (2048K), 2 survivors (2048K)
 Metaspace       used 141584K, capacity 145958K, committed 146556K, reserved 1177600K
  class space    used 17567K, capacity 19136K, committed 19456K, reserved 1048576K
}
Event: 2099.344 GC heap before
{Heap before GC invocations=129 (full 0):
 garbage-first heap   total 225280K, used 173287K [0x0000000080000000, 0x0000000100000000)
  region size 1024K, 41 young (41984K), 2 survivors (2048K)
 Metaspace       used 142120K, capacity 146528K, committed 147196K, reserved 1177600K
  class space    used 17602K, capacity 19176K, committed 19584K, reserved 1048576K
}

Deoptimization events (20 events):
Event: 2099.145 Thread 0x000001f3f2dea800 DEOPT PACKING pc=0x000001f3dcdc4590 sp=0x000000569b2fb330
Event: 2099.145 Thread 0x000001f3f2dea800 DEOPT UNPACKING pc=0x000001f3d42683af sp=0x000000569b2fb2e8 mode 2
Event: 2099.260 Thread 0x000001f3f2dea800 DEOPT PACKING pc=0x000001f3d7a73eff sp=0x000000569b2fbb20
Event: 2099.260 Thread 0x000001f3f2dea800 DEOPT UNPACKING pc=0x000001f3d4287c0e sp=0x000000569b2fafd0 mode 0
Event: 2099.291 Thread 0x000001f3f2dea800 DEOPT PACKING pc=0x000001f3d7a74a71 sp=0x000000569b2fb910
Event: 2099.292 Thread 0x000001f3f2dea800 DEOPT UNPACKING pc=0x000001f3d4287c0e sp=0x000000569b2fade0 mode 0
Event: 2099.298 Thread 0x000001f3f2dea800 DEOPT PACKING pc=0x000001f3d7a8264d sp=0x000000569b2fba60
Event: 2099.298 Thread 0x000001f3f2dea800 DEOPT UNPACKING pc=0x000001f3d4287c0e sp=0x000000569b2fb038 mode 0
Event: 2099.309 Thread 0x000001f3f2dea800 Uncommon trap: trap_request=0xffffff4d fr.pc=0x000001f3dc84dee8 relative=0x0000000000002408
Event: 2099.309 Thread 0x000001f3f2dea800 Uncommon trap: reason=unstable_if action=reinterpret pc=0x000001f3dc84dee8 method=java.lang.ref.SoftReference.get()Ljava/lang/Object; @ 6 c2
Event: 2099.309 Thread 0x000001f3f2dea800 DEOPT PACKING pc=0x000001f3dc84dee8 sp=0x000000569b2fbb90
Event: 2099.309 Thread 0x000001f3f2dea800 DEOPT UNPACKING pc=0x000001f3d42683af sp=0x000000569b2fbaf8 mode 2
Event: 2099.309 Thread 0x000001f3f2dea800 Uncommon trap: trap_request=0xffffff4d fr.pc=0x000001f3dc369fe4 relative=0x0000000000000824
Event: 2099.309 Thread 0x000001f3f2dea800 Uncommon trap: reason=unstable_if action=reinterpret pc=0x000001f3dc369fe4 method=java.util.concurrent.ConcurrentHashMap.replaceNode(Ljava/lang/Object;Ljava/lang/Object;Ljava/lang/Object;)Ljava/lang/Object; @ 136 c2
Event: 2099.309 Thread 0x000001f3f2dea800 DEOPT PACKING pc=0x000001f3dc369fe4 sp=0x000000569b2fba60
Event: 2099.309 Thread 0x000001f3f2dea800 DEOPT UNPACKING pc=0x000001f3d42683af sp=0x000000569b2fb9e8 mode 2
Event: 2099.317 Thread 0x000001f3f0b9a800 Uncommon trap: trap_request=0xffffff4d fr.pc=0x000001f3dc75bdb4 relative=0x00000000000000f4
Event: 2099.317 Thread 0x000001f3f0b9a800 Uncommon trap: reason=unstable_if action=reinterpret pc=0x000001f3dc75bdb4 method=com.google.common.collect.AbstractMapEntry.equals(Ljava/lang/Object;)Z @ 25 c2
Event: 2099.317 Thread 0x000001f3f0b9a800 DEOPT PACKING pc=0x000001f3dc75bdb4 sp=0x0000005697ef8ea0
Event: 2099.317 Thread 0x000001f3f0b9a800 DEOPT UNPACKING pc=0x000001f3d42683af sp=0x0000005697ef8e28 mode 2

Classes redefined (0 events):
No events

Internal exceptions (20 events):
Event: 2093.201 Thread 0x000001f3f0639000 Exception <a 'java/lang/NoSuchMethodError'{0x000000008bc46c30}: <clinit>> (0x000000008bc46c30) thrown at [./src/hotspot/share/prims/jni.cpp, line 1362]
Event: 2093.201 Thread 0x000001f3f0639000 Exception <a 'java/lang/NoSuchMethodError'{0x000000008bc4bc08}: <clinit>> (0x000000008bc4bc08) thrown at [./src/hotspot/share/prims/jni.cpp, line 1362]
Event: 2093.201 Thread 0x000001f3f0639000 Exception <a 'java/lang/NoSuchMethodError'{0x000000008bc4e878}: <clinit>> (0x000000008bc4e878) thrown at [./src/hotspot/share/prims/jni.cpp, line 1362]
Event: 2093.202 Thread 0x000001f3f0639000 Exception <a 'java/lang/NoSuchMethodError'{0x000000008bc66b98}: <clinit>> (0x000000008bc66b98) thrown at [./src/hotspot/share/prims/jni.cpp, line 1362]
Event: 2093.202 Thread 0x000001f3f0639000 Exception <a 'java/lang/NoSuchMethodError'{0x000000008bc7deb8}: <clinit>> (0x000000008bc7deb8) thrown at [./src/hotspot/share/prims/jni.cpp, line 1362]
Event: 2093.203 Thread 0x000001f3f0639000 Exception <a 'java/lang/NoSuchMethodError'{0x000000008bc9f980}: <clinit>> (0x000000008bc9f980) thrown at [./src/hotspot/share/prims/jni.cpp, line 1362]
Event: 2093.204 Thread 0x000001f3f0639000 Exception <a 'java/lang/NoSuchMethodError'{0x000000008bcb2400}: <clinit>> (0x000000008bcb2400) thrown at [./src/hotspot/share/prims/jni.cpp, line 1362]
Event: 2093.279 Thread 0x000001f3f1171000 Exception <a 'java/lang/ClassNotFoundException'{0x000000008b7b27f8}: sun/awt/resources/spi/awtProvider> (0x000000008b7b27f8) thrown at [./src/hotspot/share/classfile/systemDictionary.cpp, line 231]
Event: 2093.285 Thread 0x000001f3f1171000 Exception <a 'java/io/FileNotFoundException'{0x000000008b649220}> (0x000000008b649220) thrown at [./src/hotspot/share/prims/jni.cpp, line 615]
Event: 2093.286 Thread 0x000001f3f1171000 Exception <a 'java/io/FileNotFoundException'{0x000000008b64d158}> (0x000000008b64d158) thrown at [./src/hotspot/share/prims/jni.cpp, line 615]
Event: 2093.349 Thread 0x000001f3f116f800 Implicit null exception at 0x000001f3dc6ca424 to 0x000001f3dc6ca4d4
Event: 2093.492 Thread 0x000001f3f0639000 Implicit null exception at 0x000001f3dc4a469c to 0x000001f3dc4a8608
Event: 2093.676 Thread 0x000001f3f0639000 Implicit null exception at 0x000001f3dc4134c4 to 0x000001f3dc415730
Event: 2093.766 Thread 0x000001f3f1172800 Exception <a 'sun/nio/fs/WindowsException'{0x000000008d43f0f0}> (0x000000008d43f0f0) thrown at [./src/hotspot/share/prims/jni.cpp, line 615]
Event: 2095.121 Thread 0x000001f3f1174800 Exception <a 'sun/nio/fs/WindowsException'{0x000000008cd5d508}> (0x000000008cd5d508) thrown at [./src/hotspot/share/prims/jni.cpp, line 615]
Event: 2095.121 Thread 0x000001f3f1174800 Exception <a 'sun/nio/fs/WindowsException'{0x000000008cd5d5f0}> (0x000000008cd5d5f0) thrown at [./src/hotspot/share/prims/jni.cpp, line 615]
Event: 2095.325 Thread 0x000001f3f0b9a800 Implicit null exception at 0x000001f3dc0fe9c0 to 0x000001f3dc1012c8
Event: 2095.556 Thread 0x000001f3ed970800 Exception <a 'java/lang/InterruptedException'{0x000000008bf656a0}> (0x000000008bf656a0) thrown at [./src/hotspot/share/runtime/objectMonitor.cpp, line 1635]
Event: 2099.309 Thread 0x000001f3f2dea800 Implicit null exception at 0x000001f3dc84be41 to 0x000001f3dc84dec8
Event: 2099.310 Thread 0x000001f3f2dea800 Exception <a 'java/lang/NoSuchMethodError'{0x000000008b694030}: <clinit>> (0x000000008b694030) thrown at [./src/hotspot/share/prims/jni.cpp, line 1362]

Events (20 events):
Event: 2099.196 loading class org/jetbrains/kotlin/gradle/internal/kapt/incremental/ClassTypeExtractorVisitorKt done
Event: 2099.197 loading class org/jetbrains/kotlin/gradle/internal/kapt/incremental/FieldTypeExtractorVisitor
Event: 2099.197 loading class org/jetbrains/kotlin/gradle/internal/kapt/incremental/FieldTypeExtractorVisitor done
Event: 2099.199 loading class org/jetbrains/kotlin/gradle/internal/kapt/incremental/MethodTypeExtractorVisitor
Event: 2099.199 loading class org/jetbrains/kotlin/gradle/internal/kapt/incremental/MethodTypeExtractorVisitor done
Event: 2099.223 loading class org/jetbrains/org/objectweb/asm/MethodTooLargeException
Event: 2099.223 loading class org/jetbrains/org/objectweb/asm/MethodTooLargeException done
Event: 2099.225 loading class org/jetbrains/org/objectweb/asm/Frame
Event: 2099.225 loading class org/jetbrains/org/objectweb/asm/Frame done
Event: 2099.226 loading class org/jetbrains/org/objectweb/asm/CurrentFrame
Event: 2099.226 loading class org/jetbrains/org/objectweb/asm/CurrentFrame done
Event: 2099.308 loading class org/gradle/api/internal/artifacts/transform/TransformOutputsInternal$OutputLocationType
Event: 2099.308 loading class org/gradle/api/internal/artifacts/transform/TransformOutputsInternal$OutputLocationType done
Event: 2099.312 loading class org/gradle/api/internal/artifacts/transform/TransformationResult$Builder
Event: 2099.312 loading class org/gradle/api/internal/artifacts/transform/TransformationResult$Builder done
Event: 2099.312 loading class org/gradle/api/internal/artifacts/transform/TransformationResultSerializer
Event: 2099.312 loading class org/gradle/api/internal/artifacts/transform/TransformationResultSerializer done
Event: 2099.314 loading class org/gradle/api/internal/artifacts/transform/DefaultTransformerInvocationFactory$AbstractTransformerExecution$2
Event: 2099.314 loading class org/gradle/api/internal/artifacts/transform/DefaultTransformerInvocationFactory$AbstractTransformerExecution$2 done
Event: 2099.344 Executing VM operation: G1CollectForAllocation


Dynamic libraries:
0x00007ff797930000 - 0x00007ff79793a000 	D:\Program Files\Android\jre\bin\java.exe
0x00007ffa79f40000 - 0x00007ffa7a130000 	C:\Windows\SYSTEM32\ntdll.dll
0x00007ffa793e0000 - 0x00007ffa79492000 	C:\Windows\System32\KERNEL32.DLL
0x00007ffa77d50000 - 0x00007ffa77ff3000 	C:\Windows\System32\KERNELBASE.dll
0x00007ffa77b20000 - 0x00007ffa77c1a000 	C:\Windows\System32\ucrtbase.dll
0x00007ffa6fe60000 - 0x00007ffa6fe77000 	D:\Program Files\Android\jre\bin\VCRUNTIME140.dll
0x00007ffa6fe20000 - 0x00007ffa6fe39000 	D:\Program Files\Android\jre\bin\jli.dll
0x00007ffa79090000 - 0x00007ffa79224000 	C:\Windows\System32\USER32.dll
0x00007ffa76f10000 - 0x00007ffa76f31000 	C:\Windows\System32\win32u.dll
0x00007ffa63cc0000 - 0x00007ffa63f45000 	C:\Windows\WinSxS\amd64_microsoft.windows.common-controls_6595b64144ccf1df_6.0.18362.535_none_e6c3b34713100821\COMCTL32.dll
0x00007ffa78890000 - 0x00007ffa788b6000 	C:\Windows\System32\GDI32.dll
0x00007ffa784a0000 - 0x00007ffa7853e000 	C:\Windows\System32\msvcrt.dll
0x00007ffa77130000 - 0x00007ffa772c4000 	C:\Windows\System32\gdi32full.dll
0x00007ffa78030000 - 0x00007ffa78366000 	C:\Windows\System32\combase.dll
0x00007ffa77090000 - 0x00007ffa7712e000 	C:\Windows\System32\msvcp_win.dll
0x00007ffa79710000 - 0x00007ffa79830000 	C:\Windows\System32\RPCRT4.dll
0x00007ffa77c20000 - 0x00007ffa77ca0000 	C:\Windows\System32\bcryptPrimitives.dll
0x00007ffa78540000 - 0x00007ffa7856e000 	C:\Windows\System32\IMM32.DLL
0x00007ffa4a770000 - 0x00007ffa4a80d000 	D:\Program Files\Android\jre\bin\msvcp140.dll
0x00007ffa35290000 - 0x00007ffa35d65000 	D:\Program Files\Android\jre\bin\server\jvm.dll
0x00007ffa79640000 - 0x00007ffa796e3000 	C:\Windows\System32\ADVAPI32.dll
0x00007ffa783f0000 - 0x00007ffa78487000 	C:\Windows\System32\sechost.dll
0x00007ffa798e0000 - 0x00007ffa798e8000 	C:\Windows\System32\PSAPI.DLL
0x00007ffa71a30000 - 0x00007ffa71a39000 	C:\Windows\SYSTEM32\WSOCK32.dll
0x00007ffa74a20000 - 0x00007ffa74a44000 	C:\Windows\SYSTEM32\WINMM.dll
0x00007ffa70840000 - 0x00007ffa7084a000 	C:\Windows\SYSTEM32\VERSION.dll
0x00007ffa745a0000 - 0x00007ffa745cd000 	C:\Windows\SYSTEM32\WINMMBASE.dll
0x00007ffa77d00000 - 0x00007ffa77d4a000 	C:\Windows\System32\cfgmgr32.dll
0x00007ffa788c0000 - 0x00007ffa7892f000 	C:\Windows\System32\WS2_32.dll
0x00007ffa76e60000 - 0x00007ffa76e71000 	C:\Windows\System32\kernel.appcore.dll
0x00007ffa6fe40000 - 0x00007ffa6fe51000 	D:\Program Files\Android\jre\bin\verify.dll
0x00007ffa75770000 - 0x00007ffa75964000 	C:\Windows\SYSTEM32\DBGHELP.DLL
0x00007ffa60c70000 - 0x00007ffa60c9a000 	C:\Windows\SYSTEM32\dbgcore.DLL
0x00007ffa65570000 - 0x00007ffa65599000 	D:\Program Files\Android\jre\bin\java.dll
0x00007ffa71a20000 - 0x00007ffa71a2b000 	D:\Program Files\Android\jre\bin\jimage.dll
0x00007ffa6ec70000 - 0x00007ffa6ec88000 	D:\Program Files\Android\jre\bin\zip.dll
0x00007ffa78930000 - 0x00007ffa79015000 	C:\Windows\System32\SHELL32.dll
0x00007ffa78780000 - 0x00007ffa78829000 	C:\Windows\System32\shcore.dll
0x00007ffa772f0000 - 0x00007ffa77a6f000 	C:\Windows\System32\windows.storage.dll
0x00007ffa76ed0000 - 0x00007ffa76eef000 	C:\Windows\System32\profapi.dll
0x00007ffa76e80000 - 0x00007ffa76eca000 	C:\Windows\System32\powrprof.dll
0x00007ffa76e50000 - 0x00007ffa76e60000 	C:\Windows\System32\UMPDC.dll
0x00007ffa794a0000 - 0x00007ffa794f2000 	C:\Windows\System32\shlwapi.dll
0x00007ffa772d0000 - 0x00007ffa772e7000 	C:\Windows\System32\cryptsp.dll
0x00007ffa6e560000 - 0x00007ffa6e57a000 	D:\Program Files\Android\jre\bin\net.dll
0x00007ffa67470000 - 0x00007ffa67560000 	C:\Windows\SYSTEM32\WINHTTP.dll
0x00007ffa766c0000 - 0x00007ffa76727000 	C:\Windows\system32\mswsock.dll
0x00007ffa66fe0000 - 0x00007ffa66ff4000 	D:\Program Files\Android\jre\bin\nio.dll
0x00007ffa540d0000 - 0x00007ffa540f7000 	D:\ProgramsfilesD\Android\Sdk\native\e1d6ef7f7dcc3fd88c89a11ec53ec762bb8ba0a96d01ffa2cd45eb1d1d8dd5c5\windows-amd64\native-platform.dll
0x00007ffa494d0000 - 0x00007ffa49614000 	D:\ProgramsfilesD\Android\Sdk\native\5664cfc778a61ccfe75a443a1ab52a65af34e5dc3c78e0209fed803814484fcb\windows-amd64\native-platform-file-events.dll
0x00007ffa6c250000 - 0x00007ffa6c25a000 	D:\Program Files\Android\jre\bin\management.dll
0x00007ffa66f90000 - 0x00007ffa66f9d000 	D:\Program Files\Android\jre\bin\management_ext.dll
0x00007ffa76230000 - 0x00007ffa76263000 	C:\Windows\system32\rsaenh.dll
0x00007ffa78000000 - 0x00007ffa78026000 	C:\Windows\System32\bcrypt.dll
0x00007ffa76d40000 - 0x00007ffa76d65000 	C:\Windows\SYSTEM32\USERENV.dll
0x00007ffa76890000 - 0x00007ffa7689c000 	C:\Windows\SYSTEM32\CRYPTBASE.dll
0x00007ffa763d0000 - 0x00007ffa7640a000 	C:\Windows\SYSTEM32\IPHLPAPI.DLL
0x00007ffa78490000 - 0x00007ffa78498000 	C:\Windows\System32\NSI.dll
0x00007ffa6e9d0000 - 0x00007ffa6e9e6000 	C:\Windows\SYSTEM32\dhcpcsvc6.DLL
0x00007ffa701d0000 - 0x00007ffa701ec000 	C:\Windows\SYSTEM32\dhcpcsvc.DLL
0x00007ffa76410000 - 0x00007ffa764da000 	C:\Windows\SYSTEM32\DNSAPI.dll
0x00007ffa534f0000 - 0x00007ffa5350e000 	C:\Temp\native-platform6059289856840961993dir\native-platform.dll
0x00007ffa6eca0000 - 0x00007ffa6eca8000 	D:\Program Files\Android\jre\bin\rmi.dll
0x00007ffa75eb0000 - 0x00007ffa75ee1000 	C:\Windows\SYSTEM32\ntmarta.dll
0x00007ffa65310000 - 0x00007ffa654b5000 	D:\Program Files\Android\jre\bin\awt.dll
0x00007ffa78570000 - 0x00007ffa78634000 	C:\Windows\System32\OLEAUT32.dll
0x00007ffa75250000 - 0x00007ffa7527d000 	C:\Windows\SYSTEM32\dwmapi.dll
0x00007ffa74c90000 - 0x00007ffa74d1f000 	C:\Windows\SYSTEM32\apphelp.dll
0x00007ffa74e30000 - 0x00007ffa74ec9000 	C:\Windows\system32\uxtheme.dll

dbghelp: loaded successfully - version: 4.0.5 - missing functions: none
symbol engine: initialized successfully - sym options: 0x614 - pdb path: .;D:\Program Files\Android\jre\bin;C:\Windows\SYSTEM32;C:\Windows\WinSxS\amd64_microsoft.windows.common-controls_6595b64144ccf1df_6.0.18362.535_none_e6c3b34713100821;D:\Program Files\Android\jre\bin\server;D:\ProgramsfilesD\Android\Sdk\native\e1d6ef7f7dcc3fd88c89a11ec53ec762bb8ba0a96d01ffa2cd45eb1d1d8dd5c5\windows-amd64;D:\ProgramsfilesD\Android\Sdk\native\5664cfc778a61ccfe75a443a1ab52a65af34e5dc3c78e0209fed803814484fcb\windows-amd64;C:\Temp\native-platform6059289856840961993dir

VM Arguments:
jvm_args: --add-opens=java.base/java.util=ALL-UNNAMED --add-opens=java.base/java.lang=ALL-UNNAMED --add-opens=java.base/java.lang.invoke=ALL-UNNAMED --add-opens=java.base/java.util=ALL-UNNAMED --add-opens=java.prefs/java.util.prefs=ALL-UNNAMED --add-opens=java.prefs/java.util.prefs=ALL-UNNAMED --add-opens=java.base/java.nio.charset=ALL-UNNAMED --add-opens=java.base/java.net=ALL-UNNAMED --add-opens=java.base/java.util.concurrent.atomic=ALL-UNNAMED -Xmx2048m -Dfile.encoding=UTF-8 -Duser.country=RU -Duser.language=ru -Duser.variant 
java_command: org.gradle.launcher.daemon.bootstrap.GradleDaemon 7.2
java_class_path (initial): D:\ProgramsfilesD\Android\Sdk\wrapper\dists\gradle-7.2-bin\2dnblmf4td7x66yl1d74lt32g\gradle-7.2\lib\gradle-launcher-7.2.jar
Launcher Type: SUN_STANDARD

[Global flags]
     intx CICompilerCount                          = 4                                         {product} {ergonomic}
     uint ConcGCThreads                            = 2                                         {product} {ergonomic}
     uint G1ConcRefinementThreads                  = 8                                         {product} {ergonomic}
   size_t G1HeapRegionSize                         = 1048576                                   {product} {ergonomic}
    uintx GCDrainStackTargetSize                   = 64                                        {product} {ergonomic}
   size_t InitialHeapSize                          = 132120576                                 {product} {ergonomic}
   size_t MarkStackSize                            = 4194304                                   {product} {ergonomic}
   size_t MaxHeapSize                              = 2147483648                                {product} {command line}
   size_t MaxNewSize                               = 1287651328                                {product} {ergonomic}
   size_t MinHeapDeltaBytes                        = 1048576                                   {product} {ergonomic}
    uintx NonNMethodCodeHeapSize                   = 5836300                                {pd product} {ergonomic}
    uintx NonProfiledCodeHeapSize                  = 122910970                              {pd product} {ergonomic}
    uintx ProfiledCodeHeapSize                     = 122910970                              {pd product} {ergonomic}
    uintx ReservedCodeCacheSize                    = 251658240                              {pd product} {ergonomic}
     bool SegmentedCodeCache                       = true                                      {product} {ergonomic}
     bool UseCompressedClassPointers               = true                                 {lp64_product} {ergonomic}
     bool UseCompressedOops                        = true                                 {lp64_product} {ergonomic}
     bool UseG1GC                                  = true                                      {product} {ergonomic}
     bool UseLargePagesIndividualAllocation        = false                                  {pd product} {ergonomic}

Logging:
Log output configuration:
 #0: stdout all=warning uptime,level,tags
 #1: stderr all=off uptime,level,tags

Environment Variables:
JAVA_HOME=D:\Program Files\Java
PATH=C:\PROGRA~2\Borland\CBUILD~1\Bin;C:\PROGRA~2\Borland\CBUILD~1\Projects\Bpl;C:\Program Files\Common Files\Oracle\Java\javapath;C:\Windows\system32;C:\Windows;C:\Windows\System32\Wbem;C:\Windows\System32\WindowsPowerShell\v1.0\;C:\Program Files (x86)\NVIDIA Corporation\PhysX\Common;C:\Program Files\NVIDIA Corporation\NVIDIA NvDLISR;C:\Program Files\Microsoft\Web Platform Installer\;C:\Program Files (x86)\Microsoft ASP.NET\ASP.NET Web Pages\v1.0\;C:\Program Files\Microsoft SQL Server\110\Tools\Binn\;C:\Program Files\Git\cmd;C:\Users\asus\AppData\Local\Programs\Python\Python310\Scripts\;C:\Users\asus\AppData\Local\Programs\Python\Python310\;C:\Users\asus\AppData\Local\Microsoft\WindowsApps;;D:\Program Files\JetBrains\IntelliJ IDEA Community Edition 2020.3\bin;
USERNAME=asus
OS=Windows_NT
PROCESSOR_IDENTIFIER=Intel64 Family 6 Model 126 Stepping 5, GenuineIntel



---------------  S Y S T E M  ---------------

OS: Windows 10 , 64 bit Build 18362 (10.0.18362.329)
OS uptime: 0 days 1:39 hours

CPU:total 8 (initial active 8) (4 cores per cpu, 2 threads per core) family 6 model 126 stepping 5 microcode 0x96, cmov, cx8, fxsr, mmx, sse, sse2, sse3, ssse3, sse4.1, sse4.2, popcnt, avx, avx2, aes, clmul, erms, 3dnowpref, lzcnt, ht, tsc, tscinvbit, bmi1, bmi2, adx, evex, sha, fma

Memory: 4k page, system-wide physical 7997M (541M free)
TotalPageFile size 7997M (AvailPageFile size 73M)
current process WorkingSet (physical memory assigned to process): 639M, peak: 641M
current process commit charge ("private bytes"): 672M, peak: 748M

vm_info: OpenJDK 64-Bit Server VM (11.0.11+9-b60-7590822) for windows-amd64 JRE (11.0.11+9-b60-7590822), built on Jul 29 2021 21:43:44 by "builder" with MS VC++ 14.0 (VS2015)

END.
