#
# There is insufficient memory for the Java Runtime Environment to continue.
# Native memory allocation (malloc) failed to allocate 2135536 bytes for Chunk::new
# Possible reasons:
#   The system is out of physical RAM or swap space
#   The process is running with CompressedOops enabled, and the Java Heap may be blocking the growth of the native heap
# Possible solutions:
#   Reduce memory load on the system
#   Increase physical memory or swap space
#   Check if swap backing store is full
#   Decrease Java heap size (-Xmx/-Xms)
#   Decrease number of Java threads
#   Decrease Java thread stack sizes (-Xss)
#   Set larger code cache with -XX:ReservedCodeCacheSize=
#   JVM is running with Unscaled Compressed Oops mode in which the Java heap is
#     placed in the first 4GB address space. The Java Heap base address is the
#     maximum limit for the native heap growth. Please use -XX:HeapBaseMinAddress
#     to set the Java Heap base and to place the Java Heap above 4GB virtual address.
# This output file may be truncated or incomplete.
#
#  Out of Memory Error (./src/hotspot/share/memory/arena.cpp:197), pid=10636, tid=6088
#
# JRE version: OpenJDK Runtime Environment (11.0.11+9) (build 11.0.11+9-b60-7590822)
# Java VM: OpenJDK 64-Bit Server VM (11.0.11+9-b60-7590822, mixed mode, tiered, compressed oops, g1 gc, windows-amd64)
# No core dump will be written. Minidumps are not enabled by default on client versions of Windows
#

---------------  S U M M A R Y ------------

Command Line: --add-opens=java.base/java.util=ALL-UNNAMED --add-opens=java.base/java.lang=ALL-UNNAMED --add-opens=java.base/java.lang.invoke=ALL-UNNAMED --add-opens=java.base/java.util=ALL-UNNAMED --add-opens=java.prefs/java.util.prefs=ALL-UNNAMED --add-opens=java.prefs/java.util.prefs=ALL-UNNAMED --add-opens=java.base/java.nio.charset=ALL-UNNAMED --add-opens=java.base/java.net=ALL-UNNAMED --add-opens=java.base/java.util.concurrent.atomic=ALL-UNNAMED -Xmx2048m -Dfile.encoding=UTF-8 -Duser.country=RU -Duser.language=ru -Duser.variant org.gradle.launcher.daemon.bootstrap.GradleDaemon 7.2

Host: Intel(R) Core(TM) i7-1065G7 CPU @ 1.30GHz, 8 cores, 7G,  Windows 10 , 64 bit Build 18362 (10.0.18362.329)
Time: Tue May 31 15:22:12 2022 Caiaaiay Acey (ceia) elapsed time: 3.950995 seconds (0d 0h 0m 3s)

---------------  T H R E A D  ---------------

Current thread (0x0000025ddb658800):  JavaThread "C2 CompilerThread1" daemon [_thread_in_native, id=6088, stack(0x0000006fa9500000,0x0000006fa9600000)]


Current CompileTask:
C2:   3951 2742       4       jdk.internal.loader.URLClassPath::getResource (74 bytes)

Stack: [0x0000006fa9500000,0x0000006fa9600000]
Native frames: (J=compiled Java code, j=interpreted, Vv=VM code, C=native code)
V  [jvm.dll+0x5f214a]
V  [jvm.dll+0x726fb5]
V  [jvm.dll+0x7285cd]
V  [jvm.dll+0x728c83]
V  [jvm.dll+0x243278]
V  [jvm.dll+0xbc53c]
V  [jvm.dll+0xbca3c]
V  [jvm.dll+0x353e7d]
V  [jvm.dll+0x321893]
V  [jvm.dll+0x320d8a]
V  [jvm.dll+0x1fc1e2]
V  [jvm.dll+0x1fb3d4]
V  [jvm.dll+0x183d6c]
V  [jvm.dll+0x209a57]
V  [jvm.dll+0x2082a1]
V  [jvm.dll+0x6ef58f]
V  [jvm.dll+0x6e80b5]
V  [jvm.dll+0x5f1036]
C  [ucrtbase.dll+0x20e72]
C  [KERNEL32.DLL+0x17bd4]
C  [ntdll.dll+0x6ced1]


---------------  P R O C E S S  ---------------

Threads class SMR info:
_java_thread_list=0x0000025ddebbfca0, length=32, elements={
0x0000025dbe2eb800, 0x0000025dd8788800, 0x0000025dd878e800, 0x0000025dd8783000,
0x0000025dd8fa6800, 0x0000025dd8fa7000, 0x0000025dd8fa9000, 0x0000025dd8ff9800,
0x0000025dd8ffd000, 0x0000025dd9155800, 0x0000025dda52b800, 0x0000025ddb90e000,
0x0000025ddbe1a800, 0x0000025ddbdaa000, 0x0000025dda226000, 0x0000025ddc141800,
0x0000025ddc142800, 0x0000025ddbe38000, 0x0000025ddbe38800, 0x0000025ddb66c800,
0x0000025ddb671800, 0x0000025ddb66f000, 0x0000025ddb672000, 0x0000025ddb658800,
0x0000025ddb673000, 0x0000025ddb66f800, 0x0000025ddb66d800, 0x0000025ddb66e000,
0x0000025ddb670800, 0x0000025dd9860000, 0x0000025ddc714000, 0x0000025ddc713000
}

Java Threads: ( => current thread )
  0x0000025dbe2eb800 JavaThread "main" [_thread_blocked, id=3452, stack(0x0000006fa6f00000,0x0000006fa7000000)]
  0x0000025dd8788800 JavaThread "Reference Handler" daemon [_thread_blocked, id=5536, stack(0x0000006fa7600000,0x0000006fa7700000)]
  0x0000025dd878e800 JavaThread "Finalizer" daemon [_thread_blocked, id=7180, stack(0x0000006fa7700000,0x0000006fa7800000)]
  0x0000025dd8783000 JavaThread "Signal Dispatcher" daemon [_thread_blocked, id=3776, stack(0x0000006fa7800000,0x0000006fa7900000)]
  0x0000025dd8fa6800 JavaThread "Attach Listener" daemon [_thread_blocked, id=6980, stack(0x0000006fa7900000,0x0000006fa7a00000)]
  0x0000025dd8fa7000 JavaThread "Service Thread" daemon [_thread_blocked, id=6216, stack(0x0000006fa7a00000,0x0000006fa7b00000)]
  0x0000025dd8fa9000 JavaThread "C2 CompilerThread0" daemon [_thread_in_native, id=2620, stack(0x0000006fa7b00000,0x0000006fa7c00000)]
  0x0000025dd8ff9800 JavaThread "C1 CompilerThread0" daemon [_thread_blocked, id=7732, stack(0x0000006fa7c00000,0x0000006fa7d00000)]
  0x0000025dd8ffd000 JavaThread "Sweeper thread" daemon [_thread_blocked, id=3780, stack(0x0000006fa7d00000,0x0000006fa7e00000)]
  0x0000025dd9155800 JavaThread "Common-Cleaner" daemon [_thread_blocked, id=6440, stack(0x0000006fa7e00000,0x0000006fa7f00000)]
  0x0000025dda52b800 JavaThread "Daemon health stats" [_thread_blocked, id=2180, stack(0x0000006fa8400000,0x0000006fa8500000)]
  0x0000025ddb90e000 JavaThread "Incoming local TCP Connector on port 60863" [_thread_in_native, id=12012, stack(0x0000006fa8500000,0x0000006fa8600000)]
  0x0000025ddbe1a800 JavaThread "Daemon periodic checks" [_thread_blocked, id=9916, stack(0x0000006fa8600000,0x0000006fa8700000)]
  0x0000025ddbdaa000 JavaThread "Daemon" [_thread_blocked, id=6412, stack(0x0000006fa8700000,0x0000006fa8800000)]
  0x0000025dda226000 JavaThread "Handler for socket connection from /127.0.0.1:60863 to /127.0.0.1:60864" [_thread_in_native, id=9696, stack(0x0000006fa8800000,0x0000006fa8900000)]
  0x0000025ddc141800 JavaThread "Cancel handler" [_thread_blocked, id=4740, stack(0x0000006fa8900000,0x0000006fa8a00000)]
  0x0000025ddc142800 JavaThread "Daemon worker" [_thread_in_vm, id=11968, stack(0x0000006fa8a00000,0x0000006fa8b00000)]
  0x0000025ddbe38000 JavaThread "Asynchronous log dispatcher for DefaultDaemonConnection: socket connection from /127.0.0.1:60863 to /127.0.0.1:60864" [_thread_blocked, id=6836, stack(0x0000006fa8b00000,0x0000006fa8c00000)]
  0x0000025ddbe38800 JavaThread "Stdin handler" [_thread_blocked, id=8068, stack(0x0000006fa8c00000,0x0000006fa8d00000)]
  0x0000025ddb66c800 JavaThread "Daemon client event forwarder" [_thread_blocked, id=1504, stack(0x0000006fa8d00000,0x0000006fa8e00000)]
  0x0000025ddb671800 JavaThread "Cache worker for journal cache (D:\ProgramsfilesD\Android\Sdk\caches\journal-1)" [_thread_blocked, id=1668, stack(0x0000006fa8000000,0x0000006fa8100000)]
  0x0000025ddb66f000 JavaThread "File lock request listener" [_thread_in_native, id=1844, stack(0x0000006fa8100000,0x0000006fa8200000)]
  0x0000025ddb672000 JavaThread "Cache worker for file hash cache (D:\ProgramsfilesD\Android\Sdk\caches\7.2\fileHashes)" [_thread_blocked, id=9876, stack(0x0000006fa9300000,0x0000006fa9400000)]
=>0x0000025ddb658800 JavaThread "C2 CompilerThread1" daemon [_thread_in_native, id=6088, stack(0x0000006fa9500000,0x0000006fa9600000)]
  0x0000025ddb673000 JavaThread "Cache worker for file hash cache (D:\NotesApp\.gradle\7.2\fileHashes)" [_thread_blocked, id=8152, stack(0x0000006fa9600000,0x0000006fa9700000)]
  0x0000025ddb66f800 JavaThread "File watcher server" daemon [_thread_in_native, id=9444, stack(0x0000006fa9700000,0x0000006fa9800000)]
  0x0000025ddb66d800 JavaThread "File watcher consumer" daemon [_thread_blocked, id=8456, stack(0x0000006fa9800000,0x0000006fa9900000)]
  0x0000025ddb66e000 JavaThread "Cache worker for checksums cache (D:\NotesApp\.gradle\checksums)" [_thread_blocked, id=9236, stack(0x0000006fa9900000,0x0000006fa9a00000)]
  0x0000025ddb670800 JavaThread "Cache worker for cache directory md-supplier (D:\ProgramsfilesD\Android\Sdk\caches\7.2\md-supplier)" [_thread_blocked, id=1088, stack(0x0000006fa9a00000,0x0000006fa9b00000)]
  0x0000025dd9860000 JavaThread "C2 CompilerThread2" daemon [_thread_in_native, id=11480, stack(0x0000006fa9b00000,0x0000006fa9c00000)]
  0x0000025ddc714000 JavaThread "Cache worker for cache directory md-rule (D:\ProgramsfilesD\Android\Sdk\caches\7.2\md-rule)" [_thread_blocked, id=1500, stack(0x0000006fa9c00000,0x0000006fa9d00000)]
  0x0000025ddc713000 JavaThread "Cache worker for execution history cache (D:\ProgramsfilesD\Android\Sdk\caches\7.2\executionHistory)" [_thread_blocked, id=4840, stack(0x0000006fa9d00000,0x0000006fa9e00000)]

Other Threads:
  0x0000025dd8773800 VMThread "VM Thread" [stack: 0x0000006fa7500000,0x0000006fa7600000] [id=8284]
  0x0000025dd9173800 WatcherThread [stack: 0x0000006fa7f00000,0x0000006fa8000000] [id=10516]
  0x0000025dbe303000 GCTaskThread "GC Thread#0" [stack: 0x0000006fa7000000,0x0000006fa7100000] [id=10348]
  0x0000025dd9f60000 GCTaskThread "GC Thread#1" [stack: 0x0000006fa8200000,0x0000006fa8300000] [id=12256]
  0x0000025dd967e800 GCTaskThread "GC Thread#2" [stack: 0x0000006fa8300000,0x0000006fa8400000] [id=5672]
  0x0000025ddbf20800 GCTaskThread "GC Thread#3" [stack: 0x0000006fa8e00000,0x0000006fa8f00000] [id=8888]
  0x0000025ddb45a000 GCTaskThread "GC Thread#4" [stack: 0x0000006fa8f00000,0x0000006fa9000000] [id=5744]
  0x0000025ddb78f800 GCTaskThread "GC Thread#5" [stack: 0x0000006fa9000000,0x0000006fa9100000] [id=2908]
  0x0000025dda00d000 GCTaskThread "GC Thread#6" [stack: 0x0000006fa9100000,0x0000006fa9200000] [id=3240]
  0x0000025ddb700800 GCTaskThread "GC Thread#7" [stack: 0x0000006fa9200000,0x0000006fa9300000] [id=10504]
  0x0000025dbe33b000 ConcurrentGCThread "G1 Main Marker" [stack: 0x0000006fa7100000,0x0000006fa7200000] [id=10956]
  0x0000025dbe33c800 ConcurrentGCThread "G1 Conc#0" [stack: 0x0000006fa7200000,0x0000006fa7300000] [id=9952]
  0x0000025ddab63800 ConcurrentGCThread "G1 Conc#1" [stack: 0x0000006fa9400000,0x0000006fa9500000] [id=944]
  0x0000025dd85c2800 ConcurrentGCThread "G1 Refine#0" [stack: 0x0000006fa7300000,0x0000006fa7400000] [id=8396]
  0x0000025dd85c3800 ConcurrentGCThread "G1 Young RemSet Sampling" [stack: 0x0000006fa7400000,0x0000006fa7500000] [id=4628]

Threads with active compile tasks:
C2 CompilerThread0   3985 2876       4       java.util.zip.ZipEntry::<init> (79 bytes)
C2 CompilerThread1   3985 2742       4       jdk.internal.loader.URLClassPath::getResource (74 bytes)
C2 CompilerThread2   3985 2752   !   4       java.net.URL::<init> (543 bytes)

VM state:not at safepoint (normal execution)

VM Mutex/Monitor currently owned by a thread: None

Heap address: 0x0000000080000000, size: 2048 MB, Compressed Oops mode: 32-bit
Narrow klass base: 0x0000000000000000, Narrow klass shift: 3
Compressed class space size: 1073741824 Address: 0x0000000100000000

Heap:
 garbage-first heap   total 155648K, used 23072K [0x0000000080000000, 0x0000000100000000)
  region size 1024K, 8 young (8192K), 7 survivors (7168K)
 Metaspace       used 34983K, capacity 35789K, committed 35964K, reserved 1081344K
  class space    used 4547K, capacity 4863K, committed 4864K, reserved 1048576K
Heap Regions: E=young(eden), S=young(survivor), O=old, HS=humongous(starts), HC=humongous(continues), CS=collection set, F=free, A=archive, TAMS=top-at-mark-start (previous, next)
|   0|0x0000000080000000, 0x0000000080100000, 0x0000000080100000|100%| O|  |TAMS 0x0000000080100000, 0x0000000080100000| Untracked 
|   1|0x0000000080100000, 0x0000000080200000, 0x0000000080200000|100%| O|  |TAMS 0x0000000080200000, 0x0000000080200000| Untracked 
|   2|0x0000000080200000, 0x0000000080300000, 0x0000000080300000|100%| O|  |TAMS 0x0000000080300000, 0x0000000080300000| Untracked 
|   3|0x0000000080300000, 0x0000000080400000, 0x0000000080400000|100%|HS|  |TAMS 0x0000000080400000, 0x0000000080400000| Complete 
|   4|0x0000000080400000, 0x0000000080500000, 0x0000000080500000|100%|HC|  |TAMS 0x0000000080500000, 0x0000000080500000| Complete 
|   5|0x0000000080500000, 0x0000000080600000, 0x0000000080600000|100%|HC|  |TAMS 0x0000000080600000, 0x0000000080600000| Complete 
|   6|0x0000000080600000, 0x0000000080700000, 0x0000000080700000|100%| O|  |TAMS 0x0000000080700000, 0x0000000080700000| Untracked 
|   7|0x0000000080700000, 0x0000000080800000, 0x0000000080800000|100%| O|  |TAMS 0x0000000080800000, 0x0000000080800000| Untracked 
|   8|0x0000000080800000, 0x0000000080900000, 0x0000000080900000|100%| O|  |TAMS 0x0000000080900000, 0x0000000080900000| Untracked 
|   9|0x0000000080900000, 0x0000000080a00000, 0x0000000080a00000|100%| O|  |TAMS 0x0000000080a00000, 0x0000000080a00000| Untracked 
|  10|0x0000000080a00000, 0x0000000080b00000, 0x0000000080b00000|100%| O|  |TAMS 0x0000000080b00000, 0x0000000080b00000| Untracked 
|  11|0x0000000080b00000, 0x0000000080c00000, 0x0000000080c00000|100%| O|  |TAMS 0x0000000080c00000, 0x0000000080c00000| Untracked 
|  12|0x0000000080c00000, 0x0000000080d00000, 0x0000000080d00000|100%| O|  |TAMS 0x0000000080d00000, 0x0000000080d00000| Untracked 
|  13|0x0000000080d00000, 0x0000000080e00000, 0x0000000080e00000|100%| O|  |TAMS 0x0000000080d0fc00, 0x0000000080e00000| Untracked 
|  14|0x0000000080e00000, 0x0000000080f00000, 0x0000000080f00000|100%| O|  |TAMS 0x0000000080e00000, 0x0000000080f00000| Untracked 
|  15|0x0000000080f00000, 0x0000000081000000, 0x0000000081000000|100%| O|  |TAMS 0x0000000080f00000, 0x0000000081000000| Untracked 
|  16|0x0000000081000000, 0x000000008100de00, 0x0000000081100000|  5%| O|  |TAMS 0x0000000081000000, 0x000000008100de00| Untracked 
|  17|0x0000000081100000, 0x0000000081100000, 0x0000000081200000|  0%| F|  |TAMS 0x0000000081100000, 0x0000000081100000| Untracked 
|  18|0x0000000081200000, 0x0000000081200000, 0x0000000081300000|  0%| F|  |TAMS 0x0000000081200000, 0x0000000081200000| Untracked 
|  19|0x0000000081300000, 0x0000000081300000, 0x0000000081400000|  0%| F|  |TAMS 0x0000000081300000, 0x0000000081300000| Untracked 
|  20|0x0000000081400000, 0x0000000081400000, 0x0000000081500000|  0%| F|  |TAMS 0x0000000081400000, 0x0000000081400000| Untracked 
|  21|0x0000000081500000, 0x0000000081500000, 0x0000000081600000|  0%| F|  |TAMS 0x0000000081500000, 0x0000000081500000| Untracked 
|  22|0x0000000081600000, 0x0000000081600000, 0x0000000081700000|  0%| F|  |TAMS 0x0000000081600000, 0x0000000081600000| Untracked 
|  23|0x0000000081700000, 0x0000000081700000, 0x0000000081800000|  0%| F|  |TAMS 0x0000000081700000, 0x0000000081700000| Untracked 
|  24|0x0000000081800000, 0x0000000081800000, 0x0000000081900000|  0%| F|  |TAMS 0x0000000081800000, 0x0000000081800000| Untracked 
|  25|0x0000000081900000, 0x0000000081900000, 0x0000000081a00000|  0%| F|  |TAMS 0x0000000081900000, 0x0000000081900000| Untracked 
|  26|0x0000000081a00000, 0x0000000081a00000, 0x0000000081b00000|  0%| F|  |TAMS 0x0000000081a00000, 0x0000000081a00000| Untracked 
|  27|0x0000000081b00000, 0x0000000081b00000, 0x0000000081c00000|  0%| F|  |TAMS 0x0000000081b00000, 0x0000000081b00000| Untracked 
|  28|0x0000000081c00000, 0x0000000081c00000, 0x0000000081d00000|  0%| F|  |TAMS 0x0000000081c00000, 0x0000000081c00000| Untracked 
|  29|0x0000000081d00000, 0x0000000081d00000, 0x0000000081e00000|  0%| F|  |TAMS 0x0000000081d00000, 0x0000000081d00000| Untracked 
|  30|0x0000000081e00000, 0x0000000081e00000, 0x0000000081f00000|  0%| F|  |TAMS 0x0000000081e00000, 0x0000000081e00000| Untracked 
|  31|0x0000000081f00000, 0x0000000081f00000, 0x0000000082000000|  0%| F|  |TAMS 0x0000000081f00000, 0x0000000081f00000| Untracked 
|  32|0x0000000082000000, 0x0000000082000000, 0x0000000082100000|  0%| F|  |TAMS 0x0000000082000000, 0x0000000082000000| Untracked 
|  33|0x0000000082100000, 0x0000000082100000, 0x0000000082200000|  0%| F|  |TAMS 0x0000000082100000, 0x0000000082100000| Untracked 
|  34|0x0000000082200000, 0x0000000082200000, 0x0000000082300000|  0%| F|  |TAMS 0x0000000082200000, 0x0000000082200000| Untracked 
|  35|0x0000000082300000, 0x0000000082300000, 0x0000000082400000|  0%| F|  |TAMS 0x0000000082300000, 0x0000000082300000| Untracked 
|  36|0x0000000082400000, 0x0000000082400000, 0x0000000082500000|  0%| F|  |TAMS 0x0000000082400000, 0x0000000082400000| Untracked 
|  37|0x0000000082500000, 0x0000000082500000, 0x0000000082600000|  0%| F|  |TAMS 0x0000000082500000, 0x0000000082500000| Untracked 
|  38|0x0000000082600000, 0x0000000082600000, 0x0000000082700000|  0%| F|  |TAMS 0x0000000082600000, 0x0000000082600000| Untracked 
|  39|0x0000000082700000, 0x0000000082700000, 0x0000000082800000|  0%| F|  |TAMS 0x0000000082700000, 0x0000000082700000| Untracked 
|  40|0x0000000082800000, 0x0000000082800000, 0x0000000082900000|  0%| F|  |TAMS 0x0000000082800000, 0x0000000082800000| Untracked 
|  41|0x0000000082900000, 0x0000000082900000, 0x0000000082a00000|  0%| F|  |TAMS 0x0000000082900000, 0x0000000082900000| Untracked 
|  42|0x0000000082a00000, 0x0000000082a00000, 0x0000000082b00000|  0%| F|  |TAMS 0x0000000082a00000, 0x0000000082a00000| Untracked 
|  43|0x0000000082b00000, 0x0000000082b00000, 0x0000000082c00000|  0%| F|  |TAMS 0x0000000082b00000, 0x0000000082b00000| Untracked 
|  44|0x0000000082c00000, 0x0000000082c00000, 0x0000000082d00000|  0%| F|  |TAMS 0x0000000082c00000, 0x0000000082c00000| Untracked 
|  45|0x0000000082d00000, 0x0000000082d00000, 0x0000000082e00000|  0%| F|  |TAMS 0x0000000082d00000, 0x0000000082d00000| Untracked 
|  46|0x0000000082e00000, 0x0000000082e00000, 0x0000000082f00000|  0%| F|  |TAMS 0x0000000082e00000, 0x0000000082e00000| Untracked 
|  47|0x0000000082f00000, 0x0000000082f00000, 0x0000000083000000|  0%| F|  |TAMS 0x0000000082f00000, 0x0000000082f00000| Untracked 
|  48|0x0000000083000000, 0x0000000083000000, 0x0000000083100000|  0%| F|  |TAMS 0x0000000083000000, 0x0000000083000000| Untracked 
|  49|0x0000000083100000, 0x0000000083100000, 0x0000000083200000|  0%| F|  |TAMS 0x0000000083100000, 0x0000000083100000| Untracked 
|  50|0x0000000083200000, 0x0000000083200000, 0x0000000083300000|  0%| F|  |TAMS 0x0000000083200000, 0x0000000083200000| Untracked 
|  51|0x0000000083300000, 0x0000000083300000, 0x0000000083400000|  0%| F|  |TAMS 0x0000000083300000, 0x0000000083300000| Untracked 
|  52|0x0000000083400000, 0x0000000083400000, 0x0000000083500000|  0%| F|  |TAMS 0x0000000083400000, 0x0000000083400000| Untracked 
|  53|0x0000000083500000, 0x0000000083500000, 0x0000000083600000|  0%| F|  |TAMS 0x0000000083500000, 0x0000000083500000| Untracked 
|  54|0x0000000083600000, 0x0000000083600000, 0x0000000083700000|  0%| F|  |TAMS 0x0000000083600000, 0x0000000083600000| Untracked 
|  55|0x0000000083700000, 0x0000000083700000, 0x0000000083800000|  0%| F|  |TAMS 0x0000000083700000, 0x0000000083700000| Untracked 
|  56|0x0000000083800000, 0x0000000083800000, 0x0000000083900000|  0%| F|  |TAMS 0x0000000083800000, 0x0000000083800000| Untracked 
|  57|0x0000000083900000, 0x0000000083900000, 0x0000000083a00000|  0%| F|  |TAMS 0x0000000083900000, 0x0000000083900000| Untracked 
|  58|0x0000000083a00000, 0x0000000083a00000, 0x0000000083b00000|  0%| F|  |TAMS 0x0000000083a00000, 0x0000000083a00000| Untracked 
|  59|0x0000000083b00000, 0x0000000083b00000, 0x0000000083c00000|  0%| F|  |TAMS 0x0000000083b00000, 0x0000000083b00000| Untracked 
|  60|0x0000000083c00000, 0x0000000083c00000, 0x0000000083d00000|  0%| F|  |TAMS 0x0000000083c00000, 0x0000000083c00000| Untracked 
|  61|0x0000000083d00000, 0x0000000083d00000, 0x0000000083e00000|  0%| F|  |TAMS 0x0000000083d00000, 0x0000000083d00000| Untracked 
|  62|0x0000000083e00000, 0x0000000083e00000, 0x0000000083f00000|  0%| F|  |TAMS 0x0000000083e00000, 0x0000000083e00000| Untracked 
|  63|0x0000000083f00000, 0x0000000083f00000, 0x0000000084000000|  0%| F|  |TAMS 0x0000000083f00000, 0x0000000083f00000| Untracked 
|  64|0x0000000084000000, 0x0000000084000000, 0x0000000084100000|  0%| F|  |TAMS 0x0000000084000000, 0x0000000084000000| Untracked 
|  65|0x0000000084100000, 0x0000000084100000, 0x0000000084200000|  0%| F|  |TAMS 0x0000000084100000, 0x0000000084100000| Untracked 
|  66|0x0000000084200000, 0x0000000084200000, 0x0000000084300000|  0%| F|  |TAMS 0x0000000084200000, 0x0000000084200000| Untracked 
|  67|0x0000000084300000, 0x0000000084300000, 0x0000000084400000|  0%| F|  |TAMS 0x0000000084300000, 0x0000000084300000| Untracked 
|  68|0x0000000084400000, 0x0000000084400000, 0x0000000084500000|  0%| F|  |TAMS 0x0000000084400000, 0x0000000084400000| Untracked 
|  69|0x0000000084500000, 0x0000000084500000, 0x0000000084600000|  0%| F|  |TAMS 0x0000000084500000, 0x0000000084500000| Untracked 
|  70|0x0000000084600000, 0x0000000084600000, 0x0000000084700000|  0%| F|  |TAMS 0x0000000084600000, 0x0000000084600000| Untracked 
|  71|0x0000000084700000, 0x0000000084700000, 0x0000000084800000|  0%| F|  |TAMS 0x0000000084700000, 0x0000000084700000| Untracked 
|  72|0x0000000084800000, 0x0000000084800000, 0x0000000084900000|  0%| F|  |TAMS 0x0000000084800000, 0x0000000084800000| Untracked 
|  73|0x0000000084900000, 0x0000000084900000, 0x0000000084a00000|  0%| F|  |TAMS 0x0000000084900000, 0x0000000084900000| Untracked 
|  74|0x0000000084a00000, 0x0000000084a00000, 0x0000000084b00000|  0%| F|  |TAMS 0x0000000084a00000, 0x0000000084a00000| Untracked 
|  75|0x0000000084b00000, 0x0000000084b00000, 0x0000000084c00000|  0%| F|  |TAMS 0x0000000084b00000, 0x0000000084b00000| Untracked 
|  76|0x0000000084c00000, 0x0000000084c00000, 0x0000000084d00000|  0%| F|  |TAMS 0x0000000084c00000, 0x0000000084c00000| Untracked 
|  77|0x0000000084d00000, 0x0000000084d00000, 0x0000000084e00000|  0%| F|  |TAMS 0x0000000084d00000, 0x0000000084d00000| Untracked 
|  78|0x0000000084e00000, 0x0000000084e00000, 0x0000000084f00000|  0%| F|  |TAMS 0x0000000084e00000, 0x0000000084e00000| Untracked 
|  79|0x0000000084f00000, 0x0000000084f00000, 0x0000000085000000|  0%| F|  |TAMS 0x0000000084f00000, 0x0000000084f00000| Untracked 
|  80|0x0000000085000000, 0x0000000085000000, 0x0000000085100000|  0%| F|  |TAMS 0x0000000085000000, 0x0000000085000000| Untracked 
|  81|0x0000000085100000, 0x0000000085100000, 0x0000000085200000|  0%| F|  |TAMS 0x0000000085100000, 0x0000000085100000| Untracked 
|  82|0x0000000085200000, 0x0000000085200000, 0x0000000085300000|  0%| F|  |TAMS 0x0000000085200000, 0x0000000085200000| Untracked 
|  83|0x0000000085300000, 0x0000000085300000, 0x0000000085400000|  0%| F|  |TAMS 0x0000000085300000, 0x0000000085300000| Untracked 
|  84|0x0000000085400000, 0x0000000085400000, 0x0000000085500000|  0%| F|  |TAMS 0x0000000085400000, 0x0000000085400000| Untracked 
|  85|0x0000000085500000, 0x0000000085500000, 0x0000000085600000|  0%| F|  |TAMS 0x0000000085500000, 0x0000000085500000| Untracked 
|  86|0x0000000085600000, 0x0000000085600000, 0x0000000085700000|  0%| F|  |TAMS 0x0000000085600000, 0x0000000085600000| Untracked 
|  87|0x0000000085700000, 0x0000000085700000, 0x0000000085800000|  0%| F|  |TAMS 0x0000000085700000, 0x0000000085700000| Untracked 
|  88|0x0000000085800000, 0x0000000085800000, 0x0000000085900000|  0%| F|  |TAMS 0x0000000085800000, 0x0000000085800000| Untracked 
|  89|0x0000000085900000, 0x000000008597a230, 0x0000000085a00000| 47%| S|CS|TAMS 0x0000000085900000, 0x0000000085900000| Complete 
|  90|0x0000000085a00000, 0x0000000085b00000, 0x0000000085b00000|100%| S|CS|TAMS 0x0000000085a00000, 0x0000000085a00000| Complete 
|  91|0x0000000085b00000, 0x0000000085c00000, 0x0000000085c00000|100%| S|CS|TAMS 0x0000000085b00000, 0x0000000085b00000| Complete 
|  92|0x0000000085c00000, 0x0000000085d00000, 0x0000000085d00000|100%| S|CS|TAMS 0x0000000085c00000, 0x0000000085c00000| Complete 
|  93|0x0000000085d00000, 0x0000000085e00000, 0x0000000085e00000|100%| S|CS|TAMS 0x0000000085d00000, 0x0000000085d00000| Complete 
|  94|0x0000000085e00000, 0x0000000085f00000, 0x0000000085f00000|100%| S|CS|TAMS 0x0000000085e00000, 0x0000000085e00000| Complete 
|  95|0x0000000085f00000, 0x0000000086000000, 0x0000000086000000|100%| S|CS|TAMS 0x0000000085f00000, 0x0000000085f00000| Complete 
|  96|0x0000000086000000, 0x0000000086000000, 0x0000000086100000|  0%| F|  |TAMS 0x0000000086000000, 0x0000000086000000| Untracked 
|  97|0x0000000086100000, 0x0000000086100000, 0x0000000086200000|  0%| F|  |TAMS 0x0000000086100000, 0x0000000086100000| Untracked 
|  98|0x0000000086200000, 0x0000000086200000, 0x0000000086300000|  0%| F|  |TAMS 0x0000000086200000, 0x0000000086200000| Untracked 
|  99|0x0000000086300000, 0x0000000086300000, 0x0000000086400000|  0%| F|  |TAMS 0x0000000086300000, 0x0000000086300000| Untracked 
| 100|0x0000000086400000, 0x0000000086400000, 0x0000000086500000|  0%| F|  |TAMS 0x0000000086400000, 0x0000000086400000| Untracked 
| 101|0x0000000086500000, 0x0000000086500000, 0x0000000086600000|  0%| F|  |TAMS 0x0000000086500000, 0x0000000086500000| Untracked 
| 102|0x0000000086600000, 0x0000000086600000, 0x0000000086700000|  0%| F|  |TAMS 0x0000000086600000, 0x0000000086600000| Untracked 
| 103|0x0000000086700000, 0x0000000086700000, 0x0000000086800000|  0%| F|  |TAMS 0x0000000086700000, 0x0000000086700000| Untracked 
| 104|0x0000000086800000, 0x0000000086800000, 0x0000000086900000|  0%| F|  |TAMS 0x0000000086800000, 0x0000000086800000| Untracked 
| 105|0x0000000086900000, 0x0000000086900000, 0x0000000086a00000|  0%| F|  |TAMS 0x0000000086900000, 0x0000000086900000| Untracked 
| 106|0x0000000086a00000, 0x0000000086a00000, 0x0000000086b00000|  0%| F|  |TAMS 0x0000000086a00000, 0x0000000086a00000| Untracked 
| 107|0x0000000086b00000, 0x0000000086b00000, 0x0000000086c00000|  0%| F|  |TAMS 0x0000000086b00000, 0x0000000086b00000| Untracked 
| 108|0x0000000086c00000, 0x0000000086c00000, 0x0000000086d00000|  0%| F|  |TAMS 0x0000000086c00000, 0x0000000086c00000| Untracked 
| 109|0x0000000086d00000, 0x0000000086d00000, 0x0000000086e00000|  0%| F|  |TAMS 0x0000000086d00000, 0x0000000086d00000| Untracked 
| 110|0x0000000086e00000, 0x0000000086e00000, 0x0000000086f00000|  0%| F|  |TAMS 0x0000000086e00000, 0x0000000086e00000| Untracked 
| 111|0x0000000086f00000, 0x0000000086f00000, 0x0000000087000000|  0%| F|  |TAMS 0x0000000086f00000, 0x0000000086f00000| Untracked 
| 112|0x0000000087000000, 0x0000000087000000, 0x0000000087100000|  0%| F|  |TAMS 0x0000000087000000, 0x0000000087000000| Untracked 
| 113|0x0000000087100000, 0x0000000087100000, 0x0000000087200000|  0%| F|  |TAMS 0x0000000087100000, 0x0000000087100000| Untracked 
| 114|0x0000000087200000, 0x0000000087200000, 0x0000000087300000|  0%| F|  |TAMS 0x0000000087200000, 0x0000000087200000| Untracked 
| 115|0x0000000087300000, 0x0000000087300000, 0x0000000087400000|  0%| F|  |TAMS 0x0000000087300000, 0x0000000087300000| Untracked 
| 116|0x0000000087400000, 0x0000000087400000, 0x0000000087500000|  0%| F|  |TAMS 0x0000000087400000, 0x0000000087400000| Untracked 
| 117|0x0000000087500000, 0x0000000087500000, 0x0000000087600000|  0%| F|  |TAMS 0x0000000087500000, 0x0000000087500000| Untracked 
| 118|0x0000000087600000, 0x0000000087600000, 0x0000000087700000|  0%| F|  |TAMS 0x0000000087600000, 0x0000000087600000| Untracked 
| 119|0x0000000087700000, 0x0000000087700000, 0x0000000087800000|  0%| F|  |TAMS 0x0000000087700000, 0x0000000087700000| Untracked 
| 120|0x0000000087800000, 0x0000000087800000, 0x0000000087900000|  0%| F|  |TAMS 0x0000000087800000, 0x0000000087800000| Untracked 
| 121|0x0000000087900000, 0x0000000087900000, 0x0000000087a00000|  0%| F|  |TAMS 0x0000000087900000, 0x0000000087900000| Untracked 
| 122|0x0000000087a00000, 0x0000000087a00000, 0x0000000087b00000|  0%| F|  |TAMS 0x0000000087a00000, 0x0000000087a00000| Untracked 
| 123|0x0000000087b00000, 0x0000000087b00000, 0x0000000087c00000|  0%| F|  |TAMS 0x0000000087b00000, 0x0000000087b00000| Untracked 
| 124|0x0000000087c00000, 0x0000000087c00000, 0x0000000087d00000|  0%| F|  |TAMS 0x0000000087c00000, 0x0000000087c00000| Untracked 
| 125|0x0000000087d00000, 0x0000000087d00000, 0x0000000087e00000|  0%| F|  |TAMS 0x0000000087d00000, 0x0000000087d00000| Untracked 
| 126|0x0000000087e00000, 0x0000000087e00000, 0x0000000087f00000|  0%| F|  |TAMS 0x0000000087e00000, 0x0000000087e00000| Untracked 
| 127|0x0000000087f00000, 0x0000000087f00000, 0x0000000088000000|  0%| F|  |TAMS 0x0000000087f00000, 0x0000000087f00000| Untracked 
| 128|0x0000000088000000, 0x0000000088000000, 0x0000000088100000|  0%| F|  |TAMS 0x0000000088000000, 0x0000000088000000| Untracked 
| 129|0x0000000088100000, 0x0000000088100000, 0x0000000088200000|  0%| F|  |TAMS 0x0000000088100000, 0x0000000088100000| Untracked 
| 130|0x0000000088200000, 0x0000000088200000, 0x0000000088300000|  0%| F|  |TAMS 0x0000000088200000, 0x0000000088200000| Untracked 
| 131|0x0000000088300000, 0x0000000088300000, 0x0000000088400000|  0%| F|  |TAMS 0x0000000088300000, 0x0000000088300000| Untracked 
| 132|0x0000000088400000, 0x0000000088400000, 0x0000000088500000|  0%| F|  |TAMS 0x0000000088400000, 0x0000000088400000| Untracked 
| 133|0x0000000088500000, 0x0000000088500000, 0x0000000088600000|  0%| F|  |TAMS 0x0000000088500000, 0x0000000088500000| Untracked 
| 134|0x0000000088600000, 0x0000000088600000, 0x0000000088700000|  0%| F|  |TAMS 0x0000000088600000, 0x0000000088600000| Untracked 
| 135|0x0000000088700000, 0x0000000088700000, 0x0000000088800000|  0%| F|  |TAMS 0x0000000088700000, 0x0000000088700000| Untracked 
| 136|0x0000000088800000, 0x0000000088800000, 0x0000000088900000|  0%| F|  |TAMS 0x0000000088800000, 0x0000000088800000| Untracked 
| 137|0x0000000088900000, 0x0000000088900000, 0x0000000088a00000|  0%| F|  |TAMS 0x0000000088900000, 0x0000000088900000| Untracked 
| 138|0x0000000088a00000, 0x0000000088a00000, 0x0000000088b00000|  0%| F|  |TAMS 0x0000000088a00000, 0x0000000088a00000| Untracked 
| 139|0x0000000088b00000, 0x0000000088b00000, 0x0000000088c00000|  0%| F|  |TAMS 0x0000000088b00000, 0x0000000088b00000| Untracked 
| 140|0x0000000088c00000, 0x0000000088c00000, 0x0000000088d00000|  0%| F|  |TAMS 0x0000000088c00000, 0x0000000088c00000| Untracked 
| 141|0x0000000088d00000, 0x0000000088d00000, 0x0000000088e00000|  0%| F|  |TAMS 0x0000000088d00000, 0x0000000088d00000| Untracked 
| 142|0x0000000088e00000, 0x0000000088e00000, 0x0000000088f00000|  0%| F|  |TAMS 0x0000000088e00000, 0x0000000088e00000| Untracked 
| 143|0x0000000088f00000, 0x0000000088f00000, 0x0000000089000000|  0%| F|  |TAMS 0x0000000088f00000, 0x0000000088f00000| Untracked 
| 144|0x0000000089000000, 0x0000000089000000, 0x0000000089100000|  0%| F|  |TAMS 0x0000000089000000, 0x0000000089000000| Untracked 
| 145|0x0000000089100000, 0x0000000089100000, 0x0000000089200000|  0%| F|  |TAMS 0x0000000089100000, 0x0000000089100000| Untracked 
| 146|0x0000000089200000, 0x0000000089200000, 0x0000000089300000|  0%| F|  |TAMS 0x0000000089200000, 0x0000000089200000| Untracked 
| 147|0x0000000089300000, 0x0000000089300000, 0x0000000089400000|  0%| F|  |TAMS 0x0000000089300000, 0x0000000089300000| Untracked 
| 148|0x0000000089400000, 0x0000000089400000, 0x0000000089500000|  0%| F|  |TAMS 0x0000000089400000, 0x0000000089400000| Untracked 
| 149|0x0000000089500000, 0x0000000089500000, 0x0000000089600000|  0%| F|  |TAMS 0x0000000089500000, 0x0000000089500000| Untracked 
| 150|0x0000000089600000, 0x0000000089600000, 0x0000000089700000|  0%| F|  |TAMS 0x0000000089600000, 0x0000000089600000| Untracked 
| 151|0x0000000089700000, 0x00000000897a43f0, 0x0000000089800000| 64%| E|  |TAMS 0x0000000089700000, 0x0000000089700000| Complete 

Card table byte_map: [0x0000025dd1510000,0x0000025dd1910000] _byte_map_base: 0x0000025dd1110000

Marking Bits (Prev, Next): (CMBitMap*) 0x0000025dbe331320, (CMBitMap*) 0x0000025dbe3312e8
 Prev Bits: [0x0000025dd3d10000, 0x0000025dd5d10000)
 Next Bits: [0x0000025dd1d10000, 0x0000025dd3d10000)

Polling page: 0x0000025dbdac0000

Metaspace:

Usage:
  Non-class:     30.20 MB capacity,    29.74 MB ( 98%) used,   395.54 KB (  1%) free+waste,    73.81 KB ( <1%) overhead. 
      Class:      4.75 MB capacity,     4.44 MB ( 94%) used,   277.43 KB (  6%) free+waste,    36.31 KB ( <1%) overhead. 
       Both:     34.95 MB capacity,    34.19 MB ( 98%) used,   672.97 KB (  2%) free+waste,   110.13 KB ( <1%) overhead. 

Virtual space:
  Non-class space:       32.00 MB reserved,      30.37 MB ( 95%) committed 
      Class space:        1.00 GB reserved,       4.75 MB ( <1%) committed 
             Both:        1.03 GB reserved,      35.12 MB (  3%) committed 

Chunk freelists:
   Non-Class:  34.00 KB
       Class:  1.00 KB
        Both:  35.00 KB

MaxMetaspaceSize: 17179869184.00 GB
CompressedClassSpaceSize: 1.00 GB

CodeHeap 'non-profiled nmethods': size=120000Kb used=1496Kb max_used=1496Kb free=118503Kb
 bounds [0x0000025dc98b0000, 0x0000025dc9b20000, 0x0000025dd0de0000]
CodeHeap 'profiled nmethods': size=120000Kb used=5911Kb max_used=5911Kb free=114088Kb
 bounds [0x0000025dc2380000, 0x0000025dc2950000, 0x0000025dc98b0000]
CodeHeap 'non-nmethods': size=5760Kb used=1184Kb max_used=1247Kb free=4575Kb
 bounds [0x0000025dc1de0000, 0x0000025dc2050000, 0x0000025dc2380000]
 total_blobs=3425 nmethods=2905 adapters=431
 compilation: enabled
              stopped_count=0, restarted_count=0
 full_count=0

Compilation events (20 events):
Event: 3.941 Thread 0x0000025dd8ff9800 nmethod 2869 0x0000025dc2937e90 code [0x0000025dc2938040, 0x0000025dc2938178]
Event: 3.942 Thread 0x0000025dd8ff9800 2871       3       java.util.zip.ZipFile$ZipEntryIterator::hasNext (17 bytes)
Event: 3.942 Thread 0x0000025dd8ff9800 nmethod 2871 0x0000025dc2938290 code [0x0000025dc2938440, 0x0000025dc2938598]
Event: 3.942 Thread 0x0000025dd8ff9800 2870       1       java.util.jar.JarFile$JarFileEntry::getName (5 bytes)
Event: 3.942 Thread 0x0000025dd8fa9000 2872   !   4       jdk.internal.loader.URLClassPath$JarLoader::getResource (353 bytes)
Event: 3.942 Thread 0x0000025dd8ff9800 nmethod 2870 0x0000025dc9a22010 code [0x0000025dc9a221c0, 0x0000025dc9a22278]
Event: 3.943 Thread 0x0000025dd8ff9800 2873       3       java.util.zip.ZipCoder$UTF8::toString (12 bytes)
Event: 3.943 Thread 0x0000025dd8ff9800 nmethod 2873 0x0000025dc2938610 code [0x0000025dc29387e0, 0x0000025dc2938968]
Event: 3.943 Thread 0x0000025dd8ff9800 2874       3       java.lang.System$2::newStringUTF8NoRepl (7 bytes)
Event: 3.943 Thread 0x0000025dd8ff9800 nmethod 2874 0x0000025dc2938a90 code [0x0000025dc2938c40, 0x0000025dc2938d68]
Event: 3.943 Thread 0x0000025dd8ff9800 2875       3       java.util.jar.JarFile$$Lambda$280/0x00000001004aa040::apply (12 bytes)
Event: 3.943 Thread 0x0000025dd8ff9800 nmethod 2875 0x0000025dc2938e10 code [0x0000025dc2939000, 0x0000025dc2939488]
Event: 3.943 Thread 0x0000025dd8ff9800 2877       3       java.util.zip.ZipFile$ZipEntryIterator::hasMoreElements (5 bytes)
Event: 3.944 Thread 0x0000025dd8ff9800 nmethod 2877 0x0000025dc2939610 code [0x0000025dc29397c0, 0x0000025dc2939998]
Event: 3.944 Thread 0x0000025dd8ff9800 2878       3       java.util.zip.ZipFile$ZipEntryIterator::nextElement (5 bytes)
Event: 3.944 Thread 0x0000025dd8ff9800 nmethod 2878 0x0000025dc2939a90 code [0x0000025dc2939c60, 0x0000025dc2939e08]
Event: 3.944 Thread 0x0000025dd8ff9800 2879       3       java.util.zip.ZipFile$ZipEntryIterator::nextElement (5 bytes)
Event: 3.944 Thread 0x0000025dd8ff9800 nmethod 2879 0x0000025dc2939f10 code [0x0000025dc293a0c0, 0x0000025dc293a208]
Event: 3.944 Thread 0x0000025dd8ff9800 2880   !   3       java.util.zip.ZipFile$ZipEntryIterator::next (76 bytes)
Event: 3.944 Thread 0x0000025dd8ff9800 nmethod 2880 0x0000025dc293a290 code [0x0000025dc293a4a0, 0x0000025dc293aa88]

GC Heap History (10 events):
Event: 0.731 GC heap before
{Heap before GC invocations=0 (full 0):
 garbage-first heap   total 129024K, used 30720K [0x0000000080000000, 0x0000000100000000)
  region size 1024K, 24 young (24576K), 0 survivors (0K)
 Metaspace       used 10230K, capacity 10497K, committed 10624K, reserved 1058816K
  class space    used 1072K, capacity 1139K, committed 1152K, reserved 1048576K
}
Event: 0.738 GC heap after
{Heap after GC invocations=1 (full 0):
 garbage-first heap   total 129024K, used 9174K [0x0000000080000000, 0x0000000100000000)
  region size 1024K, 3 young (3072K), 3 survivors (3072K)
 Metaspace       used 10230K, capacity 10497K, committed 10624K, reserved 1058816K
  class space    used 1072K, capacity 1139K, committed 1152K, reserved 1048576K
}
Event: 0.991 GC heap before
{Heap before GC invocations=1 (full 0):
 garbage-first heap   total 129024K, used 45014K [0x0000000080000000, 0x0000000100000000)
  region size 1024K, 38 young (38912K), 3 survivors (3072K)
 Metaspace       used 11260K, capacity 11516K, committed 11776K, reserved 1060864K
  class space    used 1177K, capacity 1244K, committed 1280K, reserved 1048576K
}
Event: 0.997 GC heap after
{Heap after GC invocations=2 (full 0):
 garbage-first heap   total 129024K, used 13466K [0x0000000080000000, 0x0000000100000000)
  region size 1024K, 4 young (4096K), 4 survivors (4096K)
 Metaspace       used 11260K, capacity 11516K, committed 11776K, reserved 1060864K
  class space    used 1177K, capacity 1244K, committed 1280K, reserved 1048576K
}
Event: 2.130 GC heap before
{Heap before GC invocations=2 (full 0):
 garbage-first heap   total 129024K, used 60570K [0x0000000080000000, 0x0000000100000000)
  region size 1024K, 50 young (51200K), 4 survivors (4096K)
 Metaspace       used 18787K, capacity 19203K, committed 19328K, reserved 1067008K
  class space    used 2258K, capacity 2386K, committed 2432K, reserved 1048576K
}
Event: 2.136 GC heap after
{Heap after GC invocations=3 (full 0):
 garbage-first heap   total 129024K, used 16843K [0x0000000080000000, 0x0000000100000000)
  region size 1024K, 4 young (4096K), 4 survivors (4096K)
 Metaspace       used 18787K, capacity 19203K, committed 19328K, reserved 1067008K
  class space    used 2258K, capacity 2386K, committed 2432K, reserved 1048576K
}
Event: 2.330 GC heap before
{Heap before GC invocations=3 (full 0):
 garbage-first heap   total 129024K, used 33227K [0x0000000080000000, 0x0000000100000000)
  region size 1024K, 21 young (21504K), 4 survivors (4096K)
 Metaspace       used 20679K, capacity 21112K, committed 21296K, reserved 1069056K
  class space    used 2534K, capacity 2660K, committed 2688K, reserved 1048576K
}
Event: 2.336 GC heap after
{Heap after GC invocations=4 (full 0):
 garbage-first heap   total 129024K, used 17320K [0x0000000080000000, 0x0000000100000000)
  region size 1024K, 4 young (4096K), 4 survivors (4096K)
 Metaspace       used 20679K, capacity 21112K, committed 21296K, reserved 1069056K
  class space    used 2534K, capacity 2660K, committed 2688K, reserved 1048576K
}
Event: 3.001 GC heap before
{Heap before GC invocations=5 (full 0):
 garbage-first heap   total 129024K, used 71592K [0x0000000080000000, 0x0000000100000000)
  region size 1024K, 58 young (59392K), 4 survivors (4096K)
 Metaspace       used 26218K, capacity 26839K, committed 27184K, reserved 1073152K
  class space    used 3430K, capacity 3618K, committed 3712K, reserved 1048576K
}
Event: 3.008 GC heap after
{Heap after GC invocations=6 (full 0):
 garbage-first heap   total 155648K, used 19375K [0x0000000080000000, 0x0000000100000000)
  region size 1024K, 6 young (6144K), 6 survivors (6144K)
 Metaspace       used 26218K, capacity 26839K, committed 27184K, reserved 1073152K
  class space    used 3430K, capacity 3618K, committed 3712K, reserved 1048576K
}

Deoptimization events (20 events):
Event: 3.615 Thread 0x0000025ddc142800 DEOPT PACKING pc=0x0000025dc997f950 sp=0x0000006fa8af92f0
Event: 3.615 Thread 0x0000025ddc142800 DEOPT UNPACKING pc=0x0000025dc1de83af sp=0x0000006fa8af91b0 mode 2
Event: 3.616 Thread 0x0000025ddc142800 Uncommon trap: trap_request=0xffffffde fr.pc=0x0000025dc997f950 relative=0x0000000000001350
Event: 3.616 Thread 0x0000025ddc142800 Uncommon trap: reason=class_check action=maybe_recompile pc=0x0000025dc997f950 method=java.io.BufferedInputStream.read([BII)I @ 101 c2
Event: 3.616 Thread 0x0000025ddc142800 DEOPT PACKING pc=0x0000025dc997f950 sp=0x0000006fa8af9310
Event: 3.617 Thread 0x0000025ddc142800 DEOPT UNPACKING pc=0x0000025dc1de83af sp=0x0000006fa8af91d0 mode 2
Event: 3.829 Thread 0x0000025ddc142800 Uncommon trap: trap_request=0xffffff4d fr.pc=0x0000025dc99b2e80 relative=0x0000000000005460
Event: 3.829 Thread 0x0000025ddc142800 Uncommon trap: reason=unstable_if action=reinterpret pc=0x0000025dc99b2e80 method=jdk.internal.loader.BuiltinClassLoader.loadClassOrNull(Ljava/lang/String;Z)Ljava/lang/Class; @ 42 c2
Event: 3.829 Thread 0x0000025ddc142800 DEOPT PACKING pc=0x0000025dc99b2e80 sp=0x0000006fa8af5080
Event: 3.829 Thread 0x0000025ddc142800 DEOPT UNPACKING pc=0x0000025dc1de83af sp=0x0000006fa8af4f00 mode 2
Event: 3.930 Thread 0x0000025ddc142800 Uncommon trap: trap_request=0xffffff4d fr.pc=0x0000025dc99fcdb0 relative=0x0000000000000290
Event: 3.930 Thread 0x0000025ddc142800 Uncommon trap: reason=unstable_if action=reinterpret pc=0x0000025dc99fcdb0 method=jdk.internal.org.objectweb.asm.Type.getArgumentsAndReturnSizes(Ljava/lang/String;)I @ 136 c2
Event: 3.930 Thread 0x0000025ddc142800 DEOPT PACKING pc=0x0000025dc99fcdb0 sp=0x0000006fa8af6050
Event: 3.930 Thread 0x0000025ddc142800 DEOPT UNPACKING pc=0x0000025dc1de83af sp=0x0000006fa8af5fe8 mode 2
Event: 3.936 Thread 0x0000025ddc142800 DEOPT PACKING pc=0x0000025dc2931479 sp=0x0000006fa8af5dd0
Event: 3.936 Thread 0x0000025ddc142800 DEOPT UNPACKING pc=0x0000025dc1e07c0e sp=0x0000006fa8af5318 mode 0
Event: 3.940 Thread 0x0000025ddc142800 Uncommon trap: trap_request=0xffffff5c fr.pc=0x0000025dc9943a28 relative=0x0000000000000e68
Event: 3.940 Thread 0x0000025ddc142800 Uncommon trap: reason=speculate_null_assert action=make_not_entrant pc=0x0000025dc9943a28 method=jdk.internal.loader.URLClassPath$JarLoader.getResource(Ljava/lang/String;ZLjava/util/Set;)Ljdk/internal/loader/Resource; @ 17 c2
Event: 3.940 Thread 0x0000025ddc142800 DEOPT PACKING pc=0x0000025dc9943a28 sp=0x0000006fa8af4ed0
Event: 3.940 Thread 0x0000025ddc142800 DEOPT UNPACKING pc=0x0000025dc1de83af sp=0x0000006fa8af4e78 mode 2

Classes redefined (0 events):
No events

Internal exceptions (20 events):
Event: 3.077 Thread 0x0000025ddc142800 Exception <a 'java/lang/NoSuchMethodError'{0x00000000891cc4d8}: 'java.lang.Object java.lang.invoke.DirectMethodHandle$Holder.invokeStaticInit(java.lang.Object, java.lang.Object, java.lang.Object, java.lang.Object)'> (0x00000000891cc4d8) thrown at [./src/hotspot/share/interpreter/linkResolver.cpp, line 773]
Event: 3.187 Thread 0x0000025ddc142800 Implicit null exception at 0x0000025dc9995f75 to 0x0000025dc999613c
Event: 3.187 Thread 0x0000025ddc142800 Implicit null exception at 0x0000025dc998262f to 0x0000025dc998269d
Event: 3.347 Thread 0x0000025ddc142800 Exception <a 'java/lang/NoSuchMethodError'{0x0000000087fad598}: 'java.lang.Object java.lang.invoke.Invokers$Holder.linkToTargetMethod(java.lang.Object, java.lang.Object, java.lang.Object, java.lang.Object, java.lang.Object, java.lang.Object, java.lang.Object, java.lang.Object)'> (0x0000000087fad598) thrown at [./src/hotspot/share/interpreter/linkResolver.cpp, line 773]
Event: 3.352 Thread 0x0000025ddc142800 Exception <a 'java/lang/NoSuchMethodError'{0x0000000087fe2330}: 'java.lang.Object java.lang.invoke.DirectMethodHandle$Holder.invokeVirtual(java.lang.Object, java.lang.Object, java.lang.Object)'> (0x0000000087fe2330) thrown at [./src/hotspot/share/interpreter/linkResolver.cpp, line 773]
Event: 3.369 Thread 0x0000025ddc142800 Exception <a 'java/lang/NoSuchMethodError'{0x0000000087ebdff8}: 'java.lang.Object java.lang.invoke.Invokers$Holder.linkToTargetMethod(java.lang.Object, java.lang.Object, java.lang.Object, java.lang.Object, java.lang.Object, java.lang.Object, java.lang.Object)'> (0x0000000087ebdff8) thrown at [./src/hotspot/share/interpreter/linkResolver.cpp, line 773]
Event: 3.374 Thread 0x0000025ddc142800 Exception <a 'java/lang/IncompatibleClassChangeError'{0x0000000087efe1a8}: Found class java.lang.Object, but interface was expected> (0x0000000087efe1a8) thrown at [./src/hotspot/share/interpreter/linkResolver.cpp, line 839]
Event: 3.423 Thread 0x0000025ddc142800 Exception <a 'java/lang/NoSuchMethodError'{0x0000000087aa6480}: 'int java.lang.invoke.DirectMethodHandle$Holder.invokeVirtual(java.lang.Object, java.lang.Object)'> (0x0000000087aa6480) thrown at [./src/hotspot/share/interpreter/linkResolver.cpp, line 773]
Event: 3.675 Thread 0x0000025ddc142800 Exception <a 'java/lang/NoSuchMethodError'{0x0000000086a7f3c0}: 'void java.lang.invoke.DirectMethodHandle$Holder.invokeStaticInit(java.lang.Object, java.lang.Object, java.lang.Object)'> (0x0000000086a7f3c0) thrown at [./src/hotspot/share/interpreter/linkResolver.cpp, line 773]
Event: 3.676 Thread 0x0000025ddc142800 Exception <a 'java/lang/NoSuchMethodError'{0x0000000086a863e8}: 'void java.lang.invoke.DirectMethodHandle$Holder.invokeStaticInit(java.lang.Object, java.lang.Object, java.lang.Object, java.lang.Object)'> (0x0000000086a863e8) thrown at [./src/hotspot/share/interpreter/linkResolver.cpp, line 773]
Event: 3.680 Thread 0x0000025ddc142800 Exception <a 'java/lang/NoSuchMethodError'{0x0000000086aa8a40}: 'void java.lang.invoke.DirectMethodHandle$Holder.invokeStaticInit(java.lang.Object, java.lang.Object, java.lang.Object, java.lang.Object, java.lang.Object)'> (0x0000000086aa8a40) thrown at [./src/hotspot/share/interpreter/linkResolver.cpp, line 773]
Event: 3.714 Thread 0x0000025ddc142800 Exception <a 'java/lang/NoSuchMethodError'{0x000000008690b5c0}: 'int java.lang.invoke.DirectMethodHandle$Holder.invokeStaticInit(java.lang.Object, java.lang.Object, java.lang.Object, java.lang.Object)'> (0x000000008690b5c0) thrown at [./src/hotspot/share/interpreter/linkResolver.cpp, line 773]
Event: 3.931 Thread 0x0000025ddc142800 Exception <a 'java/lang/NoSuchMethodError'{0x00000000862b9d78}: 'java.lang.Object java.lang.invoke.DirectMethodHandle$Holder.invokeStatic(java.lang.Object, java.lang.Object, java.lang.Object, java.lang.Object, java.lang.Object, java.lang.Object, java.lang.Object, java.lang.Object, java.lang.Object, java.lang.Object, java.lang.Object, int)'> (0x00000000862b9d78) thrown at [./src/hotspot/share/interpreter/linkResolver.cpp, line 773]
Event: 3.934 Thread 0x0000025ddc142800 Exception <a 'java/lang/NoSuchMethodError'{0x00000000862d8718}: 'java.lang.Object java.lang.invoke.DirectMethodHandle$Holder.invokeStatic(java.lang.Object, java.lang.Object, java.lang.Object, java.lang.Object, java.lang.Object, java.lang.Object, java.lang.Object, java.lang.Object, java.lang.Object, java.lang.Object, java.lang.Object, int, int)'> (0x00000000862d8718) thrown at [./src/hotspot/share/interpreter/linkResolver.cpp, line 773]
Event: 3.936 Thread 0x0000025ddc142800 Exception <a 'java/lang/NoSuchMethodError'{0x00000000862f7f48}: 'java.lang.Object java.lang.invoke.DirectMethodHandle$Holder.invokeStatic(java.lang.Object, java.lang.Object, java.lang.Object, java.lang.Object, java.lang.Object, java.lang.Object, java.lang.Object, java.lang.Object, java.lang.Object, java.lang.Object, java.lang.Object, int, int, java.lang.Object)'> (0x00000000862f7f48) thrown at [./src/hotspot/share/interpreter/linkResolver.cpp, line 773]
Event: 3.939 Thread 0x0000025ddc142800 Exception <a 'java/lang/NoSuchMethodError'{0x00000000861195a8}: 'java.lang.Object java.lang.invoke.DirectMethodHandle$Holder.invokeStatic(java.lang.Object, java.lang.Object, java.lang.Object, java.lang.Object, java.lang.Object, java.lang.Object, java.lang.Object, java.lang.Object, java.lang.Object, java.lang.Object, java.lang.Object, int, int, java.lang.Object, java.lang.Object)'> (0x00000000861195a8) thrown at [./src/hotspot/share/interpreter/linkResolver.cpp, line 773]
Event: 3.942 Thread 0x0000025ddc142800 Exception <a 'java/lang/ClassNotFoundException'{0x0000000086148400}: groovy/lang/ExpandoMetaClassBeanInfo> (0x0000000086148400) thrown at [./src/hotspot/share/classfile/systemDictionary.cpp, line 231]
Event: 3.943 Thread 0x0000025ddc142800 Exception <a 'java/lang/ClassNotFoundException'{0x00000000861675b8}: groovy/lang/MetaClassImplBeanInfo> (0x00000000861675b8) thrown at [./src/hotspot/share/classfile/systemDictionary.cpp, line 231]
Event: 3.944 Thread 0x0000025ddc142800 Exception <a 'java/lang/ClassNotFoundException'{0x00000000861705c8}: java/lang/ObjectBeanInfo> (0x00000000861705c8) thrown at [./src/hotspot/share/classfile/systemDictionary.cpp, line 231]
Event: 3.945 Thread 0x0000025ddc142800 Exception <a 'java/lang/ClassNotFoundException'{0x000000008617b770}: java/lang/ObjectCustomizer> (0x000000008617b770) thrown at [./src/hotspot/share/classfile/systemDictionary.cpp, line 231]

Events (20 events):
Event: 3.946 loading class com/sun/beans/introspect/MethodInfo done
Event: 3.946 loading class com/sun/beans/introspect/MethodInfo$MethodOrder
Event: 3.946 loading class com/sun/beans/introspect/MethodInfo$MethodOrder done
Event: 3.947 loading class java/beans/MethodDescriptor
Event: 3.947 loading class java/beans/MethodDescriptor done
Event: 3.947 loading class java/beans/MethodRef
Event: 3.947 loading class java/beans/MethodRef done
Event: 3.947 loading class com/sun/beans/TypeResolver
Event: 3.947 loading class com/sun/beans/TypeResolver done
Event: 3.948 loading class com/sun/beans/introspect/EventSetInfo
Event: 3.948 loading class com/sun/beans/introspect/EventSetInfo done
Event: 3.948 loading class com/sun/beans/introspect/PropertyInfo
Event: 3.948 loading class com/sun/beans/introspect/PropertyInfo done
Event: 3.948 loading class com/sun/beans/WildcardTypeImpl
Event: 3.948 loading class com/sun/beans/WildcardTypeImpl done
Event: 3.949 loading class java/beans/BeanProperty
Event: 3.949 loading class java/beans/BeanProperty done
Event: 3.949 loading class java/beans/Transient
Event: 3.949 loading class java/beans/Transient done
Event: 3.949 loading class com/sun/beans/introspect/PropertyInfo$Name


Dynamic libraries:
0x00007ff7c4040000 - 0x00007ff7c404a000 	D:\Program Files\Android\jre\bin\java.exe
0x00007ffd65b20000 - 0x00007ffd65d10000 	C:\Windows\SYSTEM32\ntdll.dll
0x00007ffd65a60000 - 0x00007ffd65b12000 	C:\Windows\System32\KERNEL32.DLL
0x00007ffd62c90000 - 0x00007ffd62f33000 	C:\Windows\System32\KERNELBASE.dll
0x00007ffd63ab0000 - 0x00007ffd63baa000 	C:\Windows\System32\ucrtbase.dll
0x00007ffd584d0000 - 0x00007ffd584e7000 	D:\Program Files\Android\jre\bin\VCRUNTIME140.dll
0x00007ffd502a0000 - 0x00007ffd502b9000 	D:\Program Files\Android\jre\bin\jli.dll
0x00007ffd658c0000 - 0x00007ffd65a54000 	C:\Windows\System32\USER32.dll
0x00007ffd63a80000 - 0x00007ffd63aa1000 	C:\Windows\System32\win32u.dll
0x00007ffd516f0000 - 0x00007ffd51975000 	C:\Windows\WinSxS\amd64_microsoft.windows.common-controls_6595b64144ccf1df_6.0.18362.535_none_e6c3b34713100821\COMCTL32.dll
0x00007ffd65690000 - 0x00007ffd656b6000 	C:\Windows\System32\GDI32.dll
0x00007ffd64830000 - 0x00007ffd648ce000 	C:\Windows\System32\msvcrt.dll
0x00007ffd62af0000 - 0x00007ffd62c84000 	C:\Windows\System32\gdi32full.dll
0x00007ffd644f0000 - 0x00007ffd64826000 	C:\Windows\System32\combase.dll
0x00007ffd63710000 - 0x00007ffd637ae000 	C:\Windows\System32\msvcp_win.dll
0x00007ffd651c0000 - 0x00007ffd652e0000 	C:\Windows\System32\RPCRT4.dll
0x00007ffd639b0000 - 0x00007ffd63a30000 	C:\Windows\System32\bcryptPrimitives.dll
0x00007ffd64370000 - 0x00007ffd6439e000 	C:\Windows\System32\IMM32.DLL
0x00007ffd3a8a0000 - 0x00007ffd3a93d000 	D:\Program Files\Android\jre\bin\msvcp140.dll
0x00007ffd25640000 - 0x00007ffd26115000 	D:\Program Files\Android\jre\bin\server\jvm.dll
0x00007ffd642b0000 - 0x00007ffd64353000 	C:\Windows\System32\ADVAPI32.dll
0x00007ffd656c0000 - 0x00007ffd65757000 	C:\Windows\System32\sechost.dll
0x00007ffd65570000 - 0x00007ffd65578000 	C:\Windows\System32\PSAPI.DLL
0x00007ffd5f170000 - 0x00007ffd5f179000 	C:\Windows\SYSTEM32\WSOCK32.dll
0x00007ffd601c0000 - 0x00007ffd601e4000 	C:\Windows\SYSTEM32\WINMM.dll
0x00007ffd5c500000 - 0x00007ffd5c50a000 	C:\Windows\SYSTEM32\VERSION.dll
0x00007ffd60180000 - 0x00007ffd601ad000 	C:\Windows\SYSTEM32\winmmbase.dll
0x00007ffd63a30000 - 0x00007ffd63a7a000 	C:\Windows\System32\cfgmgr32.dll
0x00007ffd65150000 - 0x00007ffd651bf000 	C:\Windows\System32\WS2_32.dll
0x00007ffd62a40000 - 0x00007ffd62a51000 	C:\Windows\System32\kernel.appcore.dll
0x00007ffd5dc40000 - 0x00007ffd5dc51000 	D:\Program Files\Android\jre\bin\verify.dll
0x00007ffd61350000 - 0x00007ffd61544000 	C:\Windows\SYSTEM32\DBGHELP.DLL
0x00007ffd4dcf0000 - 0x00007ffd4dd1a000 	C:\Windows\SYSTEM32\dbgcore.DLL
0x00007ffd5d670000 - 0x00007ffd5d699000 	D:\Program Files\Android\jre\bin\java.dll
0x00007ffd5dc30000 - 0x00007ffd5dc3b000 	D:\Program Files\Android\jre\bin\jimage.dll
0x00007ffd5d650000 - 0x00007ffd5d668000 	D:\Program Files\Android\jre\bin\zip.dll
0x00007ffd649a0000 - 0x00007ffd65085000 	C:\Windows\System32\SHELL32.dll
0x00007ffd65580000 - 0x00007ffd65629000 	C:\Windows\System32\shcore.dll
0x00007ffd62f60000 - 0x00007ffd636df000 	C:\Windows\System32\windows.storage.dll
0x00007ffd62ad0000 - 0x00007ffd62aef000 	C:\Windows\System32\profapi.dll
0x00007ffd62a60000 - 0x00007ffd62aaa000 	C:\Windows\System32\powrprof.dll
0x00007ffd62a30000 - 0x00007ffd62a40000 	C:\Windows\System32\UMPDC.dll
0x00007ffd65510000 - 0x00007ffd65562000 	C:\Windows\System32\shlwapi.dll
0x00007ffd62f40000 - 0x00007ffd62f57000 	C:\Windows\System32\cryptsp.dll
0x00007ffd5d550000 - 0x00007ffd5d56a000 	D:\Program Files\Android\jre\bin\net.dll
0x00007ffd52e30000 - 0x00007ffd52f20000 	C:\Windows\SYSTEM32\WINHTTP.dll
0x00007ffd622a0000 - 0x00007ffd62307000 	C:\Windows\system32\mswsock.dll
0x00007ffd5d4d0000 - 0x00007ffd5d4e4000 	D:\Program Files\Android\jre\bin\nio.dll
0x00007ffd502c0000 - 0x00007ffd502e7000 	D:\ProgramsfilesD\Android\Sdk\native\e1d6ef7f7dcc3fd88c89a11ec53ec762bb8ba0a96d01ffa2cd45eb1d1d8dd5c5\windows-amd64\native-platform.dll
0x00007ffd35b30000 - 0x00007ffd35c74000 	D:\ProgramsfilesD\Android\Sdk\native\5664cfc778a61ccfe75a443a1ab52a65af34e5dc3c78e0209fed803814484fcb\windows-amd64\native-platform-file-events.dll
0x00007ffd5dc20000 - 0x00007ffd5dc2a000 	D:\Program Files\Android\jre\bin\management.dll
0x00007ffd5d9e0000 - 0x00007ffd5d9ed000 	D:\Program Files\Android\jre\bin\management_ext.dll
0x00007ffd61e10000 - 0x00007ffd61e43000 	C:\Windows\system32\rsaenh.dll
0x00007ffd636e0000 - 0x00007ffd63706000 	C:\Windows\System32\bcrypt.dll
0x00007ffd62920000 - 0x00007ffd62945000 	C:\Windows\SYSTEM32\USERENV.dll
0x00007ffd62470000 - 0x00007ffd6247c000 	C:\Windows\SYSTEM32\CRYPTBASE.dll
0x00007ffd61fb0000 - 0x00007ffd61fea000 	C:\Windows\SYSTEM32\IPHLPAPI.DLL
0x00007ffd65090000 - 0x00007ffd65098000 	C:\Windows\System32\NSI.dll
0x00007ffd58860000 - 0x00007ffd58876000 	C:\Windows\SYSTEM32\dhcpcsvc6.DLL
0x00007ffd5a370000 - 0x00007ffd5a38c000 	C:\Windows\SYSTEM32\dhcpcsvc.DLL
0x00007ffd61ff0000 - 0x00007ffd620ba000 	C:\Windows\SYSTEM32\DNSAPI.dll

dbghelp: loaded successfully - version: 4.0.5 - missing functions: none
symbol engine: initialized successfully - sym options: 0x614 - pdb path: .;D:\Program Files\Android\jre\bin;C:\Windows\SYSTEM32;C:\Windows\WinSxS\amd64_microsoft.windows.common-controls_6595b64144ccf1df_6.0.18362.535_none_e6c3b34713100821;D:\Program Files\Android\jre\bin\server;D:\ProgramsfilesD\Android\Sdk\native\e1d6ef7f7dcc3fd88c89a11ec53ec762bb8ba0a96d01ffa2cd45eb1d1d8dd5c5\windows-amd64;D:\ProgramsfilesD\Android\Sdk\native\5664cfc778a61ccfe75a443a1ab52a65af34e5dc3c78e0209fed803814484fcb\windows-amd64

VM Arguments:
jvm_args: --add-opens=java.base/java.util=ALL-UNNAMED --add-opens=java.base/java.lang=ALL-UNNAMED --add-opens=java.base/java.lang.invoke=ALL-UNNAMED --add-opens=java.base/java.util=ALL-UNNAMED --add-opens=java.prefs/java.util.prefs=ALL-UNNAMED --add-opens=java.prefs/java.util.prefs=ALL-UNNAMED --add-opens=java.base/java.nio.charset=ALL-UNNAMED --add-opens=java.base/java.net=ALL-UNNAMED --add-opens=java.base/java.util.concurrent.atomic=ALL-UNNAMED -Xmx2048m -Dfile.encoding=UTF-8 -Duser.country=RU -Duser.language=ru -Duser.variant 
java_command: org.gradle.launcher.daemon.bootstrap.GradleDaemon 7.2
java_class_path (initial): D:\ProgramsfilesD\Android\Sdk\wrapper\dists\gradle-7.2-bin\2dnblmf4td7x66yl1d74lt32g\gradle-7.2\lib\gradle-launcher-7.2.jar
Launcher Type: SUN_STANDARD

[Global flags]
     intx CICompilerCount                          = 4                                         {product} {ergonomic}
     uint ConcGCThreads                            = 2                                         {product} {ergonomic}
     uint G1ConcRefinementThreads                  = 8                                         {product} {ergonomic}
   size_t G1HeapRegionSize                         = 1048576                                   {product} {ergonomic}
    uintx GCDrainStackTargetSize                   = 64                                        {product} {ergonomic}
   size_t InitialHeapSize                          = 132120576                                 {product} {ergonomic}
   size_t MarkStackSize                            = 4194304                                   {product} {ergonomic}
   size_t MaxHeapSize                              = 2147483648                                {product} {command line}
   size_t MaxNewSize                               = 1287651328                                {product} {ergonomic}
   size_t MinHeapDeltaBytes                        = 1048576                                   {product} {ergonomic}
    uintx NonNMethodCodeHeapSize                   = 5836300                                {pd product} {ergonomic}
    uintx NonProfiledCodeHeapSize                  = 122910970                              {pd product} {ergonomic}
    uintx ProfiledCodeHeapSize                     = 122910970                              {pd product} {ergonomic}
    uintx ReservedCodeCacheSize                    = 251658240                              {pd product} {ergonomic}
     bool SegmentedCodeCache                       = true                                      {product} {ergonomic}
     bool UseCompressedClassPointers               = true                                 {lp64_product} {ergonomic}
     bool UseCompressedOops                        = true                                 {lp64_product} {ergonomic}
     bool UseG1GC                                  = true                                      {product} {ergonomic}
     bool UseLargePagesIndividualAllocation        = false                                  {pd product} {ergonomic}

Logging:
Log output configuration:
 #0: stdout all=warning uptime,level,tags
 #1: stderr all=off uptime,level,tags

Environment Variables:
JAVA_HOME=D:\Program Files\Java
PATH=C:\PROGRA~2\Borland\CBUILD~1\Bin;C:\PROGRA~2\Borland\CBUILD~1\Projects\Bpl;C:\Program Files\Common Files\Oracle\Java\javapath;C:\Windows\system32;C:\Windows;C:\Windows\System32\Wbem;C:\Windows\System32\WindowsPowerShell\v1.0\;C:\Program Files (x86)\NVIDIA Corporation\PhysX\Common;C:\Program Files\NVIDIA Corporation\NVIDIA NvDLISR;C:\Program Files\Microsoft\Web Platform Installer\;C:\Program Files (x86)\Microsoft ASP.NET\ASP.NET Web Pages\v1.0\;C:\Program Files\Microsoft SQL Server\110\Tools\Binn\;C:\Program Files\Git\cmd;C:\Users\asus\AppData\Local\Programs\Python\Python310\Scripts\;C:\Users\asus\AppData\Local\Programs\Python\Python310\;C:\Users\asus\AppData\Local\Microsoft\WindowsApps;;D:\Program Files\JetBrains\IntelliJ IDEA Community Edition 2020.3\bin;
USERNAME=asus
OS=Windows_NT
PROCESSOR_IDENTIFIER=Intel64 Family 6 Model 126 Stepping 5, GenuineIntel



---------------  S Y S T E M  ---------------

OS: Windows 10 , 64 bit Build 18362 (10.0.18362.329)
OS uptime: 0 days 1:13 hours

CPU:total 8 (initial active 8) (4 cores per cpu, 2 threads per core) family 6 model 126 stepping 5 microcode 0x96, cmov, cx8, fxsr, mmx, sse, sse2, sse3, ssse3, sse4.1, sse4.2, popcnt, avx, avx2, aes, clmul, erms, 3dnowpref, lzcnt, ht, tsc, tscinvbit, bmi1, bmi2, adx, evex, sha, fma

Memory: 4k page, system-wide physical 7997M (783M free)
TotalPageFile size 7997M (AvailPageFile size 5M)
current process WorkingSet (physical memory assigned to process): 260M, peak: 260M
current process commit charge ("private bytes"): 347M, peak: 349M

vm_info: OpenJDK 64-Bit Server VM (11.0.11+9-b60-7590822) for windows-amd64 JRE (11.0.11+9-b60-7590822), built on Jul 29 2021 21:43:44 by "builder" with MS VC++ 14.0 (VS2015)

END.
