#
# There is insufficient memory for the Java Runtime Environment to continue.
# Native memory allocation (malloc) failed to allocate 2475216 bytes for Chunk::new
# Possible reasons:
#   The system is out of physical RAM or swap space
#   The process is running with CompressedOops enabled, and the Java Heap may be blocking the growth of the native heap
# Possible solutions:
#   Reduce memory load on the system
#   Increase physical memory or swap space
#   Check if swap backing store is full
#   Decrease Java heap size (-Xmx/-Xms)
#   Decrease number of Java threads
#   Decrease Java thread stack sizes (-Xss)
#   Set larger code cache with -XX:ReservedCodeCacheSize=
#   JVM is running with Unscaled Compressed Oops mode in which the Java heap is
#     placed in the first 4GB address space. The Java Heap base address is the
#     maximum limit for the native heap growth. Please use -XX:HeapBaseMinAddress
#     to set the Java Heap base and to place the Java Heap above 4GB virtual address.
# This output file may be truncated or incomplete.
#
#  Out of Memory Error (./src/hotspot/share/memory/arena.cpp:197), pid=12500, tid=10052
#
# JRE version: OpenJDK Runtime Environment (11.0.11+9) (build 11.0.11+9-b60-7590822)
# Java VM: OpenJDK 64-Bit Server VM (11.0.11+9-b60-7590822, mixed mode, tiered, compressed oops, g1 gc, windows-amd64)
# No core dump will be written. Minidumps are not enabled by default on client versions of Windows
#

---------------  S U M M A R Y ------------

Command Line: --add-opens=java.base/java.util=ALL-UNNAMED --add-opens=java.base/java.lang=ALL-UNNAMED --add-opens=java.base/java.lang.invoke=ALL-UNNAMED --add-opens=java.base/java.util=ALL-UNNAMED --add-opens=java.prefs/java.util.prefs=ALL-UNNAMED --add-opens=java.prefs/java.util.prefs=ALL-UNNAMED --add-opens=java.base/java.nio.charset=ALL-UNNAMED --add-opens=java.base/java.net=ALL-UNNAMED --add-opens=java.base/java.util.concurrent.atomic=ALL-UNNAMED -Xmx2048m -Dfile.encoding=UTF-8 -Duser.country=RU -Duser.language=ru -Duser.variant org.gradle.launcher.daemon.bootstrap.GradleDaemon 7.2

Host: Intel(R) Core(TM) i7-1065G7 CPU @ 1.30GHz, 8 cores, 7G,  Windows 10 , 64 bit Build 18362 (10.0.18362.329)
Time: Wed May 25 23:29:31 2022 Caiaaiay Acey (ceia) elapsed time: 2805.955604 seconds (0d 0h 46m 45s)

---------------  T H R E A D  ---------------

Current thread (0x0000026d1c7f9000):  JavaThread "C2 CompilerThread0" daemon [_thread_in_native, id=10052, stack(0x000000e1ab000000,0x000000e1ab100000)]


Current CompileTask:
C2:2805955 22411       4       org.gradle.internal.instantiation.generator.AbstractClassGenerator::inspectType (560 bytes)

Stack: [0x000000e1ab000000,0x000000e1ab100000]
Native frames: (J=compiled Java code, j=interpreted, Vv=VM code, C=native code)
V  [jvm.dll+0x5f214a]
V  [jvm.dll+0x726fb5]
V  [jvm.dll+0x7285cd]
V  [jvm.dll+0x728c83]
V  [jvm.dll+0x243278]
V  [jvm.dll+0xbc53c]
V  [jvm.dll+0xbca3c]
V  [jvm.dll+0x353e3b]
V  [jvm.dll+0x321893]
V  [jvm.dll+0x320d8a]
V  [jvm.dll+0x1fc1e2]
V  [jvm.dll+0x1fb3d4]
V  [jvm.dll+0x183d6c]
V  [jvm.dll+0x209a57]
V  [jvm.dll+0x2082a1]
V  [jvm.dll+0x6ef58f]
V  [jvm.dll+0x6e80b5]
V  [jvm.dll+0x5f1036]
C  [ucrtbase.dll+0x20e72]
C  [KERNEL32.DLL+0x17bd4]
C  [ntdll.dll+0x6ced1]


---------------  P R O C E S S  ---------------

Threads class SMR info:
_java_thread_list=0x0000026d2d03a070, length=166, elements={
0x0000026d7fa4e800, 0x0000026d1bfd8800, 0x0000026d1bfda000, 0x0000026d1bfd3000,
0x0000026d1c7f4800, 0x0000026d1c7f5000, 0x0000026d1c7f9000, 0x0000026d1c7fe000,
0x0000026d1c842800, 0x0000026d1c9a5800, 0x0000026d1f035800, 0x0000026d1ce88000,
0x0000026d1cbe5800, 0x0000026d1eb2c000, 0x0000026d1eb28000, 0x0000026d1eb2b800,
0x0000026d1eb2a800, 0x0000026d1eb26800, 0x0000026d20260000, 0x0000026d20261800,
0x0000026d20267800, 0x0000026d20265000, 0x0000026d20262800, 0x0000026d21ba3800,
0x0000026d21ba4000, 0x0000026d21b9f800, 0x0000026d21ba6000, 0x0000026d21ba6800,
0x0000026d24059000, 0x0000026d25804800, 0x0000026d257ff000, 0x0000026d25801800,
0x0000026d25805800, 0x0000026d25802000, 0x0000026d25800000, 0x0000026d25809000,
0x0000026d25809800, 0x0000026d2580a800, 0x0000026d2580c000, 0x0000026d25806800,
0x0000026d2580b000, 0x0000026d2580d000, 0x0000026d25807000, 0x0000026d2580d800,
0x0000026d25808000, 0x0000026d21b99000, 0x0000026d21b9d000, 0x0000026d21b98000,
0x0000026d21b99800, 0x0000026d21ba0000, 0x0000026d21b9a800, 0x0000026d21b9e800,
0x0000026d21ba1000, 0x0000026d21b9b000, 0x0000026d21b9d800, 0x0000026d21ba2000,
0x0000026d21b9c000, 0x0000026d21ba5000, 0x0000026d21ba2800, 0x0000026d20266000,
0x0000026d20266800, 0x0000026d20264000, 0x0000026d20263800, 0x0000026d20261000,
0x0000026d2026c800, 0x0000026d20269000, 0x0000026d2026e000, 0x0000026d2026a000,
0x0000026d2026d000, 0x0000026d2026a800, 0x0000026d2026b800, 0x0000026d24059800,
0x0000026d24056800, 0x0000026d24058000, 0x0000026d24054000, 0x0000026d24057000,
0x0000026d24055800, 0x0000026d24054800, 0x0000026d1eb29000, 0x0000026d1eb29800,
0x0000026d1eb2d000, 0x0000026d1eb27000, 0x0000026d1f9c4800, 0x0000026d1f9c2000,
0x0000026d1f9c2800, 0x0000026d1f9c5000, 0x0000026d1f9c0000, 0x0000026d1f9c1000,
0x0000026d1f9c6000, 0x0000026d1f9c6800, 0x0000026d1f9c8800, 0x0000026d1f9c7800,
0x0000026d1f9c9000, 0x0000026d1f9c3800, 0x0000026d1f9cb800, 0x0000026d1f9ca000,
0x0000026d1f9cc800, 0x0000026d1f9cb000, 0x0000026d1f9cd800, 0x0000026d1f9ce000,
0x0000026d1f9cf000, 0x0000026d25075000, 0x0000026d25076000, 0x0000026d2507a000,
0x0000026d2507c800, 0x0000026d25078800, 0x0000026d25079000, 0x0000026d2507b000,
0x0000026d2507b800, 0x0000026d25077000, 0x0000026d2507d800, 0x0000026d25077800,
0x0000026d25082000, 0x0000026d25080000, 0x0000026d25081800, 0x0000026d2507f000,
0x0000026d2507e000, 0x0000026d25083000, 0x0000026d25080800, 0x0000026d25084000,
0x0000026d1dde8800, 0x0000026d1dde9800, 0x0000026d1ddeb000, 0x0000026d1ddec800,
0x0000026d1ddea000, 0x0000026d1ddec000, 0x0000026d1dded800, 0x0000026d1dde7800,
0x0000026d1ddf2800, 0x0000026d1ddf3000, 0x0000026d1ddf4000, 0x0000026d1ddef000,
0x0000026d1ddf5800, 0x0000026d1ddf6800, 0x0000026d25819800, 0x0000026d2581c800,
0x0000026d2581a800, 0x0000026d25817000, 0x0000026d25820000, 0x0000026d25821000,
0x0000026d25821800, 0x0000026d25818800, 0x0000026d2581d800, 0x0000026d2581f000,
0x0000026d2581b000, 0x0000026d25822800, 0x0000026d25823000, 0x0000026d25824000,
0x0000026d2581e800, 0x0000026d25825000, 0x0000026d25825800, 0x0000026d1ddee000,
0x0000026d1ddf0000, 0x0000026d1ddf5000, 0x0000026d1ddf0800, 0x0000026d1ddf1800,
0x0000026d2581c000, 0x0000026d296df800, 0x0000026d296e0800, 0x0000026d296e2000,
0x0000026d296dc000, 0x0000026d296dd000, 0x0000026d296e3000, 0x0000026d296e3800,
0x0000026d296de000, 0x0000026d296e4800
}

Java Threads: ( => current thread )
  0x0000026d7fa4e800 JavaThread "main" [_thread_blocked, id=11052, stack(0x000000e1aa400000,0x000000e1aa500000)]
  0x0000026d1bfd8800 JavaThread "Reference Handler" daemon [_thread_blocked, id=10904, stack(0x000000e1aab00000,0x000000e1aac00000)]
  0x0000026d1bfda000 JavaThread "Finalizer" daemon [_thread_blocked, id=10964, stack(0x000000e1aac00000,0x000000e1aad00000)]
  0x0000026d1bfd3000 JavaThread "Signal Dispatcher" daemon [_thread_blocked, id=4216, stack(0x000000e1aad00000,0x000000e1aae00000)]
  0x0000026d1c7f4800 JavaThread "Attach Listener" daemon [_thread_blocked, id=9832, stack(0x000000e1aae00000,0x000000e1aaf00000)]
  0x0000026d1c7f5000 JavaThread "Service Thread" daemon [_thread_blocked, id=1536, stack(0x000000e1aaf00000,0x000000e1ab000000)]
=>0x0000026d1c7f9000 JavaThread "C2 CompilerThread0" daemon [_thread_in_native, id=10052, stack(0x000000e1ab000000,0x000000e1ab100000)]
  0x0000026d1c7fe000 JavaThread "C1 CompilerThread0" daemon [_thread_blocked, id=12416, stack(0x000000e1ab100000,0x000000e1ab200000)]
  0x0000026d1c842800 JavaThread "Sweeper thread" daemon [_thread_blocked, id=9852, stack(0x000000e1ab200000,0x000000e1ab300000)]
  0x0000026d1c9a5800 JavaThread "Common-Cleaner" daemon [_thread_blocked, id=13052, stack(0x000000e1ab300000,0x000000e1ab400000)]
  0x0000026d1f035800 JavaThread "Daemon health stats" [_thread_blocked, id=1472, stack(0x000000e1ab900000,0x000000e1aba00000)]
  0x0000026d1ce88000 JavaThread "Incoming local TCP Connector on port 65383" [_thread_in_native, id=10776, stack(0x000000e1ab500000,0x000000e1ab600000)]
  0x0000026d1cbe5800 JavaThread "Daemon periodic checks" [_thread_blocked, id=11984, stack(0x000000e1aba00000,0x000000e1abb00000)]
  0x0000026d1eb2c000 JavaThread "Cache worker for journal cache (D:\ProgramsfilesD\Android\Sdk\caches\journal-1)" [_thread_blocked, id=12540, stack(0x000000e1ac700000,0x000000e1ac800000)]
  0x0000026d1eb28000 JavaThread "File lock request listener" [_thread_in_native, id=12528, stack(0x000000e1ac800000,0x000000e1ac900000)]
  0x0000026d1eb2b800 JavaThread "Cache worker for file hash cache (D:\ProgramsfilesD\Android\Sdk\caches\7.2\fileHashes)" [_thread_blocked, id=12260, stack(0x000000e1ac900000,0x000000e1aca00000)]
  0x0000026d1eb2a800 JavaThread "File watcher server" daemon [_thread_in_native, id=13152, stack(0x000000e1acb00000,0x000000e1acc00000)]
  0x0000026d1eb26800 JavaThread "File watcher consumer" daemon [_thread_blocked, id=612, stack(0x000000e1acc00000,0x000000e1acd00000)]
  0x0000026d20260000 JavaThread "Cache worker for execution history cache (D:\ProgramsfilesD\Android\Sdk\caches\7.2\executionHistory)" [_thread_blocked, id=5196, stack(0x000000e1ad200000,0x000000e1ad300000)]
  0x0000026d20261800 JavaThread "jar transforms" [_thread_blocked, id=2080, stack(0x000000e1ad300000,0x000000e1ad400000)]
  0x0000026d20267800 JavaThread "Cache worker for file content cache (D:\ProgramsfilesD\Android\Sdk\caches\7.2\fileContent)" [_thread_blocked, id=2000, stack(0x000000e1ad400000,0x000000e1ad500000)]
  0x0000026d20265000 JavaThread "jar transforms Thread 2" [_thread_blocked, id=1968, stack(0x000000e1ad500000,0x000000e1ad600000)]
  0x0000026d20262800 JavaThread "jar transforms Thread 3" [_thread_blocked, id=6848, stack(0x000000e1ad700000,0x000000e1ad800000)]
  0x0000026d21ba3800 JavaThread "jar transforms Thread 4" [_thread_blocked, id=5060, stack(0x000000e1b2900000,0x000000e1b2a00000)]
  0x0000026d21ba4000 JavaThread "jar transforms Thread 5" [_thread_blocked, id=4936, stack(0x000000e1b2a00000,0x000000e1b2b00000)]
  0x0000026d21b9f800 JavaThread "jar transforms Thread 6" [_thread_blocked, id=6916, stack(0x000000e1b2b00000,0x000000e1b2c00000)]
  0x0000026d21ba6000 JavaThread "jar transforms Thread 7" [_thread_blocked, id=7540, stack(0x000000e1b2c00000,0x000000e1b2d00000)]
  0x0000026d21ba6800 JavaThread "jar transforms Thread 8" [_thread_blocked, id=4904, stack(0x000000e1b2d00000,0x000000e1b2e00000)]
  0x0000026d24059000 JavaThread "Memory manager" [_thread_blocked, id=8168, stack(0x000000e1b2e00000,0x000000e1b2f00000)]
  0x0000026d25804800 JavaThread "Daemon Thread 2" [_thread_blocked, id=3680, stack(0x000000e1aa100000,0x000000e1aa200000)]
  0x0000026d257ff000 JavaThread "Handler for socket connection from /127.0.0.1:65383 to /127.0.0.1:52389" [_thread_in_native, id=12808, stack(0x000000e1aa200000,0x000000e1aa300000)]
  0x0000026d25801800 JavaThread "Cancel handler" [_thread_blocked, id=12536, stack(0x000000e1aa300000,0x000000e1aa400000)]
  0x0000026d25805800 JavaThread "Daemon worker Thread 2" [_thread_blocked, id=4172, stack(0x000000e1abb00000,0x000000e1abc00000)]
  0x0000026d25802000 JavaThread "Asynchronous log dispatcher for DefaultDaemonConnection: socket connection from /127.0.0.1:65383 to /127.0.0.1:52389" [_thread_blocked, id=3960, stack(0x000000e1abc00000,0x000000e1abd00000)]
  0x0000026d25800000 JavaThread "Daemon client event forwarder" [_thread_blocked, id=9708, stack(0x000000e1abe00000,0x000000e1abf00000)]
  0x0000026d25809000 JavaThread "Cache worker for file hash cache (D:\NotesApp\.gradle\7.2\fileHashes)" [_thread_blocked, id=4860, stack(0x000000e1abf00000,0x000000e1ac000000)]
  0x0000026d25809800 JavaThread "Cache worker for checksums cache (D:\NotesApp\.gradle\checksums)" [_thread_blocked, id=5672, stack(0x000000e1acd00000,0x000000e1ace00000)]
  0x0000026d2580a800 JavaThread "Cache worker for cache directory md-supplier (D:\ProgramsfilesD\Android\Sdk\caches\7.2\md-supplier)" [_thread_blocked, id=7576, stack(0x000000e1ace00000,0x000000e1acf00000)]
  0x0000026d2580c000 JavaThread "Cache worker for cache directory md-rule (D:\ProgramsfilesD\Android\Sdk\caches\7.2\md-rule)" [_thread_blocked, id=6776, stack(0x000000e1acf00000,0x000000e1ad000000)]
  0x0000026d25806800 JavaThread "Cache worker for dependencies-accessors (D:\NotesApp\.gradle\7.2\dependencies-accessors)" [_thread_blocked, id=8264, stack(0x000000e1ad000000,0x000000e1ad100000)]
  0x0000026d2580b000 JavaThread "Cache worker for Build Output Cleanup Cache (D:\NotesApp\.gradle\buildOutputCleanup)" [_thread_blocked, id=9252, stack(0x000000e1ad100000,0x000000e1ad200000)]
  0x0000026d2580d000 JavaThread "Unconstrained build operations" [_thread_blocked, id=7160, stack(0x000000e1ad600000,0x000000e1ad700000)]
  0x0000026d25807000 JavaThread "Unconstrained build operations Thread 2" [_thread_blocked, id=140, stack(0x000000e1ad800000,0x000000e1ad900000)]
  0x0000026d2580d800 JavaThread "Unconstrained build operations Thread 3" [_thread_blocked, id=1908, stack(0x000000e1ad900000,0x000000e1ada00000)]
  0x0000026d25808000 JavaThread "Unconstrained build operations Thread 4" [_thread_blocked, id=1716, stack(0x000000e1ada00000,0x000000e1adb00000)]
  0x0000026d21b99000 JavaThread "Unconstrained build operations Thread 5" [_thread_blocked, id=1824, stack(0x000000e1adb00000,0x000000e1adc00000)]
  0x0000026d21b9d000 JavaThread "Unconstrained build operations Thread 6" [_thread_blocked, id=6536, stack(0x000000e1adc00000,0x000000e1add00000)]
  0x0000026d21b98000 JavaThread "Unconstrained build operations Thread 7" [_thread_blocked, id=2612, stack(0x000000e1add00000,0x000000e1ade00000)]
  0x0000026d21b99800 JavaThread "Unconstrained build operations Thread 8" [_thread_blocked, id=8996, stack(0x000000e1ade00000,0x000000e1adf00000)]
  0x0000026d21ba0000 JavaThread "Unconstrained build operations Thread 9" [_thread_blocked, id=4312, stack(0x000000e1adf00000,0x000000e1ae000000)]
  0x0000026d21b9a800 JavaThread "Unconstrained build operations Thread 10" [_thread_blocked, id=5432, stack(0x000000e1ae000000,0x000000e1ae100000)]
  0x0000026d21b9e800 JavaThread "Unconstrained build operations Thread 11" [_thread_blocked, id=12352, stack(0x000000e1ae100000,0x000000e1ae200000)]
  0x0000026d21ba1000 JavaThread "Unconstrained build operations Thread 12" [_thread_blocked, id=3532, stack(0x000000e1ae200000,0x000000e1ae300000)]
  0x0000026d21b9b000 JavaThread "Unconstrained build operations Thread 13" [_thread_blocked, id=2472, stack(0x000000e1ae300000,0x000000e1ae400000)]
  0x0000026d21b9d800 JavaThread "Unconstrained build operations Thread 14" [_thread_blocked, id=7984, stack(0x000000e1ae400000,0x000000e1ae500000)]
  0x0000026d21ba2000 JavaThread "Unconstrained build operations Thread 15" [_thread_blocked, id=8052, stack(0x000000e1ae500000,0x000000e1ae600000)]
  0x0000026d21b9c000 JavaThread "Unconstrained build operations Thread 16" [_thread_blocked, id=7916, stack(0x000000e1ae600000,0x000000e1ae700000)]
  0x0000026d21ba5000 JavaThread "Unconstrained build operations Thread 17" [_thread_blocked, id=5228, stack(0x000000e1ae700000,0x000000e1ae800000)]
  0x0000026d21ba2800 JavaThread "Unconstrained build operations Thread 18" [_thread_blocked, id=2476, stack(0x000000e1ae800000,0x000000e1ae900000)]
  0x0000026d20266000 JavaThread "Unconstrained build operations Thread 19" [_thread_blocked, id=5300, stack(0x000000e1ae900000,0x000000e1aea00000)]
  0x0000026d20266800 JavaThread "Unconstrained build operations Thread 20" [_thread_blocked, id=8588, stack(0x000000e1aea00000,0x000000e1aeb00000)]
  0x0000026d20264000 JavaThread "Unconstrained build operations Thread 21" [_thread_blocked, id=11420, stack(0x000000e1aeb00000,0x000000e1aec00000)]
  0x0000026d20263800 JavaThread "Unconstrained build operations Thread 22" [_thread_blocked, id=8096, stack(0x000000e1aec00000,0x000000e1aed00000)]
  0x0000026d20261000 JavaThread "Unconstrained build operations Thread 23" [_thread_blocked, id=13172, stack(0x000000e1aed00000,0x000000e1aee00000)]
  0x0000026d2026c800 JavaThread "Unconstrained build operations Thread 24" [_thread_blocked, id=11092, stack(0x000000e1aee00000,0x000000e1aef00000)]
  0x0000026d20269000 JavaThread "Unconstrained build operations Thread 25" [_thread_blocked, id=9300, stack(0x000000e1aef00000,0x000000e1af000000)]
  0x0000026d2026e000 JavaThread "Unconstrained build operations Thread 26" [_thread_blocked, id=7776, stack(0x000000e1af000000,0x000000e1af100000)]
  0x0000026d2026a000 JavaThread "Unconstrained build operations Thread 27" [_thread_blocked, id=9200, stack(0x000000e1af100000,0x000000e1af200000)]
  0x0000026d2026d000 JavaThread "Unconstrained build operations Thread 28" [_thread_blocked, id=13196, stack(0x000000e1af200000,0x000000e1af300000)]
  0x0000026d2026a800 JavaThread "Unconstrained build operations Thread 29" [_thread_blocked, id=7800, stack(0x000000e1af300000,0x000000e1af400000)]
  0x0000026d2026b800 JavaThread "Unconstrained build operations Thread 30" [_thread_blocked, id=12040, stack(0x000000e1af400000,0x000000e1af500000)]
  0x0000026d24059800 JavaThread "Unconstrained build operations Thread 31" [_thread_blocked, id=4200, stack(0x000000e1af500000,0x000000e1af600000)]
  0x0000026d24056800 JavaThread "Unconstrained build operations Thread 32" [_thread_blocked, id=6624, stack(0x000000e1af600000,0x000000e1af700000)]
  0x0000026d24058000 JavaThread "Unconstrained build operations Thread 33" [_thread_blocked, id=7848, stack(0x000000e1af700000,0x000000e1af800000)]
  0x0000026d24054000 JavaThread "Unconstrained build operations Thread 34" [_thread_blocked, id=13044, stack(0x000000e1af800000,0x000000e1af900000)]
  0x0000026d24057000 JavaThread "Unconstrained build operations Thread 35" [_thread_blocked, id=11756, stack(0x000000e1af900000,0x000000e1afa00000)]
  0x0000026d24055800 JavaThread "Unconstrained build operations Thread 36" [_thread_blocked, id=3148, stack(0x000000e1afa00000,0x000000e1afb00000)]
  0x0000026d24054800 JavaThread "Unconstrained build operations Thread 37" [_thread_blocked, id=2636, stack(0x000000e1afb00000,0x000000e1afc00000)]
  0x0000026d1eb29000 JavaThread "Unconstrained build operations Thread 38" [_thread_blocked, id=6456, stack(0x000000e1afc00000,0x000000e1afd00000)]
  0x0000026d1eb29800 JavaThread "Unconstrained build operations Thread 39" [_thread_blocked, id=5168, stack(0x000000e1afd00000,0x000000e1afe00000)]
  0x0000026d1eb2d000 JavaThread "Unconstrained build operations Thread 40" [_thread_blocked, id=11700, stack(0x000000e1afe00000,0x000000e1aff00000)]
  0x0000026d1eb27000 JavaThread "Unconstrained build operations Thread 41" [_thread_blocked, id=5356, stack(0x000000e1aff00000,0x000000e1b0000000)]
  0x0000026d1f9c4800 JavaThread "Unconstrained build operations Thread 42" [_thread_blocked, id=3324, stack(0x000000e1b0000000,0x000000e1b0100000)]
  0x0000026d1f9c2000 JavaThread "Unconstrained build operations Thread 43" [_thread_blocked, id=1208, stack(0x000000e1b0100000,0x000000e1b0200000)]
  0x0000026d1f9c2800 JavaThread "Unconstrained build operations Thread 44" [_thread_blocked, id=8064, stack(0x000000e1b0200000,0x000000e1b0300000)]
  0x0000026d1f9c5000 JavaThread "Unconstrained build operations Thread 45" [_thread_blocked, id=13120, stack(0x000000e1b0300000,0x000000e1b0400000)]
  0x0000026d1f9c0000 JavaThread "Unconstrained build operations Thread 46" [_thread_blocked, id=4828, stack(0x000000e1b0400000,0x000000e1b0500000)]
  0x0000026d1f9c1000 JavaThread "Unconstrained build operations Thread 47" [_thread_blocked, id=8916, stack(0x000000e1b0500000,0x000000e1b0600000)]
  0x0000026d1f9c6000 JavaThread "Unconstrained build operations Thread 48" [_thread_blocked, id=1832, stack(0x000000e1b0600000,0x000000e1b0700000)]
  0x0000026d1f9c6800 JavaThread "Unconstrained build operations Thread 49" [_thread_blocked, id=1664, stack(0x000000e1b0700000,0x000000e1b0800000)]
  0x0000026d1f9c8800 JavaThread "Unconstrained build operations Thread 50" [_thread_blocked, id=3656, stack(0x000000e1b0800000,0x000000e1b0900000)]
  0x0000026d1f9c7800 JavaThread "Unconstrained build operations Thread 51" [_thread_blocked, id=3492, stack(0x000000e1b0900000,0x000000e1b0a00000)]
  0x0000026d1f9c9000 JavaThread "Unconstrained build operations Thread 52" [_thread_blocked, id=4164, stack(0x000000e1b0a00000,0x000000e1b0b00000)]
  0x0000026d1f9c3800 JavaThread "Unconstrained build operations Thread 53" [_thread_blocked, id=13156, stack(0x000000e1b0b00000,0x000000e1b0c00000)]
  0x0000026d1f9cb800 JavaThread "Unconstrained build operations Thread 54" [_thread_blocked, id=4480, stack(0x000000e1b0c00000,0x000000e1b0d00000)]
  0x0000026d1f9ca000 JavaThread "Unconstrained build operations Thread 55" [_thread_blocked, id=1928, stack(0x000000e1b0d00000,0x000000e1b0e00000)]
  0x0000026d1f9cc800 JavaThread "Unconstrained build operations Thread 56" [_thread_blocked, id=9316, stack(0x000000e1b0e00000,0x000000e1b0f00000)]
  0x0000026d1f9cb000 JavaThread "Unconstrained build operations Thread 57" [_thread_blocked, id=12900, stack(0x000000e1b0f00000,0x000000e1b1000000)]
  0x0000026d1f9cd800 JavaThread "Unconstrained build operations Thread 58" [_thread_blocked, id=9336, stack(0x000000e1b1000000,0x000000e1b1100000)]
  0x0000026d1f9ce000 JavaThread "Unconstrained build operations Thread 59" [_thread_blocked, id=13084, stack(0x000000e1b1100000,0x000000e1b1200000)]
  0x0000026d1f9cf000 JavaThread "Unconstrained build operations Thread 60" [_thread_blocked, id=4604, stack(0x000000e1b1200000,0x000000e1b1300000)]
  0x0000026d25075000 JavaThread "Unconstrained build operations Thread 61" [_thread_blocked, id=12244, stack(0x000000e1b1300000,0x000000e1b1400000)]
  0x0000026d25076000 JavaThread "Unconstrained build operations Thread 62" [_thread_blocked, id=7496, stack(0x000000e1b1400000,0x000000e1b1500000)]
  0x0000026d2507a000 JavaThread "Unconstrained build operations Thread 63" [_thread_blocked, id=6328, stack(0x000000e1b1500000,0x000000e1b1600000)]
  0x0000026d2507c800 JavaThread "Unconstrained build operations Thread 64" [_thread_blocked, id=3244, stack(0x000000e1b1600000,0x000000e1b1700000)]
  0x0000026d25078800 JavaThread "Unconstrained build operations Thread 65" [_thread_blocked, id=3480, stack(0x000000e1b1700000,0x000000e1b1800000)]
  0x0000026d25079000 JavaThread "Unconstrained build operations Thread 66" [_thread_blocked, id=6796, stack(0x000000e1b1800000,0x000000e1b1900000)]
  0x0000026d2507b000 JavaThread "Unconstrained build operations Thread 67" [_thread_blocked, id=2416, stack(0x000000e1b1900000,0x000000e1b1a00000)]
  0x0000026d2507b800 JavaThread "Unconstrained build operations Thread 68" [_thread_blocked, id=7568, stack(0x000000e1b1a00000,0x000000e1b1b00000)]
  0x0000026d25077000 JavaThread "Unconstrained build operations Thread 69" [_thread_blocked, id=11524, stack(0x000000e1b1b00000,0x000000e1b1c00000)]
  0x0000026d2507d800 JavaThread "Unconstrained build operations Thread 70" [_thread_blocked, id=1000, stack(0x000000e1b1c00000,0x000000e1b1d00000)]
  0x0000026d25077800 JavaThread "Unconstrained build operations Thread 71" [_thread_blocked, id=2084, stack(0x000000e1b1d00000,0x000000e1b1e00000)]
  0x0000026d25082000 JavaThread "Unconstrained build operations Thread 72" [_thread_blocked, id=8544, stack(0x000000e1b1e00000,0x000000e1b1f00000)]
  0x0000026d25080000 JavaThread "Unconstrained build operations Thread 73" [_thread_blocked, id=2480, stack(0x000000e1b1f00000,0x000000e1b2000000)]
  0x0000026d25081800 JavaThread "Unconstrained build operations Thread 74" [_thread_blocked, id=872, stack(0x000000e1b2000000,0x000000e1b2100000)]
  0x0000026d2507f000 JavaThread "Unconstrained build operations Thread 75" [_thread_blocked, id=2324, stack(0x000000e1b2100000,0x000000e1b2200000)]
  0x0000026d2507e000 JavaThread "Unconstrained build operations Thread 76" [_thread_blocked, id=11060, stack(0x000000e1b2200000,0x000000e1b2300000)]
  0x0000026d25083000 JavaThread "Unconstrained build operations Thread 77" [_thread_blocked, id=4328, stack(0x000000e1b2300000,0x000000e1b2400000)]
  0x0000026d25080800 JavaThread "Unconstrained build operations Thread 78" [_thread_blocked, id=5964, stack(0x000000e1b2400000,0x000000e1b2500000)]
  0x0000026d25084000 JavaThread "Unconstrained build operations Thread 79" [_thread_blocked, id=5756, stack(0x000000e1b2500000,0x000000e1b2600000)]
  0x0000026d1dde8800 JavaThread "Unconstrained build operations Thread 80" [_thread_blocked, id=1304, stack(0x000000e1b2600000,0x000000e1b2700000)]
  0x0000026d1dde9800 JavaThread "build event listener" [_thread_blocked, id=9356, stack(0x000000e1b2f00000,0x000000e1b3000000)]
  0x0000026d1ddeb000 JavaThread "Execution worker for ':'" [_thread_blocked, id=4520, stack(0x000000e1b3000000,0x000000e1b3100000)]
  0x0000026d1ddec800 JavaThread "Execution worker for ':' Thread 2" [_thread_blocked, id=9800, stack(0x000000e1b3100000,0x000000e1b3200000)]
  0x0000026d1ddea000 JavaThread "Execution worker for ':' Thread 3" [_thread_blocked, id=9184, stack(0x000000e1b3200000,0x000000e1b3300000)]
  0x0000026d1ddec000 JavaThread "Execution worker for ':' Thread 4" [_thread_in_Java, id=13116, stack(0x000000e1b3300000,0x000000e1b3400000)]
  0x0000026d1dded800 JavaThread "Execution worker for ':' Thread 5" [_thread_blocked, id=12548, stack(0x000000e1b3400000,0x000000e1b3500000)]
  0x0000026d1dde7800 JavaThread "Execution worker for ':' Thread 6" [_thread_blocked, id=6476, stack(0x000000e1b3500000,0x000000e1b3600000)]
  0x0000026d1ddf2800 JavaThread "Execution worker for ':' Thread 7" [_thread_blocked, id=7884, stack(0x000000e1b3600000,0x000000e1b3700000)]
  0x0000026d1ddf3000 JavaThread "Cache worker for execution history cache (D:\NotesApp\.gradle\7.2\executionHistory)" [_thread_blocked, id=5556, stack(0x000000e1b3700000,0x000000e1b3800000)]
  0x0000026d1ddf4000 JavaThread "WorkerExecutor Queue" [_thread_blocked, id=888, stack(0x000000e1b3800000,0x000000e1b3900000)]
  0x0000026d1ddef000 JavaThread "pool-4-thread-1" [_thread_blocked, id=5428, stack(0x000000e1b3f00000,0x000000e1b4000000)]
  0x0000026d1ddf5800 JavaThread "stderr" [_thread_in_native, id=3092, stack(0x000000e1b4000000,0x000000e1b4100000)]
  0x0000026d1ddf6800 JavaThread "stdout" [_thread_in_native, id=2596, stack(0x000000e1b4100000,0x000000e1b4200000)]
  0x0000026d25819800 JavaThread "RMI Scheduler(0)" daemon [_thread_blocked, id=572, stack(0x000000e1ac500000,0x000000e1ac600000)]
  0x0000026d2581c800 JavaThread "RMI GC Daemon" daemon [_thread_blocked, id=6528, stack(0x000000e1b4300000,0x000000e1b4400000)]
  0x0000026d2581a800 JavaThread "RMI TCP Accept-0" daemon [_thread_in_native, id=2776, stack(0x000000e1b4400000,0x000000e1b4500000)]
  0x0000026d25817000 JavaThread "RMI Reaper" [_thread_blocked, id=984, stack(0x000000e1b4500000,0x000000e1b4600000)]
  0x0000026d25820000 JavaThread "RMI TCP Connection(idle)" daemon [_thread_blocked, id=7064, stack(0x000000e1b4600000,0x000000e1b4700000)]
  0x0000026d25821000 JavaThread "WorkerExecutor Queue Thread 9" [_thread_blocked, id=11152, stack(0x000000e1b4800000,0x000000e1b4900000)]
  0x0000026d25821800 JavaThread "RMI TCP Connection(5)-127.0.0.1" daemon [_thread_in_native, id=12616, stack(0x000000e1b4a00000,0x000000e1b4b00000)]
  0x0000026d25818800 JavaThread "Cache worker for Java compile cache (D:\ProgramsfilesD\Android\Sdk\caches\7.2\javaCompile)" [_thread_blocked, id=8204, stack(0x000000e1b3a00000,0x000000e1b3b00000)]
  0x0000026d2581d800 JavaThread "Build operations" [_thread_blocked, id=9736, stack(0x000000e1b3b00000,0x000000e1b3c00000)]
  0x0000026d2581f000 JavaThread "Build operations Thread 2" [_thread_blocked, id=5128, stack(0x000000e1b3c00000,0x000000e1b3d00000)]
  0x0000026d2581b000 JavaThread "Build operations Thread 3" [_thread_blocked, id=3380, stack(0x000000e1b3d00000,0x000000e1b3e00000)]
  0x0000026d25822800 JavaThread "Build operations Thread 4" [_thread_blocked, id=1320, stack(0x000000e1b3e00000,0x000000e1b3f00000)]
  0x0000026d25823000 JavaThread "Build operations Thread 5" [_thread_blocked, id=5656, stack(0x000000e1b4200000,0x000000e1b4300000)]
  0x0000026d25824000 JavaThread "Build operations Thread 6" [_thread_blocked, id=8436, stack(0x000000e1b4700000,0x000000e1b4800000)]
  0x0000026d2581e800 JavaThread "Build operations Thread 7" [_thread_blocked, id=2292, stack(0x000000e1b4900000,0x000000e1b4a00000)]
  0x0000026d25825000 JavaThread "Build operations Thread 8" [_thread_blocked, id=7840, stack(0x000000e1b4b00000,0x000000e1b4c00000)]
  0x0000026d25825800 JavaThread "WorkerExecutor Queue Thread 10" [_thread_blocked, id=2580, stack(0x000000e1b4c00000,0x000000e1b4d00000)]
  0x0000026d1ddee000 JavaThread "C2 CompilerThread1" daemon [_thread_in_native, id=8076, stack(0x000000e1ac600000,0x000000e1ac700000)]
  0x0000026d1ddf0000 JavaThread "C2 CompilerThread2" daemon [_thread_in_native, id=1232, stack(0x000000e1b3900000,0x000000e1b3a00000)]
  0x0000026d1ddf5000 JavaThread "WorkerExecutor Queue Thread 11" [_thread_blocked, id=12308, stack(0x000000e1b4d00000,0x000000e1b4e00000)]
  0x0000026d1ddf0800 JavaThread "WorkerExecutor Queue Thread 12" [_thread_blocked, id=10972, stack(0x000000e1b4e00000,0x000000e1b4f00000)]
  0x0000026d1ddf1800 JavaThread "WorkerExecutor Queue Thread 13" [_thread_blocked, id=12864, stack(0x000000e1b4f00000,0x000000e1b5000000)]
  0x0000026d2581c000 JavaThread "WorkerExecutor Queue Thread 14" [_thread_blocked, id=10316, stack(0x000000e1b5000000,0x000000e1b5100000)]
  0x0000026d296df800 JavaThread "WorkerExecutor Queue Thread 15" [_thread_blocked, id=11276, stack(0x000000e1b5100000,0x000000e1b5200000)]
  0x0000026d296e0800 JavaThread "WorkerExecutor Queue Thread 17" [_thread_blocked, id=10848, stack(0x000000e1abd00000,0x000000e1abe00000)]
  0x0000026d296e2000 JavaThread "ForkJoinPool.commonPool-worker-3" daemon [_thread_blocked, id=6728, stack(0x000000e1b5200000,0x000000e1b5300000)]
  0x0000026d296dc000 JavaThread "ForkJoinPool.commonPool-worker-5" daemon [_thread_blocked, id=5224, stack(0x000000e1b5300000,0x000000e1b5400000)]
  0x0000026d296dd000 JavaThread "ForkJoinPool.commonPool-worker-7" daemon [_thread_blocked, id=10200, stack(0x000000e1b5400000,0x000000e1b5500000)]
  0x0000026d296e3000 JavaThread "ForkJoinPool.commonPool-worker-11" daemon [_thread_blocked, id=7352, stack(0x000000e1b5500000,0x000000e1b5600000)]
  0x0000026d296e3800 JavaThread "ForkJoinPool.commonPool-worker-9" daemon [_thread_blocked, id=11788, stack(0x000000e1b5600000,0x000000e1b5700000)]
  0x0000026d296de000 JavaThread "ForkJoinPool.commonPool-worker-15" daemon [_thread_blocked, id=10656, stack(0x000000e1b5700000,0x000000e1b5800000)]
  0x0000026d296e4800 JavaThread "ForkJoinPool.commonPool-worker-13" daemon [_thread_blocked, id=616, stack(0x000000e1b5800000,0x000000e1b5900000)]

Other Threads:
  0x0000026d1bfc4000 VMThread "VM Thread" [stack: 0x000000e1aaa00000,0x000000e1aab00000] [id=10484]
  0x0000026d1c9a6800 WatcherThread [stack: 0x000000e1ab400000,0x000000e1ab500000] [id=3908]
  0x0000026d7fa64800 GCTaskThread "GC Thread#0" [stack: 0x000000e1aa500000,0x000000e1aa600000] [id=10956]
  0x0000026d1dddd000 GCTaskThread "GC Thread#1" [stack: 0x000000e1ab700000,0x000000e1ab800000] [id=11056]
  0x0000026d1d260000 GCTaskThread "GC Thread#2" [stack: 0x000000e1ab800000,0x000000e1ab900000] [id=3084]
  0x0000026d1f726000 GCTaskThread "GC Thread#3" [stack: 0x000000e1ac000000,0x000000e1ac100000] [id=12676]
  0x0000026d1dbb6800 GCTaskThread "GC Thread#4" [stack: 0x000000e1ac100000,0x000000e1ac200000] [id=2060]
  0x0000026d1f46d800 GCTaskThread "GC Thread#5" [stack: 0x000000e1ac200000,0x000000e1ac300000] [id=6912]
  0x0000026d1eb35800 GCTaskThread "GC Thread#6" [stack: 0x000000e1ac300000,0x000000e1ac400000] [id=560]
  0x0000026d1ed24000 GCTaskThread "GC Thread#7" [stack: 0x000000e1ac400000,0x000000e1ac500000] [id=1684]
  0x0000026d7fa9c800 ConcurrentGCThread "G1 Main Marker" [stack: 0x000000e1aa600000,0x000000e1aa700000] [id=10968]
  0x0000026d7fa9d800 ConcurrentGCThread "G1 Conc#0" [stack: 0x000000e1aa700000,0x000000e1aa800000] [id=3336]
  0x0000026d1f5a9000 ConcurrentGCThread "G1 Conc#1" [stack: 0x000000e1aca00000,0x000000e1acb00000] [id=12272]
  0x0000026d7fb1d800 ConcurrentGCThread "G1 Refine#0" [stack: 0x000000e1aa800000,0x000000e1aa900000] [id=4748]
  0x0000026d1cbd5000 ConcurrentGCThread "G1 Refine#1" [stack: 0x000000e1ab600000,0x000000e1ab700000] [id=8144]
  0x0000026d25b60000 ConcurrentGCThread "G1 Refine#2" [stack: 0x000000e1b2700000,0x000000e1b2800000] [id=12492]
  0x0000026d204f7800 ConcurrentGCThread "G1 Refine#3" [stack: 0x000000e1b2800000,0x000000e1b2900000] [id=10444]
  0x0000026d7fb1e800 ConcurrentGCThread "G1 Young RemSet Sampling" [stack: 0x000000e1aa900000,0x000000e1aaa00000] [id=1820]

Threads with active compile tasks:
C2 CompilerThread02805989 22411       4       org.gradle.internal.instantiation.generator.AbstractClassGenerator::inspectType (560 bytes)
C2 CompilerThread12805989 22517 %     4       java.math.BigInteger::implSquareToLen @ 81 (154 bytes)
C2 CompilerThread22805989 22514       4       java.math.BigInteger::montReduce (99 bytes)

VM state:not at safepoint (normal execution)

VM Mutex/Monitor currently owned by a thread: None

Heap address: 0x0000000080000000, size: 2048 MB, Compressed Oops mode: 32-bit
Narrow klass base: 0x0000000000000000, Narrow klass shift: 3
Compressed class space size: 1073741824 Address: 0x0000000100000000

Heap:
 garbage-first heap   total 272384K, used 159947K [0x0000000080000000, 0x0000000100000000)
  region size 1024K, 3 young (3072K), 2 survivors (2048K)
 Metaspace       used 133597K, capacity 137342K, committed 137596K, reserved 1169408K
  class space    used 16722K, capacity 18111K, committed 18176K, reserved 1048576K
Heap Regions: E=young(eden), S=young(survivor), O=old, HS=humongous(starts), HC=humongous(continues), CS=collection set, F=free, A=archive, TAMS=top-at-mark-start (previous, next)
|   0|0x0000000080000000, 0x0000000080100000, 0x0000000080100000|100%| O|  |TAMS 0x0000000080100000, 0x0000000080000000| Complete 
|   1|0x0000000080100000, 0x0000000080200000, 0x0000000080200000|100%| O|  |TAMS 0x0000000080200000, 0x0000000080100000| Complete 
|   2|0x0000000080200000, 0x0000000080200000, 0x0000000080300000|  0%| F|  |TAMS 0x0000000080200000, 0x0000000080200000| Untracked 
|   3|0x0000000080300000, 0x0000000080400000, 0x0000000080400000|100%|HS|  |TAMS 0x0000000080400000, 0x0000000080300000| Complete 
|   4|0x0000000080400000, 0x0000000080500000, 0x0000000080500000|100%|HC|  |TAMS 0x0000000080500000, 0x0000000080400000| Complete 
|   5|0x0000000080500000, 0x0000000080600000, 0x0000000080600000|100%|HC|  |TAMS 0x0000000080600000, 0x0000000080500000| Complete 
|   6|0x0000000080600000, 0x0000000080700000, 0x0000000080700000|100%| O|  |TAMS 0x0000000080700000, 0x0000000080600000| Untracked 
|   7|0x0000000080700000, 0x0000000080800000, 0x0000000080800000|100%| O|  |TAMS 0x0000000080800000, 0x0000000080700000| Untracked 
|   8|0x0000000080800000, 0x0000000080900000, 0x0000000080900000|100%| O|  |TAMS 0x0000000080900000, 0x0000000080800000| Untracked 
|   9|0x0000000080900000, 0x0000000080a00000, 0x0000000080a00000|100%| O|  |TAMS 0x0000000080a00000, 0x0000000080900000| Complete 
|  10|0x0000000080a00000, 0x0000000080b00000, 0x0000000080b00000|100%| O|  |TAMS 0x0000000080b00000, 0x0000000080a00000| Untracked 
|  11|0x0000000080b00000, 0x0000000080c00000, 0x0000000080c00000|100%| O|  |TAMS 0x0000000080c00000, 0x0000000080b00000| Untracked 
|  12|0x0000000080c00000, 0x0000000080d00000, 0x0000000080d00000|100%| O|  |TAMS 0x0000000080d00000, 0x0000000080c00000| Untracked 
|  13|0x0000000080d00000, 0x0000000080e00000, 0x0000000080e00000|100%| O|  |TAMS 0x0000000080e00000, 0x0000000080d00000| Untracked 
|  14|0x0000000080e00000, 0x0000000080f00000, 0x0000000080f00000|100%| O|  |TAMS 0x0000000080f00000, 0x0000000080e00000| Complete 
|  15|0x0000000080f00000, 0x0000000081000000, 0x0000000081000000|100%| O|  |TAMS 0x0000000081000000, 0x0000000080f00000| Complete 
|  16|0x0000000081000000, 0x0000000081100000, 0x0000000081100000|100%|HS|  |TAMS 0x0000000081100000, 0x0000000081000000| Complete 
|  17|0x0000000081100000, 0x0000000081200000, 0x0000000081200000|100%| O|  |TAMS 0x0000000081200000, 0x0000000081100000| Complete 
|  18|0x0000000081200000, 0x0000000081300000, 0x0000000081300000|100%| O|  |TAMS 0x0000000081300000, 0x0000000081200000| Complete 
|  19|0x0000000081300000, 0x0000000081400000, 0x0000000081400000|100%| O|  |TAMS 0x0000000081400000, 0x0000000081300000| Complete 
|  20|0x0000000081400000, 0x0000000081500000, 0x0000000081500000|100%| O|  |TAMS 0x0000000081500000, 0x0000000081400000| Complete 
|  21|0x0000000081500000, 0x0000000081600000, 0x0000000081600000|100%| O|  |TAMS 0x0000000081600000, 0x0000000081500000| Complete 
|  22|0x0000000081600000, 0x0000000081700000, 0x0000000081700000|100%| O|  |TAMS 0x0000000081700000, 0x0000000081600000| Complete 
|  23|0x0000000081700000, 0x0000000081800000, 0x0000000081800000|100%| O|  |TAMS 0x0000000081800000, 0x0000000081700000| Complete 
|  24|0x0000000081800000, 0x0000000081900000, 0x0000000081900000|100%|HS|  |TAMS 0x0000000081900000, 0x0000000081800000| Complete 
|  25|0x0000000081900000, 0x0000000081a00000, 0x0000000081a00000|100%|HS|  |TAMS 0x0000000081a00000, 0x0000000081900000| Complete 
|  26|0x0000000081a00000, 0x0000000081b00000, 0x0000000081b00000|100%|HS|  |TAMS 0x0000000081b00000, 0x0000000081a00000| Complete 
|  27|0x0000000081b00000, 0x0000000081c00000, 0x0000000081c00000|100%|HS|  |TAMS 0x0000000081c00000, 0x0000000081b00000| Complete 
|  28|0x0000000081c00000, 0x0000000081d00000, 0x0000000081d00000|100%|HC|  |TAMS 0x0000000081d00000, 0x0000000081c00000| Complete 
|  29|0x0000000081d00000, 0x0000000081e00000, 0x0000000081e00000|100%|HC|  |TAMS 0x0000000081e00000, 0x0000000081d00000| Complete 
|  30|0x0000000081e00000, 0x0000000081f00000, 0x0000000081f00000|100%|HS|  |TAMS 0x0000000081f00000, 0x0000000081e00000| Complete 
|  31|0x0000000081f00000, 0x0000000082000000, 0x0000000082000000|100%|HC|  |TAMS 0x0000000082000000, 0x0000000081f00000| Complete 
|  32|0x0000000082000000, 0x0000000082100000, 0x0000000082100000|100%| O|  |TAMS 0x0000000082100000, 0x0000000082000000| Complete 
|  33|0x0000000082100000, 0x0000000082200000, 0x0000000082200000|100%| O|  |TAMS 0x0000000082200000, 0x0000000082100000| Complete 
|  34|0x0000000082200000, 0x0000000082300000, 0x0000000082300000|100%| O|  |TAMS 0x0000000082300000, 0x0000000082200000| Complete 
|  35|0x0000000082300000, 0x0000000082400000, 0x0000000082400000|100%| O|  |TAMS 0x0000000082400000, 0x0000000082300000| Complete 
|  36|0x0000000082400000, 0x0000000082500000, 0x0000000082500000|100%| O|  |TAMS 0x0000000082500000, 0x0000000082400000| Complete 
|  37|0x0000000082500000, 0x0000000082600000, 0x0000000082600000|100%| O|  |TAMS 0x0000000082600000, 0x0000000082500000| Complete 
|  38|0x0000000082600000, 0x0000000082700000, 0x0000000082700000|100%| O|  |TAMS 0x0000000082700000, 0x0000000082600000| Untracked 
|  39|0x0000000082700000, 0x0000000082800000, 0x0000000082800000|100%|HS|  |TAMS 0x0000000082800000, 0x0000000082700000| Complete 
|  40|0x0000000082800000, 0x0000000082900000, 0x0000000082900000|100%|HC|  |TAMS 0x0000000082900000, 0x0000000082800000| Complete 
|  41|0x0000000082900000, 0x0000000082a00000, 0x0000000082a00000|100%| O|  |TAMS 0x0000000082a00000, 0x0000000082900000| Complete 
|  42|0x0000000082a00000, 0x0000000082b00000, 0x0000000082b00000|100%| O|  |TAMS 0x0000000082b00000, 0x0000000082a00000| Untracked 
|  43|0x0000000082b00000, 0x0000000082c00000, 0x0000000082c00000|100%| O|  |TAMS 0x0000000082c00000, 0x0000000082b00000| Untracked 
|  44|0x0000000082c00000, 0x0000000082d00000, 0x0000000082d00000|100%| O|  |TAMS 0x0000000082d00000, 0x0000000082c00000| Untracked 
|  45|0x0000000082d00000, 0x0000000082e00000, 0x0000000082e00000|100%| O|  |TAMS 0x0000000082e00000, 0x0000000082d00000| Untracked 
|  46|0x0000000082e00000, 0x0000000082f00000, 0x0000000082f00000|100%| O|  |TAMS 0x0000000082f00000, 0x0000000082e00000| Untracked 
|  47|0x0000000082f00000, 0x0000000083000000, 0x0000000083000000|100%| O|  |TAMS 0x0000000083000000, 0x0000000082f00000| Untracked 
|  48|0x0000000083000000, 0x0000000083100000, 0x0000000083100000|100%| O|  |TAMS 0x0000000083100000, 0x0000000083000000| Complete 
|  49|0x0000000083100000, 0x0000000083200000, 0x0000000083200000|100%| O|  |TAMS 0x0000000083200000, 0x0000000083100000| Complete 
|  50|0x0000000083200000, 0x0000000083300000, 0x0000000083300000|100%| O|  |TAMS 0x0000000083300000, 0x0000000083200000| Complete 
|  51|0x0000000083300000, 0x0000000083400000, 0x0000000083400000|100%| O|  |TAMS 0x0000000083400000, 0x0000000083300000| Untracked 
|  52|0x0000000083400000, 0x0000000083500000, 0x0000000083500000|100%| O|  |TAMS 0x0000000083500000, 0x0000000083400000| Untracked 
|  53|0x0000000083500000, 0x0000000083600000, 0x0000000083600000|100%| O|  |TAMS 0x0000000083600000, 0x0000000083500000| Untracked 
|  54|0x0000000083600000, 0x0000000083700000, 0x0000000083700000|100%| O|  |TAMS 0x0000000083700000, 0x0000000083600000| Untracked 
|  55|0x0000000083700000, 0x0000000083800000, 0x0000000083800000|100%| O|  |TAMS 0x0000000083800000, 0x0000000083700000| Complete 
|  56|0x0000000083800000, 0x0000000083900000, 0x0000000083900000|100%| O|  |TAMS 0x0000000083900000, 0x0000000083800000| Complete 
|  57|0x0000000083900000, 0x0000000083a00000, 0x0000000083a00000|100%| O|  |TAMS 0x0000000083a00000, 0x0000000083900000| Untracked 
|  58|0x0000000083a00000, 0x0000000083b00000, 0x0000000083b00000|100%| O|  |TAMS 0x0000000083b00000, 0x0000000083a00000| Untracked 
|  59|0x0000000083b00000, 0x0000000083c00000, 0x0000000083c00000|100%| O|  |TAMS 0x0000000083c00000, 0x0000000083b00000| Untracked 
|  60|0x0000000083c00000, 0x0000000083d00000, 0x0000000083d00000|100%| O|  |TAMS 0x0000000083d00000, 0x0000000083c00000| Untracked 
|  61|0x0000000083d00000, 0x0000000083e00000, 0x0000000083e00000|100%| O|  |TAMS 0x0000000083e00000, 0x0000000083d00000| Untracked 
|  62|0x0000000083e00000, 0x0000000083f00000, 0x0000000083f00000|100%| O|  |TAMS 0x0000000083f00000, 0x0000000083e00000| Complete 
|  63|0x0000000083f00000, 0x0000000084000000, 0x0000000084000000|100%| O|  |TAMS 0x0000000084000000, 0x0000000083f00000| Complete 
|  64|0x0000000084000000, 0x0000000084100000, 0x0000000084100000|100%| O|  |TAMS 0x0000000084100000, 0x0000000084000000| Untracked 
|  65|0x0000000084100000, 0x0000000084200000, 0x0000000084200000|100%| O|  |TAMS 0x0000000084200000, 0x0000000084100000| Untracked 
|  66|0x0000000084200000, 0x0000000084300000, 0x0000000084300000|100%| O|  |TAMS 0x0000000084300000, 0x0000000084200000| Complete 
|  67|0x0000000084300000, 0x0000000084400000, 0x0000000084400000|100%| O|  |TAMS 0x0000000084400000, 0x0000000084300000| Untracked 
|  68|0x0000000084400000, 0x0000000084500000, 0x0000000084500000|100%| O|  |TAMS 0x0000000084500000, 0x0000000084400000| Untracked 
|  69|0x0000000084500000, 0x0000000084600000, 0x0000000084600000|100%| O|  |TAMS 0x0000000084600000, 0x0000000084500000| Untracked 
|  70|0x0000000084600000, 0x0000000084700000, 0x0000000084700000|100%| O|  |TAMS 0x0000000084700000, 0x0000000084600000| Untracked 
|  71|0x0000000084700000, 0x0000000084800000, 0x0000000084800000|100%| O|  |TAMS 0x0000000084800000, 0x0000000084700000| Complete 
|  72|0x0000000084800000, 0x0000000084900000, 0x0000000084900000|100%| O|  |TAMS 0x0000000084900000, 0x0000000084800000| Untracked 
|  73|0x0000000084900000, 0x0000000084a00000, 0x0000000084a00000|100%| O|  |TAMS 0x0000000084a00000, 0x0000000084900000| Untracked 
|  74|0x0000000084a00000, 0x0000000084b00000, 0x0000000084b00000|100%| O|  |TAMS 0x0000000084b00000, 0x0000000084a00000| Untracked 
|  75|0x0000000084b00000, 0x0000000084c00000, 0x0000000084c00000|100%| O|  |TAMS 0x0000000084c00000, 0x0000000084b00000| Untracked 
|  76|0x0000000084c00000, 0x0000000084d00000, 0x0000000084d00000|100%| O|  |TAMS 0x0000000084d00000, 0x0000000084c00000| Complete 
|  77|0x0000000084d00000, 0x0000000084e00000, 0x0000000084e00000|100%| O|  |TAMS 0x0000000084e00000, 0x0000000084d00000| Untracked 
|  78|0x0000000084e00000, 0x0000000084f00000, 0x0000000084f00000|100%| O|  |TAMS 0x0000000084f00000, 0x0000000084e00000| Untracked 
|  79|0x0000000084f00000, 0x0000000085000000, 0x0000000085000000|100%| O|  |TAMS 0x0000000085000000, 0x0000000084f00000| Complete 
|  80|0x0000000085000000, 0x0000000085100000, 0x0000000085100000|100%| O|  |TAMS 0x0000000085100000, 0x0000000085000000| Untracked 
|  81|0x0000000085100000, 0x0000000085200000, 0x0000000085200000|100%| O|  |TAMS 0x0000000085200000, 0x0000000085100000| Complete 
|  82|0x0000000085200000, 0x0000000085300000, 0x0000000085300000|100%| O|  |TAMS 0x0000000085300000, 0x0000000085200000| Untracked 
|  83|0x0000000085300000, 0x0000000085400000, 0x0000000085400000|100%| O|  |TAMS 0x0000000085400000, 0x0000000085300000| Untracked 
|  84|0x0000000085400000, 0x0000000085500000, 0x0000000085500000|100%| O|  |TAMS 0x0000000085500000, 0x0000000085400000| Complete 
|  85|0x0000000085500000, 0x0000000085600000, 0x0000000085600000|100%| O|  |TAMS 0x0000000085600000, 0x0000000085500000| Untracked 
|  86|0x0000000085600000, 0x0000000085700000, 0x0000000085700000|100%| O|  |TAMS 0x0000000085700000, 0x0000000085600000| Untracked 
|  87|0x0000000085700000, 0x0000000085800000, 0x0000000085800000|100%|HS|  |TAMS 0x0000000085800000, 0x0000000085700000| Complete 
|  88|0x0000000085800000, 0x0000000085900000, 0x0000000085900000|100%|HC|  |TAMS 0x0000000085900000, 0x0000000085800000| Complete 
|  89|0x0000000085900000, 0x0000000085a00000, 0x0000000085a00000|100%|HC|  |TAMS 0x0000000085a00000, 0x0000000085900000| Complete 
|  90|0x0000000085a00000, 0x0000000085b00000, 0x0000000085b00000|100%| O|  |TAMS 0x0000000085b00000, 0x0000000085a00000| Untracked 
|  91|0x0000000085b00000, 0x0000000085c00000, 0x0000000085c00000|100%| O|  |TAMS 0x0000000085c00000, 0x0000000085b00000| Untracked 
|  92|0x0000000085c00000, 0x0000000085d00000, 0x0000000085d00000|100%| O|  |TAMS 0x0000000085d00000, 0x0000000085c00000| Untracked 
|  93|0x0000000085d00000, 0x0000000085e00000, 0x0000000085e00000|100%| O|  |TAMS 0x0000000085e00000, 0x0000000085d00000| Untracked 
|  94|0x0000000085e00000, 0x0000000085f00000, 0x0000000085f00000|100%| O|  |TAMS 0x0000000085f00000, 0x0000000085e00000| Untracked 
|  95|0x0000000085f00000, 0x0000000086000000, 0x0000000086000000|100%| O|  |TAMS 0x0000000086000000, 0x0000000085f00000| Complete 
|  96|0x0000000086000000, 0x0000000086100000, 0x0000000086100000|100%| O|  |TAMS 0x0000000086100000, 0x0000000086000000| Complete 
|  97|0x0000000086100000, 0x0000000086200000, 0x0000000086200000|100%| O|  |TAMS 0x0000000086200000, 0x0000000086100000| Untracked 
|  98|0x0000000086200000, 0x0000000086300000, 0x0000000086300000|100%| O|  |TAMS 0x0000000086300000, 0x0000000086200000| Untracked 
|  99|0x0000000086300000, 0x0000000086400000, 0x0000000086400000|100%| O|  |TAMS 0x0000000086400000, 0x0000000086300000| Untracked 
| 100|0x0000000086400000, 0x0000000086500000, 0x0000000086500000|100%| O|  |TAMS 0x0000000086500000, 0x0000000086400000| Untracked 
| 101|0x0000000086500000, 0x0000000086600000, 0x0000000086600000|100%| O|  |TAMS 0x0000000086600000, 0x0000000086500000| Complete 
| 102|0x0000000086600000, 0x0000000086700000, 0x0000000086700000|100%| O|  |TAMS 0x0000000086700000, 0x0000000086600000| Complete 
| 103|0x0000000086700000, 0x0000000086800000, 0x0000000086800000|100%| O|  |TAMS 0x0000000086800000, 0x0000000086700000| Untracked 
| 104|0x0000000086800000, 0x0000000086900000, 0x0000000086900000|100%| O|  |TAMS 0x0000000086900000, 0x0000000086800000| Complete 
| 105|0x0000000086900000, 0x0000000086900000, 0x0000000086a00000|  0%| F|  |TAMS 0x0000000086900000, 0x0000000086900000| Untracked 
| 106|0x0000000086a00000, 0x0000000086b00000, 0x0000000086b00000|100%| O|  |TAMS 0x0000000086b00000, 0x0000000086a00000| Complete 
| 107|0x0000000086b00000, 0x0000000086c00000, 0x0000000086c00000|100%| O|  |TAMS 0x0000000086c00000, 0x0000000086b00000| Complete 
| 108|0x0000000086c00000, 0x0000000086d00000, 0x0000000086d00000|100%| O|  |TAMS 0x0000000086d00000, 0x0000000086c00000| Complete 
| 109|0x0000000086d00000, 0x0000000086e00000, 0x0000000086e00000|100%| O|  |TAMS 0x0000000086e00000, 0x0000000086d00000| Complete 
| 110|0x0000000086e00000, 0x0000000086f00000, 0x0000000086f00000|100%| O|  |TAMS 0x0000000086f00000, 0x0000000086e00000| Complete 
| 111|0x0000000086f00000, 0x0000000087000000, 0x0000000087000000|100%| O|  |TAMS 0x0000000087000000, 0x0000000086f00000| Complete 
| 112|0x0000000087000000, 0x0000000087100000, 0x0000000087100000|100%| O|  |TAMS 0x0000000087100000, 0x0000000087000000| Untracked 
| 113|0x0000000087100000, 0x0000000087200000, 0x0000000087200000|100%| O|  |TAMS 0x0000000087200000, 0x0000000087100000| Untracked 
| 114|0x0000000087200000, 0x0000000087300000, 0x0000000087300000|100%| O|  |TAMS 0x0000000087300000, 0x0000000087200000| Untracked 
| 115|0x0000000087300000, 0x0000000087400000, 0x0000000087400000|100%| O|  |TAMS 0x0000000087400000, 0x0000000087300000| Untracked 
| 116|0x0000000087400000, 0x0000000087500000, 0x0000000087500000|100%| O|  |TAMS 0x0000000087500000, 0x0000000087400000| Untracked 
| 117|0x0000000087500000, 0x0000000087600000, 0x0000000087600000|100%| O|  |TAMS 0x0000000087600000, 0x0000000087500000| Untracked 
| 118|0x0000000087600000, 0x0000000087700000, 0x0000000087700000|100%| O|  |TAMS 0x0000000087700000, 0x0000000087600000| Untracked 
| 119|0x0000000087700000, 0x0000000087800000, 0x0000000087800000|100%| O|  |TAMS 0x0000000087800000, 0x0000000087700000| Untracked 
| 120|0x0000000087800000, 0x0000000087900000, 0x0000000087900000|100%| O|  |TAMS 0x0000000087900000, 0x0000000087800000| Untracked 
| 121|0x0000000087900000, 0x0000000087a00000, 0x0000000087a00000|100%| O|  |TAMS 0x0000000087a00000, 0x0000000087900000| Complete 
| 122|0x0000000087a00000, 0x0000000087b00000, 0x0000000087b00000|100%| O|  |TAMS 0x0000000087b00000, 0x0000000087a00000| Untracked 
| 123|0x0000000087b00000, 0x0000000087c00000, 0x0000000087c00000|100%| O|  |TAMS 0x0000000087c00000, 0x0000000087b00000| Complete 
| 124|0x0000000087c00000, 0x0000000087d00000, 0x0000000087d00000|100%| O|  |TAMS 0x0000000087d00000, 0x0000000087c00000| Complete 
| 125|0x0000000087d00000, 0x0000000087e00000, 0x0000000087e00000|100%| O|  |TAMS 0x0000000087e00000, 0x0000000087d00000| Complete 
| 126|0x0000000087e00000, 0x0000000087f00000, 0x0000000087f00000|100%| O|  |TAMS 0x0000000087f00000, 0x0000000087e00000| Complete 
| 127|0x0000000087f00000, 0x0000000087fffff8, 0x0000000088000000| 99%| O|  |TAMS 0x0000000087fffff8, 0x0000000087f00000| Untracked 
| 128|0x0000000088000000, 0x0000000088100000, 0x0000000088100000|100%| O|  |TAMS 0x0000000088100000, 0x0000000088000000| Complete 
| 129|0x0000000088100000, 0x0000000088200000, 0x0000000088200000|100%| O|  |TAMS 0x0000000088200000, 0x0000000088100000| Complete 
| 130|0x0000000088200000, 0x0000000088300000, 0x0000000088300000|100%| O|  |TAMS 0x0000000088300000, 0x0000000088200000| Complete 
| 131|0x0000000088300000, 0x0000000088400000, 0x0000000088400000|100%| O|  |TAMS 0x0000000088400000, 0x0000000088300000| Complete 
| 132|0x0000000088400000, 0x0000000088500000, 0x0000000088500000|100%| O|  |TAMS 0x0000000088500000, 0x0000000088400000| Complete 
| 133|0x0000000088500000, 0x0000000088600000, 0x0000000088600000|100%| O|  |TAMS 0x0000000088600000, 0x0000000088500000| Complete 
| 134|0x0000000088600000, 0x0000000088700000, 0x0000000088700000|100%| O|  |TAMS 0x0000000088700000, 0x0000000088600000| Untracked 
| 135|0x0000000088700000, 0x0000000088800000, 0x0000000088800000|100%| O|  |TAMS 0x0000000088800000, 0x0000000088700000| Complete 
| 136|0x0000000088800000, 0x0000000088900000, 0x0000000088900000|100%| O|  |TAMS 0x0000000088900000, 0x0000000088800000| Untracked 
| 137|0x0000000088900000, 0x0000000088a00000, 0x0000000088a00000|100%| O|  |TAMS 0x0000000088a00000, 0x0000000088900000| Complete 
| 138|0x0000000088a00000, 0x0000000088b00000, 0x0000000088b00000|100%| O|  |TAMS 0x0000000088b00000, 0x0000000088a00000| Untracked 
| 139|0x0000000088b00000, 0x0000000088c00000, 0x0000000088c00000|100%| O|  |TAMS 0x0000000088c00000, 0x0000000088b00000| Complete 
| 140|0x0000000088c00000, 0x0000000088d00000, 0x0000000088d00000|100%| O|  |TAMS 0x0000000088d00000, 0x0000000088c00000| Untracked 
| 141|0x0000000088d00000, 0x0000000088e00000, 0x0000000088e00000|100%| O|  |TAMS 0x0000000088e00000, 0x0000000088d00000| Untracked 
| 142|0x0000000088e00000, 0x0000000088f00000, 0x0000000088f00000|100%| O|  |TAMS 0x0000000088f00000, 0x0000000088e00000| Complete 
| 143|0x0000000088f00000, 0x0000000089000000, 0x0000000089000000|100%| O|  |TAMS 0x0000000089000000, 0x0000000088f00000| Untracked 
| 144|0x0000000089000000, 0x0000000089100000, 0x0000000089100000|100%| O|  |TAMS 0x0000000089100000, 0x0000000089000000| Untracked 
| 145|0x0000000089100000, 0x0000000089200000, 0x0000000089200000|100%| O|  |TAMS 0x0000000089200000, 0x0000000089100000| Complete 
| 146|0x0000000089200000, 0x0000000089300000, 0x0000000089300000|100%| O|  |TAMS 0x0000000089300000, 0x0000000089200000| Untracked 
| 147|0x0000000089300000, 0x0000000089400000, 0x0000000089400000|100%| O|  |TAMS 0x0000000089400000, 0x0000000089300000| Untracked 
| 148|0x0000000089400000, 0x0000000089500000, 0x0000000089500000|100%| O|  |TAMS 0x0000000089500000, 0x0000000089400000| Untracked 
| 149|0x0000000089500000, 0x0000000089600000, 0x0000000089600000|100%| O|  |TAMS 0x0000000089600000, 0x0000000089500000| Complete 
| 150|0x0000000089600000, 0x0000000089700000, 0x0000000089700000|100%| O|  |TAMS 0x000000008966e800, 0x0000000089600000| Untracked 
| 151|0x0000000089700000, 0x0000000089800000, 0x0000000089800000|100%| O|  |TAMS 0x0000000089800000, 0x0000000089700000| Complete 
| 152|0x0000000089800000, 0x0000000089900000, 0x0000000089900000|100%|HS|  |TAMS 0x0000000089800000, 0x0000000089800000| Complete 
| 153|0x0000000089900000, 0x0000000089900000, 0x0000000089a00000|  0%| F|  |TAMS 0x0000000089900000, 0x0000000089900000| Untracked 
| 154|0x0000000089a00000, 0x0000000089a00000, 0x0000000089b00000|  0%| F|  |TAMS 0x0000000089a00000, 0x0000000089a00000| Untracked 
| 155|0x0000000089b00000, 0x0000000089b00000, 0x0000000089c00000|  0%| F|  |TAMS 0x0000000089b00000, 0x0000000089b00000| Untracked 
| 156|0x0000000089c00000, 0x0000000089c00000, 0x0000000089d00000|  0%| F|  |TAMS 0x0000000089c00000, 0x0000000089c00000| Untracked 
| 157|0x0000000089d00000, 0x0000000089d00000, 0x0000000089e00000|  0%| F|  |TAMS 0x0000000089d00000, 0x0000000089d00000| Untracked 
| 158|0x0000000089e00000, 0x0000000089e00000, 0x0000000089f00000|  0%| F|  |TAMS 0x0000000089e00000, 0x0000000089e00000| Untracked 
| 159|0x0000000089f00000, 0x0000000089f00000, 0x000000008a000000|  0%| F|  |TAMS 0x0000000089f00000, 0x0000000089f00000| Untracked 
| 160|0x000000008a000000, 0x000000008a000000, 0x000000008a100000|  0%| F|  |TAMS 0x000000008a000000, 0x000000008a000000| Untracked 
| 161|0x000000008a100000, 0x000000008a100000, 0x000000008a200000|  0%| F|  |TAMS 0x000000008a100000, 0x000000008a100000| Untracked 
| 162|0x000000008a200000, 0x000000008a200000, 0x000000008a300000|  0%| F|  |TAMS 0x000000008a200000, 0x000000008a200000| Untracked 
| 163|0x000000008a300000, 0x000000008a300000, 0x000000008a400000|  0%| F|  |TAMS 0x000000008a300000, 0x000000008a300000| Untracked 
| 164|0x000000008a400000, 0x000000008a400000, 0x000000008a500000|  0%| F|  |TAMS 0x000000008a400000, 0x000000008a400000| Untracked 
| 165|0x000000008a500000, 0x000000008a500000, 0x000000008a600000|  0%| F|  |TAMS 0x000000008a500000, 0x000000008a500000| Untracked 
| 166|0x000000008a600000, 0x000000008a600000, 0x000000008a700000|  0%| F|  |TAMS 0x000000008a600000, 0x000000008a600000| Untracked 
| 167|0x000000008a700000, 0x000000008a700000, 0x000000008a800000|  0%| F|  |TAMS 0x000000008a700000, 0x000000008a700000| Untracked 
| 168|0x000000008a800000, 0x000000008a800000, 0x000000008a900000|  0%| F|  |TAMS 0x000000008a800000, 0x000000008a800000| Untracked 
| 169|0x000000008a900000, 0x000000008a900000, 0x000000008aa00000|  0%| F|  |TAMS 0x000000008a900000, 0x000000008a900000| Untracked 
| 170|0x000000008aa00000, 0x000000008aa00000, 0x000000008ab00000|  0%| F|  |TAMS 0x000000008aa00000, 0x000000008aa00000| Untracked 
| 171|0x000000008ab00000, 0x000000008ac00000, 0x000000008ac00000|100%| O|  |TAMS 0x000000008ab00000, 0x000000008ab00000| Untracked 
| 172|0x000000008ac00000, 0x000000008ad00000, 0x000000008ad00000|100%| O|  |TAMS 0x000000008ac00000, 0x000000008ac00000| Untracked 
| 173|0x000000008ad00000, 0x000000008ae00000, 0x000000008ae00000|100%| O|  |TAMS 0x000000008ad00000, 0x000000008ad00000| Untracked 
| 174|0x000000008ae00000, 0x000000008ae84600, 0x000000008af00000| 51%| O|  |TAMS 0x000000008ae00000, 0x000000008ae00000| Untracked 
| 175|0x000000008af00000, 0x000000008af00000, 0x000000008b000000|  0%| F|  |TAMS 0x000000008af00000, 0x000000008af00000| Untracked 
| 176|0x000000008b000000, 0x000000008b000000, 0x000000008b100000|  0%| F|  |TAMS 0x000000008b000000, 0x000000008b000000| Untracked 
| 177|0x000000008b100000, 0x000000008b100000, 0x000000008b200000|  0%| F|  |TAMS 0x000000008b100000, 0x000000008b100000| Untracked 
| 178|0x000000008b200000, 0x000000008b200000, 0x000000008b300000|  0%| F|  |TAMS 0x000000008b200000, 0x000000008b200000| Untracked 
| 179|0x000000008b300000, 0x000000008b300000, 0x000000008b400000|  0%| F|  |TAMS 0x000000008b300000, 0x000000008b300000| Untracked 
| 180|0x000000008b400000, 0x000000008b400000, 0x000000008b500000|  0%| F|  |TAMS 0x000000008b400000, 0x000000008b400000| Untracked 
| 181|0x000000008b500000, 0x000000008b500000, 0x000000008b600000|  0%| F|  |TAMS 0x000000008b500000, 0x000000008b500000| Untracked 
| 182|0x000000008b600000, 0x000000008b600000, 0x000000008b700000|  0%| F|  |TAMS 0x000000008b600000, 0x000000008b600000| Untracked 
| 183|0x000000008b700000, 0x000000008b700000, 0x000000008b800000|  0%| F|  |TAMS 0x000000008b700000, 0x000000008b700000| Untracked 
| 184|0x000000008b800000, 0x000000008b800000, 0x000000008b900000|  0%| F|  |TAMS 0x000000008b800000, 0x000000008b800000| Untracked 
| 185|0x000000008b900000, 0x000000008b900000, 0x000000008ba00000|  0%| F|  |TAMS 0x000000008b900000, 0x000000008b900000| Untracked 
| 186|0x000000008ba00000, 0x000000008ba00000, 0x000000008bb00000|  0%| F|  |TAMS 0x000000008ba00000, 0x000000008ba00000| Untracked 
| 187|0x000000008bb00000, 0x000000008bb00000, 0x000000008bc00000|  0%| F|  |TAMS 0x000000008bb00000, 0x000000008bb00000| Untracked 
| 188|0x000000008bc00000, 0x000000008bc00000, 0x000000008bd00000|  0%| F|  |TAMS 0x000000008bc00000, 0x000000008bc00000| Untracked 
| 189|0x000000008bd00000, 0x000000008bd00000, 0x000000008be00000|  0%| F|  |TAMS 0x000000008bd00000, 0x000000008bd00000| Untracked 
| 190|0x000000008be00000, 0x000000008beae790, 0x000000008bf00000| 68%| S|CS|TAMS 0x000000008be00000, 0x000000008be00000| Complete 
| 191|0x000000008bf00000, 0x000000008c000000, 0x000000008c000000|100%| S|CS|TAMS 0x000000008bf00000, 0x000000008bf00000| Complete 
| 192|0x000000008c000000, 0x000000008c000000, 0x000000008c100000|  0%| F|  |TAMS 0x000000008c000000, 0x000000008c000000| Untracked 
| 193|0x000000008c100000, 0x000000008c100000, 0x000000008c200000|  0%| F|  |TAMS 0x000000008c100000, 0x000000008c100000| Untracked 
| 194|0x000000008c200000, 0x000000008c200000, 0x000000008c300000|  0%| F|  |TAMS 0x000000008c200000, 0x000000008c200000| Untracked 
| 195|0x000000008c300000, 0x000000008c300000, 0x000000008c400000|  0%| F|  |TAMS 0x000000008c300000, 0x000000008c300000| Untracked 
| 196|0x000000008c400000, 0x000000008c400000, 0x000000008c500000|  0%| F|  |TAMS 0x000000008c400000, 0x000000008c400000| Untracked 
| 197|0x000000008c500000, 0x000000008c500000, 0x000000008c600000|  0%| F|  |TAMS 0x000000008c500000, 0x000000008c500000| Untracked 
| 198|0x000000008c600000, 0x000000008c600000, 0x000000008c700000|  0%| F|  |TAMS 0x000000008c600000, 0x000000008c600000| Untracked 
| 199|0x000000008c700000, 0x000000008c700000, 0x000000008c800000|  0%| F|  |TAMS 0x000000008c700000, 0x000000008c700000| Untracked 
| 200|0x000000008c800000, 0x000000008c800000, 0x000000008c900000|  0%| F|  |TAMS 0x000000008c800000, 0x000000008c800000| Untracked 
| 201|0x000000008c900000, 0x000000008c900000, 0x000000008ca00000|  0%| F|  |TAMS 0x000000008c900000, 0x000000008c900000| Untracked 
| 202|0x000000008ca00000, 0x000000008ca00000, 0x000000008cb00000|  0%| F|  |TAMS 0x000000008ca00000, 0x000000008ca00000| Untracked 
| 203|0x000000008cb00000, 0x000000008cb00000, 0x000000008cc00000|  0%| F|  |TAMS 0x000000008cb00000, 0x000000008cb00000| Untracked 
| 204|0x000000008cc00000, 0x000000008cc00000, 0x000000008cd00000|  0%| F|  |TAMS 0x000000008cc00000, 0x000000008cc00000| Untracked 
| 205|0x000000008cd00000, 0x000000008cd00000, 0x000000008ce00000|  0%| F|  |TAMS 0x000000008cd00000, 0x000000008cd00000| Untracked 
| 206|0x000000008ce00000, 0x000000008ce00000, 0x000000008cf00000|  0%| F|  |TAMS 0x000000008ce00000, 0x000000008ce00000| Untracked 
| 207|0x000000008cf00000, 0x000000008cf00000, 0x000000008d000000|  0%| F|  |TAMS 0x000000008cf00000, 0x000000008cf00000| Untracked 
| 208|0x000000008d000000, 0x000000008d000000, 0x000000008d100000|  0%| F|  |TAMS 0x000000008d000000, 0x000000008d000000| Untracked 
| 209|0x000000008d100000, 0x000000008d100000, 0x000000008d200000|  0%| F|  |TAMS 0x000000008d100000, 0x000000008d100000| Untracked 
| 210|0x000000008d200000, 0x000000008d200000, 0x000000008d300000|  0%| F|  |TAMS 0x000000008d200000, 0x000000008d200000| Untracked 
| 211|0x000000008d300000, 0x000000008d300000, 0x000000008d400000|  0%| F|  |TAMS 0x000000008d300000, 0x000000008d300000| Untracked 
| 212|0x000000008d400000, 0x000000008d400000, 0x000000008d500000|  0%| F|  |TAMS 0x000000008d400000, 0x000000008d400000| Untracked 
| 213|0x000000008d500000, 0x000000008d500000, 0x000000008d600000|  0%| F|  |TAMS 0x000000008d500000, 0x000000008d500000| Untracked 
| 214|0x000000008d600000, 0x000000008d600000, 0x000000008d700000|  0%| F|  |TAMS 0x000000008d600000, 0x000000008d600000| Untracked 
| 215|0x000000008d700000, 0x000000008d700000, 0x000000008d800000|  0%| F|  |TAMS 0x000000008d700000, 0x000000008d700000| Untracked 
| 216|0x000000008d800000, 0x000000008d800000, 0x000000008d900000|  0%| F|  |TAMS 0x000000008d800000, 0x000000008d800000| Untracked 
| 217|0x000000008d900000, 0x000000008d900000, 0x000000008da00000|  0%| F|  |TAMS 0x000000008d900000, 0x000000008d900000| Untracked 
| 218|0x000000008da00000, 0x000000008da00000, 0x000000008db00000|  0%| F|  |TAMS 0x000000008da00000, 0x000000008da00000| Untracked 
| 219|0x000000008db00000, 0x000000008db00000, 0x000000008dc00000|  0%| F|  |TAMS 0x000000008db00000, 0x000000008db00000| Untracked 
| 220|0x000000008dc00000, 0x000000008dc00000, 0x000000008dd00000|  0%| F|  |TAMS 0x000000008dc00000, 0x000000008dc00000| Untracked 
| 221|0x000000008dd00000, 0x000000008dd00000, 0x000000008de00000|  0%| F|  |TAMS 0x000000008dd00000, 0x000000008dd00000| Untracked 
| 222|0x000000008de00000, 0x000000008de00000, 0x000000008df00000|  0%| F|  |TAMS 0x000000008de00000, 0x000000008de00000| Untracked 
| 223|0x000000008df00000, 0x000000008df00000, 0x000000008e000000|  0%| F|  |TAMS 0x000000008df00000, 0x000000008df00000| Untracked 
| 224|0x000000008e000000, 0x000000008e000000, 0x000000008e100000|  0%| F|  |TAMS 0x000000008e000000, 0x000000008e000000| Untracked 
| 225|0x000000008e100000, 0x000000008e100000, 0x000000008e200000|  0%| F|  |TAMS 0x000000008e100000, 0x000000008e100000| Untracked 
| 226|0x000000008e200000, 0x000000008e200000, 0x000000008e300000|  0%| F|  |TAMS 0x000000008e200000, 0x000000008e200000| Untracked 
| 227|0x000000008e300000, 0x000000008e300000, 0x000000008e400000|  0%| F|  |TAMS 0x000000008e300000, 0x000000008e300000| Untracked 
| 228|0x000000008e400000, 0x000000008e400000, 0x000000008e500000|  0%| F|  |TAMS 0x000000008e400000, 0x000000008e400000| Untracked 
| 229|0x000000008e500000, 0x000000008e500000, 0x000000008e600000|  0%| F|  |TAMS 0x000000008e500000, 0x000000008e500000| Untracked 
| 230|0x000000008e600000, 0x000000008e600000, 0x000000008e700000|  0%| F|  |TAMS 0x000000008e600000, 0x000000008e600000| Untracked 
| 231|0x000000008e700000, 0x000000008e700000, 0x000000008e800000|  0%| F|  |TAMS 0x000000008e700000, 0x000000008e700000| Untracked 
| 232|0x000000008e800000, 0x000000008e800000, 0x000000008e900000|  0%| F|  |TAMS 0x000000008e800000, 0x000000008e800000| Untracked 
| 233|0x000000008e900000, 0x000000008e900000, 0x000000008ea00000|  0%| F|  |TAMS 0x000000008e900000, 0x000000008e900000| Untracked 
| 234|0x000000008ea00000, 0x000000008ea00000, 0x000000008eb00000|  0%| F|  |TAMS 0x000000008ea00000, 0x000000008ea00000| Untracked 
| 235|0x000000008eb00000, 0x000000008eb00000, 0x000000008ec00000|  0%| F|  |TAMS 0x000000008eb00000, 0x000000008eb00000| Untracked 
| 236|0x000000008ec00000, 0x000000008ec00000, 0x000000008ed00000|  0%| F|  |TAMS 0x000000008ec00000, 0x000000008ec00000| Untracked 
| 237|0x000000008ed00000, 0x000000008ed00000, 0x000000008ee00000|  0%| F|  |TAMS 0x000000008ed00000, 0x000000008ed00000| Untracked 
| 238|0x000000008ee00000, 0x000000008ee00000, 0x000000008ef00000|  0%| F|  |TAMS 0x000000008ee00000, 0x000000008ee00000| Untracked 
| 239|0x000000008ef00000, 0x000000008ef00000, 0x000000008f000000|  0%| F|  |TAMS 0x000000008ef00000, 0x000000008ef00000| Untracked 
| 240|0x000000008f000000, 0x000000008f000000, 0x000000008f100000|  0%| F|  |TAMS 0x000000008f000000, 0x000000008f000000| Untracked 
| 241|0x000000008f100000, 0x000000008f100000, 0x000000008f200000|  0%| F|  |TAMS 0x000000008f100000, 0x000000008f100000| Untracked 
| 242|0x000000008f200000, 0x000000008f200000, 0x000000008f300000|  0%| F|  |TAMS 0x000000008f200000, 0x000000008f200000| Untracked 
| 243|0x000000008f300000, 0x000000008f300000, 0x000000008f400000|  0%| F|  |TAMS 0x000000008f300000, 0x000000008f300000| Untracked 
| 244|0x000000008f400000, 0x000000008f400000, 0x000000008f500000|  0%| F|  |TAMS 0x000000008f400000, 0x000000008f400000| Untracked 
| 245|0x000000008f500000, 0x000000008f500000, 0x000000008f600000|  0%| F|  |TAMS 0x000000008f500000, 0x000000008f500000| Untracked 
| 246|0x000000008f600000, 0x000000008f600000, 0x000000008f700000|  0%| F|  |TAMS 0x000000008f600000, 0x000000008f600000| Untracked 
| 247|0x000000008f700000, 0x000000008f700000, 0x000000008f800000|  0%| F|  |TAMS 0x000000008f700000, 0x000000008f700000| Untracked 
| 248|0x000000008f800000, 0x000000008f800000, 0x000000008f900000|  0%| F|  |TAMS 0x000000008f800000, 0x000000008f800000| Untracked 
| 249|0x000000008f900000, 0x000000008f900000, 0x000000008fa00000|  0%| F|  |TAMS 0x000000008f900000, 0x000000008f900000| Untracked 
| 250|0x000000008fa00000, 0x000000008fa00000, 0x000000008fb00000|  0%| F|  |TAMS 0x000000008fa00000, 0x000000008fa00000| Untracked 
| 251|0x000000008fb00000, 0x000000008fb00000, 0x000000008fc00000|  0%| F|  |TAMS 0x000000008fb00000, 0x000000008fb00000| Untracked 
| 252|0x000000008fc00000, 0x000000008fc00000, 0x000000008fd00000|  0%| F|  |TAMS 0x000000008fc00000, 0x000000008fc00000| Untracked 
| 253|0x000000008fd00000, 0x000000008fd00000, 0x000000008fe00000|  0%| F|  |TAMS 0x000000008fd00000, 0x000000008fd00000| Untracked 
| 254|0x000000008fe00000, 0x000000008fe00000, 0x000000008ff00000|  0%| F|  |TAMS 0x000000008fe00000, 0x000000008fe00000| Untracked 
| 255|0x000000008ff00000, 0x000000008ff00000, 0x0000000090000000|  0%| F|  |TAMS 0x000000008ff00000, 0x000000008ff00000| Untracked 
| 256|0x0000000090000000, 0x0000000090000000, 0x0000000090100000|  0%| F|  |TAMS 0x0000000090000000, 0x0000000090000000| Untracked 
| 257|0x0000000090100000, 0x0000000090100000, 0x0000000090200000|  0%| F|  |TAMS 0x0000000090100000, 0x0000000090100000| Untracked 
| 258|0x0000000090200000, 0x0000000090200000, 0x0000000090300000|  0%| F|  |TAMS 0x0000000090200000, 0x0000000090200000| Untracked 
| 259|0x0000000090300000, 0x0000000090300000, 0x0000000090400000|  0%| F|  |TAMS 0x0000000090300000, 0x0000000090300000| Untracked 
| 260|0x0000000090400000, 0x0000000090400000, 0x0000000090500000|  0%| F|  |TAMS 0x0000000090400000, 0x0000000090400000| Untracked 
| 261|0x0000000090500000, 0x0000000090500000, 0x0000000090600000|  0%| F|  |TAMS 0x0000000090500000, 0x0000000090500000| Untracked 
| 262|0x0000000090600000, 0x0000000090600000, 0x0000000090700000|  0%| F|  |TAMS 0x0000000090600000, 0x0000000090600000| Untracked 
| 263|0x0000000090700000, 0x0000000090700000, 0x0000000090800000|  0%| F|  |TAMS 0x0000000090700000, 0x0000000090700000| Untracked 
| 264|0x0000000090800000, 0x0000000090800000, 0x0000000090900000|  0%| F|  |TAMS 0x0000000090800000, 0x0000000090800000| Untracked 
| 265|0x0000000090900000, 0x0000000090982550, 0x0000000090a00000| 50%| E|  |TAMS 0x0000000090900000, 0x0000000090900000| Complete 

Card table byte_map: [0x0000026d14ce0000,0x0000026d150e0000] _byte_map_base: 0x0000026d148e0000

Marking Bits (Prev, Next): (CMBitMap*) 0x0000026d7fa93b90, (CMBitMap*) 0x0000026d7fa93b58
 Prev Bits: [0x0000026d174e0000, 0x0000026d194e0000)
 Next Bits: [0x0000026d154e0000, 0x0000026d174e0000)

Polling page: 0x0000026d01410000

Metaspace:

Usage:
  Non-class:    116.44 MB capacity,   114.14 MB ( 98%) used,     1.86 MB (  2%) free+waste,   449.75 KB ( <1%) overhead. 
      Class:     17.69 MB capacity,    16.33 MB ( 92%) used,     1.16 MB (  7%) free+waste,   197.38 KB (  1%) overhead. 
       Both:    134.12 MB capacity,   130.47 MB ( 97%) used,     3.02 MB (  2%) free+waste,   647.13 KB ( <1%) overhead. 

Virtual space:
  Non-class space:      118.00 MB reserved,     116.62 MB ( 99%) committed 
      Class space:        1.00 GB reserved,      17.75 MB (  2%) committed 
             Both:        1.12 GB reserved,     134.37 MB ( 12%) committed 

Chunk freelists:
   Non-Class:  0 bytes
       Class:  65.00 KB
        Both:  65.00 KB

MaxMetaspaceSize: 17179869184.00 GB
CompressedClassSpaceSize: 1.00 GB

CodeHeap 'non-profiled nmethods': size=120000Kb used=13960Kb max_used=13960Kb free=106039Kb
 bounds [0x0000026d0c920000, 0x0000026d0d6d0000, 0x0000026d13e50000]
CodeHeap 'profiled nmethods': size=120000Kb used=45364Kb max_used=45364Kb free=74635Kb
 bounds [0x0000026d053f0000, 0x0000026d08060000, 0x0000026d0c920000]
CodeHeap 'non-nmethods': size=5760Kb used=2404Kb max_used=2478Kb free=3355Kb
 bounds [0x0000026d04e50000, 0x0000026d050d0000, 0x0000026d053f0000]
 total_blobs=21486 nmethods=20458 adapters=937
 compilation: enabled
              stopped_count=0, restarted_count=0
 full_count=0

Compilation events (20 events):
Event: 2805.925 Thread 0x0000026d1c7fe000 nmethod 22497 0x0000026d0804ef90 code [0x0000026d0804f160, 0x0000026d0804f488]
Event: 2805.925 Thread 0x0000026d1c7fe000 22501       3       java.math.MutableBigInteger::rightShift (79 bytes)
Event: 2805.925 Thread 0x0000026d1c7fe000 nmethod 22501 0x0000026d0804f610 code [0x0000026d0804f800, 0x0000026d0804fb48]
Event: 2805.925 Thread 0x0000026d1c7fe000 22502       3       java.math.MutableBigInteger::isZero (13 bytes)
Event: 2805.925 Thread 0x0000026d1c7fe000 nmethod 22502 0x0000026d0804fd10 code [0x0000026d0804fec0, 0x0000026d08050018]
Event: 2805.926 Thread 0x0000026d1c7fe000 22503       3       java.math.MutableBigInteger::isOne (27 bytes)
Event: 2805.926 Thread 0x0000026d1c7fe000 nmethod 22503 0x0000026d08050090 code [0x0000026d08050240, 0x0000026d080503f8]
Event: 2805.926 Thread 0x0000026d1c7fe000 22505       3       java.math.SignedMutableBigInteger::signedSubtract (34 bytes)
Event: 2805.926 Thread 0x0000026d1c7fe000 nmethod 22505 0x0000026d08050510 code [0x0000026d080506e0, 0x0000026d080509b8]
Event: 2805.926 Thread 0x0000026d1c7fe000 22508       3       java.math.SignedMutableBigInteger::signedAdd (34 bytes)
Event: 2805.926 Thread 0x0000026d1c7fe000 nmethod 22508 0x0000026d08050a90 code [0x0000026d08050c60, 0x0000026d08050f38]
Event: 2805.926 Thread 0x0000026d1c7fe000 22511       3       java.math.MutableBigInteger::mul (173 bytes)
Event: 2805.927 Thread 0x0000026d1c7fe000 nmethod 22511 0x0000026d08051010 code [0x0000026d08051220, 0x0000026d08051878]
Event: 2805.945 Thread 0x0000026d1c7fe000 22513       3       java.math.MutableBigInteger::divWord (108 bytes)
Event: 2805.946 Thread 0x0000026d1c7fe000 nmethod 22513 0x0000026d08051b10 code [0x0000026d08051ce0, 0x0000026d08052038]
Event: 2805.951 Thread 0x0000026d1c7fe000 22516       3       java.math.BigInteger::multiplyToLen (20 bytes)
Event: 2805.952 Thread 0x0000026d1c7fe000 nmethod 22516 0x0000026d08052190 code [0x0000026d080523e0, 0x0000026d08052b28]
Event: 2805.952 Thread 0x0000026d1c7fe000 22518       3       java.math.BigInteger::montgomeryMultiply (54 bytes)
Event: 2805.953 Thread 0x0000026d1c7fe000 nmethod 22518 0x0000026d08052e90 code [0x0000026d08053160, 0x0000026d08053d88]
Event: 2805.953 Thread 0x0000026d1c7fe000 22519       3       java.math.BigInteger::implMontgomeryMultiply (22 bytes)

GC Heap History (20 events):
Event: 2799.698 GC heap before
{Heap before GC invocations=69 (full 0):
 garbage-first heap   total 225280K, used 185954K [0x0000000080000000, 0x0000000100000000)
  region size 1024K, 51 young (52224K), 3 survivors (3072K)
 Metaspace       used 119208K, capacity 122272K, committed 122492K, reserved 1157120K
  class space    used 14734K, capacity 15839K, committed 15872K, reserved 1048576K
}
Event: 2799.705 GC heap after
{Heap after GC invocations=70 (full 0):
 garbage-first heap   total 225280K, used 134606K [0x0000000080000000, 0x0000000100000000)
  region size 1024K, 3 young (3072K), 3 survivors (3072K)
 Metaspace       used 119208K, capacity 122272K, committed 122492K, reserved 1157120K
  class space    used 14734K, capacity 15839K, committed 15872K, reserved 1048576K
}
Event: 2799.734 GC heap before
{Heap before GC invocations=70 (full 0):
 garbage-first heap   total 225280K, used 141774K [0x0000000080000000, 0x0000000100000000)
  region size 1024K, 11 young (11264K), 3 survivors (3072K)
 Metaspace       used 119222K, capacity 122273K, committed 122492K, reserved 1157120K
  class space    used 14735K, capacity 15839K, committed 15872K, reserved 1048576K
}
Event: 2799.745 GC heap after
{Heap after GC invocations=71 (full 0):
 garbage-first heap   total 225280K, used 135126K [0x0000000080000000, 0x0000000100000000)
  region size 1024K, 2 young (2048K), 2 survivors (2048K)
 Metaspace       used 119222K, capacity 122273K, committed 122492K, reserved 1157120K
  class space    used 14735K, capacity 15839K, committed 15872K, reserved 1048576K
}
Event: 2800.480 GC heap before
{Heap before GC invocations=71 (full 0):
 garbage-first heap   total 225280K, used 183254K [0x0000000080000000, 0x0000000100000000)
  region size 1024K, 50 young (51200K), 2 survivors (2048K)
 Metaspace       used 122940K, capacity 126214K, committed 126460K, reserved 1159168K
  class space    used 15260K, capacity 16438K, committed 16512K, reserved 1048576K
}
Event: 2800.514 GC heap after
{Heap after GC invocations=72 (full 0):
 garbage-first heap   total 225280K, used 145340K [0x0000000080000000, 0x0000000100000000)
  region size 1024K, 7 young (7168K), 7 survivors (7168K)
 Metaspace       used 122940K, capacity 126214K, committed 126460K, reserved 1159168K
  class space    used 15260K, capacity 16438K, committed 16512K, reserved 1048576K
}
Event: 2801.578 GC heap before
{Heap before GC invocations=73 (full 0):
 garbage-first heap   total 225280K, used 183228K [0x0000000080000000, 0x0000000100000000)
  region size 1024K, 45 young (46080K), 7 survivors (7168K)
 Metaspace       used 127812K, capacity 131297K, committed 131452K, reserved 1163264K
  class space    used 16043K, capacity 17357K, committed 17408K, reserved 1048576K
}
Event: 2801.592 GC heap after
{Heap after GC invocations=74 (full 0):
 garbage-first heap   total 225280K, used 148875K [0x0000000080000000, 0x0000000100000000)
  region size 1024K, 5 young (5120K), 5 survivors (5120K)
 Metaspace       used 127812K, capacity 131297K, committed 131452K, reserved 1163264K
  class space    used 16043K, capacity 17357K, committed 17408K, reserved 1048576K
}
Event: 2801.690 GC heap before
{Heap before GC invocations=74 (full 0):
 garbage-first heap   total 225280K, used 155019K [0x0000000080000000, 0x0000000100000000)
  region size 1024K, 11 young (11264K), 5 survivors (5120K)
 Metaspace       used 127890K, capacity 131364K, committed 131452K, reserved 1163264K
  class space    used 16043K, capacity 17357K, committed 17408K, reserved 1048576K
}
Event: 2801.706 GC heap after
{Heap after GC invocations=75 (full 0):
 garbage-first heap   total 225280K, used 148814K [0x0000000080000000, 0x0000000100000000)
  region size 1024K, 2 young (2048K), 2 survivors (2048K)
 Metaspace       used 127890K, capacity 131364K, committed 131452K, reserved 1163264K
  class space    used 16043K, capacity 17357K, committed 17408K, reserved 1048576K
}
Event: 2802.482 GC heap before
{Heap before GC invocations=75 (full 0):
 garbage-first heap   total 225280K, used 181582K [0x0000000080000000, 0x0000000100000000)
  region size 1024K, 36 young (36864K), 2 survivors (2048K)
 Metaspace       used 130004K, capacity 133773K, committed 133884K, reserved 1165312K
  class space    used 16318K, capacity 17731K, committed 17792K, reserved 1048576K
}
Event: 2802.490 GC heap after
{Heap after GC invocations=76 (full 0):
 garbage-first heap   total 225280K, used 150193K [0x0000000080000000, 0x0000000100000000)
  region size 1024K, 3 young (3072K), 3 survivors (3072K)
 Metaspace       used 130004K, capacity 133773K, committed 133884K, reserved 1165312K
  class space    used 16318K, capacity 17731K, committed 17792K, reserved 1048576K
}
Event: 2804.773 GC heap before
{Heap before GC invocations=77 (full 0):
 garbage-first heap   total 225280K, used 189105K [0x0000000080000000, 0x0000000100000000)
  region size 1024K, 40 young (40960K), 3 survivors (3072K)
 Metaspace       used 130802K, capacity 134430K, committed 134908K, reserved 1167360K
  class space    used 16264K, capacity 17629K, committed 17792K, reserved 1048576K
}
Event: 2804.780 GC heap after
{Heap after GC invocations=78 (full 0):
 garbage-first heap   total 225280K, used 149143K [0x0000000080000000, 0x0000000100000000)
  region size 1024K, 2 young (2048K), 2 survivors (2048K)
 Metaspace       used 130802K, capacity 134430K, committed 134908K, reserved 1167360K
  class space    used 16264K, capacity 17629K, committed 17792K, reserved 1048576K
}
Event: 2804.877 GC heap before
{Heap before GC invocations=78 (full 0):
 garbage-first heap   total 225280K, used 157335K [0x0000000080000000, 0x0000000100000000)
  region size 1024K, 11 young (11264K), 2 survivors (2048K)
 Metaspace       used 131334K, capacity 134945K, committed 135292K, reserved 1167360K
  class space    used 16356K, capacity 17715K, committed 17920K, reserved 1048576K
}
Event: 2804.892 GC heap after
{Heap after GC invocations=79 (full 0):
 garbage-first heap   total 225280K, used 151482K [0x0000000080000000, 0x0000000100000000)
  region size 1024K, 2 young (2048K), 2 survivors (2048K)
 Metaspace       used 131334K, capacity 134945K, committed 135292K, reserved 1167360K
  class space    used 16356K, capacity 17715K, committed 17920K, reserved 1048576K
}
Event: 2805.178 GC heap before
{Heap before GC invocations=79 (full 0):
 garbage-first heap   total 225280K, used 188346K [0x0000000080000000, 0x0000000100000000)
  region size 1024K, 39 young (39936K), 2 survivors (2048K)
 Metaspace       used 132216K, capacity 135868K, committed 136188K, reserved 1167360K
  class space    used 16555K, capacity 17931K, committed 18048K, reserved 1048576K
}
Event: 2805.226 GC heap after
{Heap after GC invocations=80 (full 0):
 garbage-first heap   total 225280K, used 160185K [0x0000000080000000, 0x0000000100000000)
  region size 1024K, 5 young (5120K), 5 survivors (5120K)
 Metaspace       used 132216K, capacity 135868K, committed 136188K, reserved 1167360K
  class space    used 16555K, capacity 17931K, committed 18048K, reserved 1048576K
}
Event: 2805.928 GC heap before
{Heap before GC invocations=81 (full 0):
 garbage-first heap   total 225280K, used 207289K [0x0000000080000000, 0x0000000100000000)
  region size 1024K, 33 young (33792K), 5 survivors (5120K)
 Metaspace       used 133557K, capacity 137324K, committed 137596K, reserved 1169408K
  class space    used 16716K, capacity 18106K, committed 18176K, reserved 1048576K
}
Event: 2805.944 GC heap after
{Heap after GC invocations=82 (full 0):
 garbage-first heap   total 272384K, used 159947K [0x0000000080000000, 0x0000000100000000)
  region size 1024K, 2 young (2048K), 2 survivors (2048K)
 Metaspace       used 133557K, capacity 137324K, committed 137596K, reserved 1169408K
  class space    used 16716K, capacity 18106K, committed 18176K, reserved 1048576K
}

Deoptimization events (20 events):
Event: 2805.949 Thread 0x0000026d296df800 DEOPT PACKING pc=0x0000026d06060e3f sp=0x000000e1b51fd470
Event: 2805.949 Thread 0x0000026d296df800 DEOPT UNPACKING pc=0x0000026d04e77c0e sp=0x000000e1b51fc8f0 mode 0
Event: 2805.949 Thread 0x0000026d296df800 DEOPT PACKING pc=0x0000026d06060e3f sp=0x000000e1b51fd470
Event: 2805.949 Thread 0x0000026d296df800 DEOPT UNPACKING pc=0x0000026d04e77c0e sp=0x000000e1b51fc8f0 mode 0
Event: 2805.950 Thread 0x0000026d296df800 DEOPT PACKING pc=0x0000026d06060e3f sp=0x000000e1b51fd470
Event: 2805.950 Thread 0x0000026d296df800 DEOPT UNPACKING pc=0x0000026d04e77c0e sp=0x000000e1b51fc8f0 mode 0
Event: 2805.951 Thread 0x0000026d296df800 DEOPT PACKING pc=0x0000026d06060e3f sp=0x000000e1b51fd470
Event: 2805.951 Thread 0x0000026d296df800 DEOPT UNPACKING pc=0x0000026d04e77c0e sp=0x000000e1b51fc8f0 mode 0
Event: 2805.951 Thread 0x0000026d296df800 DEOPT PACKING pc=0x0000026d06060e3f sp=0x000000e1b51fd470
Event: 2805.951 Thread 0x0000026d296df800 DEOPT UNPACKING pc=0x0000026d04e77c0e sp=0x000000e1b51fc8f0 mode 0
Event: 2805.951 Thread 0x0000026d296df800 DEOPT PACKING pc=0x0000026d06060e3f sp=0x000000e1b51fd470
Event: 2805.951 Thread 0x0000026d296df800 DEOPT UNPACKING pc=0x0000026d04e77c0e sp=0x000000e1b51fc8f0 mode 0
Event: 2805.952 Thread 0x0000026d296df800 DEOPT PACKING pc=0x0000026d06060e3f sp=0x000000e1b51fd470
Event: 2805.952 Thread 0x0000026d296df800 DEOPT UNPACKING pc=0x0000026d04e77c0e sp=0x000000e1b51fc8f0 mode 0
Event: 2805.952 Thread 0x0000026d296df800 DEOPT PACKING pc=0x0000026d06060e3f sp=0x000000e1b51fd420
Event: 2805.952 Thread 0x0000026d296df800 DEOPT UNPACKING pc=0x0000026d04e77c0e sp=0x000000e1b51fc878 mode 0
Event: 2805.953 Thread 0x0000026d296df800 DEOPT PACKING pc=0x0000026d06060e3f sp=0x000000e1b51fd420
Event: 2805.953 Thread 0x0000026d296df800 DEOPT UNPACKING pc=0x0000026d04e77c0e sp=0x000000e1b51fc878 mode 0
Event: 2805.953 Thread 0x0000026d296df800 DEOPT PACKING pc=0x0000026d06060e3f sp=0x000000e1b51fd420
Event: 2805.953 Thread 0x0000026d296df800 DEOPT UNPACKING pc=0x0000026d04e77c0e sp=0x000000e1b51fc878 mode 0

Classes redefined (0 events):
No events

Internal exceptions (20 events):
Event: 2804.820 Thread 0x0000026d296df800 Exception <a 'sun/nio/fs/WindowsException'{0x000000008d98e7c8}> (0x000000008d98e7c8) thrown at [./src/hotspot/share/prims/jni.cpp, line 615]
Event: 2804.837 Thread 0x0000026d25821000 Exception <a 'sun/nio/fs/WindowsException'{0x000000008d844718}> (0x000000008d844718) thrown at [./src/hotspot/share/prims/jni.cpp, line 615]
Event: 2804.856 Thread 0x0000026d1ddf4000 Exception <a 'sun/nio/fs/WindowsException'{0x000000008d7ced88}> (0x000000008d7ced88) thrown at [./src/hotspot/share/prims/jni.cpp, line 615]
Event: 2804.951 Thread 0x0000026d2581c000 Exception <a 'sun/nio/fs/WindowsException'{0x000000008dbfaf50}> (0x000000008dbfaf50) thrown at [./src/hotspot/share/prims/jni.cpp, line 615]
Event: 2805.038 Thread 0x0000026d1ddf0800 Exception <a 'sun/nio/fs/WindowsException'{0x000000008c957728}> (0x000000008c957728) thrown at [./src/hotspot/share/prims/jni.cpp, line 615]
Event: 2805.056 Thread 0x0000026d1ddf4000 Exception <a 'sun/nio/fs/WindowsException'{0x000000008c65ebf0}> (0x000000008c65ebf0) thrown at [./src/hotspot/share/prims/jni.cpp, line 615]
Event: 2805.057 Thread 0x0000026d296df800 Exception <a 'sun/nio/fs/WindowsException'{0x000000008c66f8b0}> (0x000000008c66f8b0) thrown at [./src/hotspot/share/prims/jni.cpp, line 615]
Event: 2805.077 Thread 0x0000026d2581c000 Exception <a 'sun/nio/fs/WindowsException'{0x000000008c5affe0}> (0x000000008c5affe0) thrown at [./src/hotspot/share/prims/jni.cpp, line 615]
Event: 2805.079 Thread 0x0000026d25821000 Exception <a 'sun/nio/fs/WindowsException'{0x000000008c5d6f20}> (0x000000008c5d6f20) thrown at [./src/hotspot/share/prims/jni.cpp, line 615]
Event: 2805.081 Thread 0x0000026d1ddf0800 Exception <a 'sun/nio/fs/WindowsException'{0x000000008c969930}> (0x000000008c969930) thrown at [./src/hotspot/share/prims/jni.cpp, line 615]
Event: 2805.091 Thread 0x0000026d1ddf4000 Exception <a 'sun/nio/fs/WindowsException'{0x000000008c3b9180}> (0x000000008c3b9180) thrown at [./src/hotspot/share/prims/jni.cpp, line 615]
Event: 2805.099 Thread 0x0000026d1ddf0800 Exception <a 'sun/nio/fs/WindowsException'{0x000000008c196400}> (0x000000008c196400) thrown at [./src/hotspot/share/prims/jni.cpp, line 615]
Event: 2805.137 Thread 0x0000026d2581c000 Exception <a 'sun/nio/fs/WindowsException'{0x000000008bdedbf0}> (0x000000008bdedbf0) thrown at [./src/hotspot/share/prims/jni.cpp, line 615]
Event: 2805.164 Thread 0x0000026d1ddf1800 Exception <a 'sun/nio/fs/WindowsException'{0x000000008dbed510}> (0x000000008dbed510) thrown at [./src/hotspot/share/prims/jni.cpp, line 615]
Event: 2805.173 Thread 0x0000026d1ddf1800 Exception <a 'sun/nio/fs/WindowsException'{0x000000008b542010}> (0x000000008b542010) thrown at [./src/hotspot/share/prims/jni.cpp, line 615]
Event: 2805.270 Thread 0x0000026d1ddf4000 Exception <a 'sun/nio/fs/WindowsException'{0x000000008d8585a0}> (0x000000008d8585a0) thrown at [./src/hotspot/share/prims/jni.cpp, line 615]
Event: 2805.282 Thread 0x0000026d2581c000 Exception <a 'sun/nio/fs/WindowsException'{0x000000008dbae3b0}> (0x000000008dbae3b0) thrown at [./src/hotspot/share/prims/jni.cpp, line 615]
Event: 2805.293 Thread 0x0000026d296e0800 Exception <a 'sun/nio/fs/WindowsException'{0x000000008d743960}> (0x000000008d743960) thrown at [./src/hotspot/share/prims/jni.cpp, line 615]
Event: 2805.336 Thread 0x0000026d296e0800 Exception <a 'sun/nio/fs/WindowsException'{0x000000008d3d6d58}> (0x000000008d3d6d58) thrown at [./src/hotspot/share/prims/jni.cpp, line 615]
Event: 2805.532 Thread 0x0000026d1ddf5000 Exception <a 'sun/nio/fs/WindowsException'{0x000000008cdc24b8}> (0x000000008cdc24b8) thrown at [./src/hotspot/share/prims/jni.cpp, line 615]

Events (20 events):
Event: 2805.919 loading class com/android/apksig/internal/apk/v2/V2SchemeSigner$V2SignatureSchemeBlock$SignedData
Event: 2805.919 loading class com/android/apksig/internal/apk/v2/V2SchemeSigner$V2SignatureSchemeBlock$SignedData done
Event: 2805.919 loading class com/android/apksig/internal/apk/v2/V2SchemeSigner$V2SignatureSchemeBlock$Signer
Event: 2805.919 loading class com/android/apksig/internal/apk/v2/V2SchemeSigner$V2SignatureSchemeBlock$Signer done
Event: 2805.919 loading class sun/security/rsa/RSASignature$SHA256withRSA
Event: 2805.920 loading class sun/security/rsa/RSASignature$SHA256withRSA done
Event: 2805.920 loading class sun/security/rsa/RSACore$BlindingParameters
Event: 2805.920 loading class sun/security/rsa/RSACore$BlindingParameters done
Event: 2805.920 loading class sun/security/jca/JCAUtil
Event: 2805.920 loading class sun/security/jca/JCAUtil done
Event: 2805.920 loading class sun/security/jca/JCAUtil$CachedSecureRandomHolder
Event: 2805.920 loading class sun/security/jca/JCAUtil$CachedSecureRandomHolder done
Event: 2805.927 loading class sun/security/rsa/RSACore$BlindingRandomPair
Event: 2805.927 loading class sun/security/rsa/RSACore$BlindingRandomPair done
Event: 2805.928 Executing VM operation: G1CollectForAllocation
Event: 2805.945 Executing VM operation: G1CollectForAllocation done
Event: 2805.945 Executing VM operation: RevokeBias
Event: 2805.945 Executing VM operation: RevokeBias done
Event: 2805.945 Executing VM operation: RevokeBias
Event: 2805.946 Executing VM operation: RevokeBias done


Dynamic libraries:
0x00007ff7983a0000 - 0x00007ff7983aa000 	D:\Program Files\Android\jre\bin\java.exe
0x00007ffbec780000 - 0x00007ffbec970000 	C:\Windows\SYSTEM32\ntdll.dll
0x00007ffbebea0000 - 0x00007ffbebf52000 	C:\Windows\System32\KERNEL32.DLL
0x00007ffbea2c0000 - 0x00007ffbea563000 	C:\Windows\System32\KERNELBASE.dll
0x00007ffbea020000 - 0x00007ffbea11a000 	C:\Windows\System32\ucrtbase.dll
0x00007ffbe1670000 - 0x00007ffbe1689000 	D:\Program Files\Android\jre\bin\jli.dll
0x00007ffbea940000 - 0x00007ffbeaad4000 	C:\Windows\System32\USER32.dll
0x00007ffbc4b90000 - 0x00007ffbc4ba7000 	D:\Program Files\Android\jre\bin\VCRUNTIME140.dll
0x00007ffbea840000 - 0x00007ffbea861000 	C:\Windows\System32\win32u.dll
0x00007ffbd6270000 - 0x00007ffbd64f5000 	C:\Windows\WinSxS\amd64_microsoft.windows.common-controls_6595b64144ccf1df_6.0.18362.535_none_e6c3b34713100821\COMCTL32.dll
0x00007ffbec590000 - 0x00007ffbec5b6000 	C:\Windows\System32\GDI32.dll
0x00007ffbea120000 - 0x00007ffbea2b4000 	C:\Windows\System32\gdi32full.dll
0x00007ffbec630000 - 0x00007ffbec6ce000 	C:\Windows\System32\msvcrt.dll
0x00007ffbea7a0000 - 0x00007ffbea83e000 	C:\Windows\System32\msvcp_win.dll
0x00007ffbebb60000 - 0x00007ffbebe96000 	C:\Windows\System32\combase.dll
0x00007ffbeaae0000 - 0x00007ffbeac00000 	C:\Windows\System32\RPCRT4.dll
0x00007ffbea6d0000 - 0x00007ffbea750000 	C:\Windows\System32\bcryptPrimitives.dll
0x00007ffbebad0000 - 0x00007ffbebafe000 	C:\Windows\System32\IMM32.DLL
0x00007ffbbfe30000 - 0x00007ffbbfecd000 	D:\Program Files\Android\jre\bin\msvcp140.dll
0x00007ffbafff0000 - 0x00007ffbb0ac5000 	D:\Program Files\Android\jre\bin\server\jvm.dll
0x00007ffbec0b0000 - 0x00007ffbec153000 	C:\Windows\System32\ADVAPI32.dll
0x00007ffbeba20000 - 0x00007ffbebab7000 	C:\Windows\System32\sechost.dll
0x00007ffbead80000 - 0x00007ffbead88000 	C:\Windows\System32\PSAPI.DLL
0x00007ffbc7190000 - 0x00007ffbc7199000 	C:\Windows\SYSTEM32\WSOCK32.dll
0x00007ffbeac60000 - 0x00007ffbeaccf000 	C:\Windows\System32\WS2_32.dll
0x00007ffbe7180000 - 0x00007ffbe71a4000 	C:\Windows\SYSTEM32\WINMM.dll
0x00007ffbe2de0000 - 0x00007ffbe2dea000 	C:\Windows\SYSTEM32\VERSION.dll
0x00007ffbe6de0000 - 0x00007ffbe6e0d000 	C:\Windows\SYSTEM32\WINMMBASE.dll
0x00007ffbea680000 - 0x00007ffbea6ca000 	C:\Windows\System32\cfgmgr32.dll
0x00007ffbe96a0000 - 0x00007ffbe96b1000 	C:\Windows\System32\kernel.appcore.dll
0x00007ffbc4b20000 - 0x00007ffbc4b31000 	D:\Program Files\Android\jre\bin\verify.dll
0x00007ffbe7e70000 - 0x00007ffbe8064000 	C:\Windows\SYSTEM32\DBGHELP.DLL
0x00007ffbd3970000 - 0x00007ffbd399a000 	C:\Windows\SYSTEM32\dbgcore.DLL
0x00007ffbbb880000 - 0x00007ffbbb8a9000 	D:\Program Files\Android\jre\bin\java.dll
0x00007ffbc7180000 - 0x00007ffbc718b000 	D:\Program Files\Android\jre\bin\jimage.dll
0x00007ffbc4ae0000 - 0x00007ffbc4af8000 	D:\Program Files\Android\jre\bin\zip.dll
0x00007ffbeb330000 - 0x00007ffbeba15000 	C:\Windows\System32\SHELL32.dll
0x00007ffbeacd0000 - 0x00007ffbead79000 	C:\Windows\System32\shcore.dll
0x00007ffbe98a0000 - 0x00007ffbea01f000 	C:\Windows\System32\windows.storage.dll
0x00007ffbe96c0000 - 0x00007ffbe96df000 	C:\Windows\System32\profapi.dll
0x00007ffbe96e0000 - 0x00007ffbe972a000 	C:\Windows\System32\powrprof.dll
0x00007ffbe9690000 - 0x00007ffbe96a0000 	C:\Windows\System32\UMPDC.dll
0x00007ffbeb2d0000 - 0x00007ffbeb322000 	C:\Windows\System32\shlwapi.dll
0x00007ffbea750000 - 0x00007ffbea767000 	C:\Windows\System32\cryptsp.dll
0x00007ffbc2910000 - 0x00007ffbc292a000 	D:\Program Files\Android\jre\bin\net.dll
0x00007ffbd9cf0000 - 0x00007ffbd9de0000 	C:\Windows\SYSTEM32\WINHTTP.dll
0x00007ffbe8f00000 - 0x00007ffbe8f67000 	C:\Windows\system32\mswsock.dll
0x00007ffbc2010000 - 0x00007ffbc2024000 	D:\Program Files\Android\jre\bin\nio.dll
0x00007ffbc8d20000 - 0x00007ffbc8d47000 	D:\ProgramsfilesD\Android\Sdk\native\e1d6ef7f7dcc3fd88c89a11ec53ec762bb8ba0a96d01ffa2cd45eb1d1d8dd5c5\windows-amd64\native-platform.dll
0x00007ffbb0e40000 - 0x00007ffbb0f84000 	D:\ProgramsfilesD\Android\Sdk\native\5664cfc778a61ccfe75a443a1ab52a65af34e5dc3c78e0209fed803814484fcb\windows-amd64\native-platform-file-events.dll
0x00007ffbc6860000 - 0x00007ffbc686a000 	D:\Program Files\Android\jre\bin\management.dll
0x00007ffbc5200000 - 0x00007ffbc520d000 	D:\Program Files\Android\jre\bin\management_ext.dll
0x00007ffbe8a70000 - 0x00007ffbe8aa3000 	C:\Windows\system32\rsaenh.dll
0x00007ffbea770000 - 0x00007ffbea796000 	C:\Windows\System32\bcrypt.dll
0x00007ffbe95b0000 - 0x00007ffbe95d5000 	C:\Windows\SYSTEM32\USERENV.dll
0x00007ffbe90d0000 - 0x00007ffbe90dc000 	C:\Windows\SYSTEM32\CRYPTBASE.dll
0x00007ffbe8c10000 - 0x00007ffbe8c4a000 	C:\Windows\SYSTEM32\IPHLPAPI.DLL
0x00007ffbebf60000 - 0x00007ffbebf68000 	C:\Windows\System32\NSI.dll
0x00007ffbe0790000 - 0x00007ffbe07a6000 	C:\Windows\SYSTEM32\dhcpcsvc6.DLL
0x00007ffbe1030000 - 0x00007ffbe104c000 	C:\Windows\SYSTEM32\dhcpcsvc.DLL
0x00007ffbe8c50000 - 0x00007ffbe8d1a000 	C:\Windows\SYSTEM32\DNSAPI.dll
0x00007ffbe86f0000 - 0x00007ffbe8721000 	C:\Windows\SYSTEM32\ntmarta.dll
0x00007ffbd8b40000 - 0x00007ffbd8b5e000 	C:\Temp\native-platform14824333226240646740dir\native-platform.dll
0x00007ffbe4000000 - 0x00007ffbe4008000 	D:\Program Files\Android\jre\bin\rmi.dll

dbghelp: loaded successfully - version: 4.0.5 - missing functions: none
symbol engine: initialized successfully - sym options: 0x614 - pdb path: .;D:\Program Files\Android\jre\bin;C:\Windows\SYSTEM32;C:\Windows\WinSxS\amd64_microsoft.windows.common-controls_6595b64144ccf1df_6.0.18362.535_none_e6c3b34713100821;D:\Program Files\Android\jre\bin\server;D:\ProgramsfilesD\Android\Sdk\native\e1d6ef7f7dcc3fd88c89a11ec53ec762bb8ba0a96d01ffa2cd45eb1d1d8dd5c5\windows-amd64;D:\ProgramsfilesD\Android\Sdk\native\5664cfc778a61ccfe75a443a1ab52a65af34e5dc3c78e0209fed803814484fcb\windows-amd64;C:\Temp\native-platform14824333226240646740dir

VM Arguments:
jvm_args: --add-opens=java.base/java.util=ALL-UNNAMED --add-opens=java.base/java.lang=ALL-UNNAMED --add-opens=java.base/java.lang.invoke=ALL-UNNAMED --add-opens=java.base/java.util=ALL-UNNAMED --add-opens=java.prefs/java.util.prefs=ALL-UNNAMED --add-opens=java.prefs/java.util.prefs=ALL-UNNAMED --add-opens=java.base/java.nio.charset=ALL-UNNAMED --add-opens=java.base/java.net=ALL-UNNAMED --add-opens=java.base/java.util.concurrent.atomic=ALL-UNNAMED -Xmx2048m -Dfile.encoding=UTF-8 -Duser.country=RU -Duser.language=ru -Duser.variant 
java_command: org.gradle.launcher.daemon.bootstrap.GradleDaemon 7.2
java_class_path (initial): D:\ProgramsfilesD\Android\Sdk\wrapper\dists\gradle-7.2-bin\2dnblmf4td7x66yl1d74lt32g\gradle-7.2\lib\gradle-launcher-7.2.jar
Launcher Type: SUN_STANDARD

[Global flags]
     intx CICompilerCount                          = 4                                         {product} {ergonomic}
     uint ConcGCThreads                            = 2                                         {product} {ergonomic}
     uint G1ConcRefinementThreads                  = 8                                         {product} {ergonomic}
   size_t G1HeapRegionSize                         = 1048576                                   {product} {ergonomic}
    uintx GCDrainStackTargetSize                   = 64                                        {product} {ergonomic}
   size_t InitialHeapSize                          = 132120576                                 {product} {ergonomic}
   size_t MarkStackSize                            = 4194304                                   {product} {ergonomic}
   size_t MaxHeapSize                              = 2147483648                                {product} {command line}
   size_t MaxNewSize                               = 1287651328                                {product} {ergonomic}
   size_t MinHeapDeltaBytes                        = 1048576                                   {product} {ergonomic}
    uintx NonNMethodCodeHeapSize                   = 5836300                                {pd product} {ergonomic}
    uintx NonProfiledCodeHeapSize                  = 122910970                              {pd product} {ergonomic}
    uintx ProfiledCodeHeapSize                     = 122910970                              {pd product} {ergonomic}
    uintx ReservedCodeCacheSize                    = 251658240                              {pd product} {ergonomic}
     bool SegmentedCodeCache                       = true                                      {product} {ergonomic}
     bool UseCompressedClassPointers               = true                                 {lp64_product} {ergonomic}
     bool UseCompressedOops                        = true                                 {lp64_product} {ergonomic}
     bool UseG1GC                                  = true                                      {product} {ergonomic}
     bool UseLargePagesIndividualAllocation        = false                                  {pd product} {ergonomic}

Logging:
Log output configuration:
 #0: stdout all=warning uptime,level,tags
 #1: stderr all=off uptime,level,tags

Environment Variables:
JAVA_HOME=D:\Program Files\Java
PATH=C:\PROGRA~2\Borland\CBUILD~1\Bin;C:\PROGRA~2\Borland\CBUILD~1\Projects\Bpl;C:\Program Files\Common Files\Oracle\Java\javapath;C:\Windows\system32;C:\Windows;C:\Windows\System32\Wbem;C:\Windows\System32\WindowsPowerShell\v1.0\;C:\Program Files (x86)\NVIDIA Corporation\PhysX\Common;C:\Program Files\NVIDIA Corporation\NVIDIA NvDLISR;C:\Program Files\Microsoft\Web Platform Installer\;C:\Program Files (x86)\Microsoft ASP.NET\ASP.NET Web Pages\v1.0\;C:\Program Files\Microsoft SQL Server\110\Tools\Binn\;C:\Program Files\Git\cmd;C:\Users\asus\AppData\Local\Programs\Python\Python310\Scripts\;C:\Users\asus\AppData\Local\Programs\Python\Python310\;C:\Users\asus\AppData\Local\Microsoft\WindowsApps;;D:\Program Files\JetBrains\IntelliJ IDEA Community Edition 2020.3\bin;
USERNAME=asus
OS=Windows_NT
PROCESSOR_IDENTIFIER=Intel64 Family 6 Model 126 Stepping 5, GenuineIntel



---------------  S Y S T E M  ---------------

OS: Windows 10 , 64 bit Build 18362 (10.0.18362.329)
OS uptime: 0 days 0:53 hours

CPU:total 8 (initial active 8) (4 cores per cpu, 2 threads per core) family 6 model 126 stepping 5 microcode 0x96, cmov, cx8, fxsr, mmx, sse, sse2, sse3, ssse3, sse4.1, sse4.2, popcnt, avx, avx2, aes, clmul, erms, 3dnowpref, lzcnt, ht, tsc, tscinvbit, bmi1, bmi2, adx, evex, sha, fma

Memory: 4k page, system-wide physical 7997M (642M free)
TotalPageFile size 7997M (AvailPageFile size 5M)
current process WorkingSet (physical memory assigned to process): 641M, peak: 641M
current process commit charge ("private bytes"): 724M, peak: 726M

vm_info: OpenJDK 64-Bit Server VM (11.0.11+9-b60-7590822) for windows-amd64 JRE (11.0.11+9-b60-7590822), built on Jul 29 2021 21:43:44 by "builder" with MS VC++ 14.0 (VS2015)

END.
