#
# There is insufficient memory for the Java Runtime Environment to continue.
# Native memory allocation (malloc) failed to allocate 1697136 bytes for Chunk::new
# Possible reasons:
#   The system is out of physical RAM or swap space
#   The process is running with CompressedOops enabled, and the Java Heap may be blocking the growth of the native heap
# Possible solutions:
#   Reduce memory load on the system
#   Increase physical memory or swap space
#   Check if swap backing store is full
#   Decrease Java heap size (-Xmx/-Xms)
#   Decrease number of Java threads
#   Decrease Java thread stack sizes (-Xss)
#   Set larger code cache with -XX:ReservedCodeCacheSize=
#   JVM is running with Unscaled Compressed Oops mode in which the Java heap is
#     placed in the first 4GB address space. The Java Heap base address is the
#     maximum limit for the native heap growth. Please use -XX:HeapBaseMinAddress
#     to set the Java Heap base and to place the Java Heap above 4GB virtual address.
# This output file may be truncated or incomplete.
#
#  Out of Memory Error (./src/hotspot/share/memory/arena.cpp:197), pid=8208, tid=6180
#
# JRE version: OpenJDK Runtime Environment (11.0.11+9) (build 11.0.11+9-b60-7590822)
# Java VM: OpenJDK 64-Bit Server VM (11.0.11+9-b60-7590822, mixed mode, tiered, compressed oops, g1 gc, windows-amd64)
# No core dump will be written. Minidumps are not enabled by default on client versions of Windows
#

---------------  S U M M A R Y ------------

Command Line: org.jetbrains.kotlin.cli.jvm.K2JVMCompiler @D:\NotesApp\app\build\20220531_4896963705338325759.compiler.options

Host: Intel(R) Core(TM) i7-1065G7 CPU @ 1.30GHz, 8 cores, 7G,  Windows 10 , 64 bit Build 18362 (10.0.18362.329)
Time: Tue May 31 15:28:18 2022 Caiaaiay Acey (ceia) elapsed time: 4.573381 seconds (0d 0h 0m 4s)

---------------  T H R E A D  ---------------

Current thread (0x000001f22f6ab800):  JavaThread "C2 CompilerThread2" daemon [_thread_in_native, id=6180, stack(0x0000009274b00000,0x0000009274c00000)]


Current CompileTask:
C2:   4573 7076   !   4       jdk.internal.loader.BuiltinClassLoader::findClassOnClassPathOrNull (64 bytes)

Stack: [0x0000009274b00000,0x0000009274c00000]
Native frames: (J=compiled Java code, j=interpreted, Vv=VM code, C=native code)
V  [jvm.dll+0x5f214a]
V  [jvm.dll+0x726fb5]
V  [jvm.dll+0x7285cd]
V  [jvm.dll+0x728c83]
V  [jvm.dll+0x243278]
V  [jvm.dll+0xbc53c]
V  [jvm.dll+0xbca3c]
V  [jvm.dll+0x353e7d]
V  [jvm.dll+0x321893]
V  [jvm.dll+0x320d8a]
V  [jvm.dll+0x1fc1e2]
V  [jvm.dll+0x1fb3d4]
V  [jvm.dll+0x183d6c]
V  [jvm.dll+0x209a57]
V  [jvm.dll+0x2082a1]
V  [jvm.dll+0x6ef58f]
V  [jvm.dll+0x6e80b5]
V  [jvm.dll+0x5f1036]
C  [ucrtbase.dll+0x20e72]
C  [KERNEL32.DLL+0x17bd4]
C  [ntdll.dll+0x6ced1]


---------------  P R O C E S S  ---------------

Threads class SMR info:
_java_thread_list=0x000001f22f686b30, length=12, elements={
0x000001f2149da800, 0x000001f22eccb800, 0x000001f22ecd4000, 0x000001f22ecc8000,
0x000001f22f527800, 0x000001f22f52a800, 0x000001f22f52b800, 0x000001f22f52e800,
0x000001f22f530000, 0x000001f22f691800, 0x000001f22f69a000, 0x000001f22f6ab800
}

Java Threads: ( => current thread )
  0x000001f2149da800 JavaThread "main" [_thread_in_vm, id=9520, stack(0x0000009273900000,0x0000009273a00000)]
  0x000001f22eccb800 JavaThread "Reference Handler" daemon [_thread_blocked, id=10320, stack(0x0000009274000000,0x0000009274100000)]
  0x000001f22ecd4000 JavaThread "Finalizer" daemon [_thread_blocked, id=9792, stack(0x0000009274100000,0x0000009274200000)]
  0x000001f22ecc8000 JavaThread "Signal Dispatcher" daemon [_thread_blocked, id=11532, stack(0x0000009274200000,0x0000009274300000)]
  0x000001f22f527800 JavaThread "Attach Listener" daemon [_thread_blocked, id=2256, stack(0x0000009274300000,0x0000009274400000)]
  0x000001f22f52a800 JavaThread "Service Thread" daemon [_thread_blocked, id=9724, stack(0x0000009274400000,0x0000009274500000)]
  0x000001f22f52b800 JavaThread "C2 CompilerThread0" daemon [_thread_in_native, id=11100, stack(0x0000009274500000,0x0000009274600000)]
  0x000001f22f52e800 JavaThread "C1 CompilerThread0" daemon [_thread_blocked, id=7264, stack(0x0000009274600000,0x0000009274700000)]
  0x000001f22f530000 JavaThread "Sweeper thread" daemon [_thread_blocked, id=10736, stack(0x0000009274700000,0x0000009274800000)]
  0x000001f22f691800 JavaThread "Common-Cleaner" daemon [_thread_blocked, id=2356, stack(0x0000009274900000,0x0000009274a00000)]
  0x000001f22f69a000 JavaThread "C2 CompilerThread1" daemon [_thread_in_native, id=9380, stack(0x0000009274a00000,0x0000009274b00000)]
=>0x000001f22f6ab800 JavaThread "C2 CompilerThread2" daemon [_thread_in_native, id=6180, stack(0x0000009274b00000,0x0000009274c00000)]

Other Threads:
  0x000001f22f4e0800 VMThread "VM Thread" [stack: 0x0000009273f00000,0x0000009274000000] [id=4544]
  0x000001f22f688800 WatcherThread [stack: 0x0000009274800000,0x0000009274900000] [id=7380]
  0x000001f2149f4800 GCTaskThread "GC Thread#0" [stack: 0x0000009273a00000,0x0000009273b00000] [id=6460]
  0x000001f22fde9000 GCTaskThread "GC Thread#1" [stack: 0x0000009274c00000,0x0000009274d00000] [id=10060]
  0x000001f22fde9800 GCTaskThread "GC Thread#2" [stack: 0x0000009274d00000,0x0000009274e00000] [id=11988]
  0x000001f214a24800 ConcurrentGCThread "G1 Main Marker" [stack: 0x0000009273b00000,0x0000009273c00000] [id=1808]
  0x000001f214a26000 ConcurrentGCThread "G1 Conc#0" [stack: 0x0000009273c00000,0x0000009273d00000] [id=7124]
  0x000001f230d04800 ConcurrentGCThread "G1 Conc#1" [stack: 0x0000009274e00000,0x0000009274f00000] [id=8872]
  0x000001f214aac800 ConcurrentGCThread "G1 Refine#0" [stack: 0x0000009273d00000,0x0000009273e00000] [id=2056]
  0x000001f231083000 ConcurrentGCThread "G1 Refine#1" [stack: 0x0000009274f00000,0x0000009275000000] [id=1944]
  0x000001f214aad800 ConcurrentGCThread "G1 Young RemSet Sampling" [stack: 0x0000009273e00000,0x0000009273f00000] [id=1572]

Threads with active compile tasks:
C2 CompilerThread0   4578 7157       4       org.jetbrains.kotlin.cli.jvm.index.JvmDependenciesIndexImpl::search (379 bytes)
C2 CompilerThread1   4578 6772       4       org.jetbrains.kotlin.resolve.lazy.ForceResolveUtil::doForceResolveAllContents (222 bytes)
C2 CompilerThread2   4578 7076   !   4       jdk.internal.loader.BuiltinClassLoader::findClassOnClassPathOrNull (64 bytes)

VM state:not at safepoint (normal execution)

VM Mutex/Monitor currently owned by a thread: None

Heap address: 0x0000000083000000, size: 2000 MB, Compressed Oops mode: 32-bit
Narrow klass base: 0x0000000000000000, Narrow klass shift: 3
Compressed class space size: 1073741824 Address: 0x0000000100000000

Heap:
 garbage-first heap   total 155648K, used 66560K [0x0000000083000000, 0x0000000100000000)
  region size 1024K, 24 young (24576K), 7 survivors (7168K)
 Metaspace       used 62617K, capacity 63450K, committed 63748K, reserved 1105920K
  class space    used 7290K, capacity 7620K, committed 7764K, reserved 1048576K
Heap Regions: E=young(eden), S=young(survivor), O=old, HS=humongous(starts), HC=humongous(continues), CS=collection set, F=free, A=archive, TAMS=top-at-mark-start (previous, next)
|   0|0x0000000083000000, 0x0000000083100000, 0x0000000083100000|100%|HS|  |TAMS 0x0000000083100000, 0x0000000083000000| Complete 
|   1|0x0000000083100000, 0x0000000083200000, 0x0000000083200000|100%|HC|  |TAMS 0x0000000083200000, 0x0000000083100000| Complete 
|   2|0x0000000083200000, 0x0000000083300000, 0x0000000083300000|100%|HC|  |TAMS 0x0000000083300000, 0x0000000083200000| Complete 
|   3|0x0000000083300000, 0x0000000083400000, 0x0000000083400000|100%|HS|  |TAMS 0x0000000083400000, 0x0000000083300000| Complete 
|   4|0x0000000083400000, 0x0000000083500000, 0x0000000083500000|100%|HC|  |TAMS 0x0000000083500000, 0x0000000083400000| Complete 
|   5|0x0000000083500000, 0x0000000083600000, 0x0000000083600000|100%|HC|  |TAMS 0x0000000083600000, 0x0000000083500000| Complete 
|   6|0x0000000083600000, 0x0000000083700000, 0x0000000083700000|100%|HS|  |TAMS 0x0000000083700000, 0x0000000083600000| Complete 
|   7|0x0000000083700000, 0x0000000083800000, 0x0000000083800000|100%|HC|  |TAMS 0x0000000083800000, 0x0000000083700000| Complete 
|   8|0x0000000083800000, 0x0000000083900000, 0x0000000083900000|100%| O|  |TAMS 0x0000000083900000, 0x0000000083800000| Untracked 
|   9|0x0000000083900000, 0x0000000083a00000, 0x0000000083a00000|100%| O|  |TAMS 0x0000000083a00000, 0x0000000083900000| Untracked 
|  10|0x0000000083a00000, 0x0000000083b00000, 0x0000000083b00000|100%| O|  |TAMS 0x0000000083b00000, 0x0000000083a00000| Untracked 
|  11|0x0000000083b00000, 0x0000000083c00000, 0x0000000083c00000|100%| O|  |TAMS 0x0000000083c00000, 0x0000000083b00000| Untracked 
|  12|0x0000000083c00000, 0x0000000083d00000, 0x0000000083d00000|100%| O|  |TAMS 0x0000000083d00000, 0x0000000083c00000| Untracked 
|  13|0x0000000083d00000, 0x0000000083e00000, 0x0000000083e00000|100%| O|  |TAMS 0x0000000083e00000, 0x0000000083d00000| Untracked 
|  14|0x0000000083e00000, 0x0000000083f00000, 0x0000000083f00000|100%| O|  |TAMS 0x0000000083f00000, 0x0000000083e00000| Untracked 
|  15|0x0000000083f00000, 0x0000000084000000, 0x0000000084000000|100%| O|  |TAMS 0x0000000084000000, 0x0000000083f00000| Untracked 
|  16|0x0000000084000000, 0x0000000084100000, 0x0000000084100000|100%| O|  |TAMS 0x0000000084100000, 0x0000000084000000| Untracked 
|  17|0x0000000084100000, 0x0000000084200000, 0x0000000084200000|100%| O|  |TAMS 0x0000000084200000, 0x0000000084100000| Untracked 
|  18|0x0000000084200000, 0x0000000084300000, 0x0000000084300000|100%| O|  |TAMS 0x0000000084300000, 0x0000000084200000| Untracked 
|  19|0x0000000084300000, 0x0000000084400000, 0x0000000084400000|100%| O|  |TAMS 0x0000000084400000, 0x0000000084300000| Untracked 
|  20|0x0000000084400000, 0x0000000084500000, 0x0000000084500000|100%| O|  |TAMS 0x0000000084500000, 0x0000000084400000| Untracked 
|  21|0x0000000084500000, 0x0000000084600000, 0x0000000084600000|100%| O|  |TAMS 0x0000000084600000, 0x0000000084500000| Untracked 
|  22|0x0000000084600000, 0x0000000084700000, 0x0000000084700000|100%| O|  |TAMS 0x0000000084700000, 0x0000000084600000| Untracked 
|  23|0x0000000084700000, 0x0000000084800000, 0x0000000084800000|100%| O|  |TAMS 0x0000000084800000, 0x0000000084700000| Untracked 
|  24|0x0000000084800000, 0x0000000084900000, 0x0000000084900000|100%| O|  |TAMS 0x0000000084900000, 0x0000000084800000| Untracked 
|  25|0x0000000084900000, 0x0000000084a00000, 0x0000000084a00000|100%| O|  |TAMS 0x0000000084a00000, 0x0000000084900000| Untracked 
|  26|0x0000000084a00000, 0x0000000084b00000, 0x0000000084b00000|100%| O|  |TAMS 0x0000000084b00000, 0x0000000084a00000| Untracked 
|  27|0x0000000084b00000, 0x0000000084c00000, 0x0000000084c00000|100%| O|  |TAMS 0x0000000084c00000, 0x0000000084b00000| Untracked 
|  28|0x0000000084c00000, 0x0000000084d00000, 0x0000000084d00000|100%| O|  |TAMS 0x0000000084d00000, 0x0000000084c00000| Untracked 
|  29|0x0000000084d00000, 0x0000000084e00000, 0x0000000084e00000|100%| O|  |TAMS 0x0000000084e00000, 0x0000000084d00000| Untracked 
|  30|0x0000000084e00000, 0x0000000084f00000, 0x0000000084f00000|100%| O|  |TAMS 0x0000000084f00000, 0x0000000084e00000| Untracked 
|  31|0x0000000084f00000, 0x0000000085000000, 0x0000000085000000|100%| O|  |TAMS 0x0000000085000000, 0x0000000084f00000| Untracked 
|  32|0x0000000085000000, 0x0000000085100000, 0x0000000085100000|100%| O|  |TAMS 0x0000000085100000, 0x0000000085000000| Untracked 
|  33|0x0000000085100000, 0x0000000085200000, 0x0000000085200000|100%| O|  |TAMS 0x0000000085200000, 0x0000000085100000| Untracked 
|  34|0x0000000085200000, 0x0000000085300000, 0x0000000085300000|100%| O|  |TAMS 0x0000000085300000, 0x0000000085200000| Untracked 
|  35|0x0000000085300000, 0x0000000085400000, 0x0000000085400000|100%| O|  |TAMS 0x0000000085400000, 0x0000000085300000| Untracked 
|  36|0x0000000085400000, 0x0000000085500000, 0x0000000085500000|100%| O|  |TAMS 0x0000000085500000, 0x0000000085400000| Untracked 
|  37|0x0000000085500000, 0x0000000085600000, 0x0000000085600000|100%| O|  |TAMS 0x0000000085600000, 0x0000000085500000| Untracked 
|  38|0x0000000085600000, 0x0000000085700000, 0x0000000085700000|100%| O|  |TAMS 0x0000000085700000, 0x0000000085600000| Untracked 
|  39|0x0000000085700000, 0x0000000085800000, 0x0000000085800000|100%| O|  |TAMS 0x0000000085800000, 0x0000000085700000| Untracked 
|  40|0x0000000085800000, 0x0000000085900000, 0x0000000085900000|100%| O|  |TAMS 0x0000000085900000, 0x0000000085800000| Untracked 
|  41|0x0000000085900000, 0x0000000085a00000, 0x0000000085a00000|100%| O|  |TAMS 0x0000000085a00000, 0x0000000085900000| Untracked 
|  42|0x0000000085a00000, 0x0000000085a00000, 0x0000000085b00000|  0%| F|  |TAMS 0x0000000085a00000, 0x0000000085a00000| Untracked 
|  43|0x0000000085b00000, 0x0000000085b00000, 0x0000000085c00000|  0%| F|  |TAMS 0x0000000085b00000, 0x0000000085b00000| Untracked 
|  44|0x0000000085c00000, 0x0000000085c00000, 0x0000000085d00000|  0%| F|  |TAMS 0x0000000085c00000, 0x0000000085c00000| Untracked 
|  45|0x0000000085d00000, 0x0000000085d00000, 0x0000000085e00000|  0%| F|  |TAMS 0x0000000085d00000, 0x0000000085d00000| Untracked 
|  46|0x0000000085e00000, 0x0000000085e00000, 0x0000000085f00000|  0%| F|  |TAMS 0x0000000085e00000, 0x0000000085e00000| Untracked 
|  47|0x0000000085f00000, 0x0000000085f00000, 0x0000000086000000|  0%| F|  |TAMS 0x0000000085f00000, 0x0000000085f00000| Untracked 
|  48|0x0000000086000000, 0x0000000086000000, 0x0000000086100000|  0%| F|  |TAMS 0x0000000086000000, 0x0000000086000000| Untracked 
|  49|0x0000000086100000, 0x0000000086100000, 0x0000000086200000|  0%| F|  |TAMS 0x0000000086100000, 0x0000000086100000| Untracked 
|  50|0x0000000086200000, 0x0000000086200000, 0x0000000086300000|  0%| F|  |TAMS 0x0000000086200000, 0x0000000086200000| Untracked 
|  51|0x0000000086300000, 0x0000000086300000, 0x0000000086400000|  0%| F|  |TAMS 0x0000000086300000, 0x0000000086300000| Untracked 
|  52|0x0000000086400000, 0x0000000086400000, 0x0000000086500000|  0%| F|  |TAMS 0x0000000086400000, 0x0000000086400000| Untracked 
|  53|0x0000000086500000, 0x0000000086500000, 0x0000000086600000|  0%| F|  |TAMS 0x0000000086500000, 0x0000000086500000| Untracked 
|  54|0x0000000086600000, 0x0000000086600000, 0x0000000086700000|  0%| F|  |TAMS 0x0000000086600000, 0x0000000086600000| Untracked 
|  55|0x0000000086700000, 0x0000000086700000, 0x0000000086800000|  0%| F|  |TAMS 0x0000000086700000, 0x0000000086700000| Untracked 
|  56|0x0000000086800000, 0x0000000086800000, 0x0000000086900000|  0%| F|  |TAMS 0x0000000086800000, 0x0000000086800000| Untracked 
|  57|0x0000000086900000, 0x0000000086900000, 0x0000000086a00000|  0%| F|  |TAMS 0x0000000086900000, 0x0000000086900000| Untracked 
|  58|0x0000000086a00000, 0x0000000086a00000, 0x0000000086b00000|  0%| F|  |TAMS 0x0000000086a00000, 0x0000000086a00000| Untracked 
|  59|0x0000000086b00000, 0x0000000086b00000, 0x0000000086c00000|  0%| F|  |TAMS 0x0000000086b00000, 0x0000000086b00000| Untracked 
|  60|0x0000000086c00000, 0x0000000086c00000, 0x0000000086d00000|  0%| F|  |TAMS 0x0000000086c00000, 0x0000000086c00000| Untracked 
|  61|0x0000000086d00000, 0x0000000086d00000, 0x0000000086e00000|  0%| F|  |TAMS 0x0000000086d00000, 0x0000000086d00000| Untracked 
|  62|0x0000000086e00000, 0x0000000086e00000, 0x0000000086f00000|  0%| F|  |TAMS 0x0000000086e00000, 0x0000000086e00000| Untracked 
|  63|0x0000000086f00000, 0x0000000086f00000, 0x0000000087000000|  0%| F|  |TAMS 0x0000000086f00000, 0x0000000086f00000| Untracked 
|  64|0x0000000087000000, 0x0000000087000000, 0x0000000087100000|  0%| F|  |TAMS 0x0000000087000000, 0x0000000087000000| Untracked 
|  65|0x0000000087100000, 0x0000000087100000, 0x0000000087200000|  0%| F|  |TAMS 0x0000000087100000, 0x0000000087100000| Untracked 
|  66|0x0000000087200000, 0x0000000087200000, 0x0000000087300000|  0%| F|  |TAMS 0x0000000087200000, 0x0000000087200000| Untracked 
|  67|0x0000000087300000, 0x0000000087300000, 0x0000000087400000|  0%| F|  |TAMS 0x0000000087300000, 0x0000000087300000| Untracked 
|  68|0x0000000087400000, 0x0000000087400000, 0x0000000087500000|  0%| F|  |TAMS 0x0000000087400000, 0x0000000087400000| Untracked 
|  69|0x0000000087500000, 0x0000000087500000, 0x0000000087600000|  0%| F|  |TAMS 0x0000000087500000, 0x0000000087500000| Untracked 
|  70|0x0000000087600000, 0x0000000087600000, 0x0000000087700000|  0%| F|  |TAMS 0x0000000087600000, 0x0000000087600000| Untracked 
|  71|0x0000000087700000, 0x0000000087700000, 0x0000000087800000|  0%| F|  |TAMS 0x0000000087700000, 0x0000000087700000| Untracked 
|  72|0x0000000087800000, 0x0000000087800000, 0x0000000087900000|  0%| F|  |TAMS 0x0000000087800000, 0x0000000087800000| Untracked 
|  73|0x0000000087900000, 0x0000000087900000, 0x0000000087a00000|  0%| F|  |TAMS 0x0000000087900000, 0x0000000087900000| Untracked 
|  74|0x0000000087a00000, 0x0000000087a00000, 0x0000000087b00000|  0%| F|  |TAMS 0x0000000087a00000, 0x0000000087a00000| Untracked 
|  75|0x0000000087b00000, 0x0000000087b00000, 0x0000000087c00000|  0%| F|  |TAMS 0x0000000087b00000, 0x0000000087b00000| Untracked 
|  76|0x0000000087c00000, 0x0000000087c00000, 0x0000000087d00000|  0%| F|  |TAMS 0x0000000087c00000, 0x0000000087c00000| Untracked 
|  77|0x0000000087d00000, 0x0000000087d00000, 0x0000000087e00000|  0%| F|  |TAMS 0x0000000087d00000, 0x0000000087d00000| Untracked 
|  78|0x0000000087e00000, 0x0000000087e00000, 0x0000000087f00000|  0%| F|  |TAMS 0x0000000087e00000, 0x0000000087e00000| Untracked 
|  79|0x0000000087f00000, 0x0000000087f00000, 0x0000000088000000|  0%| F|  |TAMS 0x0000000087f00000, 0x0000000087f00000| Untracked 
|  80|0x0000000088000000, 0x0000000088000000, 0x0000000088100000|  0%| F|  |TAMS 0x0000000088000000, 0x0000000088000000| Untracked 
|  81|0x0000000088100000, 0x0000000088100000, 0x0000000088200000|  0%| F|  |TAMS 0x0000000088100000, 0x0000000088100000| Untracked 
|  82|0x0000000088200000, 0x0000000088200000, 0x0000000088300000|  0%| F|  |TAMS 0x0000000088200000, 0x0000000088200000| Untracked 
|  83|0x0000000088300000, 0x0000000088300000, 0x0000000088400000|  0%| F|  |TAMS 0x0000000088300000, 0x0000000088300000| Untracked 
|  84|0x0000000088400000, 0x0000000088400000, 0x0000000088500000|  0%| F|  |TAMS 0x0000000088400000, 0x0000000088400000| Untracked 
|  85|0x0000000088500000, 0x0000000088500000, 0x0000000088600000|  0%| F|  |TAMS 0x0000000088500000, 0x0000000088500000| Untracked 
|  86|0x0000000088600000, 0x0000000088600000, 0x0000000088700000|  0%| F|  |TAMS 0x0000000088600000, 0x0000000088600000| Untracked 
|  87|0x0000000088700000, 0x0000000088700000, 0x0000000088800000|  0%| F|  |TAMS 0x0000000088700000, 0x0000000088700000| Untracked 
|  88|0x0000000088800000, 0x0000000088800000, 0x0000000088900000|  0%| F|  |TAMS 0x0000000088800000, 0x0000000088800000| Untracked 
|  89|0x0000000088900000, 0x0000000088900000, 0x0000000088a00000|  0%| F|  |TAMS 0x0000000088900000, 0x0000000088900000| Untracked 
|  90|0x0000000088a00000, 0x0000000088a00000, 0x0000000088b00000|  0%| F|  |TAMS 0x0000000088a00000, 0x0000000088a00000| Untracked 
|  91|0x0000000088b00000, 0x0000000088b00000, 0x0000000088c00000|  0%| F|  |TAMS 0x0000000088b00000, 0x0000000088b00000| Untracked 
|  92|0x0000000088c00000, 0x0000000088c00000, 0x0000000088d00000|  0%| F|  |TAMS 0x0000000088c00000, 0x0000000088c00000| Untracked 
|  93|0x0000000088d00000, 0x0000000088d00000, 0x0000000088e00000|  0%| F|  |TAMS 0x0000000088d00000, 0x0000000088d00000| Untracked 
|  94|0x0000000088e00000, 0x0000000088e00000, 0x0000000088f00000|  0%| F|  |TAMS 0x0000000088e00000, 0x0000000088e00000| Untracked 
|  95|0x0000000088f00000, 0x0000000088f00000, 0x0000000089000000|  0%| F|  |TAMS 0x0000000088f00000, 0x0000000088f00000| Untracked 
|  96|0x0000000089000000, 0x0000000089000000, 0x0000000089100000|  0%| F|  |TAMS 0x0000000089000000, 0x0000000089000000| Untracked 
|  97|0x0000000089100000, 0x0000000089100000, 0x0000000089200000|  0%| F|  |TAMS 0x0000000089100000, 0x0000000089100000| Untracked 
|  98|0x0000000089200000, 0x0000000089200000, 0x0000000089300000|  0%| F|  |TAMS 0x0000000089200000, 0x0000000089200000| Untracked 
|  99|0x0000000089300000, 0x0000000089300000, 0x0000000089400000|  0%| F|  |TAMS 0x0000000089300000, 0x0000000089300000| Untracked 
| 100|0x0000000089400000, 0x0000000089500000, 0x0000000089500000|100%| S|CS|TAMS 0x0000000089400000, 0x0000000089400000| Complete 
| 101|0x0000000089500000, 0x0000000089600000, 0x0000000089600000|100%| S|CS|TAMS 0x0000000089500000, 0x0000000089500000| Complete 
| 102|0x0000000089600000, 0x0000000089700000, 0x0000000089700000|100%| S|CS|TAMS 0x0000000089600000, 0x0000000089600000| Complete 
| 103|0x0000000089700000, 0x0000000089800000, 0x0000000089800000|100%| S|CS|TAMS 0x0000000089700000, 0x0000000089700000| Complete 
| 104|0x0000000089800000, 0x0000000089900000, 0x0000000089900000|100%| S|CS|TAMS 0x0000000089800000, 0x0000000089800000| Complete 
| 105|0x0000000089900000, 0x0000000089a00000, 0x0000000089a00000|100%| S|CS|TAMS 0x0000000089900000, 0x0000000089900000| Complete 
| 106|0x0000000089a00000, 0x0000000089b00000, 0x0000000089b00000|100%| S|CS|TAMS 0x0000000089a00000, 0x0000000089a00000| Complete 
| 107|0x0000000089b00000, 0x0000000089b00000, 0x0000000089c00000|  0%| F|  |TAMS 0x0000000089b00000, 0x0000000089b00000| Untracked 
| 108|0x0000000089c00000, 0x0000000089c00000, 0x0000000089d00000|  0%| F|  |TAMS 0x0000000089c00000, 0x0000000089c00000| Untracked 
| 109|0x0000000089d00000, 0x0000000089d00000, 0x0000000089e00000|  0%| F|  |TAMS 0x0000000089d00000, 0x0000000089d00000| Untracked 
| 110|0x0000000089e00000, 0x0000000089e00000, 0x0000000089f00000|  0%| F|  |TAMS 0x0000000089e00000, 0x0000000089e00000| Untracked 
| 111|0x0000000089f00000, 0x0000000089f00000, 0x000000008a000000|  0%| F|  |TAMS 0x0000000089f00000, 0x0000000089f00000| Untracked 
| 112|0x000000008a000000, 0x000000008a000000, 0x000000008a100000|  0%| F|  |TAMS 0x000000008a000000, 0x000000008a000000| Untracked 
| 113|0x000000008a100000, 0x000000008a100000, 0x000000008a200000|  0%| F|  |TAMS 0x000000008a100000, 0x000000008a100000| Untracked 
| 114|0x000000008a200000, 0x000000008a200000, 0x000000008a300000|  0%| F|  |TAMS 0x000000008a200000, 0x000000008a200000| Untracked 
| 115|0x000000008a300000, 0x000000008a300000, 0x000000008a400000|  0%| F|  |TAMS 0x000000008a300000, 0x000000008a300000| Untracked 
| 116|0x000000008a400000, 0x000000008a400000, 0x000000008a500000|  0%| F|  |TAMS 0x000000008a400000, 0x000000008a400000| Untracked 
| 117|0x000000008a500000, 0x000000008a500000, 0x000000008a600000|  0%| F|  |TAMS 0x000000008a500000, 0x000000008a500000| Untracked 
| 118|0x000000008a600000, 0x000000008a600000, 0x000000008a700000|  0%| F|  |TAMS 0x000000008a600000, 0x000000008a600000| Untracked 
| 119|0x000000008a700000, 0x000000008a700000, 0x000000008a800000|  0%| F|  |TAMS 0x000000008a700000, 0x000000008a700000| Untracked 
| 120|0x000000008a800000, 0x000000008a800000, 0x000000008a900000|  0%| F|  |TAMS 0x000000008a800000, 0x000000008a800000| Untracked 
| 121|0x000000008a900000, 0x000000008a900000, 0x000000008aa00000|  0%| F|  |TAMS 0x000000008a900000, 0x000000008a900000| Untracked 
| 122|0x000000008aa00000, 0x000000008aa00000, 0x000000008ab00000|  0%| F|  |TAMS 0x000000008aa00000, 0x000000008aa00000| Untracked 
| 123|0x000000008ab00000, 0x000000008ab00000, 0x000000008ac00000|  0%| F|  |TAMS 0x000000008ab00000, 0x000000008ab00000| Untracked 
| 124|0x000000008ac00000, 0x000000008ac00000, 0x000000008ad00000|  0%| F|  |TAMS 0x000000008ac00000, 0x000000008ac00000| Untracked 
| 125|0x000000008ad00000, 0x000000008ad00000, 0x000000008ae00000|  0%| F|  |TAMS 0x000000008ad00000, 0x000000008ad00000| Untracked 
| 126|0x000000008ae00000, 0x000000008ae00000, 0x000000008af00000|  0%| F|  |TAMS 0x000000008ae00000, 0x000000008ae00000| Untracked 
| 127|0x000000008af00000, 0x000000008af00000, 0x000000008b000000|  0%| F|  |TAMS 0x000000008af00000, 0x000000008af00000| Untracked 
| 128|0x000000008b000000, 0x000000008b000000, 0x000000008b100000|  0%| F|  |TAMS 0x000000008b000000, 0x000000008b000000| Untracked 
| 129|0x000000008b100000, 0x000000008b100000, 0x000000008b200000|  0%| F|  |TAMS 0x000000008b100000, 0x000000008b100000| Untracked 
| 130|0x000000008b200000, 0x000000008b200000, 0x000000008b300000|  0%| F|  |TAMS 0x000000008b200000, 0x000000008b200000| Untracked 
| 131|0x000000008b300000, 0x000000008b300000, 0x000000008b400000|  0%| F|  |TAMS 0x000000008b300000, 0x000000008b300000| Untracked 
| 132|0x000000008b400000, 0x000000008b400000, 0x000000008b500000|  0%| F|  |TAMS 0x000000008b400000, 0x000000008b400000| Untracked 
| 133|0x000000008b500000, 0x000000008b500000, 0x000000008b600000|  0%| F|  |TAMS 0x000000008b500000, 0x000000008b500000| Untracked 
| 134|0x000000008b600000, 0x000000008b600000, 0x000000008b700000|  0%| F|  |TAMS 0x000000008b600000, 0x000000008b600000| Untracked 
| 135|0x000000008b700000, 0x000000008b780800, 0x000000008b800000| 50%| E|  |TAMS 0x000000008b700000, 0x000000008b700000| Complete 
| 136|0x000000008b800000, 0x000000008b900000, 0x000000008b900000|100%| E|CS|TAMS 0x000000008b800000, 0x000000008b800000| Complete 
| 137|0x000000008b900000, 0x000000008ba00000, 0x000000008ba00000|100%| E|CS|TAMS 0x000000008b900000, 0x000000008b900000| Complete 
| 138|0x000000008ba00000, 0x000000008bb00000, 0x000000008bb00000|100%| E|CS|TAMS 0x000000008ba00000, 0x000000008ba00000| Complete 
| 139|0x000000008bb00000, 0x000000008bc00000, 0x000000008bc00000|100%| E|CS|TAMS 0x000000008bb00000, 0x000000008bb00000| Complete 
| 140|0x000000008bc00000, 0x000000008bd00000, 0x000000008bd00000|100%| E|CS|TAMS 0x000000008bc00000, 0x000000008bc00000| Complete 
| 141|0x000000008bd00000, 0x000000008be00000, 0x000000008be00000|100%| E|CS|TAMS 0x000000008bd00000, 0x000000008bd00000| Complete 
| 142|0x000000008be00000, 0x000000008bf00000, 0x000000008bf00000|100%| E|CS|TAMS 0x000000008be00000, 0x000000008be00000| Complete 
| 143|0x000000008bf00000, 0x000000008c000000, 0x000000008c000000|100%| E|CS|TAMS 0x000000008bf00000, 0x000000008bf00000| Complete 
| 144|0x000000008c000000, 0x000000008c100000, 0x000000008c100000|100%| E|CS|TAMS 0x000000008c000000, 0x000000008c000000| Complete 
| 145|0x000000008c100000, 0x000000008c200000, 0x000000008c200000|100%| E|CS|TAMS 0x000000008c100000, 0x000000008c100000| Complete 
| 146|0x000000008c200000, 0x000000008c300000, 0x000000008c300000|100%| E|CS|TAMS 0x000000008c200000, 0x000000008c200000| Complete 
| 147|0x000000008c300000, 0x000000008c400000, 0x000000008c400000|100%| E|CS|TAMS 0x000000008c300000, 0x000000008c300000| Complete 
| 148|0x000000008c400000, 0x000000008c500000, 0x000000008c500000|100%| E|CS|TAMS 0x000000008c400000, 0x000000008c400000| Complete 
| 149|0x000000008c500000, 0x000000008c600000, 0x000000008c600000|100%| E|CS|TAMS 0x000000008c500000, 0x000000008c500000| Complete 
| 150|0x000000008c600000, 0x000000008c700000, 0x000000008c700000|100%| E|CS|TAMS 0x000000008c600000, 0x000000008c600000| Complete 
| 151|0x000000008c700000, 0x000000008c800000, 0x000000008c800000|100%| E|CS|TAMS 0x000000008c700000, 0x000000008c700000| Complete 

Card table byte_map: [0x000001f227bf0000,0x000001f227fe0000] _byte_map_base: 0x000001f2277d8000

Marking Bits (Prev, Next): (CMBitMap*) 0x000001f214a1bd10, (CMBitMap*) 0x000001f214a1bcd8
 Prev Bits: [0x000001f22a310000, 0x000001f22c250000)
 Next Bits: [0x000001f2283d0000, 0x000001f22a310000)

Polling page: 0x000001f212980000

Metaspace:

Usage:
  Non-class:     54.52 MB capacity,    54.04 MB (>99%) used,   383.17 KB ( <1%) free+waste,   107.06 KB ( <1%) overhead. 
      Class:      7.44 MB capacity,     7.12 MB ( 96%) used,   276.80 KB (  4%) free+waste,    48.38 KB ( <1%) overhead. 
       Both:     61.97 MB capacity,    61.17 MB ( 99%) used,   659.97 KB (  1%) free+waste,   155.44 KB ( <1%) overhead. 

Virtual space:
  Non-class space:       56.00 MB reserved,      54.67 MB ( 98%) committed 
      Class space:        1.00 GB reserved,       7.58 MB ( <1%) committed 
             Both:        1.05 GB reserved,      62.25 MB (  6%) committed 

Chunk freelists:
   Non-Class:  24.00 KB
       Class:  27.00 KB
        Both:  51.00 KB

MaxMetaspaceSize: 17179869184.00 GB
CompressedClassSpaceSize: 1.00 GB

CodeHeap 'non-profiled nmethods': size=120000Kb used=3864Kb max_used=3864Kb free=116135Kb
 bounds [0x000001f21ffa0000, 0x000001f220370000, 0x000001f2274d0000]
CodeHeap 'profiled nmethods': size=120000Kb used=17459Kb max_used=17459Kb free=102540Kb
 bounds [0x000001f218a70000, 0x000001f219b80000, 0x000001f21ffa0000]
CodeHeap 'non-nmethods': size=5760Kb used=1237Kb max_used=1323Kb free=4522Kb
 bounds [0x000001f2184d0000, 0x000001f218740000, 0x000001f218a70000]
 total_blobs=7722 nmethods=7136 adapters=496
 compilation: enabled
              stopped_count=0, restarted_count=0
 full_count=0

Compilation events (20 events):
Event: 4.545 Thread 0x000001f22f52e800 7155       3       org.jetbrains.kotlin.com.intellij.psi.stubs.StubList::getChildrenCount (12 bytes)
Event: 4.545 Thread 0x000001f22f52e800 nmethod 7155 0x000001f219b65390 code [0x000001f219b65580, 0x000001f219b659e8]
Event: 4.545 Thread 0x000001f22f52e800 7156       3       org.jetbrains.kotlin.com.intellij.psi.stubs.StubList::childrenStartIndex (6 bytes)
Event: 4.545 Thread 0x000001f22f52e800 nmethod 7156 0x000001f219b65c90 code [0x000001f219b65e40, 0x000001f219b65f38]
Event: 4.549 Thread 0x000001f22f52b800 7157       4       org.jetbrains.kotlin.cli.jvm.index.JvmDependenciesIndexImpl::search (379 bytes)
Event: 4.558 Thread 0x000001f22f52e800 7159       3       org.jetbrains.kotlin.com.intellij.psi.impl.source.tree.RecursiveTreeElementWalkingVisitor$ASTTreeGuide::getParent (9 bytes)
Event: 4.558 Thread 0x000001f22f52e800 nmethod 7159 0x000001f219b66010 code [0x000001f219b661e0, 0x000001f219b665e8]
Event: 4.558 Thread 0x000001f22f52e800 7161       3       org.jetbrains.kotlin.com.intellij.util.WalkingState::next (221 bytes)
Event: 4.559 Thread 0x000001f22f52e800 nmethod 7161 0x000001f219b66790 code [0x000001f219b66b60, 0x000001f219b684f8]
Event: 4.559 Thread 0x000001f22f52e800 7162       3       java.lang.StringBuilder::charAt (6 bytes)
Event: 4.559 Thread 0x000001f22f52e800 nmethod 7162 0x000001f219b68d10 code [0x000001f219b68ec0, 0x000001f219b68fe8]
Event: 4.559 Thread 0x000001f22f52e800 7160       3       org.jetbrains.kotlin.com.intellij.psi.impl.source.tree.RecursiveTreeElementWalkingVisitor$ASTTreeGuide::getParent (15 bytes)
Event: 4.560 Thread 0x000001f22f52e800 nmethod 7160 0x000001f219b69090 code [0x000001f219b69260, 0x000001f219b69508]
Event: 4.560 Thread 0x000001f22f52e800 7163       3       org.jetbrains.kotlin.resolve.jvm.multiplatform.OptionalAnnotationPackageFragmentProvider::getPackages (17 bytes)
Event: 4.561 Thread 0x000001f22f52e800 nmethod 7163 0x000001f219b69610 code [0x000001f219b698e0, 0x000001f219b6a548]
Event: 4.561 Thread 0x000001f22f52e800 7165       3       gnu.trove.THashSet::add (55 bytes)
Event: 4.562 Thread 0x000001f22f52e800 nmethod 7165 0x000001f219b6a990 code [0x000001f219b6ab80, 0x000001f219b6b0c8]
Event: 4.562 Thread 0x000001f22f52e800 7166       3       org.jetbrains.kotlin.load.java.lazy.descriptors.LazyJavaPackageScope$classes$1::invoke (9 bytes)
Event: 4.562 Thread 0x000001f22f52e800 nmethod 7166 0x000001f219b6b290 code [0x000001f219b6b460, 0x000001f219b6b668]
Event: 4.562 Thread 0x000001f22f52e800 7167       3       org.jetbrains.kotlin.load.java.lazy.descriptors.LazyJavaPackageScope$classes$1::invoke (499 bytes)

GC Heap History (16 events):
Event: 0.426 GC heap before
{Heap before GC invocations=0 (full 0):
 garbage-first heap   total 129024K, used 27648K [0x0000000083000000, 0x0000000100000000)
  region size 1024K, 24 young (24576K), 0 survivors (0K)
 Metaspace       used 12357K, capacity 12504K, committed 12800K, reserved 1060864K
  class space    used 1165K, capacity 1207K, committed 1280K, reserved 1048576K
}
Event: 0.430 GC heap after
{Heap after GC invocations=1 (full 0):
 garbage-first heap   total 129024K, used 5789K [0x0000000083000000, 0x0000000100000000)
  region size 1024K, 3 young (3072K), 3 survivors (3072K)
 Metaspace       used 12357K, capacity 12504K, committed 12800K, reserved 1060864K
  class space    used 1165K, capacity 1207K, committed 1280K, reserved 1048576K
}
Event: 0.914 GC heap before
{Heap before GC invocations=1 (full 0):
 garbage-first heap   total 129024K, used 41629K [0x0000000083000000, 0x0000000100000000)
  region size 1024K, 39 young (39936K), 3 survivors (3072K)
 Metaspace       used 20938K, capacity 21178K, committed 21296K, reserved 1069056K
  class space    used 2278K, capacity 2379K, committed 2432K, reserved 1048576K
}
Event: 0.920 GC heap after
{Heap after GC invocations=2 (full 0):
 garbage-first heap   total 129024K, used 9441K [0x0000000083000000, 0x0000000100000000)
  region size 1024K, 7 young (7168K), 7 survivors (7168K)
 Metaspace       used 20938K, capacity 21178K, committed 21296K, reserved 1069056K
  class space    used 2278K, capacity 2379K, committed 2432K, reserved 1048576K
}
Event: 1.504 GC heap before
{Heap before GC invocations=3 (full 0):
 garbage-first heap   total 129024K, used 65761K [0x0000000083000000, 0x0000000100000000)
  region size 1024K, 57 young (58368K), 7 survivors (7168K)
 Metaspace       used 32208K, capacity 32749K, committed 32944K, reserved 1079296K
  class space    used 3846K, capacity 4037K, committed 4096K, reserved 1048576K
}
Event: 1.517 GC heap after
{Heap after GC invocations=4 (full 0):
 garbage-first heap   total 129024K, used 21183K [0x0000000083000000, 0x0000000100000000)
  region size 1024K, 8 young (8192K), 8 survivors (8192K)
 Metaspace       used 32208K, capacity 32749K, committed 32944K, reserved 1079296K
  class space    used 3846K, capacity 4037K, committed 4096K, reserved 1048576K
}
Event: 1.670 GC heap before
{Heap before GC invocations=4 (full 0):
 garbage-first heap   total 129024K, used 31423K [0x0000000083000000, 0x0000000100000000)
  region size 1024K, 19 young (19456K), 8 survivors (8192K)
 Metaspace       used 35283K, capacity 35730K, committed 35920K, reserved 1081344K
  class space    used 4405K, capacity 4583K, committed 4608K, reserved 1048576K
}
Event: 1.678 GC heap after
{Heap after GC invocations=5 (full 0):
 garbage-first heap   total 129024K, used 22528K [0x0000000083000000, 0x0000000100000000)
  region size 1024K, 1 young (1024K), 1 survivors (1024K)
 Metaspace       used 35283K, capacity 35730K, committed 35920K, reserved 1081344K
  class space    used 4405K, capacity 4583K, committed 4608K, reserved 1048576K
}
Event: 2.129 GC heap before
{Heap before GC invocations=6 (full 0):
 garbage-first heap   total 129024K, used 66560K [0x0000000083000000, 0x0000000100000000)
  region size 1024K, 44 young (45056K), 1 survivors (1024K)
 Metaspace       used 43434K, capacity 43938K, committed 44336K, reserved 1087488K
  class space    used 5206K, capacity 5398K, committed 5504K, reserved 1048576K
}
Event: 2.134 GC heap after
{Heap after GC invocations=7 (full 0):
 garbage-first heap   total 155648K, used 24244K [0x0000000083000000, 0x0000000100000000)
  region size 1024K, 5 young (5120K), 5 survivors (5120K)
 Metaspace       used 43434K, capacity 43938K, committed 44336K, reserved 1087488K
  class space    used 5206K, capacity 5398K, committed 5504K, reserved 1048576K
}
Event: 2.696 GC heap before
{Heap before GC invocations=7 (full 0):
 garbage-first heap   total 155648K, used 86708K [0x0000000083000000, 0x0000000100000000)
  region size 1024K, 63 young (64512K), 5 survivors (5120K)
 Metaspace       used 49012K, capacity 49536K, committed 49712K, reserved 1093632K
  class space    used 5762K, capacity 5978K, committed 6016K, reserved 1048576K
}
Event: 2.704 GC heap after
{Heap after GC invocations=8 (full 0):
 garbage-first heap   total 155648K, used 33109K [0x0000000083000000, 0x0000000100000000)
  region size 1024K, 7 young (7168K), 7 survivors (7168K)
 Metaspace       used 49012K, capacity 49536K, committed 49712K, reserved 1093632K
  class space    used 5762K, capacity 5978K, committed 6016K, reserved 1048576K
}
Event: 3.603 GC heap before
{Heap before GC invocations=8 (full 0):
 garbage-first heap   total 155648K, used 92501K [0x0000000083000000, 0x0000000100000000)
  region size 1024K, 65 young (66560K), 7 survivors (7168K)
 Metaspace       used 56865K, capacity 57502K, committed 57776K, reserved 1099776K
  class space    used 6622K, capacity 6884K, committed 6912K, reserved 1048576K
}
Event: 3.618 GC heap after
{Heap after GC invocations=9 (full 0):
 garbage-first heap   total 155648K, used 42861K [0x0000000083000000, 0x0000000100000000)
  region size 1024K, 9 young (9216K), 9 survivors (9216K)
 Metaspace       used 56865K, capacity 57502K, committed 57776K, reserved 1099776K
  class space    used 6622K, capacity 6884K, committed 6912K, reserved 1048576K
}
Event: 4.179 GC heap before
{Heap before GC invocations=9 (full 0):
 garbage-first heap   total 155648K, used 87917K [0x0000000083000000, 0x0000000100000000)
  region size 1024K, 54 young (55296K), 9 survivors (9216K)
 Metaspace       used 59654K, capacity 60304K, committed 60420K, reserved 1101824K
  class space    used 6913K, capacity 7195K, committed 7252K, reserved 1048576K
}
Event: 4.201 GC heap after
{Heap after GC invocations=10 (full 0):
 garbage-first heap   total 155648K, used 50176K [0x0000000083000000, 0x0000000100000000)
  region size 1024K, 7 young (7168K), 7 survivors (7168K)
 Metaspace       used 59654K, capacity 60304K, committed 60420K, reserved 1101824K
  class space    used 6913K, capacity 7195K, committed 7252K, reserved 1048576K
}

Deoptimization events (20 events):
Event: 4.528 Thread 0x000001f2149da800 Uncommon trap: trap_request=0xffffffc6 fr.pc=0x000001f22033ebf0 relative=0x0000000000000670
Event: 4.528 Thread 0x000001f2149da800 Uncommon trap: reason=bimorphic_or_optimized_type_check action=maybe_recompile pc=0x000001f22033ebf0 method=org.jetbrains.kotlin.com.intellij.extapi.psi.StubBasedPsiElementBase.getStubOrPsiChild(Lorg/jetbrains/kotlin/com/intellij/psi/stubs/IStubElementTyp
Event: 4.528 Thread 0x000001f2149da800 DEOPT PACKING pc=0x000001f22033ebf0 sp=0x00000092739fb200
Event: 4.528 Thread 0x000001f2149da800 DEOPT UNPACKING pc=0x000001f2184d83af sp=0x00000092739fb1c8 mode 2
Event: 4.529 Thread 0x000001f2149da800 Uncommon trap: trap_request=0xffffffc6 fr.pc=0x000001f22033ebf0 relative=0x0000000000000670
Event: 4.529 Thread 0x000001f2149da800 Uncommon trap: reason=bimorphic_or_optimized_type_check action=maybe_recompile pc=0x000001f22033ebf0 method=org.jetbrains.kotlin.com.intellij.extapi.psi.StubBasedPsiElementBase.getStubOrPsiChild(Lorg/jetbrains/kotlin/com/intellij/psi/stubs/IStubElementTyp
Event: 4.529 Thread 0x000001f2149da800 DEOPT PACKING pc=0x000001f22033ebf0 sp=0x00000092739fa7e0
Event: 4.529 Thread 0x000001f2149da800 DEOPT UNPACKING pc=0x000001f2184d83af sp=0x00000092739fa7a8 mode 2
Event: 4.540 Thread 0x000001f2149da800 Uncommon trap: trap_request=0xffffffbe fr.pc=0x000001f22035b324 relative=0x00000000000057e4
Event: 4.540 Thread 0x000001f2149da800 Uncommon trap: reason=profile_predicate action=maybe_recompile pc=0x000001f22035b324 method=org.jetbrains.kotlin.cli.jvm.index.JvmDependenciesIndexImpl.search(Lorg/jetbrains/kotlin/cli/jvm/index/JvmDependenciesIndexImpl$SearchRequest;Lkotlin/jvm/functions
Event: 4.540 Thread 0x000001f2149da800 DEOPT PACKING pc=0x000001f22035b324 sp=0x00000092739f99e0
Event: 4.540 Thread 0x000001f2149da800 DEOPT UNPACKING pc=0x000001f2184d83af sp=0x00000092739f99e0 mode 2
Event: 4.540 Thread 0x000001f2149da800 Uncommon trap: trap_request=0xffffffbe fr.pc=0x000001f22035b324 relative=0x00000000000057e4
Event: 4.540 Thread 0x000001f2149da800 Uncommon trap: reason=profile_predicate action=maybe_recompile pc=0x000001f22035b324 method=org.jetbrains.kotlin.cli.jvm.index.JvmDependenciesIndexImpl.search(Lorg/jetbrains/kotlin/cli/jvm/index/JvmDependenciesIndexImpl$SearchRequest;Lkotlin/jvm/functions
Event: 4.540 Thread 0x000001f2149da800 DEOPT PACKING pc=0x000001f22035b324 sp=0x00000092739fa220
Event: 4.540 Thread 0x000001f2149da800 DEOPT UNPACKING pc=0x000001f2184d83af sp=0x00000092739fa220 mode 2
Event: 4.541 Thread 0x000001f2149da800 Uncommon trap: trap_request=0xffffff4d fr.pc=0x000001f220334924 relative=0x00000000000026c4
Event: 4.541 Thread 0x000001f2149da800 Uncommon trap: reason=unstable_if action=reinterpret pc=0x000001f220334924 method=org.jetbrains.org.objectweb.asm.ClassReader.readMethod(Lorg/jetbrains/org/objectweb/asm/ClassVisitor;Lorg/jetbrains/org/objectweb/asm/Context;I)I @ 151 c2
Event: 4.541 Thread 0x000001f2149da800 DEOPT PACKING pc=0x000001f220334924 sp=0x00000092739f9ee0
Event: 4.541 Thread 0x000001f2149da800 DEOPT UNPACKING pc=0x000001f2184d83af sp=0x00000092739f9e68 mode 2

Classes redefined (0 events):
No events

Internal exceptions (20 events):
Event: 2.756 Thread 0x000001f2149da800 Implicit null exception at 0x000001f2201438fe to 0x000001f220143b98
Event: 2.758 Thread 0x000001f2149da800 Implicit null exception at 0x000001f220101470 to 0x000001f220101530
Event: 3.130 Thread 0x000001f2149da800 Exception <a 'java/lang/NoSuchMethodError'{0x000000008aa3a958}: 'java.lang.Object java.lang.invoke.DirectMethodHandle$Holder.invokeSpecial(java.lang.Object, java.lang.Object, java.lang.Object, java.lang.Object, java.lang.Object, int)'> (0x000000008aa3a958) thrown at [./src/hotspot/share/interpreter/linkResolver.cpp, line 773]
Event: 3.130 Thread 0x000001f2149da800 Exception <a 'java/lang/NoSuchMethodError'{0x000000008aa3e4f8}: 'java.lang.Object java.lang.invoke.Invokers$Holder.linkToTargetMethod(java.lang.Object, java.lang.Object, java.lang.Object, int, java.lang.Object)'> (0x000000008aa3e4f8) thrown at [./src/hotspot/share/interpreter/linkResolver.cpp, line 773]
Event: 3.279 Thread 0x000001f2149da800 Exception <a 'java/lang/NoSuchMethodError'{0x000000008a1f57d0}: 'java.lang.Object java.lang.invoke.DirectMethodHandle$Holder.invokeStaticInit(java.lang.Object, java.lang.Object, java.lang.Object)'> (0x000000008a1f57d0) thrown at [./src/hotspot/share/interpreter/linkResolver.cpp, line 773]
Event: 3.831 Thread 0x000001f2149da800 Exception <a 'java/lang/NoSuchMethodError'{0x000000008b4e8a00}: 'int java.lang.invoke.DirectMethodHandle$Holder.invokeStaticInit(java.lang.Object, int)'> (0x000000008b4e8a00) thrown at [./src/hotspot/share/interpreter/linkResolver.cpp, line 773]
Event: 3.875 Thread 0x000001f2149da800 Exception <a 'java/lang/NoSuchMethodError'{0x000000008b106a38}: 'java.lang.Object java.lang.invoke.Invokers$Holder.linkToTargetMethod(java.lang.Object, java.lang.Object, java.lang.Object, java.lang.Object, java.lang.Object, java.lang.Object)'> (0x000000008b106a38) thrown at [./src/hotspot/share/interpreter/linkResolver.cpp, line 773]
Event: 3.939 Thread 0x000001f2149da800 Implicit null exception at 0x000001f2202a485c to 0x000001f2202a51a0
Event: 4.027 Thread 0x000001f2149da800 Implicit null exception at 0x000001f220252102 to 0x000001f220252368
Event: 4.035 Thread 0x000001f2149da800 Implicit null exception at 0x000001f22004c0f5 to 0x000001f22004c2b0
Event: 4.038 Thread 0x000001f2149da800 Implicit null exception at 0x000001f2200fb54c to 0x000001f2200fb628
Event: 4.106 Thread 0x000001f2149da800 Exception <a 'java/lang/NoSuchMethodError'{0x0000000089d4b868}: 'int java.lang.invoke.DirectMethodHandle$Holder.invokeInterface(java.lang.Object, java.lang.Object)'> (0x0000000089d4b868) thrown at [./src/hotspot/share/interpreter/linkResolver.cpp, line 773]
Event: 4.111 Thread 0x000001f2149da800 Exception <a 'java/lang/NoSuchMethodError'{0x0000000089d7aa18}: 'java.lang.Object java.lang.invoke.DirectMethodHandle$Holder.invokeStatic(java.lang.Object, int, java.lang.Object, java.lang.Object)'> (0x0000000089d7aa18) thrown at [./src/hotspot/share/interpreter/linkResolver.cpp, line 773]
Event: 4.157 Thread 0x000001f2149da800 Exception <a 'java/lang/NoSuchMethodError'{0x0000000089b17a20}: 'java.lang.Object java.lang.invoke.DirectMethodHandle$Holder.invokeSpecial(java.lang.Object, java.lang.Object, java.lang.Object, java.lang.Object, java.lang.Object, java.lang.Object, java.lang.Object, java.lang.Object, java.lang.Object)'> (0x0000000089b17a20) thrown at [./src/hotspot/share/interpreter/linkResolver.cpp, line 773]
Event: 4.157 Thread 0x000001f2149da800 Exception <a 'java/lang/NoSuchMethodError'{0x0000000089b1bc18}: 'java.lang.Object java.lang.invoke.Invokers$Holder.linkToTargetMethod(java.lang.Object, java.lang.Object, java.lang.Object, java.lang.Object, java.lang.Object, java.lang.Object, java.lang.Object, java.lang.Object)'> (0x0000000089b1bc18) thrown at [./src/hotspot/share/interpreter/linkResolver.cpp, line 773]
Event: 4.213 Thread 0x000001f2149da800 Exception <a 'java/lang/NoSuchMethodError'{0x000000008c79d760}: 'java.lang.Object java.lang.invoke.Invokers$Holder.linkToTargetMethod(java.lang.Object, java.lang.Object, java.lang.Object, int, int, java.lang.Object)'> (0x000000008c79d760) thrown at [./src/hotspot/share/interpreter/linkResolver.cpp, line 773]
Event: 4.304 Thread 0x000001f2149da800 Implicit null exception at 0x000001f21fffb85e to 0x000001f21fffbfca
Event: 4.304 Thread 0x000001f2149da800 Implicit null exception at 0x000001f220021b2f to 0x000001f220021b9d
Event: 4.456 Thread 0x000001f2149da800 Implicit null exception at 0x000001f21fff6d75 to 0x000001f21fff6f24
Event: 4.523 Thread 0x000001f2149da800 Exception <a 'java/lang/NoSuchMethodError'{0x000000008baf50f8}: 'int java.lang.invoke.DirectMethodHandle$Holder.invokeVirtual(java.lang.Object, java.lang.Object, java.lang.Object)'> (0x000000008baf50f8) thrown at [./src/hotspot/share/interpreter/linkResolver.cpp, line 773]

Events (20 events):
Event: 4.559 loading class org/jetbrains/kotlin/com/intellij/psi/impl/source/PsiImportStaticStatementImpl
Event: 4.559 loading class org/jetbrains/kotlin/com/intellij/psi/impl/source/PsiImportStaticStatementImpl done
Event: 4.559 loading class org/jetbrains/kotlin/com/intellij/psi/impl/source/PsiImportStaticStatementImpl
Event: 4.559 loading class org/jetbrains/kotlin/com/intellij/psi/impl/source/PsiImportStaticStatementImpl done
Event: 4.559 loading class org/jetbrains/kotlin/com/intellij/util/ArrayFactory
Event: 4.559 loading class org/jetbrains/kotlin/com/intellij/util/ArrayFactory done
Event: 4.559 loading class org/jetbrains/kotlin/com/intellij/util/containers/MultiMap
Event: 4.559 loading class org/jetbrains/kotlin/com/intellij/util/containers/MultiMap done
Event: 4.559 loading class org/jetbrains/kotlin/com/intellij/util/containers/MultiMap
Event: 4.559 loading class org/jetbrains/kotlin/com/intellij/util/containers/MultiMap done
Event: 4.559 loading class org/jetbrains/kotlin/com/intellij/openapi/util/VolatileNotNullLazyValue
Event: 4.559 loading class org/jetbrains/kotlin/com/intellij/openapi/util/VolatileNotNullLazyValue done
Event: 4.560 loading class org/jetbrains/kotlin/com/intellij/openapi/util/VolatileNotNullLazyValue$1
Event: 4.560 loading class org/jetbrains/kotlin/com/intellij/openapi/util/VolatileNotNullLazyValue$1 done
Event: 4.560 loading class org/jetbrains/kotlin/com/intellij/openapi/util/VolatileNotNullLazyValue
Event: 4.560 loading class org/jetbrains/kotlin/com/intellij/openapi/util/VolatileNotNullLazyValue done
Event: 4.560 loading class org/jetbrains/kotlin/com/intellij/openapi/util/VolatileNotNullLazyValue
Event: 4.560 loading class org/jetbrains/kotlin/com/intellij/openapi/util/VolatileNotNullLazyValue done
Event: 4.560 loading class org/jetbrains/kotlin/com/intellij/psi/impl/source/PsiJavaFileBaseImpl$MyResolveCacheProcessor
Event: 4.560 loading class org/jetbrains/kotlin/com/intellij/psi/impl/source/PsiJavaFileBaseImpl$MyResolveCacheProcessor done


Dynamic libraries:
0x00007ff7c4040000 - 0x00007ff7c404a000 	D:\Program Files\Android\jre\bin\java.exe
0x00007ffd65b20000 - 0x00007ffd65d10000 	C:\Windows\SYSTEM32\ntdll.dll
0x00007ffd65a60000 - 0x00007ffd65b12000 	C:\Windows\System32\KERNEL32.DLL
0x00007ffd62c90000 - 0x00007ffd62f33000 	C:\Windows\System32\KERNELBASE.dll
0x00007ffd63ab0000 - 0x00007ffd63baa000 	C:\Windows\System32\ucrtbase.dll
0x00007ffd502a0000 - 0x00007ffd502b9000 	D:\Program Files\Android\jre\bin\jli.dll
0x00007ffd50320000 - 0x00007ffd50337000 	D:\Program Files\Android\jre\bin\VCRUNTIME140.dll
0x00007ffd658c0000 - 0x00007ffd65a54000 	C:\Windows\System32\USER32.dll
0x00007ffd63a80000 - 0x00007ffd63aa1000 	C:\Windows\System32\win32u.dll
0x00007ffd516f0000 - 0x00007ffd51975000 	C:\Windows\WinSxS\amd64_microsoft.windows.common-controls_6595b64144ccf1df_6.0.18362.535_none_e6c3b34713100821\COMCTL32.dll
0x00007ffd65690000 - 0x00007ffd656b6000 	C:\Windows\System32\GDI32.dll
0x00007ffd64830000 - 0x00007ffd648ce000 	C:\Windows\System32\msvcrt.dll
0x00007ffd62af0000 - 0x00007ffd62c84000 	C:\Windows\System32\gdi32full.dll
0x00007ffd63710000 - 0x00007ffd637ae000 	C:\Windows\System32\msvcp_win.dll
0x00007ffd644f0000 - 0x00007ffd64826000 	C:\Windows\System32\combase.dll
0x00007ffd651c0000 - 0x00007ffd652e0000 	C:\Windows\System32\RPCRT4.dll
0x00007ffd639b0000 - 0x00007ffd63a30000 	C:\Windows\System32\bcryptPrimitives.dll
0x00007ffd64370000 - 0x00007ffd6439e000 	C:\Windows\System32\IMM32.DLL
0x00007ffd3a450000 - 0x00007ffd3a4ed000 	D:\Program Files\Android\jre\bin\msvcp140.dll
0x00007ffd25640000 - 0x00007ffd26115000 	D:\Program Files\Android\jre\bin\server\jvm.dll
0x00007ffd642b0000 - 0x00007ffd64353000 	C:\Windows\System32\ADVAPI32.dll
0x00007ffd656c0000 - 0x00007ffd65757000 	C:\Windows\System32\sechost.dll
0x00007ffd65570000 - 0x00007ffd65578000 	C:\Windows\System32\PSAPI.DLL
0x00007ffd5f170000 - 0x00007ffd5f179000 	C:\Windows\SYSTEM32\WSOCK32.dll
0x00007ffd65150000 - 0x00007ffd651bf000 	C:\Windows\System32\WS2_32.dll
0x00007ffd601c0000 - 0x00007ffd601e4000 	C:\Windows\SYSTEM32\WINMM.dll
0x00007ffd5c500000 - 0x00007ffd5c50a000 	C:\Windows\SYSTEM32\VERSION.dll
0x00007ffd60180000 - 0x00007ffd601ad000 	C:\Windows\SYSTEM32\winmmbase.dll
0x00007ffd63a30000 - 0x00007ffd63a7a000 	C:\Windows\System32\cfgmgr32.dll
0x00007ffd62a40000 - 0x00007ffd62a51000 	C:\Windows\System32\kernel.appcore.dll
0x00007ffd5dc40000 - 0x00007ffd5dc51000 	D:\Program Files\Android\jre\bin\verify.dll
0x00007ffd61350000 - 0x00007ffd61544000 	C:\Windows\SYSTEM32\DBGHELP.DLL
0x00007ffd4dcf0000 - 0x00007ffd4dd1a000 	C:\Windows\SYSTEM32\dbgcore.DLL
0x00007ffd5d670000 - 0x00007ffd5d699000 	D:\Program Files\Android\jre\bin\java.dll
0x00007ffd5dc30000 - 0x00007ffd5dc3b000 	D:\Program Files\Android\jre\bin\jimage.dll
0x00007ffd5d650000 - 0x00007ffd5d668000 	D:\Program Files\Android\jre\bin\zip.dll
0x00007ffd649a0000 - 0x00007ffd65085000 	C:\Windows\System32\SHELL32.dll
0x00007ffd65580000 - 0x00007ffd65629000 	C:\Windows\System32\shcore.dll
0x00007ffd62f60000 - 0x00007ffd636df000 	C:\Windows\System32\windows.storage.dll
0x00007ffd62ad0000 - 0x00007ffd62aef000 	C:\Windows\System32\profapi.dll
0x00007ffd62a60000 - 0x00007ffd62aaa000 	C:\Windows\System32\powrprof.dll
0x00007ffd62a30000 - 0x00007ffd62a40000 	C:\Windows\System32\UMPDC.dll
0x00007ffd65510000 - 0x00007ffd65562000 	C:\Windows\System32\shlwapi.dll
0x00007ffd62f40000 - 0x00007ffd62f57000 	C:\Windows\System32\cryptsp.dll
0x00007ffd5d550000 - 0x00007ffd5d56a000 	D:\Program Files\Android\jre\bin\net.dll
0x00007ffd52e30000 - 0x00007ffd52f20000 	C:\Windows\SYSTEM32\WINHTTP.dll
0x00007ffd622a0000 - 0x00007ffd62307000 	C:\Windows\system32\mswsock.dll
0x00007ffd5d4d0000 - 0x00007ffd5d4e4000 	D:\Program Files\Android\jre\bin\nio.dll

dbghelp: loaded successfully - version: 4.0.5 - missing functions: none
symbol engine: initialized successfully - sym options: 0x614 - pdb path: .;D:\Program Files\Android\jre\bin;C:\Windows\SYSTEM32;C:\Windows\WinSxS\amd64_microsoft.windows.common-controls_6595b64144ccf1df_6.0.18362.535_none_e6c3b34713100821;D:\Program Files\Android\jre\bin\server

VM Arguments:
java_command: org.jetbrains.kotlin.cli.jvm.K2JVMCompiler @D:\NotesApp\app\build\20220531_4896963705338325759.compiler.options
java_class_path (initial): D:\ProgramsfilesD\Android\Sdk\caches\modules-2\files-2.1\org.jetbrains.kotlin\kotlin-compiler-embeddable\1.6.21\97bdd5a752ce73b58ef16c17bc7f0ea2faff7a2e\kotlin-compiler-embeddable-1.6.21.jar;D:\ProgramsfilesD\Android\Sdk\caches\modules-2\files-2.1\org.jetbrains.kotlin\kotlin-reflect\1.6.21\5dc3574d9b7bebfcb4ec6b10ada4aaa9e140bd0b\kotlin-reflect-1.6.21.jar;D:\ProgramsfilesD\Android\Sdk\caches\modules-2\files-2.1\org.jetbrains.kotlin\kotlin-stdlib\1.6.21\11ef67f1900634fd951bad28c53ec957fabbe5b8\kotlin-stdlib-1.6.21.jar;D:\ProgramsfilesD\Android\Sdk\caches\modules-2\files-2.1\org.jetbrains.kotlin\kotlin-script-runtime\1.6.21\99c6675100da5d6d5b1c5a1032f27f28008d101b\kotlin-script-runtime-1.6.21.jar;D:\ProgramsfilesD\Android\Sdk\caches\modules-2\files-2.1\org.jetbrains.kotlin\kotlin-daemon-embeddable\1.6.21\46b78cf392e1c4f10854c3cadba44abb7b82250f\kotlin-daemon-embeddable-1.6.21.jar;D:\ProgramsfilesD\Android\Sdk\caches\modules-2\files-2.1\org.jetbrains.intellij.deps\trove4j\1.0.20200330\3afb14d5f9ceb459d724e907a21145e8ff394f02\trove4j-1.0.20200330.jar;D:\ProgramsfilesD\Android\Sdk\caches\modules-2\files-2.1\net.java.dev.jna\jna\5.6.0\330f2244e9030119ab3030fc3fededc86713d9cc\jna-5.6.0.jar;D:\ProgramsfilesD\Android\Sdk\caches\modules-2\files-2.1\org.jetbrains.kotlin\kotlin-stdlib-common\1.6.21\5e5b55c26dbc80372a920aef60eb774b714559b8\kotlin-stdlib-common-1.6.21.jar;D:\ProgramsfilesD\Android\Sdk\caches\modules-2\files-2.1\org.jetbrains\annotations\13.0\919f0dfe192fb4e063e7dacadee7f8bb9a2672a9\annotations-13.0.jar
Launcher Type: SUN_STANDARD

[Global flags]
     intx CICompilerCount                          = 4                                         {product} {ergonomic}
     uint ConcGCThreads                            = 2                                         {product} {ergonomic}
     uint G1ConcRefinementThreads                  = 8                                         {product} {ergonomic}
   size_t G1HeapRegionSize                         = 1048576                                   {product} {ergonomic}
    uintx GCDrainStackTargetSize                   = 64                                        {product} {ergonomic}
   size_t InitialHeapSize                          = 132120576                                 {product} {ergonomic}
   size_t MarkStackSize                            = 4194304                                   {product} {ergonomic}
   size_t MaxHeapSize                              = 2097152000                                {product} {ergonomic}
   size_t MaxNewSize                               = 1258291200                                {product} {ergonomic}
   size_t MinHeapDeltaBytes                        = 1048576                                   {product} {ergonomic}
    uintx NonNMethodCodeHeapSize                   = 5836300                                {pd product} {ergonomic}
    uintx NonProfiledCodeHeapSize                  = 122910970                              {pd product} {ergonomic}
    uintx ProfiledCodeHeapSize                     = 122910970                              {pd product} {ergonomic}
    uintx ReservedCodeCacheSize                    = 251658240                              {pd product} {ergonomic}
     bool SegmentedCodeCache                       = true                                      {product} {ergonomic}
     bool UseCompressedClassPointers               = true                                 {lp64_product} {ergonomic}
     bool UseCompressedOops                        = true                                 {lp64_product} {ergonomic}
     bool UseG1GC                                  = true                                      {product} {ergonomic}
     bool UseLargePagesIndividualAllocation        = false                                  {pd product} {ergonomic}

Logging:
Log output configuration:
 #0: stdout all=warning uptime,level,tags
 #1: stderr all=off uptime,level,tags

Environment Variables:
JAVA_HOME=D:\Program Files\Java
PATH=C:\PROGRA~2\Borland\CBUILD~1\Bin;C:\PROGRA~2\Borland\CBUILD~1\Projects\Bpl;C:\Program Files\Common Files\Oracle\Java\javapath;C:\Windows\system32;C:\Windows;C:\Windows\System32\Wbem;C:\Windows\System32\WindowsPowerShell\v1.0\;C:\Program Files (x86)\NVIDIA Corporation\PhysX\Common;C:\Program Files\NVIDIA Corporation\NVIDIA NvDLISR;C:\Program Files\Microsoft\Web Platform Installer\;C:\Program Files (x86)\Microsoft ASP.NET\ASP.NET Web Pages\v1.0\;C:\Program Files\Microsoft SQL Server\110\Tools\Binn\;C:\Program Files\Git\cmd;C:\Users\asus\AppData\Local\Programs\Python\Python310\Scripts\;C:\Users\asus\AppData\Local\Programs\Python\Python310\;C:\Users\asus\AppData\Local\Microsoft\WindowsApps;;D:\Program Files\JetBrains\IntelliJ IDEA Community Edition 2020.3\bin;
USERNAME=asus
OS=Windows_NT
PROCESSOR_IDENTIFIER=Intel64 Family 6 Model 126 Stepping 5, GenuineIntel



---------------  S Y S T E M  ---------------

OS: Windows 10 , 64 bit Build 18362 (10.0.18362.329)
OS uptime: 0 days 1:19 hours

CPU:total 8 (initial active 8) (4 cores per cpu, 2 threads per core) family 6 model 126 stepping 5 microcode 0x96, cmov, cx8, fxsr, mmx, sse, sse2, sse3, ssse3, sse4.1, sse4.2, popcnt, avx, avx2, aes, clmul, erms, 3dnowpref, lzcnt, ht, tsc, tscinvbit, bmi1, bmi2, adx, evex, sha, fma

Memory: 4k page, system-wide physical 7997M (699M free)
TotalPageFile size 7997M (AvailPageFile size 5M)
current process WorkingSet (physical memory assigned to process): 332M, peak: 334M
current process commit charge ("private bytes"): 391M, peak: 391M

vm_info: OpenJDK 64-Bit Server VM (11.0.11+9-b60-7590822) for windows-amd64 JRE (11.0.11+9-b60-7590822), built on Jul 29 2021 21:43:44 by "builder" with MS VC++ 14.0 (VS2015)

END.
