#
# There is insufficient memory for the Java Runtime Environment to continue.
# Native memory allocation (malloc) failed to allocate 1014576 bytes for Chunk::new
# Possible reasons:
#   The system is out of physical RAM or swap space
#   The process is running with CompressedOops enabled, and the Java Heap may be blocking the growth of the native heap
# Possible solutions:
#   Reduce memory load on the system
#   Increase physical memory or swap space
#   Check if swap backing store is full
#   Decrease Java heap size (-Xmx/-Xms)
#   Decrease number of Java threads
#   Decrease Java thread stack sizes (-Xss)
#   Set larger code cache with -XX:ReservedCodeCacheSize=
#   JVM is running with Unscaled Compressed Oops mode in which the Java heap is
#     placed in the first 4GB address space. The Java Heap base address is the
#     maximum limit for the native heap growth. Please use -XX:HeapBaseMinAddress
#     to set the Java Heap base and to place the Java Heap above 4GB virtual address.
# This output file may be truncated or incomplete.
#
#  Out of Memory Error (./src/hotspot/share/memory/arena.cpp:197), pid=11972, tid=2760
#
# JRE version: OpenJDK Runtime Environment (11.0.11+9) (build 11.0.11+9-b60-7590822)
# Java VM: OpenJDK 64-Bit Server VM (11.0.11+9-b60-7590822, mixed mode, tiered, compressed oops, g1 gc, windows-amd64)
# No core dump will be written. Minidumps are not enabled by default on client versions of Windows
#

---------------  S U M M A R Y ------------

Command Line: --add-opens=java.base/java.util=ALL-UNNAMED --add-opens=java.base/java.lang=ALL-UNNAMED --add-opens=java.base/java.lang.invoke=ALL-UNNAMED --add-opens=java.base/java.util=ALL-UNNAMED --add-opens=java.prefs/java.util.prefs=ALL-UNNAMED --add-opens=java.prefs/java.util.prefs=ALL-UNNAMED --add-opens=java.base/java.nio.charset=ALL-UNNAMED --add-opens=java.base/java.net=ALL-UNNAMED --add-opens=java.base/java.util.concurrent.atomic=ALL-UNNAMED -Xmx2048m -Dfile.encoding=UTF-8 -Duser.country=RU -Duser.language=ru -Duser.variant org.gradle.launcher.daemon.bootstrap.GradleDaemon 7.2

Host: Intel(R) Core(TM) i7-1065G7 CPU @ 1.30GHz, 8 cores, 7G,  Windows 10 , 64 bit Build 18362 (10.0.18362.329)
Time: Fri May 20 16:09:28 2022 Caiaaiay Acey (ceia) elapsed time: 167.205239 seconds (0d 0h 2m 47s)

---------------  T H R E A D  ---------------

Current thread (0x00000245fcc16000):  JavaThread "C2 CompilerThread1" daemon [_thread_in_native, id=2760, stack(0x000000b3e2100000,0x000000b3e2200000)]


Current CompileTask:
C2: 167205 20434       4       java.lang.String::split (324 bytes)

Stack: [0x000000b3e2100000,0x000000b3e2200000]
Native frames: (J=compiled Java code, j=interpreted, Vv=VM code, C=native code)
V  [jvm.dll+0x5f214a]
V  [jvm.dll+0x726fb5]
V  [jvm.dll+0x7285cd]
V  [jvm.dll+0x728c83]
V  [jvm.dll+0x243278]
V  [jvm.dll+0xbc53c]
V  [jvm.dll+0xbca3c]
V  [jvm.dll+0x353e7d]
V  [jvm.dll+0x19895c]
V  [jvm.dll+0x1fc2ee]
V  [jvm.dll+0x1fb3d4]
V  [jvm.dll+0x183d6c]
V  [jvm.dll+0x209a57]
V  [jvm.dll+0x2082a1]
V  [jvm.dll+0x6ef58f]
V  [jvm.dll+0x6e80b5]
V  [jvm.dll+0x5f1036]
C  [ucrtbase.dll+0x20e72]
C  [KERNEL32.DLL+0x17bd4]
C  [ntdll.dll+0x6ced1]


---------------  P R O C E S S  ---------------

Threads class SMR info:
_java_thread_list=0x00000245926faf20, length=150, elements={
0x00000245ee921800, 0x00000245f9d98000, 0x00000245f9d99800, 0x00000245f9db3800,
0x00000245f9db8000, 0x00000245f9db9000, 0x00000245f9dba800, 0x00000245f9dbe000,
0x00000245fa707800, 0x00000245fa86d000, 0x00000245fd40e000, 0x00000245fd40a800,
0x00000245fd40d000, 0x00000245fcbff800, 0x00000245fcc05000, 0x00000245fcc03800,
0x00000245fcc06000, 0x00000245fcc00000, 0x00000245fcc0a000, 0x00000245fcc0c800,
0x00000245fcc09000, 0x00000245fcc0b800, 0x00000245fcc07800, 0x0000024591064800,
0x000002459105f800, 0x0000024591060800, 0x000002459105f000, 0x0000024591065800,
0x0000024591066800, 0x000002458f8fb000, 0x000002458f8fb800, 0x000002458f8fd800,
0x000002458f8f7800, 0x000002458f8fc800, 0x0000024594b66800, 0x0000024594b64800,
0x0000024594b67800, 0x0000024594b68800, 0x0000024594b63800, 0x0000024594b65000,
0x00000245fcc14000, 0x00000245fcc11000, 0x00000245fcc12800, 0x00000245fcc13800,
0x00000245fcc15000, 0x00000245fcc10000, 0x00000245fcc0f800, 0x00000245fcc16000,
0x00000245fcc17800, 0x00000245fcc16800, 0x00000245fcc11800, 0x00000245fcc1d000,
0x00000245fcc18000, 0x00000245fcc1c800, 0x00000245fcc19000, 0x00000245fcc1a000,
0x0000024594b62800, 0x0000024594b69000, 0x0000024594b6a000, 0x0000024594b6b000,
0x0000024594b66000, 0x0000024594b6f800, 0x0000024594b70800, 0x0000024594b6c800,
0x0000024594b6d000, 0x0000024594b71800, 0x0000024594b6e000, 0x0000024594b6f000,
0x0000024594b6b800, 0x000002459105d800, 0x000002459105e000, 0x0000024591061800,
0x0000024591068000, 0x0000024591062000, 0x0000024591068800, 0x0000024591063000,
0x0000024591069800, 0x0000024591064000, 0x000002459106a800, 0x000002459106b000,
0x000002459106c000, 0x00000245fcc01000, 0x00000245fcc04000, 0x00000245fcc06800,
0x00000245fcc01800, 0x00000245fcc08000, 0x00000245fcc02800, 0x00000245fcc0e000,
0x00000245fd40e800, 0x00000245fd40f800, 0x00000245fd40a000, 0x00000245fd410800,
0x00000245fd40b800, 0x00000245fd40c000, 0x000002458f8fe000, 0x000002458f8f8800,
0x000002458f8f9000, 0x000002458f8fa000, 0x00000245912ce000, 0x00000245912cb800,
0x00000245912cc000, 0x00000245912cd000, 0x00000245912ce800, 0x00000245912ca800,
0x00000245912d2000, 0x00000245912d3800, 0x00000245912d2800, 0x00000245912d4800,
0x00000245912d5000, 0x00000245912cf800, 0x00000245912d1000, 0x00000245912d0800,
0x00000245912d6000, 0x00000245912d7000, 0x00000245912d7800, 0x00000245912d8800,
0x00000245912d9000, 0x00000245908d8800, 0x00000245908db000, 0x00000245908da800,
0x00000245908dc000, 0x00000245908d9800, 0x00000245908dc800, 0x00000245908dd800,
0x00000245908d8000, 0x00000245908de800, 0x00000245908df000, 0x00000245908e1000,
0x00000245908e3800, 0x00000245908e4000, 0x00000245908e5000, 0x00000245908e1800,
0x00000245908e5800, 0x00000245908e0000, 0x00000245908e6800, 0x00000245908e2800,
0x0000024592bc3800, 0x0000024592bc2000, 0x0000024592bc4800, 0x0000024592bc1000,
0x0000024592bc7800, 0x0000024592bc8800, 0x0000024592bc2800, 0x0000024592bc6000,
0x0000024592bc6800, 0x0000024592bc9000, 0x0000024592bca000, 0x0000024592bcb000,
0x0000024592bc5000, 0x0000024592bcb800
}

Java Threads: ( => current thread )
  0x00000245ee921800 JavaThread "main" [_thread_blocked, id=9600, stack(0x000000b3e0600000,0x000000b3e0700000)]
  0x00000245f9d98000 JavaThread "Reference Handler" daemon [_thread_blocked, id=10912, stack(0x000000b3e0d00000,0x000000b3e0e00000)]
  0x00000245f9d99800 JavaThread "Finalizer" daemon [_thread_blocked, id=2736, stack(0x000000b3e0e00000,0x000000b3e0f00000)]
  0x00000245f9db3800 JavaThread "Signal Dispatcher" daemon [_thread_blocked, id=10824, stack(0x000000b3e0f00000,0x000000b3e1000000)]
  0x00000245f9db8000 JavaThread "Attach Listener" daemon [_thread_blocked, id=9868, stack(0x000000b3e1000000,0x000000b3e1100000)]
  0x00000245f9db9000 JavaThread "Service Thread" daemon [_thread_blocked, id=11836, stack(0x000000b3e1100000,0x000000b3e1200000)]
  0x00000245f9dba800 JavaThread "C2 CompilerThread0" daemon [_thread_blocked, id=3396, stack(0x000000b3e1200000,0x000000b3e1300000)]
  0x00000245f9dbe000 JavaThread "C1 CompilerThread0" daemon [_thread_blocked, id=640, stack(0x000000b3e1300000,0x000000b3e1400000)]
  0x00000245fa707800 JavaThread "Sweeper thread" daemon [_thread_blocked, id=4988, stack(0x000000b3e1400000,0x000000b3e1500000)]
  0x00000245fa86d000 JavaThread "Common-Cleaner" daemon [_thread_blocked, id=12228, stack(0x000000b3e1500000,0x000000b3e1600000)]
  0x00000245fd40e000 JavaThread "Daemon health stats" [_thread_blocked, id=8208, stack(0x000000b3e1b00000,0x000000b3e1c00000)]
  0x00000245fd40a800 JavaThread "Incoming local TCP Connector on port 62746" [_thread_in_native, id=10732, stack(0x000000b3e1700000,0x000000b3e1800000)]
  0x00000245fd40d000 JavaThread "Daemon periodic checks" [_thread_blocked, id=1256, stack(0x000000b3e1c00000,0x000000b3e1d00000)]
  0x00000245fcbff800 JavaThread "Cache worker for journal cache (D:\ProgramsfilesD\Android\Sdk\caches\journal-1)" [_thread_blocked, id=5904, stack(0x000000b3e2900000,0x000000b3e2a00000)]
  0x00000245fcc05000 JavaThread "File lock request listener" [_thread_in_native, id=11064, stack(0x000000b3e2a00000,0x000000b3e2b00000)]
  0x00000245fcc03800 JavaThread "Cache worker for file hash cache (D:\ProgramsfilesD\Android\Sdk\caches\7.2\fileHashes)" [_thread_blocked, id=4384, stack(0x000000b3e2b00000,0x000000b3e2c00000)]
  0x00000245fcc06000 JavaThread "File watcher server" daemon [_thread_in_native, id=9448, stack(0x000000b3e2f00000,0x000000b3e3000000)]
  0x00000245fcc00000 JavaThread "File watcher consumer" daemon [_thread_blocked, id=11776, stack(0x000000b3e3000000,0x000000b3e3100000)]
  0x00000245fcc0a000 JavaThread "Cache worker for execution history cache (D:\ProgramsfilesD\Android\Sdk\caches\7.2\executionHistory)" [_thread_blocked, id=5548, stack(0x000000b3e3400000,0x000000b3e3500000)]
  0x00000245fcc0c800 JavaThread "jar transforms" [_thread_blocked, id=7508, stack(0x000000b3e3500000,0x000000b3e3600000)]
  0x00000245fcc09000 JavaThread "Cache worker for file content cache (D:\ProgramsfilesD\Android\Sdk\caches\7.2\fileContent)" [_thread_blocked, id=11652, stack(0x000000b3e3600000,0x000000b3e3700000)]
  0x00000245fcc0b800 JavaThread "jar transforms Thread 2" [_thread_blocked, id=7496, stack(0x000000b3e3700000,0x000000b3e3800000)]
  0x00000245fcc07800 JavaThread "jar transforms Thread 3" [_thread_blocked, id=11796, stack(0x000000b3e3900000,0x000000b3e3a00000)]
  0x0000024591064800 JavaThread "jar transforms Thread 4" [_thread_blocked, id=1088, stack(0x000000b3e8b00000,0x000000b3e8c00000)]
  0x000002459105f800 JavaThread "jar transforms Thread 5" [_thread_blocked, id=7152, stack(0x000000b3e8c00000,0x000000b3e8d00000)]
  0x0000024591060800 JavaThread "jar transforms Thread 6" [_thread_blocked, id=10428, stack(0x000000b3e8d00000,0x000000b3e8e00000)]
  0x000002459105f000 JavaThread "jar transforms Thread 7" [_thread_blocked, id=2372, stack(0x000000b3e8e00000,0x000000b3e8f00000)]
  0x0000024591065800 JavaThread "jar transforms Thread 8" [_thread_blocked, id=9340, stack(0x000000b3e8f00000,0x000000b3e9000000)]
  0x0000024591066800 JavaThread "Memory manager" [_thread_blocked, id=12224, stack(0x000000b3e9000000,0x000000b3e9100000)]
  0x000002458f8fb000 JavaThread "RMI Scheduler(0)" daemon [_thread_blocked, id=2388, stack(0x000000b3e1800000,0x000000b3e1900000)]
  0x000002458f8fb800 JavaThread "RMI GC Daemon" daemon [_thread_blocked, id=12152, stack(0x000000b3e9c00000,0x000000b3e9d00000)]
  0x000002458f8fd800 JavaThread "RMI TCP Accept-0" daemon [_thread_in_native, id=10432, stack(0x000000b3e9d00000,0x000000b3e9e00000)]
  0x000002458f8f7800 JavaThread "RMI Reaper" [_thread_blocked, id=5772, stack(0x000000b3e9e00000,0x000000b3e9f00000)]
  0x000002458f8fc800 JavaThread "Cache worker for Java compile cache (D:\ProgramsfilesD\Android\Sdk\caches\7.2\javaCompile)" [_thread_blocked, id=3884, stack(0x000000b3e2e00000,0x000000b3e2f00000)]
  0x0000024594b66800 JavaThread "ForkJoinPool.commonPool-worker-3" daemon [_thread_blocked, id=9464, stack(0x000000b3eb300000,0x000000b3eb400000)]
  0x0000024594b64800 JavaThread "ForkJoinPool.commonPool-worker-7" daemon [_thread_blocked, id=2708, stack(0x000000b3eb500000,0x000000b3eb600000)]
  0x0000024594b67800 JavaThread "ForkJoinPool.commonPool-worker-9" daemon [_thread_blocked, id=3348, stack(0x000000b3eb600000,0x000000b3eb700000)]
  0x0000024594b68800 JavaThread "ForkJoinPool.commonPool-worker-11" daemon [_thread_blocked, id=12156, stack(0x000000b3eb700000,0x000000b3eb800000)]
  0x0000024594b63800 JavaThread "ForkJoinPool.commonPool-worker-13" daemon [_thread_blocked, id=4228, stack(0x000000b3eb800000,0x000000b3eb900000)]
  0x0000024594b65000 JavaThread "ForkJoinPool.commonPool-worker-15" daemon [_thread_blocked, id=1600, stack(0x000000b3eb900000,0x000000b3eba00000)]
  0x00000245fcc14000 JavaThread "Daemon Thread 2" [_thread_blocked, id=10940, stack(0x000000b3e0300000,0x000000b3e0400000)]
  0x00000245fcc11000 JavaThread "Handler for socket connection from /127.0.0.1:62746 to /127.0.0.1:62788" [_thread_in_native, id=3704, stack(0x000000b3e0400000,0x000000b3e0500000)]
  0x00000245fcc12800 JavaThread "Cancel handler" [_thread_blocked, id=6752, stack(0x000000b3e0500000,0x000000b3e0600000)]
  0x00000245fcc13800 JavaThread "Daemon worker Thread 2" [_thread_blocked, id=12244, stack(0x000000b3e1d00000,0x000000b3e1e00000)]
  0x00000245fcc15000 JavaThread "Asynchronous log dispatcher for DefaultDaemonConnection: socket connection from /127.0.0.1:62746 to /127.0.0.1:62788" [_thread_blocked, id=6460, stack(0x000000b3e1e00000,0x000000b3e1f00000)]
  0x00000245fcc10000 JavaThread "Stdin handler" [_thread_blocked, id=4028, stack(0x000000b3e1f00000,0x000000b3e2000000)]
  0x00000245fcc0f800 JavaThread "Daemon client event forwarder" [_thread_blocked, id=7832, stack(0x000000b3e2000000,0x000000b3e2100000)]
=>0x00000245fcc16000 JavaThread "C2 CompilerThread1" daemon [_thread_in_native, id=2760, stack(0x000000b3e2100000,0x000000b3e2200000)]
  0x00000245fcc17800 JavaThread "Cache worker for file hash cache (D:\NotesApp\.gradle\7.2\fileHashes)" [_thread_blocked, id=11952, stack(0x000000b3e2200000,0x000000b3e2300000)]
  0x00000245fcc16800 JavaThread "Cache worker for checksums cache (D:\NotesApp\.gradle\checksums)" [_thread_blocked, id=10036, stack(0x000000b3e2300000,0x000000b3e2400000)]
  0x00000245fcc11800 JavaThread "Cache worker for cache directory md-supplier (D:\ProgramsfilesD\Android\Sdk\caches\7.2\md-supplier)" [_thread_blocked, id=468, stack(0x000000b3e2d00000,0x000000b3e2e00000)]
  0x00000245fcc1d000 JavaThread "Cache worker for cache directory md-rule (D:\ProgramsfilesD\Android\Sdk\caches\7.2\md-rule)" [_thread_blocked, id=2600, stack(0x000000b3e3100000,0x000000b3e3200000)]
  0x00000245fcc18000 JavaThread "Cache worker for dependencies-accessors (D:\NotesApp\.gradle\7.2\dependencies-accessors)" [_thread_blocked, id=12160, stack(0x000000b3e3200000,0x000000b3e3300000)]
  0x00000245fcc1c800 JavaThread "Cache worker for Build Output Cleanup Cache (D:\NotesApp\.gradle\buildOutputCleanup)" [_thread_blocked, id=11604, stack(0x000000b3e3300000,0x000000b3e3400000)]
  0x00000245fcc19000 JavaThread "Unconstrained build operations" [_thread_blocked, id=11084, stack(0x000000b3e3800000,0x000000b3e3900000)]
  0x00000245fcc1a000 JavaThread "Unconstrained build operations Thread 2" [_thread_blocked, id=9100, stack(0x000000b3e3a00000,0x000000b3e3b00000)]
  0x0000024594b62800 JavaThread "Unconstrained build operations Thread 3" [_thread_blocked, id=1016, stack(0x000000b3e3b00000,0x000000b3e3c00000)]
  0x0000024594b69000 JavaThread "Unconstrained build operations Thread 4" [_thread_blocked, id=8368, stack(0x000000b3e3c00000,0x000000b3e3d00000)]
  0x0000024594b6a000 JavaThread "Unconstrained build operations Thread 5" [_thread_blocked, id=6056, stack(0x000000b3e3d00000,0x000000b3e3e00000)]
  0x0000024594b6b000 JavaThread "Unconstrained build operations Thread 6" [_thread_blocked, id=11440, stack(0x000000b3e3e00000,0x000000b3e3f00000)]
  0x0000024594b66000 JavaThread "Unconstrained build operations Thread 7" [_thread_blocked, id=2348, stack(0x000000b3e3f00000,0x000000b3e4000000)]
  0x0000024594b6f800 JavaThread "Unconstrained build operations Thread 8" [_thread_blocked, id=1352, stack(0x000000b3e4000000,0x000000b3e4100000)]
  0x0000024594b70800 JavaThread "Unconstrained build operations Thread 9" [_thread_blocked, id=11320, stack(0x000000b3e4100000,0x000000b3e4200000)]
  0x0000024594b6c800 JavaThread "Unconstrained build operations Thread 10" [_thread_blocked, id=9060, stack(0x000000b3e4200000,0x000000b3e4300000)]
  0x0000024594b6d000 JavaThread "Unconstrained build operations Thread 11" [_thread_blocked, id=11116, stack(0x000000b3e4300000,0x000000b3e4400000)]
  0x0000024594b71800 JavaThread "Unconstrained build operations Thread 12" [_thread_blocked, id=7960, stack(0x000000b3e4400000,0x000000b3e4500000)]
  0x0000024594b6e000 JavaThread "Unconstrained build operations Thread 13" [_thread_blocked, id=11020, stack(0x000000b3e4500000,0x000000b3e4600000)]
  0x0000024594b6f000 JavaThread "Unconstrained build operations Thread 14" [_thread_blocked, id=7076, stack(0x000000b3e4600000,0x000000b3e4700000)]
  0x0000024594b6b800 JavaThread "Unconstrained build operations Thread 15" [_thread_blocked, id=9680, stack(0x000000b3e4700000,0x000000b3e4800000)]
  0x000002459105d800 JavaThread "Unconstrained build operations Thread 16" [_thread_blocked, id=2248, stack(0x000000b3e4800000,0x000000b3e4900000)]
  0x000002459105e000 JavaThread "Unconstrained build operations Thread 17" [_thread_blocked, id=11680, stack(0x000000b3e4900000,0x000000b3e4a00000)]
  0x0000024591061800 JavaThread "Unconstrained build operations Thread 18" [_thread_blocked, id=11204, stack(0x000000b3e4a00000,0x000000b3e4b00000)]
  0x0000024591068000 JavaThread "Unconstrained build operations Thread 19" [_thread_blocked, id=348, stack(0x000000b3e4b00000,0x000000b3e4c00000)]
  0x0000024591062000 JavaThread "Unconstrained build operations Thread 20" [_thread_blocked, id=9948, stack(0x000000b3e4c00000,0x000000b3e4d00000)]
  0x0000024591068800 JavaThread "Unconstrained build operations Thread 21" [_thread_blocked, id=7948, stack(0x000000b3e4d00000,0x000000b3e4e00000)]
  0x0000024591063000 JavaThread "Unconstrained build operations Thread 22" [_thread_blocked, id=2164, stack(0x000000b3e4e00000,0x000000b3e4f00000)]
  0x0000024591069800 JavaThread "Unconstrained build operations Thread 23" [_thread_blocked, id=3472, stack(0x000000b3e4f00000,0x000000b3e5000000)]
  0x0000024591064000 JavaThread "Unconstrained build operations Thread 24" [_thread_blocked, id=12248, stack(0x000000b3e5000000,0x000000b3e5100000)]
  0x000002459106a800 JavaThread "Unconstrained build operations Thread 25" [_thread_blocked, id=12268, stack(0x000000b3e5100000,0x000000b3e5200000)]
  0x000002459106b000 JavaThread "Unconstrained build operations Thread 26" [_thread_blocked, id=6688, stack(0x000000b3e5200000,0x000000b3e5300000)]
  0x000002459106c000 JavaThread "Unconstrained build operations Thread 27" [_thread_blocked, id=2452, stack(0x000000b3e5300000,0x000000b3e5400000)]
  0x00000245fcc01000 JavaThread "Unconstrained build operations Thread 28" [_thread_blocked, id=9544, stack(0x000000b3e5400000,0x000000b3e5500000)]
  0x00000245fcc04000 JavaThread "Unconstrained build operations Thread 29" [_thread_blocked, id=10936, stack(0x000000b3e5500000,0x000000b3e5600000)]
  0x00000245fcc06800 JavaThread "Unconstrained build operations Thread 30" [_thread_blocked, id=3084, stack(0x000000b3e5600000,0x000000b3e5700000)]
  0x00000245fcc01800 JavaThread "Unconstrained build operations Thread 31" [_thread_blocked, id=1648, stack(0x000000b3e5700000,0x000000b3e5800000)]
  0x00000245fcc08000 JavaThread "Unconstrained build operations Thread 32" [_thread_blocked, id=11296, stack(0x000000b3e5800000,0x000000b3e5900000)]
  0x00000245fcc02800 JavaThread "Unconstrained build operations Thread 33" [_thread_blocked, id=10156, stack(0x000000b3e5900000,0x000000b3e5a00000)]
  0x00000245fcc0e000 JavaThread "Unconstrained build operations Thread 34" [_thread_blocked, id=8348, stack(0x000000b3e5a00000,0x000000b3e5b00000)]
  0x00000245fd40e800 JavaThread "Unconstrained build operations Thread 35" [_thread_blocked, id=1124, stack(0x000000b3e5b00000,0x000000b3e5c00000)]
  0x00000245fd40f800 JavaThread "Unconstrained build operations Thread 36" [_thread_blocked, id=11840, stack(0x000000b3e5c00000,0x000000b3e5d00000)]
  0x00000245fd40a000 JavaThread "Unconstrained build operations Thread 37" [_thread_blocked, id=8092, stack(0x000000b3e5d00000,0x000000b3e5e00000)]
  0x00000245fd410800 JavaThread "Unconstrained build operations Thread 38" [_thread_blocked, id=9804, stack(0x000000b3e5e00000,0x000000b3e5f00000)]
  0x00000245fd40b800 JavaThread "Unconstrained build operations Thread 39" [_thread_blocked, id=11112, stack(0x000000b3e5f00000,0x000000b3e6000000)]
  0x00000245fd40c000 JavaThread "Unconstrained build operations Thread 40" [_thread_blocked, id=11780, stack(0x000000b3e6000000,0x000000b3e6100000)]
  0x000002458f8fe000 JavaThread "Unconstrained build operations Thread 41" [_thread_blocked, id=8720, stack(0x000000b3e6100000,0x000000b3e6200000)]
  0x000002458f8f8800 JavaThread "Unconstrained build operations Thread 42" [_thread_blocked, id=9472, stack(0x000000b3e6200000,0x000000b3e6300000)]
  0x000002458f8f9000 JavaThread "Unconstrained build operations Thread 43" [_thread_blocked, id=2800, stack(0x000000b3e6300000,0x000000b3e6400000)]
  0x000002458f8fa000 JavaThread "Unconstrained build operations Thread 44" [_thread_blocked, id=10084, stack(0x000000b3e6400000,0x000000b3e6500000)]
  0x00000245912ce000 JavaThread "Unconstrained build operations Thread 45" [_thread_blocked, id=12076, stack(0x000000b3e6500000,0x000000b3e6600000)]
  0x00000245912cb800 JavaThread "Unconstrained build operations Thread 46" [_thread_blocked, id=8448, stack(0x000000b3e6600000,0x000000b3e6700000)]
  0x00000245912cc000 JavaThread "Unconstrained build operations Thread 47" [_thread_blocked, id=10852, stack(0x000000b3e6700000,0x000000b3e6800000)]
  0x00000245912cd000 JavaThread "Unconstrained build operations Thread 48" [_thread_blocked, id=11748, stack(0x000000b3e6800000,0x000000b3e6900000)]
  0x00000245912ce800 JavaThread "Unconstrained build operations Thread 49" [_thread_blocked, id=3560, stack(0x000000b3e6900000,0x000000b3e6a00000)]
  0x00000245912ca800 JavaThread "Unconstrained build operations Thread 50" [_thread_blocked, id=2224, stack(0x000000b3e6a00000,0x000000b3e6b00000)]
  0x00000245912d2000 JavaThread "Unconstrained build operations Thread 51" [_thread_blocked, id=8224, stack(0x000000b3e6b00000,0x000000b3e6c00000)]
  0x00000245912d3800 JavaThread "Unconstrained build operations Thread 52" [_thread_blocked, id=4500, stack(0x000000b3e6c00000,0x000000b3e6d00000)]
  0x00000245912d2800 JavaThread "Unconstrained build operations Thread 53" [_thread_blocked, id=10944, stack(0x000000b3e6d00000,0x000000b3e6e00000)]
  0x00000245912d4800 JavaThread "Unconstrained build operations Thread 54" [_thread_blocked, id=512, stack(0x000000b3e6e00000,0x000000b3e6f00000)]
  0x00000245912d5000 JavaThread "Unconstrained build operations Thread 55" [_thread_blocked, id=10884, stack(0x000000b3e6f00000,0x000000b3e7000000)]
  0x00000245912cf800 JavaThread "Unconstrained build operations Thread 56" [_thread_blocked, id=748, stack(0x000000b3e7000000,0x000000b3e7100000)]
  0x00000245912d1000 JavaThread "Unconstrained build operations Thread 57" [_thread_blocked, id=8440, stack(0x000000b3e7100000,0x000000b3e7200000)]
  0x00000245912d0800 JavaThread "Unconstrained build operations Thread 58" [_thread_blocked, id=11436, stack(0x000000b3e7200000,0x000000b3e7300000)]
  0x00000245912d6000 JavaThread "Unconstrained build operations Thread 59" [_thread_blocked, id=4480, stack(0x000000b3e7300000,0x000000b3e7400000)]
  0x00000245912d7000 JavaThread "Unconstrained build operations Thread 60" [_thread_blocked, id=1796, stack(0x000000b3e7400000,0x000000b3e7500000)]
  0x00000245912d7800 JavaThread "Unconstrained build operations Thread 61" [_thread_blocked, id=976, stack(0x000000b3e7500000,0x000000b3e7600000)]
  0x00000245912d8800 JavaThread "Unconstrained build operations Thread 62" [_thread_blocked, id=10508, stack(0x000000b3e7600000,0x000000b3e7700000)]
  0x00000245912d9000 JavaThread "Unconstrained build operations Thread 63" [_thread_blocked, id=9656, stack(0x000000b3e7700000,0x000000b3e7800000)]
  0x00000245908d8800 JavaThread "Unconstrained build operations Thread 64" [_thread_blocked, id=11004, stack(0x000000b3e7800000,0x000000b3e7900000)]
  0x00000245908db000 JavaThread "Unconstrained build operations Thread 65" [_thread_blocked, id=8036, stack(0x000000b3e7900000,0x000000b3e7a00000)]
  0x00000245908da800 JavaThread "Unconstrained build operations Thread 66" [_thread_blocked, id=5652, stack(0x000000b3e7a00000,0x000000b3e7b00000)]
  0x00000245908dc000 JavaThread "Unconstrained build operations Thread 67" [_thread_blocked, id=12144, stack(0x000000b3e7b00000,0x000000b3e7c00000)]
  0x00000245908d9800 JavaThread "Unconstrained build operations Thread 68" [_thread_blocked, id=1884, stack(0x000000b3e7c00000,0x000000b3e7d00000)]
  0x00000245908dc800 JavaThread "Unconstrained build operations Thread 69" [_thread_blocked, id=4676, stack(0x000000b3e7d00000,0x000000b3e7e00000)]
  0x00000245908dd800 JavaThread "Unconstrained build operations Thread 70" [_thread_blocked, id=11468, stack(0x000000b3e7e00000,0x000000b3e7f00000)]
  0x00000245908d8000 JavaThread "Unconstrained build operations Thread 71" [_thread_blocked, id=10992, stack(0x000000b3e7f00000,0x000000b3e8000000)]
  0x00000245908de800 JavaThread "Unconstrained build operations Thread 72" [_thread_blocked, id=7468, stack(0x000000b3e8000000,0x000000b3e8100000)]
  0x00000245908df000 JavaThread "Unconstrained build operations Thread 73" [_thread_blocked, id=7540, stack(0x000000b3e8100000,0x000000b3e8200000)]
  0x00000245908e1000 JavaThread "Unconstrained build operations Thread 74" [_thread_blocked, id=8788, stack(0x000000b3e8200000,0x000000b3e8300000)]
  0x00000245908e3800 JavaThread "Unconstrained build operations Thread 75" [_thread_blocked, id=4784, stack(0x000000b3e8300000,0x000000b3e8400000)]
  0x00000245908e4000 JavaThread "Unconstrained build operations Thread 76" [_thread_blocked, id=7528, stack(0x000000b3e8400000,0x000000b3e8500000)]
  0x00000245908e5000 JavaThread "Unconstrained build operations Thread 77" [_thread_blocked, id=6696, stack(0x000000b3e8500000,0x000000b3e8600000)]
  0x00000245908e1800 JavaThread "Unconstrained build operations Thread 78" [_thread_blocked, id=3276, stack(0x000000b3e8600000,0x000000b3e8700000)]
  0x00000245908e5800 JavaThread "Unconstrained build operations Thread 79" [_thread_blocked, id=11692, stack(0x000000b3e8700000,0x000000b3e8800000)]
  0x00000245908e0000 JavaThread "Unconstrained build operations Thread 80" [_thread_blocked, id=10128, stack(0x000000b3e8800000,0x000000b3e8900000)]
  0x00000245908e6800 JavaThread "build event listener" [_thread_blocked, id=1276, stack(0x000000b3e8900000,0x000000b3e8a00000)]
  0x00000245908e2800 JavaThread "Execution worker for ':'" [_thread_blocked, id=11324, stack(0x000000b3e8a00000,0x000000b3e8b00000)]
  0x0000024592bc3800 JavaThread "Execution worker for ':' Thread 2" [_thread_blocked, id=9588, stack(0x000000b3e9100000,0x000000b3e9200000)]
  0x0000024592bc2000 JavaThread "Execution worker for ':' Thread 3" [_thread_blocked, id=11240, stack(0x000000b3e9200000,0x000000b3e9300000)]
  0x0000024592bc4800 JavaThread "Execution worker for ':' Thread 4" [_thread_blocked, id=3340, stack(0x000000b3e9300000,0x000000b3e9400000)]
  0x0000024592bc1000 JavaThread "Execution worker for ':' Thread 5" [_thread_blocked, id=11148, stack(0x000000b3e9400000,0x000000b3e9500000)]
  0x0000024592bc7800 JavaThread "Execution worker for ':' Thread 6" [_thread_blocked, id=4588, stack(0x000000b3e9500000,0x000000b3e9600000)]
  0x0000024592bc8800 JavaThread "Execution worker for ':' Thread 7" [_thread_blocked, id=11276, stack(0x000000b3e9600000,0x000000b3e9700000)]
  0x0000024592bc2800 JavaThread "Cache worker for execution history cache (D:\NotesApp\.gradle\7.2\executionHistory)" [_thread_blocked, id=6788, stack(0x000000b3e9700000,0x000000b3e9800000)]
  0x0000024592bc6000 JavaThread "WorkerExecutor Queue" [_thread_blocked, id=9012, stack(0x000000b3e9800000,0x000000b3e9900000)]
  0x0000024592bc6800 JavaThread "WorkerExecutor Queue Thread 2" [_thread_blocked, id=11076, stack(0x000000b3e9900000,0x000000b3e9a00000)]
  0x0000024592bc9000 JavaThread "WorkerExecutor Queue Thread 3" [_thread_blocked, id=9256, stack(0x000000b3e9b00000,0x000000b3e9c00000)]
  0x0000024592bca000 JavaThread "WorkerExecutor Queue Thread 4" [_thread_blocked, id=7724, stack(0x000000b3e9f00000,0x000000b3ea000000)]
  0x0000024592bcb000 JavaThread "pool-6-thread-1" [_thread_blocked, id=6060, stack(0x000000b3ea000000,0x000000b3ea100000)]
  0x0000024592bc5000 JavaThread "stderr" [_thread_in_native, id=7120, stack(0x000000b3ea100000,0x000000b3ea200000)]
  0x0000024592bcb800 JavaThread "stdout" [_thread_in_native, id=10928, stack(0x000000b3ea200000,0x000000b3ea300000)]

Other Threads:
  0x00000245f9d93800 VMThread "VM Thread" [stack: 0x000000b3e0c00000,0x000000b3e0d00000] [id=6376]
  0x00000245fa885800 WatcherThread [stack: 0x000000b3e1600000,0x000000b3e1700000] [id=4824]
  0x00000245ee939800 GCTaskThread "GC Thread#0" [stack: 0x000000b3e0700000,0x000000b3e0800000] [id=11944]
  0x00000245fb722800 GCTaskThread "GC Thread#1" [stack: 0x000000b3e1900000,0x000000b3e1a00000] [id=12056]
  0x00000245fb6eb800 GCTaskThread "GC Thread#2" [stack: 0x000000b3e1a00000,0x000000b3e1b00000] [id=10712]
  0x00000245fb786800 GCTaskThread "GC Thread#3" [stack: 0x000000b3e2400000,0x000000b3e2500000] [id=11192]
  0x00000245fb787800 GCTaskThread "GC Thread#4" [stack: 0x000000b3e2500000,0x000000b3e2600000] [id=11428]
  0x00000245fd86c800 GCTaskThread "GC Thread#5" [stack: 0x000000b3e2600000,0x000000b3e2700000] [id=1968]
  0x00000245fd86d800 GCTaskThread "GC Thread#6" [stack: 0x000000b3e2700000,0x000000b3e2800000] [id=3192]
  0x00000245fd263800 GCTaskThread "GC Thread#7" [stack: 0x000000b3e2800000,0x000000b3e2900000] [id=11672]
  0x00000245ee96c800 ConcurrentGCThread "G1 Main Marker" [stack: 0x000000b3e0800000,0x000000b3e0900000] [id=1260]
  0x00000245ee96d800 ConcurrentGCThread "G1 Conc#0" [stack: 0x000000b3e0900000,0x000000b3e0a00000] [id=2284]
  0x00000245fc223000 ConcurrentGCThread "G1 Conc#1" [stack: 0x000000b3e2c00000,0x000000b3e2d00000] [id=10952]
  0x00000245f9be2800 ConcurrentGCThread "G1 Refine#0" [stack: 0x000000b3e0a00000,0x000000b3e0b00000] [id=7936]
  0x00000245ee9ed800 ConcurrentGCThread "G1 Young RemSet Sampling" [stack: 0x000000b3e0b00000,0x000000b3e0c00000] [id=1440]

Threads with active compile tasks:
C2 CompilerThread1 167226 20434       4       java.lang.String::split (324 bytes)

VM state:not at safepoint (normal execution)

VM Mutex/Monitor currently owned by a thread: None

Heap address: 0x0000000080000000, size: 2048 MB, Compressed Oops mode: 32-bit
Narrow klass base: 0x0000000000000000, Narrow klass shift: 3
Compressed class space size: 1073741824 Address: 0x0000000100000000

Heap:
 garbage-first heap   total 225280K, used 149812K [0x0000000080000000, 0x0000000100000000)
  region size 1024K, 10 young (10240K), 4 survivors (4096K)
 Metaspace       used 134066K, capacity 137781K, committed 137936K, reserved 1169408K
  class space    used 16923K, capacity 18326K, committed 18432K, reserved 1048576K
Heap Regions: E=young(eden), S=young(survivor), O=old, HS=humongous(starts), HC=humongous(continues), CS=collection set, F=free, A=archive, TAMS=top-at-mark-start (previous, next)
|   0|0x0000000080000000, 0x0000000080100000, 0x0000000080100000|100%| O|  |TAMS 0x0000000080100000, 0x0000000080000000| Untracked 
|   1|0x0000000080100000, 0x0000000080200000, 0x0000000080200000|100%| O|  |TAMS 0x0000000080200000, 0x0000000080100000| Untracked 
|   2|0x0000000080200000, 0x0000000080300000, 0x0000000080300000|100%| O|  |TAMS 0x0000000080300000, 0x0000000080200000| Untracked 
|   3|0x0000000080300000, 0x0000000080400000, 0x0000000080400000|100%|HS|  |TAMS 0x0000000080400000, 0x0000000080300000| Complete 
|   4|0x0000000080400000, 0x0000000080500000, 0x0000000080500000|100%|HC|  |TAMS 0x0000000080500000, 0x0000000080400000| Complete 
|   5|0x0000000080500000, 0x0000000080600000, 0x0000000080600000|100%|HC|  |TAMS 0x0000000080600000, 0x0000000080500000| Complete 
|   6|0x0000000080600000, 0x0000000080700000, 0x0000000080700000|100%| O|  |TAMS 0x0000000080700000, 0x0000000080600000| Untracked 
|   7|0x0000000080700000, 0x0000000080800000, 0x0000000080800000|100%| O|  |TAMS 0x0000000080800000, 0x0000000080700000| Untracked 
|   8|0x0000000080800000, 0x0000000080900000, 0x0000000080900000|100%| O|  |TAMS 0x0000000080900000, 0x0000000080800000| Untracked 
|   9|0x0000000080900000, 0x0000000080a00000, 0x0000000080a00000|100%| O|  |TAMS 0x0000000080a00000, 0x0000000080900000| Complete 
|  10|0x0000000080a00000, 0x0000000080b00000, 0x0000000080b00000|100%| O|  |TAMS 0x0000000080b00000, 0x0000000080a00000| Untracked 
|  11|0x0000000080b00000, 0x0000000080c00000, 0x0000000080c00000|100%| O|  |TAMS 0x0000000080c00000, 0x0000000080b00000| Untracked 
|  12|0x0000000080c00000, 0x0000000080d00000, 0x0000000080d00000|100%| O|  |TAMS 0x0000000080d00000, 0x0000000080c00000| Untracked 
|  13|0x0000000080d00000, 0x0000000080e00000, 0x0000000080e00000|100%| O|  |TAMS 0x0000000080e00000, 0x0000000080d00000| Untracked 
|  14|0x0000000080e00000, 0x0000000080f00000, 0x0000000080f00000|100%| O|  |TAMS 0x0000000080f00000, 0x0000000080e00000| Untracked 
|  15|0x0000000080f00000, 0x0000000081000000, 0x0000000081000000|100%| O|  |TAMS 0x0000000081000000, 0x0000000080f00000| Untracked 
|  16|0x0000000081000000, 0x0000000081100000, 0x0000000081100000|100%|HS|  |TAMS 0x0000000081100000, 0x0000000081000000| Complete 
|  17|0x0000000081100000, 0x0000000081200000, 0x0000000081200000|100%| O|  |TAMS 0x0000000081200000, 0x0000000081100000| Untracked 
|  18|0x0000000081200000, 0x0000000081300000, 0x0000000081300000|100%| O|  |TAMS 0x0000000081300000, 0x0000000081200000| Untracked 
|  19|0x0000000081300000, 0x0000000081400000, 0x0000000081400000|100%| O|  |TAMS 0x0000000081400000, 0x0000000081300000| Untracked 
|  20|0x0000000081400000, 0x0000000081500000, 0x0000000081500000|100%| O|  |TAMS 0x0000000081500000, 0x0000000081400000| Complete 
|  21|0x0000000081500000, 0x0000000081600000, 0x0000000081600000|100%| O|  |TAMS 0x0000000081600000, 0x0000000081500000| Untracked 
|  22|0x0000000081600000, 0x0000000081700000, 0x0000000081700000|100%| O|  |TAMS 0x0000000081700000, 0x0000000081600000| Untracked 
|  23|0x0000000081700000, 0x0000000081800000, 0x0000000081800000|100%| O|  |TAMS 0x0000000081800000, 0x0000000081700000| Untracked 
|  24|0x0000000081800000, 0x0000000081900000, 0x0000000081900000|100%| O|  |TAMS 0x0000000081900000, 0x0000000081800000| Untracked 
|  25|0x0000000081900000, 0x0000000081a00000, 0x0000000081a00000|100%| O|  |TAMS 0x0000000081a00000, 0x0000000081900000| Complete 
|  26|0x0000000081a00000, 0x0000000081b00000, 0x0000000081b00000|100%| O|  |TAMS 0x0000000081b00000, 0x0000000081a00000| Complete 
|  27|0x0000000081b00000, 0x0000000081c00000, 0x0000000081c00000|100%| O|  |TAMS 0x0000000081c00000, 0x0000000081b00000| Complete 
|  28|0x0000000081c00000, 0x0000000081d00000, 0x0000000081d00000|100%|HS|  |TAMS 0x0000000081d00000, 0x0000000081c00000| Complete 
|  29|0x0000000081d00000, 0x0000000081e00000, 0x0000000081e00000|100%|HS|  |TAMS 0x0000000081e00000, 0x0000000081d00000| Complete 
|  30|0x0000000081e00000, 0x0000000081f00000, 0x0000000081f00000|100%|HS|  |TAMS 0x0000000081f00000, 0x0000000081e00000| Complete 
|  31|0x0000000081f00000, 0x0000000082000000, 0x0000000082000000|100%|HS|  |TAMS 0x0000000082000000, 0x0000000081f00000| Complete 
|  32|0x0000000082000000, 0x0000000082100000, 0x0000000082100000|100%|HC|  |TAMS 0x0000000082100000, 0x0000000082000000| Complete 
|  33|0x0000000082100000, 0x0000000082200000, 0x0000000082200000|100%|HC|  |TAMS 0x0000000082200000, 0x0000000082100000| Complete 
|  34|0x0000000082200000, 0x0000000082300000, 0x0000000082300000|100%|HS|  |TAMS 0x0000000082300000, 0x0000000082200000| Complete 
|  35|0x0000000082300000, 0x0000000082400000, 0x0000000082400000|100%|HC|  |TAMS 0x0000000082400000, 0x0000000082300000| Complete 
|  36|0x0000000082400000, 0x0000000082400000, 0x0000000082500000|  0%| F|  |TAMS 0x0000000082400000, 0x0000000082400000| Untracked 
|  37|0x0000000082500000, 0x0000000082600000, 0x0000000082600000|100%| O|  |TAMS 0x0000000082600000, 0x0000000082500000| Untracked 
|  38|0x0000000082600000, 0x0000000082600000, 0x0000000082700000|  0%| F|  |TAMS 0x0000000082600000, 0x0000000082600000| Untracked 
|  39|0x0000000082700000, 0x0000000082800000, 0x0000000082800000|100%| O|  |TAMS 0x0000000082800000, 0x0000000082700000| Complete 
|  40|0x0000000082800000, 0x0000000082900000, 0x0000000082900000|100%| O|  |TAMS 0x0000000082900000, 0x0000000082800000| Untracked 
|  41|0x0000000082900000, 0x0000000082a00000, 0x0000000082a00000|100%| O|  |TAMS 0x0000000082a00000, 0x0000000082900000| Complete 
|  42|0x0000000082a00000, 0x0000000082b00000, 0x0000000082b00000|100%| O|  |TAMS 0x0000000082b00000, 0x0000000082a00000| Untracked 
|  43|0x0000000082b00000, 0x0000000082c00000, 0x0000000082c00000|100%| O|  |TAMS 0x0000000082c00000, 0x0000000082b00000| Complete 
|  44|0x0000000082c00000, 0x0000000082d00000, 0x0000000082d00000|100%| O|  |TAMS 0x0000000082d00000, 0x0000000082c00000| Untracked 
|  45|0x0000000082d00000, 0x0000000082e00000, 0x0000000082e00000|100%| O|  |TAMS 0x0000000082e00000, 0x0000000082d00000| Complete 
|  46|0x0000000082e00000, 0x0000000082f00000, 0x0000000082f00000|100%| O|  |TAMS 0x0000000082f00000, 0x0000000082e00000| Untracked 
|  47|0x0000000082f00000, 0x0000000083000000, 0x0000000083000000|100%| O|  |TAMS 0x0000000083000000, 0x0000000082f00000| Complete 
|  48|0x0000000083000000, 0x0000000083100000, 0x0000000083100000|100%| O|  |TAMS 0x0000000083100000, 0x0000000083000000| Untracked 
|  49|0x0000000083100000, 0x0000000083200000, 0x0000000083200000|100%| O|  |TAMS 0x0000000083200000, 0x0000000083100000| Untracked 
|  50|0x0000000083200000, 0x0000000083300000, 0x0000000083300000|100%| O|  |TAMS 0x0000000083300000, 0x0000000083200000| Untracked 
|  51|0x0000000083300000, 0x0000000083400000, 0x0000000083400000|100%| O|  |TAMS 0x0000000083400000, 0x0000000083300000| Untracked 
|  52|0x0000000083400000, 0x0000000083500000, 0x0000000083500000|100%| O|  |TAMS 0x0000000083500000, 0x0000000083400000| Untracked 
|  53|0x0000000083500000, 0x0000000083600000, 0x0000000083600000|100%| O|  |TAMS 0x0000000083600000, 0x0000000083500000| Complete 
|  54|0x0000000083600000, 0x0000000083700000, 0x0000000083700000|100%| O|  |TAMS 0x0000000083700000, 0x0000000083600000| Untracked 
|  55|0x0000000083700000, 0x0000000083800000, 0x0000000083800000|100%| O|  |TAMS 0x0000000083800000, 0x0000000083700000| Untracked 
|  56|0x0000000083800000, 0x0000000083900000, 0x0000000083900000|100%| O|  |TAMS 0x0000000083900000, 0x0000000083800000| Untracked 
|  57|0x0000000083900000, 0x0000000083a00000, 0x0000000083a00000|100%| O|  |TAMS 0x0000000083a00000, 0x0000000083900000| Untracked 
|  58|0x0000000083a00000, 0x0000000083b00000, 0x0000000083b00000|100%| O|  |TAMS 0x0000000083b00000, 0x0000000083a00000| Complete 
|  59|0x0000000083b00000, 0x0000000083c00000, 0x0000000083c00000|100%| O|  |TAMS 0x0000000083c00000, 0x0000000083b00000| Complete 
|  60|0x0000000083c00000, 0x0000000083d00000, 0x0000000083d00000|100%| O|  |TAMS 0x0000000083d00000, 0x0000000083c00000| Complete 
|  61|0x0000000083d00000, 0x0000000083e00000, 0x0000000083e00000|100%| O|  |TAMS 0x0000000083e00000, 0x0000000083d00000| Complete 
|  62|0x0000000083e00000, 0x0000000083f00000, 0x0000000083f00000|100%| O|  |TAMS 0x0000000083f00000, 0x0000000083e00000| Complete 
|  63|0x0000000083f00000, 0x0000000084000000, 0x0000000084000000|100%| O|  |TAMS 0x0000000084000000, 0x0000000083f00000| Complete 
|  64|0x0000000084000000, 0x0000000084100000, 0x0000000084100000|100%| O|  |TAMS 0x0000000084100000, 0x0000000084000000| Untracked 
|  65|0x0000000084100000, 0x000000008414d000, 0x0000000084200000| 30%| O|  |TAMS 0x000000008414d000, 0x0000000084100000| Untracked 
|  66|0x0000000084200000, 0x0000000084300000, 0x0000000084300000|100%| O|  |TAMS 0x0000000084300000, 0x0000000084200000| Untracked 
|  67|0x0000000084300000, 0x0000000084400000, 0x0000000084400000|100%| O|  |TAMS 0x0000000084400000, 0x0000000084300000| Untracked 
|  68|0x0000000084400000, 0x0000000084500000, 0x0000000084500000|100%| O|  |TAMS 0x0000000084500000, 0x0000000084400000| Complete 
|  69|0x0000000084500000, 0x0000000084500000, 0x0000000084600000|  0%| F|  |TAMS 0x0000000084500000, 0x0000000084500000| Untracked 
|  70|0x0000000084600000, 0x0000000084700000, 0x0000000084700000|100%| O|  |TAMS 0x0000000084700000, 0x0000000084600000| Complete 
|  71|0x0000000084700000, 0x0000000084800000, 0x0000000084800000|100%| O|  |TAMS 0x0000000084800000, 0x0000000084700000| Complete 
|  72|0x0000000084800000, 0x0000000084900000, 0x0000000084900000|100%| O|  |TAMS 0x0000000084900000, 0x0000000084800000| Complete 
|  73|0x0000000084900000, 0x0000000084a00000, 0x0000000084a00000|100%| O|  |TAMS 0x0000000084a00000, 0x0000000084900000| Complete 
|  74|0x0000000084a00000, 0x0000000084a00000, 0x0000000084b00000|  0%| F|  |TAMS 0x0000000084a00000, 0x0000000084a00000| Untracked 
|  75|0x0000000084b00000, 0x0000000084c00000, 0x0000000084c00000|100%| O|  |TAMS 0x0000000084c00000, 0x0000000084b00000| Complete 
|  76|0x0000000084c00000, 0x0000000084d00000, 0x0000000084d00000|100%| O|  |TAMS 0x0000000084d00000, 0x0000000084c00000| Untracked 
|  77|0x0000000084d00000, 0x0000000084e00000, 0x0000000084e00000|100%| O|  |TAMS 0x0000000084e00000, 0x0000000084d00000| Untracked 
|  78|0x0000000084e00000, 0x0000000084f00000, 0x0000000084f00000|100%| O|  |TAMS 0x0000000084f00000, 0x0000000084e00000| Complete 
|  79|0x0000000084f00000, 0x0000000085000000, 0x0000000085000000|100%| O|  |TAMS 0x0000000085000000, 0x0000000084f00000| Complete 
|  80|0x0000000085000000, 0x0000000085100000, 0x0000000085100000|100%| O|  |TAMS 0x0000000085100000, 0x0000000085000000| Untracked 
|  81|0x0000000085100000, 0x0000000085200000, 0x0000000085200000|100%| O|  |TAMS 0x0000000085200000, 0x0000000085100000| Untracked 
|  82|0x0000000085200000, 0x0000000085300000, 0x0000000085300000|100%| O|  |TAMS 0x0000000085300000, 0x0000000085200000| Complete 
|  83|0x0000000085300000, 0x0000000085400000, 0x0000000085400000|100%| O|  |TAMS 0x0000000085400000, 0x0000000085300000| Complete 
|  84|0x0000000085400000, 0x0000000085500000, 0x0000000085500000|100%| O|  |TAMS 0x0000000085500000, 0x0000000085400000| Untracked 
|  85|0x0000000085500000, 0x0000000085600000, 0x0000000085600000|100%| O|  |TAMS 0x0000000085600000, 0x0000000085500000| Complete 
|  86|0x0000000085600000, 0x0000000085700000, 0x0000000085700000|100%| O|  |TAMS 0x0000000085700000, 0x0000000085600000| Untracked 
|  87|0x0000000085700000, 0x0000000085800000, 0x0000000085800000|100%| O|  |TAMS 0x0000000085800000, 0x0000000085700000| Complete 
|  88|0x0000000085800000, 0x0000000085900000, 0x0000000085900000|100%| O|  |TAMS 0x0000000085900000, 0x0000000085800000| Untracked 
|  89|0x0000000085900000, 0x0000000085a00000, 0x0000000085a00000|100%| O|  |TAMS 0x0000000085a00000, 0x0000000085900000| Untracked 
|  90|0x0000000085a00000, 0x0000000085b00000, 0x0000000085b00000|100%| O|  |TAMS 0x0000000085b00000, 0x0000000085a00000| Complete 
|  91|0x0000000085b00000, 0x0000000085c00000, 0x0000000085c00000|100%| O|  |TAMS 0x0000000085c00000, 0x0000000085b00000| Complete 
|  92|0x0000000085c00000, 0x0000000085d00000, 0x0000000085d00000|100%| O|  |TAMS 0x0000000085d00000, 0x0000000085c00000| Complete 
|  93|0x0000000085d00000, 0x0000000085e00000, 0x0000000085e00000|100%| O|  |TAMS 0x0000000085e00000, 0x0000000085d00000| Complete 
|  94|0x0000000085e00000, 0x0000000085f00000, 0x0000000085f00000|100%| O|  |TAMS 0x0000000085f00000, 0x0000000085e00000| Complete 
|  95|0x0000000085f00000, 0x0000000086000000, 0x0000000086000000|100%| O|  |TAMS 0x0000000086000000, 0x0000000085f00000| Complete 
|  96|0x0000000086000000, 0x0000000086100000, 0x0000000086100000|100%| O|  |TAMS 0x0000000086100000, 0x0000000086000000| Complete 
|  97|0x0000000086100000, 0x0000000086200000, 0x0000000086200000|100%| O|  |TAMS 0x0000000086200000, 0x0000000086100000| Complete 
|  98|0x0000000086200000, 0x0000000086300000, 0x0000000086300000|100%| O|  |TAMS 0x0000000086300000, 0x0000000086200000| Untracked 
|  99|0x0000000086300000, 0x0000000086400000, 0x0000000086400000|100%| O|  |TAMS 0x0000000086400000, 0x0000000086300000| Complete 
| 100|0x0000000086400000, 0x0000000086500000, 0x0000000086500000|100%| O|  |TAMS 0x0000000086500000, 0x0000000086400000| Complete 
| 101|0x0000000086500000, 0x0000000086600000, 0x0000000086600000|100%| O|  |TAMS 0x0000000086600000, 0x0000000086500000| Untracked 
| 102|0x0000000086600000, 0x0000000086700000, 0x0000000086700000|100%| O|  |TAMS 0x0000000086700000, 0x0000000086600000| Untracked 
| 103|0x0000000086700000, 0x0000000086800000, 0x0000000086800000|100%| O|  |TAMS 0x0000000086800000, 0x0000000086700000| Untracked 
| 104|0x0000000086800000, 0x0000000086900000, 0x0000000086900000|100%|HS|  |TAMS 0x0000000086900000, 0x0000000086800000| Complete 
| 105|0x0000000086900000, 0x0000000086a00000, 0x0000000086a00000|100%|HC|  |TAMS 0x0000000086a00000, 0x0000000086900000| Complete 
| 106|0x0000000086a00000, 0x0000000086b00000, 0x0000000086b00000|100%|HC|  |TAMS 0x0000000086b00000, 0x0000000086a00000| Complete 
| 107|0x0000000086b00000, 0x0000000086c00000, 0x0000000086c00000|100%| O|  |TAMS 0x0000000086c00000, 0x0000000086b00000| Complete 
| 108|0x0000000086c00000, 0x0000000086c00000, 0x0000000086d00000|  0%| F|  |TAMS 0x0000000086c00000, 0x0000000086c00000| Untracked 
| 109|0x0000000086d00000, 0x0000000086e00000, 0x0000000086e00000|100%| O|  |TAMS 0x0000000086e00000, 0x0000000086d00000| Complete 
| 110|0x0000000086e00000, 0x0000000086f00000, 0x0000000086f00000|100%| O|  |TAMS 0x0000000086f00000, 0x0000000086e00000| Untracked 
| 111|0x0000000086f00000, 0x0000000087000000, 0x0000000087000000|100%| O|  |TAMS 0x0000000087000000, 0x0000000086f00000| Complete 
| 112|0x0000000087000000, 0x0000000087100000, 0x0000000087100000|100%| O|  |TAMS 0x0000000087100000, 0x0000000087000000| Complete 
| 113|0x0000000087100000, 0x0000000087200000, 0x0000000087200000|100%| O|  |TAMS 0x0000000087200000, 0x0000000087100000| Complete 
| 114|0x0000000087200000, 0x0000000087300000, 0x0000000087300000|100%| O|  |TAMS 0x0000000087300000, 0x0000000087200000| Complete 
| 115|0x0000000087300000, 0x0000000087400000, 0x0000000087400000|100%| O|  |TAMS 0x0000000087400000, 0x0000000087300000| Untracked 
| 116|0x0000000087400000, 0x0000000087500000, 0x0000000087500000|100%| O|  |TAMS 0x0000000087500000, 0x0000000087400000| Untracked 
| 117|0x0000000087500000, 0x0000000087500000, 0x0000000087600000|  0%| F|  |TAMS 0x0000000087500000, 0x0000000087500000| Untracked 
| 118|0x0000000087600000, 0x0000000087700000, 0x0000000087700000|100%| O|  |TAMS 0x0000000087700000, 0x0000000087600000| Complete 
| 119|0x0000000087700000, 0x0000000087700000, 0x0000000087800000|  0%| F|  |TAMS 0x0000000087700000, 0x0000000087700000| Untracked 
| 120|0x0000000087800000, 0x0000000087900000, 0x0000000087900000|100%| O|  |TAMS 0x0000000087900000, 0x0000000087800000| Untracked 
| 121|0x0000000087900000, 0x0000000087a00000, 0x0000000087a00000|100%| O|  |TAMS 0x0000000087a00000, 0x0000000087900000| Complete 
| 122|0x0000000087a00000, 0x0000000087b00000, 0x0000000087b00000|100%| O|  |TAMS 0x0000000087b00000, 0x0000000087a00000| Complete 
| 123|0x0000000087b00000, 0x0000000087c00000, 0x0000000087c00000|100%| O|  |TAMS 0x0000000087c00000, 0x0000000087b00000| Complete 
| 124|0x0000000087c00000, 0x0000000087c00000, 0x0000000087d00000|  0%| F|  |TAMS 0x0000000087c00000, 0x0000000087c00000| Untracked 
| 125|0x0000000087d00000, 0x0000000087d00000, 0x0000000087e00000|  0%| F|  |TAMS 0x0000000087d00000, 0x0000000087d00000| Untracked 
| 126|0x0000000087e00000, 0x0000000087f00000, 0x0000000087f00000|100%| O|  |TAMS 0x0000000087f00000, 0x0000000087e00000| Untracked 
| 127|0x0000000087f00000, 0x0000000088000000, 0x0000000088000000|100%| O|  |TAMS 0x0000000088000000, 0x0000000087f00000| Untracked 
| 128|0x0000000088000000, 0x0000000088000000, 0x0000000088100000|  0%| F|  |TAMS 0x0000000088000000, 0x0000000088000000| Untracked 
| 129|0x0000000088100000, 0x0000000088200000, 0x0000000088200000|100%| O|  |TAMS 0x0000000088200000, 0x0000000088100000| Complete 
| 130|0x0000000088200000, 0x0000000088300000, 0x0000000088300000|100%| O|  |TAMS 0x0000000088300000, 0x0000000088200000| Complete 
| 131|0x0000000088300000, 0x0000000088300000, 0x0000000088400000|  0%| F|  |TAMS 0x0000000088300000, 0x0000000088300000| Untracked 
| 132|0x0000000088400000, 0x0000000088400000, 0x0000000088500000|  0%| F|  |TAMS 0x0000000088400000, 0x0000000088400000| Untracked 
| 133|0x0000000088500000, 0x0000000088500000, 0x0000000088600000|  0%| F|  |TAMS 0x0000000088500000, 0x0000000088500000| Untracked 
| 134|0x0000000088600000, 0x0000000088600000, 0x0000000088700000|  0%| F|  |TAMS 0x0000000088600000, 0x0000000088600000| Untracked 
| 135|0x0000000088700000, 0x0000000088800000, 0x0000000088800000|100%| O|  |TAMS 0x0000000088800000, 0x0000000088700000| Complete 
| 136|0x0000000088800000, 0x0000000088900000, 0x0000000088900000|100%| O|  |TAMS 0x0000000088900000, 0x0000000088800000| Complete 
| 137|0x0000000088900000, 0x0000000088a00000, 0x0000000088a00000|100%| O|  |TAMS 0x0000000088a00000, 0x0000000088900000| Complete 
| 138|0x0000000088a00000, 0x0000000088a00000, 0x0000000088b00000|  0%| F|  |TAMS 0x0000000088a00000, 0x0000000088a00000| Untracked 
| 139|0x0000000088b00000, 0x0000000088c00000, 0x0000000088c00000|100%| O|  |TAMS 0x0000000088c00000, 0x0000000088b00000| Untracked 
| 140|0x0000000088c00000, 0x0000000088c00000, 0x0000000088d00000|  0%| F|  |TAMS 0x0000000088c00000, 0x0000000088c00000| Untracked 
| 141|0x0000000088d00000, 0x0000000088d00000, 0x0000000088e00000|  0%| F|  |TAMS 0x0000000088d00000, 0x0000000088d00000| Untracked 
| 142|0x0000000088e00000, 0x0000000088e00000, 0x0000000088f00000|  0%| F|  |TAMS 0x0000000088e00000, 0x0000000088e00000| Untracked 
| 143|0x0000000088f00000, 0x0000000088f00000, 0x0000000089000000|  0%| F|  |TAMS 0x0000000088f00000, 0x0000000088f00000| Untracked 
| 144|0x0000000089000000, 0x0000000089000000, 0x0000000089100000|  0%| F|  |TAMS 0x0000000089000000, 0x0000000089000000| Untracked 
| 145|0x0000000089100000, 0x0000000089200000, 0x0000000089200000|100%| O|  |TAMS 0x0000000089200000, 0x0000000089100000| Complete 
| 146|0x0000000089200000, 0x0000000089200000, 0x0000000089300000|  0%| F|  |TAMS 0x0000000089200000, 0x0000000089200000| Untracked 
| 147|0x0000000089300000, 0x0000000089300000, 0x0000000089400000|  0%| F|  |TAMS 0x0000000089300000, 0x0000000089300000| Untracked 
| 148|0x0000000089400000, 0x0000000089400000, 0x0000000089500000|  0%| F|  |TAMS 0x0000000089400000, 0x0000000089400000| Untracked 
| 149|0x0000000089500000, 0x0000000089500000, 0x0000000089600000|  0%| F|  |TAMS 0x0000000089500000, 0x0000000089500000| Untracked 
| 150|0x0000000089600000, 0x0000000089600000, 0x0000000089700000|  0%| F|  |TAMS 0x0000000089600000, 0x0000000089600000| Untracked 
| 151|0x0000000089700000, 0x0000000089700000, 0x0000000089800000|  0%| F|  |TAMS 0x0000000089700000, 0x0000000089700000| Untracked 
| 152|0x0000000089800000, 0x0000000089900000, 0x0000000089900000|100%| O|  |TAMS 0x0000000089900000, 0x0000000089800000| Complete 
| 153|0x0000000089900000, 0x0000000089a00000, 0x0000000089a00000|100%| O|  |TAMS 0x0000000089a00000, 0x0000000089900000| Complete 
| 154|0x0000000089a00000, 0x0000000089b00000, 0x0000000089b00000|100%| O|  |TAMS 0x0000000089b00000, 0x0000000089a00000| Complete 
| 155|0x0000000089b00000, 0x0000000089c00000, 0x0000000089c00000|100%| O|  |TAMS 0x0000000089c00000, 0x0000000089b00000| Complete 
| 156|0x0000000089c00000, 0x0000000089d00000, 0x0000000089d00000|100%| O|  |TAMS 0x0000000089d00000, 0x0000000089c00000| Untracked 
| 157|0x0000000089d00000, 0x0000000089e00000, 0x0000000089e00000|100%| O|  |TAMS 0x0000000089e00000, 0x0000000089d00000| Untracked 
| 158|0x0000000089e00000, 0x0000000089f00000, 0x0000000089f00000|100%| O|  |TAMS 0x0000000089f00000, 0x0000000089e00000| Untracked 
| 159|0x0000000089f00000, 0x000000008a000000, 0x000000008a000000|100%| O|  |TAMS 0x000000008a000000, 0x0000000089f00000| Untracked 
| 160|0x000000008a000000, 0x000000008a000000, 0x000000008a100000|  0%| F|  |TAMS 0x000000008a000000, 0x000000008a000000| Untracked 
| 161|0x000000008a100000, 0x000000008a200000, 0x000000008a200000|100%| O|  |TAMS 0x000000008a200000, 0x000000008a100000| Untracked 
| 162|0x000000008a200000, 0x000000008a300000, 0x000000008a300000|100%| O|  |TAMS 0x000000008a300000, 0x000000008a200000| Untracked 
| 163|0x000000008a300000, 0x000000008a400000, 0x000000008a400000|100%| O|  |TAMS 0x000000008a400000, 0x000000008a300000| Untracked 
| 164|0x000000008a400000, 0x000000008a500000, 0x000000008a500000|100%| O|  |TAMS 0x000000008a500000, 0x000000008a400000| Complete 
| 165|0x000000008a500000, 0x000000008a500000, 0x000000008a600000|  0%| F|  |TAMS 0x000000008a500000, 0x000000008a500000| Untracked 
| 166|0x000000008a600000, 0x000000008a700000, 0x000000008a700000|100%| O|  |TAMS 0x000000008a700000, 0x000000008a600000| Complete 
| 167|0x000000008a700000, 0x000000008a700000, 0x000000008a800000|  0%| F|  |TAMS 0x000000008a700000, 0x000000008a700000| Untracked 
| 168|0x000000008a800000, 0x000000008a800000, 0x000000008a900000|  0%| F|  |TAMS 0x000000008a800000, 0x000000008a800000| Untracked 
| 169|0x000000008a900000, 0x000000008a900000, 0x000000008aa00000|  0%| F|  |TAMS 0x000000008a900000, 0x000000008a900000| Untracked 
| 170|0x000000008aa00000, 0x000000008aa00000, 0x000000008ab00000|  0%| F|  |TAMS 0x000000008aa00000, 0x000000008aa00000| Untracked 
| 171|0x000000008ab00000, 0x000000008ab00000, 0x000000008ac00000|  0%| F|  |TAMS 0x000000008ab00000, 0x000000008ab00000| Untracked 
| 172|0x000000008ac00000, 0x000000008ac00000, 0x000000008ad00000|  0%| F|  |TAMS 0x000000008ac00000, 0x000000008ac00000| Untracked 
| 173|0x000000008ad00000, 0x000000008ad00000, 0x000000008ae00000|  0%| F|  |TAMS 0x000000008ad00000, 0x000000008ad00000| Untracked 
| 174|0x000000008ae00000, 0x000000008ae00000, 0x000000008af00000|  0%| F|  |TAMS 0x000000008ae00000, 0x000000008ae00000| Untracked 
| 175|0x000000008af00000, 0x000000008af00000, 0x000000008b000000|  0%| F|  |TAMS 0x000000008af00000, 0x000000008af00000| Untracked 
| 176|0x000000008b000000, 0x000000008b000000, 0x000000008b100000|  0%| F|  |TAMS 0x000000008b000000, 0x000000008b000000| Untracked 
| 177|0x000000008b100000, 0x000000008b100000, 0x000000008b200000|  0%| F|  |TAMS 0x000000008b100000, 0x000000008b100000| Untracked 
| 178|0x000000008b200000, 0x000000008b200000, 0x000000008b300000|  0%| F|  |TAMS 0x000000008b200000, 0x000000008b200000| Untracked 
| 179|0x000000008b300000, 0x000000008b300000, 0x000000008b400000|  0%| F|  |TAMS 0x000000008b300000, 0x000000008b300000| Untracked 
| 180|0x000000008b400000, 0x000000008b400000, 0x000000008b500000|  0%| F|  |TAMS 0x000000008b400000, 0x000000008b400000| Untracked 
| 181|0x000000008b500000, 0x000000008b500000, 0x000000008b600000|  0%| F|  |TAMS 0x000000008b500000, 0x000000008b500000| Untracked 
| 182|0x000000008b600000, 0x000000008b600000, 0x000000008b700000|  0%| F|  |TAMS 0x000000008b600000, 0x000000008b600000| Untracked 
| 183|0x000000008b700000, 0x000000008b700000, 0x000000008b800000|  0%| F|  |TAMS 0x000000008b700000, 0x000000008b700000| Untracked 
| 184|0x000000008b800000, 0x000000008b800000, 0x000000008b900000|  0%| F|  |TAMS 0x000000008b800000, 0x000000008b800000| Untracked 
| 185|0x000000008b900000, 0x000000008b900000, 0x000000008ba00000|  0%| F|  |TAMS 0x000000008b900000, 0x000000008b900000| Untracked 
| 186|0x000000008ba00000, 0x000000008ba00000, 0x000000008bb00000|  0%| F|  |TAMS 0x000000008ba00000, 0x000000008ba00000| Untracked 
| 187|0x000000008bb00000, 0x000000008bc00000, 0x000000008bc00000|100%| S|CS|TAMS 0x000000008bb00000, 0x000000008bb00000| Complete 
| 188|0x000000008bc00000, 0x000000008bd00000, 0x000000008bd00000|100%| S|CS|TAMS 0x000000008bc00000, 0x000000008bc00000| Complete 
| 189|0x000000008bd00000, 0x000000008be00000, 0x000000008be00000|100%| S|CS|TAMS 0x000000008bd00000, 0x000000008bd00000| Complete 
| 190|0x000000008be00000, 0x000000008bf00000, 0x000000008bf00000|100%| S|CS|TAMS 0x000000008be00000, 0x000000008be00000| Complete 
| 191|0x000000008bf00000, 0x000000008bf00000, 0x000000008c000000|  0%| F|  |TAMS 0x000000008bf00000, 0x000000008bf00000| Untracked 
| 192|0x000000008c000000, 0x000000008c000000, 0x000000008c100000|  0%| F|  |TAMS 0x000000008c000000, 0x000000008c000000| Untracked 
| 193|0x000000008c100000, 0x000000008c100000, 0x000000008c200000|  0%| F|  |TAMS 0x000000008c100000, 0x000000008c100000| Untracked 
| 194|0x000000008c200000, 0x000000008c200000, 0x000000008c300000|  0%| F|  |TAMS 0x000000008c200000, 0x000000008c200000| Untracked 
| 195|0x000000008c300000, 0x000000008c300000, 0x000000008c400000|  0%| F|  |TAMS 0x000000008c300000, 0x000000008c300000| Untracked 
| 196|0x000000008c400000, 0x000000008c400000, 0x000000008c500000|  0%| F|  |TAMS 0x000000008c400000, 0x000000008c400000| Untracked 
| 197|0x000000008c500000, 0x000000008c500000, 0x000000008c600000|  0%| F|  |TAMS 0x000000008c500000, 0x000000008c500000| Untracked 
| 198|0x000000008c600000, 0x000000008c600000, 0x000000008c700000|  0%| F|  |TAMS 0x000000008c600000, 0x000000008c600000| Untracked 
| 199|0x000000008c700000, 0x000000008c700000, 0x000000008c800000|  0%| F|  |TAMS 0x000000008c700000, 0x000000008c700000| Untracked 
| 200|0x000000008c800000, 0x000000008c800000, 0x000000008c900000|  0%| F|  |TAMS 0x000000008c800000, 0x000000008c800000| Untracked 
| 201|0x000000008c900000, 0x000000008c900000, 0x000000008ca00000|  0%| F|  |TAMS 0x000000008c900000, 0x000000008c900000| Untracked 
| 202|0x000000008ca00000, 0x000000008ca00000, 0x000000008cb00000|  0%| F|  |TAMS 0x000000008ca00000, 0x000000008ca00000| Untracked 
| 203|0x000000008cb00000, 0x000000008cb00000, 0x000000008cc00000|  0%| F|  |TAMS 0x000000008cb00000, 0x000000008cb00000| Untracked 
| 204|0x000000008cc00000, 0x000000008cc00000, 0x000000008cd00000|  0%| F|  |TAMS 0x000000008cc00000, 0x000000008cc00000| Untracked 
| 205|0x000000008cd00000, 0x000000008cd00000, 0x000000008ce00000|  0%| F|  |TAMS 0x000000008cd00000, 0x000000008cd00000| Untracked 
| 206|0x000000008ce00000, 0x000000008ce00000, 0x000000008cf00000|  0%| F|  |TAMS 0x000000008ce00000, 0x000000008ce00000| Untracked 
| 207|0x000000008cf00000, 0x000000008cf00000, 0x000000008d000000|  0%| F|  |TAMS 0x000000008cf00000, 0x000000008cf00000| Untracked 
| 208|0x000000008d000000, 0x000000008d000000, 0x000000008d100000|  0%| F|  |TAMS 0x000000008d000000, 0x000000008d000000| Untracked 
| 209|0x000000008d100000, 0x000000008d100000, 0x000000008d200000|  0%| F|  |TAMS 0x000000008d100000, 0x000000008d100000| Untracked 
| 210|0x000000008d200000, 0x000000008d200000, 0x000000008d300000|  0%| F|  |TAMS 0x000000008d200000, 0x000000008d200000| Untracked 
| 211|0x000000008d300000, 0x000000008d300000, 0x000000008d400000|  0%| F|  |TAMS 0x000000008d300000, 0x000000008d300000| Untracked 
| 212|0x000000008d400000, 0x000000008d400000, 0x000000008d500000|  0%| F|  |TAMS 0x000000008d400000, 0x000000008d400000| Untracked 
| 213|0x000000008d500000, 0x000000008d500000, 0x000000008d600000|  0%| F|  |TAMS 0x000000008d500000, 0x000000008d500000| Untracked 
| 214|0x000000008d600000, 0x000000008d611a38, 0x000000008d700000|  6%| E|  |TAMS 0x000000008d600000, 0x000000008d600000| Complete 
| 215|0x000000008d700000, 0x000000008d800000, 0x000000008d800000|100%| E|CS|TAMS 0x000000008d700000, 0x000000008d700000| Complete 
| 216|0x000000008d800000, 0x000000008d900000, 0x000000008d900000|100%| E|CS|TAMS 0x000000008d800000, 0x000000008d800000| Complete 
| 217|0x000000008d900000, 0x000000008da00000, 0x000000008da00000|100%| E|CS|TAMS 0x000000008d900000, 0x000000008d900000| Complete 
| 218|0x000000008da00000, 0x000000008db00000, 0x000000008db00000|100%| E|CS|TAMS 0x000000008da00000, 0x000000008da00000| Complete 
| 219|0x000000008db00000, 0x000000008dbfffd0, 0x000000008dc00000| 99%| E|  |TAMS 0x000000008db00000, 0x000000008db00000| Complete 

Card table byte_map: [0x00000245f2b40000,0x00000245f2f40000] _byte_map_base: 0x00000245f2740000

Marking Bits (Prev, Next): (CMBitMap*) 0x00000245ee9637e8, (CMBitMap*) 0x00000245ee963820
 Prev Bits: [0x00000245f3340000, 0x00000245f5340000)
 Next Bits: [0x00000245f5340000, 0x00000245f7340000)

Polling page: 0x00000245ec910000

Metaspace:

Usage:
  Non-class:    116.66 MB capacity,   114.40 MB ( 98%) used,     1.82 MB (  2%) free+waste,   443.50 KB ( <1%) overhead. 
      Class:     17.90 MB capacity,    16.53 MB ( 92%) used,     1.18 MB (  7%) free+waste,   197.25 KB (  1%) overhead. 
       Both:    134.55 MB capacity,   130.92 MB ( 97%) used,     3.00 MB (  2%) free+waste,   640.75 KB ( <1%) overhead. 

Virtual space:
  Non-class space:      118.00 MB reserved,     116.70 MB ( 99%) committed 
      Class space:        1.00 GB reserved,      18.00 MB (  2%) committed 
             Both:        1.12 GB reserved,     134.70 MB ( 12%) committed 

Chunk freelists:
   Non-Class:  49.00 KB
       Class:  74.00 KB
        Both:  123.00 KB

MaxMetaspaceSize: 17179869184.00 GB
CompressedClassSpaceSize: 1.00 GB

CodeHeap 'non-profiled nmethods': size=120000Kb used=11600Kb max_used=11902Kb free=108399Kb
 bounds [0x0000024587ad0000, 0x0000024588680000, 0x000002458f000000]
CodeHeap 'profiled nmethods': size=120000Kb used=42751Kb max_used=43449Kb free=77248Kb
 bounds [0x00000245805a0000, 0x0000024583030000, 0x0000024587ad0000]
CodeHeap 'non-nmethods': size=5760Kb used=2406Kb max_used=2454Kb free=3353Kb
 bounds [0x0000024580000000, 0x0000024580270000, 0x00000245805a0000]
 total_blobs=20139 nmethods=19109 adapters=940
 compilation: enabled
              stopped_count=0, restarted_count=0
 full_count=0

Compilation events (20 events):
Event: 167.126 Thread 0x00000245f9dba800 nmethod 19907 0x0000024587ba0790 code [0x0000024587ba0940, 0x0000024587ba0b58]
Event: 167.126 Thread 0x00000245f9dba800 19893       4       org.apache.xerces.dom.NodeImpl::isNormalized (56 bytes)
Event: 167.127 Thread 0x00000245f9dba800 nmethod 19893 0x0000024587ba0490 code [0x0000024587ba0620, 0x0000024587ba06d8]
Event: 167.127 Thread 0x00000245f9dba800 19923       4       org.apache.xerces.dom.DeferredDocumentImpl::getNodeObject (511 bytes)
Event: 167.147 Thread 0x00000245f9dba800 nmethod 19923 0x0000024587b9ee10 code [0x0000024587b9f000, 0x0000024587b9fff8]
Event: 167.147 Thread 0x00000245f9dba800 19922       4       org.apache.xerces.dom.DeferredDocumentImpl::getNodeExtra (49 bytes)
Event: 167.149 Thread 0x00000245f9dba800 nmethod 19922 0x0000024587b9e690 code [0x0000024587b9e840, 0x0000024587b9ea58]
Event: 167.149 Thread 0x00000245f9dba800 19883       4       org.apache.xerces.dom.AttrImpl::getValue (176 bytes)
Event: 167.161 Thread 0x00000245f9dba800 nmethod 19883 0x0000024587ba6a10 code [0x0000024587ba6c20, 0x0000024587ba7618]
Event: 167.161 Thread 0x00000245f9dba800 19952       4       com.android.ide.common.resources.NodeUtils::processSingleNodeNamespace (107 bytes)
Event: 167.173 Thread 0x00000245f9dba800 nmethod 19952 0x0000024587bc6110 code [0x0000024587bc6360, 0x0000024587bc6c90]
Event: 167.173 Thread 0x00000245f9dba800 19908       4       org.apache.xerces.dom.NodeImpl::isSpecified (28 bytes)
Event: 167.173 Thread 0x00000245f9dba800 nmethod 19908 0x0000024587ba6710 code [0x0000024587ba68a0, 0x0000024587ba6938]
Event: 167.173 Thread 0x00000245f9dba800 20424       4       java.util.ArrayList::rangeCheckForAdd (26 bytes)
Event: 167.174 Thread 0x00000245f9dba800 nmethod 20424 0x0000024587ba6410 code [0x0000024587ba65a0, 0x0000024587ba6638]
Event: 167.174 Thread 0x00000245f9dba800 19888       4       java.util.ArrayList::add (65 bytes)
Event: 167.181 Thread 0x00000245f9dba800 nmethod 19888 0x0000024587baa410 code [0x0000024587baa5c0, 0x0000024587baac98]
Event: 167.181 Thread 0x00000245f9dba800 19899       4       org.apache.xerces.dom.DocumentImpl::setAttrNode (40 bytes)
Event: 167.182 Thread 0x00000245f9dba800 nmethod 19899 0x0000024587ba6110 code [0x0000024587ba62a0, 0x0000024587ba6338]
Event: 167.182 Thread 0x00000245f9dba800 19898       4       org.apache.xerces.dom.AttributeMap::setNamedItem (314 bytes)

GC Heap History (20 events):
Event: 165.221 GC heap before
{Heap before GC invocations=60 (full 0):
 garbage-first heap   total 225280K, used 178113K [0x0000000080000000, 0x0000000100000000)
  region size 1024K, 43 young (44032K), 1 survivors (1024K)
 Metaspace       used 126250K, capacity 129894K, committed 130128K, reserved 1161216K
  class space    used 16078K, capacity 17414K, committed 17536K, reserved 1048576K
}
Event: 165.230 GC heap after
{Heap after GC invocations=61 (full 0):
 garbage-first heap   total 225280K, used 142168K [0x0000000080000000, 0x0000000100000000)
  region size 1024K, 6 young (6144K), 6 survivors (6144K)
 Metaspace       used 126250K, capacity 129894K, committed 130128K, reserved 1161216K
  class space    used 16078K, capacity 17414K, committed 17536K, reserved 1048576K
}
Event: 165.305 GC heap before
{Heap before GC invocations=61 (full 0):
 garbage-first heap   total 225280K, used 152408K [0x0000000080000000, 0x0000000100000000)
  region size 1024K, 18 young (18432K), 6 survivors (6144K)
 Metaspace       used 126342K, capacity 129999K, committed 130256K, reserved 1161216K
  class space    used 16087K, capacity 17447K, committed 17664K, reserved 1048576K
}
Event: 165.320 GC heap after
{Heap after GC invocations=62 (full 0):
 garbage-first heap   total 225280K, used 143727K [0x0000000080000000, 0x0000000100000000)
  region size 1024K, 2 young (2048K), 2 survivors (2048K)
 Metaspace       used 126342K, capacity 129999K, committed 130256K, reserved 1161216K
  class space    used 16087K, capacity 17447K, committed 17664K, reserved 1048576K
}
Event: 165.689 GC heap before
{Heap before GC invocations=63 (full 0):
 garbage-first heap   total 225280K, used 175471K [0x0000000080000000, 0x0000000100000000)
  region size 1024K, 32 young (32768K), 2 survivors (2048K)
 Metaspace       used 127508K, capacity 131138K, committed 131280K, reserved 1163264K
  class space    used 16209K, capacity 17551K, committed 17664K, reserved 1048576K
}
Event: 165.701 GC heap after
{Heap after GC invocations=64 (full 0):
 garbage-first heap   total 225280K, used 158662K [0x0000000080000000, 0x0000000100000000)
  region size 1024K, 4 young (4096K), 4 survivors (4096K)
 Metaspace       used 127508K, capacity 131138K, committed 131280K, reserved 1163264K
  class space    used 16209K, capacity 17551K, committed 17664K, reserved 1048576K
}
Event: 165.765 GC heap before
{Heap before GC invocations=64 (full 0):
 garbage-first heap   total 225280K, used 164806K [0x0000000080000000, 0x0000000100000000)
  region size 1024K, 11 young (11264K), 4 survivors (4096K)
 Metaspace       used 127944K, capacity 131622K, committed 131920K, reserved 1163264K
  class space    used 16255K, capacity 17585K, committed 17792K, reserved 1048576K
}
Event: 165.782 GC heap after
{Heap after GC invocations=65 (full 0):
 garbage-first heap   total 225280K, used 149425K [0x0000000080000000, 0x0000000100000000)
  region size 1024K, 2 young (2048K), 2 survivors (2048K)
 Metaspace       used 127944K, capacity 131622K, committed 131920K, reserved 1163264K
  class space    used 16255K, capacity 17585K, committed 17792K, reserved 1048576K
}
Event: 165.910 GC heap before
{Heap before GC invocations=65 (full 0):
 garbage-first heap   total 225280K, used 157617K [0x0000000080000000, 0x0000000100000000)
  region size 1024K, 11 young (11264K), 2 survivors (2048K)
 Metaspace       used 128982K, capacity 132694K, committed 133072K, reserved 1165312K
  class space    used 16397K, capacity 17751K, committed 17920K, reserved 1048576K
}
Event: 165.931 GC heap after
{Heap after GC invocations=66 (full 0):
 garbage-first heap   total 225280K, used 146253K [0x0000000080000000, 0x0000000100000000)
  region size 1024K, 1 young (1024K), 1 survivors (1024K)
 Metaspace       used 128982K, capacity 132694K, committed 133072K, reserved 1165312K
  class space    used 16397K, capacity 17751K, committed 17920K, reserved 1048576K
}
Event: 166.168 GC heap before
{Heap before GC invocations=66 (full 0):
 garbage-first heap   total 225280K, used 161613K [0x0000000080000000, 0x0000000100000000)
  region size 1024K, 18 young (18432K), 1 survivors (1024K)
 Metaspace       used 130158K, capacity 133849K, committed 134224K, reserved 1165312K
  class space    used 16530K, capacity 17880K, committed 18048K, reserved 1048576K
}
Event: 166.179 GC heap after
{Heap after GC invocations=67 (full 0):
 garbage-first heap   total 225280K, used 154800K [0x0000000080000000, 0x0000000100000000)
  region size 1024K, 4 young (4096K), 4 survivors (4096K)
 Metaspace       used 130158K, capacity 133849K, committed 134224K, reserved 1165312K
  class space    used 16530K, capacity 17880K, committed 18048K, reserved 1048576K
}
Event: 166.501 GC heap before
{Heap before GC invocations=67 (full 0):
 garbage-first heap   total 225280K, used 193712K [0x0000000080000000, 0x0000000100000000)
  region size 1024K, 26 young (26624K), 4 survivors (4096K)
 Metaspace       used 132230K, capacity 135893K, committed 136144K, reserved 1167360K
  class space    used 16724K, capacity 18083K, committed 18176K, reserved 1048576K
}
Event: 166.511 GC heap after
{Heap after GC invocations=68 (full 0):
 garbage-first heap   total 225280K, used 156405K [0x0000000080000000, 0x0000000100000000)
  region size 1024K, 2 young (2048K), 2 survivors (2048K)
 Metaspace       used 132230K, capacity 135893K, committed 136144K, reserved 1167360K
  class space    used 16724K, capacity 18083K, committed 18176K, reserved 1048576K
}
Event: 166.637 GC heap before
{Heap before GC invocations=69 (full 0):
 garbage-first heap   total 225280K, used 178933K [0x0000000080000000, 0x0000000100000000)
  region size 1024K, 25 young (25600K), 2 survivors (2048K)
 Metaspace       used 132559K, capacity 136283K, committed 136528K, reserved 1167360K
  class space    used 16764K, capacity 18149K, committed 18304K, reserved 1048576K
}
Event: 166.646 GC heap after
{Heap after GC invocations=70 (full 0):
 garbage-first heap   total 225280K, used 157004K [0x0000000080000000, 0x0000000100000000)
  region size 1024K, 3 young (3072K), 3 survivors (3072K)
 Metaspace       used 132559K, capacity 136283K, committed 136528K, reserved 1167360K
  class space    used 16764K, capacity 18149K, committed 18304K, reserved 1048576K
}
Event: 166.696 GC heap before
{Heap before GC invocations=70 (full 0):
 garbage-first heap   total 225280K, used 164172K [0x0000000080000000, 0x0000000100000000)
  region size 1024K, 11 young (11264K), 3 survivors (3072K)
 Metaspace       used 132648K, capacity 136347K, committed 136528K, reserved 1167360K
  class space    used 16773K, capacity 18149K, committed 18304K, reserved 1048576K
}
Event: 166.710 GC heap after
{Heap after GC invocations=71 (full 0):
 garbage-first heap   total 225280K, used 154186K [0x0000000080000000, 0x0000000100000000)
  region size 1024K, 2 young (2048K), 2 survivors (2048K)
 Metaspace       used 132648K, capacity 136347K, committed 136528K, reserved 1167360K
  class space    used 16773K, capacity 18149K, committed 18304K, reserved 1048576K
}
Event: 166.952 GC heap before
{Heap before GC invocations=71 (full 0):
 garbage-first heap   total 225280K, used 181834K [0x0000000080000000, 0x0000000100000000)
  region size 1024K, 29 young (29696K), 2 survivors (2048K)
 Metaspace       used 133747K, capacity 137446K, committed 137680K, reserved 1169408K
  class space    used 16889K, capacity 18257K, committed 18432K, reserved 1048576K
}
Event: 166.961 GC heap after
{Heap after GC invocations=72 (full 0):
 garbage-first heap   total 225280K, used 158004K [0x0000000080000000, 0x0000000100000000)
  region size 1024K, 4 young (4096K), 4 survivors (4096K)
 Metaspace       used 133747K, capacity 137446K, committed 137680K, reserved 1169408K
  class space    used 16889K, capacity 18257K, committed 18432K, reserved 1048576K
}

Deoptimization events (20 events):
Event: 167.084 Thread 0x0000024592bc6800 DEOPT PACKING pc=0x00000245806e21a7 sp=0x000000b3e99fd510
Event: 167.084 Thread 0x0000024592bc6800 DEOPT UNPACKING pc=0x0000024580027c0e sp=0x000000b3e99fca88 mode 0
Event: 167.084 Thread 0x0000024592bc6800 DEOPT PACKING pc=0x00000245806e21a7 sp=0x000000b3e99fd510
Event: 167.084 Thread 0x0000024592bc6800 DEOPT UNPACKING pc=0x0000024580027c0e sp=0x000000b3e99fca88 mode 0
Event: 167.085 Thread 0x0000024592bc6800 DEOPT PACKING pc=0x00000245806e21a7 sp=0x000000b3e99fd510
Event: 167.085 Thread 0x0000024592bc6800 DEOPT UNPACKING pc=0x0000024580027c0e sp=0x000000b3e99fca88 mode 0
Event: 167.085 Thread 0x0000024592bc6800 DEOPT PACKING pc=0x00000245806e21a7 sp=0x000000b3e99fd510
Event: 167.085 Thread 0x0000024592bc6800 DEOPT UNPACKING pc=0x0000024580027c0e sp=0x000000b3e99fca88 mode 0
Event: 167.086 Thread 0x0000024592bc6800 DEOPT PACKING pc=0x00000245806e21a7 sp=0x000000b3e99fd510
Event: 167.086 Thread 0x0000024592bc6800 DEOPT UNPACKING pc=0x0000024580027c0e sp=0x000000b3e99fca88 mode 0
Event: 167.086 Thread 0x0000024592bc6800 DEOPT PACKING pc=0x00000245806e21a7 sp=0x000000b3e99fd510
Event: 167.086 Thread 0x0000024592bc6800 DEOPT UNPACKING pc=0x0000024580027c0e sp=0x000000b3e99fca88 mode 0
Event: 167.086 Thread 0x0000024592bc6800 DEOPT PACKING pc=0x00000245806e21a7 sp=0x000000b3e99fd510
Event: 167.086 Thread 0x0000024592bc6800 DEOPT UNPACKING pc=0x0000024580027c0e sp=0x000000b3e99fca88 mode 0
Event: 167.087 Thread 0x0000024592bc6800 DEOPT PACKING pc=0x00000245806e21a7 sp=0x000000b3e99fd510
Event: 167.087 Thread 0x0000024592bc6800 DEOPT UNPACKING pc=0x0000024580027c0e sp=0x000000b3e99fca88 mode 0
Event: 167.087 Thread 0x0000024592bc6800 DEOPT PACKING pc=0x00000245806e21a7 sp=0x000000b3e99fd510
Event: 167.087 Thread 0x0000024592bc6800 DEOPT UNPACKING pc=0x0000024580027c0e sp=0x000000b3e99fca88 mode 0
Event: 167.087 Thread 0x0000024592bc6800 DEOPT PACKING pc=0x00000245806e21a7 sp=0x000000b3e99fd510
Event: 167.087 Thread 0x0000024592bc6800 DEOPT UNPACKING pc=0x0000024580027c0e sp=0x000000b3e99fca88 mode 0

Classes redefined (0 events):
No events

Internal exceptions (20 events):
Event: 58.885 Thread 0x0000024591068800 Exception <a 'java/lang/NoSuchMethodError'{0x000000008c8cc410}: <clinit>> (0x000000008c8cc410) thrown at [./src/hotspot/share/prims/jni.cpp, line 1362]
Event: 59.184 Thread 0x00000245fcc13800 Implicit null exception at 0x0000024588264aeb to 0x0000024588264b0c
Event: 59.398 Thread 0x00000245fd40f800 Exception <a 'sun/nio/fs/WindowsException'{0x000000008d73d4b8}> (0x000000008d73d4b8) thrown at [./src/hotspot/share/prims/jni.cpp, line 615]
Event: 59.398 Thread 0x00000245fd40f800 Exception <a 'sun/nio/fs/WindowsException'{0x000000008d73d538}> (0x000000008d73d538) thrown at [./src/hotspot/share/prims/jni.cpp, line 615]
Event: 59.398 Thread 0x00000245fd40f800 Exception <a 'sun/nio/fs/WindowsException'{0x000000008d73f4e0}> (0x000000008d73f4e0) thrown at [./src/hotspot/share/prims/jni.cpp, line 615]
Event: 59.499 Thread 0x00000245fd40f800 Exception <a 'java/lang/NoSuchMethodError'{0x000000008d5cb620}: 'java.lang.Object java.lang.invoke.DirectMethodHandle$Holder.invokeSpecial(java.lang.Object, java.lang.Object, java.lang.Object, java.lang.Object, int, java.lang.Object, java.lang.Object)'> (0x000000008d5cb620) thrown at [./src/hotspot/share/interpreter/linkResolver.cpp, line 773]
Event: 164.552 Thread 0x00000245fcc13800 Implicit null exception at 0x0000024588115682 to 0x00000245881161ec
Event: 164.553 Thread 0x00000245fcc13800 Implicit null exception at 0x00000245885e3c15 to 0x00000245885e53d8
Event: 164.842 Thread 0x00000245fcc13800 Exception <a 'sun/nio/fs/WindowsException'{0x000000008d18d968}> (0x000000008d18d968) thrown at [./src/hotspot/share/prims/jni.cpp, line 615]
Event: 164.994 Thread 0x00000245fcc13800 Exception <a 'sun/nio/fs/WindowsException'{0x000000008c5f1bc0}> (0x000000008c5f1bc0) thrown at [./src/hotspot/share/prims/jni.cpp, line 615]
Event: 165.004 Thread 0x00000245fcc13800 Exception <a 'sun/nio/fs/WindowsException'{0x000000008c48cee8}> (0x000000008c48cee8) thrown at [./src/hotspot/share/prims/jni.cpp, line 615]
Event: 165.004 Thread 0x00000245fcc13800 Exception <a 'sun/nio/fs/WindowsException'{0x000000008c48e228}> (0x000000008c48e228) thrown at [./src/hotspot/share/prims/jni.cpp, line 615]
Event: 165.004 Thread 0x00000245fcc13800 Exception <a 'sun/nio/fs/WindowsException'{0x000000008c48f5b8}> (0x000000008c48f5b8) thrown at [./src/hotspot/share/prims/jni.cpp, line 615]
Event: 165.004 Thread 0x00000245fcc13800 Exception <a 'sun/nio/fs/WindowsException'{0x000000008c490948}> (0x000000008c490948) thrown at [./src/hotspot/share/prims/jni.cpp, line 615]
Event: 165.482 Thread 0x00000245908e2800 Implicit null exception at 0x0000024587df8704 to 0x0000024587df88fc
Event: 166.587 Thread 0x0000024592bc9000 Implicit null exception at 0x000002458866b0a1 to 0x000002458866b2b8
Event: 166.587 Thread 0x0000024592bc9000 Implicit null exception at 0x0000024587b84fac to 0x0000024587b8888c
Event: 166.587 Thread 0x0000024592bc9000 Implicit null exception at 0x0000024587df535a to 0x0000024587df53b0
Event: 166.946 Thread 0x0000024592bc1000 Exception <a 'java/lang/NoSuchMethodError'{0x000000008c0f2660}: <clinit>> (0x000000008c0f2660) thrown at [./src/hotspot/share/prims/jni.cpp, line 1362]
Event: 167.079 Thread 0x0000024592bc6800 Exception <a 'java/lang/NoSuchMethodError'{0x000000008d7fb7a0}: 'int java.lang.invoke.DirectMethodHandle$Holder.invokeSpecialIFC(java.lang.Object, java.lang.Object, java.lang.Object)'> (0x000000008d7fb7a0) thrown at [./src/hotspot/share/interpreter/linkResolver.cpp, line 773]

Events (20 events):
Event: 167.011 loading class com/google/common/util/concurrent/OverflowAvoidingLockSupport
Event: 167.011 loading class com/google/common/util/concurrent/OverflowAvoidingLockSupport done
Event: 167.046 loading class com/android/builder/internal/aapt/v2/Aapt2DaemonImpl$WaitForTaskCompletion
Event: 167.046 loading class com/android/builder/internal/aapt/v2/Aapt2DaemonImpl$WaitForTaskCompletion done
Event: 167.047 loading class com/android/builder/internal/aapt/v2/Aapt2DaemonUtil
Event: 167.047 loading class com/android/builder/internal/aapt/v2/Aapt2DaemonUtil done
Event: 167.048 loading class com/android/builder/internal/aapt/AaptException
Event: 167.048 loading class com/android/builder/internal/aapt/AaptException done
Event: 167.048 loading class com/android/builder/internal/aapt/v2/AaptV2CommandBuilder
Event: 167.048 loading class com/android/builder/internal/aapt/v2/AaptV2CommandBuilder done
Event: 167.051 loading class com/android/builder/internal/aapt/v2/AaptV2CommandBuilder$makeLinkCommand$$inlined$sortedBy$1
Event: 167.051 loading class com/android/builder/internal/aapt/v2/AaptV2CommandBuilder$makeLinkCommand$$inlined$sortedBy$1 done
Event: 167.077 loading class com/android/builder/internal/aapt/AaptUtils
Event: 167.077 loading class com/android/builder/internal/aapt/AaptUtils done
Event: 167.078 loading class com/google/common/collect/Iterables$4
Event: 167.078 loading class com/google/common/collect/Iterables$4 done
Event: 167.106 Executing VM operation: CGC_Operation
Event: 167.117 Executing VM operation: CGC_Operation done
Event: 167.198 Executing VM operation: CGC_Operation
Event: 167.198 Executing VM operation: CGC_Operation done


Dynamic libraries:
0x00007ff797930000 - 0x00007ff79793a000 	D:\Program Files\Android\jre\bin\java.exe
0x00007ffa79f40000 - 0x00007ffa7a130000 	C:\Windows\SYSTEM32\ntdll.dll
0x00007ffa793e0000 - 0x00007ffa79492000 	C:\Windows\System32\KERNEL32.DLL
0x00007ffa77d50000 - 0x00007ffa77ff3000 	C:\Windows\System32\KERNELBASE.dll
0x00007ffa77b20000 - 0x00007ffa77c1a000 	C:\Windows\System32\ucrtbase.dll
0x00007ffa6fe20000 - 0x00007ffa6fe39000 	D:\Program Files\Android\jre\bin\jli.dll
0x00007ffa6ec90000 - 0x00007ffa6eca7000 	D:\Program Files\Android\jre\bin\VCRUNTIME140.dll
0x00007ffa79090000 - 0x00007ffa79224000 	C:\Windows\System32\USER32.dll
0x00007ffa76f10000 - 0x00007ffa76f31000 	C:\Windows\System32\win32u.dll
0x00007ffa63cc0000 - 0x00007ffa63f45000 	C:\Windows\WinSxS\amd64_microsoft.windows.common-controls_6595b64144ccf1df_6.0.18362.535_none_e6c3b34713100821\COMCTL32.dll
0x00007ffa78890000 - 0x00007ffa788b6000 	C:\Windows\System32\GDI32.dll
0x00007ffa77130000 - 0x00007ffa772c4000 	C:\Windows\System32\gdi32full.dll
0x00007ffa784a0000 - 0x00007ffa7853e000 	C:\Windows\System32\msvcrt.dll
0x00007ffa77090000 - 0x00007ffa7712e000 	C:\Windows\System32\msvcp_win.dll
0x00007ffa78030000 - 0x00007ffa78366000 	C:\Windows\System32\combase.dll
0x00007ffa79710000 - 0x00007ffa79830000 	C:\Windows\System32\RPCRT4.dll
0x00007ffa77c20000 - 0x00007ffa77ca0000 	C:\Windows\System32\bcryptPrimitives.dll
0x00007ffa78540000 - 0x00007ffa7856e000 	C:\Windows\System32\IMM32.DLL
0x00007ffa5cab0000 - 0x00007ffa5cb4d000 	D:\Program Files\Android\jre\bin\msvcp140.dll
0x00007ffa35290000 - 0x00007ffa35d65000 	D:\Program Files\Android\jre\bin\server\jvm.dll
0x00007ffa79640000 - 0x00007ffa796e3000 	C:\Windows\System32\ADVAPI32.dll
0x00007ffa783f0000 - 0x00007ffa78487000 	C:\Windows\System32\sechost.dll
0x00007ffa798e0000 - 0x00007ffa798e8000 	C:\Windows\System32\PSAPI.DLL
0x00007ffa71a30000 - 0x00007ffa71a39000 	C:\Windows\SYSTEM32\WSOCK32.dll
0x00007ffa70840000 - 0x00007ffa7084a000 	C:\Windows\SYSTEM32\VERSION.dll
0x00007ffa788c0000 - 0x00007ffa7892f000 	C:\Windows\System32\WS2_32.dll
0x00007ffa74a20000 - 0x00007ffa74a44000 	C:\Windows\SYSTEM32\WINMM.dll
0x00007ffa745a0000 - 0x00007ffa745cd000 	C:\Windows\SYSTEM32\WINMMBASE.dll
0x00007ffa77d00000 - 0x00007ffa77d4a000 	C:\Windows\System32\cfgmgr32.dll
0x00007ffa76e60000 - 0x00007ffa76e71000 	C:\Windows\System32\kernel.appcore.dll
0x00007ffa6fe40000 - 0x00007ffa6fe51000 	D:\Program Files\Android\jre\bin\verify.dll
0x00007ffa75770000 - 0x00007ffa75964000 	C:\Windows\SYSTEM32\DBGHELP.DLL
0x00007ffa60c70000 - 0x00007ffa60c9a000 	C:\Windows\SYSTEM32\dbgcore.DLL
0x00007ffa65570000 - 0x00007ffa65599000 	D:\Program Files\Android\jre\bin\java.dll
0x00007ffa71a20000 - 0x00007ffa71a2b000 	D:\Program Files\Android\jre\bin\jimage.dll
0x00007ffa6ec70000 - 0x00007ffa6ec88000 	D:\Program Files\Android\jre\bin\zip.dll
0x00007ffa78930000 - 0x00007ffa79015000 	C:\Windows\System32\SHELL32.dll
0x00007ffa78780000 - 0x00007ffa78829000 	C:\Windows\System32\shcore.dll
0x00007ffa772f0000 - 0x00007ffa77a6f000 	C:\Windows\System32\windows.storage.dll
0x00007ffa76ed0000 - 0x00007ffa76eef000 	C:\Windows\System32\profapi.dll
0x00007ffa76e80000 - 0x00007ffa76eca000 	C:\Windows\System32\powrprof.dll
0x00007ffa76e50000 - 0x00007ffa76e60000 	C:\Windows\System32\UMPDC.dll
0x00007ffa794a0000 - 0x00007ffa794f2000 	C:\Windows\System32\shlwapi.dll
0x00007ffa772d0000 - 0x00007ffa772e7000 	C:\Windows\System32\cryptsp.dll
0x00007ffa6e560000 - 0x00007ffa6e57a000 	D:\Program Files\Android\jre\bin\net.dll
0x00007ffa67470000 - 0x00007ffa67560000 	C:\Windows\SYSTEM32\WINHTTP.dll
0x00007ffa766c0000 - 0x00007ffa76727000 	C:\Windows\system32\mswsock.dll
0x00007ffa66fe0000 - 0x00007ffa66ff4000 	D:\Program Files\Android\jre\bin\nio.dll
0x00007ffa540d0000 - 0x00007ffa540f7000 	D:\ProgramsfilesD\Android\Sdk\native\e1d6ef7f7dcc3fd88c89a11ec53ec762bb8ba0a96d01ffa2cd45eb1d1d8dd5c5\windows-amd64\native-platform.dll
0x00007ffa494d0000 - 0x00007ffa49614000 	D:\ProgramsfilesD\Android\Sdk\native\5664cfc778a61ccfe75a443a1ab52a65af34e5dc3c78e0209fed803814484fcb\windows-amd64\native-platform-file-events.dll
0x00007ffa6c250000 - 0x00007ffa6c25a000 	D:\Program Files\Android\jre\bin\management.dll
0x00007ffa66f90000 - 0x00007ffa66f9d000 	D:\Program Files\Android\jre\bin\management_ext.dll
0x00007ffa76230000 - 0x00007ffa76263000 	C:\Windows\system32\rsaenh.dll
0x00007ffa78000000 - 0x00007ffa78026000 	C:\Windows\System32\bcrypt.dll
0x00007ffa76d40000 - 0x00007ffa76d65000 	C:\Windows\SYSTEM32\USERENV.dll
0x00007ffa76890000 - 0x00007ffa7689c000 	C:\Windows\SYSTEM32\CRYPTBASE.dll
0x00007ffa763d0000 - 0x00007ffa7640a000 	C:\Windows\SYSTEM32\IPHLPAPI.DLL
0x00007ffa78490000 - 0x00007ffa78498000 	C:\Windows\System32\NSI.dll
0x00007ffa6e9d0000 - 0x00007ffa6e9e6000 	C:\Windows\SYSTEM32\dhcpcsvc6.DLL
0x00007ffa701d0000 - 0x00007ffa701ec000 	C:\Windows\SYSTEM32\dhcpcsvc.DLL
0x00007ffa76410000 - 0x00007ffa764da000 	C:\Windows\SYSTEM32\DNSAPI.dll
0x00007ffa6c320000 - 0x00007ffa6c33e000 	C:\Temp\native-platform16573322129064625776dir\native-platform.dll
0x00007ffa6fe60000 - 0x00007ffa6fe68000 	D:\Program Files\Android\jre\bin\rmi.dll
0x00007ffa75eb0000 - 0x00007ffa75ee1000 	C:\Windows\SYSTEM32\ntmarta.dll

dbghelp: loaded successfully - version: 4.0.5 - missing functions: none
symbol engine: initialized successfully - sym options: 0x614 - pdb path: .;D:\Program Files\Android\jre\bin;C:\Windows\SYSTEM32;C:\Windows\WinSxS\amd64_microsoft.windows.common-controls_6595b64144ccf1df_6.0.18362.535_none_e6c3b34713100821;D:\Program Files\Android\jre\bin\server;D:\ProgramsfilesD\Android\Sdk\native\e1d6ef7f7dcc3fd88c89a11ec53ec762bb8ba0a96d01ffa2cd45eb1d1d8dd5c5\windows-amd64;D:\ProgramsfilesD\Android\Sdk\native\5664cfc778a61ccfe75a443a1ab52a65af34e5dc3c78e0209fed803814484fcb\windows-amd64;C:\Temp\native-platform16573322129064625776dir

VM Arguments:
jvm_args: --add-opens=java.base/java.util=ALL-UNNAMED --add-opens=java.base/java.lang=ALL-UNNAMED --add-opens=java.base/java.lang.invoke=ALL-UNNAMED --add-opens=java.base/java.util=ALL-UNNAMED --add-opens=java.prefs/java.util.prefs=ALL-UNNAMED --add-opens=java.prefs/java.util.prefs=ALL-UNNAMED --add-opens=java.base/java.nio.charset=ALL-UNNAMED --add-opens=java.base/java.net=ALL-UNNAMED --add-opens=java.base/java.util.concurrent.atomic=ALL-UNNAMED -Xmx2048m -Dfile.encoding=UTF-8 -Duser.country=RU -Duser.language=ru -Duser.variant 
java_command: org.gradle.launcher.daemon.bootstrap.GradleDaemon 7.2
java_class_path (initial): D:\ProgramsfilesD\Android\Sdk\wrapper\dists\gradle-7.2-bin\2dnblmf4td7x66yl1d74lt32g\gradle-7.2\lib\gradle-launcher-7.2.jar
Launcher Type: SUN_STANDARD

[Global flags]
     intx CICompilerCount                          = 4                                         {product} {ergonomic}
     uint ConcGCThreads                            = 2                                         {product} {ergonomic}
     uint G1ConcRefinementThreads                  = 8                                         {product} {ergonomic}
   size_t G1HeapRegionSize                         = 1048576                                   {product} {ergonomic}
    uintx GCDrainStackTargetSize                   = 64                                        {product} {ergonomic}
   size_t InitialHeapSize                          = 132120576                                 {product} {ergonomic}
   size_t MarkStackSize                            = 4194304                                   {product} {ergonomic}
   size_t MaxHeapSize                              = 2147483648                                {product} {command line}
   size_t MaxNewSize                               = 1287651328                                {product} {ergonomic}
   size_t MinHeapDeltaBytes                        = 1048576                                   {product} {ergonomic}
    uintx NonNMethodCodeHeapSize                   = 5836300                                {pd product} {ergonomic}
    uintx NonProfiledCodeHeapSize                  = 122910970                              {pd product} {ergonomic}
    uintx ProfiledCodeHeapSize                     = 122910970                              {pd product} {ergonomic}
    uintx ReservedCodeCacheSize                    = 251658240                              {pd product} {ergonomic}
     bool SegmentedCodeCache                       = true                                      {product} {ergonomic}
     bool UseCompressedClassPointers               = true                                 {lp64_product} {ergonomic}
     bool UseCompressedOops                        = true                                 {lp64_product} {ergonomic}
     bool UseG1GC                                  = true                                      {product} {ergonomic}
     bool UseLargePagesIndividualAllocation        = false                                  {pd product} {ergonomic}

Logging:
Log output configuration:
 #0: stdout all=warning uptime,level,tags
 #1: stderr all=off uptime,level,tags

Environment Variables:
JAVA_HOME=D:\Program Files\Java
PATH=C:\PROGRA~2\Borland\CBUILD~1\Bin;C:\PROGRA~2\Borland\CBUILD~1\Projects\Bpl;C:\Program Files\Common Files\Oracle\Java\javapath;C:\Windows\system32;C:\Windows;C:\Windows\System32\Wbem;C:\Windows\System32\WindowsPowerShell\v1.0\;C:\Program Files (x86)\NVIDIA Corporation\PhysX\Common;C:\Program Files\NVIDIA Corporation\NVIDIA NvDLISR;C:\Program Files\Microsoft\Web Platform Installer\;C:\Program Files (x86)\Microsoft ASP.NET\ASP.NET Web Pages\v1.0\;C:\Program Files\Microsoft SQL Server\110\Tools\Binn\;C:\Program Files\Git\cmd;C:\Users\asus\AppData\Local\Programs\Python\Python310\Scripts\;C:\Users\asus\AppData\Local\Programs\Python\Python310\;C:\Users\asus\AppData\Local\Microsoft\WindowsApps;;D:\Program Files\JetBrains\IntelliJ IDEA Community Edition 2020.3\bin;
USERNAME=asus
OS=Windows_NT
PROCESSOR_IDENTIFIER=Intel64 Family 6 Model 126 Stepping 5, GenuineIntel



---------------  S Y S T E M  ---------------

OS: Windows 10 , 64 bit Build 18362 (10.0.18362.329)
OS uptime: 0 days 1:42 hours

CPU:total 8 (initial active 8) (4 cores per cpu, 2 threads per core) family 6 model 126 stepping 5 microcode 0x96, cmov, cx8, fxsr, mmx, sse, sse2, sse3, ssse3, sse4.1, sse4.2, popcnt, avx, avx2, aes, clmul, erms, 3dnowpref, lzcnt, ht, tsc, tscinvbit, bmi1, bmi2, adx, evex, sha, fma

Memory: 4k page, system-wide physical 7997M (502M free)
TotalPageFile size 7997M (AvailPageFile size 2M)
current process WorkingSet (physical memory assigned to process): 618M, peak: 621M
current process commit charge ("private bytes"): 653M, peak: 658M

vm_info: OpenJDK 64-Bit Server VM (11.0.11+9-b60-7590822) for windows-amd64 JRE (11.0.11+9-b60-7590822), built on Jul 29 2021 21:43:44 by "builder" with MS VC++ 14.0 (VS2015)

END.
