#
# There is insufficient memory for the Java Runtime Environment to continue.
# Native memory allocation (mmap) failed to map 51380224 bytes for Failed to commit area from 0x000000008dc00000 to 0x0000000090d00000 of length 51380224.
# Possible reasons:
#   The system is out of physical RAM or swap space
#   The process is running with CompressedOops enabled, and the Java Heap may be blocking the growth of the native heap
# Possible solutions:
#   Reduce memory load on the system
#   Increase physical memory or swap space
#   Check if swap backing store is full
#   Decrease Java heap size (-Xmx/-Xms)
#   Decrease number of Java threads
#   Decrease Java thread stack sizes (-Xss)
#   Set larger code cache with -XX:ReservedCodeCacheSize=
#   JVM is running with Unscaled Compressed Oops mode in which the Java heap is
#     placed in the first 4GB address space. The Java Heap base address is the
#     maximum limit for the native heap growth. Please use -XX:HeapBaseMinAddress
#     to set the Java Heap base and to place the Java Heap above 4GB virtual address.
# This output file may be truncated or incomplete.
#
#  Out of Memory Error (./src/hotspot/os/windows/os_windows.cpp:3301), pid=2696, tid=11128
#
# JRE version: OpenJDK Runtime Environment (11.0.11+9) (build 11.0.11+9-b60-7590822)
# Java VM: OpenJDK 64-Bit Server VM (11.0.11+9-b60-7590822, mixed mode, tiered, compressed oops, g1 gc, windows-amd64)
# No core dump will be written. Minidumps are not enabled by default on client versions of Windows
#

---------------  S U M M A R Y ------------

Command Line: --add-opens=java.base/java.util=ALL-UNNAMED --add-opens=java.base/java.lang=ALL-UNNAMED --add-opens=java.base/java.lang.invoke=ALL-UNNAMED --add-opens=java.base/java.util=ALL-UNNAMED --add-opens=java.prefs/java.util.prefs=ALL-UNNAMED --add-opens=java.prefs/java.util.prefs=ALL-UNNAMED --add-opens=java.base/java.nio.charset=ALL-UNNAMED --add-opens=java.base/java.net=ALL-UNNAMED --add-opens=java.base/java.util.concurrent.atomic=ALL-UNNAMED -Xmx2048m -Dfile.encoding=UTF-8 -Duser.country=RU -Duser.language=ru -Duser.variant org.gradle.launcher.daemon.bootstrap.GradleDaemon 7.2

Host: Intel(R) Core(TM) i7-1065G7 CPU @ 1.30GHz, 8 cores, 7G,  Windows 10 , 64 bit Build 18362 (10.0.18362.329)
Time: Tue May 31 15:23:53 2022 Caiaaiay Acey (ceia) elapsed time: 11.714920 seconds (0d 0h 0m 11s)

---------------  T H R E A D  ---------------

Current thread (0x0000023353eac000):  VMThread "VM Thread" [stack: 0x000000835c300000,0x000000835c400000] [id=11128]

Stack: [0x000000835c300000,0x000000835c400000]
[error occurred during error reporting (printing stack bounds), id 0xc0000005, EXCEPTION_ACCESS_VIOLATION (0xc0000005) at pc=0x000002333cd510e7]

Native frames: (J=compiled Java code, j=interpreted, Vv=VM code, C=native code)
V  [jvm.dll+0x5f214a]
V  [jvm.dll+0x726fb5]
V  [jvm.dll+0x7285cd]
V  [jvm.dll+0x728be5]
V  [jvm.dll+0x728b9b]
V  [jvm.dll+0x5f14e8]
V  [jvm.dll+0x5f1c78]
C  [ntdll.dll+0xa11ff]
C  [ntdll.dll+0x6a289]
C  [ntdll.dll+0x9fe6e]
C  0x000002333cd510e7

VM_Operation (0x0000008361dfa690): G1CollectForAllocation, mode: safepoint, requested by thread 0x000002335c01a000


---------------  P R O C E S S  ---------------

Threads class SMR info:
_java_thread_list=0x0000023360d1d7c0, length=137, elements={
0x0000023337a4a800, 0x0000023353eae000, 0x0000023353eba000, 0x000002335482a000,
0x000002335482f800, 0x0000023354830800, 0x0000023353ec5800, 0x0000023353ec8800,
0x0000023353ec9800, 0x000002335498b000, 0x0000023356c25800, 0x0000023354b51800,
0x000002335686a000, 0x0000023355fb0000, 0x0000023357da1800, 0x0000023356031000,
0x0000023356d77800, 0x0000023356613800, 0x0000023356ceb000, 0x000002335804b800,
0x0000023358049000, 0x000002335804a800, 0x0000023358046800, 0x0000023358045800,
0x000002335804c000, 0x000002335804a000, 0x0000023358047800, 0x0000023358048000,
0x000002335a154000, 0x000002335a154800, 0x000002335a158800, 0x000002335a155800,
0x000002335a157000, 0x000002335a159800, 0x000002335a15a800, 0x000002335a15b000,
0x000002335a15c000, 0x000002335a156800, 0x000002335a161800, 0x000002335a15f800,
0x000002335a15d000, 0x000002335a160000, 0x000002335a15d800, 0x000002335a15e800,
0x000002335a161000, 0x000002335bfff000, 0x000002335c003800, 0x000002335c004800,
0x000002335bfff800, 0x000002335c000800, 0x000002335c005800, 0x000002335c002000,
0x000002335c006000, 0x000002335c007000, 0x000002335c001000, 0x000002335c007800,
0x000002335c008800, 0x000002335c003000, 0x000002335c00d800, 0x000002335c009800,
0x000002335c00a000, 0x000002335c00b000, 0x000002335c00c000, 0x000002335c00c800,
0x000002335c011000, 0x000002335c010800, 0x000002335c012000, 0x000002335c013000,
0x000002335c013800, 0x000002335c014800, 0x000002335c00f000, 0x000002335c015800,
0x000002335c00f800, 0x000002335c01c000, 0x000002335c016000, 0x000002335c018800,
0x000002335c017800, 0x000002335c019800, 0x000002335c01b000, 0x000002335c01a000,
0x000002335c01c800, 0x000002335c017000, 0x000002335c01d800, 0x000002335b2e3000,
0x000002335b2e7000, 0x000002335b2e5800, 0x000002335b2e4000, 0x000002335b2e2800,
0x000002335b2e5000, 0x000002335b2e6800, 0x000002335b2e1800, 0x000002335b2ec000,
0x000002335b2e9000, 0x000002335b2ed800, 0x000002335b2eb800, 0x000002335b2e9800,
0x000002335b2e8000, 0x000002335b2ed000, 0x000002335b2f0000, 0x000002335b2ee800,
0x000002335b2ef800, 0x000002335b2ea800, 0x000002335b259800, 0x000002335b25a800,
0x000002335b258800, 0x000002335b255800, 0x000002335b257000, 0x000002335b25b000,
0x000002335b25c000, 0x000002335b256800, 0x000002335b25d000, 0x000002335b258000,
0x000002335b261000, 0x000002335b260000, 0x000002335b261800, 0x000002335b262800,
0x000002335b263800, 0x000002335b25d800, 0x000002335b264000, 0x000002335b25e800,
0x000002335b25f000, 0x0000023354d24800, 0x0000023354d23000, 0x0000023354d27000,
0x0000023354d25800, 0x0000023354d24000, 0x0000023354d28000, 0x0000023354d29800,
0x0000023354d2b000, 0x0000023354d2a800, 0x0000023354d2c000, 0x0000023354d2e800,
0x0000023354d2f800, 0x0000023354d2d000, 0x0000023354d2d800, 0x0000023354d30000,
0x0000023354d31800
}

Java Threads: ( => current thread )
  0x0000023337a4a800 JavaThread "main" [_thread_blocked, id=6384, stack(0x000000835bd00000,0x000000835be00000)]
  0x0000023353eae000 JavaThread "Reference Handler" daemon [_thread_blocked, id=10736, stack(0x000000835c400000,0x000000835c500000)]
  0x0000023353eba000 JavaThread "Finalizer" daemon [_thread_blocked, id=7380, stack(0x000000835c500000,0x000000835c600000)]
  0x000002335482a000 JavaThread "Signal Dispatcher" daemon [_thread_blocked, id=10436, stack(0x000000835c600000,0x000000835c700000)]
  0x000002335482f800 JavaThread "Attach Listener" daemon [_thread_blocked, id=1604, stack(0x000000835c700000,0x000000835c800000)]
  0x0000023354830800 JavaThread "Service Thread" daemon [_thread_blocked, id=3592, stack(0x000000835c800000,0x000000835c900000)]
  0x0000023353ec5800 JavaThread "C2 CompilerThread0" daemon [_thread_blocked, id=6380, stack(0x000000835c900000,0x000000835ca00000)]
  0x0000023353ec8800 JavaThread "C1 CompilerThread0" daemon [_thread_blocked, id=9020, stack(0x000000835ca00000,0x000000835cb00000)]
  0x0000023353ec9800 JavaThread "Sweeper thread" daemon [_thread_blocked, id=7256, stack(0x000000835cb00000,0x000000835cc00000)]
  0x000002335498b000 JavaThread "Common-Cleaner" daemon [_thread_blocked, id=6180, stack(0x000000835cc00000,0x000000835cd00000)]
  0x0000023356c25800 JavaThread "Daemon health stats" [_thread_blocked, id=10020, stack(0x000000835d200000,0x000000835d300000)]
  0x0000023354b51800 JavaThread "Incoming local TCP Connector on port 60889" [_thread_in_native, id=8272, stack(0x000000835cf00000,0x000000835d000000)]
  0x000002335686a000 JavaThread "Daemon periodic checks" [_thread_blocked, id=948, stack(0x000000835d300000,0x000000835d400000)]
  0x0000023355fb0000 JavaThread "Daemon" [_thread_blocked, id=11032, stack(0x000000835d400000,0x000000835d500000)]
  0x0000023357da1800 JavaThread "Handler for socket connection from /127.0.0.1:60889 to /127.0.0.1:60890" [_thread_in_native, id=2796, stack(0x000000835d500000,0x000000835d600000)]
  0x0000023356031000 JavaThread "Cancel handler" [_thread_blocked, id=3032, stack(0x000000835d600000,0x000000835d700000)]
  0x0000023356d77800 JavaThread "Daemon worker" [_thread_blocked, id=11572, stack(0x000000835d700000,0x000000835d800000)]
  0x0000023356613800 JavaThread "Asynchronous log dispatcher for DefaultDaemonConnection: socket connection from /127.0.0.1:60889 to /127.0.0.1:60890" [_thread_blocked, id=3028, stack(0x000000835d800000,0x000000835d900000)]
  0x0000023356ceb000 JavaThread "Stdin handler" [_thread_blocked, id=11144, stack(0x000000835d900000,0x000000835da00000)]
  0x000002335804b800 JavaThread "Daemon client event forwarder" [_thread_blocked, id=1332, stack(0x000000835da00000,0x000000835db00000)]
  0x0000023358049000 JavaThread "Cache worker for journal cache (D:\ProgramsfilesD\Android\Sdk\caches\journal-1)" [_thread_blocked, id=7784, stack(0x000000835db00000,0x000000835dc00000)]
  0x000002335804a800 JavaThread "File lock request listener" [_thread_in_native, id=2228, stack(0x000000835dc00000,0x000000835dd00000)]
  0x0000023358046800 JavaThread "Cache worker for file hash cache (D:\ProgramsfilesD\Android\Sdk\caches\7.2\fileHashes)" [_thread_blocked, id=11152, stack(0x000000835dd00000,0x000000835de00000)]
  0x0000023358045800 JavaThread "Cache worker for file hash cache (D:\NotesApp\.gradle\7.2\fileHashes)" [_thread_blocked, id=11796, stack(0x000000835e400000,0x000000835e500000)]
  0x000002335804c000 JavaThread "File watcher server" daemon [_thread_blocked, id=10192, stack(0x000000835e500000,0x000000835e600000)]
  0x000002335804a000 JavaThread "File watcher consumer" daemon [_thread_blocked, id=4664, stack(0x000000835e600000,0x000000835e700000)]
  0x0000023358047800 JavaThread "Cache worker for checksums cache (D:\NotesApp\.gradle\checksums)" [_thread_blocked, id=3940, stack(0x000000835e700000,0x000000835e800000)]
  0x0000023358048000 JavaThread "Cache worker for cache directory md-supplier (D:\ProgramsfilesD\Android\Sdk\caches\7.2\md-supplier)" [_thread_blocked, id=4900, stack(0x000000835e800000,0x000000835e900000)]
  0x000002335a154000 JavaThread "Cache worker for cache directory md-rule (D:\ProgramsfilesD\Android\Sdk\caches\7.2\md-rule)" [_thread_blocked, id=9736, stack(0x000000835ea00000,0x000000835eb00000)]
  0x000002335a154800 JavaThread "Cache worker for execution history cache (D:\ProgramsfilesD\Android\Sdk\caches\7.2\executionHistory)" [_thread_blocked, id=2444, stack(0x000000835eb00000,0x000000835ec00000)]
  0x000002335a158800 JavaThread "jar transforms" [_thread_blocked, id=7476, stack(0x000000835ec00000,0x000000835ed00000)]
  0x000002335a155800 JavaThread "Cache worker for file content cache (D:\ProgramsfilesD\Android\Sdk\caches\7.2\fileContent)" [_thread_blocked, id=9276, stack(0x000000835ed00000,0x000000835ee00000)]
  0x000002335a157000 JavaThread "jar transforms Thread 2" [_thread_blocked, id=4876, stack(0x000000835ee00000,0x000000835ef00000)]
  0x000002335a159800 JavaThread "Cache worker for dependencies-accessors (D:\NotesApp\.gradle\7.2\dependencies-accessors)" [_thread_blocked, id=9484, stack(0x000000835ef00000,0x000000835f000000)]
  0x000002335a15a800 JavaThread "jar transforms Thread 3" [_thread_blocked, id=7288, stack(0x000000835f000000,0x000000835f100000)]
  0x000002335a15b000 JavaThread "Cache worker for Build Output Cleanup Cache (D:\NotesApp\.gradle\buildOutputCleanup)" [_thread_blocked, id=4228, stack(0x000000835f100000,0x000000835f200000)]
  0x000002335a15c000 JavaThread "Unconstrained build operations" [_thread_blocked, id=228, stack(0x000000835f200000,0x000000835f300000)]
  0x000002335a156800 JavaThread "Unconstrained build operations Thread 2" [_thread_blocked, id=1556, stack(0x000000835f300000,0x000000835f400000)]
  0x000002335a161800 JavaThread "Unconstrained build operations Thread 3" [_thread_blocked, id=7324, stack(0x000000835f400000,0x000000835f500000)]
  0x000002335a15f800 JavaThread "Unconstrained build operations Thread 4" [_thread_blocked, id=9792, stack(0x000000835f500000,0x000000835f600000)]
  0x000002335a15d000 JavaThread "Unconstrained build operations Thread 5" [_thread_blocked, id=10320, stack(0x000000835f600000,0x000000835f700000)]
  0x000002335a160000 JavaThread "Unconstrained build operations Thread 6" [_thread_blocked, id=5048, stack(0x000000835f700000,0x000000835f800000)]
  0x000002335a15d800 JavaThread "Unconstrained build operations Thread 7" [_thread_blocked, id=2256, stack(0x000000835f800000,0x000000835f900000)]
  0x000002335a15e800 JavaThread "Unconstrained build operations Thread 8" [_thread_blocked, id=4544, stack(0x000000835f900000,0x000000835fa00000)]
  0x000002335a161000 JavaThread "Unconstrained build operations Thread 9" [_thread_blocked, id=5868, stack(0x000000835fa00000,0x000000835fb00000)]
  0x000002335bfff000 JavaThread "Unconstrained build operations Thread 10" [_thread_blocked, id=4720, stack(0x000000835fb00000,0x000000835fc00000)]
  0x000002335c003800 JavaThread "Unconstrained build operations Thread 11" [_thread_blocked, id=3304, stack(0x000000835fc00000,0x000000835fd00000)]
  0x000002335c004800 JavaThread "Unconstrained build operations Thread 12" [_thread_blocked, id=8208, stack(0x000000835fd00000,0x000000835fe00000)]
  0x000002335bfff800 JavaThread "Unconstrained build operations Thread 13" [_thread_blocked, id=12276, stack(0x000000835fe00000,0x000000835ff00000)]
  0x000002335c000800 JavaThread "Unconstrained build operations Thread 14" [_thread_blocked, id=3884, stack(0x000000835ff00000,0x0000008360000000)]
  0x000002335c005800 JavaThread "Unconstrained build operations Thread 15" [_thread_blocked, id=7580, stack(0x0000008360000000,0x0000008360100000)]
  0x000002335c002000 JavaThread "Unconstrained build operations Thread 16" [_thread_blocked, id=1576, stack(0x0000008360100000,0x0000008360200000)]
  0x000002335c006000 JavaThread "Unconstrained build operations Thread 17" [_thread_blocked, id=1572, stack(0x0000008360200000,0x0000008360300000)]
  0x000002335c007000 JavaThread "Unconstrained build operations Thread 18" [_thread_blocked, id=3480, stack(0x0000008360300000,0x0000008360400000)]
  0x000002335c001000 JavaThread "Unconstrained build operations Thread 19" [_thread_blocked, id=11532, stack(0x0000008360400000,0x0000008360500000)]
  0x000002335c007800 JavaThread "Unconstrained build operations Thread 20" [_thread_blocked, id=2424, stack(0x0000008360500000,0x0000008360600000)]
  0x000002335c008800 JavaThread "Unconstrained build operations Thread 21" [_thread_blocked, id=4696, stack(0x0000008360600000,0x0000008360700000)]
  0x000002335c003000 JavaThread "Unconstrained build operations Thread 22" [_thread_blocked, id=10144, stack(0x0000008360700000,0x0000008360800000)]
  0x000002335c00d800 JavaThread "Unconstrained build operations Thread 23" [_thread_blocked, id=2948, stack(0x0000008360800000,0x0000008360900000)]
  0x000002335c009800 JavaThread "Unconstrained build operations Thread 24" [_thread_blocked, id=5568, stack(0x0000008360900000,0x0000008360a00000)]
  0x000002335c00a000 JavaThread "Unconstrained build operations Thread 25" [_thread_blocked, id=4360, stack(0x0000008360a00000,0x0000008360b00000)]
  0x000002335c00b000 JavaThread "Unconstrained build operations Thread 26" [_thread_blocked, id=3084, stack(0x0000008360b00000,0x0000008360c00000)]
  0x000002335c00c000 JavaThread "Unconstrained build operations Thread 27" [_thread_blocked, id=2232, stack(0x0000008360c00000,0x0000008360d00000)]
  0x000002335c00c800 JavaThread "Unconstrained build operations Thread 28" [_thread_blocked, id=9848, stack(0x0000008360d00000,0x0000008360e00000)]
  0x000002335c011000 JavaThread "Unconstrained build operations Thread 29" [_thread_blocked, id=10364, stack(0x0000008360e00000,0x0000008360f00000)]
  0x000002335c010800 JavaThread "Unconstrained build operations Thread 30" [_thread_blocked, id=10396, stack(0x0000008360f00000,0x0000008361000000)]
  0x000002335c012000 JavaThread "Unconstrained build operations Thread 31" [_thread_blocked, id=8176, stack(0x0000008361000000,0x0000008361100000)]
  0x000002335c013000 JavaThread "Unconstrained build operations Thread 32" [_thread_blocked, id=9112, stack(0x0000008361100000,0x0000008361200000)]
  0x000002335c013800 JavaThread "Unconstrained build operations Thread 33" [_thread_blocked, id=4592, stack(0x0000008361200000,0x0000008361300000)]
  0x000002335c014800 JavaThread "Unconstrained build operations Thread 34" [_thread_blocked, id=1864, stack(0x0000008361300000,0x0000008361400000)]
  0x000002335c00f000 JavaThread "Unconstrained build operations Thread 35" [_thread_blocked, id=11616, stack(0x0000008361400000,0x0000008361500000)]
  0x000002335c015800 JavaThread "Unconstrained build operations Thread 36" [_thread_blocked, id=2196, stack(0x0000008361500000,0x0000008361600000)]
  0x000002335c00f800 JavaThread "Unconstrained build operations Thread 37" [_thread_blocked, id=12212, stack(0x0000008361600000,0x0000008361700000)]
  0x000002335c01c000 JavaThread "Unconstrained build operations Thread 38" [_thread_blocked, id=8584, stack(0x0000008361700000,0x0000008361800000)]
  0x000002335c016000 JavaThread "Unconstrained build operations Thread 39" [_thread_blocked, id=11888, stack(0x0000008361800000,0x0000008361900000)]
  0x000002335c018800 JavaThread "Unconstrained build operations Thread 40" [_thread_blocked, id=11904, stack(0x0000008361900000,0x0000008361a00000)]
  0x000002335c017800 JavaThread "Unconstrained build operations Thread 41" [_thread_blocked, id=820, stack(0x0000008361a00000,0x0000008361b00000)]
  0x000002335c019800 JavaThread "Unconstrained build operations Thread 42" [_thread_blocked, id=4756, stack(0x0000008361b00000,0x0000008361c00000)]
  0x000002335c01b000 JavaThread "Unconstrained build operations Thread 43" [_thread_blocked, id=7292, stack(0x0000008361c00000,0x0000008361d00000)]
  0x000002335c01a000 JavaThread "Unconstrained build operations Thread 44" [_thread_blocked, id=8404, stack(0x0000008361d00000,0x0000008361e00000)]
  0x000002335c01c800 JavaThread "Unconstrained build operations Thread 45" [_thread_blocked, id=11248, stack(0x0000008361e00000,0x0000008361f00000)]
  0x000002335c017000 JavaThread "Unconstrained build operations Thread 46" [_thread_blocked, id=10204, stack(0x0000008361f00000,0x0000008362000000)]
  0x000002335c01d800 JavaThread "Unconstrained build operations Thread 47" [_thread_blocked, id=9924, stack(0x0000008362000000,0x0000008362100000)]
  0x000002335b2e3000 JavaThread "Unconstrained build operations Thread 48" [_thread_blocked, id=1032, stack(0x0000008362100000,0x0000008362200000)]
  0x000002335b2e7000 JavaThread "Unconstrained build operations Thread 49" [_thread_blocked, id=4684, stack(0x0000008362200000,0x0000008362300000)]
  0x000002335b2e5800 JavaThread "Unconstrained build operations Thread 50" [_thread_blocked, id=9836, stack(0x0000008362300000,0x0000008362400000)]
  0x000002335b2e4000 JavaThread "Unconstrained build operations Thread 51" [_thread_blocked, id=10220, stack(0x0000008362400000,0x0000008362500000)]
  0x000002335b2e2800 JavaThread "Unconstrained build operations Thread 52" [_thread_blocked, id=12280, stack(0x0000008362500000,0x0000008362600000)]
  0x000002335b2e5000 JavaThread "Unconstrained build operations Thread 53" [_thread_blocked, id=8088, stack(0x0000008362600000,0x0000008362700000)]
  0x000002335b2e6800 JavaThread "Unconstrained build operations Thread 54" [_thread_blocked, id=3604, stack(0x0000008362700000,0x0000008362800000)]
  0x000002335b2e1800 JavaThread "Unconstrained build operations Thread 55" [_thread_blocked, id=5848, stack(0x0000008362800000,0x0000008362900000)]
  0x000002335b2ec000 JavaThread "Unconstrained build operations Thread 56" [_thread_blocked, id=10096, stack(0x0000008362900000,0x0000008362a00000)]
  0x000002335b2e9000 JavaThread "Unconstrained build operations Thread 57" [_thread_blocked, id=5852, stack(0x0000008362a00000,0x0000008362b00000)]
  0x000002335b2ed800 JavaThread "Unconstrained build operations Thread 58" [_thread_blocked, id=11208, stack(0x0000008362b00000,0x0000008362c00000)]
  0x000002335b2eb800 JavaThread "Unconstrained build operations Thread 59" [_thread_blocked, id=492, stack(0x0000008362c00000,0x0000008362d00000)]
  0x000002335b2e9800 JavaThread "Unconstrained build operations Thread 60" [_thread_blocked, id=3928, stack(0x0000008362d00000,0x0000008362e00000)]
  0x000002335b2e8000 JavaThread "Unconstrained build operations Thread 61" [_thread_blocked, id=1996, stack(0x0000008362e00000,0x0000008362f00000)]
  0x000002335b2ed000 JavaThread "Unconstrained build operations Thread 62" [_thread_blocked, id=1716, stack(0x0000008362f00000,0x0000008363000000)]
  0x000002335b2f0000 JavaThread "Unconstrained build operations Thread 63" [_thread_blocked, id=5440, stack(0x0000008363000000,0x0000008363100000)]
  0x000002335b2ee800 JavaThread "Unconstrained build operations Thread 64" [_thread_blocked, id=1804, stack(0x0000008363100000,0x0000008363200000)]
  0x000002335b2ef800 JavaThread "Unconstrained build operations Thread 65" [_thread_blocked, id=9280, stack(0x0000008363200000,0x0000008363300000)]
  0x000002335b2ea800 JavaThread "Unconstrained build operations Thread 66" [_thread_blocked, id=7020, stack(0x0000008363300000,0x0000008363400000)]
  0x000002335b259800 JavaThread "Unconstrained build operations Thread 67" [_thread_blocked, id=10992, stack(0x0000008363400000,0x0000008363500000)]
  0x000002335b25a800 JavaThread "Unconstrained build operations Thread 68" [_thread_blocked, id=1560, stack(0x0000008363500000,0x0000008363600000)]
  0x000002335b258800 JavaThread "Unconstrained build operations Thread 69" [_thread_blocked, id=4588, stack(0x0000008363600000,0x0000008363700000)]
  0x000002335b255800 JavaThread "Unconstrained build operations Thread 70" [_thread_blocked, id=5540, stack(0x0000008363700000,0x0000008363800000)]
  0x000002335b257000 JavaThread "Unconstrained build operations Thread 71" [_thread_blocked, id=7992, stack(0x0000008363800000,0x0000008363900000)]
  0x000002335b25b000 JavaThread "Unconstrained build operations Thread 72" [_thread_blocked, id=7704, stack(0x0000008363900000,0x0000008363a00000)]
  0x000002335b25c000 JavaThread "Unconstrained build operations Thread 73" [_thread_blocked, id=128, stack(0x0000008363a00000,0x0000008363b00000)]
  0x000002335b256800 JavaThread "Unconstrained build operations Thread 74" [_thread_blocked, id=11700, stack(0x0000008363b00000,0x0000008363c00000)]
  0x000002335b25d000 JavaThread "Unconstrained build operations Thread 75" [_thread_blocked, id=4132, stack(0x0000008363c00000,0x0000008363d00000)]
  0x000002335b258000 JavaThread "Unconstrained build operations Thread 76" [_thread_blocked, id=11260, stack(0x0000008363d00000,0x0000008363e00000)]
  0x000002335b261000 JavaThread "Unconstrained build operations Thread 77" [_thread_blocked, id=6716, stack(0x0000008363e00000,0x0000008363f00000)]
  0x000002335b260000 JavaThread "Unconstrained build operations Thread 78" [_thread_blocked, id=5812, stack(0x0000008363f00000,0x0000008364000000)]
  0x000002335b261800 JavaThread "Unconstrained build operations Thread 79" [_thread_blocked, id=9900, stack(0x0000008364000000,0x0000008364100000)]
  0x000002335b262800 JavaThread "Unconstrained build operations Thread 80" [_thread_blocked, id=3120, stack(0x0000008364100000,0x0000008364200000)]
  0x000002335b263800 JavaThread "jar transforms Thread 4" [_thread_blocked, id=9012, stack(0x0000008364200000,0x0000008364300000)]
  0x000002335b25d800 JavaThread "jar transforms Thread 5" [_thread_blocked, id=8804, stack(0x0000008364300000,0x0000008364400000)]
  0x000002335b264000 JavaThread "jar transforms Thread 6" [_thread_blocked, id=10308, stack(0x0000008364400000,0x0000008364500000)]
  0x000002335b25e800 JavaThread "jar transforms Thread 7" [_thread_blocked, id=1800, stack(0x0000008364500000,0x0000008364600000)]
  0x000002335b25f000 JavaThread "jar transforms Thread 8" [_thread_blocked, id=9556, stack(0x0000008364600000,0x0000008364700000)]
  0x0000023354d24800 JavaThread "Memory manager" [_thread_blocked, id=3788, stack(0x0000008364700000,0x0000008364800000)]
  0x0000023354d23000 JavaThread "build event listener" [_thread_blocked, id=9972, stack(0x0000008364800000,0x0000008364900000)]
  0x0000023354d27000 JavaThread "Execution worker for ':'" [_thread_blocked, id=12152, stack(0x0000008364900000,0x0000008364a00000)]
  0x0000023354d25800 JavaThread "Execution worker for ':' Thread 2" [_thread_blocked, id=5260, stack(0x0000008364a00000,0x0000008364b00000)]
  0x0000023354d24000 JavaThread "Execution worker for ':' Thread 3" [_thread_blocked, id=3828, stack(0x0000008364b00000,0x0000008364c00000)]
  0x0000023354d28000 JavaThread "Execution worker for ':' Thread 4" [_thread_blocked, id=1040, stack(0x0000008364c00000,0x0000008364d00000)]
  0x0000023354d29800 JavaThread "Execution worker for ':' Thread 5" [_thread_blocked, id=1508, stack(0x0000008364d00000,0x0000008364e00000)]
  0x0000023354d2b000 JavaThread "Execution worker for ':' Thread 6" [_thread_blocked, id=1316, stack(0x0000008364e00000,0x0000008364f00000)]
  0x0000023354d2a800 JavaThread "Execution worker for ':' Thread 7" [_thread_blocked, id=8108, stack(0x0000008364f00000,0x0000008365000000)]
  0x0000023354d2c000 JavaThread "Cache worker for execution history cache (D:\NotesApp\.gradle\7.2\executionHistory)" [_thread_blocked, id=7636, stack(0x0000008365000000,0x0000008365100000)]
  0x0000023354d2e800 JavaThread "WorkerExecutor Queue" [_thread_blocked, id=2860, stack(0x0000008365100000,0x0000008365200000)]
  0x0000023354d2f800 JavaThread "WorkerExecutor Queue Thread 2" [_thread_blocked, id=7336, stack(0x0000008365200000,0x0000008365300000)]
  0x0000023354d2d000 JavaThread "WorkerExecutor Queue Thread 3" [_thread_blocked, id=6592, stack(0x0000008365300000,0x0000008365400000)]
  0x0000023354d2d800 JavaThread "C2 CompilerThread1" daemon [_thread_in_native, id=9764, stack(0x000000835ce00000,0x000000835cf00000)]
  0x0000023354d30000 JavaThread "WorkerExecutor Queue Thread 4" [_thread_blocked, id=7264, stack(0x000000835e900000,0x000000835ea00000)]
  0x0000023354d31800 JavaThread "C2 CompilerThread2" daemon [_thread_blocked, id=7384, stack(0x0000008365400000,0x0000008365500000)]

Other Threads:
=>0x0000023353eac000 VMThread "VM Thread" [stack: 0x000000835c300000,0x000000835c400000] [id=11128]
  0x00000233549a2000 WatcherThread [stack: 0x000000835cd00000,0x000000835ce00000] [id=3228]
  0x0000023337a64000 GCTaskThread "GC Thread#0" [stack: 0x000000835be00000,0x000000835bf00000] [id=10924]
  0x0000023355844000 GCTaskThread "GC Thread#1" [stack: 0x000000835d000000,0x000000835d100000] [id=8872]
  0x00000233553c6800 GCTaskThread "GC Thread#2" [stack: 0x000000835d100000,0x000000835d200000] [id=1944]
  0x0000023357994800 GCTaskThread "GC Thread#3" [stack: 0x000000835de00000,0x000000835df00000] [id=10988]
  0x000002335572d800 GCTaskThread "GC Thread#4" [stack: 0x000000835df00000,0x000000835e000000] [id=4760]
  0x0000023355b43000 GCTaskThread "GC Thread#5" [stack: 0x000000835e000000,0x000000835e100000] [id=8204]
  0x0000023357e08000 GCTaskThread "GC Thread#6" [stack: 0x000000835e100000,0x000000835e200000] [id=4700]
  0x00000233567a7800 GCTaskThread "GC Thread#7" [stack: 0x000000835e200000,0x000000835e300000] [id=7768]
  0x0000023337a9c000 ConcurrentGCThread "G1 Main Marker" [stack: 0x000000835bf00000,0x000000835c000000] [id=3784]
  0x0000023337a9d000 ConcurrentGCThread "G1 Conc#0" [stack: 0x000000835c000000,0x000000835c100000] [id=10060]
  0x00000233565f5800 ConcurrentGCThread "G1 Conc#1" [stack: 0x000000835e300000,0x000000835e400000] [id=2648]
  0x0000023353cfa800 ConcurrentGCThread "G1 Refine#0" [stack: 0x000000835c100000,0x000000835c200000] [id=9380]
  0x0000023353cfb800 ConcurrentGCThread "G1 Young RemSet Sampling" [stack: 0x000000835c200000,0x000000835c300000] [id=2356]

Threads with active compile tasks:
C2 CompilerThread0  11721 13150  s    4       java.io.BufferedOutputStream::write (67 bytes)
C1 CompilerThread0  11721 13159   !   3       sun.nio.ch.SocketChannelImpl::beginWrite (52 bytes)
C2 CompilerThread1  11721 13030       4       org.gradle.api.internal.artifacts.transform.ConsumerProvidedVariantFinder::matchAttributes (68 bytes)
C2 CompilerThread2  11721 13031       4       org.gradle.api.internal.attributes.DefaultImmutableAttributes::findEntry (37 bytes)

VM state:at safepoint (normal execution)

VM Mutex/Monitor currently owned by a thread:  ([mutex/lock_event])
[0x0000023337a488d0] Threads_lock - owner thread: 0x0000023353eac000
[0x0000023337a48600] Heap_lock - owner thread: 0x000002335c01a000

Heap address: 0x0000000080000000, size: 2048 MB, Compressed Oops mode: 32-bit
Narrow klass base: 0x0000000000000000, Narrow klass shift: 3
Compressed class space size: 1073741824 Address: 0x0000000100000000

Heap:
 garbage-first heap   total 275456K, used 114344K [0x0000000080000000, 0x0000000100000000)
  region size 1024K, 3 young (3072K), 3 survivors (3072K)
 Metaspace       used 100358K, capacity 102616K, committed 102996K, reserved 1138688K
  class space    used 12778K, capacity 13586K, committed 13824K, reserved 1048576K
Heap Regions: E=young(eden), S=young(survivor), O=old, HS=humongous(starts), HC=humongous(continues), CS=collection set, F=free, A=archive, TAMS=top-at-mark-start (previous, next)
|   0|0x0000000080000000, 0x0000000080100000, 0x0000000080100000|100%| O|  |TAMS 0x0000000080100000, 0x0000000080100000| Untracked 
|   1|0x0000000080100000, 0x0000000080200000, 0x0000000080200000|100%| O|  |TAMS 0x0000000080200000, 0x0000000080200000| Untracked 
|   2|0x0000000080200000, 0x0000000080300000, 0x0000000080300000|100%| O|  |TAMS 0x0000000080300000, 0x0000000080300000| Untracked 
|   3|0x0000000080300000, 0x0000000080400000, 0x0000000080400000|100%|HS|  |TAMS 0x0000000080400000, 0x0000000080400000| Complete 
|   4|0x0000000080400000, 0x0000000080500000, 0x0000000080500000|100%|HC|  |TAMS 0x0000000080500000, 0x0000000080500000| Complete 
|   5|0x0000000080500000, 0x0000000080600000, 0x0000000080600000|100%|HC|  |TAMS 0x0000000080600000, 0x0000000080600000| Complete 
|   6|0x0000000080600000, 0x0000000080700000, 0x0000000080700000|100%| O|  |TAMS 0x0000000080700000, 0x0000000080700000| Untracked 
|   7|0x0000000080700000, 0x0000000080800000, 0x0000000080800000|100%| O|  |TAMS 0x0000000080800000, 0x0000000080800000| Untracked 
|   8|0x0000000080800000, 0x0000000080900000, 0x0000000080900000|100%| O|  |TAMS 0x0000000080900000, 0x0000000080900000| Untracked 
|   9|0x0000000080900000, 0x0000000080a00000, 0x0000000080a00000|100%| O|  |TAMS 0x0000000080a00000, 0x0000000080a00000| Untracked 
|  10|0x0000000080a00000, 0x0000000080b00000, 0x0000000080b00000|100%| O|  |TAMS 0x0000000080b00000, 0x0000000080b00000| Untracked 
|  11|0x0000000080b00000, 0x0000000080c00000, 0x0000000080c00000|100%| O|  |TAMS 0x0000000080c00000, 0x0000000080c00000| Untracked 
|  12|0x0000000080c00000, 0x0000000080d00000, 0x0000000080d00000|100%| O|  |TAMS 0x0000000080d00000, 0x0000000080d00000| Untracked 
|  13|0x0000000080d00000, 0x0000000080e00000, 0x0000000080e00000|100%| O|  |TAMS 0x0000000080e00000, 0x0000000080e00000| Untracked 
|  14|0x0000000080e00000, 0x0000000080f00000, 0x0000000080f00000|100%| O|  |TAMS 0x0000000080f00000, 0x0000000080f00000| Untracked 
|  15|0x0000000080f00000, 0x0000000081000000, 0x0000000081000000|100%| O|  |TAMS 0x0000000081000000, 0x0000000081000000| Untracked 
|  16|0x0000000081000000, 0x0000000081100000, 0x0000000081100000|100%| O|  |TAMS 0x0000000081100000, 0x0000000081100000| Untracked 
|  17|0x0000000081100000, 0x0000000081200000, 0x0000000081200000|100%|HS|  |TAMS 0x0000000081200000, 0x0000000081200000| Complete 
|  18|0x0000000081200000, 0x0000000081300000, 0x0000000081300000|100%| O|  |TAMS 0x0000000081300000, 0x0000000081300000| Untracked 
|  19|0x0000000081300000, 0x0000000081400000, 0x0000000081400000|100%| O|  |TAMS 0x0000000081400000, 0x0000000081400000| Untracked 
|  20|0x0000000081400000, 0x0000000081500000, 0x0000000081500000|100%| O|  |TAMS 0x0000000081500000, 0x0000000081500000| Untracked 
|  21|0x0000000081500000, 0x0000000081600000, 0x0000000081600000|100%| O|  |TAMS 0x0000000081600000, 0x0000000081600000| Untracked 
|  22|0x0000000081600000, 0x0000000081700000, 0x0000000081700000|100%| O|  |TAMS 0x0000000081700000, 0x0000000081700000| Untracked 
|  23|0x0000000081700000, 0x0000000081800000, 0x0000000081800000|100%| O|  |TAMS 0x0000000081800000, 0x0000000081800000| Untracked 
|  24|0x0000000081800000, 0x0000000081900000, 0x0000000081900000|100%|HS|  |TAMS 0x0000000081900000, 0x0000000081900000| Complete 
|  25|0x0000000081900000, 0x0000000081a00000, 0x0000000081a00000|100%|HS|  |TAMS 0x0000000081a00000, 0x0000000081a00000| Complete 
|  26|0x0000000081a00000, 0x0000000081b00000, 0x0000000081b00000|100%|HS|  |TAMS 0x0000000081b00000, 0x0000000081b00000| Complete 
|  27|0x0000000081b00000, 0x0000000081c00000, 0x0000000081c00000|100%|HS|  |TAMS 0x0000000081c00000, 0x0000000081c00000| Complete 
|  28|0x0000000081c00000, 0x0000000081d00000, 0x0000000081d00000|100%|HC|  |TAMS 0x0000000081d00000, 0x0000000081d00000| Complete 
|  29|0x0000000081d00000, 0x0000000081e00000, 0x0000000081e00000|100%|HC|  |TAMS 0x0000000081e00000, 0x0000000081e00000| Complete 
|  30|0x0000000081e00000, 0x0000000081f00000, 0x0000000081f00000|100%|HS|  |TAMS 0x0000000081f00000, 0x0000000081f00000| Complete 
|  31|0x0000000081f00000, 0x0000000082000000, 0x0000000082000000|100%|HC|  |TAMS 0x0000000082000000, 0x0000000082000000| Complete 
|  32|0x0000000082000000, 0x0000000082100000, 0x0000000082100000|100%| O|  |TAMS 0x0000000082100000, 0x0000000082100000| Untracked 
|  33|0x0000000082100000, 0x0000000082200000, 0x0000000082200000|100%| O|  |TAMS 0x0000000082200000, 0x0000000082200000| Untracked 
|  34|0x0000000082200000, 0x0000000082300000, 0x0000000082300000|100%| O|  |TAMS 0x0000000082300000, 0x0000000082300000| Untracked 
|  35|0x0000000082300000, 0x0000000082400000, 0x0000000082400000|100%| O|  |TAMS 0x0000000082400000, 0x0000000082400000| Untracked 
|  36|0x0000000082400000, 0x0000000082500000, 0x0000000082500000|100%| O|  |TAMS 0x0000000082500000, 0x0000000082500000| Untracked 
|  37|0x0000000082500000, 0x0000000082600000, 0x0000000082600000|100%| O|  |TAMS 0x0000000082600000, 0x0000000082600000| Untracked 
|  38|0x0000000082600000, 0x0000000082700000, 0x0000000082700000|100%| O|  |TAMS 0x0000000082700000, 0x0000000082700000| Untracked 
|  39|0x0000000082700000, 0x0000000082800000, 0x0000000082800000|100%| O|  |TAMS 0x0000000082800000, 0x0000000082800000| Untracked 
|  40|0x0000000082800000, 0x0000000082900000, 0x0000000082900000|100%| O|  |TAMS 0x0000000082900000, 0x0000000082900000| Untracked 
|  41|0x0000000082900000, 0x0000000082a00000, 0x0000000082a00000|100%| O|  |TAMS 0x0000000082a00000, 0x0000000082a00000| Untracked 
|  42|0x0000000082a00000, 0x0000000082b00000, 0x0000000082b00000|100%| O|  |TAMS 0x0000000082b00000, 0x0000000082b00000| Untracked 
|  43|0x0000000082b00000, 0x0000000082c00000, 0x0000000082c00000|100%| O|  |TAMS 0x0000000082c00000, 0x0000000082c00000| Untracked 
|  44|0x0000000082c00000, 0x0000000082d00000, 0x0000000082d00000|100%| O|  |TAMS 0x0000000082d00000, 0x0000000082d00000| Untracked 
|  45|0x0000000082d00000, 0x0000000082e00000, 0x0000000082e00000|100%| O|  |TAMS 0x0000000082e00000, 0x0000000082e00000| Untracked 
|  46|0x0000000082e00000, 0x0000000082f00000, 0x0000000082f00000|100%| O|  |TAMS 0x0000000082f00000, 0x0000000082f00000| Untracked 
|  47|0x0000000082f00000, 0x0000000083000000, 0x0000000083000000|100%| O|  |TAMS 0x0000000083000000, 0x0000000083000000| Untracked 
|  48|0x0000000083000000, 0x0000000083100000, 0x0000000083100000|100%| O|  |TAMS 0x0000000083100000, 0x0000000083100000| Untracked 
|  49|0x0000000083100000, 0x0000000083200000, 0x0000000083200000|100%| O|  |TAMS 0x0000000083200000, 0x0000000083200000| Untracked 
|  50|0x0000000083200000, 0x0000000083300000, 0x0000000083300000|100%| O|  |TAMS 0x0000000083300000, 0x0000000083300000| Untracked 
|  51|0x0000000083300000, 0x0000000083400000, 0x0000000083400000|100%| O|  |TAMS 0x0000000083400000, 0x0000000083400000| Untracked 
|  52|0x0000000083400000, 0x0000000083500000, 0x0000000083500000|100%| O|  |TAMS 0x0000000083500000, 0x0000000083500000| Untracked 
|  53|0x0000000083500000, 0x0000000083600000, 0x0000000083600000|100%| O|  |TAMS 0x0000000083600000, 0x0000000083600000| Untracked 
|  54|0x0000000083600000, 0x0000000083700000, 0x0000000083700000|100%| O|  |TAMS 0x0000000083700000, 0x0000000083700000| Untracked 
|  55|0x0000000083700000, 0x0000000083800000, 0x0000000083800000|100%| O|  |TAMS 0x0000000083800000, 0x0000000083800000| Untracked 
|  56|0x0000000083800000, 0x0000000083900000, 0x0000000083900000|100%| O|  |TAMS 0x0000000083900000, 0x0000000083900000| Untracked 
|  57|0x0000000083900000, 0x0000000083a00000, 0x0000000083a00000|100%| O|  |TAMS 0x0000000083a00000, 0x0000000083a00000| Untracked 
|  58|0x0000000083a00000, 0x0000000083b00000, 0x0000000083b00000|100%| O|  |TAMS 0x0000000083b00000, 0x0000000083b00000| Untracked 
|  59|0x0000000083b00000, 0x0000000083c00000, 0x0000000083c00000|100%| O|  |TAMS 0x0000000083c00000, 0x0000000083c00000| Untracked 
|  60|0x0000000083c00000, 0x0000000083d00000, 0x0000000083d00000|100%| O|  |TAMS 0x0000000083d00000, 0x0000000083d00000| Untracked 
|  61|0x0000000083d00000, 0x0000000083e00000, 0x0000000083e00000|100%| O|  |TAMS 0x0000000083e00000, 0x0000000083e00000| Untracked 
|  62|0x0000000083e00000, 0x0000000083f00000, 0x0000000083f00000|100%| O|  |TAMS 0x0000000083f00000, 0x0000000083f00000| Untracked 
|  63|0x0000000083f00000, 0x0000000084000000, 0x0000000084000000|100%| O|  |TAMS 0x0000000084000000, 0x0000000084000000| Untracked 
|  64|0x0000000084000000, 0x0000000084100000, 0x0000000084100000|100%| O|  |TAMS 0x0000000084100000, 0x0000000084100000| Untracked 
|  65|0x0000000084100000, 0x0000000084200000, 0x0000000084200000|100%| O|  |TAMS 0x0000000084200000, 0x0000000084200000| Untracked 
|  66|0x0000000084200000, 0x0000000084300000, 0x0000000084300000|100%| O|  |TAMS 0x0000000084300000, 0x0000000084300000| Untracked 
|  67|0x0000000084300000, 0x0000000084400000, 0x0000000084400000|100%| O|  |TAMS 0x0000000084400000, 0x0000000084400000| Untracked 
|  68|0x0000000084400000, 0x0000000084500000, 0x0000000084500000|100%| O|  |TAMS 0x0000000084500000, 0x0000000084500000| Untracked 
|  69|0x0000000084500000, 0x0000000084600000, 0x0000000084600000|100%| O|  |TAMS 0x0000000084600000, 0x0000000084600000| Untracked 
|  70|0x0000000084600000, 0x0000000084700000, 0x0000000084700000|100%| O|  |TAMS 0x0000000084700000, 0x0000000084700000| Untracked 
|  71|0x0000000084700000, 0x0000000084800000, 0x0000000084800000|100%| O|  |TAMS 0x0000000084800000, 0x0000000084800000| Untracked 
|  72|0x0000000084800000, 0x0000000084900000, 0x0000000084900000|100%| O|  |TAMS 0x0000000084900000, 0x0000000084900000| Untracked 
|  73|0x0000000084900000, 0x0000000084a00000, 0x0000000084a00000|100%| O|  |TAMS 0x0000000084a00000, 0x0000000084a00000| Untracked 
|  74|0x0000000084a00000, 0x0000000084b00000, 0x0000000084b00000|100%| O|  |TAMS 0x0000000084b00000, 0x0000000084b00000| Untracked 
|  75|0x0000000084b00000, 0x0000000084c00000, 0x0000000084c00000|100%| O|  |TAMS 0x0000000084c00000, 0x0000000084c00000| Untracked 
|  76|0x0000000084c00000, 0x0000000084d00000, 0x0000000084d00000|100%| O|  |TAMS 0x0000000084d00000, 0x0000000084d00000| Untracked 
|  77|0x0000000084d00000, 0x0000000084e00000, 0x0000000084e00000|100%| O|  |TAMS 0x0000000084e00000, 0x0000000084e00000| Untracked 
|  78|0x0000000084e00000, 0x0000000084f00000, 0x0000000084f00000|100%| O|  |TAMS 0x0000000084f00000, 0x0000000084f00000| Untracked 
|  79|0x0000000084f00000, 0x0000000085000000, 0x0000000085000000|100%| O|  |TAMS 0x0000000085000000, 0x0000000085000000| Untracked 
|  80|0x0000000085000000, 0x0000000085100000, 0x0000000085100000|100%| O|  |TAMS 0x0000000085100000, 0x0000000085100000| Untracked 
|  81|0x0000000085100000, 0x0000000085200000, 0x0000000085200000|100%| O|  |TAMS 0x0000000085200000, 0x0000000085200000| Untracked 
|  82|0x0000000085200000, 0x0000000085300000, 0x0000000085300000|100%| O|  |TAMS 0x0000000085300000, 0x0000000085300000| Untracked 
|  83|0x0000000085300000, 0x0000000085400000, 0x0000000085400000|100%| O|  |TAMS 0x0000000085400000, 0x0000000085400000| Untracked 
|  84|0x0000000085400000, 0x0000000085500000, 0x0000000085500000|100%| O|  |TAMS 0x0000000085500000, 0x0000000085500000| Untracked 
|  85|0x0000000085500000, 0x0000000085600000, 0x0000000085600000|100%| O|  |TAMS 0x0000000085600000, 0x0000000085600000| Untracked 
|  86|0x0000000085600000, 0x0000000085700000, 0x0000000085700000|100%| O|  |TAMS 0x0000000085700000, 0x0000000085700000| Untracked 
|  87|0x0000000085700000, 0x0000000085800000, 0x0000000085800000|100%| O|  |TAMS 0x0000000085700000, 0x0000000085800000| Untracked 
|  88|0x0000000085800000, 0x0000000085900000, 0x0000000085900000|100%| O|  |TAMS 0x0000000085900000, 0x0000000085900000| Untracked 
|  89|0x0000000085900000, 0x0000000085a00000, 0x0000000085a00000|100%| O|  |TAMS 0x0000000085a00000, 0x0000000085a00000| Untracked 
|  90|0x0000000085a00000, 0x0000000085b00000, 0x0000000085b00000|100%| O|  |TAMS 0x0000000085b00000, 0x0000000085b00000| Untracked 
|  91|0x0000000085b00000, 0x0000000085c00000, 0x0000000085c00000|100%| O|  |TAMS 0x0000000085c00000, 0x0000000085c00000| Untracked 
|  92|0x0000000085c00000, 0x0000000085d00000, 0x0000000085d00000|100%| O|  |TAMS 0x0000000085c00000, 0x0000000085d00000| Untracked 
|  93|0x0000000085d00000, 0x0000000085e00000, 0x0000000085e00000|100%| O|  |TAMS 0x0000000085e00000, 0x0000000085e00000| Untracked 
|  94|0x0000000085e00000, 0x0000000085f00000, 0x0000000085f00000|100%| O|  |TAMS 0x0000000085e00000, 0x0000000085f00000| Untracked 
|  95|0x0000000085f00000, 0x0000000086000000, 0x0000000086000000|100%| O|  |TAMS 0x0000000086000000, 0x0000000086000000| Untracked 
|  96|0x0000000086000000, 0x0000000086100000, 0x0000000086100000|100%| O|  |TAMS 0x0000000086000000, 0x0000000086100000| Untracked 
|  97|0x0000000086100000, 0x0000000086200000, 0x0000000086200000|100%| O|  |TAMS 0x0000000086200000, 0x0000000086200000| Untracked 
|  98|0x0000000086200000, 0x0000000086300000, 0x0000000086300000|100%| O|  |TAMS 0x0000000086300000, 0x0000000086300000| Untracked 
|  99|0x0000000086300000, 0x0000000086400000, 0x0000000086400000|100%| O|  |TAMS 0x0000000086400000, 0x0000000086400000| Untracked 
| 100|0x0000000086400000, 0x0000000086500000, 0x0000000086500000|100%| O|  |TAMS 0x0000000086500000, 0x0000000086500000| Untracked 
| 101|0x0000000086500000, 0x0000000086600000, 0x0000000086600000|100%| O|  |TAMS 0x0000000086500000, 0x0000000086600000| Untracked 
| 102|0x0000000086600000, 0x0000000086700000, 0x0000000086700000|100%| O|  |TAMS 0x0000000086700000, 0x0000000086700000| Untracked 
| 103|0x0000000086700000, 0x0000000086800000, 0x0000000086800000|100%| O|  |TAMS 0x0000000086800000, 0x0000000086800000| Untracked 
| 104|0x0000000086800000, 0x0000000086900000, 0x0000000086900000|100%| O|  |TAMS 0x000000008687e400, 0x0000000086900000| Untracked 
| 105|0x0000000086900000, 0x0000000086a00000, 0x0000000086a00000|100%| O|  |TAMS 0x0000000086900000, 0x0000000086a00000| Untracked 
| 106|0x0000000086a00000, 0x0000000086b00000, 0x0000000086b00000|100%| O|  |TAMS 0x0000000086a00000, 0x0000000086b00000| Untracked 
| 107|0x0000000086b00000, 0x0000000086c00000, 0x0000000086c00000|100%| O|  |TAMS 0x0000000086c00000, 0x0000000086c00000| Untracked 
| 108|0x0000000086c00000, 0x0000000086d00000, 0x0000000086d00000|100%| O|  |TAMS 0x0000000086d00000, 0x0000000086d00000| Untracked 
| 109|0x0000000086d00000, 0x0000000086d00000, 0x0000000086e00000|  0%| F|  |TAMS 0x0000000086d00000, 0x0000000086d00000| Untracked 
| 110|0x0000000086e00000, 0x0000000086e0b800, 0x0000000086f00000|  4%| O|  |TAMS 0x0000000086e00000, 0x0000000086e0b800| Untracked 
| 111|0x0000000086f00000, 0x0000000086f00000, 0x0000000087000000|  0%| F|  |TAMS 0x0000000086f00000, 0x0000000086f00000| Untracked 
| 112|0x0000000087000000, 0x0000000087000000, 0x0000000087100000|  0%| F|  |TAMS 0x0000000087000000, 0x0000000087000000| Untracked 
| 113|0x0000000087100000, 0x0000000087100000, 0x0000000087200000|  0%| F|  |TAMS 0x0000000087100000, 0x0000000087100000| Untracked 
| 114|0x0000000087200000, 0x0000000087200000, 0x0000000087300000|  0%| F|  |TAMS 0x0000000087200000, 0x0000000087200000| Untracked 
| 115|0x0000000087300000, 0x0000000087300000, 0x0000000087400000|  0%| F|  |TAMS 0x0000000087300000, 0x0000000087300000| Untracked 
| 116|0x0000000087400000, 0x0000000087400000, 0x0000000087500000|  0%| F|  |TAMS 0x0000000087400000, 0x0000000087400000| Untracked 
| 117|0x0000000087500000, 0x0000000087500000, 0x0000000087600000|  0%| F|  |TAMS 0x0000000087500000, 0x0000000087500000| Untracked 
| 118|0x0000000087600000, 0x0000000087600000, 0x0000000087700000|  0%| F|  |TAMS 0x0000000087600000, 0x0000000087600000| Untracked 
| 119|0x0000000087700000, 0x0000000087700000, 0x0000000087800000|  0%| F|  |TAMS 0x0000000087700000, 0x0000000087700000| Untracked 
| 120|0x0000000087800000, 0x0000000087800000, 0x0000000087900000|  0%| F|  |TAMS 0x0000000087800000, 0x0000000087800000| Untracked 
| 121|0x0000000087900000, 0x0000000087900000, 0x0000000087a00000|  0%| F|  |TAMS 0x0000000087900000, 0x0000000087900000| Untracked 
| 122|0x0000000087a00000, 0x0000000087a00000, 0x0000000087b00000|  0%| F|  |TAMS 0x0000000087a00000, 0x0000000087a00000| Untracked 
| 123|0x0000000087b00000, 0x0000000087b00000, 0x0000000087c00000|  0%| F|  |TAMS 0x0000000087b00000, 0x0000000087b00000| Untracked 
| 124|0x0000000087c00000, 0x0000000087c00000, 0x0000000087d00000|  0%| F|  |TAMS 0x0000000087c00000, 0x0000000087c00000| Untracked 
| 125|0x0000000087d00000, 0x0000000087d00000, 0x0000000087e00000|  0%| F|  |TAMS 0x0000000087d00000, 0x0000000087d00000| Untracked 
| 126|0x0000000087e00000, 0x0000000087e00000, 0x0000000087f00000|  0%| F|  |TAMS 0x0000000087e00000, 0x0000000087e00000| Untracked 
| 127|0x0000000087f00000, 0x0000000087f00000, 0x0000000088000000|  0%| F|  |TAMS 0x0000000087f00000, 0x0000000087f00000| Untracked 
| 128|0x0000000088000000, 0x0000000088000000, 0x0000000088100000|  0%| F|  |TAMS 0x0000000088000000, 0x0000000088000000| Untracked 
| 129|0x0000000088100000, 0x0000000088100000, 0x0000000088200000|  0%| F|  |TAMS 0x0000000088100000, 0x0000000088100000| Untracked 
| 130|0x0000000088200000, 0x0000000088200000, 0x0000000088300000|  0%| F|  |TAMS 0x0000000088200000, 0x0000000088200000| Untracked 
| 131|0x0000000088300000, 0x0000000088300000, 0x0000000088400000|  0%| F|  |TAMS 0x0000000088300000, 0x0000000088300000| Untracked 
| 132|0x0000000088400000, 0x0000000088400000, 0x0000000088500000|  0%| F|  |TAMS 0x0000000088400000, 0x0000000088400000| Untracked 
| 133|0x0000000088500000, 0x0000000088500000, 0x0000000088600000|  0%| F|  |TAMS 0x0000000088500000, 0x0000000088500000| Untracked 
| 134|0x0000000088600000, 0x0000000088600000, 0x0000000088700000|  0%| F|  |TAMS 0x0000000088600000, 0x0000000088600000| Untracked 
| 135|0x0000000088700000, 0x0000000088700000, 0x0000000088800000|  0%| F|  |TAMS 0x0000000088700000, 0x0000000088700000| Untracked 
| 136|0x0000000088800000, 0x0000000088800000, 0x0000000088900000|  0%| F|  |TAMS 0x0000000088800000, 0x0000000088800000| Untracked 
| 137|0x0000000088900000, 0x0000000088900000, 0x0000000088a00000|  0%| F|  |TAMS 0x0000000088900000, 0x0000000088900000| Untracked 
| 138|0x0000000088a00000, 0x0000000088a00000, 0x0000000088b00000|  0%| F|  |TAMS 0x0000000088a00000, 0x0000000088a00000| Untracked 
| 139|0x0000000088b00000, 0x0000000088b00000, 0x0000000088c00000|  0%| F|  |TAMS 0x0000000088b00000, 0x0000000088b00000| Untracked 
| 140|0x0000000088c00000, 0x0000000088c00000, 0x0000000088d00000|  0%| F|  |TAMS 0x0000000088c00000, 0x0000000088c00000| Untracked 
| 141|0x0000000088d00000, 0x0000000088d00000, 0x0000000088e00000|  0%| F|  |TAMS 0x0000000088d00000, 0x0000000088d00000| Untracked 
| 142|0x0000000088e00000, 0x0000000088e00000, 0x0000000088f00000|  0%| F|  |TAMS 0x0000000088e00000, 0x0000000088e00000| Untracked 
| 143|0x0000000088f00000, 0x0000000088f00000, 0x0000000089000000|  0%| F|  |TAMS 0x0000000088f00000, 0x0000000088f00000| Untracked 
| 144|0x0000000089000000, 0x0000000089000000, 0x0000000089100000|  0%| F|  |TAMS 0x0000000089000000, 0x0000000089000000| Untracked 
| 145|0x0000000089100000, 0x0000000089100000, 0x0000000089200000|  0%| F|  |TAMS 0x0000000089100000, 0x0000000089100000| Untracked 
| 146|0x0000000089200000, 0x0000000089200000, 0x0000000089300000|  0%| F|  |TAMS 0x0000000089200000, 0x0000000089200000| Untracked 
| 147|0x0000000089300000, 0x0000000089300000, 0x0000000089400000|  0%| F|  |TAMS 0x0000000089300000, 0x0000000089300000| Untracked 
| 148|0x0000000089400000, 0x0000000089400000, 0x0000000089500000|  0%| F|  |TAMS 0x0000000089400000, 0x0000000089400000| Untracked 
| 149|0x0000000089500000, 0x0000000089500000, 0x0000000089600000|  0%| F|  |TAMS 0x0000000089500000, 0x0000000089500000| Untracked 
| 150|0x0000000089600000, 0x0000000089600000, 0x0000000089700000|  0%| F|  |TAMS 0x0000000089600000, 0x0000000089600000| Untracked 
| 151|0x0000000089700000, 0x0000000089700000, 0x0000000089800000|  0%| F|  |TAMS 0x0000000089700000, 0x0000000089700000| Untracked 
| 152|0x0000000089800000, 0x0000000089800000, 0x0000000089900000|  0%| F|  |TAMS 0x0000000089800000, 0x0000000089800000| Untracked 
| 153|0x0000000089900000, 0x0000000089900000, 0x0000000089a00000|  0%| F|  |TAMS 0x0000000089900000, 0x0000000089900000| Untracked 
| 154|0x0000000089a00000, 0x0000000089a00000, 0x0000000089b00000|  0%| F|  |TAMS 0x0000000089a00000, 0x0000000089a00000| Untracked 
| 155|0x0000000089b00000, 0x0000000089b00000, 0x0000000089c00000|  0%| F|  |TAMS 0x0000000089b00000, 0x0000000089b00000| Untracked 
| 156|0x0000000089c00000, 0x0000000089c00000, 0x0000000089d00000|  0%| F|  |TAMS 0x0000000089c00000, 0x0000000089c00000| Untracked 
| 157|0x0000000089d00000, 0x0000000089d00000, 0x0000000089e00000|  0%| F|  |TAMS 0x0000000089d00000, 0x0000000089d00000| Untracked 
| 158|0x0000000089e00000, 0x0000000089e00000, 0x0000000089f00000|  0%| F|  |TAMS 0x0000000089e00000, 0x0000000089e00000| Untracked 
| 159|0x0000000089f00000, 0x0000000089f00000, 0x000000008a000000|  0%| F|  |TAMS 0x0000000089f00000, 0x0000000089f00000| Untracked 
| 160|0x000000008a000000, 0x000000008a000000, 0x000000008a100000|  0%| F|  |TAMS 0x000000008a000000, 0x000000008a000000| Untracked 
| 161|0x000000008a100000, 0x000000008a100000, 0x000000008a200000|  0%| F|  |TAMS 0x000000008a100000, 0x000000008a100000| Untracked 
| 162|0x000000008a200000, 0x000000008a200000, 0x000000008a300000|  0%| F|  |TAMS 0x000000008a200000, 0x000000008a200000| Untracked 
| 163|0x000000008a300000, 0x000000008a300000, 0x000000008a400000|  0%| F|  |TAMS 0x000000008a300000, 0x000000008a300000| Untracked 
| 164|0x000000008a400000, 0x000000008a400000, 0x000000008a500000|  0%| F|  |TAMS 0x000000008a400000, 0x000000008a400000| Untracked 
| 165|0x000000008a500000, 0x000000008a500000, 0x000000008a600000|  0%| F|  |TAMS 0x000000008a500000, 0x000000008a500000| Untracked 
| 166|0x000000008a600000, 0x000000008a600000, 0x000000008a700000|  0%| F|  |TAMS 0x000000008a600000, 0x000000008a600000| Untracked 
| 167|0x000000008a700000, 0x000000008a700000, 0x000000008a800000|  0%| F|  |TAMS 0x000000008a700000, 0x000000008a700000| Untracked 
| 168|0x000000008a800000, 0x000000008a800000, 0x000000008a900000|  0%| F|  |TAMS 0x000000008a800000, 0x000000008a800000| Untracked 
| 169|0x000000008a900000, 0x000000008a900000, 0x000000008aa00000|  0%| F|  |TAMS 0x000000008a900000, 0x000000008a900000| Untracked 
| 170|0x000000008aa00000, 0x000000008aa00000, 0x000000008ab00000|  0%| F|  |TAMS 0x000000008aa00000, 0x000000008aa00000| Untracked 
| 171|0x000000008ab00000, 0x000000008ab00000, 0x000000008ac00000|  0%| F|  |TAMS 0x000000008ab00000, 0x000000008ab00000| Untracked 
| 172|0x000000008ac00000, 0x000000008ac00000, 0x000000008ad00000|  0%| F|  |TAMS 0x000000008ac00000, 0x000000008ac00000| Untracked 
| 173|0x000000008ad00000, 0x000000008ad00000, 0x000000008ae00000|  0%| F|  |TAMS 0x000000008ad00000, 0x000000008ad00000| Untracked 
| 174|0x000000008ae00000, 0x000000008ae00000, 0x000000008af00000|  0%| F|  |TAMS 0x000000008ae00000, 0x000000008ae00000| Untracked 
| 175|0x000000008af00000, 0x000000008af00000, 0x000000008b000000|  0%| F|  |TAMS 0x000000008af00000, 0x000000008af00000| Untracked 
| 176|0x000000008b000000, 0x000000008b000000, 0x000000008b100000|  0%| F|  |TAMS 0x000000008b000000, 0x000000008b000000| Untracked 
| 177|0x000000008b100000, 0x000000008b100000, 0x000000008b200000|  0%| F|  |TAMS 0x000000008b100000, 0x000000008b100000| Untracked 
| 178|0x000000008b200000, 0x000000008b200000, 0x000000008b300000|  0%| F|  |TAMS 0x000000008b200000, 0x000000008b200000| Untracked 
| 179|0x000000008b300000, 0x000000008b300000, 0x000000008b400000|  0%| F|  |TAMS 0x000000008b300000, 0x000000008b300000| Untracked 
| 180|0x000000008b400000, 0x000000008b400000, 0x000000008b500000|  0%| F|  |TAMS 0x000000008b400000, 0x000000008b400000| Untracked 
| 181|0x000000008b500000, 0x000000008b500000, 0x000000008b600000|  0%| F|  |TAMS 0x000000008b500000, 0x000000008b500000| Untracked 
| 182|0x000000008b600000, 0x000000008b600000, 0x000000008b700000|  0%| F|  |TAMS 0x000000008b600000, 0x000000008b600000| Untracked 
| 183|0x000000008b700000, 0x000000008b700000, 0x000000008b800000|  0%| F|  |TAMS 0x000000008b700000, 0x000000008b700000| Untracked 
| 184|0x000000008b800000, 0x000000008b800000, 0x000000008b900000|  0%| F|  |TAMS 0x000000008b800000, 0x000000008b800000| Untracked 
| 185|0x000000008b900000, 0x000000008b900000, 0x000000008ba00000|  0%| F|  |TAMS 0x000000008b900000, 0x000000008b900000| Untracked 
| 186|0x000000008ba00000, 0x000000008ba00000, 0x000000008bb00000|  0%| F|  |TAMS 0x000000008ba00000, 0x000000008ba00000| Untracked 
| 187|0x000000008bb00000, 0x000000008bb00000, 0x000000008bc00000|  0%| F|  |TAMS 0x000000008bb00000, 0x000000008bb00000| Untracked 
| 188|0x000000008bc00000, 0x000000008bc00000, 0x000000008bd00000|  0%| F|  |TAMS 0x000000008bc00000, 0x000000008bc00000| Untracked 
| 189|0x000000008bd00000, 0x000000008bd00000, 0x000000008be00000|  0%| F|  |TAMS 0x000000008bd00000, 0x000000008bd00000| Untracked 
| 190|0x000000008be00000, 0x000000008be00000, 0x000000008bf00000|  0%| F|  |TAMS 0x000000008be00000, 0x000000008be00000| Untracked 
| 191|0x000000008bf00000, 0x000000008bf00000, 0x000000008c000000|  0%| F|  |TAMS 0x000000008bf00000, 0x000000008bf00000| Untracked 
| 192|0x000000008c000000, 0x000000008c000000, 0x000000008c100000|  0%| F|  |TAMS 0x000000008c000000, 0x000000008c000000| Untracked 
| 193|0x000000008c100000, 0x000000008c100000, 0x000000008c200000|  0%| F|  |TAMS 0x000000008c100000, 0x000000008c100000| Untracked 
| 194|0x000000008c200000, 0x000000008c29e9f0, 0x000000008c300000| 61%| S|CS|TAMS 0x000000008c200000, 0x000000008c200000| Complete 
| 195|0x000000008c300000, 0x000000008c400000, 0x000000008c400000|100%| S|CS|TAMS 0x000000008c300000, 0x000000008c300000| Complete 
| 196|0x000000008c400000, 0x000000008c500000, 0x000000008c500000|100%| S|CS|TAMS 0x000000008c400000, 0x000000008c400000| Complete 
| 197|0x000000008c500000, 0x000000008c500000, 0x000000008c600000|  0%| F|  |TAMS 0x000000008c500000, 0x000000008c500000| Untracked 
| 198|0x000000008c600000, 0x000000008c600000, 0x000000008c700000|  0%| F|  |TAMS 0x000000008c600000, 0x000000008c600000| Untracked 
| 199|0x000000008c700000, 0x000000008c700000, 0x000000008c800000|  0%| F|  |TAMS 0x000000008c700000, 0x000000008c700000| Untracked 
| 200|0x000000008c800000, 0x000000008c800000, 0x000000008c900000|  0%| F|  |TAMS 0x000000008c800000, 0x000000008c800000| Untracked 
| 201|0x000000008c900000, 0x000000008c900000, 0x000000008ca00000|  0%| F|  |TAMS 0x000000008c900000, 0x000000008c900000| Untracked 
| 202|0x000000008ca00000, 0x000000008ca00000, 0x000000008cb00000|  0%| F|  |TAMS 0x000000008ca00000, 0x000000008ca00000| Untracked 
| 203|0x000000008cb00000, 0x000000008cb00000, 0x000000008cc00000|  0%| F|  |TAMS 0x000000008cb00000, 0x000000008cb00000| Untracked 
| 204|0x000000008cc00000, 0x000000008cc00000, 0x000000008cd00000|  0%| F|  |TAMS 0x000000008cc00000, 0x000000008cc00000| Untracked 
| 205|0x000000008cd00000, 0x000000008cd00000, 0x000000008ce00000|  0%| F|  |TAMS 0x000000008cd00000, 0x000000008cd00000| Untracked 
| 206|0x000000008ce00000, 0x000000008ce00000, 0x000000008cf00000|  0%| F|  |TAMS 0x000000008ce00000, 0x000000008ce00000| Untracked 
| 207|0x000000008cf00000, 0x000000008cf00000, 0x000000008d000000|  0%| F|  |TAMS 0x000000008cf00000, 0x000000008cf00000| Untracked 
| 208|0x000000008d000000, 0x000000008d000000, 0x000000008d100000|  0%| F|  |TAMS 0x000000008d000000, 0x000000008d000000| Untracked 
| 209|0x000000008d100000, 0x000000008d100000, 0x000000008d200000|  0%| F|  |TAMS 0x000000008d100000, 0x000000008d100000| Untracked 
| 210|0x000000008d200000, 0x000000008d200000, 0x000000008d300000|  0%| F|  |TAMS 0x000000008d200000, 0x000000008d200000| Untracked 
| 211|0x000000008d300000, 0x000000008d300000, 0x000000008d400000|  0%| F|  |TAMS 0x000000008d300000, 0x000000008d300000| Untracked 
| 212|0x000000008d400000, 0x000000008d400000, 0x000000008d500000|  0%| F|  |TAMS 0x000000008d400000, 0x000000008d400000| Untracked 
| 213|0x000000008d500000, 0x000000008d500000, 0x000000008d600000|  0%| F|  |TAMS 0x000000008d500000, 0x000000008d500000| Untracked 
| 214|0x000000008d600000, 0x000000008d600000, 0x000000008d700000|  0%| F|  |TAMS 0x000000008d600000, 0x000000008d600000| Untracked 
| 215|0x000000008d700000, 0x000000008d700000, 0x000000008d800000|  0%| F|  |TAMS 0x000000008d700000, 0x000000008d700000| Untracked 
| 216|0x000000008d800000, 0x000000008d800000, 0x000000008d900000|  0%| F|  |TAMS 0x000000008d800000, 0x000000008d800000| Untracked 
| 217|0x000000008d900000, 0x000000008d900000, 0x000000008da00000|  0%| F|  |TAMS 0x000000008d900000, 0x000000008d900000| Untracked 
| 218|0x000000008da00000, 0x000000008da00000, 0x000000008db00000|  0%| F|  |TAMS 0x000000008da00000, 0x000000008da00000| Untracked 
| 219|0x000000008db00000, 0x000000008db00000, 0x000000008dc00000|  0%| F|  |TAMS 0x000000008db00000, 0x000000008db00000| Untracked 

Card table byte_map: [0x000002334cbd0000,0x000002334cfd0000] _byte_map_base: 0x000002334c7d0000

Marking Bits (Prev, Next): (CMBitMap*) 0x0000023337a92fa0, (CMBitMap*) 0x0000023337a92f68
 Prev Bits: [0x000002334f3d0000, 0x00000233513d0000)
 Next Bits: [0x000002334d3d0000, 0x000002334f3d0000)

Polling page: 0x0000023337900000

Metaspace:

Usage:
  Non-class:     86.94 MB capacity,    85.53 MB ( 98%) used,     1.15 MB (  1%) free+waste,   269.00 KB ( <1%) overhead. 
      Class:     13.27 MB capacity,    12.48 MB ( 94%) used,   688.78 KB (  5%) free+waste,   118.50 KB ( <1%) overhead. 
       Both:    100.21 MB capacity,    98.01 MB ( 98%) used,     1.83 MB (  2%) free+waste,   387.50 KB ( <1%) overhead. 

Virtual space:
  Non-class space:       88.00 MB reserved,      87.08 MB ( 99%) committed 
      Class space:        1.00 GB reserved,      13.50 MB (  1%) committed 
             Both:        1.09 GB reserved,     100.58 MB (  9%) committed 

Chunk freelists:
   Non-Class:  142.00 KB
       Class:  142.00 KB
        Both:  284.00 KB

MaxMetaspaceSize: 17179869184.00 GB
CompressedClassSpaceSize: 1.00 GB

CodeHeap 'non-profiled nmethods': size=120000Kb used=8934Kb max_used=8934Kb free=111065Kb
 bounds [0x0000023344820000, 0x00000233450e0000, 0x000002334bd50000]
CodeHeap 'profiled nmethods': size=120000Kb used=28482Kb max_used=28482Kb free=91517Kb
 bounds [0x000002333d2f0000, 0x000002333eed0000, 0x0000023344820000]
CodeHeap 'non-nmethods': size=5760Kb used=2323Kb max_used=2367Kb free=3437Kb
 bounds [0x000002333cd50000, 0x000002333cfc0000, 0x000002333d2f0000]
 total_blobs=14002 nmethods=13080 adapters=833
 compilation: enabled
              stopped_count=0, restarted_count=0
 full_count=0

Compilation events (20 events):
Event: 11.703 Thread 0x0000023353ec8800 nmethod 13151 0x000002333eeba210 code [0x000002333eeba3e0, 0x000002333eeba698]
Event: 11.703 Thread 0x0000023353ec8800 13152   !   3       sun.nio.ch.IOUtil::write (174 bytes)
Event: 11.703 Thread 0x0000023354d31800 nmethod 13056 0x00000233450d8d90 code [0x00000233450d8f40, 0x00000233450d9158]
Event: 11.703 Thread 0x0000023354d31800 13052       4       com.google.common.collect.ImmutableMap$Builder::<init> (23 bytes)
Event: 11.703 Thread 0x0000023353ec8800 nmethod 13152 0x000002333eeba810 code [0x000002333eebaa80, 0x000002333eebb2e8]
Event: 11.703 Thread 0x0000023353ec8800 13153       3       sun.nio.ch.IOUtil::writeFromNativeBuffer (157 bytes)
Event: 11.704 Thread 0x0000023353ec8800 nmethod 13153 0x000002333eebb690 code [0x000002333eebb8e0, 0x000002333eebc228]
Event: 11.704 Thread 0x0000023353ec8800 13154       1       org.gradle.api.internal.artifacts.configurations.DefaultConfiguration$WithResults::getCachedResolverResults (5 bytes)
Event: 11.704 Thread 0x0000023353ec8800 nmethod 13154 0x00000233450d9310 code [0x00000233450d94c0, 0x00000233450d9578]
Event: 11.705 Thread 0x0000023353ec8800 13155       3       java.nio.MappedByteBuffer::flip (5 bytes)
Event: 11.705 Thread 0x0000023354d31800 nmethod 13052 0x00000233450d9610 code [0x00000233450d97a0, 0x00000233450d9998]
Event: 11.705 Thread 0x0000023353ec8800 nmethod 13155 0x000002333eebc510 code [0x000002333eebc6e0, 0x000002333eebc918]
Event: 11.705 Thread 0x0000023354d31800 13031       4       org.gradle.api.internal.attributes.DefaultImmutableAttributes::findEntry (37 bytes)
Event: 11.705 Thread 0x0000023353ec8800 13156       3       org.gradle.launcher.daemon.protocol.Message::<init> (5 bytes)
Event: 11.705 Thread 0x0000023353ec8800 nmethod 13156 0x000002333eebca10 code [0x000002333eebcbc0, 0x000002333eebcd18]
Event: 11.705 Thread 0x0000023353ec8800 13157   !   3       java.nio.DirectByteBuffer::put (151 bytes)
Event: 11.707 Thread 0x0000023353ec8800 nmethod 13157 0x000002333eebce10 code [0x000002333eebd140, 0x000002333eebe0a8]
Event: 11.707 Thread 0x0000023353ec8800 13158   !   3       sun.nio.ch.SocketChannelImpl::write (177 bytes)
Event: 11.709 Thread 0x0000023353ec8800 nmethod 13158 0x000002333eebe890 code [0x000002333eebec20, 0x000002333eec00b8]
Event: 11.709 Thread 0x0000023353ec8800 13159   !   3       sun.nio.ch.SocketChannelImpl::beginWrite (52 bytes)

GC Heap History (20 events):
Event: 8.969 GC heap after
{Heap after GC invocations=20 (full 0):
 garbage-first heap   total 225280K, used 91316K [0x0000000080000000, 0x0000000100000000)
  region size 1024K, 3 young (3072K), 3 survivors (3072K)
 Metaspace       used 87805K, capacity 90189K, committed 90452K, reserved 1128448K
  class space    used 11409K, capacity 12261K, committed 12288K, reserved 1048576K
}
Event: 9.650 GC heap before
{Heap before GC invocations=21 (full 0):
 garbage-first heap   total 225280K, used 171188K [0x0000000080000000, 0x0000000100000000)
  region size 1024K, 79 young (80896K), 3 survivors (3072K)
 Metaspace       used 90492K, capacity 92651K, committed 93396K, reserved 1130496K
  class space    used 11660K, capacity 12436K, committed 12672K, reserved 1048576K
}
Event: 9.661 GC heap after
{Heap after GC invocations=22 (full 0):
 garbage-first heap   total 225280K, used 108489K [0x0000000080000000, 0x0000000100000000)
  region size 1024K, 10 young (10240K), 10 survivors (10240K)
 Metaspace       used 90492K, capacity 92651K, committed 93396K, reserved 1130496K
  class space    used 11660K, capacity 12436K, committed 12672K, reserved 1048576K
}
Event: 9.759 GC heap before
{Heap before GC invocations=22 (full 0):
 garbage-first heap   total 225280K, used 126921K [0x0000000080000000, 0x0000000100000000)
  region size 1024K, 26 young (26624K), 10 survivors (10240K)
 Metaspace       used 90612K, capacity 92779K, committed 93652K, reserved 1130496K
  class space    used 11666K, capacity 12436K, committed 12672K, reserved 1048576K
}
Event: 9.792 GC heap after
{Heap after GC invocations=23 (full 0):
 garbage-first heap   total 225280K, used 118757K [0x0000000080000000, 0x0000000100000000)
  region size 1024K, 8 young (8192K), 8 survivors (8192K)
 Metaspace       used 90612K, capacity 92779K, committed 93652K, reserved 1130496K
  class space    used 11666K, capacity 12436K, committed 12672K, reserved 1048576K
}
Event: 10.136 GC heap before
{Heap before GC invocations=24 (full 0):
 garbage-first heap   total 225280K, used 173029K [0x0000000080000000, 0x0000000100000000)
  region size 1024K, 48 young (49152K), 8 survivors (8192K)
 Metaspace       used 93947K, capacity 96198K, committed 96852K, reserved 1132544K
  class space    used 12027K, capacity 12831K, committed 13056K, reserved 1048576K
}
Event: 10.143 GC heap after
{Heap after GC invocations=25 (full 0):
 garbage-first heap   total 225280K, used 115158K [0x0000000080000000, 0x0000000100000000)
  region size 1024K, 3 young (3072K), 3 survivors (3072K)
 Metaspace       used 93947K, capacity 96198K, committed 96852K, reserved 1132544K
  class space    used 12027K, capacity 12831K, committed 13056K, reserved 1048576K
}
Event: 10.471 GC heap before
{Heap before GC invocations=25 (full 0):
 garbage-first heap   total 225280K, used 161238K [0x0000000080000000, 0x0000000100000000)
  region size 1024K, 49 young (50176K), 3 survivors (3072K)
 Metaspace       used 95117K, capacity 97392K, committed 98004K, reserved 1134592K
  class space    used 12132K, capacity 12942K, committed 13184K, reserved 1048576K
}
Event: 10.477 GC heap after
{Heap after GC invocations=26 (full 0):
 garbage-first heap   total 225280K, used 116905K [0x0000000080000000, 0x0000000100000000)
  region size 1024K, 5 young (5120K), 5 survivors (5120K)
 Metaspace       used 95117K, capacity 97392K, committed 98004K, reserved 1134592K
  class space    used 12132K, capacity 12942K, committed 13184K, reserved 1048576K
}
Event: 10.777 GC heap before
{Heap before GC invocations=27 (full 0):
 garbage-first heap   total 225280K, used 155346K [0x0000000080000000, 0x0000000100000000)
  region size 1024K, 54 young (55296K), 5 survivors (5120K)
 Metaspace       used 96204K, capacity 98446K, committed 98900K, reserved 1134592K
  class space    used 12258K, capacity 13077K, committed 13312K, reserved 1048576K
}
Event: 10.784 GC heap after
{Heap after GC invocations=28 (full 0):
 garbage-first heap   total 225280K, used 111804K [0x0000000080000000, 0x0000000100000000)
  region size 1024K, 7 young (7168K), 7 survivors (7168K)
 Metaspace       used 96204K, capacity 98446K, committed 98900K, reserved 1134592K
  class space    used 12258K, capacity 13077K, committed 13312K, reserved 1048576K
}
Event: 10.830 GC heap before
{Heap before GC invocations=28 (full 0):
 garbage-first heap   total 225280K, used 115900K [0x0000000080000000, 0x0000000100000000)
  region size 1024K, 11 young (11264K), 7 survivors (7168K)
 Metaspace       used 96596K, capacity 98941K, committed 99412K, reserved 1136640K
  class space    used 12298K, capacity 13114K, committed 13312K, reserved 1048576K
}
Event: 10.834 GC heap after
{Heap after GC invocations=29 (full 0):
 garbage-first heap   total 225280K, used 106137K [0x0000000080000000, 0x0000000100000000)
  region size 1024K, 2 young (2048K), 2 survivors (2048K)
 Metaspace       used 96596K, capacity 98941K, committed 99412K, reserved 1136640K
  class space    used 12298K, capacity 13114K, committed 13312K, reserved 1048576K
}
Event: 11.257 GC heap before
{Heap before GC invocations=29 (full 0):
 garbage-first heap   total 225280K, used 162457K [0x0000000080000000, 0x0000000100000000)
  region size 1024K, 57 young (58368K), 2 survivors (2048K)
 Metaspace       used 100063K, capacity 102382K, committed 102868K, reserved 1138688K
  class space    used 12737K, capacity 13533K, committed 13696K, reserved 1048576K
}
Event: 11.261 GC heap after
{Heap after GC invocations=30 (full 0):
 garbage-first heap   total 225280K, used 108025K [0x0000000080000000, 0x0000000100000000)
  region size 1024K, 3 young (3072K), 3 survivors (3072K)
 Metaspace       used 100063K, capacity 102382K, committed 102868K, reserved 1138688K
  class space    used 12737K, capacity 13533K, committed 13696K, reserved 1048576K
}
Event: 11.585 GC heap before
{Heap before GC invocations=31 (full 0):
 garbage-first heap   total 225280K, used 166393K [0x0000000080000000, 0x0000000100000000)
  region size 1024K, 61 young (62464K), 3 survivors (3072K)
 Metaspace       used 100137K, capacity 102391K, committed 102868K, reserved 1138688K
  class space    used 12744K, capacity 13534K, committed 13696K, reserved 1048576K
}
Event: 11.592 GC heap after
{Heap after GC invocations=32 (full 0):
 garbage-first heap   total 225280K, used 112897K [0x0000000080000000, 0x0000000100000000)
  region size 1024K, 8 young (8192K), 8 survivors (8192K)
 Metaspace       used 100137K, capacity 102391K, committed 102868K, reserved 1138688K
  class space    used 12744K, capacity 13534K, committed 13696K, reserved 1048576K
}
Event: 11.599 GC heap before
{Heap before GC invocations=32 (full 0):
 garbage-first heap   total 225280K, used 114945K [0x0000000080000000, 0x0000000100000000)
  region size 1024K, 11 young (11264K), 8 survivors (8192K)
 Metaspace       used 100137K, capacity 102391K, committed 102868K, reserved 1138688K
  class space    used 12744K, capacity 13534K, committed 13696K, reserved 1048576K
}
Event: 11.605 GC heap after
{Heap after GC invocations=33 (full 0):
 garbage-first heap   total 225280K, used 112686K [0x0000000080000000, 0x0000000100000000)
  region size 1024K, 1 young (1024K), 1 survivors (1024K)
 Metaspace       used 100137K, capacity 102391K, committed 102868K, reserved 1138688K
  class space    used 12744K, capacity 13534K, committed 13696K, reserved 1048576K
}
Event: 11.709 GC heap before
{Heap before GC invocations=33 (full 0):
 garbage-first heap   total 225280K, used 133166K [0x0000000080000000, 0x0000000100000000)
  region size 1024K, 23 young (23552K), 1 survivors (1024K)
 Metaspace       used 100358K, capacity 102616K, committed 102996K, reserved 1138688K
  class space    used 12778K, capacity 13586K, committed 13824K, reserved 1048576K
}

Deoptimization events (20 events):
Event: 11.633 Thread 0x0000023354d24000 DEOPT PACKING pc=0x0000023344fba1dc sp=0x0000008364bfc8e0
Event: 11.633 Thread 0x0000023354d24000 DEOPT UNPACKING pc=0x000002333cd583af sp=0x0000008364bfc8d0 mode 2
Event: 11.634 Thread 0x0000023354d24000 DEOPT PACKING pc=0x000002333e9a07f6 sp=0x0000008364bfb310
Event: 11.634 Thread 0x0000023354d24000 DEOPT UNPACKING pc=0x000002333cd77c0e sp=0x0000008364bfa830 mode 0
Event: 11.654 Thread 0x0000023354d24000 Uncommon trap: trap_request=0xffffffc6 fr.pc=0x0000023344fba760 relative=0x0000000000003780
Event: 11.654 Thread 0x0000023354d24000 Uncommon trap: reason=bimorphic_or_optimized_type_check action=maybe_recompile pc=0x0000023344fba760 method=org.gradle.internal.snapshot.impl.DefaultValueSnapshotter.processValue(Ljava/lang/Object;Lorg/gradle/internal/snapshot/impl/DefaultValueSnapshotter
Event: 11.654 Thread 0x0000023354d24000 DEOPT PACKING pc=0x0000023344fba760 sp=0x0000008364bfabf0
Event: 11.654 Thread 0x0000023354d24000 DEOPT UNPACKING pc=0x000002333cd583af sp=0x0000008364bfabe8 mode 2
Event: 11.658 Thread 0x0000023354d24000 Uncommon trap: trap_request=0xffffffde fr.pc=0x0000023344fba1dc relative=0x00000000000031fc
Event: 11.658 Thread 0x0000023354d24000 Uncommon trap: reason=class_check action=maybe_recompile pc=0x0000023344fba1dc method=org.gradle.internal.snapshot.impl.DefaultValueSnapshotter.processValue(Ljava/lang/Object;Lorg/gradle/internal/snapshot/impl/DefaultValueSnapshotter$ValueVisitor;)Ljava/l
Event: 11.658 Thread 0x0000023354d24000 DEOPT PACKING pc=0x0000023344fba1dc sp=0x0000008364bfa320
Event: 11.658 Thread 0x0000023354d24000 DEOPT UNPACKING pc=0x000002333cd583af sp=0x0000008364bfa310 mode 2
Event: 11.702 Thread 0x0000023358049000 Uncommon trap: trap_request=0xffffff7e fr.pc=0x0000023344e2d7c0 relative=0x0000000000000180
Event: 11.702 Thread 0x0000023358049000 Uncommon trap: reason=predicate action=maybe_recompile pc=0x0000023344e2d7c0 method=java.util.Collections.indexedBinarySearch(Ljava/util/List;Ljava/lang/Object;)I @ 13 c2
Event: 11.702 Thread 0x0000023358049000 DEOPT PACKING pc=0x0000023344e2d7c0 sp=0x000000835dbfbfe0
Event: 11.702 Thread 0x0000023358049000 DEOPT UNPACKING pc=0x000002333cd583af sp=0x000000835dbfbf60 mode 2
Event: 11.707 Thread 0x000002335c01a000 Uncommon trap: trap_request=0xffffff4d fr.pc=0x0000023344853844 relative=0x00000000000008e4
Event: 11.707 Thread 0x000002335c01a000 Uncommon trap: reason=unstable_if action=reinterpret pc=0x0000023344853844 method=java.util.zip.ZipFile$Source.getEntryPos([BZ)I @ 105 c2
Event: 11.707 Thread 0x000002335c01a000 DEOPT PACKING pc=0x0000023344853844 sp=0x0000008361df8a50
Event: 11.707 Thread 0x000002335c01a000 DEOPT UNPACKING pc=0x000002333cd583af sp=0x0000008361df89f0 mode 2

Classes redefined (0 events):
No events

Internal exceptions (20 events):
Event: 8.295 Thread 0x000002335c003800 Exception <a 'java/lang/NoSuchMethodError'{0x00000000890936d0}: 'java.lang.Object java.lang.invoke.DirectMethodHandle$Holder.invokeSpecialIFC(java.lang.Object, java.lang.Object, java.lang.Object)'> (0x00000000890936d0) thrown at [./src/hotspot/share/interpreter/linkResolver.cpp, line 773]
Event: 8.295 Thread 0x000002335bfff000 Exception <a 'java/lang/NoSuchMethodError'{0x00000000890e7a30}: 'java.lang.Object java.lang.invoke.DirectMethodHandle$Holder.invokeSpecialIFC(java.lang.Object, java.lang.Object, java.lang.Object)'> (0x00000000890e7a30) thrown at [./src/hotspot/share/interpreter/linkResolver.cpp, line 773]
Event: 8.295 Thread 0x000002335b2ed800 Exception <a 'java/lang/NoSuchMethodError'{0x0000000088f02940}: 'java.lang.Object java.lang.invoke.DirectMethodHandle$Holder.invokeSpecialIFC(java.lang.Object, java.lang.Object, java.lang.Object)'> (0x0000000088f02940) thrown at [./src/hotspot/share/interpreter/linkResolver.cpp, line 773]
Event: 8.295 Thread 0x000002335a15d800 Exception <a 'java/lang/NoSuchMethodError'{0x00000000890cff88}: 'java.lang.Object java.lang.invoke.DirectMethodHandle$Holder.invokeSpecialIFC(java.lang.Object, java.lang.Object, java.lang.Object)'> (0x00000000890cff88) thrown at [./src/hotspot/share/interpreter/linkResolver.cpp, line 773]
Event: 8.295 Thread 0x000002335a156800 Exception <a 'java/lang/NoSuchMethodError'{0x00000000890a93b8}: 'java.lang.Object java.lang.invoke.DirectMethodHandle$Holder.invokeSpecialIFC(java.lang.Object, java.lang.Object, java.lang.Object)'> (0x00000000890a93b8) thrown at [./src/hotspot/share/interpreter/linkResolver.cpp, line 773]
Event: 8.295 Thread 0x000002335a161800 Exception <a 'java/lang/NoSuchMethodError'{0x000000008903fd88}: 'java.lang.Object java.lang.invoke.DirectMethodHandle$Holder.invokeSpecialIFC(java.lang.Object, java.lang.Object, java.lang.Object)'> (0x000000008903fd88) thrown at [./src/hotspot/share/interpreter/linkResolver.cpp, line 773]
Event: 8.334 Thread 0x000002335b2ed800 Exception <a 'java/lang/NoSuchMethodError'{0x0000000088ccefd0}: 'int java.lang.invoke.DirectMethodHandle$Holder.invokeStaticInit(java.lang.Object, java.lang.Object, java.lang.Object, java.lang.Object, java.lang.Object)'> (0x0000000088ccefd0) thrown at [./src/hotspot/share/interpreter/linkResolver.cpp, line 773]
Event: 8.410 Thread 0x000002335a161800 Exception <a 'java/lang/NoSuchMethodError'{0x00000000881fe870}: 'void java.lang.invoke.DirectMethodHandle$Holder.invokeVirtual(java.lang.Object, java.lang.Object)'> (0x00000000881fe870) thrown at [./src/hotspot/share/interpreter/linkResolver.cpp, line 773]
Event: 8.410 Thread 0x000002335b2ed800 Exception <a 'java/lang/NoSuchMethodError'{0x00000000888df510}: 'void java.lang.invoke.DirectMethodHandle$Holder.invokeVirtual(java.lang.Object, java.lang.Object)'> (0x00000000888df510) thrown at [./src/hotspot/share/interpreter/linkResolver.cpp, line 773]
Event: 9.095 Thread 0x0000023354d24000 Implicit null exception at 0x0000023344b8ed04 to 0x0000023344b8eefc
Event: 9.882 Thread 0x0000023354d24000 Exception <a 'java/lang/NoSuchMethodError'{0x000000008d9ef960}: <clinit>> (0x000000008d9ef960) thrown at [./src/hotspot/share/prims/jni.cpp, line 1362]
Event: 9.884 Thread 0x0000023354d24000 Exception <a 'java/lang/NoSuchMethodError'{0x000000008d810d48}: <clinit>> (0x000000008d810d48) thrown at [./src/hotspot/share/prims/jni.cpp, line 1362]
Event: 9.961 Thread 0x0000023354d25800 Exception <a 'sun/nio/fs/WindowsException'{0x000000008d0c8518}> (0x000000008d0c8518) thrown at [./src/hotspot/share/prims/jni.cpp, line 615]
Event: 9.985 Thread 0x0000023354d25800 Exception <a 'java/lang/NoSuchMethodError'{0x000000008cc87578}: 'void java.lang.invoke.DirectMethodHandle$Holder.invokeStatic(java.lang.Object, java.lang.Object, java.lang.Object, java.lang.Object, java.lang.Object, java.lang.Object, java.lang.Object)'> (0x000000008cc87578) thrown at [./src/hotspot/share/interpreter/linkResolver.cpp, line 773]
Event: 10.105 Thread 0x000002335c00c000 Implicit null exception at 0x0000023344fc3fd2 to 0x0000023344fc43d8
Event: 10.105 Thread 0x000002335b2e9000 Implicit null exception at 0x0000023344fc3fd2 to 0x0000023344fc43d8
Event: 10.196 Thread 0x0000023354d2d000 Implicit null exception at 0x0000023344edf221 to 0x0000023344edf438
Event: 10.465 Thread 0x0000023354d2a800 Implicit null exception at 0x0000023344c10a14 to 0x0000023344c11024
Event: 11.326 Thread 0x000002335a15d800 Implicit null exception at 0x0000023345046e60 to 0x00000233450476b4
Event: 11.425 Thread 0x000002335c007000 Implicit null exception at 0x0000023344e912a6 to 0x0000023344e91370

Events (20 events):
Event: 11.699 loading class com/android/tools/r8/ClassFileResourceProvider done
Event: 11.701 loading class com/android/builder/dexing/r8/CachingArchiveClassFileProvider
Event: 11.701 loading class com/android/builder/dexing/r8/CachingArchiveClassFileProvider done
Event: 11.702 loading class com/android/tools/r8/ArchiveClassFileProvider
Event: 11.702 loading class com/android/tools/r8/ArchiveClassFileProvider done
Event: 11.702 loading class com/android/tools/r8/origin/Origin
Event: 11.702 loading class com/android/tools/r8/origin/Origin done
Event: 11.703 loading class com/android/tools/r8/origin/PathOrigin
Event: 11.703 loading class com/android/tools/r8/origin/PathOrigin done
Event: 11.704 loading class com/android/tools/r8/origin/ArchiveEntryOrigin
Event: 11.704 loading class com/android/tools/r8/origin/ArchiveEntryOrigin done
Event: 11.705 loading class com/android/tools/r8/internal/YI0
Event: 11.705 loading class com/android/tools/r8/internal/YI0 done
Event: 11.706 loading class com/android/tools/r8/origin/c
Event: 11.706 loading class com/android/tools/r8/origin/c done
Event: 11.707 loading class com/android/tools/r8/origin/d
Event: 11.707 loading class com/android/tools/r8/origin/d done
Event: 11.707 loading class com/android/tools/r8/internal/nP0
Event: 11.707 loading class com/android/tools/r8/internal/nP0 done
Event: 11.709 Executing VM operation: G1CollectForAllocation


Dynamic libraries:
0x00007ff7c4040000 - 0x00007ff7c404a000 	D:\Program Files\Android\jre\bin\java.exe
0x00007ffd65b20000 - 0x00007ffd65d10000 	C:\Windows\SYSTEM32\ntdll.dll
0x00007ffd65a60000 - 0x00007ffd65b12000 	C:\Windows\System32\KERNEL32.DLL
0x00007ffd62c90000 - 0x00007ffd62f33000 	C:\Windows\System32\KERNELBASE.dll
0x00007ffd63ab0000 - 0x00007ffd63baa000 	C:\Windows\System32\ucrtbase.dll
0x00007ffd502a0000 - 0x00007ffd502b9000 	D:\Program Files\Android\jre\bin\jli.dll
0x00007ffd50280000 - 0x00007ffd50297000 	D:\Program Files\Android\jre\bin\VCRUNTIME140.dll
0x00007ffd658c0000 - 0x00007ffd65a54000 	C:\Windows\System32\USER32.dll
0x00007ffd63a80000 - 0x00007ffd63aa1000 	C:\Windows\System32\win32u.dll
0x00007ffd65690000 - 0x00007ffd656b6000 	C:\Windows\System32\GDI32.dll
0x00007ffd516f0000 - 0x00007ffd51975000 	C:\Windows\WinSxS\amd64_microsoft.windows.common-controls_6595b64144ccf1df_6.0.18362.535_none_e6c3b34713100821\COMCTL32.dll
0x00007ffd62af0000 - 0x00007ffd62c84000 	C:\Windows\System32\gdi32full.dll
0x00007ffd64830000 - 0x00007ffd648ce000 	C:\Windows\System32\msvcrt.dll
0x00007ffd63710000 - 0x00007ffd637ae000 	C:\Windows\System32\msvcp_win.dll
0x00007ffd644f0000 - 0x00007ffd64826000 	C:\Windows\System32\combase.dll
0x00007ffd651c0000 - 0x00007ffd652e0000 	C:\Windows\System32\RPCRT4.dll
0x00007ffd639b0000 - 0x00007ffd63a30000 	C:\Windows\System32\bcryptPrimitives.dll
0x00007ffd64370000 - 0x00007ffd6439e000 	C:\Windows\System32\IMM32.DLL
0x00007ffd3a450000 - 0x00007ffd3a4ed000 	D:\Program Files\Android\jre\bin\msvcp140.dll
0x00007ffd25640000 - 0x00007ffd26115000 	D:\Program Files\Android\jre\bin\server\jvm.dll
0x00007ffd642b0000 - 0x00007ffd64353000 	C:\Windows\System32\ADVAPI32.dll
0x00007ffd656c0000 - 0x00007ffd65757000 	C:\Windows\System32\sechost.dll
0x00007ffd65570000 - 0x00007ffd65578000 	C:\Windows\System32\PSAPI.DLL
0x00007ffd5f170000 - 0x00007ffd5f179000 	C:\Windows\SYSTEM32\WSOCK32.dll
0x00007ffd65150000 - 0x00007ffd651bf000 	C:\Windows\System32\WS2_32.dll
0x00007ffd601c0000 - 0x00007ffd601e4000 	C:\Windows\SYSTEM32\WINMM.dll
0x00007ffd5c500000 - 0x00007ffd5c50a000 	C:\Windows\SYSTEM32\VERSION.dll
0x00007ffd60180000 - 0x00007ffd601ad000 	C:\Windows\SYSTEM32\winmmbase.dll
0x00007ffd63a30000 - 0x00007ffd63a7a000 	C:\Windows\System32\cfgmgr32.dll
0x00007ffd62a40000 - 0x00007ffd62a51000 	C:\Windows\System32\kernel.appcore.dll
0x00007ffd5dc40000 - 0x00007ffd5dc51000 	D:\Program Files\Android\jre\bin\verify.dll
0x00007ffd61350000 - 0x00007ffd61544000 	C:\Windows\SYSTEM32\DBGHELP.DLL
0x00007ffd4dcf0000 - 0x00007ffd4dd1a000 	C:\Windows\SYSTEM32\dbgcore.DLL
0x00007ffd5d670000 - 0x00007ffd5d699000 	D:\Program Files\Android\jre\bin\java.dll
0x00007ffd5dc30000 - 0x00007ffd5dc3b000 	D:\Program Files\Android\jre\bin\jimage.dll
0x00007ffd5d650000 - 0x00007ffd5d668000 	D:\Program Files\Android\jre\bin\zip.dll
0x00007ffd649a0000 - 0x00007ffd65085000 	C:\Windows\System32\SHELL32.dll
0x00007ffd65580000 - 0x00007ffd65629000 	C:\Windows\System32\shcore.dll
0x00007ffd62f60000 - 0x00007ffd636df000 	C:\Windows\System32\windows.storage.dll
0x00007ffd62ad0000 - 0x00007ffd62aef000 	C:\Windows\System32\profapi.dll
0x00007ffd62a60000 - 0x00007ffd62aaa000 	C:\Windows\System32\powrprof.dll
0x00007ffd62a30000 - 0x00007ffd62a40000 	C:\Windows\System32\UMPDC.dll
0x00007ffd65510000 - 0x00007ffd65562000 	C:\Windows\System32\shlwapi.dll
0x00007ffd62f40000 - 0x00007ffd62f57000 	C:\Windows\System32\cryptsp.dll
0x00007ffd5d550000 - 0x00007ffd5d56a000 	D:\Program Files\Android\jre\bin\net.dll
0x00007ffd52e30000 - 0x00007ffd52f20000 	C:\Windows\SYSTEM32\WINHTTP.dll
0x00007ffd622a0000 - 0x00007ffd62307000 	C:\Windows\system32\mswsock.dll
0x00007ffd5d4d0000 - 0x00007ffd5d4e4000 	D:\Program Files\Android\jre\bin\nio.dll
0x00007ffd502c0000 - 0x00007ffd502e7000 	D:\ProgramsfilesD\Android\Sdk\native\e1d6ef7f7dcc3fd88c89a11ec53ec762bb8ba0a96d01ffa2cd45eb1d1d8dd5c5\windows-amd64\native-platform.dll
0x00007ffd35fc0000 - 0x00007ffd36104000 	D:\ProgramsfilesD\Android\Sdk\native\5664cfc778a61ccfe75a443a1ab52a65af34e5dc3c78e0209fed803814484fcb\windows-amd64\native-platform-file-events.dll
0x00007ffd5dc20000 - 0x00007ffd5dc2a000 	D:\Program Files\Android\jre\bin\management.dll
0x00007ffd5d9e0000 - 0x00007ffd5d9ed000 	D:\Program Files\Android\jre\bin\management_ext.dll
0x00007ffd61e10000 - 0x00007ffd61e43000 	C:\Windows\system32\rsaenh.dll
0x00007ffd636e0000 - 0x00007ffd63706000 	C:\Windows\System32\bcrypt.dll
0x00007ffd62920000 - 0x00007ffd62945000 	C:\Windows\SYSTEM32\USERENV.dll
0x00007ffd62470000 - 0x00007ffd6247c000 	C:\Windows\SYSTEM32\CRYPTBASE.dll
0x00007ffd61fb0000 - 0x00007ffd61fea000 	C:\Windows\SYSTEM32\IPHLPAPI.DLL
0x00007ffd65090000 - 0x00007ffd65098000 	C:\Windows\System32\NSI.dll
0x00007ffd58860000 - 0x00007ffd58876000 	C:\Windows\SYSTEM32\dhcpcsvc6.DLL
0x00007ffd5a370000 - 0x00007ffd5a38c000 	C:\Windows\SYSTEM32\dhcpcsvc.DLL
0x00007ffd61ff0000 - 0x00007ffd620ba000 	C:\Windows\SYSTEM32\DNSAPI.dll
0x00007ffd61a90000 - 0x00007ffd61ac1000 	C:\Windows\SYSTEM32\ntmarta.dll

dbghelp: loaded successfully - version: 4.0.5 - missing functions: none
symbol engine: initialized successfully - sym options: 0x614 - pdb path: .;D:\Program Files\Android\jre\bin;C:\Windows\SYSTEM32;C:\Windows\WinSxS\amd64_microsoft.windows.common-controls_6595b64144ccf1df_6.0.18362.535_none_e6c3b34713100821;D:\Program Files\Android\jre\bin\server;D:\ProgramsfilesD\Android\Sdk\native\e1d6ef7f7dcc3fd88c89a11ec53ec762bb8ba0a96d01ffa2cd45eb1d1d8dd5c5\windows-amd64;D:\ProgramsfilesD\Android\Sdk\native\5664cfc778a61ccfe75a443a1ab52a65af34e5dc3c78e0209fed803814484fcb\windows-amd64

VM Arguments:
jvm_args: --add-opens=java.base/java.util=ALL-UNNAMED --add-opens=java.base/java.lang=ALL-UNNAMED --add-opens=java.base/java.lang.invoke=ALL-UNNAMED --add-opens=java.base/java.util=ALL-UNNAMED --add-opens=java.prefs/java.util.prefs=ALL-UNNAMED --add-opens=java.prefs/java.util.prefs=ALL-UNNAMED --add-opens=java.base/java.nio.charset=ALL-UNNAMED --add-opens=java.base/java.net=ALL-UNNAMED --add-opens=java.base/java.util.concurrent.atomic=ALL-UNNAMED -Xmx2048m -Dfile.encoding=UTF-8 -Duser.country=RU -Duser.language=ru -Duser.variant 
java_command: org.gradle.launcher.daemon.bootstrap.GradleDaemon 7.2
java_class_path (initial): D:\ProgramsfilesD\Android\Sdk\wrapper\dists\gradle-7.2-bin\2dnblmf4td7x66yl1d74lt32g\gradle-7.2\lib\gradle-launcher-7.2.jar
Launcher Type: SUN_STANDARD

[Global flags]
     intx CICompilerCount                          = 4                                         {product} {ergonomic}
     uint ConcGCThreads                            = 2                                         {product} {ergonomic}
     uint G1ConcRefinementThreads                  = 8                                         {product} {ergonomic}
   size_t G1HeapRegionSize                         = 1048576                                   {product} {ergonomic}
    uintx GCDrainStackTargetSize                   = 64                                        {product} {ergonomic}
   size_t InitialHeapSize                          = 132120576                                 {product} {ergonomic}
   size_t MarkStackSize                            = 4194304                                   {product} {ergonomic}
   size_t MaxHeapSize                              = 2147483648                                {product} {command line}
   size_t MaxNewSize                               = 1287651328                                {product} {ergonomic}
   size_t MinHeapDeltaBytes                        = 1048576                                   {product} {ergonomic}
    uintx NonNMethodCodeHeapSize                   = 5836300                                {pd product} {ergonomic}
    uintx NonProfiledCodeHeapSize                  = 122910970                              {pd product} {ergonomic}
    uintx ProfiledCodeHeapSize                     = 122910970                              {pd product} {ergonomic}
    uintx ReservedCodeCacheSize                    = 251658240                              {pd product} {ergonomic}
     bool SegmentedCodeCache                       = true                                      {product} {ergonomic}
     bool UseCompressedClassPointers               = true                                 {lp64_product} {ergonomic}
     bool UseCompressedOops                        = true                                 {lp64_product} {ergonomic}
     bool UseG1GC                                  = true                                      {product} {ergonomic}
     bool UseLargePagesIndividualAllocation        = false                                  {pd product} {ergonomic}

Logging:
Log output configuration:
 #0: stdout all=warning uptime,level,tags
 #1: stderr all=off uptime,level,tags

Environment Variables:
JAVA_HOME=D:\Program Files\Java
PATH=C:\PROGRA~2\Borland\CBUILD~1\Bin;C:\PROGRA~2\Borland\CBUILD~1\Projects\Bpl;C:\Program Files\Common Files\Oracle\Java\javapath;C:\Windows\system32;C:\Windows;C:\Windows\System32\Wbem;C:\Windows\System32\WindowsPowerShell\v1.0\;C:\Program Files (x86)\NVIDIA Corporation\PhysX\Common;C:\Program Files\NVIDIA Corporation\NVIDIA NvDLISR;C:\Program Files\Microsoft\Web Platform Installer\;C:\Program Files (x86)\Microsoft ASP.NET\ASP.NET Web Pages\v1.0\;C:\Program Files\Microsoft SQL Server\110\Tools\Binn\;C:\Program Files\Git\cmd;C:\Users\asus\AppData\Local\Programs\Python\Python310\Scripts\;C:\Users\asus\AppData\Local\Programs\Python\Python310\;C:\Users\asus\AppData\Local\Microsoft\WindowsApps;;D:\Program Files\JetBrains\IntelliJ IDEA Community Edition 2020.3\bin;
USERNAME=asus
OS=Windows_NT
PROCESSOR_IDENTIFIER=Intel64 Family 6 Model 126 Stepping 5, GenuineIntel



---------------  S Y S T E M  ---------------

OS: Windows 10 , 64 bit Build 18362 (10.0.18362.329)
OS uptime: 0 days 1:15 hours

CPU:total 8 (initial active 8) (4 cores per cpu, 2 threads per core) family 6 model 126 stepping 5 microcode 0x96, cmov, cx8, fxsr, mmx, sse, sse2, sse3, ssse3, sse4.1, sse4.2, popcnt, avx, avx2, aes, clmul, erms, 3dnowpref, lzcnt, ht, tsc, tscinvbit, bmi1, bmi2, adx, evex, sha, fma

Memory: 4k page, system-wide physical 7997M (755M free)
TotalPageFile size 7997M (AvailPageFile size 32M)
current process WorkingSet (physical memory assigned to process): 530M, peak: 530M
current process commit charge ("private bytes"): 568M, peak: 617M

vm_info: OpenJDK 64-Bit Server VM (11.0.11+9-b60-7590822) for windows-amd64 JRE (11.0.11+9-b60-7590822), built on Jul 29 2021 21:43:44 by "builder" with MS VC++ 14.0 (VS2015)

END.
