#
# There is insufficient memory for the Java Runtime Environment to continue.
# Native memory allocation (malloc) failed to allocate 393136 bytes for Chunk::new
# Possible reasons:
#   The system is out of physical RAM or swap space
#   The process is running with CompressedOops enabled, and the Java Heap may be blocking the growth of the native heap
# Possible solutions:
#   Reduce memory load on the system
#   Increase physical memory or swap space
#   Check if swap backing store is full
#   Decrease Java heap size (-Xmx/-Xms)
#   Decrease number of Java threads
#   Decrease Java thread stack sizes (-Xss)
#   Set larger code cache with -XX:ReservedCodeCacheSize=
#   JVM is running with Unscaled Compressed Oops mode in which the Java heap is
#     placed in the first 4GB address space. The Java Heap base address is the
#     maximum limit for the native heap growth. Please use -XX:HeapBaseMinAddress
#     to set the Java Heap base and to place the Java Heap above 4GB virtual address.
# This output file may be truncated or incomplete.
#
#  Out of Memory Error (./src/hotspot/share/memory/arena.cpp:197), pid=3948, tid=5732
#
# JRE version: OpenJDK Runtime Environment (11.0.11+9) (build 11.0.11+9-b60-7590822)
# Java VM: OpenJDK 64-Bit Server VM (11.0.11+9-b60-7590822, mixed mode, tiered, compressed oops, g1 gc, windows-amd64)
# No core dump will be written. Minidumps are not enabled by default on client versions of Windows
#

---------------  S U M M A R Y ------------

Command Line: --add-opens=java.base/java.util=ALL-UNNAMED --add-opens=java.base/java.lang=ALL-UNNAMED --add-opens=java.base/java.lang.invoke=ALL-UNNAMED --add-opens=java.base/java.util=ALL-UNNAMED --add-opens=java.prefs/java.util.prefs=ALL-UNNAMED --add-opens=java.prefs/java.util.prefs=ALL-UNNAMED --add-opens=java.base/java.nio.charset=ALL-UNNAMED --add-opens=java.base/java.net=ALL-UNNAMED --add-opens=java.base/java.util.concurrent.atomic=ALL-UNNAMED -Xmx2048m -Dfile.encoding=UTF-8 -Duser.country=RU -Duser.language=ru -Duser.variant org.gradle.launcher.daemon.bootstrap.GradleDaemon 7.2

Host: Intel(R) Core(TM) i7-1065G7 CPU @ 1.30GHz, 8 cores, 7G,  Windows 10 , 64 bit Build 18362 (10.0.18362.329)
Time: Thu Jun  9 19:51:12 2022  elapsed time: 49.145608 seconds (0d 0h 0m 49s)

---------------  T H R E A D  ---------------

Current thread (0x000001ca6af47800):  JavaThread "C2 CompilerThread0" daemon [_thread_in_native, id=5732, stack(0x00000098fce00000,0x00000098fcf00000)]


Current CompileTask:
C2:  49145 13684       4       sun.nio.fs.WindowsPathParser::normalize (233 bytes)

Stack: [0x00000098fce00000,0x00000098fcf00000]
Native frames: (J=compiled Java code, j=interpreted, Vv=VM code, C=native code)
V  [jvm.dll+0x5f214a]
V  [jvm.dll+0x726fb5]
V  [jvm.dll+0x7285cd]
V  [jvm.dll+0x728c83]
V  [jvm.dll+0x243278]
V  [jvm.dll+0xbc53c]
V  [jvm.dll+0xbca3c]
V  [jvm.dll+0x353e3b]
V  [jvm.dll+0x19875c]
V  [jvm.dll+0x1fc2ee]
V  [jvm.dll+0x1fb3d4]
V  [jvm.dll+0x183d6c]
V  [jvm.dll+0x209a57]
V  [jvm.dll+0x2082a1]
V  [jvm.dll+0x6ef58f]
V  [jvm.dll+0x6e80b5]
V  [jvm.dll+0x5f1036]
C  [ucrtbase.dll+0x20e72]
C  [KERNEL32.DLL+0x17bd4]
C  [ntdll.dll+0x6ced1]


---------------  P R O C E S S  ---------------

Threads class SMR info:
_java_thread_list=0x000001ca6b6b1e20, length=142, elements={
0x000001ca4e28b800, 0x000001ca6a6e6000, 0x000001ca6a6e9000, 0x000001ca6a6e0800,
0x000001ca6a6e2800, 0x000001ca6af44800, 0x000001ca6af47800, 0x000001ca6af4b000,
0x000001ca6af50000, 0x000001ca6b0ad800, 0x000001ca6d6e6000, 0x000001ca6b497800,
0x000001ca6c2cd000, 0x000001ca6b1cd800, 0x000001ca6c52d000, 0x000001ca6c67c800,
0x000001ca6cf0e000, 0x000001ca6d27e800, 0x000001ca6dbe2000, 0x000001ca6c053000,
0x000001ca6c050800, 0x000001ca6c054800, 0x000001ca6c055800, 0x000001ca6c054000,
0x000001ca6c056800, 0x000001ca6c051800, 0x000001ca6c052800, 0x000001ca6d39a000,
0x000001ca6d394800, 0x000001ca6d395000, 0x000001ca6d399000, 0x000001ca6d398800,
0x000001ca6d3a0000, 0x000001ca6d39f000, 0x000001ca6d3a0800, 0x000001ca6d3a1800,
0x000001ca6d3a2000, 0x000001ca6d3a3000, 0x000001ca6d39e000, 0x000001ca717d7000,
0x000001ca717d1800, 0x000001ca717d8000, 0x000001ca717d2000, 0x000001ca717d8800,
0x000001ca717d3000, 0x000001ca717d9800, 0x000001ca717d6000, 0x000001ca717d4000,
0x000001ca717da800, 0x000001ca717d4800, 0x000001ca717db000, 0x000001ca717d5800,
0x000001ca717de800, 0x000001ca717dd800, 0x000001ca717df000, 0x000001ca717e0000,
0x000001ca717dc800, 0x000001ca717dc000, 0x000001ca71eb3000, 0x000001ca71eb5800,
0x000001ca71eb8000, 0x000001ca71eb2000, 0x000001ca71eb7000, 0x000001ca71eb8800,
0x000001ca71eb4800, 0x000001ca71eb9800, 0x000001ca71eb4000, 0x000001ca71eb6800,
0x000001ca71ebb000, 0x000001ca71ebf000, 0x000001ca71ec0000, 0x000001ca71ebd800,
0x000001ca71eba800, 0x000001ca71ec1000, 0x000001ca71ebc000, 0x000001ca71ebe800,
0x000001ca71ebd000, 0x000001ca6e798800, 0x000001ca6e796000, 0x000001ca6e794800,
0x000001ca6e79b000, 0x000001ca6e799000, 0x000001ca6e796800, 0x000001ca6e795000,
0x000001ca6e79a000, 0x000001ca6e79b800, 0x000001ca6e797800, 0x000001ca6e7a2000,
0x000001ca6e79c800, 0x000001ca6e7a1800, 0x000001ca6e79f000, 0x000001ca6e7a3000,
0x000001ca6e79d800, 0x000001ca6e79f800, 0x000001ca6e79e000, 0x000001ca6e7a0800,
0x000001ca70e3e800, 0x000001ca70e3d800, 0x000001ca70e41000, 0x000001ca70e41800,
0x000001ca70e44000, 0x000001ca70e40000, 0x000001ca70e42800, 0x000001ca70e43800,
0x000001ca70e45000, 0x000001ca70e3f000, 0x000001ca70e48000, 0x000001ca70e4a000,
0x000001ca70e49000, 0x000001ca70e45800, 0x000001ca70e4a800, 0x000001ca70e4b800,
0x000001ca70e4c800, 0x000001ca70e46800, 0x000001ca70e47800, 0x000001ca70431000,
0x000001ca70431800, 0x000001ca70430000, 0x000001ca7042d800, 0x000001ca7042c000,
0x000001ca70432800, 0x000001ca7042c800, 0x000001ca7042e800, 0x000001ca70435000,
0x000001ca70433000, 0x000001ca7042f000, 0x000001ca70439000, 0x000001ca70438000,
0x000001ca7043a800, 0x000001ca70439800, 0x000001ca70437800, 0x000001ca73bdb000,
0x000001ca73bd5800, 0x000001ca73bdc000, 0x000001ca73bd9800, 0x000001ca73bdd000,
0x000001ca73bd6000, 0x000001ca73bdd800, 0x000001ca73bde800, 0x000001ca73bd8800,
0x000001ca73bdf000, 0x000001ca73bd7000
}

Java Threads: ( => current thread )
  0x000001ca4e28b800 JavaThread "main" [_thread_blocked, id=12092, stack(0x00000098fc200000,0x00000098fc300000)]
  0x000001ca6a6e6000 JavaThread "Reference Handler" daemon [_thread_blocked, id=4824, stack(0x00000098fc900000,0x00000098fca00000)]
  0x000001ca6a6e9000 JavaThread "Finalizer" daemon [_thread_blocked, id=9568, stack(0x00000098fca00000,0x00000098fcb00000)]
  0x000001ca6a6e0800 JavaThread "Signal Dispatcher" daemon [_thread_blocked, id=9276, stack(0x00000098fcb00000,0x00000098fcc00000)]
  0x000001ca6a6e2800 JavaThread "Attach Listener" daemon [_thread_blocked, id=9484, stack(0x00000098fcc00000,0x00000098fcd00000)]
  0x000001ca6af44800 JavaThread "Service Thread" daemon [_thread_blocked, id=10392, stack(0x00000098fcd00000,0x00000098fce00000)]
=>0x000001ca6af47800 JavaThread "C2 CompilerThread0" daemon [_thread_in_native, id=5732, stack(0x00000098fce00000,0x00000098fcf00000)]
  0x000001ca6af4b000 JavaThread "C1 CompilerThread0" daemon [_thread_blocked, id=5428, stack(0x00000098fcf00000,0x00000098fd000000)]
  0x000001ca6af50000 JavaThread "Sweeper thread" daemon [_thread_blocked, id=7660, stack(0x00000098fd000000,0x00000098fd100000)]
  0x000001ca6b0ad800 JavaThread "Common-Cleaner" daemon [_thread_blocked, id=4300, stack(0x00000098fd100000,0x00000098fd200000)]
  0x000001ca6d6e6000 JavaThread "Daemon health stats" [_thread_blocked, id=5832, stack(0x00000098fd700000,0x00000098fd800000)]
  0x000001ca6b497800 JavaThread "Incoming local TCP Connector on port 64216" [_thread_in_native, id=12220, stack(0x00000098fd300000,0x00000098fd400000)]
  0x000001ca6c2cd000 JavaThread "Daemon periodic checks" [_thread_blocked, id=4064, stack(0x00000098fd800000,0x00000098fd900000)]
  0x000001ca6b1cd800 JavaThread "Daemon" [_thread_blocked, id=12036, stack(0x00000098fd900000,0x00000098fda00000)]
  0x000001ca6c52d000 JavaThread "Handler for socket connection from /127.0.0.1:64216 to /127.0.0.1:64217" [_thread_in_native, id=11220, stack(0x00000098fda00000,0x00000098fdb00000)]
  0x000001ca6c67c800 JavaThread "Cancel handler" [_thread_blocked, id=10976, stack(0x00000098fdb00000,0x00000098fdc00000)]
  0x000001ca6cf0e000 JavaThread "Daemon worker" [_thread_blocked, id=10836, stack(0x00000098fdc00000,0x00000098fdd00000)]
  0x000001ca6d27e800 JavaThread "Asynchronous log dispatcher for DefaultDaemonConnection: socket connection from /127.0.0.1:64216 to /127.0.0.1:64217" [_thread_blocked, id=1676, stack(0x00000098fdd00000,0x00000098fde00000)]
  0x000001ca6dbe2000 JavaThread "Stdin handler" [_thread_blocked, id=3884, stack(0x00000098fde00000,0x00000098fdf00000)]
  0x000001ca6c053000 JavaThread "Daemon client event forwarder" [_thread_blocked, id=3796, stack(0x00000098fdf00000,0x00000098fe000000)]
  0x000001ca6c050800 JavaThread "Cache worker for journal cache (D:\ProgramsfilesD\Android\Sdk\caches\journal-1)" [_thread_blocked, id=3828, stack(0x00000098fd400000,0x00000098fd500000)]
  0x000001ca6c054800 JavaThread "File lock request listener" [_thread_in_native, id=12184, stack(0x00000098fe500000,0x00000098fe600000)]
  0x000001ca6c055800 JavaThread "Cache worker for file hash cache (D:\ProgramsfilesD\Android\Sdk\caches\7.2\fileHashes)" [_thread_blocked, id=11572, stack(0x00000098fe600000,0x00000098fe700000)]
  0x000001ca6c054000 JavaThread "Cache worker for file hash cache (D:\NotesApp\.gradle\7.2\fileHashes)" [_thread_blocked, id=12040, stack(0x00000098fe800000,0x00000098fe900000)]
  0x000001ca6c056800 JavaThread "File watcher server" daemon [_thread_in_native, id=2412, stack(0x00000098fe900000,0x00000098fea00000)]
  0x000001ca6c051800 JavaThread "File watcher consumer" daemon [_thread_blocked, id=11268, stack(0x00000098fea00000,0x00000098feb00000)]
  0x000001ca6c052800 JavaThread "Cache worker for checksums cache (D:\NotesApp\.gradle\checksums)" [_thread_blocked, id=5432, stack(0x00000098feb00000,0x00000098fec00000)]
  0x000001ca6d39a000 JavaThread "Cache worker for cache directory md-supplier (D:\ProgramsfilesD\Android\Sdk\caches\7.2\md-supplier)" [_thread_blocked, id=11588, stack(0x00000098fec00000,0x00000098fed00000)]
  0x000001ca6d394800 JavaThread "Cache worker for cache directory md-rule (D:\ProgramsfilesD\Android\Sdk\caches\7.2\md-rule)" [_thread_blocked, id=11056, stack(0x00000098fee00000,0x00000098fef00000)]
  0x000001ca6d395000 JavaThread "Cache worker for execution history cache (D:\ProgramsfilesD\Android\Sdk\caches\7.2\executionHistory)" [_thread_blocked, id=5288, stack(0x00000098ff000000,0x00000098ff100000)]
  0x000001ca6d399000 JavaThread "jar transforms" [_thread_blocked, id=10656, stack(0x00000098ff100000,0x00000098ff200000)]
  0x000001ca6d398800 JavaThread "Cache worker for file content cache (D:\ProgramsfilesD\Android\Sdk\caches\7.2\fileContent)" [_thread_blocked, id=9720, stack(0x00000098ff200000,0x00000098ff300000)]
  0x000001ca6d3a0000 JavaThread "jar transforms Thread 2" [_thread_blocked, id=12284, stack(0x00000098ff300000,0x00000098ff400000)]
  0x000001ca6d39f000 JavaThread "Cache worker for dependencies-accessors (D:\NotesApp\.gradle\7.2\dependencies-accessors)" [_thread_blocked, id=4596, stack(0x00000098ff400000,0x00000098ff500000)]
  0x000001ca6d3a0800 JavaThread "jar transforms Thread 3" [_thread_blocked, id=10448, stack(0x00000098ff500000,0x00000098ff600000)]
  0x000001ca6d3a1800 JavaThread "Cache worker for Build Output Cleanup Cache (D:\NotesApp\.gradle\buildOutputCleanup)" [_thread_blocked, id=3736, stack(0x00000098ff600000,0x00000098ff700000)]
  0x000001ca6d3a2000 JavaThread "Unconstrained build operations" [_thread_blocked, id=5000, stack(0x00000098ff700000,0x00000098ff800000)]
  0x000001ca6d3a3000 JavaThread "Unconstrained build operations Thread 2" [_thread_blocked, id=9644, stack(0x00000098ff800000,0x00000098ff900000)]
  0x000001ca6d39e000 JavaThread "Unconstrained build operations Thread 3" [_thread_blocked, id=10016, stack(0x00000098ff900000,0x00000098ffa00000)]
  0x000001ca717d7000 JavaThread "Unconstrained build operations Thread 4" [_thread_blocked, id=6488, stack(0x00000098ffa00000,0x00000098ffb00000)]
  0x000001ca717d1800 JavaThread "Unconstrained build operations Thread 5" [_thread_blocked, id=4348, stack(0x00000098ffb00000,0x00000098ffc00000)]
  0x000001ca717d8000 JavaThread "Unconstrained build operations Thread 6" [_thread_blocked, id=8844, stack(0x00000098ffc00000,0x00000098ffd00000)]
  0x000001ca717d2000 JavaThread "Unconstrained build operations Thread 7" [_thread_blocked, id=9296, stack(0x00000098ffd00000,0x00000098ffe00000)]
  0x000001ca717d8800 JavaThread "Unconstrained build operations Thread 8" [_thread_blocked, id=2228, stack(0x00000098ffe00000,0x00000098fff00000)]
  0x000001ca717d3000 JavaThread "Unconstrained build operations Thread 9" [_thread_blocked, id=1132, stack(0x00000098fff00000,0x0000009900000000)]
  0x000001ca717d9800 JavaThread "Unconstrained build operations Thread 10" [_thread_blocked, id=12124, stack(0x0000009880000000,0x0000009880100000)]
  0x000001ca717d6000 JavaThread "Unconstrained build operations Thread 11" [_thread_blocked, id=8936, stack(0x0000009880100000,0x0000009880200000)]
  0x000001ca717d4000 JavaThread "Unconstrained build operations Thread 12" [_thread_blocked, id=5940, stack(0x0000009880200000,0x0000009880300000)]
  0x000001ca717da800 JavaThread "Unconstrained build operations Thread 13" [_thread_blocked, id=12176, stack(0x0000009880300000,0x0000009880400000)]
  0x000001ca717d4800 JavaThread "Unconstrained build operations Thread 14" [_thread_blocked, id=10968, stack(0x0000009880400000,0x0000009880500000)]
  0x000001ca717db000 JavaThread "Unconstrained build operations Thread 15" [_thread_blocked, id=11956, stack(0x0000009880500000,0x0000009880600000)]
  0x000001ca717d5800 JavaThread "Unconstrained build operations Thread 16" [_thread_blocked, id=10748, stack(0x0000009880600000,0x0000009880700000)]
  0x000001ca717de800 JavaThread "Unconstrained build operations Thread 17" [_thread_blocked, id=9264, stack(0x0000009880700000,0x0000009880800000)]
  0x000001ca717dd800 JavaThread "Unconstrained build operations Thread 18" [_thread_blocked, id=692, stack(0x0000009880800000,0x0000009880900000)]
  0x000001ca717df000 JavaThread "Unconstrained build operations Thread 19" [_thread_blocked, id=9272, stack(0x0000009880900000,0x0000009880a00000)]
  0x000001ca717e0000 JavaThread "Unconstrained build operations Thread 20" [_thread_blocked, id=8536, stack(0x0000009880a00000,0x0000009880b00000)]
  0x000001ca717dc800 JavaThread "Unconstrained build operations Thread 21" [_thread_blocked, id=1264, stack(0x0000009880b00000,0x0000009880c00000)]
  0x000001ca717dc000 JavaThread "Unconstrained build operations Thread 22" [_thread_blocked, id=12100, stack(0x0000009880c00000,0x0000009880d00000)]
  0x000001ca71eb3000 JavaThread "Unconstrained build operations Thread 23" [_thread_blocked, id=2116, stack(0x0000009880d00000,0x0000009880e00000)]
  0x000001ca71eb5800 JavaThread "Unconstrained build operations Thread 24" [_thread_blocked, id=4996, stack(0x0000009880e00000,0x0000009880f00000)]
  0x000001ca71eb8000 JavaThread "Unconstrained build operations Thread 25" [_thread_blocked, id=4484, stack(0x0000009880f00000,0x0000009881000000)]
  0x000001ca71eb2000 JavaThread "Unconstrained build operations Thread 26" [_thread_blocked, id=6528, stack(0x0000009881000000,0x0000009881100000)]
  0x000001ca71eb7000 JavaThread "Unconstrained build operations Thread 27" [_thread_blocked, id=2236, stack(0x0000009881100000,0x0000009881200000)]
  0x000001ca71eb8800 JavaThread "Unconstrained build operations Thread 28" [_thread_blocked, id=4548, stack(0x0000009881200000,0x0000009881300000)]
  0x000001ca71eb4800 JavaThread "Unconstrained build operations Thread 29" [_thread_blocked, id=9608, stack(0x0000009881300000,0x0000009881400000)]
  0x000001ca71eb9800 JavaThread "Unconstrained build operations Thread 30" [_thread_blocked, id=7080, stack(0x0000009881400000,0x0000009881500000)]
  0x000001ca71eb4000 JavaThread "Unconstrained build operations Thread 31" [_thread_blocked, id=2492, stack(0x0000009881500000,0x0000009881600000)]
  0x000001ca71eb6800 JavaThread "Unconstrained build operations Thread 32" [_thread_blocked, id=12192, stack(0x0000009881600000,0x0000009881700000)]
  0x000001ca71ebb000 JavaThread "Unconstrained build operations Thread 33" [_thread_blocked, id=2272, stack(0x0000009881700000,0x0000009881800000)]
  0x000001ca71ebf000 JavaThread "Unconstrained build operations Thread 34" [_thread_blocked, id=3320, stack(0x0000009881800000,0x0000009881900000)]
  0x000001ca71ec0000 JavaThread "Unconstrained build operations Thread 35" [_thread_blocked, id=1588, stack(0x0000009881900000,0x0000009881a00000)]
  0x000001ca71ebd800 JavaThread "Unconstrained build operations Thread 36" [_thread_blocked, id=11620, stack(0x0000009881a00000,0x0000009881b00000)]
  0x000001ca71eba800 JavaThread "Unconstrained build operations Thread 37" [_thread_blocked, id=892, stack(0x0000009881b00000,0x0000009881c00000)]
  0x000001ca71ec1000 JavaThread "Unconstrained build operations Thread 38" [_thread_blocked, id=5400, stack(0x0000009881c00000,0x0000009881d00000)]
  0x000001ca71ebc000 JavaThread "Unconstrained build operations Thread 39" [_thread_blocked, id=7380, stack(0x0000009881d00000,0x0000009881e00000)]
  0x000001ca71ebe800 JavaThread "Unconstrained build operations Thread 40" [_thread_blocked, id=10388, stack(0x0000009881e00000,0x0000009881f00000)]
  0x000001ca71ebd000 JavaThread "Unconstrained build operations Thread 41" [_thread_blocked, id=9284, stack(0x0000009881f00000,0x0000009882000000)]
  0x000001ca6e798800 JavaThread "Unconstrained build operations Thread 42" [_thread_blocked, id=4044, stack(0x0000009882000000,0x0000009882100000)]
  0x000001ca6e796000 JavaThread "Unconstrained build operations Thread 43" [_thread_blocked, id=7508, stack(0x0000009882100000,0x0000009882200000)]
  0x000001ca6e794800 JavaThread "Unconstrained build operations Thread 44" [_thread_blocked, id=2732, stack(0x0000009882200000,0x0000009882300000)]
  0x000001ca6e79b000 JavaThread "Unconstrained build operations Thread 45" [_thread_blocked, id=1016, stack(0x0000009882300000,0x0000009882400000)]
  0x000001ca6e799000 JavaThread "Unconstrained build operations Thread 46" [_thread_blocked, id=9448, stack(0x0000009882400000,0x0000009882500000)]
  0x000001ca6e796800 JavaThread "Unconstrained build operations Thread 47" [_thread_blocked, id=1792, stack(0x0000009882500000,0x0000009882600000)]
  0x000001ca6e795000 JavaThread "Unconstrained build operations Thread 48" [_thread_blocked, id=10692, stack(0x0000009882600000,0x0000009882700000)]
  0x000001ca6e79a000 JavaThread "Unconstrained build operations Thread 49" [_thread_blocked, id=11096, stack(0x0000009882700000,0x0000009882800000)]
  0x000001ca6e79b800 JavaThread "Unconstrained build operations Thread 50" [_thread_blocked, id=7496, stack(0x0000009882800000,0x0000009882900000)]
  0x000001ca6e797800 JavaThread "Unconstrained build operations Thread 51" [_thread_blocked, id=11976, stack(0x0000009882900000,0x0000009882a00000)]
  0x000001ca6e7a2000 JavaThread "Unconstrained build operations Thread 52" [_thread_blocked, id=7236, stack(0x0000009882a00000,0x0000009882b00000)]
  0x000001ca6e79c800 JavaThread "Unconstrained build operations Thread 53" [_thread_blocked, id=3516, stack(0x0000009882b00000,0x0000009882c00000)]
  0x000001ca6e7a1800 JavaThread "Unconstrained build operations Thread 54" [_thread_blocked, id=11592, stack(0x0000009882c00000,0x0000009882d00000)]
  0x000001ca6e79f000 JavaThread "Unconstrained build operations Thread 55" [_thread_blocked, id=4336, stack(0x0000009882d00000,0x0000009882e00000)]
  0x000001ca6e7a3000 JavaThread "Unconstrained build operations Thread 56" [_thread_blocked, id=2340, stack(0x0000009882e00000,0x0000009882f00000)]
  0x000001ca6e79d800 JavaThread "Unconstrained build operations Thread 57" [_thread_blocked, id=11388, stack(0x0000009882f00000,0x0000009883000000)]
  0x000001ca6e79f800 JavaThread "Unconstrained build operations Thread 58" [_thread_blocked, id=4496, stack(0x0000009883000000,0x0000009883100000)]
  0x000001ca6e79e000 JavaThread "Unconstrained build operations Thread 59" [_thread_blocked, id=9600, stack(0x0000009883100000,0x0000009883200000)]
  0x000001ca6e7a0800 JavaThread "Unconstrained build operations Thread 60" [_thread_blocked, id=10212, stack(0x0000009883200000,0x0000009883300000)]
  0x000001ca70e3e800 JavaThread "Unconstrained build operations Thread 61" [_thread_blocked, id=6540, stack(0x0000009883300000,0x0000009883400000)]
  0x000001ca70e3d800 JavaThread "Unconstrained build operations Thread 62" [_thread_blocked, id=8780, stack(0x0000009883400000,0x0000009883500000)]
  0x000001ca70e41000 JavaThread "Unconstrained build operations Thread 63" [_thread_blocked, id=10464, stack(0x0000009883500000,0x0000009883600000)]
  0x000001ca70e41800 JavaThread "Unconstrained build operations Thread 64" [_thread_blocked, id=10144, stack(0x0000009883600000,0x0000009883700000)]
  0x000001ca70e44000 JavaThread "Unconstrained build operations Thread 65" [_thread_blocked, id=3316, stack(0x0000009883700000,0x0000009883800000)]
  0x000001ca70e40000 JavaThread "Unconstrained build operations Thread 66" [_thread_blocked, id=8696, stack(0x0000009883800000,0x0000009883900000)]
  0x000001ca70e42800 JavaThread "Unconstrained build operations Thread 67" [_thread_blocked, id=7308, stack(0x0000009883900000,0x0000009883a00000)]
  0x000001ca70e43800 JavaThread "Unconstrained build operations Thread 68" [_thread_blocked, id=9044, stack(0x0000009883a00000,0x0000009883b00000)]
  0x000001ca70e45000 JavaThread "Unconstrained build operations Thread 69" [_thread_blocked, id=5616, stack(0x0000009883b00000,0x0000009883c00000)]
  0x000001ca70e3f000 JavaThread "Unconstrained build operations Thread 70" [_thread_blocked, id=5012, stack(0x0000009883c00000,0x0000009883d00000)]
  0x000001ca70e48000 JavaThread "Unconstrained build operations Thread 71" [_thread_blocked, id=11468, stack(0x0000009883d00000,0x0000009883e00000)]
  0x000001ca70e4a000 JavaThread "Unconstrained build operations Thread 72" [_thread_blocked, id=10020, stack(0x0000009883e00000,0x0000009883f00000)]
  0x000001ca70e49000 JavaThread "Unconstrained build operations Thread 73" [_thread_blocked, id=8144, stack(0x0000009883f00000,0x0000009884000000)]
  0x000001ca70e45800 JavaThread "Unconstrained build operations Thread 74" [_thread_blocked, id=3740, stack(0x0000009884000000,0x0000009884100000)]
  0x000001ca70e4a800 JavaThread "Unconstrained build operations Thread 75" [_thread_blocked, id=10008, stack(0x0000009884100000,0x0000009884200000)]
  0x000001ca70e4b800 JavaThread "Unconstrained build operations Thread 76" [_thread_blocked, id=9956, stack(0x0000009884200000,0x0000009884300000)]
  0x000001ca70e4c800 JavaThread "Unconstrained build operations Thread 77" [_thread_blocked, id=9068, stack(0x0000009884300000,0x0000009884400000)]
  0x000001ca70e46800 JavaThread "Unconstrained build operations Thread 78" [_thread_blocked, id=8752, stack(0x0000009884400000,0x0000009884500000)]
  0x000001ca70e47800 JavaThread "Unconstrained build operations Thread 79" [_thread_blocked, id=1952, stack(0x0000009884500000,0x0000009884600000)]
  0x000001ca70431000 JavaThread "Unconstrained build operations Thread 80" [_thread_blocked, id=2620, stack(0x0000009884600000,0x0000009884700000)]
  0x000001ca70431800 JavaThread "jar transforms Thread 4" [_thread_blocked, id=5724, stack(0x0000009884700000,0x0000009884800000)]
  0x000001ca70430000 JavaThread "jar transforms Thread 5" [_thread_blocked, id=8724, stack(0x0000009884800000,0x0000009884900000)]
  0x000001ca7042d800 JavaThread "jar transforms Thread 6" [_thread_blocked, id=8000, stack(0x0000009884900000,0x0000009884a00000)]
  0x000001ca7042c000 JavaThread "jar transforms Thread 7" [_thread_blocked, id=11776, stack(0x0000009884a00000,0x0000009884b00000)]
  0x000001ca70432800 JavaThread "jar transforms Thread 8" [_thread_blocked, id=3120, stack(0x0000009884b00000,0x0000009884c00000)]
  0x000001ca7042c800 JavaThread "Memory manager" [_thread_blocked, id=11884, stack(0x0000009884c00000,0x0000009884d00000)]
  0x000001ca7042e800 JavaThread "build event listener" [_thread_blocked, id=7364, stack(0x0000009884d00000,0x0000009884e00000)]
  0x000001ca70435000 JavaThread "Execution worker for ':'" [_thread_in_Java, id=6708, stack(0x0000009884e00000,0x0000009884f00000)]
  0x000001ca70433000 JavaThread "Execution worker for ':' Thread 2" [_thread_blocked, id=9604, stack(0x0000009884f00000,0x0000009885000000)]
  0x000001ca7042f000 JavaThread "Execution worker for ':' Thread 3" [_thread_blocked, id=5008, stack(0x0000009885000000,0x0000009885100000)]
  0x000001ca70439000 JavaThread "Execution worker for ':' Thread 4" [_thread_blocked, id=4360, stack(0x0000009885100000,0x0000009885200000)]
  0x000001ca70438000 JavaThread "Execution worker for ':' Thread 5" [_thread_blocked, id=9260, stack(0x0000009885200000,0x0000009885300000)]
  0x000001ca7043a800 JavaThread "Execution worker for ':' Thread 6" [_thread_blocked, id=4812, stack(0x0000009885300000,0x0000009885400000)]
  0x000001ca70439800 JavaThread "Execution worker for ':' Thread 7" [_thread_blocked, id=5664, stack(0x0000009885400000,0x0000009885500000)]
  0x000001ca70437800 JavaThread "Cache worker for execution history cache (D:\NotesApp\.gradle\7.2\executionHistory)" [_thread_blocked, id=1492, stack(0x0000009885500000,0x0000009885600000)]
  0x000001ca73bdb000 JavaThread "WorkerExecutor Queue Thread 2" [_thread_blocked, id=352, stack(0x0000009885900000,0x0000009885a00000)]
  0x000001ca73bd5800 JavaThread "pool-3-thread-1" [_thread_blocked, id=11400, stack(0x0000009885a00000,0x0000009885b00000)]
  0x000001ca73bdc000 JavaThread "stderr" [_thread_in_native, id=11040, stack(0x0000009885b00000,0x0000009885c00000)]
  0x000001ca73bd9800 JavaThread "stdout" [_thread_in_native, id=11548, stack(0x0000009885c00000,0x0000009885d00000)]
  0x000001ca73bdd000 JavaThread "WorkerExecutor Queue Thread 3" [_thread_blocked, id=1832, stack(0x0000009885700000,0x0000009885800000)]
  0x000001ca73bd6000 JavaThread "RMI Scheduler(0)" daemon [_thread_blocked, id=12068, stack(0x0000009885600000,0x0000009885700000)]
  0x000001ca73bdd800 JavaThread "RMI GC Daemon" daemon [_thread_blocked, id=9232, stack(0x0000009886000000,0x0000009886100000)]
  0x000001ca73bde800 JavaThread "RMI TCP Accept-0" daemon [_thread_in_native, id=3952, stack(0x0000009886100000,0x0000009886200000)]
  0x000001ca73bd8800 JavaThread "RMI Reaper" [_thread_blocked, id=10676, stack(0x0000009886200000,0x0000009886300000)]
  0x000001ca73bdf000 JavaThread "RMI TCP Connection(1)-127.0.0.1" daemon [_thread_in_native, id=4528, stack(0x0000009886300000,0x0000009886400000)]
  0x000001ca73bd7000 JavaThread "C2 CompilerThread1" daemon [_thread_in_native, id=3764, stack(0x0000009885e00000,0x0000009885f00000)]

Other Threads:
  0x000001ca6a6d3000 VMThread "VM Thread" [stack: 0x00000098fc800000,0x00000098fc900000] [id=5936]
  0x000001ca6b0c3000 WatcherThread [stack: 0x00000098fd200000,0x00000098fd300000] [id=6164]
  0x000001ca4e2a4000 GCTaskThread "GC Thread#0" [stack: 0x00000098fc300000,0x00000098fc400000] [id=11160]
  0x000001ca6b1cb000 GCTaskThread "GC Thread#1" [stack: 0x00000098fd500000,0x00000098fd600000] [id=9660]
  0x000001ca6b634800 GCTaskThread "GC Thread#2" [stack: 0x00000098fd600000,0x00000098fd700000] [id=1824]
  0x000001ca6c863800 GCTaskThread "GC Thread#3" [stack: 0x00000098fe000000,0x00000098fe100000] [id=11188]
  0x000001ca6d538000 GCTaskThread "GC Thread#4" [stack: 0x00000098fe100000,0x00000098fe200000] [id=6196]
  0x000001ca6dc0d800 GCTaskThread "GC Thread#5" [stack: 0x00000098fe200000,0x00000098fe300000] [id=8136]
  0x000001ca6d8e0800 GCTaskThread "GC Thread#6" [stack: 0x00000098fe300000,0x00000098fe400000] [id=10844]
  0x000001ca6dd89000 GCTaskThread "GC Thread#7" [stack: 0x00000098fe400000,0x00000098fe500000] [id=896]
  0x000001ca4e2d9000 ConcurrentGCThread "G1 Main Marker" [stack: 0x00000098fc400000,0x00000098fc500000] [id=3332]
  0x000001ca4e2db800 ConcurrentGCThread "G1 Conc#0" [stack: 0x00000098fc500000,0x00000098fc600000] [id=7184]
  0x000001ca6c6a1800 ConcurrentGCThread "G1 Conc#1" [stack: 0x00000098fe700000,0x00000098fe800000] [id=11340]
  0x000001ca6a522800 ConcurrentGCThread "G1 Refine#0" [stack: 0x00000098fc600000,0x00000098fc700000] [id=596]
  0x000001ca4e35e000 ConcurrentGCThread "G1 Young RemSet Sampling" [stack: 0x00000098fc700000,0x00000098fc800000] [id=6896]

Threads with active compile tasks:
C2 CompilerThread0  49170 13684       4       sun.nio.fs.WindowsPathParser::normalize (233 bytes)
C1 CompilerThread0  49170 13719       3       org.jetbrains.kotlin.compilerRunner.ArgumentUtils::findInstance (42 bytes)
C2 CompilerThread1  49170 13708   !   4       org.gradle.api.tasks.util.internal.CachingPatternSpecFactory$CachingSpec::isSatisfiedBy (40 bytes)

VM state:not at safepoint (normal execution)

VM Mutex/Monitor currently owned by a thread: None

Heap address: 0x0000000080000000, size: 2048 MB, Compressed Oops mode: 32-bit
Narrow klass base: 0x0000000000000000, Narrow klass shift: 3
Compressed class space size: 1073741824 Address: 0x0000000100000000

Heap:
 garbage-first heap   total 225280K, used 139733K [0x0000000080000000, 0x0000000100000000)
  region size 1024K, 21 young (21504K), 5 survivors (5120K)
 Metaspace       used 100012K, capacity 102539K, committed 102768K, reserved 1138688K
  class space    used 12828K, capacity 13722K, committed 13848K, reserved 1048576K
Heap Regions: E=young(eden), S=young(survivor), O=old, HS=humongous(starts), HC=humongous(continues), CS=collection set, F=free, A=archive, TAMS=top-at-mark-start (previous, next)
|   0|0x0000000080000000, 0x0000000080100000, 0x0000000080100000|100%| O|  |TAMS 0x0000000080100000, 0x0000000080000000| Untracked 
|   1|0x0000000080100000, 0x0000000080200000, 0x0000000080200000|100%| O|  |TAMS 0x0000000080200000, 0x0000000080100000| Untracked 
|   2|0x0000000080200000, 0x0000000080300000, 0x0000000080300000|100%| O|  |TAMS 0x0000000080300000, 0x0000000080200000| Untracked 
|   3|0x0000000080300000, 0x0000000080400000, 0x0000000080400000|100%|HS|  |TAMS 0x0000000080400000, 0x0000000080300000| Complete 
|   4|0x0000000080400000, 0x0000000080500000, 0x0000000080500000|100%|HC|  |TAMS 0x0000000080500000, 0x0000000080400000| Complete 
|   5|0x0000000080500000, 0x0000000080600000, 0x0000000080600000|100%|HC|  |TAMS 0x0000000080600000, 0x0000000080500000| Complete 
|   6|0x0000000080600000, 0x0000000080700000, 0x0000000080700000|100%| O|  |TAMS 0x0000000080700000, 0x0000000080600000| Untracked 
|   7|0x0000000080700000, 0x0000000080800000, 0x0000000080800000|100%| O|  |TAMS 0x0000000080800000, 0x0000000080700000| Untracked 
|   8|0x0000000080800000, 0x0000000080900000, 0x0000000080900000|100%| O|  |TAMS 0x0000000080900000, 0x0000000080800000| Untracked 
|   9|0x0000000080900000, 0x0000000080a00000, 0x0000000080a00000|100%| O|  |TAMS 0x0000000080a00000, 0x0000000080900000| Untracked 
|  10|0x0000000080a00000, 0x0000000080b00000, 0x0000000080b00000|100%| O|  |TAMS 0x0000000080b00000, 0x0000000080a00000| Untracked 
|  11|0x0000000080b00000, 0x0000000080c00000, 0x0000000080c00000|100%| O|  |TAMS 0x0000000080c00000, 0x0000000080b00000| Untracked 
|  12|0x0000000080c00000, 0x0000000080d00000, 0x0000000080d00000|100%| O|  |TAMS 0x0000000080d00000, 0x0000000080c00000| Untracked 
|  13|0x0000000080d00000, 0x0000000080e00000, 0x0000000080e00000|100%| O|  |TAMS 0x0000000080e00000, 0x0000000080d00000| Untracked 
|  14|0x0000000080e00000, 0x0000000080f00000, 0x0000000080f00000|100%| O|  |TAMS 0x0000000080f00000, 0x0000000080e00000| Untracked 
|  15|0x0000000080f00000, 0x0000000081000000, 0x0000000081000000|100%| O|  |TAMS 0x0000000081000000, 0x0000000080f00000| Untracked 
|  16|0x0000000081000000, 0x0000000081100000, 0x0000000081100000|100%|HS|  |TAMS 0x0000000081100000, 0x0000000081000000| Complete 
|  17|0x0000000081100000, 0x0000000081200000, 0x0000000081200000|100%| O|  |TAMS 0x0000000081200000, 0x0000000081100000| Untracked 
|  18|0x0000000081200000, 0x0000000081300000, 0x0000000081300000|100%| O|  |TAMS 0x0000000081300000, 0x0000000081200000| Untracked 
|  19|0x0000000081300000, 0x0000000081400000, 0x0000000081400000|100%| O|  |TAMS 0x0000000081400000, 0x0000000081300000| Untracked 
|  20|0x0000000081400000, 0x0000000081500000, 0x0000000081500000|100%| O|  |TAMS 0x0000000081500000, 0x0000000081400000| Untracked 
|  21|0x0000000081500000, 0x0000000081600000, 0x0000000081600000|100%| O|  |TAMS 0x0000000081600000, 0x0000000081500000| Untracked 
|  22|0x0000000081600000, 0x0000000081700000, 0x0000000081700000|100%| O|  |TAMS 0x0000000081700000, 0x0000000081600000| Untracked 
|  23|0x0000000081700000, 0x0000000081800000, 0x0000000081800000|100%| O|  |TAMS 0x0000000081800000, 0x0000000081700000| Untracked 
|  24|0x0000000081800000, 0x0000000081900000, 0x0000000081900000|100%|HS|  |TAMS 0x0000000081900000, 0x0000000081800000| Complete 
|  25|0x0000000081900000, 0x0000000081a00000, 0x0000000081a00000|100%|HS|  |TAMS 0x0000000081a00000, 0x0000000081900000| Complete 
|  26|0x0000000081a00000, 0x0000000081b00000, 0x0000000081b00000|100%|HS|  |TAMS 0x0000000081b00000, 0x0000000081a00000| Complete 
|  27|0x0000000081b00000, 0x0000000081c00000, 0x0000000081c00000|100%|HS|  |TAMS 0x0000000081c00000, 0x0000000081b00000| Complete 
|  28|0x0000000081c00000, 0x0000000081d00000, 0x0000000081d00000|100%|HC|  |TAMS 0x0000000081d00000, 0x0000000081c00000| Complete 
|  29|0x0000000081d00000, 0x0000000081e00000, 0x0000000081e00000|100%|HC|  |TAMS 0x0000000081e00000, 0x0000000081d00000| Complete 
|  30|0x0000000081e00000, 0x0000000081f00000, 0x0000000081f00000|100%|HS|  |TAMS 0x0000000081f00000, 0x0000000081e00000| Complete 
|  31|0x0000000081f00000, 0x0000000082000000, 0x0000000082000000|100%|HC|  |TAMS 0x0000000082000000, 0x0000000081f00000| Complete 
|  32|0x0000000082000000, 0x0000000082100000, 0x0000000082100000|100%| O|  |TAMS 0x0000000082100000, 0x0000000082000000| Untracked 
|  33|0x0000000082100000, 0x0000000082200000, 0x0000000082200000|100%| O|  |TAMS 0x0000000082200000, 0x0000000082100000| Untracked 
|  34|0x0000000082200000, 0x0000000082300000, 0x0000000082300000|100%| O|  |TAMS 0x0000000082300000, 0x0000000082200000| Untracked 
|  35|0x0000000082300000, 0x0000000082400000, 0x0000000082400000|100%| O|  |TAMS 0x0000000082400000, 0x0000000082300000| Untracked 
|  36|0x0000000082400000, 0x0000000082500000, 0x0000000082500000|100%| O|  |TAMS 0x0000000082500000, 0x0000000082400000| Untracked 
|  37|0x0000000082500000, 0x0000000082600000, 0x0000000082600000|100%| O|  |TAMS 0x0000000082600000, 0x0000000082500000| Untracked 
|  38|0x0000000082600000, 0x0000000082700000, 0x0000000082700000|100%| O|  |TAMS 0x0000000082700000, 0x0000000082600000| Untracked 
|  39|0x0000000082700000, 0x0000000082800000, 0x0000000082800000|100%| O|  |TAMS 0x0000000082800000, 0x0000000082700000| Untracked 
|  40|0x0000000082800000, 0x0000000082900000, 0x0000000082900000|100%| O|  |TAMS 0x0000000082900000, 0x0000000082800000| Untracked 
|  41|0x0000000082900000, 0x0000000082a00000, 0x0000000082a00000|100%| O|  |TAMS 0x0000000082a00000, 0x0000000082900000| Untracked 
|  42|0x0000000082a00000, 0x0000000082b00000, 0x0000000082b00000|100%| O|  |TAMS 0x0000000082b00000, 0x0000000082a00000| Untracked 
|  43|0x0000000082b00000, 0x0000000082c00000, 0x0000000082c00000|100%| O|  |TAMS 0x0000000082c00000, 0x0000000082b00000| Untracked 
|  44|0x0000000082c00000, 0x0000000082d00000, 0x0000000082d00000|100%| O|  |TAMS 0x0000000082d00000, 0x0000000082c00000| Untracked 
|  45|0x0000000082d00000, 0x0000000082e00000, 0x0000000082e00000|100%| O|  |TAMS 0x0000000082e00000, 0x0000000082d00000| Untracked 
|  46|0x0000000082e00000, 0x0000000082f00000, 0x0000000082f00000|100%| O|  |TAMS 0x0000000082f00000, 0x0000000082e00000| Untracked 
|  47|0x0000000082f00000, 0x0000000083000000, 0x0000000083000000|100%| O|  |TAMS 0x0000000083000000, 0x0000000082f00000| Untracked 
|  48|0x0000000083000000, 0x0000000083100000, 0x0000000083100000|100%| O|  |TAMS 0x0000000083100000, 0x0000000083000000| Untracked 
|  49|0x0000000083100000, 0x0000000083200000, 0x0000000083200000|100%| O|  |TAMS 0x0000000083200000, 0x0000000083100000| Untracked 
|  50|0x0000000083200000, 0x0000000083300000, 0x0000000083300000|100%| O|  |TAMS 0x0000000083300000, 0x0000000083200000| Untracked 
|  51|0x0000000083300000, 0x0000000083400000, 0x0000000083400000|100%| O|  |TAMS 0x0000000083400000, 0x0000000083300000| Untracked 
|  52|0x0000000083400000, 0x0000000083500000, 0x0000000083500000|100%| O|  |TAMS 0x0000000083500000, 0x0000000083400000| Untracked 
|  53|0x0000000083500000, 0x0000000083600000, 0x0000000083600000|100%| O|  |TAMS 0x0000000083600000, 0x0000000083500000| Untracked 
|  54|0x0000000083600000, 0x0000000083700000, 0x0000000083700000|100%| O|  |TAMS 0x0000000083700000, 0x0000000083600000| Untracked 
|  55|0x0000000083700000, 0x0000000083800000, 0x0000000083800000|100%| O|  |TAMS 0x0000000083800000, 0x0000000083700000| Untracked 
|  56|0x0000000083800000, 0x0000000083900000, 0x0000000083900000|100%| O|  |TAMS 0x0000000083900000, 0x0000000083800000| Untracked 
|  57|0x0000000083900000, 0x0000000083a00000, 0x0000000083a00000|100%| O|  |TAMS 0x0000000083a00000, 0x0000000083900000| Untracked 
|  58|0x0000000083a00000, 0x0000000083b00000, 0x0000000083b00000|100%| O|  |TAMS 0x0000000083b00000, 0x0000000083a00000| Untracked 
|  59|0x0000000083b00000, 0x0000000083c00000, 0x0000000083c00000|100%| O|  |TAMS 0x0000000083c00000, 0x0000000083b00000| Untracked 
|  60|0x0000000083c00000, 0x0000000083d00000, 0x0000000083d00000|100%| O|  |TAMS 0x0000000083d00000, 0x0000000083c00000| Untracked 
|  61|0x0000000083d00000, 0x0000000083e00000, 0x0000000083e00000|100%| O|  |TAMS 0x0000000083e00000, 0x0000000083d00000| Untracked 
|  62|0x0000000083e00000, 0x0000000083f00000, 0x0000000083f00000|100%| O|  |TAMS 0x0000000083f00000, 0x0000000083e00000| Untracked 
|  63|0x0000000083f00000, 0x0000000084000000, 0x0000000084000000|100%| O|  |TAMS 0x0000000084000000, 0x0000000083f00000| Untracked 
|  64|0x0000000084000000, 0x0000000084100000, 0x0000000084100000|100%| O|  |TAMS 0x0000000084100000, 0x0000000084000000| Untracked 
|  65|0x0000000084100000, 0x0000000084200000, 0x0000000084200000|100%| O|  |TAMS 0x0000000084200000, 0x0000000084100000| Untracked 
|  66|0x0000000084200000, 0x0000000084300000, 0x0000000084300000|100%| O|  |TAMS 0x0000000084300000, 0x0000000084200000| Untracked 
|  67|0x0000000084300000, 0x0000000084400000, 0x0000000084400000|100%| O|  |TAMS 0x0000000084400000, 0x0000000084300000| Untracked 
|  68|0x0000000084400000, 0x0000000084500000, 0x0000000084500000|100%| O|  |TAMS 0x0000000084500000, 0x0000000084400000| Untracked 
|  69|0x0000000084500000, 0x0000000084600000, 0x0000000084600000|100%| O|  |TAMS 0x0000000084600000, 0x0000000084500000| Untracked 
|  70|0x0000000084600000, 0x0000000084700000, 0x0000000084700000|100%| O|  |TAMS 0x0000000084700000, 0x0000000084600000| Untracked 
|  71|0x0000000084700000, 0x0000000084800000, 0x0000000084800000|100%| O|  |TAMS 0x0000000084800000, 0x0000000084700000| Untracked 
|  72|0x0000000084800000, 0x0000000084900000, 0x0000000084900000|100%| O|  |TAMS 0x0000000084900000, 0x0000000084800000| Untracked 
|  73|0x0000000084900000, 0x0000000084a00000, 0x0000000084a00000|100%| O|  |TAMS 0x0000000084a00000, 0x0000000084900000| Untracked 
|  74|0x0000000084a00000, 0x0000000084b00000, 0x0000000084b00000|100%| O|  |TAMS 0x0000000084b00000, 0x0000000084a00000| Untracked 
|  75|0x0000000084b00000, 0x0000000084c00000, 0x0000000084c00000|100%| O|  |TAMS 0x0000000084c00000, 0x0000000084b00000| Untracked 
|  76|0x0000000084c00000, 0x0000000084d00000, 0x0000000084d00000|100%| O|  |TAMS 0x0000000084d00000, 0x0000000084c00000| Untracked 
|  77|0x0000000084d00000, 0x0000000084e00000, 0x0000000084e00000|100%| O|  |TAMS 0x0000000084e00000, 0x0000000084d00000| Untracked 
|  78|0x0000000084e00000, 0x0000000084f00000, 0x0000000084f00000|100%| O|  |TAMS 0x0000000084f00000, 0x0000000084e00000| Untracked 
|  79|0x0000000084f00000, 0x0000000085000000, 0x0000000085000000|100%| O|  |TAMS 0x0000000085000000, 0x0000000084f00000| Untracked 
|  80|0x0000000085000000, 0x0000000085100000, 0x0000000085100000|100%| O|  |TAMS 0x0000000085100000, 0x0000000085000000| Untracked 
|  81|0x0000000085100000, 0x0000000085200000, 0x0000000085200000|100%| O|  |TAMS 0x0000000085200000, 0x0000000085100000| Untracked 
|  82|0x0000000085200000, 0x0000000085300000, 0x0000000085300000|100%| O|  |TAMS 0x0000000085300000, 0x0000000085200000| Untracked 
|  83|0x0000000085300000, 0x0000000085400000, 0x0000000085400000|100%| O|  |TAMS 0x0000000085400000, 0x0000000085300000| Untracked 
|  84|0x0000000085400000, 0x0000000085500000, 0x0000000085500000|100%| O|  |TAMS 0x0000000085500000, 0x0000000085400000| Untracked 
|  85|0x0000000085500000, 0x0000000085600000, 0x0000000085600000|100%| O|  |TAMS 0x0000000085600000, 0x0000000085500000| Untracked 
|  86|0x0000000085600000, 0x0000000085700000, 0x0000000085700000|100%| O|  |TAMS 0x0000000085700000, 0x0000000085600000| Untracked 
|  87|0x0000000085700000, 0x0000000085800000, 0x0000000085800000|100%| O|  |TAMS 0x0000000085800000, 0x0000000085700000| Untracked 
|  88|0x0000000085800000, 0x0000000085900000, 0x0000000085900000|100%| O|  |TAMS 0x0000000085900000, 0x0000000085800000| Untracked 
|  89|0x0000000085900000, 0x0000000085a00000, 0x0000000085a00000|100%| O|  |TAMS 0x0000000085a00000, 0x0000000085900000| Untracked 
|  90|0x0000000085a00000, 0x0000000085b00000, 0x0000000085b00000|100%| O|  |TAMS 0x0000000085b00000, 0x0000000085a00000| Untracked 
|  91|0x0000000085b00000, 0x0000000085c00000, 0x0000000085c00000|100%| O|  |TAMS 0x0000000085c00000, 0x0000000085b00000| Untracked 
|  92|0x0000000085c00000, 0x0000000085d00000, 0x0000000085d00000|100%| O|  |TAMS 0x0000000085d00000, 0x0000000085c00000| Untracked 
|  93|0x0000000085d00000, 0x0000000085e00000, 0x0000000085e00000|100%| O|  |TAMS 0x0000000085e00000, 0x0000000085d00000| Untracked 
|  94|0x0000000085e00000, 0x0000000085f00000, 0x0000000085f00000|100%| O|  |TAMS 0x0000000085f00000, 0x0000000085e00000| Untracked 
|  95|0x0000000085f00000, 0x0000000086000000, 0x0000000086000000|100%| O|  |TAMS 0x0000000086000000, 0x0000000085f00000| Untracked 
|  96|0x0000000086000000, 0x0000000086100000, 0x0000000086100000|100%| O|  |TAMS 0x0000000086100000, 0x0000000086000000| Untracked 
|  97|0x0000000086100000, 0x0000000086200000, 0x0000000086200000|100%| O|  |TAMS 0x0000000086200000, 0x0000000086100000| Untracked 
|  98|0x0000000086200000, 0x0000000086300000, 0x0000000086300000|100%| O|  |TAMS 0x0000000086300000, 0x0000000086200000| Untracked 
|  99|0x0000000086300000, 0x0000000086400000, 0x0000000086400000|100%| O|  |TAMS 0x0000000086400000, 0x0000000086300000| Untracked 
| 100|0x0000000086400000, 0x0000000086500000, 0x0000000086500000|100%| O|  |TAMS 0x0000000086500000, 0x0000000086400000| Untracked 
| 101|0x0000000086500000, 0x0000000086600000, 0x0000000086600000|100%| O|  |TAMS 0x0000000086600000, 0x0000000086500000| Untracked 
| 102|0x0000000086600000, 0x0000000086700000, 0x0000000086700000|100%| O|  |TAMS 0x0000000086700000, 0x0000000086600000| Untracked 
| 103|0x0000000086700000, 0x0000000086800000, 0x0000000086800000|100%| O|  |TAMS 0x0000000086800000, 0x0000000086700000| Untracked 
| 104|0x0000000086800000, 0x0000000086900000, 0x0000000086900000|100%| O|  |TAMS 0x0000000086900000, 0x0000000086800000| Untracked 
| 105|0x0000000086900000, 0x0000000086a00000, 0x0000000086a00000|100%| O|  |TAMS 0x0000000086a00000, 0x0000000086900000| Untracked 
| 106|0x0000000086a00000, 0x0000000086b00000, 0x0000000086b00000|100%| O|  |TAMS 0x0000000086b00000, 0x0000000086a00000| Untracked 
| 107|0x0000000086b00000, 0x0000000086c00000, 0x0000000086c00000|100%| O|  |TAMS 0x0000000086c00000, 0x0000000086b00000| Untracked 
| 108|0x0000000086c00000, 0x0000000086d00000, 0x0000000086d00000|100%| O|  |TAMS 0x0000000086c00000, 0x0000000086c00000| Untracked 
| 109|0x0000000086d00000, 0x0000000086e00000, 0x0000000086e00000|100%| O|  |TAMS 0x0000000086d00000, 0x0000000086d00000| Untracked 
| 110|0x0000000086e00000, 0x0000000086f00000, 0x0000000086f00000|100%| O|  |TAMS 0x0000000086e00000, 0x0000000086e00000| Untracked 
| 111|0x0000000086f00000, 0x0000000087000000, 0x0000000087000000|100%| O|  |TAMS 0x0000000086f00000, 0x0000000086f00000| Untracked 
| 112|0x0000000087000000, 0x0000000087100000, 0x0000000087100000|100%| O|  |TAMS 0x0000000087000000, 0x0000000087000000| Untracked 
| 113|0x0000000087100000, 0x0000000087200000, 0x0000000087200000|100%| O|  |TAMS 0x0000000087100000, 0x0000000087100000| Untracked 
| 114|0x0000000087200000, 0x0000000087300000, 0x0000000087300000|100%| O|  |TAMS 0x0000000087200000, 0x0000000087200000| Untracked 
| 115|0x0000000087300000, 0x0000000087400000, 0x0000000087400000|100%| O|  |TAMS 0x0000000087300000, 0x0000000087300000| Untracked 
| 116|0x0000000087400000, 0x000000008749f400, 0x0000000087500000| 62%| O|  |TAMS 0x0000000087400000, 0x0000000087400000| Untracked 
| 117|0x0000000087500000, 0x0000000087500000, 0x0000000087600000|  0%| F|  |TAMS 0x0000000087500000, 0x0000000087500000| Untracked 
| 118|0x0000000087600000, 0x0000000087600000, 0x0000000087700000|  0%| F|  |TAMS 0x0000000087600000, 0x0000000087600000| Untracked 
| 119|0x0000000087700000, 0x0000000087700000, 0x0000000087800000|  0%| F|  |TAMS 0x0000000087700000, 0x0000000087700000| Untracked 
| 120|0x0000000087800000, 0x0000000087800000, 0x0000000087900000|  0%| F|  |TAMS 0x0000000087800000, 0x0000000087800000| Untracked 
| 121|0x0000000087900000, 0x0000000087900000, 0x0000000087a00000|  0%| F|  |TAMS 0x0000000087900000, 0x0000000087900000| Untracked 
| 122|0x0000000087a00000, 0x0000000087a00000, 0x0000000087b00000|  0%| F|  |TAMS 0x0000000087a00000, 0x0000000087a00000| Untracked 
| 123|0x0000000087b00000, 0x0000000087b00000, 0x0000000087c00000|  0%| F|  |TAMS 0x0000000087b00000, 0x0000000087b00000| Untracked 
| 124|0x0000000087c00000, 0x0000000087c00000, 0x0000000087d00000|  0%| F|  |TAMS 0x0000000087c00000, 0x0000000087c00000| Untracked 
| 125|0x0000000087d00000, 0x0000000087d00000, 0x0000000087e00000|  0%| F|  |TAMS 0x0000000087d00000, 0x0000000087d00000| Untracked 
| 126|0x0000000087e00000, 0x0000000087e00000, 0x0000000087f00000|  0%| F|  |TAMS 0x0000000087e00000, 0x0000000087e00000| Untracked 
| 127|0x0000000087f00000, 0x0000000087f00000, 0x0000000088000000|  0%| F|  |TAMS 0x0000000087f00000, 0x0000000087f00000| Untracked 
| 128|0x0000000088000000, 0x0000000088000000, 0x0000000088100000|  0%| F|  |TAMS 0x0000000088000000, 0x0000000088000000| Untracked 
| 129|0x0000000088100000, 0x0000000088100000, 0x0000000088200000|  0%| F|  |TAMS 0x0000000088100000, 0x0000000088100000| Untracked 
| 130|0x0000000088200000, 0x0000000088200000, 0x0000000088300000|  0%| F|  |TAMS 0x0000000088200000, 0x0000000088200000| Untracked 
| 131|0x0000000088300000, 0x0000000088300000, 0x0000000088400000|  0%| F|  |TAMS 0x0000000088300000, 0x0000000088300000| Untracked 
| 132|0x0000000088400000, 0x0000000088400000, 0x0000000088500000|  0%| F|  |TAMS 0x0000000088400000, 0x0000000088400000| Untracked 
| 133|0x0000000088500000, 0x0000000088500000, 0x0000000088600000|  0%| F|  |TAMS 0x0000000088500000, 0x0000000088500000| Untracked 
| 134|0x0000000088600000, 0x0000000088600000, 0x0000000088700000|  0%| F|  |TAMS 0x0000000088600000, 0x0000000088600000| Untracked 
| 135|0x0000000088700000, 0x0000000088700000, 0x0000000088800000|  0%| F|  |TAMS 0x0000000088700000, 0x0000000088700000| Untracked 
| 136|0x0000000088800000, 0x0000000088800000, 0x0000000088900000|  0%| F|  |TAMS 0x0000000088800000, 0x0000000088800000| Untracked 
| 137|0x0000000088900000, 0x0000000088900000, 0x0000000088a00000|  0%| F|  |TAMS 0x0000000088900000, 0x0000000088900000| Untracked 
| 138|0x0000000088a00000, 0x0000000088a00000, 0x0000000088b00000|  0%| F|  |TAMS 0x0000000088a00000, 0x0000000088a00000| Untracked 
| 139|0x0000000088b00000, 0x0000000088b00000, 0x0000000088c00000|  0%| F|  |TAMS 0x0000000088b00000, 0x0000000088b00000| Untracked 
| 140|0x0000000088c00000, 0x0000000088c00000, 0x0000000088d00000|  0%| F|  |TAMS 0x0000000088c00000, 0x0000000088c00000| Untracked 
| 141|0x0000000088d00000, 0x0000000088d00000, 0x0000000088e00000|  0%| F|  |TAMS 0x0000000088d00000, 0x0000000088d00000| Untracked 
| 142|0x0000000088e00000, 0x0000000088e00000, 0x0000000088f00000|  0%| F|  |TAMS 0x0000000088e00000, 0x0000000088e00000| Untracked 
| 143|0x0000000088f00000, 0x0000000088f00000, 0x0000000089000000|  0%| F|  |TAMS 0x0000000088f00000, 0x0000000088f00000| Untracked 
| 144|0x0000000089000000, 0x0000000089000000, 0x0000000089100000|  0%| F|  |TAMS 0x0000000089000000, 0x0000000089000000| Untracked 
| 145|0x0000000089100000, 0x0000000089100000, 0x0000000089200000|  0%| F|  |TAMS 0x0000000089100000, 0x0000000089100000| Untracked 
| 146|0x0000000089200000, 0x0000000089200000, 0x0000000089300000|  0%| F|  |TAMS 0x0000000089200000, 0x0000000089200000| Untracked 
| 147|0x0000000089300000, 0x0000000089300000, 0x0000000089400000|  0%| F|  |TAMS 0x0000000089300000, 0x0000000089300000| Untracked 
| 148|0x0000000089400000, 0x0000000089400000, 0x0000000089500000|  0%| F|  |TAMS 0x0000000089400000, 0x0000000089400000| Untracked 
| 149|0x0000000089500000, 0x0000000089500000, 0x0000000089600000|  0%| F|  |TAMS 0x0000000089500000, 0x0000000089500000| Untracked 
| 150|0x0000000089600000, 0x0000000089600000, 0x0000000089700000|  0%| F|  |TAMS 0x0000000089600000, 0x0000000089600000| Untracked 
| 151|0x0000000089700000, 0x0000000089700000, 0x0000000089800000|  0%| F|  |TAMS 0x0000000089700000, 0x0000000089700000| Untracked 
| 152|0x0000000089800000, 0x00000000898d6370, 0x0000000089900000| 83%| S|CS|TAMS 0x0000000089800000, 0x0000000089800000| Complete 
| 153|0x0000000089900000, 0x0000000089a00000, 0x0000000089a00000|100%| S|CS|TAMS 0x0000000089900000, 0x0000000089900000| Complete 
| 154|0x0000000089a00000, 0x0000000089a00000, 0x0000000089b00000|  0%| F|  |TAMS 0x0000000089a00000, 0x0000000089a00000| Untracked 
| 155|0x0000000089b00000, 0x0000000089c00000, 0x0000000089c00000|100%| S|CS|TAMS 0x0000000089b00000, 0x0000000089b00000| Complete 
| 156|0x0000000089c00000, 0x0000000089d00000, 0x0000000089d00000|100%| S|CS|TAMS 0x0000000089c00000, 0x0000000089c00000| Complete 
| 157|0x0000000089d00000, 0x0000000089e00000, 0x0000000089e00000|100%| S|CS|TAMS 0x0000000089d00000, 0x0000000089d00000| Complete 
| 158|0x0000000089e00000, 0x0000000089e00000, 0x0000000089f00000|  0%| F|  |TAMS 0x0000000089e00000, 0x0000000089e00000| Untracked 
| 159|0x0000000089f00000, 0x0000000089f00000, 0x000000008a000000|  0%| F|  |TAMS 0x0000000089f00000, 0x0000000089f00000| Untracked 
| 160|0x000000008a000000, 0x000000008a000000, 0x000000008a100000|  0%| F|  |TAMS 0x000000008a000000, 0x000000008a000000| Untracked 
| 161|0x000000008a100000, 0x000000008a100000, 0x000000008a200000|  0%| F|  |TAMS 0x000000008a100000, 0x000000008a100000| Untracked 
| 162|0x000000008a200000, 0x000000008a200000, 0x000000008a300000|  0%| F|  |TAMS 0x000000008a200000, 0x000000008a200000| Untracked 
| 163|0x000000008a300000, 0x000000008a300000, 0x000000008a400000|  0%| F|  |TAMS 0x000000008a300000, 0x000000008a300000| Untracked 
| 164|0x000000008a400000, 0x000000008a400000, 0x000000008a500000|  0%| F|  |TAMS 0x000000008a400000, 0x000000008a400000| Untracked 
| 165|0x000000008a500000, 0x000000008a500000, 0x000000008a600000|  0%| F|  |TAMS 0x000000008a500000, 0x000000008a500000| Untracked 
| 166|0x000000008a600000, 0x000000008a600000, 0x000000008a700000|  0%| F|  |TAMS 0x000000008a600000, 0x000000008a600000| Untracked 
| 167|0x000000008a700000, 0x000000008a700000, 0x000000008a800000|  0%| F|  |TAMS 0x000000008a700000, 0x000000008a700000| Untracked 
| 168|0x000000008a800000, 0x000000008a800000, 0x000000008a900000|  0%| F|  |TAMS 0x000000008a800000, 0x000000008a800000| Untracked 
| 169|0x000000008a900000, 0x000000008a900000, 0x000000008aa00000|  0%| F|  |TAMS 0x000000008a900000, 0x000000008a900000| Untracked 
| 170|0x000000008aa00000, 0x000000008aa00000, 0x000000008ab00000|  0%| F|  |TAMS 0x000000008aa00000, 0x000000008aa00000| Untracked 
| 171|0x000000008ab00000, 0x000000008ab00000, 0x000000008ac00000|  0%| F|  |TAMS 0x000000008ab00000, 0x000000008ab00000| Untracked 
| 172|0x000000008ac00000, 0x000000008ac00000, 0x000000008ad00000|  0%| F|  |TAMS 0x000000008ac00000, 0x000000008ac00000| Untracked 
| 173|0x000000008ad00000, 0x000000008ad00000, 0x000000008ae00000|  0%| F|  |TAMS 0x000000008ad00000, 0x000000008ad00000| Untracked 
| 174|0x000000008ae00000, 0x000000008ae00000, 0x000000008af00000|  0%| F|  |TAMS 0x000000008ae00000, 0x000000008ae00000| Untracked 
| 175|0x000000008af00000, 0x000000008af00000, 0x000000008b000000|  0%| F|  |TAMS 0x000000008af00000, 0x000000008af00000| Untracked 
| 176|0x000000008b000000, 0x000000008b000000, 0x000000008b100000|  0%| F|  |TAMS 0x000000008b000000, 0x000000008b000000| Untracked 
| 177|0x000000008b100000, 0x000000008b100000, 0x000000008b200000|  0%| F|  |TAMS 0x000000008b100000, 0x000000008b100000| Untracked 
| 178|0x000000008b200000, 0x000000008b200000, 0x000000008b300000|  0%| F|  |TAMS 0x000000008b200000, 0x000000008b200000| Untracked 
| 179|0x000000008b300000, 0x000000008b300000, 0x000000008b400000|  0%| F|  |TAMS 0x000000008b300000, 0x000000008b300000| Untracked 
| 180|0x000000008b400000, 0x000000008b400000, 0x000000008b500000|  0%| F|  |TAMS 0x000000008b400000, 0x000000008b400000| Untracked 
| 181|0x000000008b500000, 0x000000008b500000, 0x000000008b600000|  0%| F|  |TAMS 0x000000008b500000, 0x000000008b500000| Untracked 
| 182|0x000000008b600000, 0x000000008b600000, 0x000000008b700000|  0%| F|  |TAMS 0x000000008b600000, 0x000000008b600000| Untracked 
| 183|0x000000008b700000, 0x000000008b700000, 0x000000008b800000|  0%| F|  |TAMS 0x000000008b700000, 0x000000008b700000| Untracked 
| 184|0x000000008b800000, 0x000000008b800000, 0x000000008b900000|  0%| F|  |TAMS 0x000000008b800000, 0x000000008b800000| Untracked 
| 185|0x000000008b900000, 0x000000008b900000, 0x000000008ba00000|  0%| F|  |TAMS 0x000000008b900000, 0x000000008b900000| Untracked 
| 186|0x000000008ba00000, 0x000000008ba00000, 0x000000008bb00000|  0%| F|  |TAMS 0x000000008ba00000, 0x000000008ba00000| Untracked 
| 187|0x000000008bb00000, 0x000000008bb00000, 0x000000008bc00000|  0%| F|  |TAMS 0x000000008bb00000, 0x000000008bb00000| Untracked 
| 188|0x000000008bc00000, 0x000000008bc00000, 0x000000008bd00000|  0%| F|  |TAMS 0x000000008bc00000, 0x000000008bc00000| Untracked 
| 189|0x000000008bd00000, 0x000000008bd00000, 0x000000008be00000|  0%| F|  |TAMS 0x000000008bd00000, 0x000000008bd00000| Untracked 
| 190|0x000000008be00000, 0x000000008be00000, 0x000000008bf00000|  0%| F|  |TAMS 0x000000008be00000, 0x000000008be00000| Untracked 
| 191|0x000000008bf00000, 0x000000008bf00000, 0x000000008c000000|  0%| F|  |TAMS 0x000000008bf00000, 0x000000008bf00000| Untracked 
| 192|0x000000008c000000, 0x000000008c000000, 0x000000008c100000|  0%| F|  |TAMS 0x000000008c000000, 0x000000008c000000| Untracked 
| 193|0x000000008c100000, 0x000000008c100000, 0x000000008c200000|  0%| F|  |TAMS 0x000000008c100000, 0x000000008c100000| Untracked 
| 194|0x000000008c200000, 0x000000008c200000, 0x000000008c300000|  0%| F|  |TAMS 0x000000008c200000, 0x000000008c200000| Untracked 
| 195|0x000000008c300000, 0x000000008c300000, 0x000000008c400000|  0%| F|  |TAMS 0x000000008c300000, 0x000000008c300000| Untracked 
| 196|0x000000008c400000, 0x000000008c400000, 0x000000008c500000|  0%| F|  |TAMS 0x000000008c400000, 0x000000008c400000| Untracked 
| 197|0x000000008c500000, 0x000000008c500000, 0x000000008c600000|  0%| F|  |TAMS 0x000000008c500000, 0x000000008c500000| Untracked 
| 198|0x000000008c600000, 0x000000008c600000, 0x000000008c700000|  0%| F|  |TAMS 0x000000008c600000, 0x000000008c600000| Untracked 
| 199|0x000000008c700000, 0x000000008c700000, 0x000000008c800000|  0%| F|  |TAMS 0x000000008c700000, 0x000000008c700000| Untracked 
| 200|0x000000008c800000, 0x000000008c800000, 0x000000008c900000|  0%| F|  |TAMS 0x000000008c800000, 0x000000008c800000| Untracked 
| 201|0x000000008c900000, 0x000000008c900000, 0x000000008ca00000|  0%| F|  |TAMS 0x000000008c900000, 0x000000008c900000| Untracked 
| 202|0x000000008ca00000, 0x000000008ca00000, 0x000000008cb00000|  0%| F|  |TAMS 0x000000008ca00000, 0x000000008ca00000| Untracked 
| 203|0x000000008cb00000, 0x000000008cb74190, 0x000000008cc00000| 45%| E|  |TAMS 0x000000008cb00000, 0x000000008cb00000| Complete 
| 204|0x000000008cc00000, 0x000000008cd00000, 0x000000008cd00000|100%| E|CS|TAMS 0x000000008cc00000, 0x000000008cc00000| Complete 
| 205|0x000000008cd00000, 0x000000008ce00000, 0x000000008ce00000|100%| E|CS|TAMS 0x000000008cd00000, 0x000000008cd00000| Complete 
| 206|0x000000008ce00000, 0x000000008cf00000, 0x000000008cf00000|100%| E|CS|TAMS 0x000000008ce00000, 0x000000008ce00000| Complete 
| 207|0x000000008cf00000, 0x000000008d000000, 0x000000008d000000|100%| E|CS|TAMS 0x000000008cf00000, 0x000000008cf00000| Complete 
| 208|0x000000008d000000, 0x000000008d100000, 0x000000008d100000|100%| E|CS|TAMS 0x000000008d000000, 0x000000008d000000| Complete 
| 209|0x000000008d100000, 0x000000008d200000, 0x000000008d200000|100%| E|CS|TAMS 0x000000008d100000, 0x000000008d100000| Complete 
| 210|0x000000008d200000, 0x000000008d300000, 0x000000008d300000|100%| E|CS|TAMS 0x000000008d200000, 0x000000008d200000| Complete 
| 211|0x000000008d300000, 0x000000008d400000, 0x000000008d400000|100%| E|CS|TAMS 0x000000008d300000, 0x000000008d300000| Complete 
| 212|0x000000008d400000, 0x000000008d500000, 0x000000008d500000|100%| E|CS|TAMS 0x000000008d400000, 0x000000008d400000| Complete 
| 213|0x000000008d500000, 0x000000008d600000, 0x000000008d600000|100%| E|CS|TAMS 0x000000008d500000, 0x000000008d500000| Complete 
| 214|0x000000008d600000, 0x000000008d700000, 0x000000008d700000|100%| E|CS|TAMS 0x000000008d600000, 0x000000008d600000| Complete 
| 215|0x000000008d700000, 0x000000008d800000, 0x000000008d800000|100%| E|CS|TAMS 0x000000008d700000, 0x000000008d700000| Complete 
| 216|0x000000008d800000, 0x000000008d900000, 0x000000008d900000|100%| E|CS|TAMS 0x000000008d800000, 0x000000008d800000| Complete 
| 217|0x000000008d900000, 0x000000008da00000, 0x000000008da00000|100%| E|CS|TAMS 0x000000008d900000, 0x000000008d900000| Complete 
| 218|0x000000008da00000, 0x000000008db00000, 0x000000008db00000|100%| E|CS|TAMS 0x000000008da00000, 0x000000008da00000| Complete 
| 219|0x000000008db00000, 0x000000008dc00000, 0x000000008dc00000|100%| E|CS|TAMS 0x000000008db00000, 0x000000008db00000| Complete 

Card table byte_map: [0x000001ca633f0000,0x000001ca637f0000] _byte_map_base: 0x000001ca62ff0000

Marking Bits (Prev, Next): (CMBitMap*) 0x000001ca4e2d06e0, (CMBitMap*) 0x000001ca4e2d06a8
 Prev Bits: [0x000001ca65bf0000, 0x000001ca67bf0000)
 Next Bits: [0x000001ca63bf0000, 0x000001ca65bf0000)

Polling page: 0x000001ca4e360000

Metaspace:

Usage:
  Non-class:     86.74 MB capacity,    85.14 MB ( 98%) used,     1.31 MB (  2%) free+waste,   289.25 KB ( <1%) overhead. 
      Class:     13.40 MB capacity,    12.53 MB ( 93%) used,   764.48 KB (  6%) free+waste,   128.94 KB ( <1%) overhead. 
       Both:    100.14 MB capacity,    97.67 MB ( 98%) used,     2.06 MB (  2%) free+waste,   418.19 KB ( <1%) overhead. 

Virtual space:
  Non-class space:       88.00 MB reserved,      86.84 MB ( 99%) committed 
      Class space:        1.00 GB reserved,      13.52 MB (  1%) committed 
             Both:        1.09 GB reserved,     100.36 MB (  9%) committed 

Chunk freelists:
   Non-Class:  39.00 KB
       Class:  6.00 KB
        Both:  45.00 KB

MaxMetaspaceSize: 17179869184.00 GB
CompressedClassSpaceSize: 1.00 GB

CodeHeap 'non-profiled nmethods': size=120000Kb used=8321Kb max_used=8321Kb free=111678Kb
 bounds [0x000001ca5b060000, 0x000001ca5b890000, 0x000001ca62590000]
CodeHeap 'profiled nmethods': size=120000Kb used=29385Kb max_used=29385Kb free=90614Kb
 bounds [0x000001ca53b30000, 0x000001ca557f0000, 0x000001ca5b060000]
CodeHeap 'non-nmethods': size=5760Kb used=2345Kb max_used=2382Kb free=3414Kb
 bounds [0x000001ca53590000, 0x000001ca53800000, 0x000001ca53b30000]
 total_blobs=14497 nmethods=13542 adapters=866
 compilation: enabled
              stopped_count=0, restarted_count=0
 full_count=0

Compilation events (20 events):
Event: 49.105 Thread 0x000001ca73bd7000 nmethod 13683 0x000001ca5b87ad90 code [0x000001ca5b87af80, 0x000001ca5b87b6a0]
Event: 49.105 Thread 0x000001ca73bd7000 13682       4       kotlin.text.StringsKt__StringsKt::substringAfterLast (71 bytes)
Event: 49.116 Thread 0x000001ca73bd7000 nmethod 13682 0x000001ca5b87ba90 code [0x000001ca5b87bc40, 0x000001ca5b87c338]
Event: 49.116 Thread 0x000001ca73bd7000 13687       4       java.util.ArrayDeque::pop (5 bytes)
Event: 49.117 Thread 0x000001ca73bd7000 nmethod 13687 0x000001ca5b87c810 code [0x000001ca5b87c9a0, 0x000001ca5b87cab8]
Event: 49.117 Thread 0x000001ca73bd7000 13693       4       java.util.ArrayList::addAll (76 bytes)
Event: 49.119 Thread 0x000001ca6af4b000 13694       3       org.gradle.api.internal.file.collections.DefaultDirectoryWalker$PathVisitor::visitFile (10 bytes)
Event: 49.119 Thread 0x000001ca6af4b000 nmethod 13694 0x000001ca557cf510 code [0x000001ca557cf6e0, 0x000001ca557cf908]
Event: 49.123 Thread 0x000001ca73bd7000 nmethod 13693 0x000001ca5b87cc10 code [0x000001ca5b87cdc0, 0x000001ca5b87d338]
Event: 49.123 Thread 0x000001ca6af4b000 13695       3       org.gradle.api.internal.file.collections.DefaultDirectoryWalker$PathVisitor::visitFile (64 bytes)
Event: 49.125 Thread 0x000001ca6af4b000 nmethod 13695 0x000001ca557cfa10 code [0x000001ca557cfd00, 0x000001ca557d0d48]
Event: 49.129 Thread 0x000001ca73bd7000 13696   !   4       sun.nio.fs.WindowsDirectoryStream::iterator (62 bytes)
Event: 49.130 Thread 0x000001ca6af4b000 13699       3       kotlin.text.StringsKt__StringsJVMKt::equals (32 bytes)
Event: 49.130 Thread 0x000001ca6af4b000 nmethod 13699 0x000001ca557d1310 code [0x000001ca557d14e0, 0x000001ca557d1738]
Event: 49.130 Thread 0x000001ca6af4b000 13700       3       org.jetbrains.kotlin.gradle.utils.FileUtilsKt::isParentOf (87 bytes)
Event: 49.132 Thread 0x000001ca6af4b000 nmethod 13700 0x000001ca557d1810 code [0x000001ca557d1c00, 0x000001ca557d3628]
Event: 49.132 Thread 0x000001ca6af4b000 13702       3       org.gradle.api.tasks.util.internal.IntersectionPatternSet::getAsSpec (25 bytes)
Event: 49.134 Thread 0x000001ca6af4b000 nmethod 13702 0x000001ca557d3e90 code [0x000001ca557d4140, 0x000001ca557d50d8]
Event: 49.138 Thread 0x000001ca73bd7000 nmethod 13696 0x000001ca5b87d610 code [0x000001ca5b87d7e0, 0x000001ca5b87e038]
Event: 49.138 Thread 0x000001ca73bd7000 13697       4       sun.nio.fs.WindowsDirectoryStream$WindowsDirectoryIterator::<init> (73 bytes)

GC Heap History (20 events):
Event: 16.714 GC heap before
{Heap before GC invocations=21 (full 0):
 garbage-first heap   total 187392K, used 148480K [0x0000000080000000, 0x0000000100000000)
  region size 1024K, 73 young (74752K), 10 survivors (10240K)
 Metaspace       used 86598K, capacity 88917K, committed 89072K, reserved 1126400K
  class space    used 11307K, capacity 12166K, committed 12184K, reserved 1048576K
}
Event: 16.730 GC heap after
{Heap after GC invocations=22 (full 0):
 garbage-first heap   total 187392K, used 89481K [0x0000000080000000, 0x0000000100000000)
  region size 1024K, 6 young (6144K), 6 survivors (6144K)
 Metaspace       used 86598K, capacity 88917K, committed 89072K, reserved 1126400K
  class space    used 11307K, capacity 12166K, committed 12184K, reserved 1048576K
}
Event: 17.207 GC heap before
{Heap before GC invocations=22 (full 0):
 garbage-first heap   total 187392K, used 149897K [0x0000000080000000, 0x0000000100000000)
  region size 1024K, 66 young (67584K), 6 survivors (6144K)
 Metaspace       used 87038K, capacity 89484K, committed 89712K, reserved 1126400K
  class space    used 11348K, capacity 12214K, committed 12312K, reserved 1048576K
}
Event: 17.219 GC heap after
{Heap after GC invocations=23 (full 0):
 garbage-first heap   total 187392K, used 94159K [0x0000000080000000, 0x0000000100000000)
  region size 1024K, 7 young (7168K), 7 survivors (7168K)
 Metaspace       used 87038K, capacity 89484K, committed 89712K, reserved 1126400K
  class space    used 11348K, capacity 12214K, committed 12312K, reserved 1048576K
}
Event: 18.121 GC heap before
{Heap before GC invocations=23 (full 0):
 garbage-first heap   total 187392K, used 150479K [0x0000000080000000, 0x0000000100000000)
  region size 1024K, 63 young (64512K), 7 survivors (7168K)
 Metaspace       used 89616K, capacity 92035K, committed 92272K, reserved 1128448K
  class space    used 11586K, capacity 12449K, committed 12568K, reserved 1048576K
}
Event: 18.133 GC heap after
{Heap after GC invocations=24 (full 0):
 garbage-first heap   total 187392K, used 96380K [0x0000000080000000, 0x0000000100000000)
  region size 1024K, 4 young (4096K), 4 survivors (4096K)
 Metaspace       used 89616K, capacity 92035K, committed 92272K, reserved 1128448K
  class space    used 11586K, capacity 12449K, committed 12568K, reserved 1048576K
}
Event: 18.955 GC heap before
{Heap before GC invocations=25 (full 0):
 garbage-first heap   total 187392K, used 151676K [0x0000000080000000, 0x0000000100000000)
  region size 1024K, 59 young (60416K), 4 survivors (4096K)
 Metaspace       used 92630K, capacity 94819K, committed 95728K, reserved 1132544K
  class space    used 11919K, capacity 12688K, committed 12952K, reserved 1048576K
}
Event: 18.965 GC heap after
{Heap after GC invocations=26 (full 0):
 garbage-first heap   total 187392K, used 98944K [0x0000000080000000, 0x0000000100000000)
  region size 1024K, 7 young (7168K), 7 survivors (7168K)
 Metaspace       used 92630K, capacity 94819K, committed 95728K, reserved 1132544K
  class space    used 11919K, capacity 12688K, committed 12952K, reserved 1048576K
}
Event: 19.269 GC heap before
{Heap before GC invocations=26 (full 0):
 garbage-first heap   total 187392K, used 152192K [0x0000000080000000, 0x0000000100000000)
  region size 1024K, 60 young (61440K), 7 survivors (7168K)
 Metaspace       used 92720K, capacity 94984K, committed 95856K, reserved 1132544K
  class space    used 11927K, capacity 12721K, committed 13080K, reserved 1048576K
}
Event: 19.283 GC heap after
{Heap after GC invocations=27 (full 0):
 garbage-first heap   total 187392K, used 102770K [0x0000000080000000, 0x0000000100000000)
  region size 1024K, 8 young (8192K), 8 survivors (8192K)
 Metaspace       used 92720K, capacity 94984K, committed 95856K, reserved 1132544K
  class space    used 11927K, capacity 12721K, committed 13080K, reserved 1048576K
}
Event: 19.651 GC heap before
{Heap before GC invocations=28 (full 0):
 garbage-first heap   total 187392K, used 153970K [0x0000000080000000, 0x0000000100000000)
  region size 1024K, 59 young (60416K), 8 survivors (8192K)
 Metaspace       used 92795K, capacity 95006K, committed 95856K, reserved 1132544K
  class space    used 11932K, capacity 12726K, committed 13080K, reserved 1048576K
}
Event: 19.666 GC heap after
{Heap after GC invocations=29 (full 0):
 garbage-first heap   total 225280K, used 105404K [0x0000000080000000, 0x0000000100000000)
  region size 1024K, 6 young (6144K), 6 survivors (6144K)
 Metaspace       used 92795K, capacity 95006K, committed 95856K, reserved 1132544K
  class space    used 11932K, capacity 12726K, committed 13080K, reserved 1048576K
}
Event: 21.966 GC heap before
{Heap before GC invocations=29 (full 0):
 garbage-first heap   total 225280K, used 174012K [0x0000000080000000, 0x0000000100000000)
  region size 1024K, 74 young (75776K), 6 survivors (6144K)
 Metaspace       used 94105K, capacity 96438K, committed 97264K, reserved 1134592K
  class space    used 12078K, capacity 12893K, committed 13208K, reserved 1048576K
}
Event: 21.980 GC heap after
{Heap after GC invocations=30 (full 0):
 garbage-first heap   total 225280K, used 110492K [0x0000000080000000, 0x0000000100000000)
  region size 1024K, 10 young (10240K), 10 survivors (10240K)
 Metaspace       used 94105K, capacity 96438K, committed 97264K, reserved 1134592K
  class space    used 12078K, capacity 12893K, committed 13208K, reserved 1048576K
}
Event: 22.568 GC heap before
{Heap before GC invocations=30 (full 0):
 garbage-first heap   total 225280K, used 177052K [0x0000000080000000, 0x0000000100000000)
  region size 1024K, 76 young (77824K), 10 survivors (10240K)
 Metaspace       used 94761K, capacity 97021K, committed 97776K, reserved 1134592K
  class space    used 12148K, capacity 12959K, committed 13208K, reserved 1048576K
}
Event: 22.582 GC heap after
{Heap after GC invocations=31 (full 0):
 garbage-first heap   total 225280K, used 114092K [0x0000000080000000, 0x0000000100000000)
  region size 1024K, 6 young (6144K), 6 survivors (6144K)
 Metaspace       used 94761K, capacity 97021K, committed 97776K, reserved 1134592K
  class space    used 12148K, capacity 12959K, committed 13208K, reserved 1048576K
}
Event: 23.612 GC heap before
{Heap before GC invocations=31 (full 0):
 garbage-first heap   total 225280K, used 179628K [0x0000000080000000, 0x0000000100000000)
  region size 1024K, 71 young (72704K), 6 survivors (6144K)
 Metaspace       used 97370K, capacity 99656K, committed 100208K, reserved 1136640K
  class space    used 12453K, capacity 13298K, committed 13592K, reserved 1048576K
}
Event: 23.631 GC heap after
{Heap after GC invocations=32 (full 0):
 garbage-first heap   total 225280K, used 119808K [0x0000000080000000, 0x0000000100000000)
  region size 1024K, 9 young (9216K), 9 survivors (9216K)
 Metaspace       used 97370K, capacity 99656K, committed 100208K, reserved 1136640K
  class space    used 12453K, capacity 13298K, committed 13592K, reserved 1048576K
}
Event: 48.984 GC heap before
{Heap before GC invocations=33 (full 0):
 garbage-first heap   total 225280K, used 182272K [0x0000000080000000, 0x0000000100000000)
  region size 1024K, 71 young (72704K), 9 survivors (9216K)
 Metaspace       used 99950K, capacity 102465K, committed 102768K, reserved 1138688K
  class space    used 12826K, capacity 13720K, committed 13848K, reserved 1048576K
}
Event: 48.997 GC heap after
{Heap after GC invocations=34 (full 0):
 garbage-first heap   total 225280K, used 124373K [0x0000000080000000, 0x0000000100000000)
  region size 1024K, 5 young (5120K), 5 survivors (5120K)
 Metaspace       used 99950K, capacity 102465K, committed 102768K, reserved 1138688K
  class space    used 12826K, capacity 13720K, committed 13848K, reserved 1048576K
}

Deoptimization events (20 events):
Event: 48.981 Thread 0x000001ca70435000 Uncommon trap: trap_request=0xffffffd6 fr.pc=0x000001ca5b85b974 relative=0x0000000000000c94
Event: 48.981 Thread 0x000001ca70435000 Uncommon trap: reason=array_check action=maybe_recompile pc=0x000001ca5b85b974 method=com.google.common.collect.RegularImmutableMap.fromEntryArray(I[Ljava/util/Map$Entry;)Lcom/google/common/collect/ImmutableMap; @ 157 c2
Event: 48.981 Thread 0x000001ca70435000 DEOPT PACKING pc=0x000001ca5b85b974 sp=0x0000009884efc8d0
Event: 48.981 Thread 0x000001ca70435000 DEOPT UNPACKING pc=0x000001ca535983af sp=0x0000009884efc828 mode 2
Event: 49.073 Thread 0x000001ca70435000 DEOPT PACKING pc=0x000001ca55718fc4 sp=0x0000009884ef9810
Event: 49.073 Thread 0x000001ca70435000 DEOPT UNPACKING pc=0x000001ca535b7c0e sp=0x0000009884ef8db0 mode 0
Event: 49.073 Thread 0x000001ca70435000 DEOPT PACKING pc=0x000001ca55680288 sp=0x0000009884ef99b0
Event: 49.073 Thread 0x000001ca70435000 DEOPT UNPACKING pc=0x000001ca535b7c0e sp=0x0000009884ef8ee8 mode 0
Event: 49.080 Thread 0x000001ca70435000 DEOPT PACKING pc=0x000001ca55718fc4 sp=0x0000009884ef9810
Event: 49.080 Thread 0x000001ca70435000 DEOPT UNPACKING pc=0x000001ca535b7c0e sp=0x0000009884ef8db0 mode 0
Event: 49.087 Thread 0x000001ca70435000 DEOPT PACKING pc=0x000001ca55718fc4 sp=0x0000009884ef9810
Event: 49.087 Thread 0x000001ca70435000 DEOPT UNPACKING pc=0x000001ca535b7c0e sp=0x0000009884ef8db0 mode 0
Event: 49.096 Thread 0x000001ca70435000 DEOPT PACKING pc=0x000001ca55718fc4 sp=0x0000009884ef9810
Event: 49.096 Thread 0x000001ca70435000 DEOPT UNPACKING pc=0x000001ca535b7c0e sp=0x0000009884ef8db0 mode 0
Event: 49.106 Thread 0x000001ca70435000 DEOPT PACKING pc=0x000001ca55718fc4 sp=0x0000009884ef9880
Event: 49.106 Thread 0x000001ca70435000 DEOPT UNPACKING pc=0x000001ca535b7c0e sp=0x0000009884ef8e20 mode 0
Event: 49.115 Thread 0x000001ca70435000 DEOPT PACKING pc=0x000001ca55718fc4 sp=0x0000009884ef9880
Event: 49.115 Thread 0x000001ca70435000 DEOPT UNPACKING pc=0x000001ca535b7c0e sp=0x0000009884ef8e20 mode 0
Event: 49.131 Thread 0x000001ca70435000 DEOPT PACKING pc=0x000001ca55718fc4 sp=0x0000009884ef9880
Event: 49.131 Thread 0x000001ca70435000 DEOPT UNPACKING pc=0x000001ca535b7c0e sp=0x0000009884ef8e20 mode 0

Classes redefined (0 events):
No events

Internal exceptions (20 events):
Event: 37.852 Thread 0x000001ca73bdb000 Exception <a 'java/net/ConnectException'{0x000000008c341818}: Connection refused: connect> (0x000000008c341818) thrown at [./src/hotspot/share/prims/jni.cpp, line 636]
Event: 38.006 Thread 0x000001ca73bdb000 Exception <a 'java/lang/NoSuchMethodError'{0x000000008c2dc9a8}: <clinit>> (0x000000008c2dc9a8) thrown at [./src/hotspot/share/prims/jni.cpp, line 1362]
Event: 38.007 Thread 0x000001ca73bdb000 Exception <a 'java/lang/NoSuchMethodError'{0x000000008c2e87d0}: <clinit>> (0x000000008c2e87d0) thrown at [./src/hotspot/share/prims/jni.cpp, line 1362]
Event: 38.032 Thread 0x000001ca73bdb000 Exception <a 'java/lang/NoSuchMethodError'{0x000000008c1858f8}: 'java.lang.Object java.lang.invoke.DirectMethodHandle$Holder.invokeSpecial(java.lang.Object, java.lang.Object, int, int, java.lang.Object, int, java.lang.Object, java.lang.Object)'> (0x000000008c1858f8) thrown at [./src/hotspot/share/interpreter/linkResolver.cpp, line 773]
Event: 38.033 Thread 0x000001ca73bdb000 Exception <a 'java/lang/NoSuchMethodError'{0x000000008c1891e0}: 'java.lang.Object java.lang.invoke.DelegatingMethodHandle$Holder.reinvoke_L(java.lang.Object, int, int, java.lang.Object, int, java.lang.Object, java.lang.Object)'> (0x000000008c1891e0) thrown at [./src/hotspot/share/interpreter/linkResolver.cpp, line 773]
Event: 38.038 Thread 0x000001ca73bdb000 Exception <a 'java/lang/NoSuchMethodError'{0x000000008c1b3a50}: 'java.lang.Object java.lang.invoke.DirectMethodHandle$Holder.invokeStatic(java.lang.Object, java.lang.Object, java.lang.Object, java.lang.Object, java.lang.Object, java.lang.Object, java.lang.Object, java.lang.Object, int)'> (0x000000008c1b3a50) thrown at [./src/hotspot/share/interpreter/linkResolver.cpp, line 773]
Event: 38.041 Thread 0x000001ca73bdb000 Exception <a 'java/lang/NoSuchMethodError'{0x000000008c1ce250}: 'java.lang.Object java.lang.invoke.DirectMethodHandle$Holder.invokeStatic(java.lang.Object, java.lang.Object, java.lang.Object, java.lang.Object, java.lang.Object, java.lang.Object, java.lang.Object, java.lang.Object, int, int)'> (0x000000008c1ce250) thrown at [./src/hotspot/share/interpreter/linkResolver.cpp, line 773]
Event: 38.044 Thread 0x000001ca73bdb000 Exception <a 'java/lang/NoSuchMethodError'{0x000000008c1e9950}: 'java.lang.Object java.lang.invoke.DirectMethodHandle$Holder.invokeStatic(java.lang.Object, java.lang.Object, java.lang.Object, java.lang.Object, java.lang.Object, java.lang.Object, java.lang.Object, java.lang.Object, int, int, java.lang.Object)'> (0x000000008c1e9950) thrown at [./src/hotspot/share/interpreter/linkResolver.cpp, line 773]
Event: 38.046 Thread 0x000001ca73bdb000 Exception <a 'java/lang/NoSuchMethodError'{0x000000008c006b50}: 'java.lang.Object java.lang.invoke.DirectMethodHandle$Holder.invokeStatic(java.lang.Object, java.lang.Object, java.lang.Object, java.lang.Object, java.lang.Object, java.lang.Object, java.lang.Object, java.lang.Object, int, int, java.lang.Object, java.lang.Object)'> (0x000000008c006b50) thrown at [./src/hotspot/share/interpreter/linkResolver.cpp, line 773]
Event: 38.059 Thread 0x000001ca73bdb000 Exception <a 'java/lang/NoSuchMethodError'{0x000000008c038c58}: <clinit>> (0x000000008c038c58) thrown at [./src/hotspot/share/prims/jni.cpp, line 1362]
Event: 38.065 Thread 0x000001ca73bdb000 Exception <a 'java/lang/NoSuchMethodError'{0x000000008c05ace0}: <clinit>> (0x000000008c05ace0) thrown at [./src/hotspot/share/prims/jni.cpp, line 1362]
Event: 38.090 Thread 0x000001ca73bd8000 Exception <a 'java/lang/InterruptedException'{0x000000008c07f8d8}> (0x000000008c07f8d8) thrown at [./src/hotspot/share/runtime/objectMonitor.cpp, line 1635]
Event: 38.091 Thread 0x000001ca73bd8000 Exception <a 'java/lang/NoSuchMethodError'{0x000000008c087b78}: 'java.lang.Object java.lang.invoke.DirectMethodHandle$Holder.invokeStatic(java.lang.Object, java.lang.Object, int, java.lang.Object, long)'> (0x000000008c087b78) thrown at [./src/hotspot/share/interpreter/linkResolver.cpp, line 773]
Event: 38.125 Thread 0x000001ca73bdb000 Exception <a 'java/lang/NoSuchMethodError'{0x000000008c0a8148}: <clinit>> (0x000000008c0a8148) thrown at [./src/hotspot/share/prims/jni.cpp, line 1362]
Event: 38.126 Thread 0x000001ca73bdb000 Exception <a 'java/lang/NoSuchMethodError'{0x000000008c0b4630}: <clinit>> (0x000000008c0b4630) thrown at [./src/hotspot/share/prims/jni.cpp, line 1362]
Event: 38.129 Thread 0x000001ca73bdb000 Exception <a 'java/lang/NoSuchMethodError'{0x000000008c0c1450}: <clinit>> (0x000000008c0c1450) thrown at [./src/hotspot/share/prims/jni.cpp, line 1362]
Event: 38.141 Thread 0x000001ca73bdb000 Exception <a 'java/lang/NoSuchMethodError'{0x000000008c0de5e0}: <clinit>> (0x000000008c0de5e0) thrown at [./src/hotspot/share/prims/jni.cpp, line 1362]
Event: 38.180 Thread 0x000001ca73bdb000 Exception <a 'java/lang/NoSuchMethodError'{0x000000008be31988}: <clinit>> (0x000000008be31988) thrown at [./src/hotspot/share/prims/jni.cpp, line 1362]
Event: 38.281 Thread 0x000001ca73bdf000 Exception <a 'java/lang/NoSuchMethodError'{0x000000008bc45328}: 'java.lang.Object java.lang.invoke.DirectMethodHandle$Holder.invokeStatic(java.lang.Object, java.lang.Object, java.lang.Object, java.lang.Object, java.lang.Object, java.lang.Object, java.lang.Object, java.lang.Object, java.lang.Object, java.lang.Object, java.lang.Object, java.lang.Object, java.lang.Object, int)'> (0x000000008bc45328) thrown at [./src/hotspot/share/interpreter/linkResolver.cpp, line 773]
Event: 38.282 Thread 0x000001ca73bdf000 Exception <a 'java/lang/NoSuchMethodError'{0x000000008bc52240}: 'java.lang.Object java.lang.invoke.DirectMethodHandle$Holder.invokeStatic(java.lang.Object, java.lang.Object, java.lang.Object, java.lang.Object, java.lang.Object, java.lang.Object, java.lang.Object, java.lang.Object, java.lang.Object, java.lang.Object, java.lang.Object, java.lang.Object, java.lang.Object, int, int)'> (0x000000008bc52240) thrown at [./src/hotspot/share/interpreter/linkResolver.cpp, line 773]

Events (20 events):
Event: 48.997 Executing VM operation: G1CollectForAllocation done
Event: 48.997 Executing VM operation: RevokeBias
Event: 48.997 Executing VM operation: RevokeBias done
Event: 48.997 Executing VM operation: RevokeBias
Event: 48.997 Executing VM operation: RevokeBias done
Event: 48.997 Executing VM operation: RevokeBias
Event: 48.998 Executing VM operation: RevokeBias done
Event: 48.998 Executing VM operation: RevokeBias
Event: 48.998 Executing VM operation: RevokeBias done
Event: 48.998 Executing VM operation: RevokeBias
Event: 48.998 Executing VM operation: RevokeBias done
Event: 48.998 Executing VM operation: RevokeBias
Event: 48.998 Executing VM operation: RevokeBias done
Event: 48.998 Executing VM operation: RevokeBias
Event: 48.998 Executing VM operation: RevokeBias done
Event: 48.999 loading class sun/rmi/transport/DGCClient$EndpointEntry$CleanRequest
Event: 48.999 loading class sun/rmi/transport/DGCClient$EndpointEntry$CleanRequest done
Event: 49.003 Executing VM operation: RevokeBias
Event: 49.003 Executing VM operation: RevokeBias done
Event: 49.003 Thread 0x000001ca73bd8000 Thread exited: 0x000001ca73bd8000


Dynamic libraries:
0x00007ff76b560000 - 0x00007ff76b56a000 	D:\Program Files\Android\jre\bin\java.exe
0x00007fff2c560000 - 0x00007fff2c750000 	C:\Windows\SYSTEM32\ntdll.dll
0x00007fff2b580000 - 0x00007fff2b632000 	C:\Windows\System32\KERNEL32.DLL
0x00007fff2a170000 - 0x00007fff2a413000 	C:\Windows\System32\KERNELBASE.dll
0x00007fff29530000 - 0x00007fff2962a000 	C:\Windows\System32\ucrtbase.dll
0x00007fff21570000 - 0x00007fff21587000 	D:\Program Files\Android\jre\bin\VCRUNTIME140.dll
0x00007fff1f8b0000 - 0x00007fff1f8c9000 	D:\Program Files\Android\jre\bin\jli.dll
0x00007fff2b810000 - 0x00007fff2b9a4000 	C:\Windows\System32\USER32.dll
0x00007fff2a040000 - 0x00007fff2a061000 	C:\Windows\System32\win32u.dll
0x00007fff17e70000 - 0x00007fff180f5000 	C:\Windows\WinSxS\amd64_microsoft.windows.common-controls_6595b64144ccf1df_6.0.18362.535_none_e6c3b34713100821\COMCTL32.dll
0x00007fff2b550000 - 0x00007fff2b576000 	C:\Windows\System32\GDI32.dll
0x00007fff2a840000 - 0x00007fff2a8de000 	C:\Windows\System32\msvcrt.dll
0x00007fff2bea0000 - 0x00007fff2c1d6000 	C:\Windows\System32\combase.dll
0x00007fff2b430000 - 0x00007fff2b550000 	C:\Windows\System32\RPCRT4.dll
0x00007fff29720000 - 0x00007fff298b4000 	C:\Windows\System32\gdi32full.dll
0x00007fff2a420000 - 0x00007fff2a4a0000 	C:\Windows\System32\bcryptPrimitives.dll
0x00007fff29680000 - 0x00007fff2971e000 	C:\Windows\System32\msvcp_win.dll
0x00007fff2a960000 - 0x00007fff2a98e000 	C:\Windows\System32\IMM32.DLL
0x00007fff17b60000 - 0x00007fff17bfd000 	D:\Program Files\Android\jre\bin\msvcp140.dll
0x00007ffefabc0000 - 0x00007ffefb695000 	D:\Program Files\Android\jre\bin\server\jvm.dll
0x00007fff2b760000 - 0x00007fff2b803000 	C:\Windows\System32\ADVAPI32.dll
0x00007fff2a660000 - 0x00007fff2a6f7000 	C:\Windows\System32\sechost.dll
0x00007fff2c240000 - 0x00007fff2c248000 	C:\Windows\System32\PSAPI.DLL
0x00007fff26fa0000 - 0x00007fff26fc4000 	C:\Windows\SYSTEM32\WINMM.dll
0x00007fff25970000 - 0x00007fff25979000 	C:\Windows\SYSTEM32\WSOCK32.dll
0x00007fff22330000 - 0x00007fff2233a000 	C:\Windows\SYSTEM32\VERSION.dll
0x00007fff26c00000 - 0x00007fff26c2d000 	C:\Windows\SYSTEM32\winmmbase.dll
0x00007fff2b6f0000 - 0x00007fff2b75f000 	C:\Windows\System32\WS2_32.dll
0x00007fff29630000 - 0x00007fff2967a000 	C:\Windows\System32\cfgmgr32.dll
0x00007fff294f0000 - 0x00007fff29501000 	C:\Windows\System32\kernel.appcore.dll
0x00007fff25950000 - 0x00007fff25961000 	D:\Program Files\Android\jre\bin\verify.dll
0x00007fff27c50000 - 0x00007fff27e44000 	C:\Windows\SYSTEM32\DBGHELP.DLL
0x00007fff12dd0000 - 0x00007fff12dfa000 	C:\Windows\SYSTEM32\dbgcore.DLL
0x00007fff24030000 - 0x00007fff24059000 	D:\Program Files\Android\jre\bin\java.dll
0x00007fff24ca0000 - 0x00007fff24cab000 	D:\Program Files\Android\jre\bin\jimage.dll
0x00007fff242d0000 - 0x00007fff242e8000 	D:\Program Files\Android\jre\bin\zip.dll
0x00007fff2ab90000 - 0x00007fff2b275000 	C:\Windows\System32\SHELL32.dll
0x00007fff2b640000 - 0x00007fff2b6e9000 	C:\Windows\System32\shcore.dll
0x00007fff298c0000 - 0x00007fff2a03f000 	C:\Windows\System32\windows.storage.dll
0x00007fff29510000 - 0x00007fff2952f000 	C:\Windows\System32\profapi.dll
0x00007fff294a0000 - 0x00007fff294ea000 	C:\Windows\System32\powrprof.dll
0x00007fff29470000 - 0x00007fff29480000 	C:\Windows\System32\UMPDC.dll
0x00007fff2c1e0000 - 0x00007fff2c232000 	C:\Windows\System32\shlwapi.dll
0x00007fff2a150000 - 0x00007fff2a167000 	C:\Windows\System32\cryptsp.dll
0x00007fff22240000 - 0x00007fff2225a000 	D:\Program Files\Android\jre\bin\net.dll
0x00007fff198e0000 - 0x00007fff199d0000 	C:\Windows\SYSTEM32\WINHTTP.dll
0x00007fff28ce0000 - 0x00007fff28d47000 	C:\Windows\system32\mswsock.dll
0x00007fff22220000 - 0x00007fff22234000 	D:\Program Files\Android\jre\bin\nio.dll
0x00007fff21180000 - 0x00007fff211a7000 	D:\ProgramsfilesD\Android\Sdk\native\e1d6ef7f7dcc3fd88c89a11ec53ec762bb8ba0a96d01ffa2cd45eb1d1d8dd5c5\windows-amd64\native-platform.dll
0x00007fff018a0000 - 0x00007fff019e4000 	D:\ProgramsfilesD\Android\Sdk\native\5664cfc778a61ccfe75a443a1ab52a65af34e5dc3c78e0209fed803814484fcb\windows-amd64\native-platform-file-events.dll
0x00007fff24c90000 - 0x00007fff24c9a000 	D:\Program Files\Android\jre\bin\management.dll
0x00007fff245c0000 - 0x00007fff245cd000 	D:\Program Files\Android\jre\bin\management_ext.dll
0x00007fff28850000 - 0x00007fff28883000 	C:\Windows\system32\rsaenh.dll
0x00007fff2a120000 - 0x00007fff2a146000 	C:\Windows\System32\bcrypt.dll
0x00007fff29360000 - 0x00007fff29385000 	C:\Windows\SYSTEM32\USERENV.dll
0x00007fff28eb0000 - 0x00007fff28ebc000 	C:\Windows\SYSTEM32\CRYPTBASE.dll
0x00007fff289f0000 - 0x00007fff28a2a000 	C:\Windows\SYSTEM32\IPHLPAPI.DLL
0x00007fff2a650000 - 0x00007fff2a658000 	C:\Windows\System32\NSI.dll
0x00007fff1f2d0000 - 0x00007fff1f2e6000 	C:\Windows\SYSTEM32\dhcpcsvc6.DLL
0x00007fff20e50000 - 0x00007fff20e6c000 	C:\Windows\SYSTEM32\dhcpcsvc.DLL
0x00007fff28a30000 - 0x00007fff28afa000 	C:\Windows\SYSTEM32\DNSAPI.dll
0x00007fff1f2b0000 - 0x00007fff1f2ce000 	C:\Temp\native-platform13661496172824649959dir\native-platform.dll
0x00007fff221a0000 - 0x00007fff221a8000 	D:\Program Files\Android\jre\bin\rmi.dll

dbghelp: loaded successfully - version: 4.0.5 - missing functions: none
symbol engine: initialized successfully - sym options: 0x614 - pdb path: .;D:\Program Files\Android\jre\bin;C:\Windows\SYSTEM32;C:\Windows\WinSxS\amd64_microsoft.windows.common-controls_6595b64144ccf1df_6.0.18362.535_none_e6c3b34713100821;D:\Program Files\Android\jre\bin\server;D:\ProgramsfilesD\Android\Sdk\native\e1d6ef7f7dcc3fd88c89a11ec53ec762bb8ba0a96d01ffa2cd45eb1d1d8dd5c5\windows-amd64;D:\ProgramsfilesD\Android\Sdk\native\5664cfc778a61ccfe75a443a1ab52a65af34e5dc3c78e0209fed803814484fcb\windows-amd64;C:\Temp\native-platform13661496172824649959dir

VM Arguments:
jvm_args: --add-opens=java.base/java.util=ALL-UNNAMED --add-opens=java.base/java.lang=ALL-UNNAMED --add-opens=java.base/java.lang.invoke=ALL-UNNAMED --add-opens=java.base/java.util=ALL-UNNAMED --add-opens=java.prefs/java.util.prefs=ALL-UNNAMED --add-opens=java.prefs/java.util.prefs=ALL-UNNAMED --add-opens=java.base/java.nio.charset=ALL-UNNAMED --add-opens=java.base/java.net=ALL-UNNAMED --add-opens=java.base/java.util.concurrent.atomic=ALL-UNNAMED -Xmx2048m -Dfile.encoding=UTF-8 -Duser.country=RU -Duser.language=ru -Duser.variant 
java_command: org.gradle.launcher.daemon.bootstrap.GradleDaemon 7.2
java_class_path (initial): D:\ProgramsfilesD\Android\Sdk\wrapper\dists\gradle-7.2-bin\2dnblmf4td7x66yl1d74lt32g\gradle-7.2\lib\gradle-launcher-7.2.jar
Launcher Type: SUN_STANDARD

[Global flags]
     intx CICompilerCount                          = 4                                         {product} {ergonomic}
     uint ConcGCThreads                            = 2                                         {product} {ergonomic}
     uint G1ConcRefinementThreads                  = 8                                         {product} {ergonomic}
   size_t G1HeapRegionSize                         = 1048576                                   {product} {ergonomic}
    uintx GCDrainStackTargetSize                   = 64                                        {product} {ergonomic}
   size_t InitialHeapSize                          = 132120576                                 {product} {ergonomic}
   size_t MarkStackSize                            = 4194304                                   {product} {ergonomic}
   size_t MaxHeapSize                              = 2147483648                                {product} {command line}
   size_t MaxNewSize                               = 1287651328                                {product} {ergonomic}
   size_t MinHeapDeltaBytes                        = 1048576                                   {product} {ergonomic}
    uintx NonNMethodCodeHeapSize                   = 5836300                                {pd product} {ergonomic}
    uintx NonProfiledCodeHeapSize                  = 122910970                              {pd product} {ergonomic}
    uintx ProfiledCodeHeapSize                     = 122910970                              {pd product} {ergonomic}
    uintx ReservedCodeCacheSize                    = 251658240                              {pd product} {ergonomic}
     bool SegmentedCodeCache                       = true                                      {product} {ergonomic}
     bool UseCompressedClassPointers               = true                                 {lp64_product} {ergonomic}
     bool UseCompressedOops                        = true                                 {lp64_product} {ergonomic}
     bool UseG1GC                                  = true                                      {product} {ergonomic}
     bool UseLargePagesIndividualAllocation        = false                                  {pd product} {ergonomic}

Logging:
Log output configuration:
 #0: stdout all=warning uptime,level,tags
 #1: stderr all=off uptime,level,tags

Environment Variables:
JAVA_HOME=D:\Program Files\Java
PATH=C:\PROGRA~2\Borland\CBUILD~1\Bin;C:\PROGRA~2\Borland\CBUILD~1\Projects\Bpl;C:\Program Files\Common Files\Oracle\Java\javapath;C:\Windows\system32;C:\Windows;C:\Windows\System32\Wbem;C:\Windows\System32\WindowsPowerShell\v1.0\;C:\Program Files (x86)\NVIDIA Corporation\PhysX\Common;C:\Program Files\NVIDIA Corporation\NVIDIA NvDLISR;C:\Program Files\Microsoft\Web Platform Installer\;C:\Program Files (x86)\Microsoft ASP.NET\ASP.NET Web Pages\v1.0\;C:\Program Files\Microsoft SQL Server\110\Tools\Binn\;C:\Program Files\Git\cmd;C:\Users\asus\AppData\Local\Programs\Python\Python310\Scripts\;C:\Users\asus\AppData\Local\Programs\Python\Python310\;C:\Users\asus\AppData\Local\Microsoft\WindowsApps;;D:\Program Files\JetBrains\IntelliJ IDEA Community Edition 2020.3\bin;
USERNAME=asus
OS=Windows_NT
PROCESSOR_IDENTIFIER=Intel64 Family 6 Model 126 Stepping 5, GenuineIntel



---------------  S Y S T E M  ---------------

OS: Windows 10 , 64 bit Build 18362 (10.0.18362.329)
OS uptime: 0 days 0:51 hours

CPU:total 8 (initial active 8) (4 cores per cpu, 2 threads per core) family 6 model 126 stepping 5 microcode 0x96, cmov, cx8, fxsr, mmx, sse, sse2, sse3, ssse3, sse4.1, sse4.2, popcnt, avx, avx2, aes, clmul, erms, 3dnowpref, lzcnt, ht, tsc, tscinvbit, bmi1, bmi2, adx, evex, sha, fma

Memory: 4k page, system-wide physical 7997M (569M free)
TotalPageFile size 7997M (AvailPageFile size 7M)
current process WorkingSet (physical memory assigned to process): 498M, peak: 526M
current process commit charge ("private bytes"): 537M, peak: 565M

vm_info: OpenJDK 64-Bit Server VM (11.0.11+9-b60-7590822) for windows-amd64 JRE (11.0.11+9-b60-7590822), built on Jul 29 2021 21:43:44 by "builder" with MS VC++ 14.0 (VS2015)

END.
