#
# There is insufficient memory for the Java Runtime Environment to continue.
# Native memory allocation (malloc) failed to allocate 2430096 bytes for Chunk::new
# Possible reasons:
#   The system is out of physical RAM or swap space
#   The process is running with CompressedOops enabled, and the Java Heap may be blocking the growth of the native heap
# Possible solutions:
#   Reduce memory load on the system
#   Increase physical memory or swap space
#   Check if swap backing store is full
#   Decrease Java heap size (-Xmx/-Xms)
#   Decrease number of Java threads
#   Decrease Java thread stack sizes (-Xss)
#   Set larger code cache with -XX:ReservedCodeCacheSize=
#   JVM is running with Unscaled Compressed Oops mode in which the Java heap is
#     placed in the first 4GB address space. The Java Heap base address is the
#     maximum limit for the native heap growth. Please use -XX:HeapBaseMinAddress
#     to set the Java Heap base and to place the Java Heap above 4GB virtual address.
# This output file may be truncated or incomplete.
#
#  Out of Memory Error (./src/hotspot/share/memory/arena.cpp:197), pid=12200, tid=2072
#
# JRE version: OpenJDK Runtime Environment (11.0.11+9) (build 11.0.11+9-b60-7590822)
# Java VM: OpenJDK 64-Bit Server VM (11.0.11+9-b60-7590822, mixed mode, tiered, compressed oops, g1 gc, windows-amd64)
# No core dump will be written. Minidumps are not enabled by default on client versions of Windows
#

---------------  S U M M A R Y ------------

Command Line: --add-opens=java.base/java.util=ALL-UNNAMED --add-opens=java.base/java.lang=ALL-UNNAMED --add-opens=java.base/java.lang.invoke=ALL-UNNAMED --add-opens=java.base/java.util=ALL-UNNAMED --add-opens=java.prefs/java.util.prefs=ALL-UNNAMED --add-opens=java.prefs/java.util.prefs=ALL-UNNAMED --add-opens=java.base/java.nio.charset=ALL-UNNAMED --add-opens=java.base/java.net=ALL-UNNAMED --add-opens=java.base/java.util.concurrent.atomic=ALL-UNNAMED -Xmx2048m -Dfile.encoding=UTF-8 -Duser.country=RU -Duser.language=ru -Duser.variant org.gradle.launcher.daemon.bootstrap.GradleDaemon 7.2

Host: Intel(R) Core(TM) i7-1065G7 CPU @ 1.30GHz, 8 cores, 7G,  Windows 10 , 64 bit Build 18362 (10.0.18362.329)
Time: Fri May 20 17:51:54 2022 Caiaaiay Acey (ceia) elapsed time: 11.453646 seconds (0d 0h 0m 11s)

---------------  T H R E A D  ---------------

Current thread (0x000001c9af1fc000):  JavaThread "C2 CompilerThread1" daemon [_thread_in_native, id=2072, stack(0x000000b14df00000,0x000000b14e000000)]


Current CompileTask:
C2:  11453 7895       4       org.gradle.internal.instantiation.generator.AbstractClassGenerator::inspectType (560 bytes)

Stack: [0x000000b14df00000,0x000000b14e000000]
Native frames: (J=compiled Java code, j=interpreted, Vv=VM code, C=native code)
V  [jvm.dll+0x5f214a]
V  [jvm.dll+0x726fb5]
V  [jvm.dll+0x7285cd]
V  [jvm.dll+0x728c83]
V  [jvm.dll+0x243278]
V  [jvm.dll+0xbc53c]
V  [jvm.dll+0xbca3c]
V  [jvm.dll+0x353e3b]
V  [jvm.dll+0x321893]
V  [jvm.dll+0x320d8a]
V  [jvm.dll+0x1fc1e2]
V  [jvm.dll+0x1fb3d4]
V  [jvm.dll+0x183d6c]
V  [jvm.dll+0x209a57]
V  [jvm.dll+0x2082a1]
V  [jvm.dll+0x6ef58f]
V  [jvm.dll+0x6e80b5]
V  [jvm.dll+0x5f1036]
C  [ucrtbase.dll+0x20e72]
C  [KERNEL32.DLL+0x17bd4]
C  [ntdll.dll+0x6ced1]


---------------  P R O C E S S  ---------------

Threads class SMR info:
_java_thread_list=0x000001c9b7661970, length=124, elements={
0x000001c99226a800, 0x000001c9ae704000, 0x000001c9ae705000, 0x000001c9aef45000,
0x000001c9aef49800, 0x000001c9aef4a800, 0x000001c9aef4c800, 0x000001c9aef92800,
0x000001c9aef95800, 0x000001c9af116000, 0x000001c9af118800, 0x000001c9af115000,
0x000001c9af1fc000, 0x000001c9af117000, 0x000001c9af113800, 0x000001c9af117800,
0x000001c9af113000, 0x000001c9af119800, 0x000001c9af114800, 0x000001c9b19d9800,
0x000001c9b19d4000, 0x000001c9b19da800, 0x000001c9b19d8000, 0x000001c9b19d5800,
0x000001c9b19d6800, 0x000001c9b19d4800, 0x000001c9b19d8800, 0x000001c9b19d7000,
0x000001c9b2f1b000, 0x000001c9b11a3000, 0x000001c9b2f18000, 0x000001c9b2f19800,
0x000001c9b2f1c000, 0x000001c9b2f16800, 0x000001c9b2f17000, 0x000001c9b2f1d800,
0x000001c9b2f1e800, 0x000001c9b2f1a800, 0x000001c9b2f18800, 0x000001c9b2f21000,
0x000001c9b2f24000, 0x000001c9b2f21800, 0x000001c9b2f1f800, 0x000001c9b2f22800,
0x000001c9b2f23800, 0x000001c9b2f20000, 0x000001c9b5bef000, 0x000001c9b5bf0000,
0x000001c9b5bf2800, 0x000001c9b5bf3000, 0x000001c9b5bf0800, 0x000001c9b5bf4000,
0x000001c9b5bf1800, 0x000001c9b5bee000, 0x000001c9b5bf9000, 0x000001c9b5bf6800,
0x000001c9b5bfa800, 0x000001c9b5bf9800, 0x000001c9b5bf5000, 0x000001c9b5bfb800,
0x000001c9b5bf5800, 0x000001c9b5bf7000, 0x000001c9b5bf8000, 0x000001c9b5bfc000,
0x000001c9b5bfd000, 0x000001c9b5919000, 0x000001c9b5915000, 0x000001c9b5916800,
0x000001c9b5917800, 0x000001c9b5918000, 0x000001c9b5913800, 0x000001c9b591a000,
0x000001c9b5914000, 0x000001c9b591a800, 0x000001c9b591b800, 0x000001c9b5916000,
0x000001c9b591f800, 0x000001c9b591c800, 0x000001c9b591d000, 0x000001c9b5920800,
0x000001c9b591e000, 0x000001c9b5921000, 0x000001c9b5922000, 0x000001c9b591e800,
0x000001c9b2d30000, 0x000001c9b2d31000, 0x000001c9b2d2b000, 0x000001c9b2d2c000,
0x000001c9b2d31800, 0x000001c9b2d32800, 0x000001c9b2d2f000, 0x000001c9b2d2c800,
0x000001c9b2d33000, 0x000001c9b2d2d800, 0x000001c9b2d34000, 0x000001c9b2d2e800,
0x000001c9b2d39000, 0x000001c9b2d35000, 0x000001c9b2d35800, 0x000001c9b2d36800,
0x000001c9b2d37800, 0x000001c9b2d3a000, 0x000001c9b2d38000, 0x000001c9b4d2f800,
0x000001c9b4d30800, 0x000001c9b4d31800, 0x000001c9b4d2e000, 0x000001c9b4d34800,
0x000001c9b4d32000, 0x000001c9b4d2f000, 0x000001c9b4d37000, 0x000001c9b4d35800,
0x000001c9b4d36800, 0x000001c9b4d33000, 0x000001c9b4d38000, 0x000001c9b4d34000,
0x000001c9b4d3b000, 0x000001c9b4d39800, 0x000001c9b4d3d000, 0x000001c9b4d3a800,
0x000001c9b4d3c000, 0x000001c9b4d38800, 0x000001c9b4610800, 0x000001c9b4614000
}

Java Threads: ( => current thread )
  0x000001c99226a800 JavaThread "main" [_thread_blocked, id=1988, stack(0x000000b14cd00000,0x000000b14ce00000)]
  0x000001c9ae704000 JavaThread "Reference Handler" daemon [_thread_blocked, id=2676, stack(0x000000b14d400000,0x000000b14d500000)]
  0x000001c9ae705000 JavaThread "Finalizer" daemon [_thread_blocked, id=9608, stack(0x000000b14d500000,0x000000b14d600000)]
  0x000001c9aef45000 JavaThread "Signal Dispatcher" daemon [_thread_blocked, id=2044, stack(0x000000b14d600000,0x000000b14d700000)]
  0x000001c9aef49800 JavaThread "Attach Listener" daemon [_thread_blocked, id=11668, stack(0x000000b14d700000,0x000000b14d800000)]
  0x000001c9aef4a800 JavaThread "Service Thread" daemon [_thread_blocked, id=2092, stack(0x000000b14d800000,0x000000b14d900000)]
  0x000001c9aef4c800 JavaThread "C2 CompilerThread0" daemon [_thread_in_native, id=7120, stack(0x000000b14d900000,0x000000b14da00000)]
  0x000001c9aef92800 JavaThread "C1 CompilerThread0" daemon [_thread_blocked, id=6960, stack(0x000000b14da00000,0x000000b14db00000)]
  0x000001c9aef95800 JavaThread "Sweeper thread" daemon [_thread_blocked, id=1016, stack(0x000000b14db00000,0x000000b14dc00000)]
  0x000001c9af116000 JavaThread "Common-Cleaner" daemon [_thread_blocked, id=1884, stack(0x000000b14dc00000,0x000000b14dd00000)]
  0x000001c9af118800 JavaThread "Daemon health stats" [_thread_blocked, id=9872, stack(0x000000b14e200000,0x000000b14e300000)]
  0x000001c9af115000 JavaThread "Incoming local TCP Connector on port 61451" [_thread_in_native, id=4388, stack(0x000000b14de00000,0x000000b14df00000)]
=>0x000001c9af1fc000 JavaThread "C2 CompilerThread1" daemon [_thread_in_native, id=2072, stack(0x000000b14df00000,0x000000b14e000000)]
  0x000001c9af117000 JavaThread "Daemon periodic checks" [_thread_blocked, id=2484, stack(0x000000b14e300000,0x000000b14e400000)]
  0x000001c9af113800 JavaThread "Daemon" [_thread_blocked, id=9884, stack(0x000000b14e400000,0x000000b14e500000)]
  0x000001c9af117800 JavaThread "Handler for socket connection from /127.0.0.1:61451 to /127.0.0.1:61452" [_thread_in_native, id=10396, stack(0x000000b14e500000,0x000000b14e600000)]
  0x000001c9af113000 JavaThread "Cancel handler" [_thread_blocked, id=8604, stack(0x000000b14e600000,0x000000b14e700000)]
  0x000001c9af119800 JavaThread "Daemon worker" [_thread_in_vm, id=2948, stack(0x000000b14e700000,0x000000b14e800000)]
  0x000001c9af114800 JavaThread "Asynchronous log dispatcher for DefaultDaemonConnection: socket connection from /127.0.0.1:61451 to /127.0.0.1:61452" [_thread_blocked, id=11920, stack(0x000000b14e800000,0x000000b14e900000)]
  0x000001c9b19d9800 JavaThread "Stdin handler" [_thread_blocked, id=1748, stack(0x000000b14e900000,0x000000b14ea00000)]
  0x000001c9b19d4000 JavaThread "Daemon client event forwarder" [_thread_blocked, id=9320, stack(0x000000b14ea00000,0x000000b14eb00000)]
  0x000001c9b19da800 JavaThread "Cache worker for journal cache (D:\ProgramsfilesD\Android\Sdk\caches\journal-1)" [_thread_blocked, id=6476, stack(0x000000b14f000000,0x000000b14f100000)]
  0x000001c9b19d8000 JavaThread "File lock request listener" [_thread_in_native, id=7348, stack(0x000000b14f100000,0x000000b14f200000)]
  0x000001c9b19d5800 JavaThread "Cache worker for file hash cache (D:\ProgramsfilesD\Android\Sdk\caches\7.2\fileHashes)" [_thread_blocked, id=1164, stack(0x000000b14f200000,0x000000b14f300000)]
  0x000001c9b19d6800 JavaThread "Cache worker for file hash cache (D:\NotesApp\.gradle\7.2\fileHashes)" [_thread_blocked, id=5972, stack(0x000000b14f400000,0x000000b14f500000)]
  0x000001c9b19d4800 JavaThread "File watcher server" daemon [_thread_in_native, id=4608, stack(0x000000b14f500000,0x000000b14f600000)]
  0x000001c9b19d8800 JavaThread "File watcher consumer" daemon [_thread_blocked, id=7708, stack(0x000000b14f600000,0x000000b14f700000)]
  0x000001c9b19d7000 JavaThread "Cache worker for checksums cache (D:\NotesApp\.gradle\checksums)" [_thread_blocked, id=8744, stack(0x000000b14f700000,0x000000b14f800000)]
  0x000001c9b2f1b000 JavaThread "Cache worker for cache directory md-supplier (D:\ProgramsfilesD\Android\Sdk\caches\7.2\md-supplier)" [_thread_blocked, id=11676, stack(0x000000b14f800000,0x000000b14f900000)]
  0x000001c9b11a3000 JavaThread "C2 CompilerThread2" daemon [_thread_in_native, id=7468, stack(0x000000b14f900000,0x000000b14fa00000)]
  0x000001c9b2f18000 JavaThread "Cache worker for cache directory md-rule (D:\ProgramsfilesD\Android\Sdk\caches\7.2\md-rule)" [_thread_blocked, id=11108, stack(0x000000b14fa00000,0x000000b14fb00000)]
  0x000001c9b2f19800 JavaThread "Cache worker for execution history cache (D:\ProgramsfilesD\Android\Sdk\caches\7.2\executionHistory)" [_thread_blocked, id=5572, stack(0x000000b14fb00000,0x000000b14fc00000)]
  0x000001c9b2f1c000 JavaThread "jar transforms" [_thread_blocked, id=1596, stack(0x000000b14fc00000,0x000000b14fd00000)]
  0x000001c9b2f16800 JavaThread "Cache worker for file content cache (D:\ProgramsfilesD\Android\Sdk\caches\7.2\fileContent)" [_thread_blocked, id=10920, stack(0x000000b14fd00000,0x000000b14fe00000)]
  0x000001c9b2f17000 JavaThread "jar transforms Thread 2" [_thread_blocked, id=11788, stack(0x000000b14fe00000,0x000000b14ff00000)]
  0x000001c9b2f1d800 JavaThread "Cache worker for dependencies-accessors (D:\NotesApp\.gradle\7.2\dependencies-accessors)" [_thread_blocked, id=10640, stack(0x000000b14ff00000,0x000000b150000000)]
  0x000001c9b2f1e800 JavaThread "jar transforms Thread 3" [_thread_blocked, id=9712, stack(0x000000b150000000,0x000000b150100000)]
  0x000001c9b2f1a800 JavaThread "Cache worker for Build Output Cleanup Cache (D:\NotesApp\.gradle\buildOutputCleanup)" [_thread_blocked, id=1376, stack(0x000000b150100000,0x000000b150200000)]
  0x000001c9b2f18800 JavaThread "Unconstrained build operations" [_thread_blocked, id=10940, stack(0x000000b150200000,0x000000b150300000)]
  0x000001c9b2f21000 JavaThread "Unconstrained build operations Thread 2" [_thread_blocked, id=3996, stack(0x000000b150300000,0x000000b150400000)]
  0x000001c9b2f24000 JavaThread "Unconstrained build operations Thread 3" [_thread_blocked, id=4384, stack(0x000000b150400000,0x000000b150500000)]
  0x000001c9b2f21800 JavaThread "Unconstrained build operations Thread 4" [_thread_blocked, id=4380, stack(0x000000b150500000,0x000000b150600000)]
  0x000001c9b2f1f800 JavaThread "Unconstrained build operations Thread 5" [_thread_blocked, id=9988, stack(0x000000b150600000,0x000000b150700000)]
  0x000001c9b2f22800 JavaThread "Unconstrained build operations Thread 6" [_thread_blocked, id=2284, stack(0x000000b150700000,0x000000b150800000)]
  0x000001c9b2f23800 JavaThread "Unconstrained build operations Thread 7" [_thread_blocked, id=7788, stack(0x000000b150800000,0x000000b150900000)]
  0x000001c9b2f20000 JavaThread "Unconstrained build operations Thread 8" [_thread_blocked, id=8948, stack(0x000000b150900000,0x000000b150a00000)]
  0x000001c9b5bef000 JavaThread "Unconstrained build operations Thread 9" [_thread_blocked, id=11492, stack(0x000000b150a00000,0x000000b150b00000)]
  0x000001c9b5bf0000 JavaThread "Unconstrained build operations Thread 10" [_thread_blocked, id=2316, stack(0x000000b150b00000,0x000000b150c00000)]
  0x000001c9b5bf2800 JavaThread "Unconstrained build operations Thread 11" [_thread_blocked, id=2004, stack(0x000000b150c00000,0x000000b150d00000)]
  0x000001c9b5bf3000 JavaThread "Unconstrained build operations Thread 12" [_thread_blocked, id=2128, stack(0x000000b150d00000,0x000000b150e00000)]
  0x000001c9b5bf0800 JavaThread "Unconstrained build operations Thread 13" [_thread_blocked, id=1576, stack(0x000000b150e00000,0x000000b150f00000)]
  0x000001c9b5bf4000 JavaThread "Unconstrained build operations Thread 14" [_thread_blocked, id=7204, stack(0x000000b150f00000,0x000000b151000000)]
  0x000001c9b5bf1800 JavaThread "Unconstrained build operations Thread 15" [_thread_blocked, id=8632, stack(0x000000b151000000,0x000000b151100000)]
  0x000001c9b5bee000 JavaThread "Unconstrained build operations Thread 16" [_thread_blocked, id=1204, stack(0x000000b151100000,0x000000b151200000)]
  0x000001c9b5bf9000 JavaThread "Unconstrained build operations Thread 17" [_thread_blocked, id=1696, stack(0x000000b151200000,0x000000b151300000)]
  0x000001c9b5bf6800 JavaThread "Unconstrained build operations Thread 18" [_thread_blocked, id=10052, stack(0x000000b151300000,0x000000b151400000)]
  0x000001c9b5bfa800 JavaThread "Unconstrained build operations Thread 19" [_thread_blocked, id=11760, stack(0x000000b151400000,0x000000b151500000)]
  0x000001c9b5bf9800 JavaThread "Unconstrained build operations Thread 20" [_thread_blocked, id=9060, stack(0x000000b151500000,0x000000b151600000)]
  0x000001c9b5bf5000 JavaThread "Unconstrained build operations Thread 21" [_thread_blocked, id=7128, stack(0x000000b151600000,0x000000b151700000)]
  0x000001c9b5bfb800 JavaThread "Unconstrained build operations Thread 22" [_thread_blocked, id=3228, stack(0x000000b151700000,0x000000b151800000)]
  0x000001c9b5bf5800 JavaThread "Unconstrained build operations Thread 23" [_thread_blocked, id=9188, stack(0x000000b151800000,0x000000b151900000)]
  0x000001c9b5bf7000 JavaThread "Unconstrained build operations Thread 24" [_thread_blocked, id=6836, stack(0x000000b151900000,0x000000b151a00000)]
  0x000001c9b5bf8000 JavaThread "Unconstrained build operations Thread 25" [_thread_blocked, id=11884, stack(0x000000b151a00000,0x000000b151b00000)]
  0x000001c9b5bfc000 JavaThread "Unconstrained build operations Thread 26" [_thread_blocked, id=8324, stack(0x000000b151b00000,0x000000b151c00000)]
  0x000001c9b5bfd000 JavaThread "Unconstrained build operations Thread 27" [_thread_blocked, id=8500, stack(0x000000b151c00000,0x000000b151d00000)]
  0x000001c9b5919000 JavaThread "Unconstrained build operations Thread 28" [_thread_blocked, id=10708, stack(0x000000b151d00000,0x000000b151e00000)]
  0x000001c9b5915000 JavaThread "Unconstrained build operations Thread 29" [_thread_blocked, id=3296, stack(0x000000b151e00000,0x000000b151f00000)]
  0x000001c9b5916800 JavaThread "Unconstrained build operations Thread 30" [_thread_blocked, id=1264, stack(0x000000b151f00000,0x000000b152000000)]
  0x000001c9b5917800 JavaThread "Unconstrained build operations Thread 31" [_thread_blocked, id=1940, stack(0x000000b152000000,0x000000b152100000)]
  0x000001c9b5918000 JavaThread "Unconstrained build operations Thread 32" [_thread_blocked, id=5324, stack(0x000000b152100000,0x000000b152200000)]
  0x000001c9b5913800 JavaThread "Unconstrained build operations Thread 33" [_thread_blocked, id=11056, stack(0x000000b152200000,0x000000b152300000)]
  0x000001c9b591a000 JavaThread "Unconstrained build operations Thread 34" [_thread_blocked, id=7616, stack(0x000000b152300000,0x000000b152400000)]
  0x000001c9b5914000 JavaThread "Unconstrained build operations Thread 35" [_thread_blocked, id=12220, stack(0x000000b152400000,0x000000b152500000)]
  0x000001c9b591a800 JavaThread "Unconstrained build operations Thread 36" [_thread_blocked, id=4268, stack(0x000000b152500000,0x000000b152600000)]
  0x000001c9b591b800 JavaThread "Unconstrained build operations Thread 37" [_thread_blocked, id=9472, stack(0x000000b152600000,0x000000b152700000)]
  0x000001c9b5916000 JavaThread "Unconstrained build operations Thread 38" [_thread_blocked, id=4536, stack(0x000000b152700000,0x000000b152800000)]
  0x000001c9b591f800 JavaThread "Unconstrained build operations Thread 39" [_thread_blocked, id=10688, stack(0x000000b152800000,0x000000b152900000)]
  0x000001c9b591c800 JavaThread "Unconstrained build operations Thread 40" [_thread_blocked, id=4480, stack(0x000000b152900000,0x000000b152a00000)]
  0x000001c9b591d000 JavaThread "Unconstrained build operations Thread 41" [_thread_blocked, id=4148, stack(0x000000b152a00000,0x000000b152b00000)]
  0x000001c9b5920800 JavaThread "Unconstrained build operations Thread 42" [_thread_blocked, id=6388, stack(0x000000b152b00000,0x000000b152c00000)]
  0x000001c9b591e000 JavaThread "Unconstrained build operations Thread 43" [_thread_blocked, id=10080, stack(0x000000b152c00000,0x000000b152d00000)]
  0x000001c9b5921000 JavaThread "Unconstrained build operations Thread 44" [_thread_blocked, id=600, stack(0x000000b152d00000,0x000000b152e00000)]
  0x000001c9b5922000 JavaThread "Unconstrained build operations Thread 45" [_thread_blocked, id=9668, stack(0x000000b152e00000,0x000000b152f00000)]
  0x000001c9b591e800 JavaThread "Unconstrained build operations Thread 46" [_thread_blocked, id=11708, stack(0x000000b152f00000,0x000000b153000000)]
  0x000001c9b2d30000 JavaThread "Unconstrained build operations Thread 47" [_thread_blocked, id=3872, stack(0x000000b153000000,0x000000b153100000)]
  0x000001c9b2d31000 JavaThread "Unconstrained build operations Thread 48" [_thread_blocked, id=11004, stack(0x000000b153100000,0x000000b153200000)]
  0x000001c9b2d2b000 JavaThread "Unconstrained build operations Thread 49" [_thread_blocked, id=4288, stack(0x000000b153200000,0x000000b153300000)]
  0x000001c9b2d2c000 JavaThread "Unconstrained build operations Thread 50" [_thread_blocked, id=9628, stack(0x000000b153300000,0x000000b153400000)]
  0x000001c9b2d31800 JavaThread "Unconstrained build operations Thread 51" [_thread_blocked, id=10784, stack(0x000000b153400000,0x000000b153500000)]
  0x000001c9b2d32800 JavaThread "Unconstrained build operations Thread 52" [_thread_blocked, id=8480, stack(0x000000b153500000,0x000000b153600000)]
  0x000001c9b2d2f000 JavaThread "Unconstrained build operations Thread 53" [_thread_blocked, id=9708, stack(0x000000b153600000,0x000000b153700000)]
  0x000001c9b2d2c800 JavaThread "Unconstrained build operations Thread 54" [_thread_blocked, id=804, stack(0x000000b153700000,0x000000b153800000)]
  0x000001c9b2d33000 JavaThread "Unconstrained build operations Thread 55" [_thread_blocked, id=6436, stack(0x000000b153800000,0x000000b153900000)]
  0x000001c9b2d2d800 JavaThread "Unconstrained build operations Thread 56" [_thread_blocked, id=6088, stack(0x000000b153900000,0x000000b153a00000)]
  0x000001c9b2d34000 JavaThread "Unconstrained build operations Thread 57" [_thread_blocked, id=3556, stack(0x000000b153a00000,0x000000b153b00000)]
  0x000001c9b2d2e800 JavaThread "Unconstrained build operations Thread 58" [_thread_blocked, id=1888, stack(0x000000b153b00000,0x000000b153c00000)]
  0x000001c9b2d39000 JavaThread "Unconstrained build operations Thread 59" [_thread_blocked, id=7540, stack(0x000000b153c00000,0x000000b153d00000)]
  0x000001c9b2d35000 JavaThread "Unconstrained build operations Thread 60" [_thread_blocked, id=2708, stack(0x000000b153d00000,0x000000b153e00000)]
  0x000001c9b2d35800 JavaThread "Unconstrained build operations Thread 61" [_thread_blocked, id=8860, stack(0x000000b153e00000,0x000000b153f00000)]
  0x000001c9b2d36800 JavaThread "Unconstrained build operations Thread 62" [_thread_blocked, id=9900, stack(0x000000b153f00000,0x000000b154000000)]
  0x000001c9b2d37800 JavaThread "Unconstrained build operations Thread 63" [_thread_blocked, id=5016, stack(0x000000b154000000,0x000000b154100000)]
  0x000001c9b2d3a000 JavaThread "Unconstrained build operations Thread 64" [_thread_blocked, id=140, stack(0x000000b154100000,0x000000b154200000)]
  0x000001c9b2d38000 JavaThread "Unconstrained build operations Thread 65" [_thread_blocked, id=9436, stack(0x000000b154200000,0x000000b154300000)]
  0x000001c9b4d2f800 JavaThread "Unconstrained build operations Thread 66" [_thread_blocked, id=1592, stack(0x000000b154300000,0x000000b154400000)]
  0x000001c9b4d30800 JavaThread "Unconstrained build operations Thread 67" [_thread_blocked, id=11496, stack(0x000000b154400000,0x000000b154500000)]
  0x000001c9b4d31800 JavaThread "Unconstrained build operations Thread 68" [_thread_blocked, id=8748, stack(0x000000b154500000,0x000000b154600000)]
  0x000001c9b4d2e000 JavaThread "Unconstrained build operations Thread 69" [_thread_blocked, id=4900, stack(0x000000b154600000,0x000000b154700000)]
  0x000001c9b4d34800 JavaThread "Unconstrained build operations Thread 70" [_thread_blocked, id=5652, stack(0x000000b154700000,0x000000b154800000)]
  0x000001c9b4d32000 JavaThread "Unconstrained build operations Thread 71" [_thread_blocked, id=5044, stack(0x000000b154800000,0x000000b154900000)]
  0x000001c9b4d2f000 JavaThread "Unconstrained build operations Thread 72" [_thread_blocked, id=9864, stack(0x000000b154900000,0x000000b154a00000)]
  0x000001c9b4d37000 JavaThread "Unconstrained build operations Thread 73" [_thread_blocked, id=3924, stack(0x000000b154a00000,0x000000b154b00000)]
  0x000001c9b4d35800 JavaThread "Unconstrained build operations Thread 74" [_thread_blocked, id=8208, stack(0x000000b154b00000,0x000000b154c00000)]
  0x000001c9b4d36800 JavaThread "Unconstrained build operations Thread 75" [_thread_blocked, id=10976, stack(0x000000b154c00000,0x000000b154d00000)]
  0x000001c9b4d33000 JavaThread "Unconstrained build operations Thread 76" [_thread_blocked, id=4016, stack(0x000000b154d00000,0x000000b154e00000)]
  0x000001c9b4d38000 JavaThread "Unconstrained build operations Thread 77" [_thread_blocked, id=12044, stack(0x000000b154e00000,0x000000b154f00000)]
  0x000001c9b4d34000 JavaThread "Unconstrained build operations Thread 78" [_thread_blocked, id=12136, stack(0x000000b154f00000,0x000000b155000000)]
  0x000001c9b4d3b000 JavaThread "Unconstrained build operations Thread 79" [_thread_blocked, id=11304, stack(0x000000b155000000,0x000000b155100000)]
  0x000001c9b4d39800 JavaThread "Unconstrained build operations Thread 80" [_thread_blocked, id=9352, stack(0x000000b155100000,0x000000b155200000)]
  0x000001c9b4d3d000 JavaThread "jar transforms Thread 4" [_thread_blocked, id=4864, stack(0x000000b155200000,0x000000b155300000)]
  0x000001c9b4d3a800 JavaThread "jar transforms Thread 5" [_thread_blocked, id=3840, stack(0x000000b155300000,0x000000b155400000)]
  0x000001c9b4d3c000 JavaThread "jar transforms Thread 6" [_thread_blocked, id=6396, stack(0x000000b155400000,0x000000b155500000)]
  0x000001c9b4d38800 JavaThread "jar transforms Thread 7" [_thread_blocked, id=11748, stack(0x000000b155500000,0x000000b155600000)]
  0x000001c9b4610800 JavaThread "jar transforms Thread 8" [_thread_blocked, id=12008, stack(0x000000b155600000,0x000000b155700000)]
  0x000001c9b4614000 JavaThread "Memory manager" [_thread_blocked, id=4828, stack(0x000000b155700000,0x000000b155800000)]

Other Threads:
  0x000001c9ae701800 VMThread "VM Thread" [stack: 0x000000b14d300000,0x000000b14d400000] [id=9360]
  0x000001c9af12d800 WatcherThread [stack: 0x000000b14dd00000,0x000000b14de00000] [id=5304]
  0x000001c992285800 GCTaskThread "GC Thread#0" [stack: 0x000000b14ce00000,0x000000b14cf00000] [id=10724]
  0x000001c9b000d800 GCTaskThread "GC Thread#1" [stack: 0x000000b14e000000,0x000000b14e100000] [id=7860]
  0x000001c9afe1e000 GCTaskThread "GC Thread#2" [stack: 0x000000b14e100000,0x000000b14e200000] [id=10156]
  0x000001c9b09ca800 GCTaskThread "GC Thread#3" [stack: 0x000000b14eb00000,0x000000b14ec00000] [id=2744]
  0x000001c9b208c800 GCTaskThread "GC Thread#4" [stack: 0x000000b14ec00000,0x000000b14ed00000] [id=11680]
  0x000001c9b09dc800 GCTaskThread "GC Thread#5" [stack: 0x000000b14ed00000,0x000000b14ee00000] [id=11192]
  0x000001c9b176c000 GCTaskThread "GC Thread#6" [stack: 0x000000b14ee00000,0x000000b14ef00000] [id=12116]
  0x000001c9b1763800 GCTaskThread "GC Thread#7" [stack: 0x000000b14ef00000,0x000000b14f000000] [id=5284]
  0x000001c9922b7000 ConcurrentGCThread "G1 Main Marker" [stack: 0x000000b14cf00000,0x000000b14d000000] [id=6700]
  0x000001c9922b8800 ConcurrentGCThread "G1 Conc#0" [stack: 0x000000b14d000000,0x000000b14d100000] [id=8520]
  0x000001c9b0f65000 ConcurrentGCThread "G1 Conc#1" [stack: 0x000000b14f300000,0x000000b14f400000] [id=7164]
  0x000001c9ae56c800 ConcurrentGCThread "G1 Refine#0" [stack: 0x000000b14d100000,0x000000b14d200000] [id=7892]
  0x000001c9ae56d800 ConcurrentGCThread "G1 Young RemSet Sampling" [stack: 0x000000b14d200000,0x000000b14d300000] [id=1228]

Threads with active compile tasks:
C2 CompilerThread0  11466 7712       4       java.lang.Class::annotationData (44 bytes)
C2 CompilerThread1  11467 7895       4       org.gradle.internal.instantiation.generator.AbstractClassGenerator::inspectType (560 bytes)
C2 CompilerThread2  11467 7916       4       sun.reflect.generics.visitor.Reifier::visitClassTypeSignature (381 bytes)

VM state:not at safepoint (normal execution)

VM Mutex/Monitor currently owned by a thread: None

Heap address: 0x0000000080000000, size: 2048 MB, Compressed Oops mode: 32-bit
Narrow klass base: 0x0000000000000000, Narrow klass shift: 3
Compressed class space size: 1073741824 Address: 0x0000000100000000

Heap:
 garbage-first heap   total 187392K, used 138511K [0x0000000080000000, 0x0000000100000000)
  region size 1024K, 78 young (79872K), 10 survivors (10240K)
 Metaspace       used 81627K, capacity 83543K, committed 83708K, reserved 1122304K
  class space    used 10618K, capacity 11290K, committed 11392K, reserved 1048576K
Heap Regions: E=young(eden), S=young(survivor), O=old, HS=humongous(starts), HC=humongous(continues), CS=collection set, F=free, A=archive, TAMS=top-at-mark-start (previous, next)
|   0|0x0000000080000000, 0x0000000080100000, 0x0000000080100000|100%| O|  |TAMS 0x0000000080100000, 0x0000000080000000| Untracked 
|   1|0x0000000080100000, 0x0000000080200000, 0x0000000080200000|100%| O|  |TAMS 0x0000000080200000, 0x0000000080100000| Untracked 
|   2|0x0000000080200000, 0x0000000080300000, 0x0000000080300000|100%| O|  |TAMS 0x0000000080300000, 0x0000000080200000| Untracked 
|   3|0x0000000080300000, 0x0000000080400000, 0x0000000080400000|100%|HS|  |TAMS 0x0000000080400000, 0x0000000080300000| Complete 
|   4|0x0000000080400000, 0x0000000080500000, 0x0000000080500000|100%|HC|  |TAMS 0x0000000080500000, 0x0000000080400000| Complete 
|   5|0x0000000080500000, 0x0000000080600000, 0x0000000080600000|100%|HC|  |TAMS 0x0000000080600000, 0x0000000080500000| Complete 
|   6|0x0000000080600000, 0x0000000080700000, 0x0000000080700000|100%| O|  |TAMS 0x0000000080700000, 0x0000000080600000| Untracked 
|   7|0x0000000080700000, 0x0000000080800000, 0x0000000080800000|100%| O|  |TAMS 0x0000000080800000, 0x0000000080700000| Untracked 
|   8|0x0000000080800000, 0x0000000080900000, 0x0000000080900000|100%| O|  |TAMS 0x0000000080900000, 0x0000000080800000| Untracked 
|   9|0x0000000080900000, 0x0000000080a00000, 0x0000000080a00000|100%| O|  |TAMS 0x0000000080a00000, 0x0000000080900000| Untracked 
|  10|0x0000000080a00000, 0x0000000080b00000, 0x0000000080b00000|100%| O|  |TAMS 0x0000000080b00000, 0x0000000080a00000| Untracked 
|  11|0x0000000080b00000, 0x0000000080c00000, 0x0000000080c00000|100%| O|  |TAMS 0x0000000080c00000, 0x0000000080b00000| Untracked 
|  12|0x0000000080c00000, 0x0000000080d00000, 0x0000000080d00000|100%| O|  |TAMS 0x0000000080d00000, 0x0000000080c00000| Untracked 
|  13|0x0000000080d00000, 0x0000000080e00000, 0x0000000080e00000|100%| O|  |TAMS 0x0000000080e00000, 0x0000000080d00000| Untracked 
|  14|0x0000000080e00000, 0x0000000080f00000, 0x0000000080f00000|100%| O|  |TAMS 0x0000000080f00000, 0x0000000080e00000| Untracked 
|  15|0x0000000080f00000, 0x0000000081000000, 0x0000000081000000|100%| O|  |TAMS 0x0000000081000000, 0x0000000080f00000| Untracked 
|  16|0x0000000081000000, 0x0000000081100000, 0x0000000081100000|100%| O|  |TAMS 0x0000000081100000, 0x0000000081000000| Untracked 
|  17|0x0000000081100000, 0x0000000081200000, 0x0000000081200000|100%|HS|  |TAMS 0x0000000081200000, 0x0000000081100000| Complete 
|  18|0x0000000081200000, 0x0000000081300000, 0x0000000081300000|100%| O|  |TAMS 0x0000000081300000, 0x0000000081200000| Untracked 
|  19|0x0000000081300000, 0x0000000081400000, 0x0000000081400000|100%| O|  |TAMS 0x0000000081400000, 0x0000000081300000| Untracked 
|  20|0x0000000081400000, 0x0000000081500000, 0x0000000081500000|100%| O|  |TAMS 0x0000000081500000, 0x0000000081400000| Untracked 
|  21|0x0000000081500000, 0x0000000081600000, 0x0000000081600000|100%| O|  |TAMS 0x0000000081600000, 0x0000000081500000| Untracked 
|  22|0x0000000081600000, 0x0000000081700000, 0x0000000081700000|100%| O|  |TAMS 0x0000000081700000, 0x0000000081600000| Untracked 
|  23|0x0000000081700000, 0x0000000081800000, 0x0000000081800000|100%| O|  |TAMS 0x0000000081800000, 0x0000000081700000| Untracked 
|  24|0x0000000081800000, 0x0000000081900000, 0x0000000081900000|100%|HS|  |TAMS 0x0000000081900000, 0x0000000081800000| Complete 
|  25|0x0000000081900000, 0x0000000081a00000, 0x0000000081a00000|100%|HS|  |TAMS 0x0000000081a00000, 0x0000000081900000| Complete 
|  26|0x0000000081a00000, 0x0000000081b00000, 0x0000000081b00000|100%|HS|  |TAMS 0x0000000081b00000, 0x0000000081a00000| Complete 
|  27|0x0000000081b00000, 0x0000000081c00000, 0x0000000081c00000|100%|HS|  |TAMS 0x0000000081c00000, 0x0000000081b00000| Complete 
|  28|0x0000000081c00000, 0x0000000081d00000, 0x0000000081d00000|100%|HC|  |TAMS 0x0000000081d00000, 0x0000000081c00000| Complete 
|  29|0x0000000081d00000, 0x0000000081e00000, 0x0000000081e00000|100%|HC|  |TAMS 0x0000000081e00000, 0x0000000081d00000| Complete 
|  30|0x0000000081e00000, 0x0000000081f00000, 0x0000000081f00000|100%|HS|  |TAMS 0x0000000081f00000, 0x0000000081e00000| Complete 
|  31|0x0000000081f00000, 0x0000000082000000, 0x0000000082000000|100%|HC|  |TAMS 0x0000000082000000, 0x0000000081f00000| Complete 
|  32|0x0000000082000000, 0x0000000082100000, 0x0000000082100000|100%| O|  |TAMS 0x0000000082100000, 0x0000000082000000| Untracked 
|  33|0x0000000082100000, 0x0000000082200000, 0x0000000082200000|100%| O|  |TAMS 0x0000000082200000, 0x0000000082100000| Untracked 
|  34|0x0000000082200000, 0x0000000082300000, 0x0000000082300000|100%| O|  |TAMS 0x0000000082300000, 0x0000000082200000| Untracked 
|  35|0x0000000082300000, 0x0000000082400000, 0x0000000082400000|100%| O|  |TAMS 0x0000000082400000, 0x0000000082300000| Untracked 
|  36|0x0000000082400000, 0x0000000082500000, 0x0000000082500000|100%| O|  |TAMS 0x0000000082500000, 0x0000000082400000| Untracked 
|  37|0x0000000082500000, 0x0000000082600000, 0x0000000082600000|100%| O|  |TAMS 0x0000000082600000, 0x0000000082500000| Untracked 
|  38|0x0000000082600000, 0x0000000082700000, 0x0000000082700000|100%| O|  |TAMS 0x0000000082700000, 0x0000000082600000| Untracked 
|  39|0x0000000082700000, 0x0000000082800000, 0x0000000082800000|100%| O|  |TAMS 0x0000000082800000, 0x0000000082700000| Untracked 
|  40|0x0000000082800000, 0x0000000082900000, 0x0000000082900000|100%| O|  |TAMS 0x0000000082900000, 0x0000000082800000| Untracked 
|  41|0x0000000082900000, 0x0000000082a00000, 0x0000000082a00000|100%| O|  |TAMS 0x0000000082a00000, 0x0000000082900000| Untracked 
|  42|0x0000000082a00000, 0x0000000082b00000, 0x0000000082b00000|100%| O|  |TAMS 0x0000000082b00000, 0x0000000082a00000| Untracked 
|  43|0x0000000082b00000, 0x0000000082c00000, 0x0000000082c00000|100%| O|  |TAMS 0x0000000082c00000, 0x0000000082b00000| Untracked 
|  44|0x0000000082c00000, 0x0000000082d00000, 0x0000000082d00000|100%| O|  |TAMS 0x0000000082d00000, 0x0000000082c00000| Untracked 
|  45|0x0000000082d00000, 0x0000000082e00000, 0x0000000082e00000|100%| O|  |TAMS 0x0000000082e00000, 0x0000000082d00000| Untracked 
|  46|0x0000000082e00000, 0x0000000082f00000, 0x0000000082f00000|100%| O|  |TAMS 0x0000000082f00000, 0x0000000082e00000| Untracked 
|  47|0x0000000082f00000, 0x0000000083000000, 0x0000000083000000|100%| O|  |TAMS 0x0000000083000000, 0x0000000082f00000| Untracked 
|  48|0x0000000083000000, 0x0000000083100000, 0x0000000083100000|100%| O|  |TAMS 0x0000000083100000, 0x0000000083000000| Untracked 
|  49|0x0000000083100000, 0x0000000083200000, 0x0000000083200000|100%| O|  |TAMS 0x0000000083200000, 0x0000000083100000| Untracked 
|  50|0x0000000083200000, 0x0000000083300000, 0x0000000083300000|100%| O|  |TAMS 0x0000000083200000, 0x0000000083200000| Untracked 
|  51|0x0000000083300000, 0x0000000083400000, 0x0000000083400000|100%| O|  |TAMS 0x0000000083300000, 0x0000000083300000| Untracked 
|  52|0x0000000083400000, 0x0000000083500000, 0x0000000083500000|100%| O|  |TAMS 0x0000000083400000, 0x0000000083400000| Untracked 
|  53|0x0000000083500000, 0x0000000083600000, 0x0000000083600000|100%| O|  |TAMS 0x0000000083500000, 0x0000000083500000| Untracked 
|  54|0x0000000083600000, 0x0000000083700000, 0x0000000083700000|100%| O|  |TAMS 0x0000000083600000, 0x0000000083600000| Untracked 
|  55|0x0000000083700000, 0x0000000083800000, 0x0000000083800000|100%| O|  |TAMS 0x0000000083800000, 0x0000000083700000| Untracked 
|  56|0x0000000083800000, 0x0000000083900000, 0x0000000083900000|100%| O|  |TAMS 0x00000000838cf400, 0x0000000083800000| Untracked 
|  57|0x0000000083900000, 0x0000000083a00000, 0x0000000083a00000|100%| O|  |TAMS 0x0000000083900000, 0x0000000083900000| Untracked 
|  58|0x0000000083a00000, 0x0000000083ac1800, 0x0000000083b00000| 75%| O|  |TAMS 0x0000000083a00000, 0x0000000083a00000| Untracked 
|  59|0x0000000083b00000, 0x0000000083b00000, 0x0000000083c00000|  0%| F|  |TAMS 0x0000000083b00000, 0x0000000083b00000| Untracked 
|  60|0x0000000083c00000, 0x0000000083c00000, 0x0000000083d00000|  0%| F|  |TAMS 0x0000000083c00000, 0x0000000083c00000| Untracked 
|  61|0x0000000083d00000, 0x0000000083d00000, 0x0000000083e00000|  0%| F|  |TAMS 0x0000000083d00000, 0x0000000083d00000| Untracked 
|  62|0x0000000083e00000, 0x0000000083e00000, 0x0000000083f00000|  0%| F|  |TAMS 0x0000000083e00000, 0x0000000083e00000| Untracked 
|  63|0x0000000083f00000, 0x0000000083f00000, 0x0000000084000000|  0%| F|  |TAMS 0x0000000083f00000, 0x0000000083f00000| Untracked 
|  64|0x0000000084000000, 0x0000000084000000, 0x0000000084100000|  0%| F|  |TAMS 0x0000000084000000, 0x0000000084000000| Untracked 
|  65|0x0000000084100000, 0x0000000084100000, 0x0000000084200000|  0%| F|  |TAMS 0x0000000084100000, 0x0000000084100000| Untracked 
|  66|0x0000000084200000, 0x0000000084200000, 0x0000000084300000|  0%| F|  |TAMS 0x0000000084200000, 0x0000000084200000| Untracked 
|  67|0x0000000084300000, 0x0000000084300000, 0x0000000084400000|  0%| F|  |TAMS 0x0000000084300000, 0x0000000084300000| Untracked 
|  68|0x0000000084400000, 0x0000000084400000, 0x0000000084500000|  0%| F|  |TAMS 0x0000000084400000, 0x0000000084400000| Untracked 
|  69|0x0000000084500000, 0x0000000084500000, 0x0000000084600000|  0%| F|  |TAMS 0x0000000084500000, 0x0000000084500000| Untracked 
|  70|0x0000000084600000, 0x0000000084600000, 0x0000000084700000|  0%| F|  |TAMS 0x0000000084600000, 0x0000000084600000| Untracked 
|  71|0x0000000084700000, 0x0000000084700000, 0x0000000084800000|  0%| F|  |TAMS 0x0000000084700000, 0x0000000084700000| Untracked 
|  72|0x0000000084800000, 0x0000000084800000, 0x0000000084900000|  0%| F|  |TAMS 0x0000000084800000, 0x0000000084800000| Untracked 
|  73|0x0000000084900000, 0x0000000084900000, 0x0000000084a00000|  0%| F|  |TAMS 0x0000000084900000, 0x0000000084900000| Untracked 
|  74|0x0000000084a00000, 0x0000000084a00000, 0x0000000084b00000|  0%| F|  |TAMS 0x0000000084a00000, 0x0000000084a00000| Untracked 
|  75|0x0000000084b00000, 0x0000000084b00000, 0x0000000084c00000|  0%| F|  |TAMS 0x0000000084b00000, 0x0000000084b00000| Untracked 
|  76|0x0000000084c00000, 0x0000000084c00000, 0x0000000084d00000|  0%| F|  |TAMS 0x0000000084c00000, 0x0000000084c00000| Untracked 
|  77|0x0000000084d00000, 0x0000000084d00000, 0x0000000084e00000|  0%| F|  |TAMS 0x0000000084d00000, 0x0000000084d00000| Untracked 
|  78|0x0000000084e00000, 0x0000000084e00000, 0x0000000084f00000|  0%| F|  |TAMS 0x0000000084e00000, 0x0000000084e00000| Untracked 
|  79|0x0000000084f00000, 0x0000000084f00000, 0x0000000085000000|  0%| F|  |TAMS 0x0000000084f00000, 0x0000000084f00000| Untracked 
|  80|0x0000000085000000, 0x0000000085000000, 0x0000000085100000|  0%| F|  |TAMS 0x0000000085000000, 0x0000000085000000| Untracked 
|  81|0x0000000085100000, 0x0000000085100000, 0x0000000085200000|  0%| F|  |TAMS 0x0000000085100000, 0x0000000085100000| Untracked 
|  82|0x0000000085200000, 0x0000000085200000, 0x0000000085300000|  0%| F|  |TAMS 0x0000000085200000, 0x0000000085200000| Untracked 
|  83|0x0000000085300000, 0x0000000085300000, 0x0000000085400000|  0%| F|  |TAMS 0x0000000085300000, 0x0000000085300000| Untracked 
|  84|0x0000000085400000, 0x0000000085400000, 0x0000000085500000|  0%| F|  |TAMS 0x0000000085400000, 0x0000000085400000| Untracked 
|  85|0x0000000085500000, 0x0000000085500000, 0x0000000085600000|  0%| F|  |TAMS 0x0000000085500000, 0x0000000085500000| Untracked 
|  86|0x0000000085600000, 0x0000000085600000, 0x0000000085700000|  0%| F|  |TAMS 0x0000000085600000, 0x0000000085600000| Untracked 
|  87|0x0000000085700000, 0x0000000085700000, 0x0000000085800000|  0%| F|  |TAMS 0x0000000085700000, 0x0000000085700000| Untracked 
|  88|0x0000000085800000, 0x0000000085800000, 0x0000000085900000|  0%| F|  |TAMS 0x0000000085800000, 0x0000000085800000| Untracked 
|  89|0x0000000085900000, 0x0000000085900000, 0x0000000085a00000|  0%| F|  |TAMS 0x0000000085900000, 0x0000000085900000| Untracked 
|  90|0x0000000085a00000, 0x0000000085a00000, 0x0000000085b00000|  0%| F|  |TAMS 0x0000000085a00000, 0x0000000085a00000| Untracked 
|  91|0x0000000085b00000, 0x0000000085b00000, 0x0000000085c00000|  0%| F|  |TAMS 0x0000000085b00000, 0x0000000085b00000| Untracked 
|  92|0x0000000085c00000, 0x0000000085c00000, 0x0000000085d00000|  0%| F|  |TAMS 0x0000000085c00000, 0x0000000085c00000| Untracked 
|  93|0x0000000085d00000, 0x0000000085d00000, 0x0000000085e00000|  0%| F|  |TAMS 0x0000000085d00000, 0x0000000085d00000| Untracked 
|  94|0x0000000085e00000, 0x0000000085e00000, 0x0000000085f00000|  0%| F|  |TAMS 0x0000000085e00000, 0x0000000085e00000| Untracked 
|  95|0x0000000085f00000, 0x0000000085f00000, 0x0000000086000000|  0%| F|  |TAMS 0x0000000085f00000, 0x0000000085f00000| Untracked 
|  96|0x0000000086000000, 0x0000000086000000, 0x0000000086100000|  0%| F|  |TAMS 0x0000000086000000, 0x0000000086000000| Untracked 
|  97|0x0000000086100000, 0x0000000086182620, 0x0000000086200000| 50%| S|CS|TAMS 0x0000000086100000, 0x0000000086100000| Complete 
|  98|0x0000000086200000, 0x0000000086200000, 0x0000000086300000|  0%| F|  |TAMS 0x0000000086200000, 0x0000000086200000| Untracked 
|  99|0x0000000086300000, 0x0000000086300000, 0x0000000086400000|  0%| F|  |TAMS 0x0000000086300000, 0x0000000086300000| Untracked 
| 100|0x0000000086400000, 0x0000000086400000, 0x0000000086500000|  0%| F|  |TAMS 0x0000000086400000, 0x0000000086400000| Untracked 
| 101|0x0000000086500000, 0x0000000086500000, 0x0000000086600000|  0%| F|  |TAMS 0x0000000086500000, 0x0000000086500000| Untracked 
| 102|0x0000000086600000, 0x0000000086700000, 0x0000000086700000|100%| S|CS|TAMS 0x0000000086600000, 0x0000000086600000| Complete 
| 103|0x0000000086700000, 0x0000000086800000, 0x0000000086800000|100%| S|CS|TAMS 0x0000000086700000, 0x0000000086700000| Complete 
| 104|0x0000000086800000, 0x0000000086900000, 0x0000000086900000|100%| S|CS|TAMS 0x0000000086800000, 0x0000000086800000| Complete 
| 105|0x0000000086900000, 0x0000000086a00000, 0x0000000086a00000|100%| S|CS|TAMS 0x0000000086900000, 0x0000000086900000| Complete 
| 106|0x0000000086a00000, 0x0000000086b00000, 0x0000000086b00000|100%| S|CS|TAMS 0x0000000086a00000, 0x0000000086a00000| Complete 
| 107|0x0000000086b00000, 0x0000000086c00000, 0x0000000086c00000|100%| S|CS|TAMS 0x0000000086b00000, 0x0000000086b00000| Complete 
| 108|0x0000000086c00000, 0x0000000086d00000, 0x0000000086d00000|100%| S|CS|TAMS 0x0000000086c00000, 0x0000000086c00000| Complete 
| 109|0x0000000086d00000, 0x0000000086e00000, 0x0000000086e00000|100%| S|CS|TAMS 0x0000000086d00000, 0x0000000086d00000| Complete 
| 110|0x0000000086e00000, 0x0000000086e00000, 0x0000000086f00000|  0%| F|  |TAMS 0x0000000086e00000, 0x0000000086e00000| Untracked 
| 111|0x0000000086f00000, 0x0000000086f00000, 0x0000000087000000|  0%| F|  |TAMS 0x0000000086f00000, 0x0000000086f00000| Untracked 
| 112|0x0000000087000000, 0x0000000087100000, 0x0000000087100000|100%| S|CS|TAMS 0x0000000087000000, 0x0000000087000000| Complete 
| 113|0x0000000087100000, 0x0000000087100000, 0x0000000087200000|  0%| F|  |TAMS 0x0000000087100000, 0x0000000087100000| Untracked 
| 114|0x0000000087200000, 0x0000000087200000, 0x0000000087300000|  0%| F|  |TAMS 0x0000000087200000, 0x0000000087200000| Untracked 
| 115|0x0000000087300000, 0x0000000087380800, 0x0000000087400000| 50%| E|  |TAMS 0x0000000087300000, 0x0000000087300000| Complete 
| 116|0x0000000087400000, 0x0000000087500000, 0x0000000087500000|100%| E|CS|TAMS 0x0000000087400000, 0x0000000087400000| Complete 
| 117|0x0000000087500000, 0x0000000087600000, 0x0000000087600000|100%| E|CS|TAMS 0x0000000087500000, 0x0000000087500000| Complete 
| 118|0x0000000087600000, 0x0000000087700000, 0x0000000087700000|100%| E|CS|TAMS 0x0000000087600000, 0x0000000087600000| Complete 
| 119|0x0000000087700000, 0x0000000087800000, 0x0000000087800000|100%| E|CS|TAMS 0x0000000087700000, 0x0000000087700000| Complete 
| 120|0x0000000087800000, 0x0000000087900000, 0x0000000087900000|100%| E|CS|TAMS 0x0000000087800000, 0x0000000087800000| Complete 
| 121|0x0000000087900000, 0x0000000087a00000, 0x0000000087a00000|100%| E|CS|TAMS 0x0000000087900000, 0x0000000087900000| Complete 
| 122|0x0000000087a00000, 0x0000000087b00000, 0x0000000087b00000|100%| E|CS|TAMS 0x0000000087a00000, 0x0000000087a00000| Complete 
| 123|0x0000000087b00000, 0x0000000087c00000, 0x0000000087c00000|100%| E|CS|TAMS 0x0000000087b00000, 0x0000000087b00000| Complete 
| 124|0x0000000087c00000, 0x0000000087d00000, 0x0000000087d00000|100%| E|CS|TAMS 0x0000000087c00000, 0x0000000087c00000| Complete 
| 125|0x0000000087d00000, 0x0000000087e00000, 0x0000000087e00000|100%| E|CS|TAMS 0x0000000087d00000, 0x0000000087d00000| Complete 
| 126|0x0000000087e00000, 0x0000000087f00000, 0x0000000087f00000|100%| E|CS|TAMS 0x0000000087e00000, 0x0000000087e00000| Complete 
| 127|0x0000000087f00000, 0x0000000088000000, 0x0000000088000000|100%| E|CS|TAMS 0x0000000087f00000, 0x0000000087f00000| Complete 
| 128|0x0000000088000000, 0x0000000088100000, 0x0000000088100000|100%| E|CS|TAMS 0x0000000088000000, 0x0000000088000000| Complete 
| 129|0x0000000088100000, 0x0000000088200000, 0x0000000088200000|100%| E|CS|TAMS 0x0000000088100000, 0x0000000088100000| Complete 
| 130|0x0000000088200000, 0x0000000088300000, 0x0000000088300000|100%| E|CS|TAMS 0x0000000088200000, 0x0000000088200000| Complete 
| 131|0x0000000088300000, 0x0000000088400000, 0x0000000088400000|100%| E|CS|TAMS 0x0000000088300000, 0x0000000088300000| Complete 
| 132|0x0000000088400000, 0x0000000088500000, 0x0000000088500000|100%| E|CS|TAMS 0x0000000088400000, 0x0000000088400000| Complete 
| 133|0x0000000088500000, 0x0000000088600000, 0x0000000088600000|100%| E|CS|TAMS 0x0000000088500000, 0x0000000088500000| Complete 
| 134|0x0000000088600000, 0x0000000088700000, 0x0000000088700000|100%| E|CS|TAMS 0x0000000088600000, 0x0000000088600000| Complete 
| 135|0x0000000088700000, 0x0000000088800000, 0x0000000088800000|100%| E|CS|TAMS 0x0000000088700000, 0x0000000088700000| Complete 
| 136|0x0000000088800000, 0x0000000088900000, 0x0000000088900000|100%| E|CS|TAMS 0x0000000088800000, 0x0000000088800000| Complete 
| 137|0x0000000088900000, 0x0000000088a00000, 0x0000000088a00000|100%| E|CS|TAMS 0x0000000088900000, 0x0000000088900000| Complete 
| 138|0x0000000088a00000, 0x0000000088b00000, 0x0000000088b00000|100%| E|CS|TAMS 0x0000000088a00000, 0x0000000088a00000| Complete 
| 139|0x0000000088b00000, 0x0000000088c00000, 0x0000000088c00000|100%| E|CS|TAMS 0x0000000088b00000, 0x0000000088b00000| Complete 
| 140|0x0000000088c00000, 0x0000000088d00000, 0x0000000088d00000|100%| E|CS|TAMS 0x0000000088c00000, 0x0000000088c00000| Complete 
| 141|0x0000000088d00000, 0x0000000088e00000, 0x0000000088e00000|100%| E|CS|TAMS 0x0000000088d00000, 0x0000000088d00000| Complete 
| 142|0x0000000088e00000, 0x0000000088f00000, 0x0000000088f00000|100%| E|CS|TAMS 0x0000000088e00000, 0x0000000088e00000| Complete 
| 143|0x0000000088f00000, 0x0000000089000000, 0x0000000089000000|100%| E|CS|TAMS 0x0000000088f00000, 0x0000000088f00000| Complete 
| 144|0x0000000089000000, 0x0000000089100000, 0x0000000089100000|100%| E|CS|TAMS 0x0000000089000000, 0x0000000089000000| Complete 
| 145|0x0000000089100000, 0x0000000089200000, 0x0000000089200000|100%| E|CS|TAMS 0x0000000089100000, 0x0000000089100000| Complete 
| 146|0x0000000089200000, 0x0000000089300000, 0x0000000089300000|100%| E|CS|TAMS 0x0000000089200000, 0x0000000089200000| Complete 
| 147|0x0000000089300000, 0x0000000089400000, 0x0000000089400000|100%| E|CS|TAMS 0x0000000089300000, 0x0000000089300000| Complete 
| 148|0x0000000089400000, 0x0000000089500000, 0x0000000089500000|100%| E|CS|TAMS 0x0000000089400000, 0x0000000089400000| Complete 
| 149|0x0000000089500000, 0x0000000089600000, 0x0000000089600000|100%| E|CS|TAMS 0x0000000089500000, 0x0000000089500000| Complete 
| 150|0x0000000089600000, 0x0000000089700000, 0x0000000089700000|100%| E|CS|TAMS 0x0000000089600000, 0x0000000089600000| Complete 
| 151|0x0000000089700000, 0x0000000089800000, 0x0000000089800000|100%| E|CS|TAMS 0x0000000089700000, 0x0000000089700000| Complete 
| 152|0x0000000089800000, 0x0000000089900000, 0x0000000089900000|100%| E|CS|TAMS 0x0000000089800000, 0x0000000089800000| Complete 
| 153|0x0000000089900000, 0x0000000089a00000, 0x0000000089a00000|100%| E|CS|TAMS 0x0000000089900000, 0x0000000089900000| Complete 
| 154|0x0000000089a00000, 0x0000000089b00000, 0x0000000089b00000|100%| E|CS|TAMS 0x0000000089a00000, 0x0000000089a00000| Complete 
| 155|0x0000000089b00000, 0x0000000089c00000, 0x0000000089c00000|100%| E|CS|TAMS 0x0000000089b00000, 0x0000000089b00000| Complete 
| 156|0x0000000089c00000, 0x0000000089d00000, 0x0000000089d00000|100%| E|CS|TAMS 0x0000000089c00000, 0x0000000089c00000| Complete 
| 157|0x0000000089d00000, 0x0000000089e00000, 0x0000000089e00000|100%| E|CS|TAMS 0x0000000089d00000, 0x0000000089d00000| Complete 
| 158|0x0000000089e00000, 0x0000000089f00000, 0x0000000089f00000|100%| E|CS|TAMS 0x0000000089e00000, 0x0000000089e00000| Complete 
| 159|0x0000000089f00000, 0x000000008a000000, 0x000000008a000000|100%| E|CS|TAMS 0x0000000089f00000, 0x0000000089f00000| Complete 
| 160|0x000000008a000000, 0x000000008a100000, 0x000000008a100000|100%| E|CS|TAMS 0x000000008a000000, 0x000000008a000000| Complete 
| 161|0x000000008a100000, 0x000000008a200000, 0x000000008a200000|100%| E|CS|TAMS 0x000000008a100000, 0x000000008a100000| Complete 
| 162|0x000000008a200000, 0x000000008a300000, 0x000000008a300000|100%| E|CS|TAMS 0x000000008a200000, 0x000000008a200000| Complete 
| 163|0x000000008a300000, 0x000000008a400000, 0x000000008a400000|100%| E|CS|TAMS 0x000000008a300000, 0x000000008a300000| Complete 
| 164|0x000000008a400000, 0x000000008a500000, 0x000000008a500000|100%| E|CS|TAMS 0x000000008a400000, 0x000000008a400000| Complete 
| 165|0x000000008a500000, 0x000000008a600000, 0x000000008a600000|100%| E|CS|TAMS 0x000000008a500000, 0x000000008a500000| Complete 
| 166|0x000000008a600000, 0x000000008a700000, 0x000000008a700000|100%| E|CS|TAMS 0x000000008a600000, 0x000000008a600000| Complete 
| 167|0x000000008a700000, 0x000000008a800000, 0x000000008a800000|100%| E|CS|TAMS 0x000000008a700000, 0x000000008a700000| Complete 
| 168|0x000000008a800000, 0x000000008a900000, 0x000000008a900000|100%| E|CS|TAMS 0x000000008a800000, 0x000000008a800000| Complete 
| 169|0x000000008a900000, 0x000000008aa00000, 0x000000008aa00000|100%| E|CS|TAMS 0x000000008a900000, 0x000000008a900000| Complete 
| 170|0x000000008aa00000, 0x000000008ab00000, 0x000000008ab00000|100%| E|CS|TAMS 0x000000008aa00000, 0x000000008aa00000| Complete 
| 171|0x000000008ab00000, 0x000000008ac00000, 0x000000008ac00000|100%| E|CS|TAMS 0x000000008ab00000, 0x000000008ab00000| Complete 
| 172|0x000000008ac00000, 0x000000008ad00000, 0x000000008ad00000|100%| E|CS|TAMS 0x000000008ac00000, 0x000000008ac00000| Complete 
| 173|0x000000008ad00000, 0x000000008ae00000, 0x000000008ae00000|100%| E|CS|TAMS 0x000000008ad00000, 0x000000008ad00000| Complete 
| 174|0x000000008ae00000, 0x000000008af00000, 0x000000008af00000|100%| E|CS|TAMS 0x000000008ae00000, 0x000000008ae00000| Complete 
| 175|0x000000008af00000, 0x000000008b000000, 0x000000008b000000|100%| E|CS|TAMS 0x000000008af00000, 0x000000008af00000| Complete 
| 176|0x000000008b000000, 0x000000008b100000, 0x000000008b100000|100%| E|CS|TAMS 0x000000008b000000, 0x000000008b000000| Complete 
| 177|0x000000008b100000, 0x000000008b200000, 0x000000008b200000|100%| E|CS|TAMS 0x000000008b100000, 0x000000008b100000| Complete 
| 178|0x000000008b200000, 0x000000008b300000, 0x000000008b300000|100%| E|CS|TAMS 0x000000008b200000, 0x000000008b200000| Complete 
| 179|0x000000008b300000, 0x000000008b400000, 0x000000008b400000|100%| E|CS|TAMS 0x000000008b300000, 0x000000008b300000| Complete 
| 180|0x000000008b400000, 0x000000008b500000, 0x000000008b500000|100%| E|CS|TAMS 0x000000008b400000, 0x000000008b400000| Complete 
| 181|0x000000008b500000, 0x000000008b600000, 0x000000008b600000|100%| E|CS|TAMS 0x000000008b500000, 0x000000008b500000| Complete 
| 182|0x000000008b600000, 0x000000008b700000, 0x000000008b700000|100%| E|CS|TAMS 0x000000008b600000, 0x000000008b600000| Complete 

Card table byte_map: [0x000001c9a7400000,0x000001c9a7800000] _byte_map_base: 0x000001c9a7000000

Marking Bits (Prev, Next): (CMBitMap*) 0x000001c9922ae2d8, (CMBitMap*) 0x000001c9922ae310
 Prev Bits: [0x000001c9a7c00000, 0x000001c9a9c00000)
 Next Bits: [0x000001c9a9c00000, 0x000001c9abc00000)

Polling page: 0x000001c992110000

Metaspace:

Usage:
  Non-class:     70.62 MB capacity,    69.37 MB ( 98%) used,     1.05 MB (  1%) free+waste,   201.88 KB ( <1%) overhead. 
      Class:     11.03 MB capacity,    10.37 MB ( 94%) used,   576.80 KB (  5%) free+waste,    93.19 KB ( <1%) overhead. 
       Both:     81.65 MB capacity,    79.74 MB ( 98%) used,     1.62 MB (  2%) free+waste,   295.06 KB ( <1%) overhead. 

Virtual space:
  Non-class space:       72.00 MB reserved,      70.87 MB ( 98%) committed 
      Class space:        1.00 GB reserved,      11.13 MB (  1%) committed 
             Both:        1.07 GB reserved,      82.00 MB (  7%) committed 

Chunk freelists:
   Non-Class:  63.00 KB
       Class:  6.00 KB
        Both:  69.00 KB

MaxMetaspaceSize: 17179869184.00 GB
CompressedClassSpaceSize: 1.00 GB

CodeHeap 'non-profiled nmethods': size=120000Kb used=5218Kb max_used=5218Kb free=114781Kb
 bounds [0x000001c99f060000, 0x000001c99f580000, 0x000001c9a6590000]
CodeHeap 'profiled nmethods': size=120000Kb used=17163Kb max_used=17163Kb free=102836Kb
 bounds [0x000001c997b30000, 0x000001c998c00000, 0x000001c99f060000]
CodeHeap 'non-nmethods': size=5760Kb used=2285Kb max_used=2328Kb free=3474Kb
 bounds [0x000001c997590000, 0x000001c997800000, 0x000001c997b30000]
 total_blobs=8886 nmethods=8017 adapters=780
 compilation: enabled
              stopped_count=0, restarted_count=0
 full_count=0

Compilation events (20 events):
Event: 11.395 Thread 0x000001c9aef92800 nmethod 8038 0x000001c998be9910 code [0x000001c998be9ae0, 0x000001c998be9e78]
Event: 11.395 Thread 0x000001c9aef92800 8036       3       org.gradle.api.internal.collections.FilteredCollection$FilteringIterator::next (30 bytes)
Event: 11.395 Thread 0x000001c9aef92800 nmethod 8036 0x000001c998be9f90 code [0x000001c998bea160, 0x000001c998bea418]
Event: 11.395 Thread 0x000001c9aef92800 8037       3       org.gradle.api.internal.attributes.ImmutableAttributeContainerWithErrorMessage::<init> (15 bytes)
Event: 11.396 Thread 0x000001c9aef92800 nmethod 8037 0x000001c998bea510 code [0x000001c998bea6c0, 0x000001c998bea8d8]
Event: 11.396 Thread 0x000001c9aef92800 8039   !   3       java.lang.Boolean::getBoolean (16 bytes)
Event: 11.397 Thread 0x000001c9aef92800 nmethod 8039 0x000001c998bea990 code [0x000001c998beac00, 0x000001c998beb4e8]
Event: 11.397 Thread 0x000001c9aef92800 8040       1       org.gradle.internal.component.local.model.DefaultLocalComponentMetadata$DefaultLocalConfigurationMetadata::getName (5 bytes)
Event: 11.397 Thread 0x000001c9aef92800 nmethod 8040 0x000001c99f572490 code [0x000001c99f572640, 0x000001c99f5726f8]
Event: 11.397 Thread 0x000001c9aef92800 8041       3       org.gradle.internal.component.local.model.DefaultLocalComponentMetadata$DefaultLocalConfigurationMetadata::include (12 bytes)
Event: 11.397 Thread 0x000001c9aef92800 nmethod 8041 0x000001c998beb990 code [0x000001c998bebb60, 0x000001c998bebdc8]
Event: 11.400 Thread 0x000001c9aef92800 8042       3       org.gradle.api.internal.file.collections.UnpackingVisitor::add (355 bytes)
Event: 11.400 Thread 0x000001c9b11a3000 nmethod 7894 0x000001c99f572790 code [0x000001c99f572a40, 0x000001c99f576180]
Event: 11.401 Thread 0x000001c9b11a3000 7930       4       java.util.TreeMap::put (247 bytes)
Event: 11.402 Thread 0x000001c9aef92800 nmethod 8042 0x000001c998bebe90 code [0x000001c998bec380, 0x000001c998bef738]
Event: 11.402 Thread 0x000001c9aef92800 8043       3       java.util.ArrayDeque::addFirst (51 bytes)
Event: 11.403 Thread 0x000001c9aef92800 nmethod 8043 0x000001c998bf0010 code [0x000001c998bf0200, 0x000001c998bf0698]
Event: 11.428 Thread 0x000001c9b11a3000 nmethod 7930 0x000001c99f576f90 code [0x000001c99f5771a0, 0x000001c99f5782f8]
Event: 11.428 Thread 0x000001c9b11a3000 7916       4       sun.reflect.generics.visitor.Reifier::visitClassTypeSignature (381 bytes)
Event: 11.442 Thread 0x000001c9aef92800 8044       2       com.google.common.collect.ImmutableCollection$Builder::addAll (34 bytes)

GC Heap History (20 events):
Event: 2.306 GC heap before
{Heap before GC invocations=3 (full 0):
 garbage-first heap   total 129024K, used 34608K [0x0000000080000000, 0x0000000100000000)
  region size 1024K, 26 young (26624K), 7 survivors (7168K)
 Metaspace       used 20621K, capacity 21108K, committed 21296K, reserved 1069056K
  class space    used 2533K, capacity 2660K, committed 2688K, reserved 1048576K
}
Event: 2.313 GC heap after
{Heap after GC invocations=4 (full 0):
 garbage-first heap   total 129024K, used 17532K [0x0000000080000000, 0x0000000100000000)
  region size 1024K, 5 young (5120K), 5 survivors (5120K)
 Metaspace       used 20621K, capacity 21108K, committed 21296K, reserved 1069056K
  class space    used 2533K, capacity 2660K, committed 2688K, reserved 1048576K
}
Event: 2.909 GC heap before
{Heap before GC invocations=5 (full 0):
 garbage-first heap   total 129024K, used 68732K [0x0000000080000000, 0x0000000100000000)
  region size 1024K, 55 young (56320K), 5 survivors (5120K)
 Metaspace       used 25938K, capacity 26576K, committed 26672K, reserved 1073152K
  class space    used 3392K, capacity 3617K, committed 3712K, reserved 1048576K
}
Event: 2.915 GC heap after
{Heap after GC invocations=6 (full 0):
 garbage-first heap   total 155648K, used 19473K [0x0000000080000000, 0x0000000100000000)
  region size 1024K, 3 young (3072K), 3 survivors (3072K)
 Metaspace       used 25938K, capacity 26576K, committed 26672K, reserved 1073152K
  class space    used 3392K, capacity 3617K, committed 3712K, reserved 1048576K
}
Event: 3.832 GC heap before
{Heap before GC invocations=6 (full 0):
 garbage-first heap   total 155648K, used 79889K [0x0000000080000000, 0x0000000100000000)
  region size 1024K, 63 young (64512K), 3 survivors (3072K)
 Metaspace       used 34876K, capacity 35651K, committed 35708K, reserved 1081344K
  class space    used 4540K, capacity 4861K, committed 4864K, reserved 1048576K
}
Event: 3.845 GC heap after
{Heap after GC invocations=7 (full 0):
 garbage-first heap   total 155648K, used 22939K [0x0000000080000000, 0x0000000100000000)
  region size 1024K, 7 young (7168K), 7 survivors (7168K)
 Metaspace       used 34876K, capacity 35651K, committed 35708K, reserved 1081344K
  class space    used 4540K, capacity 4861K, committed 4864K, reserved 1048576K
}
Event: 4.725 GC heap before
{Heap before GC invocations=8 (full 0):
 garbage-first heap   total 155648K, used 94619K [0x0000000080000000, 0x0000000100000000)
  region size 1024K, 75 young (76800K), 7 survivors (7168K)
 Metaspace       used 39888K, capacity 40945K, committed 41212K, reserved 1085440K
  class space    used 5100K, capacity 5471K, committed 5504K, reserved 1048576K
}
Event: 4.736 GC heap after
{Heap after GC invocations=9 (full 0):
 garbage-first heap   total 155648K, used 28818K [0x0000000080000000, 0x0000000100000000)
  region size 1024K, 10 young (10240K), 10 survivors (10240K)
 Metaspace       used 39888K, capacity 40945K, committed 41212K, reserved 1085440K
  class space    used 5100K, capacity 5471K, committed 5504K, reserved 1048576K
}
Event: 5.769 GC heap before
{Heap before GC invocations=9 (full 0):
 garbage-first heap   total 155648K, used 108690K [0x0000000080000000, 0x0000000100000000)
  region size 1024K, 88 young (90112K), 10 survivors (10240K)
 Metaspace       used 46812K, capacity 48129K, committed 48380K, reserved 1091584K
  class space    used 6036K, capacity 6475K, committed 6528K, reserved 1048576K
}
Event: 5.782 GC heap after
{Heap after GC invocations=10 (full 0):
 garbage-first heap   total 155648K, used 31412K [0x0000000080000000, 0x0000000100000000)
  region size 1024K, 9 young (9216K), 9 survivors (9216K)
 Metaspace       used 46812K, capacity 48129K, committed 48380K, reserved 1091584K
  class space    used 6036K, capacity 6475K, committed 6528K, reserved 1048576K
}
Event: 6.763 GC heap before
{Heap before GC invocations=10 (full 0):
 garbage-first heap   total 155648K, used 122548K [0x0000000080000000, 0x0000000100000000)
  region size 1024K, 90 young (92160K), 9 survivors (9216K)
 Metaspace       used 50635K, capacity 52043K, committed 52220K, reserved 1095680K
  class space    used 6451K, capacity 6928K, committed 7040K, reserved 1048576K
}
Event: 6.777 GC heap after
{Heap after GC invocations=11 (full 0):
 garbage-first heap   total 187392K, used 52528K [0x0000000080000000, 0x0000000100000000)
  region size 1024K, 12 young (12288K), 12 survivors (12288K)
 Metaspace       used 50635K, capacity 52043K, committed 52220K, reserved 1095680K
  class space    used 6451K, capacity 6928K, committed 7040K, reserved 1048576K
}
Event: 7.555 GC heap before
{Heap before GC invocations=11 (full 0):
 garbage-first heap   total 187392K, used 105776K [0x0000000080000000, 0x0000000100000000)
  region size 1024K, 65 young (66560K), 12 survivors (12288K)
 Metaspace       used 58218K, capacity 59771K, committed 59900K, reserved 1101824K
  class space    used 7410K, capacity 7942K, committed 8064K, reserved 1048576K
}
Event: 7.577 GC heap after
{Heap after GC invocations=12 (full 0):
 garbage-first heap   total 187392K, used 55533K [0x0000000080000000, 0x0000000100000000)
  region size 1024K, 3 young (3072K), 3 survivors (3072K)
 Metaspace       used 58218K, capacity 59771K, committed 59900K, reserved 1101824K
  class space    used 7410K, capacity 7942K, committed 8064K, reserved 1048576K
}
Event: 8.670 GC heap before
{Heap before GC invocations=13 (full 0):
 garbage-first heap   total 187392K, used 127213K [0x0000000080000000, 0x0000000100000000)
  region size 1024K, 73 young (74752K), 3 survivors (3072K)
 Metaspace       used 65250K, capacity 66916K, committed 67196K, reserved 1107968K
  class space    used 8286K, capacity 8883K, committed 8960K, reserved 1048576K
}
Event: 8.680 GC heap after
{Heap after GC invocations=14 (full 0):
 garbage-first heap   total 187392K, used 60308K [0x0000000080000000, 0x0000000100000000)
  region size 1024K, 8 young (8192K), 8 survivors (8192K)
 Metaspace       used 65250K, capacity 66916K, committed 67196K, reserved 1107968K
  class space    used 8286K, capacity 8883K, committed 8960K, reserved 1048576K
}
Event: 9.347 GC heap before
{Heap before GC invocations=15 (full 0):
 garbage-first heap   total 187392K, used 133012K [0x0000000080000000, 0x0000000100000000)
  region size 1024K, 79 young (80896K), 8 survivors (8192K)
 Metaspace       used 67754K, capacity 69421K, committed 69500K, reserved 1110016K
  class space    used 8589K, capacity 9178K, committed 9216K, reserved 1048576K
}
Event: 9.356 GC heap after
{Heap after GC invocations=16 (full 0):
 garbage-first heap   total 187392K, used 65737K [0x0000000080000000, 0x0000000100000000)
  region size 1024K, 6 young (6144K), 6 survivors (6144K)
 Metaspace       used 67754K, capacity 69421K, committed 69500K, reserved 1110016K
  class space    used 8589K, capacity 9178K, committed 9216K, reserved 1048576K
}
Event: 10.469 GC heap before
{Heap before GC invocations=16 (full 0):
 garbage-first heap   total 187392K, used 137417K [0x0000000080000000, 0x0000000100000000)
  region size 1024K, 76 young (77824K), 6 survivors (6144K)
 Metaspace       used 75898K, capacity 77702K, committed 77948K, reserved 1116160K
  class space    used 9808K, capacity 10438K, committed 10496K, reserved 1048576K
}
Event: 10.479 GC heap after
{Heap after GC invocations=17 (full 0):
 garbage-first heap   total 187392K, used 69903K [0x0000000080000000, 0x0000000100000000)
  region size 1024K, 10 young (10240K), 10 survivors (10240K)
 Metaspace       used 75898K, capacity 77702K, committed 77948K, reserved 1116160K
  class space    used 9808K, capacity 10438K, committed 10496K, reserved 1048576K
}

Deoptimization events (20 events):
Event: 11.347 Thread 0x000001c9af119800 DEOPT PACKING pc=0x000001c998712956 sp=0x000000b14e7f8170
Event: 11.347 Thread 0x000001c9af119800 DEOPT UNPACKING pc=0x000001c9975b7c0e sp=0x000000b14e7f7738 mode 0
Event: 11.396 Thread 0x000001c9af119800 Uncommon trap: trap_request=0xffffffc6 fr.pc=0x000001c99f52856c relative=0x00000000000008ac
Event: 11.396 Thread 0x000001c9af119800 Uncommon trap: reason=bimorphic_or_optimized_type_check action=maybe_recompile pc=0x000001c99f52856c method=com.google.common.collect.ImmutableCollection$Builder.addAll(Ljava/lang/Iterable;)Lcom/google/common/collect/ImmutableCollection$Builder; @ 1 c2
Event: 11.396 Thread 0x000001c9af119800 DEOPT PACKING pc=0x000001c99f52856c sp=0x000000b14e7fa4f0
Event: 11.396 Thread 0x000001c9af119800 DEOPT UNPACKING pc=0x000001c9975983af sp=0x000000b14e7fa4d0 mode 2
Event: 11.396 Thread 0x000001c9af119800 Uncommon trap: trap_request=0xffffffc6 fr.pc=0x000001c99f52856c relative=0x00000000000008ac
Event: 11.396 Thread 0x000001c9af119800 Uncommon trap: reason=bimorphic_or_optimized_type_check action=maybe_recompile pc=0x000001c99f52856c method=com.google.common.collect.ImmutableCollection$Builder.addAll(Ljava/lang/Iterable;)Lcom/google/common/collect/ImmutableCollection$Builder; @ 1 c2
Event: 11.396 Thread 0x000001c9af119800 DEOPT PACKING pc=0x000001c99f52856c sp=0x000000b14e7fa4f0
Event: 11.397 Thread 0x000001c9af119800 DEOPT UNPACKING pc=0x000001c9975983af sp=0x000000b14e7fa4d0 mode 2
Event: 11.397 Thread 0x000001c9af119800 Uncommon trap: trap_request=0xffffffc6 fr.pc=0x000001c99f52856c relative=0x00000000000008ac
Event: 11.397 Thread 0x000001c9af119800 Uncommon trap: reason=bimorphic_or_optimized_type_check action=maybe_recompile pc=0x000001c99f52856c method=com.google.common.collect.ImmutableCollection$Builder.addAll(Ljava/lang/Iterable;)Lcom/google/common/collect/ImmutableCollection$Builder; @ 1 c2
Event: 11.397 Thread 0x000001c9af119800 DEOPT PACKING pc=0x000001c99f52856c sp=0x000000b14e7fa4f0
Event: 11.397 Thread 0x000001c9af119800 DEOPT UNPACKING pc=0x000001c9975983af sp=0x000000b14e7fa4d0 mode 2
Event: 11.397 Thread 0x000001c9af119800 Uncommon trap: trap_request=0xffffffc6 fr.pc=0x000001c99f52856c relative=0x00000000000008ac
Event: 11.397 Thread 0x000001c9af119800 Uncommon trap: reason=bimorphic_or_optimized_type_check action=maybe_recompile pc=0x000001c99f52856c method=com.google.common.collect.ImmutableCollection$Builder.addAll(Ljava/lang/Iterable;)Lcom/google/common/collect/ImmutableCollection$Builder; @ 1 c2
Event: 11.397 Thread 0x000001c9af119800 DEOPT PACKING pc=0x000001c99f52856c sp=0x000000b14e7fa370
Event: 11.397 Thread 0x000001c9af119800 DEOPT UNPACKING pc=0x000001c9975983af sp=0x000000b14e7fa350 mode 2
Event: 11.442 Thread 0x000001c9af119800 DEOPT PACKING pc=0x000001c9988c28a4 sp=0x000000b14e7f9190
Event: 11.442 Thread 0x000001c9af119800 DEOPT UNPACKING pc=0x000001c9975b7c0e sp=0x000000b14e7f86b0 mode 0

Classes redefined (0 events):
No events

Internal exceptions (20 events):
Event: 10.218 Thread 0x000001c9af119800 Exception <a 'java/lang/ClassNotFoundException'{0x00000000882d2098}: groovy/xml/slurpersupport/GPathResultBeanInfo> (0x00000000882d2098) thrown at [./src/hotspot/share/classfile/systemDictionary.cpp, line 231]
Event: 10.219 Thread 0x000001c9af119800 Exception <a 'java/lang/ClassNotFoundException'{0x00000000882f94d0}: groovy/xml/slurpersupport/GPathResultCustomizer> (0x00000000882f94d0) thrown at [./src/hotspot/share/classfile/systemDictionary.cpp, line 231]
Event: 10.221 Thread 0x000001c9af119800 Exception <a 'java/lang/ClassNotFoundException'{0x000000008812fc08}: groovy/xml/slurpersupport/NodeChildCustomizer> (0x000000008812fc08) thrown at [./src/hotspot/share/classfile/systemDictionary.cpp, line 231]
Event: 10.228 Thread 0x000001c9af119800 Exception <a 'java/lang/ClassNotFoundException'{0x0000000088043e40}: groovy/xml/slurpersupport/AttributesBeanInfo> (0x0000000088043e40) thrown at [./src/hotspot/share/classfile/systemDictionary.cpp, line 231]
Event: 10.228 Thread 0x000001c9af119800 Exception <a 'java/lang/ClassNotFoundException'{0x000000008806af80}: groovy/xml/slurpersupport/NodeChildrenBeanInfo> (0x000000008806af80) thrown at [./src/hotspot/share/classfile/systemDictionary.cpp, line 231]
Event: 10.229 Thread 0x000001c9af119800 Exception <a 'java/lang/ClassNotFoundException'{0x0000000088092100}: groovy/xml/slurpersupport/NodeChildrenCustomizer> (0x0000000088092100) thrown at [./src/hotspot/share/classfile/systemDictionary.cpp, line 231]
Event: 10.229 Thread 0x000001c9af119800 Exception <a 'java/lang/ClassNotFoundException'{0x00000000880bf150}: groovy/xml/slurpersupport/AttributesCustomizer> (0x00000000880bf150) thrown at [./src/hotspot/share/classfile/systemDictionary.cpp, line 231]
Event: 10.236 Thread 0x000001c9af119800 Exception <a 'java/lang/ClassNotFoundException'{0x0000000087fb8ba8}: groovy/xml/slurpersupport/AttributeBeanInfo> (0x0000000087fb8ba8) thrown at [./src/hotspot/share/classfile/systemDictionary.cpp, line 231]
Event: 10.237 Thread 0x000001c9af119800 Exception <a 'java/lang/ClassNotFoundException'{0x0000000087fdf0d8}: groovy/xml/slurpersupport/AttributeCustomizer> (0x0000000087fdf0d8) thrown at [./src/hotspot/share/classfile/systemDictionary.cpp, line 231]
Event: 10.733 Thread 0x000001c9af119800 Exception <a 'sun/nio/fs/WindowsException'{0x000000008a672fe0}> (0x000000008a672fe0) thrown at [./src/hotspot/share/prims/jni.cpp, line 615]
Event: 10.734 Thread 0x000001c9af119800 Exception <a 'sun/nio/fs/WindowsException'{0x000000008a6733a8}> (0x000000008a6733a8) thrown at [./src/hotspot/share/prims/jni.cpp, line 615]
Event: 10.858 Thread 0x000001c9af119800 Exception <a 'java/lang/NullPointerException'{0x0000000089b530d0}> (0x0000000089b530d0) thrown at [./src/hotspot/share/interpreter/linkResolver.cpp, line 1440]
Event: 10.974 Thread 0x000001c9af119800 Implicit null exception at 0x000001c99f3dccc7 to 0x000001c99f3de710
Event: 11.120 Thread 0x000001c9af119800 Exception <a 'java/lang/NoSuchMethodError'{0x0000000088805b98}: 'int java.lang.invoke.DirectMethodHandle$Holder.invokeStatic(java.lang.Object, java.lang.Object, int, java.lang.Object)'> (0x0000000088805b98) thrown at [./src/hotspot/share/interpreter/linkResolver.cpp, line 773]
Event: 11.121 Thread 0x000001c9af119800 Exception <a 'java/lang/NoSuchMethodError'{0x000000008880ca40}: 'java.lang.Object java.lang.invoke.Invokers$Holder.linkToTargetMethod(java.lang.Object, int, java.lang.Object)'> (0x000000008880ca40) thrown at [./src/hotspot/share/interpreter/linkResolver.cpp, line 773]
Event: 11.150 Thread 0x000001c9af119800 Exception <a 'sun/nio/fs/WindowsException'{0x000000008871e588}> (0x000000008871e588) thrown at [./src/hotspot/share/prims/jni.cpp, line 615]
Event: 11.151 Thread 0x000001c9af119800 Exception <a 'sun/nio/fs/WindowsException'{0x000000008871f8e0}> (0x000000008871f8e0) thrown at [./src/hotspot/share/prims/jni.cpp, line 615]
Event: 11.151 Thread 0x000001c9af119800 Exception <a 'sun/nio/fs/WindowsException'{0x0000000088720c70}> (0x0000000088720c70) thrown at [./src/hotspot/share/prims/jni.cpp, line 615]
Event: 11.151 Thread 0x000001c9af119800 Exception <a 'sun/nio/fs/WindowsException'{0x0000000088722000}> (0x0000000088722000) thrown at [./src/hotspot/share/prims/jni.cpp, line 615]
Event: 11.219 Thread 0x000001c9af119800 Implicit null exception at 0x000001c99f54abd5 to 0x000001c99f54c208

Events (20 events):
Event: 11.435 loading class org/jetbrains/kotlin/build/report/metrics/BuildPerformanceMetric
Event: 11.435 loading class org/jetbrains/kotlin/build/report/metrics/BuildPerformanceMetric done
Event: 11.436 loading class org/jetbrains/kotlin/build/report/metrics/BuildPerformanceMetric$Companion
Event: 11.436 loading class org/jetbrains/kotlin/build/report/metrics/BuildPerformanceMetric$Companion done
Event: 11.436 loading class org/jetbrains/kotlin/build/report/metrics/BuildPerformanceMetric$Companion$children$2
Event: 11.436 loading class org/jetbrains/kotlin/build/report/metrics/BuildPerformanceMetric$Companion$children$2 done
Event: 11.437 loading class org/jetbrains/kotlin/build/report/metrics/BuildAttributes
Event: 11.437 loading class org/jetbrains/kotlin/build/report/metrics/BuildAttributes done
Event: 11.437 loading class org/jetbrains/kotlin/build/report/metrics/BuildAttributes$Companion
Event: 11.437 loading class org/jetbrains/kotlin/build/report/metrics/BuildAttributes$Companion done
Event: 11.438 loading class org/jetbrains/kotlin/build/report/metrics/BuildAttribute
Event: 11.438 loading class org/jetbrains/kotlin/build/report/metrics/BuildAttribute done
Event: 11.438 loading class org/jetbrains/kotlin/build/report/metrics/BuildAttributeKind
Event: 11.438 loading class org/jetbrains/kotlin/build/report/metrics/BuildAttributeKind done
Event: 11.439 loading class org/jetbrains/kotlin/build/report/metrics/BuildAttributeKind$Companion
Event: 11.439 loading class org/jetbrains/kotlin/build/report/metrics/BuildAttributeKind$Companion done
Event: 11.439 loading class org/jetbrains/kotlin/build/report/metrics/BuildAttribute$Companion
Event: 11.439 loading class org/jetbrains/kotlin/build/report/metrics/BuildAttribute$Companion done
Event: 11.441 loading class org/gradle/api/plugins/JavaPluginExtension
Event: 11.441 loading class org/gradle/api/plugins/JavaPluginExtension done


Dynamic libraries:
0x00007ff797930000 - 0x00007ff79793a000 	D:\Program Files\Android\jre\bin\java.exe
0x00007ffa79f40000 - 0x00007ffa7a130000 	C:\Windows\SYSTEM32\ntdll.dll
0x00007ffa793e0000 - 0x00007ffa79492000 	C:\Windows\System32\KERNEL32.DLL
0x00007ffa77d50000 - 0x00007ffa77ff3000 	C:\Windows\System32\KERNELBASE.dll
0x00007ffa77b20000 - 0x00007ffa77c1a000 	C:\Windows\System32\ucrtbase.dll
0x00007ffa6fe20000 - 0x00007ffa6fe39000 	D:\Program Files\Android\jre\bin\jli.dll
0x00007ffa6ec90000 - 0x00007ffa6eca7000 	D:\Program Files\Android\jre\bin\VCRUNTIME140.dll
0x00007ffa79090000 - 0x00007ffa79224000 	C:\Windows\System32\USER32.dll
0x00007ffa76f10000 - 0x00007ffa76f31000 	C:\Windows\System32\win32u.dll
0x00007ffa78890000 - 0x00007ffa788b6000 	C:\Windows\System32\GDI32.dll
0x00007ffa77130000 - 0x00007ffa772c4000 	C:\Windows\System32\gdi32full.dll
0x00007ffa63cc0000 - 0x00007ffa63f45000 	C:\Windows\WinSxS\amd64_microsoft.windows.common-controls_6595b64144ccf1df_6.0.18362.535_none_e6c3b34713100821\COMCTL32.dll
0x00007ffa77090000 - 0x00007ffa7712e000 	C:\Windows\System32\msvcp_win.dll
0x00007ffa784a0000 - 0x00007ffa7853e000 	C:\Windows\System32\msvcrt.dll
0x00007ffa78030000 - 0x00007ffa78366000 	C:\Windows\System32\combase.dll
0x00007ffa79710000 - 0x00007ffa79830000 	C:\Windows\System32\RPCRT4.dll
0x00007ffa77c20000 - 0x00007ffa77ca0000 	C:\Windows\System32\bcryptPrimitives.dll
0x00007ffa78540000 - 0x00007ffa7856e000 	C:\Windows\System32\IMM32.DLL
0x00007ffa50c80000 - 0x00007ffa50d1d000 	D:\Program Files\Android\jre\bin\msvcp140.dll
0x00007ffa35290000 - 0x00007ffa35d65000 	D:\Program Files\Android\jre\bin\server\jvm.dll
0x00007ffa79640000 - 0x00007ffa796e3000 	C:\Windows\System32\ADVAPI32.dll
0x00007ffa783f0000 - 0x00007ffa78487000 	C:\Windows\System32\sechost.dll
0x00007ffa798e0000 - 0x00007ffa798e8000 	C:\Windows\System32\PSAPI.DLL
0x00007ffa71a30000 - 0x00007ffa71a39000 	C:\Windows\SYSTEM32\WSOCK32.dll
0x00007ffa788c0000 - 0x00007ffa7892f000 	C:\Windows\System32\WS2_32.dll
0x00007ffa74a20000 - 0x00007ffa74a44000 	C:\Windows\SYSTEM32\WINMM.dll
0x00007ffa70840000 - 0x00007ffa7084a000 	C:\Windows\SYSTEM32\VERSION.dll
0x00007ffa745a0000 - 0x00007ffa745cd000 	C:\Windows\SYSTEM32\WINMMBASE.dll
0x00007ffa77d00000 - 0x00007ffa77d4a000 	C:\Windows\System32\cfgmgr32.dll
0x00007ffa76e60000 - 0x00007ffa76e71000 	C:\Windows\System32\kernel.appcore.dll
0x00007ffa6fe40000 - 0x00007ffa6fe51000 	D:\Program Files\Android\jre\bin\verify.dll
0x00007ffa75770000 - 0x00007ffa75964000 	C:\Windows\SYSTEM32\DBGHELP.DLL
0x00007ffa60c70000 - 0x00007ffa60c9a000 	C:\Windows\SYSTEM32\dbgcore.DLL
0x00007ffa65570000 - 0x00007ffa65599000 	D:\Program Files\Android\jre\bin\java.dll
0x00007ffa71a20000 - 0x00007ffa71a2b000 	D:\Program Files\Android\jre\bin\jimage.dll
0x00007ffa6ec70000 - 0x00007ffa6ec88000 	D:\Program Files\Android\jre\bin\zip.dll
0x00007ffa78930000 - 0x00007ffa79015000 	C:\Windows\System32\SHELL32.dll
0x00007ffa78780000 - 0x00007ffa78829000 	C:\Windows\System32\shcore.dll
0x00007ffa772f0000 - 0x00007ffa77a6f000 	C:\Windows\System32\windows.storage.dll
0x00007ffa76ed0000 - 0x00007ffa76eef000 	C:\Windows\System32\profapi.dll
0x00007ffa76e80000 - 0x00007ffa76eca000 	C:\Windows\System32\powrprof.dll
0x00007ffa76e50000 - 0x00007ffa76e60000 	C:\Windows\System32\UMPDC.dll
0x00007ffa794a0000 - 0x00007ffa794f2000 	C:\Windows\System32\shlwapi.dll
0x00007ffa772d0000 - 0x00007ffa772e7000 	C:\Windows\System32\cryptsp.dll
0x00007ffa6e560000 - 0x00007ffa6e57a000 	D:\Program Files\Android\jre\bin\net.dll
0x00007ffa67470000 - 0x00007ffa67560000 	C:\Windows\SYSTEM32\WINHTTP.dll
0x00007ffa766c0000 - 0x00007ffa76727000 	C:\Windows\system32\mswsock.dll
0x00007ffa66fe0000 - 0x00007ffa66ff4000 	D:\Program Files\Android\jre\bin\nio.dll
0x00007ffa540d0000 - 0x00007ffa540f7000 	D:\ProgramsfilesD\Android\Sdk\native\e1d6ef7f7dcc3fd88c89a11ec53ec762bb8ba0a96d01ffa2cd45eb1d1d8dd5c5\windows-amd64\native-platform.dll
0x00007ffa4a870000 - 0x00007ffa4a9b4000 	D:\ProgramsfilesD\Android\Sdk\native\5664cfc778a61ccfe75a443a1ab52a65af34e5dc3c78e0209fed803814484fcb\windows-amd64\native-platform-file-events.dll
0x00007ffa6c250000 - 0x00007ffa6c25a000 	D:\Program Files\Android\jre\bin\management.dll
0x00007ffa66f90000 - 0x00007ffa66f9d000 	D:\Program Files\Android\jre\bin\management_ext.dll
0x00007ffa76230000 - 0x00007ffa76263000 	C:\Windows\system32\rsaenh.dll
0x00007ffa78000000 - 0x00007ffa78026000 	C:\Windows\System32\bcrypt.dll
0x00007ffa76d40000 - 0x00007ffa76d65000 	C:\Windows\SYSTEM32\USERENV.dll
0x00007ffa76890000 - 0x00007ffa7689c000 	C:\Windows\SYSTEM32\CRYPTBASE.dll
0x00007ffa763d0000 - 0x00007ffa7640a000 	C:\Windows\SYSTEM32\IPHLPAPI.DLL
0x00007ffa78490000 - 0x00007ffa78498000 	C:\Windows\System32\NSI.dll
0x00007ffa6e9d0000 - 0x00007ffa6e9e6000 	C:\Windows\SYSTEM32\dhcpcsvc6.DLL
0x00007ffa701d0000 - 0x00007ffa701ec000 	C:\Windows\SYSTEM32\dhcpcsvc.DLL
0x00007ffa76410000 - 0x00007ffa764da000 	C:\Windows\SYSTEM32\DNSAPI.dll

dbghelp: loaded successfully - version: 4.0.5 - missing functions: none
symbol engine: initialized successfully - sym options: 0x614 - pdb path: .;D:\Program Files\Android\jre\bin;C:\Windows\SYSTEM32;C:\Windows\WinSxS\amd64_microsoft.windows.common-controls_6595b64144ccf1df_6.0.18362.535_none_e6c3b34713100821;D:\Program Files\Android\jre\bin\server;D:\ProgramsfilesD\Android\Sdk\native\e1d6ef7f7dcc3fd88c89a11ec53ec762bb8ba0a96d01ffa2cd45eb1d1d8dd5c5\windows-amd64;D:\ProgramsfilesD\Android\Sdk\native\5664cfc778a61ccfe75a443a1ab52a65af34e5dc3c78e0209fed803814484fcb\windows-amd64

VM Arguments:
jvm_args: --add-opens=java.base/java.util=ALL-UNNAMED --add-opens=java.base/java.lang=ALL-UNNAMED --add-opens=java.base/java.lang.invoke=ALL-UNNAMED --add-opens=java.base/java.util=ALL-UNNAMED --add-opens=java.prefs/java.util.prefs=ALL-UNNAMED --add-opens=java.prefs/java.util.prefs=ALL-UNNAMED --add-opens=java.base/java.nio.charset=ALL-UNNAMED --add-opens=java.base/java.net=ALL-UNNAMED --add-opens=java.base/java.util.concurrent.atomic=ALL-UNNAMED -Xmx2048m -Dfile.encoding=UTF-8 -Duser.country=RU -Duser.language=ru -Duser.variant 
java_command: org.gradle.launcher.daemon.bootstrap.GradleDaemon 7.2
java_class_path (initial): D:\ProgramsfilesD\Android\Sdk\wrapper\dists\gradle-7.2-bin\2dnblmf4td7x66yl1d74lt32g\gradle-7.2\lib\gradle-launcher-7.2.jar
Launcher Type: SUN_STANDARD

[Global flags]
     intx CICompilerCount                          = 4                                         {product} {ergonomic}
     uint ConcGCThreads                            = 2                                         {product} {ergonomic}
     uint G1ConcRefinementThreads                  = 8                                         {product} {ergonomic}
   size_t G1HeapRegionSize                         = 1048576                                   {product} {ergonomic}
    uintx GCDrainStackTargetSize                   = 64                                        {product} {ergonomic}
   size_t InitialHeapSize                          = 132120576                                 {product} {ergonomic}
   size_t MarkStackSize                            = 4194304                                   {product} {ergonomic}
   size_t MaxHeapSize                              = 2147483648                                {product} {command line}
   size_t MaxNewSize                               = 1287651328                                {product} {ergonomic}
   size_t MinHeapDeltaBytes                        = 1048576                                   {product} {ergonomic}
    uintx NonNMethodCodeHeapSize                   = 5836300                                {pd product} {ergonomic}
    uintx NonProfiledCodeHeapSize                  = 122910970                              {pd product} {ergonomic}
    uintx ProfiledCodeHeapSize                     = 122910970                              {pd product} {ergonomic}
    uintx ReservedCodeCacheSize                    = 251658240                              {pd product} {ergonomic}
     bool SegmentedCodeCache                       = true                                      {product} {ergonomic}
     bool UseCompressedClassPointers               = true                                 {lp64_product} {ergonomic}
     bool UseCompressedOops                        = true                                 {lp64_product} {ergonomic}
     bool UseG1GC                                  = true                                      {product} {ergonomic}
     bool UseLargePagesIndividualAllocation        = false                                  {pd product} {ergonomic}

Logging:
Log output configuration:
 #0: stdout all=warning uptime,level,tags
 #1: stderr all=off uptime,level,tags

Environment Variables:
JAVA_HOME=D:\Program Files\Java
PATH=C:\PROGRA~2\Borland\CBUILD~1\Bin;C:\PROGRA~2\Borland\CBUILD~1\Projects\Bpl;C:\Program Files\Common Files\Oracle\Java\javapath;C:\Windows\system32;C:\Windows;C:\Windows\System32\Wbem;C:\Windows\System32\WindowsPowerShell\v1.0\;C:\Program Files (x86)\NVIDIA Corporation\PhysX\Common;C:\Program Files\NVIDIA Corporation\NVIDIA NvDLISR;C:\Program Files\Microsoft\Web Platform Installer\;C:\Program Files (x86)\Microsoft ASP.NET\ASP.NET Web Pages\v1.0\;C:\Program Files\Microsoft SQL Server\110\Tools\Binn\;C:\Program Files\Git\cmd;C:\Users\asus\AppData\Local\Programs\Python\Python310\Scripts\;C:\Users\asus\AppData\Local\Programs\Python\Python310\;C:\Users\asus\AppData\Local\Microsoft\WindowsApps;;D:\Program Files\JetBrains\IntelliJ IDEA Community Edition 2020.3\bin;
USERNAME=asus
OS=Windows_NT
PROCESSOR_IDENTIFIER=Intel64 Family 6 Model 126 Stepping 5, GenuineIntel



---------------  S Y S T E M  ---------------

OS: Windows 10 , 64 bit Build 18362 (10.0.18362.329)
OS uptime: 0 days 3:24 hours

CPU:total 8 (initial active 8) (4 cores per cpu, 2 threads per core) family 6 model 126 stepping 5 microcode 0x96, cmov, cx8, fxsr, mmx, sse, sse2, sse3, ssse3, sse4.1, sse4.2, popcnt, avx, avx2, aes, clmul, erms, 3dnowpref, lzcnt, ht, tsc, tscinvbit, bmi1, bmi2, adx, evex, sha, fma

Memory: 4k page, system-wide physical 7997M (1529M free)
TotalPageFile size 7997M (AvailPageFile size 5M)
current process WorkingSet (physical memory assigned to process): 436M, peak: 436M
current process commit charge ("private bytes"): 476M, peak: 477M

vm_info: OpenJDK 64-Bit Server VM (11.0.11+9-b60-7590822) for windows-amd64 JRE (11.0.11+9-b60-7590822), built on Jul 29 2021 21:43:44 by "builder" with MS VC++ 14.0 (VS2015)

END.
