#
# There is insufficient memory for the Java Runtime Environment to continue.
# Native memory allocation (mmap) failed to map 27262976 bytes for Failed to commit area from 0x0000000087e00000 to 0x0000000089800000 of length 27262976.
# Possible reasons:
#   The system is out of physical RAM or swap space
#   The process is running with CompressedOops enabled, and the Java Heap may be blocking the growth of the native heap
# Possible solutions:
#   Reduce memory load on the system
#   Increase physical memory or swap space
#   Check if swap backing store is full
#   Decrease Java heap size (-Xmx/-Xms)
#   Decrease number of Java threads
#   Decrease Java thread stack sizes (-Xss)
#   Set larger code cache with -XX:ReservedCodeCacheSize=
#   JVM is running with Unscaled Compressed Oops mode in which the Java heap is
#     placed in the first 4GB address space. The Java Heap base address is the
#     maximum limit for the native heap growth. Please use -XX:HeapBaseMinAddress
#     to set the Java Heap base and to place the Java Heap above 4GB virtual address.
# This output file may be truncated or incomplete.
#
#  Out of Memory Error (./src/hotspot/os/windows/os_windows.cpp:3301), pid=10816, tid=11008
#
# JRE version: OpenJDK Runtime Environment (11.0.11+9) (build 11.0.11+9-b60-7590822)
# Java VM: OpenJDK 64-Bit Server VM (11.0.11+9-b60-7590822, mixed mode, tiered, compressed oops, g1 gc, windows-amd64)
# No core dump will be written. Minidumps are not enabled by default on client versions of Windows
#

---------------  S U M M A R Y ------------

Command Line: --add-opens=java.base/java.util=ALL-UNNAMED --add-opens=java.base/java.lang=ALL-UNNAMED --add-opens=java.base/java.lang.invoke=ALL-UNNAMED --add-opens=java.base/java.util=ALL-UNNAMED --add-opens=java.prefs/java.util.prefs=ALL-UNNAMED --add-opens=java.prefs/java.util.prefs=ALL-UNNAMED --add-opens=java.base/java.nio.charset=ALL-UNNAMED --add-opens=java.base/java.net=ALL-UNNAMED --add-opens=java.base/java.util.concurrent.atomic=ALL-UNNAMED -Xmx2048m -Dfile.encoding=UTF-8 -Duser.country=RU -Duser.language=ru -Duser.variant org.gradle.launcher.daemon.bootstrap.GradleDaemon 7.2

Host: Intel(R) Core(TM) i7-1065G7 CPU @ 1.30GHz, 8 cores, 7G,  Windows 10 , 64 bit Build 18362 (10.0.18362.329)
Time: Fri May 13 20:22:57 2022 Caiaaiay Acey (ceia) elapsed time: 5.557360 seconds (0d 0h 0m 5s)

---------------  T H R E A D  ---------------

Current thread (0x00000218e3702800):  VMThread "VM Thread" [stack: 0x00000098adc00000,0x00000098add00000] [id=11008]

Stack: [0x00000098adc00000,0x00000098add00000]
[error occurred during error reporting (printing stack bounds), id 0xc0000005, EXCEPTION_ACCESS_VIOLATION (0xc0000005) at pc=0x00000218cc5a10e7]

Native frames: (J=compiled Java code, j=interpreted, Vv=VM code, C=native code)
V  [jvm.dll+0x5f214a]
V  [jvm.dll+0x726fb5]
V  [jvm.dll+0x7285cd]
V  [jvm.dll+0x728be5]
V  [jvm.dll+0x728b9b]
V  [jvm.dll+0x5f14e8]
V  [jvm.dll+0x5f1c78]
C  [ntdll.dll+0xa11ff]
C  [ntdll.dll+0x6a289]
C  [ntdll.dll+0x9fe6e]
C  0x00000218cc5a10e7

VM_Operation (0x00000098af0f3420): G1CollectForAllocation, mode: safepoint, requested by thread 0x00000218e60e4800


---------------  P R O C E S S  ---------------

Threads class SMR info:
_java_thread_list=0x00000218e71b9d70, length=27, elements={
0x00000218c72da000, 0x00000218e3707000, 0x00000218e3708800, 0x00000218e408b000,
0x00000218e4090800, 0x00000218e4092000, 0x00000218e371b000, 0x00000218e3721800,
0x00000218e3723000, 0x00000218e41ea800, 0x00000218e60e0800, 0x00000218e60e2000,
0x00000218e60e7000, 0x00000218e60e1800, 0x00000218e60e3000, 0x00000218e60e3800,
0x00000218e60e4800, 0x00000218e649c000, 0x00000218e60e5800, 0x00000218e60e6000,
0x00000218e6880800, 0x00000218e6883000, 0x00000218e6884800, 0x00000218e6881800,
0x00000218e6888000, 0x00000218e6886000, 0x00000218e6885800
}

Java Threads: ( => current thread )
  0x00000218c72da000 JavaThread "main" [_thread_blocked, id=10800, stack(0x00000098ad600000,0x00000098ad700000)]
  0x00000218e3707000 JavaThread "Reference Handler" daemon [_thread_blocked, id=6356, stack(0x00000098add00000,0x00000098ade00000)]
  0x00000218e3708800 JavaThread "Finalizer" daemon [_thread_blocked, id=1036, stack(0x00000098ade00000,0x00000098adf00000)]
  0x00000218e408b000 JavaThread "Signal Dispatcher" daemon [_thread_blocked, id=9260, stack(0x00000098adf00000,0x00000098ae000000)]
  0x00000218e4090800 JavaThread "Attach Listener" daemon [_thread_blocked, id=9316, stack(0x00000098ae000000,0x00000098ae100000)]
  0x00000218e4092000 JavaThread "Service Thread" daemon [_thread_blocked, id=5552, stack(0x00000098ae100000,0x00000098ae200000)]
  0x00000218e371b000 JavaThread "C2 CompilerThread0" daemon [_thread_in_native, id=9112, stack(0x00000098ae200000,0x00000098ae300000)]
  0x00000218e3721800 JavaThread "C1 CompilerThread0" daemon [_thread_blocked, id=6976, stack(0x00000098ae300000,0x00000098ae400000)]
  0x00000218e3723000 JavaThread "Sweeper thread" daemon [_thread_blocked, id=6056, stack(0x00000098ae400000,0x00000098ae500000)]
  0x00000218e41ea800 JavaThread "Common-Cleaner" daemon [_thread_blocked, id=2136, stack(0x00000098ae500000,0x00000098ae600000)]
  0x00000218e60e0800 JavaThread "Daemon health stats" [_thread_blocked, id=416, stack(0x00000098aeb00000,0x00000098aec00000)]
  0x00000218e60e2000 JavaThread "Incoming local TCP Connector on port 59804" [_thread_in_native, id=5352, stack(0x00000098ae700000,0x00000098ae800000)]
  0x00000218e60e7000 JavaThread "Daemon periodic checks" [_thread_blocked, id=4628, stack(0x00000098ae800000,0x00000098ae900000)]
  0x00000218e60e1800 JavaThread "Daemon" [_thread_blocked, id=7956, stack(0x00000098aed00000,0x00000098aee00000)]
  0x00000218e60e3000 JavaThread "Handler for socket connection from /127.0.0.1:59804 to /127.0.0.1:59805" [_thread_in_native, id=9684, stack(0x00000098aee00000,0x00000098aef00000)]
  0x00000218e60e3800 JavaThread "Cancel handler" [_thread_blocked, id=11092, stack(0x00000098aef00000,0x00000098af000000)]
  0x00000218e60e4800 JavaThread "Daemon worker" [_thread_blocked, id=7504, stack(0x00000098af000000,0x00000098af100000)]
  0x00000218e649c000 JavaThread "C2 CompilerThread1" daemon [_thread_blocked, id=10116, stack(0x00000098af100000,0x00000098af200000)]
  0x00000218e60e5800 JavaThread "Asynchronous log dispatcher for DefaultDaemonConnection: socket connection from /127.0.0.1:59804 to /127.0.0.1:59805" [_thread_blocked, id=5744, stack(0x00000098af200000,0x00000098af300000)]
  0x00000218e60e6000 JavaThread "Stdin handler" [_thread_blocked, id=6988, stack(0x00000098af300000,0x00000098af400000)]
  0x00000218e6880800 JavaThread "Daemon client event forwarder" [_thread_blocked, id=9428, stack(0x00000098af400000,0x00000098af500000)]
  0x00000218e6883000 JavaThread "Cache worker for journal cache (D:\ProgramsfilesD\Android\Sdk\caches\journal-1)" [_thread_blocked, id=10696, stack(0x00000098af500000,0x00000098af600000)]
  0x00000218e6884800 JavaThread "File lock request listener" [_thread_in_native, id=6632, stack(0x00000098af600000,0x00000098af700000)]
  0x00000218e6881800 JavaThread "Cache worker for file hash cache (D:\ProgramsfilesD\Android\Sdk\caches\7.2\fileHashes)" [_thread_blocked, id=11124, stack(0x00000098af700000,0x00000098af800000)]
  0x00000218e6888000 JavaThread "Cache worker for file hash cache (D:\NotesApp\.gradle\7.2\fileHashes)" [_thread_blocked, id=144, stack(0x00000098afd00000,0x00000098afe00000)]
  0x00000218e6886000 JavaThread "File watcher server" daemon [_thread_in_native, id=256, stack(0x00000098afe00000,0x00000098aff00000)]
  0x00000218e6885800 JavaThread "File watcher consumer" daemon [_thread_blocked, id=244, stack(0x00000098aff00000,0x00000098b0000000)]

Other Threads:
=>0x00000218e3702800 VMThread "VM Thread" [stack: 0x00000098adc00000,0x00000098add00000] [id=11008]
  0x00000218e4201800 WatcherThread [stack: 0x00000098ae600000,0x00000098ae700000] [id=1912]
  0x00000218c72f5800 GCTaskThread "GC Thread#0" [stack: 0x00000098ad700000,0x00000098ad800000] [id=7212]
  0x00000218e4eac800 GCTaskThread "GC Thread#1" [stack: 0x00000098ae900000,0x00000098aea00000] [id=2200]
  0x00000218e5189800 GCTaskThread "GC Thread#2" [stack: 0x00000098aea00000,0x00000098aeb00000] [id=10068]
  0x00000218e565f800 GCTaskThread "GC Thread#3" [stack: 0x00000098aec00000,0x00000098aed00000] [id=2772]
  0x00000218e7134800 GCTaskThread "GC Thread#4" [stack: 0x00000098af800000,0x00000098af900000] [id=1876]
  0x00000218e628d800 GCTaskThread "GC Thread#5" [stack: 0x00000098af900000,0x00000098afa00000] [id=4040]
  0x00000218e751a800 GCTaskThread "GC Thread#6" [stack: 0x00000098afa00000,0x00000098afb00000] [id=8396]
  0x00000218e6ccd800 GCTaskThread "GC Thread#7" [stack: 0x00000098afb00000,0x00000098afc00000] [id=9772]
  0x00000218c7329800 ConcurrentGCThread "G1 Main Marker" [stack: 0x00000098ad800000,0x00000098ad900000] [id=9172]
  0x00000218c732a800 ConcurrentGCThread "G1 Conc#0" [stack: 0x00000098ad900000,0x00000098ada00000] [id=5392]
  0x00000218e65b1800 ConcurrentGCThread "G1 Conc#1" [stack: 0x00000098afc00000,0x00000098afd00000] [id=10868]
  0x00000218e3550800 ConcurrentGCThread "G1 Refine#0" [stack: 0x00000098ada00000,0x00000098adb00000] [id=5348]
  0x00000218e3551800 ConcurrentGCThread "G1 Young RemSet Sampling" [stack: 0x00000098adb00000,0x00000098adc00000] [id=10812]

Threads with active compile tasks:
C2 CompilerThread0   5576 2201       4       java.lang.reflect.ProxyGenerator$ConstantPool::getIndirect (63 bytes)
C1 CompilerThread0   5576 2230       3       org.gradle.internal.service.DefaultServiceRegistry$FactoryService::createServiceInstance (18 bytes)
C2 CompilerThread1   5576 2185   !   4       java.net.URLClassLoader$1::run (63 bytes)

VM state:at safepoint (normal execution)

VM Mutex/Monitor currently owned by a thread:  ([mutex/lock_event])
[0x00000218c72d97b0] Threads_lock - owner thread: 0x00000218e3702800
[0x00000218c72d86d0] Heap_lock - owner thread: 0x00000218e60e4800

Heap address: 0x0000000080000000, size: 2048 MB, Compressed Oops mode: 32-bit
Narrow klass base: 0x0000000000000000, Narrow klass shift: 3
Compressed class space size: 1073741824 Address: 0x0000000100000000

Heap:
 garbage-first heap   total 155648K, used 19077K [0x0000000080000000, 0x0000000100000000)
  region size 1024K, 5 young (5120K), 5 survivors (5120K)
 Metaspace       used 26127K, capacity 26704K, committed 26928K, reserved 1073152K
  class space    used 3411K, capacity 3617K, committed 3712K, reserved 1048576K
Heap Regions: E=young(eden), S=young(survivor), O=old, HS=humongous(starts), HC=humongous(continues), CS=collection set, F=free, A=archive, TAMS=top-at-mark-start (previous, next)
|   0|0x0000000080000000, 0x0000000080100000, 0x0000000080100000|100%| O|  |TAMS 0x0000000080100000, 0x0000000080000000| Untracked 
|   1|0x0000000080100000, 0x0000000080200000, 0x0000000080200000|100%| O|  |TAMS 0x0000000080200000, 0x0000000080100000| Untracked 
|   2|0x0000000080200000, 0x0000000080300000, 0x0000000080300000|100%| O|  |TAMS 0x0000000080300000, 0x0000000080200000| Untracked 
|   3|0x0000000080300000, 0x0000000080400000, 0x0000000080400000|100%|HS|  |TAMS 0x0000000080400000, 0x0000000080300000| Complete 
|   4|0x0000000080400000, 0x0000000080500000, 0x0000000080500000|100%|HC|  |TAMS 0x0000000080500000, 0x0000000080400000| Complete 
|   5|0x0000000080500000, 0x0000000080600000, 0x0000000080600000|100%|HC|  |TAMS 0x0000000080600000, 0x0000000080500000| Complete 
|   6|0x0000000080600000, 0x0000000080700000, 0x0000000080700000|100%| O|  |TAMS 0x0000000080700000, 0x0000000080600000| Untracked 
|   7|0x0000000080700000, 0x0000000080800000, 0x0000000080800000|100%| O|  |TAMS 0x0000000080800000, 0x0000000080700000| Untracked 
|   8|0x0000000080800000, 0x0000000080900000, 0x0000000080900000|100%| O|  |TAMS 0x0000000080900000, 0x0000000080800000| Untracked 
|   9|0x0000000080900000, 0x0000000080a00000, 0x0000000080a00000|100%| O|  |TAMS 0x0000000080a00000, 0x0000000080900000| Untracked 
|  10|0x0000000080a00000, 0x0000000080b00000, 0x0000000080b00000|100%| O|  |TAMS 0x0000000080b00000, 0x0000000080a00000| Untracked 
|  11|0x0000000080b00000, 0x0000000080c00000, 0x0000000080c00000|100%| O|  |TAMS 0x0000000080c00000, 0x0000000080b00000| Untracked 
|  12|0x0000000080c00000, 0x0000000080d00000, 0x0000000080d00000|100%| O|  |TAMS 0x0000000080d00000, 0x0000000080c00000| Untracked 
|  13|0x0000000080d00000, 0x0000000080e00000, 0x0000000080e00000|100%| O|  |TAMS 0x0000000080e00000, 0x0000000080d00000| Untracked 
|  14|0x0000000080e00000, 0x0000000080e8a000, 0x0000000080f00000| 53%| O|  |TAMS 0x0000000080e8a000, 0x0000000080e00000| Untracked 
|  15|0x0000000080f00000, 0x0000000080f00000, 0x0000000081000000|  0%| F|  |TAMS 0x0000000080f00000, 0x0000000080f00000| Untracked 
|  16|0x0000000081000000, 0x0000000081000000, 0x0000000081100000|  0%| F|  |TAMS 0x0000000081000000, 0x0000000081000000| Untracked 
|  17|0x0000000081100000, 0x0000000081100000, 0x0000000081200000|  0%| F|  |TAMS 0x0000000081100000, 0x0000000081100000| Untracked 
|  18|0x0000000081200000, 0x0000000081200000, 0x0000000081300000|  0%| F|  |TAMS 0x0000000081200000, 0x0000000081200000| Untracked 
|  19|0x0000000081300000, 0x0000000081300000, 0x0000000081400000|  0%| F|  |TAMS 0x0000000081300000, 0x0000000081300000| Untracked 
|  20|0x0000000081400000, 0x0000000081400000, 0x0000000081500000|  0%| F|  |TAMS 0x0000000081400000, 0x0000000081400000| Untracked 
|  21|0x0000000081500000, 0x0000000081500000, 0x0000000081600000|  0%| F|  |TAMS 0x0000000081500000, 0x0000000081500000| Untracked 
|  22|0x0000000081600000, 0x0000000081600000, 0x0000000081700000|  0%| F|  |TAMS 0x0000000081600000, 0x0000000081600000| Untracked 
|  23|0x0000000081700000, 0x0000000081700000, 0x0000000081800000|  0%| F|  |TAMS 0x0000000081700000, 0x0000000081700000| Untracked 
|  24|0x0000000081800000, 0x0000000081800000, 0x0000000081900000|  0%| F|  |TAMS 0x0000000081800000, 0x0000000081800000| Untracked 
|  25|0x0000000081900000, 0x0000000081900000, 0x0000000081a00000|  0%| F|  |TAMS 0x0000000081900000, 0x0000000081900000| Untracked 
|  26|0x0000000081a00000, 0x0000000081a00000, 0x0000000081b00000|  0%| F|  |TAMS 0x0000000081a00000, 0x0000000081a00000| Untracked 
|  27|0x0000000081b00000, 0x0000000081b00000, 0x0000000081c00000|  0%| F|  |TAMS 0x0000000081b00000, 0x0000000081b00000| Untracked 
|  28|0x0000000081c00000, 0x0000000081c00000, 0x0000000081d00000|  0%| F|  |TAMS 0x0000000081c00000, 0x0000000081c00000| Untracked 
|  29|0x0000000081d00000, 0x0000000081d00000, 0x0000000081e00000|  0%| F|  |TAMS 0x0000000081d00000, 0x0000000081d00000| Untracked 
|  30|0x0000000081e00000, 0x0000000081e00000, 0x0000000081f00000|  0%| F|  |TAMS 0x0000000081e00000, 0x0000000081e00000| Untracked 
|  31|0x0000000081f00000, 0x0000000081f00000, 0x0000000082000000|  0%| F|  |TAMS 0x0000000081f00000, 0x0000000081f00000| Untracked 
|  32|0x0000000082000000, 0x0000000082000000, 0x0000000082100000|  0%| F|  |TAMS 0x0000000082000000, 0x0000000082000000| Untracked 
|  33|0x0000000082100000, 0x0000000082100000, 0x0000000082200000|  0%| F|  |TAMS 0x0000000082100000, 0x0000000082100000| Untracked 
|  34|0x0000000082200000, 0x0000000082200000, 0x0000000082300000|  0%| F|  |TAMS 0x0000000082200000, 0x0000000082200000| Untracked 
|  35|0x0000000082300000, 0x0000000082300000, 0x0000000082400000|  0%| F|  |TAMS 0x0000000082300000, 0x0000000082300000| Untracked 
|  36|0x0000000082400000, 0x0000000082400000, 0x0000000082500000|  0%| F|  |TAMS 0x0000000082400000, 0x0000000082400000| Untracked 
|  37|0x0000000082500000, 0x0000000082500000, 0x0000000082600000|  0%| F|  |TAMS 0x0000000082500000, 0x0000000082500000| Untracked 
|  38|0x0000000082600000, 0x0000000082600000, 0x0000000082700000|  0%| F|  |TAMS 0x0000000082600000, 0x0000000082600000| Untracked 
|  39|0x0000000082700000, 0x0000000082700000, 0x0000000082800000|  0%| F|  |TAMS 0x0000000082700000, 0x0000000082700000| Untracked 
|  40|0x0000000082800000, 0x0000000082800000, 0x0000000082900000|  0%| F|  |TAMS 0x0000000082800000, 0x0000000082800000| Untracked 
|  41|0x0000000082900000, 0x0000000082900000, 0x0000000082a00000|  0%| F|  |TAMS 0x0000000082900000, 0x0000000082900000| Untracked 
|  42|0x0000000082a00000, 0x0000000082a00000, 0x0000000082b00000|  0%| F|  |TAMS 0x0000000082a00000, 0x0000000082a00000| Untracked 
|  43|0x0000000082b00000, 0x0000000082b00000, 0x0000000082c00000|  0%| F|  |TAMS 0x0000000082b00000, 0x0000000082b00000| Untracked 
|  44|0x0000000082c00000, 0x0000000082c00000, 0x0000000082d00000|  0%| F|  |TAMS 0x0000000082c00000, 0x0000000082c00000| Untracked 
|  45|0x0000000082d00000, 0x0000000082d00000, 0x0000000082e00000|  0%| F|  |TAMS 0x0000000082d00000, 0x0000000082d00000| Untracked 
|  46|0x0000000082e00000, 0x0000000082e00000, 0x0000000082f00000|  0%| F|  |TAMS 0x0000000082e00000, 0x0000000082e00000| Untracked 
|  47|0x0000000082f00000, 0x0000000082f00000, 0x0000000083000000|  0%| F|  |TAMS 0x0000000082f00000, 0x0000000082f00000| Untracked 
|  48|0x0000000083000000, 0x0000000083000000, 0x0000000083100000|  0%| F|  |TAMS 0x0000000083000000, 0x0000000083000000| Untracked 
|  49|0x0000000083100000, 0x0000000083100000, 0x0000000083200000|  0%| F|  |TAMS 0x0000000083100000, 0x0000000083100000| Untracked 
|  50|0x0000000083200000, 0x0000000083200000, 0x0000000083300000|  0%| F|  |TAMS 0x0000000083200000, 0x0000000083200000| Untracked 
|  51|0x0000000083300000, 0x0000000083300000, 0x0000000083400000|  0%| F|  |TAMS 0x0000000083300000, 0x0000000083300000| Untracked 
|  52|0x0000000083400000, 0x0000000083400000, 0x0000000083500000|  0%| F|  |TAMS 0x0000000083400000, 0x0000000083400000| Untracked 
|  53|0x0000000083500000, 0x0000000083500000, 0x0000000083600000|  0%| F|  |TAMS 0x0000000083500000, 0x0000000083500000| Untracked 
|  54|0x0000000083600000, 0x0000000083600000, 0x0000000083700000|  0%| F|  |TAMS 0x0000000083600000, 0x0000000083600000| Untracked 
|  55|0x0000000083700000, 0x0000000083700000, 0x0000000083800000|  0%| F|  |TAMS 0x0000000083700000, 0x0000000083700000| Untracked 
|  56|0x0000000083800000, 0x0000000083800000, 0x0000000083900000|  0%| F|  |TAMS 0x0000000083800000, 0x0000000083800000| Untracked 
|  57|0x0000000083900000, 0x0000000083900000, 0x0000000083a00000|  0%| F|  |TAMS 0x0000000083900000, 0x0000000083900000| Untracked 
|  58|0x0000000083a00000, 0x0000000083a00000, 0x0000000083b00000|  0%| F|  |TAMS 0x0000000083a00000, 0x0000000083a00000| Untracked 
|  59|0x0000000083b00000, 0x0000000083b00000, 0x0000000083c00000|  0%| F|  |TAMS 0x0000000083b00000, 0x0000000083b00000| Untracked 
|  60|0x0000000083c00000, 0x0000000083c00000, 0x0000000083d00000|  0%| F|  |TAMS 0x0000000083c00000, 0x0000000083c00000| Untracked 
|  61|0x0000000083d00000, 0x0000000083d00000, 0x0000000083e00000|  0%| F|  |TAMS 0x0000000083d00000, 0x0000000083d00000| Untracked 
|  62|0x0000000083e00000, 0x0000000083e00000, 0x0000000083f00000|  0%| F|  |TAMS 0x0000000083e00000, 0x0000000083e00000| Untracked 
|  63|0x0000000083f00000, 0x0000000083f00000, 0x0000000084000000|  0%| F|  |TAMS 0x0000000083f00000, 0x0000000083f00000| Untracked 
|  64|0x0000000084000000, 0x0000000084000000, 0x0000000084100000|  0%| F|  |TAMS 0x0000000084000000, 0x0000000084000000| Untracked 
|  65|0x0000000084100000, 0x0000000084100000, 0x0000000084200000|  0%| F|  |TAMS 0x0000000084100000, 0x0000000084100000| Untracked 
|  66|0x0000000084200000, 0x00000000842176a0, 0x0000000084300000|  9%| S|CS|TAMS 0x0000000084200000, 0x0000000084200000| Complete 
|  67|0x0000000084300000, 0x0000000084400000, 0x0000000084400000|100%| S|CS|TAMS 0x0000000084300000, 0x0000000084300000| Complete 
|  68|0x0000000084400000, 0x0000000084500000, 0x0000000084500000|100%| S|CS|TAMS 0x0000000084400000, 0x0000000084400000| Complete 
|  69|0x0000000084500000, 0x0000000084600000, 0x0000000084600000|100%| S|CS|TAMS 0x0000000084500000, 0x0000000084500000| Complete 
|  70|0x0000000084600000, 0x0000000084700000, 0x0000000084700000|100%| S|CS|TAMS 0x0000000084600000, 0x0000000084600000| Complete 
|  71|0x0000000084700000, 0x0000000084700000, 0x0000000084800000|  0%| F|  |TAMS 0x0000000084700000, 0x0000000084700000| Untracked 
|  72|0x0000000084800000, 0x0000000084800000, 0x0000000084900000|  0%| F|  |TAMS 0x0000000084800000, 0x0000000084800000| Untracked 
|  73|0x0000000084900000, 0x0000000084900000, 0x0000000084a00000|  0%| F|  |TAMS 0x0000000084900000, 0x0000000084900000| Untracked 
|  74|0x0000000084a00000, 0x0000000084a00000, 0x0000000084b00000|  0%| F|  |TAMS 0x0000000084a00000, 0x0000000084a00000| Untracked 
|  75|0x0000000084b00000, 0x0000000084b00000, 0x0000000084c00000|  0%| F|  |TAMS 0x0000000084b00000, 0x0000000084b00000| Untracked 
|  76|0x0000000084c00000, 0x0000000084c00000, 0x0000000084d00000|  0%| F|  |TAMS 0x0000000084c00000, 0x0000000084c00000| Untracked 
|  77|0x0000000084d00000, 0x0000000084d00000, 0x0000000084e00000|  0%| F|  |TAMS 0x0000000084d00000, 0x0000000084d00000| Untracked 
|  78|0x0000000084e00000, 0x0000000084e00000, 0x0000000084f00000|  0%| F|  |TAMS 0x0000000084e00000, 0x0000000084e00000| Untracked 
|  79|0x0000000084f00000, 0x0000000084f00000, 0x0000000085000000|  0%| F|  |TAMS 0x0000000084f00000, 0x0000000084f00000| Untracked 
|  80|0x0000000085000000, 0x0000000085000000, 0x0000000085100000|  0%| F|  |TAMS 0x0000000085000000, 0x0000000085000000| Untracked 
|  81|0x0000000085100000, 0x0000000085100000, 0x0000000085200000|  0%| F|  |TAMS 0x0000000085100000, 0x0000000085100000| Untracked 
|  82|0x0000000085200000, 0x0000000085200000, 0x0000000085300000|  0%| F|  |TAMS 0x0000000085200000, 0x0000000085200000| Untracked 
|  83|0x0000000085300000, 0x0000000085300000, 0x0000000085400000|  0%| F|  |TAMS 0x0000000085300000, 0x0000000085300000| Untracked 
|  84|0x0000000085400000, 0x0000000085400000, 0x0000000085500000|  0%| F|  |TAMS 0x0000000085400000, 0x0000000085400000| Untracked 
|  85|0x0000000085500000, 0x0000000085500000, 0x0000000085600000|  0%| F|  |TAMS 0x0000000085500000, 0x0000000085500000| Untracked 
|  86|0x0000000085600000, 0x0000000085600000, 0x0000000085700000|  0%| F|  |TAMS 0x0000000085600000, 0x0000000085600000| Untracked 
|  87|0x0000000085700000, 0x0000000085700000, 0x0000000085800000|  0%| F|  |TAMS 0x0000000085700000, 0x0000000085700000| Untracked 
|  88|0x0000000085800000, 0x0000000085800000, 0x0000000085900000|  0%| F|  |TAMS 0x0000000085800000, 0x0000000085800000| Untracked 
|  89|0x0000000085900000, 0x0000000085900000, 0x0000000085a00000|  0%| F|  |TAMS 0x0000000085900000, 0x0000000085900000| Untracked 
|  90|0x0000000085a00000, 0x0000000085a00000, 0x0000000085b00000|  0%| F|  |TAMS 0x0000000085a00000, 0x0000000085a00000| Untracked 
|  91|0x0000000085b00000, 0x0000000085b00000, 0x0000000085c00000|  0%| F|  |TAMS 0x0000000085b00000, 0x0000000085b00000| Untracked 
|  92|0x0000000085c00000, 0x0000000085c00000, 0x0000000085d00000|  0%| F|  |TAMS 0x0000000085c00000, 0x0000000085c00000| Untracked 
|  93|0x0000000085d00000, 0x0000000085d00000, 0x0000000085e00000|  0%| F|  |TAMS 0x0000000085d00000, 0x0000000085d00000| Untracked 
|  94|0x0000000085e00000, 0x0000000085e00000, 0x0000000085f00000|  0%| F|  |TAMS 0x0000000085e00000, 0x0000000085e00000| Untracked 
|  95|0x0000000085f00000, 0x0000000085f00000, 0x0000000086000000|  0%| F|  |TAMS 0x0000000085f00000, 0x0000000085f00000| Untracked 
|  96|0x0000000086000000, 0x0000000086000000, 0x0000000086100000|  0%| F|  |TAMS 0x0000000086000000, 0x0000000086000000| Untracked 
|  97|0x0000000086100000, 0x0000000086100000, 0x0000000086200000|  0%| F|  |TAMS 0x0000000086100000, 0x0000000086100000| Untracked 
|  98|0x0000000086200000, 0x0000000086200000, 0x0000000086300000|  0%| F|  |TAMS 0x0000000086200000, 0x0000000086200000| Untracked 
|  99|0x0000000086300000, 0x0000000086300000, 0x0000000086400000|  0%| F|  |TAMS 0x0000000086300000, 0x0000000086300000| Untracked 
| 100|0x0000000086400000, 0x0000000086400000, 0x0000000086500000|  0%| F|  |TAMS 0x0000000086400000, 0x0000000086400000| Untracked 
| 101|0x0000000086500000, 0x0000000086500000, 0x0000000086600000|  0%| F|  |TAMS 0x0000000086500000, 0x0000000086500000| Untracked 
| 102|0x0000000086600000, 0x0000000086600000, 0x0000000086700000|  0%| F|  |TAMS 0x0000000086600000, 0x0000000086600000| Untracked 
| 103|0x0000000086700000, 0x0000000086700000, 0x0000000086800000|  0%| F|  |TAMS 0x0000000086700000, 0x0000000086700000| Untracked 
| 104|0x0000000086800000, 0x0000000086800000, 0x0000000086900000|  0%| F|  |TAMS 0x0000000086800000, 0x0000000086800000| Untracked 
| 105|0x0000000086900000, 0x0000000086900000, 0x0000000086a00000|  0%| F|  |TAMS 0x0000000086900000, 0x0000000086900000| Untracked 
| 106|0x0000000086a00000, 0x0000000086a00000, 0x0000000086b00000|  0%| F|  |TAMS 0x0000000086a00000, 0x0000000086a00000| Untracked 
| 107|0x0000000086b00000, 0x0000000086b00000, 0x0000000086c00000|  0%| F|  |TAMS 0x0000000086b00000, 0x0000000086b00000| Untracked 
| 108|0x0000000086c00000, 0x0000000086c00000, 0x0000000086d00000|  0%| F|  |TAMS 0x0000000086c00000, 0x0000000086c00000| Untracked 
| 109|0x0000000086d00000, 0x0000000086d00000, 0x0000000086e00000|  0%| F|  |TAMS 0x0000000086d00000, 0x0000000086d00000| Untracked 
| 110|0x0000000086e00000, 0x0000000086e00000, 0x0000000086f00000|  0%| F|  |TAMS 0x0000000086e00000, 0x0000000086e00000| Untracked 
| 111|0x0000000086f00000, 0x0000000086f00000, 0x0000000087000000|  0%| F|  |TAMS 0x0000000086f00000, 0x0000000086f00000| Untracked 
| 112|0x0000000087000000, 0x0000000087000000, 0x0000000087100000|  0%| F|  |TAMS 0x0000000087000000, 0x0000000087000000| Untracked 
| 113|0x0000000087100000, 0x0000000087100000, 0x0000000087200000|  0%| F|  |TAMS 0x0000000087100000, 0x0000000087100000| Untracked 
| 114|0x0000000087200000, 0x0000000087200000, 0x0000000087300000|  0%| F|  |TAMS 0x0000000087200000, 0x0000000087200000| Untracked 
| 115|0x0000000087300000, 0x0000000087300000, 0x0000000087400000|  0%| F|  |TAMS 0x0000000087300000, 0x0000000087300000| Untracked 
| 116|0x0000000087400000, 0x0000000087400000, 0x0000000087500000|  0%| F|  |TAMS 0x0000000087400000, 0x0000000087400000| Untracked 
| 117|0x0000000087500000, 0x0000000087500000, 0x0000000087600000|  0%| F|  |TAMS 0x0000000087500000, 0x0000000087500000| Untracked 
| 118|0x0000000087600000, 0x0000000087600000, 0x0000000087700000|  0%| F|  |TAMS 0x0000000087600000, 0x0000000087600000| Untracked 
| 119|0x0000000087700000, 0x0000000087700000, 0x0000000087800000|  0%| F|  |TAMS 0x0000000087700000, 0x0000000087700000| Untracked 
| 120|0x0000000087800000, 0x0000000087800000, 0x0000000087900000|  0%| F|  |TAMS 0x0000000087800000, 0x0000000087800000| Untracked 
| 121|0x0000000087900000, 0x0000000087900000, 0x0000000087a00000|  0%| F|  |TAMS 0x0000000087900000, 0x0000000087900000| Untracked 
| 122|0x0000000087a00000, 0x0000000087a00000, 0x0000000087b00000|  0%| F|  |TAMS 0x0000000087a00000, 0x0000000087a00000| Untracked 
| 123|0x0000000087b00000, 0x0000000087b00000, 0x0000000087c00000|  0%| F|  |TAMS 0x0000000087b00000, 0x0000000087b00000| Untracked 
| 124|0x0000000087c00000, 0x0000000087c00000, 0x0000000087d00000|  0%| F|  |TAMS 0x0000000087c00000, 0x0000000087c00000| Untracked 
| 125|0x0000000087d00000, 0x0000000087d00000, 0x0000000087e00000|  0%| F|  |TAMS 0x0000000087d00000, 0x0000000087d00000| Untracked 

Card table byte_map: [0x00000218dc420000,0x00000218dc820000] _byte_map_base: 0x00000218dc020000

Marking Bits (Prev, Next): (CMBitMap*) 0x00000218c73207f0, (CMBitMap*) 0x00000218c73207b8
 Prev Bits: [0x00000218dec20000, 0x00000218e0c20000)
 Next Bits: [0x00000218dcc20000, 0x00000218dec20000)

Polling page: 0x00000218c73b0000

Metaspace:

Usage:
  Non-class:     22.55 MB capacity,    22.18 MB ( 98%) used,   322.43 KB (  1%) free+waste,    48.69 KB ( <1%) overhead. 
      Class:      3.53 MB capacity,     3.33 MB ( 94%) used,   181.11 KB (  5%) free+waste,    24.44 KB ( <1%) overhead. 
       Both:     26.08 MB capacity,    25.51 MB ( 98%) used,   503.54 KB (  2%) free+waste,    73.13 KB ( <1%) overhead. 

Virtual space:
  Non-class space:       24.00 MB reserved,      22.67 MB ( 94%) committed 
      Class space:        1.00 GB reserved,       3.63 MB ( <1%) committed 
             Both:        1.02 GB reserved,      26.30 MB (  3%) committed 

Chunk freelists:
   Non-Class:  1.00 KB
       Class:  31.00 KB
        Both:  32.00 KB

MaxMetaspaceSize: 17179869184.00 GB
CompressedClassSpaceSize: 1.00 GB

CodeHeap 'non-profiled nmethods': size=120000Kb used=1190Kb max_used=1190Kb free=118809Kb
 bounds [0x00000218d4070000, 0x00000218d42e0000, 0x00000218db5a0000]
CodeHeap 'profiled nmethods': size=120000Kb used=4668Kb max_used=4668Kb free=115331Kb
 bounds [0x00000218ccb40000, 0x00000218ccfd0000, 0x00000218d4070000]
CodeHeap 'non-nmethods': size=5760Kb used=1173Kb max_used=1210Kb free=4586Kb
 bounds [0x00000218cc5a0000, 0x00000218cc810000, 0x00000218ccb40000]
 total_blobs=2727 nmethods=2225 adapters=413
 compilation: enabled
              stopped_count=0, restarted_count=0
 full_count=0

Compilation events (20 events):
Event: 5.479 Thread 0x00000218e3721800 nmethod 2223 0x00000218ccfc5c90 code [0x00000218ccfc5e40, 0x00000218ccfc5f68]
Event: 5.479 Thread 0x00000218e3721800 2224       3       java.util.concurrent.ConcurrentHashMap$EntryIterator::next (51 bytes)
Event: 5.480 Thread 0x00000218e3721800 nmethod 2224 0x00000218ccfc6010 code [0x00000218ccfc6200, 0x00000218ccfc66f8]
Event: 5.506 Thread 0x00000218e371b000 nmethod 1999 0x00000218d418c490 code [0x00000218d418cb00, 0x00000218d4194e48]
Event: 5.507 Thread 0x00000218e371b000 2205       4       com.google.common.base.CharMatcher::indexIn (48 bytes)
Event: 5.512 Thread 0x00000218e3721800 2225       3       jdk.internal.loader.Resource::getByteBuffer (24 bytes)
Event: 5.512 Thread 0x00000218e3721800 nmethod 2225 0x00000218ccfc6890 code [0x00000218ccfc6a80, 0x00000218ccfc71d8]
Event: 5.512 Thread 0x00000218e3721800 2226       3       java.security.SecureClassLoader::defineClass (16 bytes)
Event: 5.513 Thread 0x00000218e3721800 nmethod 2226 0x00000218ccfc7310 code [0x00000218ccfc74e0, 0x00000218ccfc7678]
Event: 5.518 Thread 0x00000218e371b000 nmethod 2205 0x00000218d4199310 code [0x00000218d41994e0, 0x00000218d4199778]
Event: 5.518 Thread 0x00000218e371b000 2201       4       java.lang.reflect.ProxyGenerator$ConstantPool::getIndirect (63 bytes)
Event: 5.520 Thread 0x00000218e3721800 2227       3       sun.reflect.generics.parser.SignatureParser::init (16 bytes)
Event: 5.521 Thread 0x00000218e3721800 nmethod 2227 0x00000218ccfc7790 code [0x00000218ccfc7940, 0x00000218ccfc7a98]
Event: 5.521 Thread 0x00000218e3721800 2228       3       java.lang.reflect.Method::acquireMethodAccessor (44 bytes)
Event: 5.522 Thread 0x00000218e3721800 nmethod 2228 0x00000218ccfc7b10 code [0x00000218ccfc7d00, 0x00000218ccfc81d8]
Event: 5.534 Thread 0x00000218e3721800 2229   !   3       org.gradle.internal.service.DefaultServiceRegistry$FactoryService::bind (283 bytes)
Event: 5.542 Thread 0x00000218e3721800 nmethod 2229 0x00000218ccfc8390 code [0x00000218ccfc8aa0, 0x00000218ccfcd108]
Event: 5.542 Thread 0x00000218e3721800 2231       3       org.gradle.internal.service.DefaultServiceRegistry$FactoryService::assembleParameters (58 bytes)
Event: 5.543 Thread 0x00000218e3721800 nmethod 2231 0x00000218ccfce810 code [0x00000218ccfcea00, 0x00000218ccfcefe8]
Event: 5.543 Thread 0x00000218e3721800 2230       3       org.gradle.internal.service.DefaultServiceRegistry$FactoryService::createServiceInstance (18 bytes)

GC Heap History (9 events):
Event: 1.387 GC heap before
{Heap before GC invocations=0 (full 0):
 garbage-first heap   total 129024K, used 30720K [0x0000000080000000, 0x0000000100000000)
  region size 1024K, 24 young (24576K), 0 survivors (0K)
 Metaspace       used 10222K, capacity 10493K, committed 10624K, reserved 1058816K
  class space    used 1072K, capacity 1139K, committed 1152K, reserved 1048576K
}
Event: 1.398 GC heap after
{Heap after GC invocations=1 (full 0):
 garbage-first heap   total 129024K, used 9154K [0x0000000080000000, 0x0000000100000000)
  region size 1024K, 3 young (3072K), 3 survivors (3072K)
 Metaspace       used 10222K, capacity 10493K, committed 10624K, reserved 1058816K
  class space    used 1072K, capacity 1139K, committed 1152K, reserved 1048576K
}
Event: 1.680 GC heap before
{Heap before GC invocations=1 (full 0):
 garbage-first heap   total 129024K, used 22466K [0x0000000080000000, 0x0000000100000000)
  region size 1024K, 16 young (16384K), 3 survivors (3072K)
 Metaspace       used 11132K, capacity 11384K, committed 11520K, reserved 1058816K
  class space    used 1174K, capacity 1244K, committed 1280K, reserved 1048576K
}
Event: 1.686 GC heap after
{Heap after GC invocations=2 (full 0):
 garbage-first heap   total 129024K, used 9951K [0x0000000080000000, 0x0000000100000000)
  region size 1024K, 1 young (1024K), 1 survivors (1024K)
 Metaspace       used 11132K, capacity 11384K, committed 11520K, reserved 1058816K
  class space    used 1174K, capacity 1244K, committed 1280K, reserved 1048576K
}
Event: 2.374 GC heap before
{Heap before GC invocations=2 (full 0):
 garbage-first heap   total 129024K, used 51935K [0x0000000080000000, 0x0000000100000000)
  region size 1024K, 42 young (43008K), 1 survivors (1024K)
 Metaspace       used 13602K, capacity 13979K, committed 14208K, reserved 1062912K
  class space    used 1510K, capacity 1621K, committed 1664K, reserved 1048576K
}
Event: 2.381 GC heap after
{Heap after GC invocations=3 (full 0):
 garbage-first heap   total 129024K, used 15476K [0x0000000080000000, 0x0000000100000000)
  region size 1024K, 6 young (6144K), 6 survivors (6144K)
 Metaspace       used 13602K, capacity 13979K, committed 14208K, reserved 1062912K
  class space    used 1510K, capacity 1621K, committed 1664K, reserved 1048576K
}
Event: 4.214 GC heap before
{Heap before GC invocations=3 (full 0):
 garbage-first heap   total 129024K, used 59508K [0x0000000080000000, 0x0000000100000000)
  region size 1024K, 50 young (51200K), 6 survivors (6144K)
 Metaspace       used 20645K, capacity 21105K, committed 21296K, reserved 1069056K
  class space    used 2531K, capacity 2659K, committed 2688K, reserved 1048576K
}
Event: 4.229 GC heap after
{Heap after GC invocations=4 (full 0):
 garbage-first heap   total 129024K, used 17059K [0x0000000080000000, 0x0000000100000000)
  region size 1024K, 3 young (3072K), 3 survivors (3072K)
 Metaspace       used 20645K, capacity 21105K, committed 21296K, reserved 1069056K
  class space    used 2531K, capacity 2659K, committed 2688K, reserved 1048576K
}
Event: 5.543 GC heap before
{Heap before GC invocations=5 (full 0):
 garbage-first heap   total 129024K, used 70307K [0x0000000080000000, 0x0000000100000000)
  region size 1024K, 55 young (56320K), 3 survivors (3072K)
 Metaspace       used 26127K, capacity 26704K, committed 26928K, reserved 1073152K
  class space    used 3411K, capacity 3617K, committed 3712K, reserved 1048576K
}

Deoptimization events (20 events):
Event: 4.823 Thread 0x00000218e60e4800 Uncommon trap: trap_request=0xffffff4d fr.pc=0x00000218d414037c relative=0x000000000000023c
Event: 4.823 Thread 0x00000218e60e4800 Uncommon trap: reason=unstable_if action=reinterpret pc=0x00000218d414037c method=java.util.concurrent.ConcurrentHashMap.get(Ljava/lang/Object;)Ljava/lang/Object; @ 76 c2
Event: 4.823 Thread 0x00000218e60e4800 DEOPT PACKING pc=0x00000218d414037c sp=0x00000098af0f98c0
Event: 4.823 Thread 0x00000218e60e4800 DEOPT UNPACKING pc=0x00000218cc5a83af sp=0x00000098af0f9828 mode 2
Event: 5.368 Thread 0x00000218e60e4800 Uncommon trap: trap_request=0xffffff7e fr.pc=0x00000218d4185e9c relative=0x000000000000015c
Event: 5.368 Thread 0x00000218e60e4800 Uncommon trap: reason=predicate action=maybe_recompile pc=0x00000218d4185e9c method=com.google.common.base.CharMatcher.indexIn(Ljava/lang/CharSequence;I)I @ 19 c2
Event: 5.368 Thread 0x00000218e60e4800 DEOPT PACKING pc=0x00000218d4185e9c sp=0x00000098af0fb5c0
Event: 5.368 Thread 0x00000218e60e4800 DEOPT UNPACKING pc=0x00000218cc5a83af sp=0x00000098af0fb550 mode 2
Event: 5.389 Thread 0x00000218e60e4800 Uncommon trap: trap_request=0xffffff4d fr.pc=0x00000218d410d3bc relative=0x00000000000013fc
Event: 5.389 Thread 0x00000218e60e4800 Uncommon trap: reason=unstable_if action=reinterpret pc=0x00000218d410d3bc method=java.util.concurrent.ConcurrentHashMap.putVal(Ljava/lang/Object;Ljava/lang/Object;Z)Ljava/lang/Object; @ 231 c2
Event: 5.389 Thread 0x00000218e60e4800 DEOPT PACKING pc=0x00000218d410d3bc sp=0x00000098af0fc690
Event: 5.389 Thread 0x00000218e60e4800 DEOPT UNPACKING pc=0x00000218cc5a83af sp=0x00000098af0fc610 mode 2
Event: 5.437 Thread 0x00000218e60e4800 Uncommon trap: trap_request=0xffffffde fr.pc=0x00000218d418395c relative=0x000000000000031c
Event: 5.437 Thread 0x00000218e60e4800 Uncommon trap: reason=class_check action=maybe_recompile pc=0x00000218d418395c method=java.util.Collections$SetFromMap.remove(Ljava/lang/Object;)Z @ 5 c2
Event: 5.437 Thread 0x00000218e60e4800 DEOPT PACKING pc=0x00000218d418395c sp=0x00000098af0fc680
Event: 5.437 Thread 0x00000218e60e4800 DEOPT UNPACKING pc=0x00000218cc5a83af sp=0x00000098af0fc668 mode 2
Event: 5.437 Thread 0x00000218e60e4800 Uncommon trap: trap_request=0xffffffde fr.pc=0x00000218d418395c relative=0x000000000000031c
Event: 5.437 Thread 0x00000218e60e4800 Uncommon trap: reason=class_check action=maybe_recompile pc=0x00000218d418395c method=java.util.Collections$SetFromMap.remove(Ljava/lang/Object;)Z @ 5 c2
Event: 5.437 Thread 0x00000218e60e4800 DEOPT PACKING pc=0x00000218d418395c sp=0x00000098af0fc610
Event: 5.437 Thread 0x00000218e60e4800 DEOPT UNPACKING pc=0x00000218cc5a83af sp=0x00000098af0fc5f8 mode 2

Classes redefined (0 events):
No events

Internal exceptions (20 events):
Event: 3.464 Thread 0x00000218e60e4800 Exception <a 'java/lang/NoSuchMethodError'{0x00000000870b27c8}: 'void java.lang.invoke.DelegatingMethodHandle$Holder.reinvoke_L(java.lang.Object, java.lang.Object, java.lang.Object, java.lang.Object)'> (0x00000000870b27c8) thrown at [./src/hotspot/share/interpreter/linkResolver.cpp, line 773]
Event: 3.475 Thread 0x00000218e60e4800 Exception <a 'java/lang/NoSuchMethodError'{0x00000000870e37a8}: 'long java.lang.invoke.DirectMethodHandle$Holder.invokeInterface(java.lang.Object, java.lang.Object)'> (0x00000000870e37a8) thrown at [./src/hotspot/share/interpreter/linkResolver.cpp, line 773]
Event: 3.481 Thread 0x00000218e60e4800 Exception <a 'java/lang/NoSuchMethodError'{0x0000000086f07318}: 'void java.lang.invoke.DelegatingMethodHandle$Holder.reinvoke_L(java.lang.Object, java.lang.Object, java.lang.Object, java.lang.Object, java.lang.Object, java.lang.Object, java.lang.Object)'> (0x0000000086f07318) thrown at [./src/hotspot/share/interpreter/linkResolver.cpp, line 773]
Event: 4.017 Thread 0x00000218e60e4800 Exception <a 'java/lang/NoSuchMethodError'{0x00000000857a6a50}: 'void java.lang.invoke.DirectMethodHandle$Holder.invokeStaticInit(java.lang.Object)'> (0x00000000857a6a50) thrown at [./src/hotspot/share/interpreter/linkResolver.cpp, line 773]
Event: 4.103 Thread 0x00000218e60e4800 Exception <a 'java/lang/NoSuchMethodError'{0x00000000855c6c38}: 'java.lang.Object java.lang.invoke.DirectMethodHandle$Holder.invokeStatic(java.lang.Object, java.lang.Object, java.lang.Object, int)'> (0x00000000855c6c38) thrown at [./src/hotspot/share/interpreter/linkResolver.cpp, line 773]
Event: 4.104 Thread 0x00000218e60e4800 Exception <a 'java/lang/NoSuchMethodError'{0x00000000855cb0a8}: 'java.lang.Object java.lang.invoke.DirectMethodHandle$Holder.invokeSpecial(java.lang.Object, java.lang.Object, java.lang.Object, java.lang.Object, int)'> (0x00000000855cb0a8) thrown at [./src/hotspot/share/interpreter/linkResolver.cpp, line 773]
Event: 4.105 Thread 0x00000218e60e4800 Exception <a 'java/lang/NoSuchMethodError'{0x00000000855ced38}: 'java.lang.Object java.lang.invoke.Invokers$Holder.linkToTargetMethod(java.lang.Object, java.lang.Object, int, java.lang.Object)'> (0x00000000855ced38) thrown at [./src/hotspot/share/interpreter/linkResolver.cpp, line 773]
Event: 4.290 Thread 0x00000218e60e4800 Exception <a 'java/lang/NoSuchMethodError'{0x0000000087cd8ae0}: 'int java.lang.invoke.DirectMethodHandle$Holder.invokeSpecialIFC(java.lang.Object, java.lang.Object, java.lang.Object, java.lang.Object)'> (0x0000000087cd8ae0) thrown at [./src/hotspot/share/interpreter/linkResolver.cpp, line 773]
Event: 4.294 Thread 0x00000218e60e4800 Exception <a 'java/lang/NoSuchMethodError'{0x0000000087ce6a98}: 'java.lang.Object java.lang.invoke.DirectMethodHandle$Holder.invokeInterface(java.lang.Object, java.lang.Object, java.lang.Object)'> (0x0000000087ce6a98) thrown at [./src/hotspot/share/interpreter/linkResolver.cpp, line 773]
Event: 4.295 Thread 0x00000218e60e4800 Exception <a 'java/lang/IncompatibleClassChangeError'{0x0000000087cea200}: Found class java.lang.Object, but interface was expected> (0x0000000087cea200) thrown at [./src/hotspot/share/interpreter/linkResolver.cpp, line 839]
Event: 4.363 Thread 0x00000218e60e4800 Exception <a 'java/lang/NoSuchMethodError'{0x0000000087914740}: 'void java.lang.invoke.DirectMethodHandle$Holder.invokeStatic(java.lang.Object, java.lang.Object, java.lang.Object, java.lang.Object, java.lang.Object)'> (0x0000000087914740) thrown at [./src/hotspot/share/interpreter/linkResolver.cpp, line 773]
Event: 4.543 Thread 0x00000218e60e4800 Exception <a 'java/lang/NoSuchMethodError'{0x0000000087215e78}: 'java.lang.Object java.lang.invoke.DirectMethodHandle$Holder.invokeSpecial(java.lang.Object, java.lang.Object, java.lang.Object, java.lang.Object, java.lang.Object, java.lang.Object, java.lang.Object, java.lang.Object, java.lang.Object)'> (0x0000000087215e78) thrown at [./src/hotspot/share/interpreter/linkResolver.cpp, line 773]
Event: 4.705 Thread 0x00000218e60e4800 Exception <a 'java/lang/NoSuchMethodError'{0x00000000869a03b8}: 'java.lang.Object java.lang.invoke.DirectMethodHandle$Holder.invokeVirtual(java.lang.Object, java.lang.Object, java.lang.Object, java.lang.Object)'> (0x00000000869a03b8) thrown at [./src/hotspot/share/interpreter/linkResolver.cpp, line 773]
Event: 4.885 Thread 0x00000218e60e4800 Exception <a 'java/lang/NoSuchMethodError'{0x00000000862479e0}: 'void java.lang.invoke.DirectMethodHandle$Holder.invokeSpecial(java.lang.Object, java.lang.Object, java.lang.Object, java.lang.Object, java.lang.Object, java.lang.Object)'> (0x00000000862479e0) thrown at [./src/hotspot/share/interpreter/linkResolver.cpp, line 773]
Event: 4.905 Thread 0x00000218e60e4800 Exception <a 'java/lang/NoSuchMethodError'{0x00000000862b6bf0}: 'void java.lang.invoke.DirectMethodHandle$Holder.invokeSpecial(java.lang.Object, java.lang.Object, java.lang.Object, java.lang.Object, java.lang.Object, java.lang.Object, java.lang.Object)'> (0x00000000862b6bf0) thrown at [./src/hotspot/share/interpreter/linkResolver.cpp, line 773]
Event: 4.906 Thread 0x00000218e60e4800 Exception <a 'java/lang/NoSuchMethodError'{0x00000000862bf0e0}: 'java.lang.Object java.lang.invoke.Invokers$Holder.linkToTargetMethod(java.lang.Object, java.lang.Object, java.lang.Object, java.lang.Object, java.lang.Object, java.lang.Object)'> (0x00000000862bf0e0) thrown at [./src/hotspot/share/interpreter/linkResolver.cpp, line 773]
Event: 5.083 Thread 0x00000218e60e4800 Exception <a 'java/lang/NoSuchMethodError'{0x00000000859ed660}: 'int java.lang.invoke.DirectMethodHandle$Holder.invokeStaticInit(java.lang.Object, java.lang.Object, java.lang.Object)'> (0x00000000859ed660) thrown at [./src/hotspot/share/interpreter/linkResolver.cpp, line 773]
Event: 5.235 Thread 0x00000218e60e4800 Exception <a 'java/lang/NoSuchMethodError'{0x0000000085321400}: 'void java.lang.invoke.DirectMethodHandle$Holder.invokeStaticInit(java.lang.Object, java.lang.Object)'> (0x0000000085321400) thrown at [./src/hotspot/share/interpreter/linkResolver.cpp, line 773]
Event: 5.418 Thread 0x00000218e60e4800 Exception <a 'java/lang/NoSuchMethodError'{0x0000000084e526c0}: 'void java.lang.invoke.DirectMethodHandle$Holder.invokeStatic(java.lang.Object, java.lang.Object, java.lang.Object, java.lang.Object)'> (0x0000000084e526c0) thrown at [./src/hotspot/share/interpreter/linkResolver.cpp, line 773]
Event: 5.422 Thread 0x00000218e60e4800 Exception <a 'java/lang/NoSuchMethodError'{0x0000000084e660e0}: 'int java.lang.invoke.DirectMethodHandle$Holder.invokeInterface(java.lang.Object, java.lang.Object)'> (0x0000000084e660e0) thrown at [./src/hotspot/share/interpreter/linkResolver.cpp, line 773]

Events (20 events):
Event: 5.525 loading class org/gradle/api/internal/artifacts/transform/DefaultTransformedVariantFactory$VariantKey done
Event: 5.527 loading class org/gradle/api/internal/artifacts/transform/DefaultTransformedVariantFactory$VariantWithUpstreamDependenciesKey
Event: 5.527 loading class org/gradle/api/internal/artifacts/transform/DefaultTransformedVariantFactory$VariantWithUpstreamDependenciesKey done
Event: 5.529 loading class org/gradle/api/internal/artifacts/DefaultDependencyManagementServices$DefaultDependencyResolutionServices
Event: 5.529 loading class org/gradle/api/internal/artifacts/DefaultDependencyManagementServices$DefaultDependencyResolutionServices done
Event: 5.531 loading class org/gradle/api/internal/initialization/DefaultScriptHandler
Event: 5.531 loading class org/gradle/api/internal/initialization/DefaultScriptHandler done
Event: 5.533 loading class org/gradle/internal/resource/UriTextResource$UriResourceLocation
Event: 5.533 loading class org/gradle/internal/resource/UriTextResource$UriResourceLocation done
Event: 5.534 loading class org/gradle/internal/resource/transport/file/FileConnectorFactory
Event: 5.534 loading class org/gradle/internal/resource/transport/file/FileConnectorFactory done
Event: 5.536 loading class org/gradle/internal/resource/transport/http/DefaultSslContextFactory
Event: 5.536 loading class org/gradle/internal/resource/transport/http/DefaultSslContextFactory done
Event: 5.538 loading class org/gradle/internal/resource/transport/http/DefaultSslContextFactory$SynchronizedSystemPropertiesCacheLoader
Event: 5.538 loading class org/gradle/internal/resource/transport/http/DefaultSslContextFactory$SynchronizedSystemPropertiesCacheLoader done
Event: 5.540 loading class org/gradle/internal/resource/transport/http/DefaultSslContextFactory$SslContextCacheLoader
Event: 5.540 loading class org/gradle/internal/resource/transport/http/DefaultSslContextFactory$SslContextCacheLoader done
Event: 5.542 loading class org/apache/http/ssl/SSLInitializationException
Event: 5.542 loading class org/apache/http/ssl/SSLInitializationException done
Event: 5.543 Executing VM operation: G1CollectForAllocation


Dynamic libraries:
0x00007ff6ec4e0000 - 0x00007ff6ec4ea000 	D:\Program Files\Android\jre\bin\java.exe
0x00007ff844d80000 - 0x00007ff844f70000 	C:\Windows\SYSTEM32\ntdll.dll
0x00007ff844600000 - 0x00007ff8446b2000 	C:\Windows\System32\KERNEL32.DLL
0x00007ff842740000 - 0x00007ff8429e3000 	C:\Windows\System32\KERNELBASE.dll
0x00007ff842ad0000 - 0x00007ff842bca000 	C:\Windows\System32\ucrtbase.dll
0x00007ff83e200000 - 0x00007ff83e219000 	D:\Program Files\Android\jre\bin\jli.dll
0x00007ff822e40000 - 0x00007ff822e57000 	D:\Program Files\Android\jre\bin\VCRUNTIME140.dll
0x00007ff842e70000 - 0x00007ff843004000 	C:\Windows\System32\USER32.dll
0x00007ff841ea0000 - 0x00007ff841ec1000 	C:\Windows\System32\win32u.dll
0x00007ff82e760000 - 0x00007ff82e9e5000 	C:\Windows\WinSxS\amd64_microsoft.windows.common-controls_6595b64144ccf1df_6.0.18362.535_none_e6c3b34713100821\COMCTL32.dll
0x00007ff843bf0000 - 0x00007ff843c8e000 	C:\Windows\System32\msvcrt.dll
0x00007ff8439a0000 - 0x00007ff8439c6000 	C:\Windows\System32\GDI32.dll
0x00007ff8448e0000 - 0x00007ff844c16000 	C:\Windows\System32\combase.dll
0x00007ff842cd0000 - 0x00007ff842e64000 	C:\Windows\System32\gdi32full.dll
0x00007ff843870000 - 0x00007ff843990000 	C:\Windows\System32\RPCRT4.dll
0x00007ff842c30000 - 0x00007ff842cce000 	C:\Windows\System32\msvcp_win.dll
0x00007ff841f20000 - 0x00007ff841fa0000 	C:\Windows\System32\bcryptPrimitives.dll
0x00007ff8446c0000 - 0x00007ff8446ee000 	C:\Windows\System32\IMM32.DLL
0x00007ff813fd0000 - 0x00007ff81406d000 	D:\Program Files\Android\jre\bin\msvcp140.dll
0x00007ff806bb0000 - 0x00007ff807685000 	D:\Program Files\Android\jre\bin\server\jvm.dll
0x00007ff844750000 - 0x00007ff8447f3000 	C:\Windows\System32\ADVAPI32.dll
0x00007ff844230000 - 0x00007ff8442c7000 	C:\Windows\System32\sechost.dll
0x00007ff843010000 - 0x00007ff843018000 	C:\Windows\System32\PSAPI.DLL
0x00007ff83e2a0000 - 0x00007ff83e2a9000 	C:\Windows\SYSTEM32\WSOCK32.dll
0x00007ff83f4f0000 - 0x00007ff83f514000 	C:\Windows\SYSTEM32\WINMM.dll
0x00007ff83c3f0000 - 0x00007ff83c3fa000 	C:\Windows\SYSTEM32\VERSION.dll
0x00007ff843b00000 - 0x00007ff843b6f000 	C:\Windows\System32\WS2_32.dll
0x00007ff83f2e0000 - 0x00007ff83f30d000 	C:\Windows\SYSTEM32\WINMMBASE.dll
0x00007ff841ed0000 - 0x00007ff841f1a000 	C:\Windows\System32\cfgmgr32.dll
0x00007ff841ca0000 - 0x00007ff841cb1000 	C:\Windows\System32\kernel.appcore.dll
0x00007ff83e280000 - 0x00007ff83e291000 	D:\Program Files\Android\jre\bin\verify.dll
0x00007ff8405b0000 - 0x00007ff8407a4000 	C:\Windows\SYSTEM32\DBGHELP.DLL
0x00007ff82d000000 - 0x00007ff82d02a000 	C:\Windows\SYSTEM32\dbgcore.DLL
0x00007ff83e250000 - 0x00007ff83e279000 	D:\Program Files\Android\jre\bin\java.dll
0x00007ff83d240000 - 0x00007ff83d24b000 	D:\Program Files\Android\jre\bin\jimage.dll
0x00007ff83d220000 - 0x00007ff83d238000 	D:\Program Files\Android\jre\bin\zip.dll
0x00007ff843040000 - 0x00007ff843725000 	C:\Windows\System32\SHELL32.dll
0x00007ff843c90000 - 0x00007ff843d39000 	C:\Windows\System32\shcore.dll
0x00007ff841fc0000 - 0x00007ff84273f000 	C:\Windows\System32\windows.storage.dll
0x00007ff841d30000 - 0x00007ff841d4f000 	C:\Windows\System32\profapi.dll
0x00007ff841ce0000 - 0x00007ff841d2a000 	C:\Windows\System32\powrprof.dll
0x00007ff841c90000 - 0x00007ff841ca0000 	C:\Windows\System32\UMPDC.dll
0x00007ff843aa0000 - 0x00007ff843af2000 	C:\Windows\System32\shlwapi.dll
0x00007ff841fa0000 - 0x00007ff841fb7000 	C:\Windows\System32\cryptsp.dll
0x00007ff83d1d0000 - 0x00007ff83d1ea000 	D:\Program Files\Android\jre\bin\net.dll
0x00007ff832fb0000 - 0x00007ff8330a0000 	C:\Windows\SYSTEM32\WINHTTP.dll
0x00007ff841500000 - 0x00007ff841567000 	C:\Windows\system32\mswsock.dll
0x00007ff83aaf0000 - 0x00007ff83ab04000 	D:\Program Files\Android\jre\bin\nio.dll
0x00007ff8231f0000 - 0x00007ff823217000 	D:\ProgramsfilesD\Android\Sdk\native\e1d6ef7f7dcc3fd88c89a11ec53ec762bb8ba0a96d01ffa2cd45eb1d1d8dd5c5\windows-amd64\native-platform.dll
0x00007ff813e80000 - 0x00007ff813fc4000 	D:\ProgramsfilesD\Android\Sdk\native\5664cfc778a61ccfe75a443a1ab52a65af34e5dc3c78e0209fed803814484fcb\windows-amd64\native-platform-file-events.dll
0x00007ff83aae0000 - 0x00007ff83aaea000 	D:\Program Files\Android\jre\bin\management.dll
0x00007ff838390000 - 0x00007ff83839d000 	D:\Program Files\Android\jre\bin\management_ext.dll
0x00007ff841070000 - 0x00007ff8410a3000 	C:\Windows\system32\rsaenh.dll
0x00007ff842aa0000 - 0x00007ff842ac6000 	C:\Windows\System32\bcrypt.dll
0x00007ff841b80000 - 0x00007ff841ba5000 	C:\Windows\SYSTEM32\USERENV.dll
0x00007ff8416d0000 - 0x00007ff8416dc000 	C:\Windows\SYSTEM32\CRYPTBASE.dll
0x00007ff841210000 - 0x00007ff84124a000 	C:\Windows\SYSTEM32\IPHLPAPI.DLL
0x00007ff844800000 - 0x00007ff844808000 	C:\Windows\System32\NSI.dll
0x00007ff838430000 - 0x00007ff838446000 	C:\Windows\SYSTEM32\dhcpcsvc6.DLL
0x00007ff83a2d0000 - 0x00007ff83a2ec000 	C:\Windows\SYSTEM32\dhcpcsvc.DLL
0x00007ff841250000 - 0x00007ff84131a000 	C:\Windows\SYSTEM32\DNSAPI.dll

dbghelp: loaded successfully - version: 4.0.5 - missing functions: none
symbol engine: initialized successfully - sym options: 0x614 - pdb path: .;D:\Program Files\Android\jre\bin;C:\Windows\SYSTEM32;C:\Windows\WinSxS\amd64_microsoft.windows.common-controls_6595b64144ccf1df_6.0.18362.535_none_e6c3b34713100821;D:\Program Files\Android\jre\bin\server;D:\ProgramsfilesD\Android\Sdk\native\e1d6ef7f7dcc3fd88c89a11ec53ec762bb8ba0a96d01ffa2cd45eb1d1d8dd5c5\windows-amd64;D:\ProgramsfilesD\Android\Sdk\native\5664cfc778a61ccfe75a443a1ab52a65af34e5dc3c78e0209fed803814484fcb\windows-amd64

VM Arguments:
jvm_args: --add-opens=java.base/java.util=ALL-UNNAMED --add-opens=java.base/java.lang=ALL-UNNAMED --add-opens=java.base/java.lang.invoke=ALL-UNNAMED --add-opens=java.base/java.util=ALL-UNNAMED --add-opens=java.prefs/java.util.prefs=ALL-UNNAMED --add-opens=java.prefs/java.util.prefs=ALL-UNNAMED --add-opens=java.base/java.nio.charset=ALL-UNNAMED --add-opens=java.base/java.net=ALL-UNNAMED --add-opens=java.base/java.util.concurrent.atomic=ALL-UNNAMED -Xmx2048m -Dfile.encoding=UTF-8 -Duser.country=RU -Duser.language=ru -Duser.variant 
java_command: org.gradle.launcher.daemon.bootstrap.GradleDaemon 7.2
java_class_path (initial): D:\ProgramsfilesD\Android\Sdk\wrapper\dists\gradle-7.2-bin\2dnblmf4td7x66yl1d74lt32g\gradle-7.2\lib\gradle-launcher-7.2.jar
Launcher Type: SUN_STANDARD

[Global flags]
     intx CICompilerCount                          = 4                                         {product} {ergonomic}
     uint ConcGCThreads                            = 2                                         {product} {ergonomic}
     uint G1ConcRefinementThreads                  = 8                                         {product} {ergonomic}
   size_t G1HeapRegionSize                         = 1048576                                   {product} {ergonomic}
    uintx GCDrainStackTargetSize                   = 64                                        {product} {ergonomic}
   size_t InitialHeapSize                          = 132120576                                 {product} {ergonomic}
   size_t MarkStackSize                            = 4194304                                   {product} {ergonomic}
   size_t MaxHeapSize                              = 2147483648                                {product} {command line}
   size_t MaxNewSize                               = 1287651328                                {product} {ergonomic}
   size_t MinHeapDeltaBytes                        = 1048576                                   {product} {ergonomic}
    uintx NonNMethodCodeHeapSize                   = 5836300                                {pd product} {ergonomic}
    uintx NonProfiledCodeHeapSize                  = 122910970                              {pd product} {ergonomic}
    uintx ProfiledCodeHeapSize                     = 122910970                              {pd product} {ergonomic}
    uintx ReservedCodeCacheSize                    = 251658240                              {pd product} {ergonomic}
     bool SegmentedCodeCache                       = true                                      {product} {ergonomic}
     bool UseCompressedClassPointers               = true                                 {lp64_product} {ergonomic}
     bool UseCompressedOops                        = true                                 {lp64_product} {ergonomic}
     bool UseG1GC                                  = true                                      {product} {ergonomic}
     bool UseLargePagesIndividualAllocation        = false                                  {pd product} {ergonomic}

Logging:
Log output configuration:
 #0: stdout all=warning uptime,level,tags
 #1: stderr all=off uptime,level,tags

Environment Variables:
JAVA_HOME=D:\Program Files\Java
PATH=C:\PROGRA~2\Borland\CBUILD~1\Bin;C:\PROGRA~2\Borland\CBUILD~1\Projects\Bpl;C:\Program Files\Common Files\Oracle\Java\javapath;C:\Windows\system32;C:\Windows;C:\Windows\System32\Wbem;C:\Windows\System32\WindowsPowerShell\v1.0\;C:\Program Files (x86)\NVIDIA Corporation\PhysX\Common;C:\Program Files\NVIDIA Corporation\NVIDIA NvDLISR;C:\Program Files\Microsoft\Web Platform Installer\;C:\Program Files (x86)\Microsoft ASP.NET\ASP.NET Web Pages\v1.0\;C:\Program Files\Microsoft SQL Server\110\Tools\Binn\;C:\Program Files\Git\cmd;C:\Users\asus\AppData\Local\Programs\Python\Python310\Scripts\;C:\Users\asus\AppData\Local\Programs\Python\Python310\;C:\Users\asus\AppData\Local\Microsoft\WindowsApps;;D:\Program Files\JetBrains\IntelliJ IDEA Community Edition 2020.3\bin;
USERNAME=asus
OS=Windows_NT
PROCESSOR_IDENTIFIER=Intel64 Family 6 Model 126 Stepping 5, GenuineIntel



---------------  S Y S T E M  ---------------

OS: Windows 10 , 64 bit Build 18362 (10.0.18362.329)
OS uptime: 0 days 0:26 hours

CPU:total 8 (initial active 8) (4 cores per cpu, 2 threads per core) family 6 model 126 stepping 5 microcode 0x96, cmov, cx8, fxsr, mmx, sse, sse2, sse3, ssse3, sse4.1, sse4.2, popcnt, avx, avx2, aes, clmul, erms, 3dnowpref, lzcnt, ht, tsc, tscinvbit, bmi1, bmi2, adx, evex, sha, fma

Memory: 4k page, system-wide physical 7997M (896M free)
TotalPageFile size 7997M (AvailPageFile size 19M)
current process WorkingSet (physical memory assigned to process): 197M, peak: 197M
current process commit charge ("private bytes"): 289M, peak: 313M

vm_info: OpenJDK 64-Bit Server VM (11.0.11+9-b60-7590822) for windows-amd64 JRE (11.0.11+9-b60-7590822), built on Jul 29 2021 21:43:44 by "builder" with MS VC++ 14.0 (VS2015)

END.
